<?xml version="1.0" encoding="UTF-8"?>
<testsuites name="Internal_Task" time="174" tests="1" failures="2" errors="0">
   <testsuite name="Internal_Task" tests="1" failures="2" errors="0" time="174" timestamp="2019-01-23 14:16:59" hostname="pashine_a - Abhishek-Pashine.India.XoriantCorp.com" id="Test Suites/Internal_Task">
      <properties>
         <property name="deviceName" value=""/>
         <property name="devicePlatform" value=""/>
         <property name="logFolder" value="D:\\Git Data\\SafetyChain-Test-Automation-Katalon\\Reports\\Internal_Task\\20190123_141653"/>
         <property name="logFiles" value="D:\\Git Data\\SafetyChain-Test-Automation-Katalon\\Reports\\Internal_Task\\20190123_141653\\execution0.log"/>
         <property name="attachments" value="D:\\Git Data\\SafetyChain-Test-Automation-Katalon\\Reports\\Internal_Task\\20190123_141653\\1548233284070.png, D:\\Git Data\\SafetyChain-Test-Automation-Katalon\\Reports\\Internal_Task\\20190123_141653\\1548233393040.png"/>
         <property name="hostName" value="pashine_a - Abhishek-Pashine.India.XoriantCorp.com"/>
         <property name="os" value="Windows 7 64bit"/>
         <property name="katalonVersion" value="5.10.1.1"/>
         <property name="browser" value="Chrome 71.0.3578.98"/>
         <property name="hostAddress" value="10.21.7.147"/>
         <property name="sessionId" value="04c3d73086bc4c716a6667f41ff85718"/>
         <property name="seleniumVersion" value="3.7.1"/>
         <property name="proxyInformation" value="ProxyInformation{proxyOption=NO_PROXY, proxyServerType=HTTP, password=, proxyServerAddress=, proxyServerPort=0}"/>
         <property name="platform" value="Windows 7"/>
      </properties>
      <testcase name="Test Cases/Internal_TaskManagement/1_CreateForm" classname="Test Cases/Internal_TaskManagement/1_CreateForm" status="FAILED">
         <failure type="FAILED" message="Test Cases/Internal_TaskManagement/1_CreateForm FAILED.
Reason:
com.kms.katalon.core.exception.StepFailedException: Unable to click on object 'Object Repository/Form_Selection_Creation/openResType' (Root cause: org.openqa.selenium.WebDriverException: unknown error: Element &lt;span title=&quot;&quot; class=&quot;k-widget k-dropdown k-header&quot; unselectable=&quot;on&quot; role=&quot;listbox&quot; aria-haspopup=&quot;true&quot; aria-expanded=&quot;false&quot; tabindex=&quot;0&quot; aria-owns=&quot;scs-product-dropdown_listbox&quot; aria-disabled=&quot;false&quot; style=&quot;&quot; aria-busy=&quot;false&quot; aria-activedescendant=&quot;885a053d-6aa8-49ee-8cfc-8a6b051dc3b4&quot;>...&lt;/span> is not clickable at point (125, 163). Other element would receive the click: &lt;div class=&quot;k-loading-image&quot;>&lt;/div>
  (Session info: chrome=71.0.3578.98)
  (Driver info: chromedriver=2.43.600210 (68dcf5eebde37173d4027fa8635e332711d2874a),platform=Windows NT 6.1.7601 SP1 x86_64) (WARNING: The server did not provide any stacktrace information)
Command duration or timeout: 0 milliseconds
Build info: version: '3.7.1', revision: '8a0099a', time: '2017-11-06T21:07:36.161Z'
System info: host: 'ABHISHEK-PASHIN', ip: '10.21.7.147', os.name: 'Windows 7', os.arch: 'amd64', os.version: '6.1', java.version: '1.8.0_181'
Driver info: com.kms.katalon.selenium.driver.CChromeDriver
Capabilities {acceptInsecureCerts: false, acceptSslCerts: false, applicationCacheEnabled: false, browserConnectionEnabled: false, browserName: chrome, chrome: {chromedriverVersion: 2.43.600210 (68dcf5eebde371..., userDataDir: C:\Users\PASHIN~1\AppData\L...}, cssSelectorsEnabled: true, databaseEnabled: false, goog:chromeOptions: {debuggerAddress: localhost:61965}, handlesAlerts: true, hasTouchScreen: false, javascriptEnabled: true, locationContextEnabled: true, mobileEmulationEnabled: false, nativeEvents: true, networkConnectionEnabled: false, pageLoadStrategy: normal, platform: XP, platformName: XP, rotatable: false, setWindowRect: true, takesHeapSnapshot: true, takesScreenshot: true, unexpectedAlertBehaviour: , unhandledPromptBehavior: , version: 71.0.3578.98, webStorageEnabled: true}
Session ID: 04c3d73086bc4c716a6667f41ff85718)
	at com.kms.katalon.core.keyword.internal.KeywordMain.stepFailed(KeywordMain.groovy:36)
	at com.kms.katalon.core.webui.keyword.internal.WebUIKeywordMain.stepFailed(WebUIKeywordMain.groovy:65)
	at com.kms.katalon.core.webui.keyword.internal.WebUIKeywordMain.runKeyword(WebUIKeywordMain.groovy:27)
	at com.kms.katalon.core.webui.keyword.builtin.ClickKeyword.click(ClickKeyword.groovy:86)
	at com.kms.katalon.core.webui.keyword.builtin.ClickKeyword.execute(ClickKeyword.groovy:67)
	at com.kms.katalon.core.keyword.internal.KeywordExecutor.executeKeywordForPlatform(KeywordExecutor.groovy:53)
	at com.kms.katalon.core.webui.keyword.WebUiBuiltInKeywords.click(WebUiBuiltInKeywords.groovy:616)
	at com.kms.katalon.core.webui.keyword.WebUiBuiltInKeywords$click$2.call(Unknown Source)
	at 1_CreateForm.run(1_CreateForm:51)
	at com.kms.katalon.core.main.ScriptEngine.run(ScriptEngine.java:194)
	at com.kms.katalon.core.main.ScriptEngine.runScriptAsRawText(ScriptEngine.java:119)
	at com.kms.katalon.core.main.TestCaseExecutor.runScript(TestCaseExecutor.java:328)
	at com.kms.katalon.core.main.TestCaseExecutor.doExecute(TestCaseExecutor.java:319)
	at com.kms.katalon.core.main.TestCaseExecutor.processExecutionPhase(TestCaseExecutor.java:298)
	at com.kms.katalon.core.main.TestCaseExecutor.accessMainPhase(TestCaseExecutor.java:290)
	at com.kms.katalon.core.main.TestCaseExecutor.execute(TestCaseExecutor.java:224)
	at com.kms.katalon.core.main.TestSuiteExecutor.accessTestCaseMainPhase(TestSuiteExecutor.java:129)
	at com.kms.katalon.core.main.TestSuiteExecutor.accessTestSuiteMainPhase(TestSuiteExecutor.java:112)
	at com.kms.katalon.core.main.TestSuiteExecutor.execute(TestSuiteExecutor.java:81)
	at com.kms.katalon.core.main.TestCaseMain.startTestSuite(TestCaseMain.java:149)
	at com.kms.katalon.core.main.TestCaseMain$startTestSuite$0.call(Unknown Source)
	at TempTestSuite1548233213418.run(TempTestSuite1548233213418.groovy:36)
"/>
         <system-out><![CDATA[2019-01-23 14:16:59 - [TEST_CASE][FAILED] - Test Cases/Internal_TaskManagement/1_CreateForm: Test Cases/Internal_TaskManagement/1_CreateForm FAILED.
Reason:
com.kms.katalon.core.exception.StepFailedException: Unable to click on object 'Object Repository/Form_Selection_Creation/openResType' (Root cause: org.openqa.selenium.WebDriverException: unknown error: Element <span title="" class="k-widget k-dropdown k-header" unselectable="on" role="listbox" aria-haspopup="true" aria-expanded="false" tabindex="0" aria-owns="scs-product-dropdown_listbox" aria-disabled="false" style="" aria-busy="false" aria-activedescendant="885a053d-6aa8-49ee-8cfc-8a6b051dc3b4">...</span> is not clickable at point (125, 163). Other element would receive the click: <div class="k-loading-image"></div>
  (Session info: chrome=71.0.3578.98)
  (Driver info: chromedriver=2.43.600210 (68dcf5eebde37173d4027fa8635e332711d2874a),platform=Windows NT 6.1.7601 SP1 x86_64) (WARNING: The server did not provide any stacktrace information)
Command duration or timeout: 0 milliseconds
Build info: version: '3.7.1', revision: '8a0099a', time: '2017-11-06T21:07:36.161Z'
System info: host: 'ABHISHEK-PASHIN', ip: '10.21.7.147', os.name: 'Windows 7', os.arch: 'amd64', os.version: '6.1', java.version: '1.8.0_181'
Driver info: com.kms.katalon.selenium.driver.CChromeDriver
Capabilities {acceptInsecureCerts: false, acceptSslCerts: false, applicationCacheEnabled: false, browserConnectionEnabled: false, browserName: chrome, chrome: {chromedriverVersion: 2.43.600210 (68dcf5eebde371..., userDataDir: C:\Users\PASHIN~1\AppData\L...}, cssSelectorsEnabled: true, databaseEnabled: false, goog:chromeOptions: {debuggerAddress: localhost:61965}, handlesAlerts: true, hasTouchScreen: false, javascriptEnabled: true, locationContextEnabled: true, mobileEmulationEnabled: false, nativeEvents: true, networkConnectionEnabled: false, pageLoadStrategy: normal, platform: XP, platformName: XP, rotatable: false, setWindowRect: true, takesHeapSnapshot: true, takesScreenshot: true, unexpectedAlertBehaviour: , unhandledPromptBehavior: , version: 71.0.3578.98, webStorageEnabled: true}
Session ID: 04c3d73086bc4c716a6667f41ff85718)
	at com.kms.katalon.core.keyword.internal.KeywordMain.stepFailed(KeywordMain.groovy:36)
	at com.kms.katalon.core.webui.keyword.internal.WebUIKeywordMain.stepFailed(WebUIKeywordMain.groovy:65)
	at com.kms.katalon.core.webui.keyword.internal.WebUIKeywordMain.runKeyword(WebUIKeywordMain.groovy:27)
	at com.kms.katalon.core.webui.keyword.builtin.ClickKeyword.click(ClickKeyword.groovy:86)
	at com.kms.katalon.core.webui.keyword.builtin.ClickKeyword.execute(ClickKeyword.groovy:67)
	at com.kms.katalon.core.keyword.internal.KeywordExecutor.executeKeywordForPlatform(KeywordExecutor.groovy:53)
	at com.kms.katalon.core.webui.keyword.WebUiBuiltInKeywords.click(WebUiBuiltInKeywords.groovy:616)
	at com.kms.katalon.core.webui.keyword.WebUiBuiltInKeywords$click$2.call(Unknown Source)
	at 1_CreateForm.run(1_CreateForm:51)
	at com.kms.katalon.core.main.ScriptEngine.run(ScriptEngine.java:194)
	at com.kms.katalon.core.main.ScriptEngine.runScriptAsRawText(ScriptEngine.java:119)
	at com.kms.katalon.core.main.TestCaseExecutor.runScript(TestCaseExecutor.java:328)
	at com.kms.katalon.core.main.TestCaseExecutor.doExecute(TestCaseExecutor.java:319)
	at com.kms.katalon.core.main.TestCaseExecutor.processExecutionPhase(TestCaseExecutor.java:298)
	at com.kms.katalon.core.main.TestCaseExecutor.accessMainPhase(TestCaseExecutor.java:290)
	at com.kms.katalon.core.main.TestCaseExecutor.execute(TestCaseExecutor.java:224)
	at com.kms.katalon.core.main.TestSuiteExecutor.accessTestCaseMainPhase(TestSuiteExecutor.java:129)
	at com.kms.katalon.core.main.TestSuiteExecutor.accessTestSuiteMainPhase(TestSuiteExecutor.java:112)
	at com.kms.katalon.core.main.TestSuiteExecutor.execute(TestSuiteExecutor.java:81)
	at com.kms.katalon.core.main.TestCaseMain.startTestSuite(TestCaseMain.java:149)
	at com.kms.katalon.core.main.TestCaseMain$startTestSuite$0.call(Unknown Source)
	at TempTestSuite1548233213418.run(TempTestSuite1548233213418.groovy:36)


2019-01-23 14:17:00 - [TEST_STEP][PASSED] - openBrowser(URL): Browser is opened with url: 'http://test1.stage.safetychain.com/'

2019-01-23 14:17:00 - [MESSAGE][INFO] - Starting 'Chrome' driver

2019-01-23 14:17:00 - [MESSAGE][INFO] - Action delay is set to 0 seconds

2019-01-23 14:17:36 - [MESSAGE][PASSED] - Browser is opened with url: 'http://test1.stage.safetychain.com/'

2019-01-23 14:17:36 - [TEST_STEP][PASSED] - maximizeWindow(): Current window maximized

2019-01-23 14:17:37 - [MESSAGE][PASSED] - Current window maximized

2019-01-23 14:17:37 - [TEST_STEP][PASSED] - setText(findTestObject("Form_Selection_Creation/login_Username"), UserName): Text 'tester' is set on object 'Object Repository/Form_Selection_Creation/login_Username'

2019-01-23 14:17:41 - [MESSAGE][PASSED] - Text 'tester' is set on object 'Object Repository/Form_Selection_Creation/login_Username'

2019-01-23 14:17:41 - [TEST_STEP][PASSED] - setText(findTestObject("Form_Selection_Creation/login_Password"), Password): Text '123#' is set on object 'Object Repository/Form_Selection_Creation/login_Password'

2019-01-23 14:17:41 - [MESSAGE][PASSED] - Text '123#' is set on object 'Object Repository/Form_Selection_Creation/login_Password'

2019-01-23 14:17:41 - [TEST_STEP][PASSED] - FormName.setData(): FormName.setData is PASSED

2019-01-23 14:17:42 - [MESSAGE][PASSED] - FormName.setData is PASSED

2019-01-23 14:17:42 - [TEST_STEP][PASSED] - click(findTestObject("Form_Selection_Creation/login_Button")): Object: 'Object Repository/Form_Selection_Creation/login_Button' is clicked on

2019-01-23 14:17:46 - [MESSAGE][PASSED] - Object: 'Object Repository/Form_Selection_Creation/login_Button' is clicked on

2019-01-23 14:17:46 - [TEST_STEP][PASSED] - Thread.sleep(3000): null

2019-01-23 14:17:49 - [TEST_STEP][PASSED] - click(findTestObject("Form_Selection_Creation/mainMenu_Button")): Object: 'Object Repository/Form_Selection_Creation/mainMenu_Button' is clicked on

2019-01-23 14:17:55 - [MESSAGE][PASSED] - Object: 'Object Repository/Form_Selection_Creation/mainMenu_Button' is clicked on

2019-01-23 14:17:55 - [TEST_STEP][PASSED] - click(findTestObject("Form_Selection_Creation/mainMenu_AdminTools")): Object: 'Object Repository/Form_Selection_Creation/mainMenu_AdminTools' is clicked on

2019-01-23 14:17:55 - [MESSAGE][PASSED] - Object: 'Object Repository/Form_Selection_Creation/mainMenu_AdminTools' is clicked on

2019-01-23 14:17:55 - [TEST_STEP][PASSED] - waitForElementVisible(findTestObject("Form_Selection_Creation/mainMenu_AdminTools_FormDesigner"), 45): Object 'Object Repository/Form_Selection_Creation/mainMenu_AdminTools_FormDesigner' is visible

2019-01-23 14:17:56 - [MESSAGE][PASSED] - Object 'Object Repository/Form_Selection_Creation/mainMenu_AdminTools_FormDesigner' is visible

2019-01-23 14:17:56 - [TEST_STEP][PASSED] - click(findTestObject("Form_Selection_Creation/mainMenu_AdminTools_FormDesigner")): Object: 'Object Repository/Form_Selection_Creation/mainMenu_AdminTools_FormDesigner' is clicked on

2019-01-23 14:17:56 - [MESSAGE][PASSED] - Object: 'Object Repository/Form_Selection_Creation/mainMenu_AdminTools_FormDesigner' is clicked on

2019-01-23 14:17:56 - [TEST_STEP][PASSED] - Thread.sleep(2000): null

2019-01-23 14:17:58 - [TEST_STEP][PASSED] - AdminTool_Location.moveCursor(): AdminTool_Location.moveCursor is PASSED

2019-01-23 14:17:58 - [MESSAGE][PASSED] - AdminTool_Location.moveCursor is PASSED

2019-01-23 14:17:58 - [TEST_STEP][PASSED] - Thread.sleep(2000): null

2019-01-23 14:18:00 - [TEST_STEP][PASSED] - click(findTestObject("Form_Selection_Creation/selectQuestionaireForm")): Object: 'Object Repository/Form_Selection_Creation/selectQuestionaireForm' is clicked on

2019-01-23 14:18:00 - [MESSAGE][PASSED] - Object: 'Object Repository/Form_Selection_Creation/selectQuestionaireForm' is clicked on

2019-01-23 14:18:00 - [TEST_STEP][PASSED] - waitForElementVisible(findTestObject("Form_Selection_Creation/openResType"), 18): Object 'Object Repository/Form_Selection_Creation/openResType' is visible

2019-01-23 14:18:00 - [MESSAGE][PASSED] - Object 'Object Repository/Form_Selection_Creation/openResType' is visible

2019-01-23 14:18:00 - [TEST_STEP][PASSED] - Thread.sleep(3000): null

2019-01-23 14:18:03 - [TEST_STEP][FAILED] - click(findTestObject("Form_Selection_Creation/openResType")): click(findTestObject("Form_Selection_Creation/openResType")) FAILED.
Reason:
com.kms.katalon.core.exception.StepFailedException: Unable to click on object 'Object Repository/Form_Selection_Creation/openResType' (Root cause: org.openqa.selenium.WebDriverException: unknown error: Element <span title="" class="k-widget k-dropdown k-header" unselectable="on" role="listbox" aria-haspopup="true" aria-expanded="false" tabindex="0" aria-owns="scs-product-dropdown_listbox" aria-disabled="false" style="" aria-busy="false" aria-activedescendant="885a053d-6aa8-49ee-8cfc-8a6b051dc3b4">...</span> is not clickable at point (125, 163). Other element would receive the click: <div class="k-loading-image"></div>
  (Session info: chrome=71.0.3578.98)
  (Driver info: chromedriver=2.43.600210 (68dcf5eebde37173d4027fa8635e332711d2874a),platform=Windows NT 6.1.7601 SP1 x86_64) (WARNING: The server did not provide any stacktrace information)
Command duration or timeout: 0 milliseconds
Build info: version: '3.7.1', revision: '8a0099a', time: '2017-11-06T21:07:36.161Z'
System info: host: 'ABHISHEK-PASHIN', ip: '10.21.7.147', os.name: 'Windows 7', os.arch: 'amd64', os.version: '6.1', java.version: '1.8.0_181'
Driver info: com.kms.katalon.selenium.driver.CChromeDriver
Capabilities {acceptInsecureCerts: false, acceptSslCerts: false, applicationCacheEnabled: false, browserConnectionEnabled: false, browserName: chrome, chrome: {chromedriverVersion: 2.43.600210 (68dcf5eebde371..., userDataDir: C:\Users\PASHIN~1\AppData\L...}, cssSelectorsEnabled: true, databaseEnabled: false, goog:chromeOptions: {debuggerAddress: localhost:61965}, handlesAlerts: true, hasTouchScreen: false, javascriptEnabled: true, locationContextEnabled: true, mobileEmulationEnabled: false, nativeEvents: true, networkConnectionEnabled: false, pageLoadStrategy: normal, platform: XP, platformName: XP, rotatable: false, setWindowRect: true, takesHeapSnapshot: true, takesScreenshot: true, unexpectedAlertBehaviour: , unhandledPromptBehavior: , version: 71.0.3578.98, webStorageEnabled: true}
Session ID: 04c3d73086bc4c716a6667f41ff85718)
	at com.kms.katalon.core.keyword.internal.KeywordMain.stepFailed(KeywordMain.groovy:36)
	at com.kms.katalon.core.webui.keyword.internal.WebUIKeywordMain.stepFailed(WebUIKeywordMain.groovy:65)
	at com.kms.katalon.core.webui.keyword.internal.WebUIKeywordMain.runKeyword(WebUIKeywordMain.groovy:27)
	at com.kms.katalon.core.webui.keyword.builtin.ClickKeyword.click(ClickKeyword.groovy:86)
	at com.kms.katalon.core.webui.keyword.builtin.ClickKeyword.execute(ClickKeyword.groovy:67)
	at com.kms.katalon.core.keyword.internal.KeywordExecutor.executeKeywordForPlatform(KeywordExecutor.groovy:53)
	at com.kms.katalon.core.webui.keyword.WebUiBuiltInKeywords.click(WebUiBuiltInKeywords.groovy:616)
	at com.kms.katalon.core.webui.keyword.WebUiBuiltInKeywords$click$2.call(Unknown Source)
	at 1_CreateForm.run(1_CreateForm:51)
	at com.kms.katalon.core.main.ScriptEngine.run(ScriptEngine.java:194)
	at com.kms.katalon.core.main.ScriptEngine.runScriptAsRawText(ScriptEngine.java:119)
	at com.kms.katalon.core.main.TestCaseExecutor.runScript(TestCaseExecutor.java:328)
	at com.kms.katalon.core.main.TestCaseExecutor.doExecute(TestCaseExecutor.java:319)
	at com.kms.katalon.core.main.TestCaseExecutor.processExecutionPhase(TestCaseExecutor.java:298)
	at com.kms.katalon.core.main.TestCaseExecutor.accessMainPhase(TestCaseExecutor.java:290)
	at com.kms.katalon.core.main.TestCaseExecutor.execute(TestCaseExecutor.java:224)
	at com.kms.katalon.core.main.TestSuiteExecutor.accessTestCaseMainPhase(TestSuiteExecutor.java:129)
	at com.kms.katalon.core.main.TestSuiteExecutor.accessTestSuiteMainPhase(TestSuiteExecutor.java:112)
	at com.kms.katalon.core.main.TestSuiteExecutor.execute(TestSuiteExecutor.java:81)
	at com.kms.katalon.core.main.TestCaseMain.startTestSuite(TestCaseMain.java:149)
	at com.kms.katalon.core.main.TestCaseMain$startTestSuite$0.call(Unknown Source)
	at TempTestSuite1548233213418.run(TempTestSuite1548233213418.groovy:36)


2019-01-23 14:18:04 - [MESSAGE][FAILED] - Unable to click on object 'Object Repository/Form_Selection_Creation/openResType' (Root cause: org.openqa.selenium.WebDriverException: unknown error: Element <span title="" class="k-widget k-dropdown k-header" unselectable="on" role="listbox" aria-haspopup="true" aria-expanded="false" tabindex="0" aria-owns="scs-product-dropdown_listbox" aria-disabled="false" style="" aria-busy="false" aria-activedescendant="885a053d-6aa8-49ee-8cfc-8a6b051dc3b4">...</span> is not clickable at point (125, 163). Other element would receive the click: <div class="k-loading-image"></div>
  (Session info: chrome=71.0.3578.98)
  (Driver info: chromedriver=2.43.600210 (68dcf5eebde37173d4027fa8635e332711d2874a),platform=Windows NT 6.1.7601 SP1 x86_64) (WARNING: The server did not provide any stacktrace information)
Command duration or timeout: 0 milliseconds
Build info: version: '3.7.1', revision: '8a0099a', time: '2017-11-06T21:07:36.161Z'
System info: host: 'ABHISHEK-PASHIN', ip: '10.21.7.147', os.name: 'Windows 7', os.arch: 'amd64', os.version: '6.1', java.version: '1.8.0_181'
Driver info: com.kms.katalon.selenium.driver.CChromeDriver
Capabilities {acceptInsecureCerts: false, acceptSslCerts: false, applicationCacheEnabled: false, browserConnectionEnabled: false, browserName: chrome, chrome: {chromedriverVersion: 2.43.600210 (68dcf5eebde371..., userDataDir: C:\Users\PASHIN~1\AppData\L...}, cssSelectorsEnabled: true, databaseEnabled: false, goog:chromeOptions: {debuggerAddress: localhost:61965}, handlesAlerts: true, hasTouchScreen: false, javascriptEnabled: true, locationContextEnabled: true, mobileEmulationEnabled: false, nativeEvents: true, networkConnectionEnabled: false, pageLoadStrategy: normal, platform: XP, platformName: XP, rotatable: false, setWindowRect: true, takesHeapSnapshot: true, takesScreenshot: true, unexpectedAlertBehaviour: , unhandledPromptBehavior: , version: 71.0.3578.98, webStorageEnabled: true}
Session ID: 04c3d73086bc4c716a6667f41ff85718)
[[ATTACHMENT|D:\\Git Data\\SafetyChain-Test-Automation-Katalon\\Reports\\Internal_Task\\20190123_141653\\1548233284070.png]]

2019-01-23 14:18:04 - [MESSAGE][FAILED] - click(findTestObject("Form_Selection_Creation/openResType")) FAILED.
Reason:
com.kms.katalon.core.exception.StepFailedException: Unable to click on object 'Object Repository/Form_Selection_Creation/openResType' (Root cause: org.openqa.selenium.WebDriverException: unknown error: Element <span title="" class="k-widget k-dropdown k-header" unselectable="on" role="listbox" aria-haspopup="true" aria-expanded="false" tabindex="0" aria-owns="scs-product-dropdown_listbox" aria-disabled="false" style="" aria-busy="false" aria-activedescendant="885a053d-6aa8-49ee-8cfc-8a6b051dc3b4">...</span> is not clickable at point (125, 163). Other element would receive the click: <div class="k-loading-image"></div>
  (Session info: chrome=71.0.3578.98)
  (Driver info: chromedriver=2.43.600210 (68dcf5eebde37173d4027fa8635e332711d2874a),platform=Windows NT 6.1.7601 SP1 x86_64) (WARNING: The server did not provide any stacktrace information)
Command duration or timeout: 0 milliseconds
Build info: version: '3.7.1', revision: '8a0099a', time: '2017-11-06T21:07:36.161Z'
System info: host: 'ABHISHEK-PASHIN', ip: '10.21.7.147', os.name: 'Windows 7', os.arch: 'amd64', os.version: '6.1', java.version: '1.8.0_181'
Driver info: com.kms.katalon.selenium.driver.CChromeDriver
Capabilities {acceptInsecureCerts: false, acceptSslCerts: false, applicationCacheEnabled: false, browserConnectionEnabled: false, browserName: chrome, chrome: {chromedriverVersion: 2.43.600210 (68dcf5eebde371..., userDataDir: C:\Users\PASHIN~1\AppData\L...}, cssSelectorsEnabled: true, databaseEnabled: false, goog:chromeOptions: {debuggerAddress: localhost:61965}, handlesAlerts: true, hasTouchScreen: false, javascriptEnabled: true, locationContextEnabled: true, mobileEmulationEnabled: false, nativeEvents: true, networkConnectionEnabled: false, pageLoadStrategy: normal, platform: XP, platformName: XP, rotatable: false, setWindowRect: true, takesHeapSnapshot: true, takesScreenshot: true, unexpectedAlertBehaviour: , unhandledPromptBehavior: , version: 71.0.3578.98, webStorageEnabled: true}
Session ID: 04c3d73086bc4c716a6667f41ff85718)
	at com.kms.katalon.core.keyword.internal.KeywordMain.stepFailed(KeywordMain.groovy:36)
	at com.kms.katalon.core.webui.keyword.internal.WebUIKeywordMain.stepFailed(WebUIKeywordMain.groovy:65)
	at com.kms.katalon.core.webui.keyword.internal.WebUIKeywordMain.runKeyword(WebUIKeywordMain.groovy:27)
	at com.kms.katalon.core.webui.keyword.builtin.ClickKeyword.click(ClickKeyword.groovy:86)
	at com.kms.katalon.core.webui.keyword.builtin.ClickKeyword.execute(ClickKeyword.groovy:67)
	at com.kms.katalon.core.keyword.internal.KeywordExecutor.executeKeywordForPlatform(KeywordExecutor.groovy:53)
	at com.kms.katalon.core.webui.keyword.WebUiBuiltInKeywords.click(WebUiBuiltInKeywords.groovy:616)
	at com.kms.katalon.core.webui.keyword.WebUiBuiltInKeywords$click$2.call(Unknown Source)
	at 1_CreateForm.run(1_CreateForm:51)
	at com.kms.katalon.core.main.ScriptEngine.run(ScriptEngine.java:194)
	at com.kms.katalon.core.main.ScriptEngine.runScriptAsRawText(ScriptEngine.java:119)
	at com.kms.katalon.core.main.TestCaseExecutor.runScript(TestCaseExecutor.java:328)
	at com.kms.katalon.core.main.TestCaseExecutor.doExecute(TestCaseExecutor.java:319)
	at com.kms.katalon.core.main.TestCaseExecutor.processExecutionPhase(TestCaseExecutor.java:298)
	at com.kms.katalon.core.main.TestCaseExecutor.accessMainPhase(TestCaseExecutor.java:290)
	at com.kms.katalon.core.main.TestCaseExecutor.execute(TestCaseExecutor.java:224)
	at com.kms.katalon.core.main.TestSuiteExecutor.accessTestCaseMainPhase(TestSuiteExecutor.java:129)
	at com.kms.katalon.core.main.TestSuiteExecutor.accessTestSuiteMainPhase(TestSuiteExecutor.java:112)
	at com.kms.katalon.core.main.TestSuiteExecutor.execute(TestSuiteExecutor.java:81)
	at com.kms.katalon.core.main.TestCaseMain.startTestSuite(TestCaseMain.java:149)
	at com.kms.katalon.core.main.TestCaseMain$startTestSuite$0.call(Unknown Source)
	at TempTestSuite1548233213418.run(TempTestSuite1548233213418.groovy:36)]]></system-out>
         <system-err><![CDATA[2019-01-23 14:16:59 - [TEST_CASE][FAILED] - Test Cases/Internal_TaskManagement/1_CreateForm: Test Cases/Internal_TaskManagement/1_CreateForm FAILED.
Reason:
com.kms.katalon.core.exception.StepFailedException: Unable to click on object 'Object Repository/Form_Selection_Creation/openResType' (Root cause: org.openqa.selenium.WebDriverException: unknown error: Element <span title="" class="k-widget k-dropdown k-header" unselectable="on" role="listbox" aria-haspopup="true" aria-expanded="false" tabindex="0" aria-owns="scs-product-dropdown_listbox" aria-disabled="false" style="" aria-busy="false" aria-activedescendant="885a053d-6aa8-49ee-8cfc-8a6b051dc3b4">...</span> is not clickable at point (125, 163). Other element would receive the click: <div class="k-loading-image"></div>
  (Session info: chrome=71.0.3578.98)
  (Driver info: chromedriver=2.43.600210 (68dcf5eebde37173d4027fa8635e332711d2874a),platform=Windows NT 6.1.7601 SP1 x86_64) (WARNING: The server did not provide any stacktrace information)
Command duration or timeout: 0 milliseconds
Build info: version: '3.7.1', revision: '8a0099a', time: '2017-11-06T21:07:36.161Z'
System info: host: 'ABHISHEK-PASHIN', ip: '10.21.7.147', os.name: 'Windows 7', os.arch: 'amd64', os.version: '6.1', java.version: '1.8.0_181'
Driver info: com.kms.katalon.selenium.driver.CChromeDriver
Capabilities {acceptInsecureCerts: false, acceptSslCerts: false, applicationCacheEnabled: false, browserConnectionEnabled: false, browserName: chrome, chrome: {chromedriverVersion: 2.43.600210 (68dcf5eebde371..., userDataDir: C:\Users\PASHIN~1\AppData\L...}, cssSelectorsEnabled: true, databaseEnabled: false, goog:chromeOptions: {debuggerAddress: localhost:61965}, handlesAlerts: true, hasTouchScreen: false, javascriptEnabled: true, locationContextEnabled: true, mobileEmulationEnabled: false, nativeEvents: true, networkConnectionEnabled: false, pageLoadStrategy: normal, platform: XP, platformName: XP, rotatable: false, setWindowRect: true, takesHeapSnapshot: true, takesScreenshot: true, unexpectedAlertBehaviour: , unhandledPromptBehavior: , version: 71.0.3578.98, webStorageEnabled: true}
Session ID: 04c3d73086bc4c716a6667f41ff85718)
	at com.kms.katalon.core.keyword.internal.KeywordMain.stepFailed(KeywordMain.groovy:36)
	at com.kms.katalon.core.webui.keyword.internal.WebUIKeywordMain.stepFailed(WebUIKeywordMain.groovy:65)
	at com.kms.katalon.core.webui.keyword.internal.WebUIKeywordMain.runKeyword(WebUIKeywordMain.groovy:27)
	at com.kms.katalon.core.webui.keyword.builtin.ClickKeyword.click(ClickKeyword.groovy:86)
	at com.kms.katalon.core.webui.keyword.builtin.ClickKeyword.execute(ClickKeyword.groovy:67)
	at com.kms.katalon.core.keyword.internal.KeywordExecutor.executeKeywordForPlatform(KeywordExecutor.groovy:53)
	at com.kms.katalon.core.webui.keyword.WebUiBuiltInKeywords.click(WebUiBuiltInKeywords.groovy:616)
	at com.kms.katalon.core.webui.keyword.WebUiBuiltInKeywords$click$2.call(Unknown Source)
	at 1_CreateForm.run(1_CreateForm:51)
	at com.kms.katalon.core.main.ScriptEngine.run(ScriptEngine.java:194)
	at com.kms.katalon.core.main.ScriptEngine.runScriptAsRawText(ScriptEngine.java:119)
	at com.kms.katalon.core.main.TestCaseExecutor.runScript(TestCaseExecutor.java:328)
	at com.kms.katalon.core.main.TestCaseExecutor.doExecute(TestCaseExecutor.java:319)
	at com.kms.katalon.core.main.TestCaseExecutor.processExecutionPhase(TestCaseExecutor.java:298)
	at com.kms.katalon.core.main.TestCaseExecutor.accessMainPhase(TestCaseExecutor.java:290)
	at com.kms.katalon.core.main.TestCaseExecutor.execute(TestCaseExecutor.java:224)
	at com.kms.katalon.core.main.TestSuiteExecutor.accessTestCaseMainPhase(TestSuiteExecutor.java:129)
	at com.kms.katalon.core.main.TestSuiteExecutor.accessTestSuiteMainPhase(TestSuiteExecutor.java:112)
	at com.kms.katalon.core.main.TestSuiteExecutor.execute(TestSuiteExecutor.java:81)
	at com.kms.katalon.core.main.TestCaseMain.startTestSuite(TestCaseMain.java:149)
	at com.kms.katalon.core.main.TestCaseMain$startTestSuite$0.call(Unknown Source)
	at TempTestSuite1548233213418.run(TempTestSuite1548233213418.groovy:36)]]></system-err>
      </testcase>
      <testcase name="Test Cases/Internal_TaskManagement/5_CreateWG" classname="Test Cases/Internal_TaskManagement/5_CreateWG" status="PASSED">
         <system-out><![CDATA[2019-01-23 14:18:04 - [TEST_CASE][PASSED] - Test Cases/Internal_TaskManagement/5_CreateWG: Test Cases/Internal_TaskManagement/5_CreateWG

2019-01-23 14:18:05 - [TEST_STEP][NOT_RUN] - openBrowser(URL): NOT_RUN: openBrowser(URL)

2019-01-23 14:18:05 - [MESSAGE][NOT_RUN] - NOT_RUN: openBrowser(URL)

2019-01-23 14:18:05 - [TEST_STEP][NOT_RUN] - maximizeWindow(): NOT_RUN: maximizeWindow()

2019-01-23 14:18:05 - [MESSAGE][NOT_RUN] - NOT_RUN: maximizeWindow()

2019-01-23 14:18:05 - [TEST_STEP][NOT_RUN] - setText(findTestObject("Form_Selection_Creation/login_Username"), UserName): NOT_RUN: setText(findTestObject("Form_Selection_Creation/login_Username"), UserName)

2019-01-23 14:18:05 - [MESSAGE][NOT_RUN] - NOT_RUN: setText(findTestObject("Form_Selection_Creation/login_Username"), UserName)

2019-01-23 14:18:05 - [TEST_STEP][NOT_RUN] - setText(findTestObject("Form_Selection_Creation/login_Password"), Password): NOT_RUN: setText(findTestObject("Form_Selection_Creation/login_Password"), Password)

2019-01-23 14:18:05 - [MESSAGE][NOT_RUN] - NOT_RUN: setText(findTestObject("Form_Selection_Creation/login_Password"), Password)

2019-01-23 14:18:05 - [TEST_STEP][PASSED] - Supplier.setWG(): Supplier.setWG is PASSED

2019-01-23 14:18:05 - [MESSAGE][PASSED] - Supplier.setWG is PASSED

2019-01-23 14:18:05 - [TEST_STEP][NOT_RUN] - click(findTestObject("Form_Selection_Creation/login_Button")): NOT_RUN: click(findTestObject("Form_Selection_Creation/login_Button"))

2019-01-23 14:18:05 - [MESSAGE][NOT_RUN] - NOT_RUN: click(findTestObject("Form_Selection_Creation/login_Button"))

2019-01-23 14:18:05 - [TEST_STEP][PASSED] - Thread.sleep(4000): null

2019-01-23 14:18:09 - [TEST_STEP][PASSED] - click(findTestObject("Form_Selection_Creation/mainMenu_Button")): Object: 'Object Repository/Form_Selection_Creation/mainMenu_Button' is clicked on

2019-01-23 14:18:09 - [MESSAGE][PASSED] - Object: 'Object Repository/Form_Selection_Creation/mainMenu_Button' is clicked on

2019-01-23 14:18:09 - [TEST_STEP][NOT_RUN] - click(findTestObject("Form_Selection_Creation/mainMenu_AdminTools")): NOT_RUN: click(findTestObject("Form_Selection_Creation/mainMenu_AdminTools"))

2019-01-23 14:18:09 - [MESSAGE][NOT_RUN] - NOT_RUN: click(findTestObject("Form_Selection_Creation/mainMenu_AdminTools"))

2019-01-23 14:18:09 - [TEST_STEP][PASSED] - click(findTestObject("SupplierFlow/workgroup")): Object: 'Object Repository/SupplierFlow/workgroup' is clicked on

2019-01-23 14:18:09 - [MESSAGE][PASSED] - Object: 'Object Repository/SupplierFlow/workgroup' is clicked on

2019-01-23 14:18:09 - [TEST_STEP][PASSED] - Thread.sleep(5000): null

2019-01-23 14:18:14 - [TEST_STEP][PASSED] - click(findTestObject("SupplierFlow/addButtonWG")): Object: 'Object Repository/SupplierFlow/addButtonWG' is clicked on

2019-01-23 14:18:14 - [MESSAGE][PASSED] - Object: 'Object Repository/SupplierFlow/addButtonWG' is clicked on

2019-01-23 14:18:14 - [TEST_STEP][PASSED] - setText(findTestObject("SupplierFlow/setWGText"), findTestData("SupplierData").getValue("WorkGroupName", 1)): Text 'WorkGroup_23/01/19-14:18' is set on object 'Object Repository/SupplierFlow/setWGText'

2019-01-23 14:18:15 - [MESSAGE][PASSED] - Text 'WorkGroup_23/01/19-14:18' is set on object 'Object Repository/SupplierFlow/setWGText'

2019-01-23 14:18:15 - [TEST_STEP][PASSED] - sendKeys(findTestObject("SupplierFlow/setWGText"), Keys.chord(ENTER)): Keys 'ENTER + ' sent to object: 'Object Repository/SupplierFlow/setWGText'

2019-01-23 14:18:15 - [MESSAGE][PASSED] - Keys 'ENTER + ' sent to object: 'Object Repository/SupplierFlow/setWGText'

2019-01-23 14:18:15 - [TEST_STEP][PASSED] - Thread.sleep(6000): null

2019-01-23 14:18:21 - [TEST_STEP][PASSED] - AdminTool_Location.moveCursor(): AdminTool_Location.moveCursor is PASSED

2019-01-23 14:18:21 - [MESSAGE][PASSED] - AdminTool_Location.moveCursor is PASSED

2019-01-23 14:18:21 - [TEST_STEP][PASSED] - Thread.sleep(2000): null

2019-01-23 14:18:23 - [TEST_STEP][PASSED] - setText(findTestObject("SupplierFlow/searchUserInWG"), "tester"): Text 'tester' is set on object 'Object Repository/SupplierFlow/searchUserInWG'

2019-01-23 14:18:23 - [MESSAGE][PASSED] - Text 'tester' is set on object 'Object Repository/SupplierFlow/searchUserInWG'

2019-01-23 14:18:23 - [TEST_STEP][PASSED] - sendKeys(findTestObject("SupplierFlow/searchUserInWG"), Keys.chord(ENTER)): Keys 'ENTER + ' sent to object: 'Object Repository/SupplierFlow/searchUserInWG'

2019-01-23 14:18:24 - [MESSAGE][PASSED] - Keys 'ENTER + ' sent to object: 'Object Repository/SupplierFlow/searchUserInWG'

2019-01-23 14:18:24 - [TEST_STEP][PASSED] - Thread.sleep(4000): null

2019-01-23 14:18:28 - [TEST_STEP][PASSED] - check(findTestObject("SupplierFlow/checkUserinWG")): Object 'Object Repository/SupplierFlow/checkUserinWG' is checked

2019-01-23 14:18:28 - [MESSAGE][PASSED] - Object 'Object Repository/SupplierFlow/checkUserinWG' is checked

2019-01-23 14:18:28 - [TEST_STEP][PASSED] - Thread.sleep(3000): null

2019-01-23 14:18:31 - [TEST_STEP][PASSED] - click(findTestObject("SupplierFlow/saveInWG")): Object: 'Object Repository/SupplierFlow/saveInWG' is clicked on

2019-01-23 14:18:31 - [MESSAGE][PASSED] - Object: 'Object Repository/SupplierFlow/saveInWG' is clicked on

2019-01-23 14:18:31 - [TEST_STEP][PASSED] - Thread.sleep(3000): null

2019-01-23 14:18:34 - [TEST_STEP][PASSED] - click(findTestObject("Form_Selection_Creation/home")): Object: 'Object Repository/Form_Selection_Creation/home' is clicked on

2019-01-23 14:18:34 - [MESSAGE][PASSED] - Object: 'Object Repository/Form_Selection_Creation/home' is clicked on]]></system-out>
         <system-err><![CDATA[]]></system-err>
      </testcase>
      <testcase name="Test Cases/Internal_TaskManagement/2_AssignTask" classname="Test Cases/Internal_TaskManagement/2_AssignTask" status="FAILED">
         <failure type="FAILED" message="Test Cases/Internal_TaskManagement/2_AssignTask FAILED.
Reason:
com.kms.katalon.core.exception.StepFailedException: Unable to move mouse over object 'Object Repository/mainmenu_Forms_Inbox/form_Over' (Root cause: com.kms.katalon.core.webui.exception.WebElementNotFoundException: Web element with id: 'Object Repository/mainmenu_Forms_Inbox/form_Over' located by 'By.xpath: //*[@id=&quot;scs-forms-grid&quot;]/div[2]/table/tbody/tr/td[1]' not found)
	at com.kms.katalon.core.keyword.internal.KeywordMain.stepFailed(KeywordMain.groovy:36)
	at com.kms.katalon.core.webui.keyword.internal.WebUIKeywordMain.stepFailed(WebUIKeywordMain.groovy:65)
	at com.kms.katalon.core.webui.keyword.internal.WebUIKeywordMain.runKeyword(WebUIKeywordMain.groovy:27)
	at com.kms.katalon.core.webui.keyword.builtin.MouseOverKeyword.mouseOver(MouseOverKeyword.groovy:90)
	at com.kms.katalon.core.webui.keyword.builtin.MouseOverKeyword.execute(MouseOverKeyword.groovy:67)
	at com.kms.katalon.core.keyword.internal.KeywordExecutor.executeKeywordForPlatform(KeywordExecutor.groovy:53)
	at com.kms.katalon.core.webui.keyword.WebUiBuiltInKeywords.mouseOver(WebUiBuiltInKeywords.groovy:776)
	at com.kms.katalon.core.webui.keyword.WebUiBuiltInKeywords$mouseOver$8.call(Unknown Source)
	at 2_AssignTask.run(2_AssignTask:78)
	at com.kms.katalon.core.main.ScriptEngine.run(ScriptEngine.java:194)
	at com.kms.katalon.core.main.ScriptEngine.runScriptAsRawText(ScriptEngine.java:119)
	at com.kms.katalon.core.main.TestCaseExecutor.runScript(TestCaseExecutor.java:328)
	at com.kms.katalon.core.main.TestCaseExecutor.doExecute(TestCaseExecutor.java:319)
	at com.kms.katalon.core.main.TestCaseExecutor.processExecutionPhase(TestCaseExecutor.java:298)
	at com.kms.katalon.core.main.TestCaseExecutor.accessMainPhase(TestCaseExecutor.java:290)
	at com.kms.katalon.core.main.TestCaseExecutor.execute(TestCaseExecutor.java:224)
	at com.kms.katalon.core.main.TestSuiteExecutor.accessTestCaseMainPhase(TestSuiteExecutor.java:129)
	at com.kms.katalon.core.main.TestSuiteExecutor.accessTestSuiteMainPhase(TestSuiteExecutor.java:112)
	at com.kms.katalon.core.main.TestSuiteExecutor.execute(TestSuiteExecutor.java:81)
	at com.kms.katalon.core.main.TestCaseMain.startTestSuite(TestCaseMain.java:149)
	at com.kms.katalon.core.main.TestCaseMain$startTestSuite$0.call(Unknown Source)
	at TempTestSuite1548233213418.run(TempTestSuite1548233213418.groovy:36)
"/>
         <system-out><![CDATA[2019-01-23 14:18:34 - [TEST_CASE][FAILED] - Test Cases/Internal_TaskManagement/2_AssignTask: Test Cases/Internal_TaskManagement/2_AssignTask FAILED.
Reason:
com.kms.katalon.core.exception.StepFailedException: Unable to move mouse over object 'Object Repository/mainmenu_Forms_Inbox/form_Over' (Root cause: com.kms.katalon.core.webui.exception.WebElementNotFoundException: Web element with id: 'Object Repository/mainmenu_Forms_Inbox/form_Over' located by 'By.xpath: //*[@id="scs-forms-grid"]/div[2]/table/tbody/tr/td[1]' not found)
	at com.kms.katalon.core.keyword.internal.KeywordMain.stepFailed(KeywordMain.groovy:36)
	at com.kms.katalon.core.webui.keyword.internal.WebUIKeywordMain.stepFailed(WebUIKeywordMain.groovy:65)
	at com.kms.katalon.core.webui.keyword.internal.WebUIKeywordMain.runKeyword(WebUIKeywordMain.groovy:27)
	at com.kms.katalon.core.webui.keyword.builtin.MouseOverKeyword.mouseOver(MouseOverKeyword.groovy:90)
	at com.kms.katalon.core.webui.keyword.builtin.MouseOverKeyword.execute(MouseOverKeyword.groovy:67)
	at com.kms.katalon.core.keyword.internal.KeywordExecutor.executeKeywordForPlatform(KeywordExecutor.groovy:53)
	at com.kms.katalon.core.webui.keyword.WebUiBuiltInKeywords.mouseOver(WebUiBuiltInKeywords.groovy:776)
	at com.kms.katalon.core.webui.keyword.WebUiBuiltInKeywords$mouseOver$8.call(Unknown Source)
	at 2_AssignTask.run(2_AssignTask:78)
	at com.kms.katalon.core.main.ScriptEngine.run(ScriptEngine.java:194)
	at com.kms.katalon.core.main.ScriptEngine.runScriptAsRawText(ScriptEngine.java:119)
	at com.kms.katalon.core.main.TestCaseExecutor.runScript(TestCaseExecutor.java:328)
	at com.kms.katalon.core.main.TestCaseExecutor.doExecute(TestCaseExecutor.java:319)
	at com.kms.katalon.core.main.TestCaseExecutor.processExecutionPhase(TestCaseExecutor.java:298)
	at com.kms.katalon.core.main.TestCaseExecutor.accessMainPhase(TestCaseExecutor.java:290)
	at com.kms.katalon.core.main.TestCaseExecutor.execute(TestCaseExecutor.java:224)
	at com.kms.katalon.core.main.TestSuiteExecutor.accessTestCaseMainPhase(TestSuiteExecutor.java:129)
	at com.kms.katalon.core.main.TestSuiteExecutor.accessTestSuiteMainPhase(TestSuiteExecutor.java:112)
	at com.kms.katalon.core.main.TestSuiteExecutor.execute(TestSuiteExecutor.java:81)
	at com.kms.katalon.core.main.TestCaseMain.startTestSuite(TestCaseMain.java:149)
	at com.kms.katalon.core.main.TestCaseMain$startTestSuite$0.call(Unknown Source)
	at TempTestSuite1548233213418.run(TempTestSuite1548233213418.groovy:36)


2019-01-23 14:18:35 - [TEST_STEP][NOT_RUN] - openBrowser(URL): NOT_RUN: openBrowser(URL)

2019-01-23 14:18:35 - [MESSAGE][NOT_RUN] - NOT_RUN: openBrowser(URL)

2019-01-23 14:18:35 - [TEST_STEP][NOT_RUN] - maximizeWindow(): NOT_RUN: maximizeWindow()

2019-01-23 14:18:35 - [MESSAGE][NOT_RUN] - NOT_RUN: maximizeWindow()

2019-01-23 14:18:35 - [TEST_STEP][PASSED] - driver = getWebDriver(): null

2019-01-23 14:18:35 - [TEST_STEP][NOT_RUN] - setText(findTestObject("FormTab/login_Username"), UserName): NOT_RUN: setText(findTestObject("FormTab/login_Username"), UserName)

2019-01-23 14:18:35 - [MESSAGE][NOT_RUN] - NOT_RUN: setText(findTestObject("FormTab/login_Username"), UserName)

2019-01-23 14:18:35 - [TEST_STEP][NOT_RUN] - setText(findTestObject("FormTab/login_Password"), Password): NOT_RUN: setText(findTestObject("FormTab/login_Password"), Password)

2019-01-23 14:18:35 - [MESSAGE][NOT_RUN] - NOT_RUN: setText(findTestObject("FormTab/login_Password"), Password)

2019-01-23 14:18:35 - [TEST_STEP][NOT_RUN] - click(findTestObject("FormTab/login_Button")): NOT_RUN: click(findTestObject("FormTab/login_Button"))

2019-01-23 14:18:35 - [MESSAGE][NOT_RUN] - NOT_RUN: click(findTestObject("FormTab/login_Button"))

2019-01-23 14:18:35 - [TEST_STEP][PASSED] - waitForElementClickable(findTestObject("FormTab/selectForm"), 45): Object 'Object Repository/FormTab/selectForm' is clickable

2019-01-23 14:18:41 - [MESSAGE][PASSED] - Object 'Object Repository/FormTab/selectForm' is clickable

2019-01-23 14:18:41 - [TEST_STEP][PASSED] - Thread.sleep(2000): null

2019-01-23 14:18:43 - [TEST_STEP][PASSED] - refresh(): Refresh successfully

2019-01-23 14:18:47 - [MESSAGE][PASSED] - Refresh successfully

2019-01-23 14:18:47 - [TEST_STEP][PASSED] - waitForElementClickable(findTestObject("FormTab/form_Tab"), 45): Object 'Object Repository/FormTab/form_Tab' is clickable

2019-01-23 14:18:48 - [MESSAGE][PASSED] - Object 'Object Repository/FormTab/form_Tab' is clickable

2019-01-23 14:18:48 - [TEST_STEP][PASSED] - Thread.sleep(6000): null

2019-01-23 14:18:54 - [TEST_STEP][PASSED] - click(findTestObject("FormTab/form_Tab")): Object: 'Object Repository/FormTab/form_Tab' is clicked on

2019-01-23 14:18:54 - [MESSAGE][PASSED] - Object: 'Object Repository/FormTab/form_Tab' is clicked on

2019-01-23 14:18:54 - [TEST_STEP][PASSED] - FormName.setTaskName(): FormName.setTaskName is PASSED

2019-01-23 14:18:54 - [MESSAGE][PASSED] - FormName.setTaskName is PASSED

2019-01-23 14:18:54 - [TEST_STEP][PASSED] - Thread.sleep(7000): null

2019-01-23 14:19:01 - [TEST_STEP][PASSED] - AdminTool_Location.moveCursor(): AdminTool_Location.moveCursor is PASSED

2019-01-23 14:19:01 - [MESSAGE][PASSED] - AdminTool_Location.moveCursor is PASSED

2019-01-23 14:19:01 - [TEST_STEP][PASSED] - waitForElementClickable(findTestObject("FormTab/selectForm"), 45): Object 'Object Repository/FormTab/selectForm' is clickable

2019-01-23 14:19:01 - [MESSAGE][PASSED] - Object 'Object Repository/FormTab/selectForm' is clickable

2019-01-23 14:19:01 - [TEST_STEP][PASSED] - Thread.sleep(2000): null

2019-01-23 14:19:03 - [TEST_STEP][PASSED] - click(findTestObject("Form_Selection_Creation/openResTypeInBrowser")): Object: 'Object Repository/Form_Selection_Creation/openResTypeInBrowser' is clicked on

2019-01-23 14:19:03 - [MESSAGE][PASSED] - Object: 'Object Repository/Form_Selection_Creation/openResTypeInBrowser' is clicked on

2019-01-23 14:19:03 - [TEST_STEP][PASSED] - Thread.sleep(2000): null

2019-01-23 14:19:05 - [TEST_STEP][PASSED] - click(findTestObject("Form_Selection_Creation/selectItem")): Object: 'Object Repository/Form_Selection_Creation/selectItem' is clicked on

2019-01-23 14:19:06 - [MESSAGE][PASSED] - Object: 'Object Repository/Form_Selection_Creation/selectItem' is clicked on

2019-01-23 14:19:06 - [TEST_STEP][PASSED] - Thread.sleep(2000): null

2019-01-23 14:19:08 - [TEST_STEP][PASSED] - click(findTestObject("FormTab/options")): Object: 'Object Repository/FormTab/options' is clicked on

2019-01-23 14:19:08 - [MESSAGE][PASSED] - Object: 'Object Repository/FormTab/options' is clicked on

2019-01-23 14:19:08 - [TEST_STEP][PASSED] - Thread.sleep(2000): null

2019-01-23 14:19:10 - [TEST_STEP][PASSED] - mouseOver(findTestObject("FormTab/filterOption")): Object: 'Object Repository/FormTab/filterOption' is hovered

2019-01-23 14:19:10 - [MESSAGE][PASSED] - Object: 'Object Repository/FormTab/filterOption' is hovered

2019-01-23 14:19:10 - [TEST_STEP][PASSED] - Thread.sleep(3000): null

2019-01-23 14:19:13 - [TEST_STEP][PASSED] - FormName.filterFormName(): FormName.filterFormName is PASSED

2019-01-23 14:19:15 - [MESSAGE][PASSED] - FormName.filterFormName is PASSED

2019-01-23 14:19:15 - [TEST_STEP][PASSED] - Thread.sleep(2000): null

2019-01-23 14:19:17 - [TEST_STEP][PASSED] - click(findTestObject("FormTab/filterButton")): Object: 'Object Repository/FormTab/filterButton' is clicked on

2019-01-23 14:19:17 - [MESSAGE][PASSED] - Object: 'Object Repository/FormTab/filterButton' is clicked on

2019-01-23 14:19:17 - [TEST_STEP][PASSED] - Thread.sleep(4000): null

2019-01-23 14:19:21 - [TEST_STEP][FAILED] - mouseOver(findTestObject("mainmenu_Forms_Inbox/form_Over")): mouseOver(findTestObject("mainmenu_Forms_Inbox/form_Over")) FAILED.
Reason:
com.kms.katalon.core.exception.StepFailedException: Unable to move mouse over object 'Object Repository/mainmenu_Forms_Inbox/form_Over' (Root cause: com.kms.katalon.core.webui.exception.WebElementNotFoundException: Web element with id: 'Object Repository/mainmenu_Forms_Inbox/form_Over' located by 'By.xpath: //*[@id="scs-forms-grid"]/div[2]/table/tbody/tr/td[1]' not found)
	at com.kms.katalon.core.keyword.internal.KeywordMain.stepFailed(KeywordMain.groovy:36)
	at com.kms.katalon.core.webui.keyword.internal.WebUIKeywordMain.stepFailed(WebUIKeywordMain.groovy:65)
	at com.kms.katalon.core.webui.keyword.internal.WebUIKeywordMain.runKeyword(WebUIKeywordMain.groovy:27)
	at com.kms.katalon.core.webui.keyword.builtin.MouseOverKeyword.mouseOver(MouseOverKeyword.groovy:90)
	at com.kms.katalon.core.webui.keyword.builtin.MouseOverKeyword.execute(MouseOverKeyword.groovy:67)
	at com.kms.katalon.core.keyword.internal.KeywordExecutor.executeKeywordForPlatform(KeywordExecutor.groovy:53)
	at com.kms.katalon.core.webui.keyword.WebUiBuiltInKeywords.mouseOver(WebUiBuiltInKeywords.groovy:776)
	at com.kms.katalon.core.webui.keyword.WebUiBuiltInKeywords$mouseOver$8.call(Unknown Source)
	at 2_AssignTask.run(2_AssignTask:78)
	at com.kms.katalon.core.main.ScriptEngine.run(ScriptEngine.java:194)
	at com.kms.katalon.core.main.ScriptEngine.runScriptAsRawText(ScriptEngine.java:119)
	at com.kms.katalon.core.main.TestCaseExecutor.runScript(TestCaseExecutor.java:328)
	at com.kms.katalon.core.main.TestCaseExecutor.doExecute(TestCaseExecutor.java:319)
	at com.kms.katalon.core.main.TestCaseExecutor.processExecutionPhase(TestCaseExecutor.java:298)
	at com.kms.katalon.core.main.TestCaseExecutor.accessMainPhase(TestCaseExecutor.java:290)
	at com.kms.katalon.core.main.TestCaseExecutor.execute(TestCaseExecutor.java:224)
	at com.kms.katalon.core.main.TestSuiteExecutor.accessTestCaseMainPhase(TestSuiteExecutor.java:129)
	at com.kms.katalon.core.main.TestSuiteExecutor.accessTestSuiteMainPhase(TestSuiteExecutor.java:112)
	at com.kms.katalon.core.main.TestSuiteExecutor.execute(TestSuiteExecutor.java:81)
	at com.kms.katalon.core.main.TestCaseMain.startTestSuite(TestCaseMain.java:149)
	at com.kms.katalon.core.main.TestCaseMain$startTestSuite$0.call(Unknown Source)
	at TempTestSuite1548233213418.run(TempTestSuite1548233213418.groovy:36)


2019-01-23 14:19:53 - [MESSAGE][INFO] - Unable to find the element located by 'By.xpath: //*[@id="scs-forms-grid"]/div[2]/table/tbody/tr/td[1]'. Please recheck the objects properties to make sure the desired element is located. 

2019-01-23 14:19:53 - [MESSAGE][FAILED] - Unable to move mouse over object 'Object Repository/mainmenu_Forms_Inbox/form_Over' (Root cause: com.kms.katalon.core.webui.exception.WebElementNotFoundException: Web element with id: 'Object Repository/mainmenu_Forms_Inbox/form_Over' located by 'By.xpath: //*[@id="scs-forms-grid"]/div[2]/table/tbody/tr/td[1]' not found)
[[ATTACHMENT|D:\\Git Data\\SafetyChain-Test-Automation-Katalon\\Reports\\Internal_Task\\20190123_141653\\1548233393040.png]]

2019-01-23 14:19:53 - [MESSAGE][FAILED] - mouseOver(findTestObject("mainmenu_Forms_Inbox/form_Over")) FAILED.
Reason:
com.kms.katalon.core.exception.StepFailedException: Unable to move mouse over object 'Object Repository/mainmenu_Forms_Inbox/form_Over' (Root cause: com.kms.katalon.core.webui.exception.WebElementNotFoundException: Web element with id: 'Object Repository/mainmenu_Forms_Inbox/form_Over' located by 'By.xpath: //*[@id="scs-forms-grid"]/div[2]/table/tbody/tr/td[1]' not found)
	at com.kms.katalon.core.keyword.internal.KeywordMain.stepFailed(KeywordMain.groovy:36)
	at com.kms.katalon.core.webui.keyword.internal.WebUIKeywordMain.stepFailed(WebUIKeywordMain.groovy:65)
	at com.kms.katalon.core.webui.keyword.internal.WebUIKeywordMain.runKeyword(WebUIKeywordMain.groovy:27)
	at com.kms.katalon.core.webui.keyword.builtin.MouseOverKeyword.mouseOver(MouseOverKeyword.groovy:90)
	at com.kms.katalon.core.webui.keyword.builtin.MouseOverKeyword.execute(MouseOverKeyword.groovy:67)
	at com.kms.katalon.core.keyword.internal.KeywordExecutor.executeKeywordForPlatform(KeywordExecutor.groovy:53)
	at com.kms.katalon.core.webui.keyword.WebUiBuiltInKeywords.mouseOver(WebUiBuiltInKeywords.groovy:776)
	at com.kms.katalon.core.webui.keyword.WebUiBuiltInKeywords$mouseOver$8.call(Unknown Source)
	at 2_AssignTask.run(2_AssignTask:78)
	at com.kms.katalon.core.main.ScriptEngine.run(ScriptEngine.java:194)
	at com.kms.katalon.core.main.ScriptEngine.runScriptAsRawText(ScriptEngine.java:119)
	at com.kms.katalon.core.main.TestCaseExecutor.runScript(TestCaseExecutor.java:328)
	at com.kms.katalon.core.main.TestCaseExecutor.doExecute(TestCaseExecutor.java:319)
	at com.kms.katalon.core.main.TestCaseExecutor.processExecutionPhase(TestCaseExecutor.java:298)
	at com.kms.katalon.core.main.TestCaseExecutor.accessMainPhase(TestCaseExecutor.java:290)
	at com.kms.katalon.core.main.TestCaseExecutor.execute(TestCaseExecutor.java:224)
	at com.kms.katalon.core.main.TestSuiteExecutor.accessTestCaseMainPhase(TestSuiteExecutor.java:129)
	at com.kms.katalon.core.main.TestSuiteExecutor.accessTestSuiteMainPhase(TestSuiteExecutor.java:112)
	at com.kms.katalon.core.main.TestSuiteExecutor.execute(TestSuiteExecutor.java:81)
	at com.kms.katalon.core.main.TestCaseMain.startTestSuite(TestCaseMain.java:149)
	at com.kms.katalon.core.main.TestCaseMain$startTestSuite$0.call(Unknown Source)
	at TempTestSuite1548233213418.run(TempTestSuite1548233213418.groovy:36)]]></system-out>
         <system-err><![CDATA[2019-01-23 14:18:34 - [TEST_CASE][FAILED] - Test Cases/Internal_TaskManagement/2_AssignTask: Test Cases/Internal_TaskManagement/2_AssignTask FAILED.
Reason:
com.kms.katalon.core.exception.StepFailedException: Unable to move mouse over object 'Object Repository/mainmenu_Forms_Inbox/form_Over' (Root cause: com.kms.katalon.core.webui.exception.WebElementNotFoundException: Web element with id: 'Object Repository/mainmenu_Forms_Inbox/form_Over' located by 'By.xpath: //*[@id="scs-forms-grid"]/div[2]/table/tbody/tr/td[1]' not found)
	at com.kms.katalon.core.keyword.internal.KeywordMain.stepFailed(KeywordMain.groovy:36)
	at com.kms.katalon.core.webui.keyword.internal.WebUIKeywordMain.stepFailed(WebUIKeywordMain.groovy:65)
	at com.kms.katalon.core.webui.keyword.internal.WebUIKeywordMain.runKeyword(WebUIKeywordMain.groovy:27)
	at com.kms.katalon.core.webui.keyword.builtin.MouseOverKeyword.mouseOver(MouseOverKeyword.groovy:90)
	at com.kms.katalon.core.webui.keyword.builtin.MouseOverKeyword.execute(MouseOverKeyword.groovy:67)
	at com.kms.katalon.core.keyword.internal.KeywordExecutor.executeKeywordForPlatform(KeywordExecutor.groovy:53)
	at com.kms.katalon.core.webui.keyword.WebUiBuiltInKeywords.mouseOver(WebUiBuiltInKeywords.groovy:776)
	at com.kms.katalon.core.webui.keyword.WebUiBuiltInKeywords$mouseOver$8.call(Unknown Source)
	at 2_AssignTask.run(2_AssignTask:78)
	at com.kms.katalon.core.main.ScriptEngine.run(ScriptEngine.java:194)
	at com.kms.katalon.core.main.ScriptEngine.runScriptAsRawText(ScriptEngine.java:119)
	at com.kms.katalon.core.main.TestCaseExecutor.runScript(TestCaseExecutor.java:328)
	at com.kms.katalon.core.main.TestCaseExecutor.doExecute(TestCaseExecutor.java:319)
	at com.kms.katalon.core.main.TestCaseExecutor.processExecutionPhase(TestCaseExecutor.java:298)
	at com.kms.katalon.core.main.TestCaseExecutor.accessMainPhase(TestCaseExecutor.java:290)
	at com.kms.katalon.core.main.TestCaseExecutor.execute(TestCaseExecutor.java:224)
	at com.kms.katalon.core.main.TestSuiteExecutor.accessTestCaseMainPhase(TestSuiteExecutor.java:129)
	at com.kms.katalon.core.main.TestSuiteExecutor.accessTestSuiteMainPhase(TestSuiteExecutor.java:112)
	at com.kms.katalon.core.main.TestSuiteExecutor.execute(TestSuiteExecutor.java:81)
	at com.kms.katalon.core.main.TestCaseMain.startTestSuite(TestCaseMain.java:149)
	at com.kms.katalon.core.main.TestCaseMain$startTestSuite$0.call(Unknown Source)
	at TempTestSuite1548233213418.run(TempTestSuite1548233213418.groovy:36)]]></system-err>
      </testcase>
      <system-out><![CDATA[2019-01-23 14:16:59 - [TEST_SUITE][FAILED] - Internal_Task: Test Cases/Internal_TaskManagement/1_CreateForm FAILED.
Reason:
com.kms.katalon.core.exception.StepFailedException: Unable to click on object 'Object Repository/Form_Selection_Creation/openResType' (Root cause: org.openqa.selenium.WebDriverException: unknown error: Element <span title="" class="k-widget k-dropdown k-header" unselectable="on" role="listbox" aria-haspopup="true" aria-expanded="false" tabindex="0" aria-owns="scs-product-dropdown_listbox" aria-disabled="false" style="" aria-busy="false" aria-activedescendant="885a053d-6aa8-49ee-8cfc-8a6b051dc3b4">...</span> is not clickable at point (125, 163). Other element would receive the click: <div class="k-loading-image"></div>
  (Session info: chrome=71.0.3578.98)
  (Driver info: chromedriver=2.43.600210 (68dcf5eebde37173d4027fa8635e332711d2874a),platform=Windows NT 6.1.7601 SP1 x86_64) (WARNING: The server did not provide any stacktrace information)
Command duration or timeout: 0 milliseconds
Build info: version: '3.7.1', revision: '8a0099a', time: '2017-11-06T21:07:36.161Z'
System info: host: 'ABHISHEK-PASHIN', ip: '10.21.7.147', os.name: 'Windows 7', os.arch: 'amd64', os.version: '6.1', java.version: '1.8.0_181'
Driver info: com.kms.katalon.selenium.driver.CChromeDriver
Capabilities {acceptInsecureCerts: false, acceptSslCerts: false, applicationCacheEnabled: false, browserConnectionEnabled: false, browserName: chrome, chrome: {chromedriverVersion: 2.43.600210 (68dcf5eebde371..., userDataDir: C:\Users\PASHIN~1\AppData\L...}, cssSelectorsEnabled: true, databaseEnabled: false, goog:chromeOptions: {debuggerAddress: localhost:61965}, handlesAlerts: true, hasTouchScreen: false, javascriptEnabled: true, locationContextEnabled: true, mobileEmulationEnabled: false, nativeEvents: true, networkConnectionEnabled: false, pageLoadStrategy: normal, platform: XP, platformName: XP, rotatable: false, setWindowRect: true, takesHeapSnapshot: true, takesScreenshot: true, unexpectedAlertBehaviour: , unhandledPromptBehavior: , version: 71.0.3578.98, webStorageEnabled: true}
Session ID: 04c3d73086bc4c716a6667f41ff85718)
	at com.kms.katalon.core.keyword.internal.KeywordMain.stepFailed(KeywordMain.groovy:36)
	at com.kms.katalon.core.webui.keyword.internal.WebUIKeywordMain.stepFailed(WebUIKeywordMain.groovy:65)
	at com.kms.katalon.core.webui.keyword.internal.WebUIKeywordMain.runKeyword(WebUIKeywordMain.groovy:27)
	at com.kms.katalon.core.webui.keyword.builtin.ClickKeyword.click(ClickKeyword.groovy:86)
	at com.kms.katalon.core.webui.keyword.builtin.ClickKeyword.execute(ClickKeyword.groovy:67)
	at com.kms.katalon.core.keyword.internal.KeywordExecutor.executeKeywordForPlatform(KeywordExecutor.groovy:53)
	at com.kms.katalon.core.webui.keyword.WebUiBuiltInKeywords.click(WebUiBuiltInKeywords.groovy:616)
	at com.kms.katalon.core.webui.keyword.WebUiBuiltInKeywords$click$2.call(Unknown Source)
	at 1_CreateForm.run(1_CreateForm:51)
	at com.kms.katalon.core.main.ScriptEngine.run(ScriptEngine.java:194)
	at com.kms.katalon.core.main.ScriptEngine.runScriptAsRawText(ScriptEngine.java:119)
	at com.kms.katalon.core.main.TestCaseExecutor.runScript(TestCaseExecutor.java:328)
	at com.kms.katalon.core.main.TestCaseExecutor.doExecute(TestCaseExecutor.java:319)
	at com.kms.katalon.core.main.TestCaseExecutor.processExecutionPhase(TestCaseExecutor.java:298)
	at com.kms.katalon.core.main.TestCaseExecutor.accessMainPhase(TestCaseExecutor.java:290)
	at com.kms.katalon.core.main.TestCaseExecutor.execute(TestCaseExecutor.java:224)
	at com.kms.katalon.core.main.TestSuiteExecutor.accessTestCaseMainPhase(TestSuiteExecutor.java:129)
	at com.kms.katalon.core.main.TestSuiteExecutor.accessTestSuiteMainPhase(TestSuiteExecutor.java:112)
	at com.kms.katalon.core.main.TestSuiteExecutor.execute(TestSuiteExecutor.java:81)
	at com.kms.katalon.core.main.TestCaseMain.startTestSuite(TestCaseMain.java:149)
	at com.kms.katalon.core.main.TestCaseMain$startTestSuite$0.call(Unknown Source)
	at TempTestSuite1548233213418.run(TempTestSuite1548233213418.groovy:36)]]></system-out>
      <system-err><![CDATA[2019-01-23 14:16:59 - [TEST_SUITE][FAILED] - Internal_Task: Test Cases/Internal_TaskManagement/1_CreateForm FAILED.
Reason:
com.kms.katalon.core.exception.StepFailedException: Unable to click on object 'Object Repository/Form_Selection_Creation/openResType' (Root cause: org.openqa.selenium.WebDriverException: unknown error: Element <span title="" class="k-widget k-dropdown k-header" unselectable="on" role="listbox" aria-haspopup="true" aria-expanded="false" tabindex="0" aria-owns="scs-product-dropdown_listbox" aria-disabled="false" style="" aria-busy="false" aria-activedescendant="885a053d-6aa8-49ee-8cfc-8a6b051dc3b4">...</span> is not clickable at point (125, 163). Other element would receive the click: <div class="k-loading-image"></div>
  (Session info: chrome=71.0.3578.98)
  (Driver info: chromedriver=2.43.600210 (68dcf5eebde37173d4027fa8635e332711d2874a),platform=Windows NT 6.1.7601 SP1 x86_64) (WARNING: The server did not provide any stacktrace information)
Command duration or timeout: 0 milliseconds
Build info: version: '3.7.1', revision: '8a0099a', time: '2017-11-06T21:07:36.161Z'
System info: host: 'ABHISHEK-PASHIN', ip: '10.21.7.147', os.name: 'Windows 7', os.arch: 'amd64', os.version: '6.1', java.version: '1.8.0_181'
Driver info: com.kms.katalon.selenium.driver.CChromeDriver
Capabilities {acceptInsecureCerts: false, acceptSslCerts: false, applicationCacheEnabled: false, browserConnectionEnabled: false, browserName: chrome, chrome: {chromedriverVersion: 2.43.600210 (68dcf5eebde371..., userDataDir: C:\Users\PASHIN~1\AppData\L...}, cssSelectorsEnabled: true, databaseEnabled: false, goog:chromeOptions: {debuggerAddress: localhost:61965}, handlesAlerts: true, hasTouchScreen: false, javascriptEnabled: true, locationContextEnabled: true, mobileEmulationEnabled: false, nativeEvents: true, networkConnectionEnabled: false, pageLoadStrategy: normal, platform: XP, platformName: XP, rotatable: false, setWindowRect: true, takesHeapSnapshot: true, takesScreenshot: true, unexpectedAlertBehaviour: , unhandledPromptBehavior: , version: 71.0.3578.98, webStorageEnabled: true}
Session ID: 04c3d73086bc4c716a6667f41ff85718)
	at com.kms.katalon.core.keyword.internal.KeywordMain.stepFailed(KeywordMain.groovy:36)
	at com.kms.katalon.core.webui.keyword.internal.WebUIKeywordMain.stepFailed(WebUIKeywordMain.groovy:65)
	at com.kms.katalon.core.webui.keyword.internal.WebUIKeywordMain.runKeyword(WebUIKeywordMain.groovy:27)
	at com.kms.katalon.core.webui.keyword.builtin.ClickKeyword.click(ClickKeyword.groovy:86)
	at com.kms.katalon.core.webui.keyword.builtin.ClickKeyword.execute(ClickKeyword.groovy:67)
	at com.kms.katalon.core.keyword.internal.KeywordExecutor.executeKeywordForPlatform(KeywordExecutor.groovy:53)
	at com.kms.katalon.core.webui.keyword.WebUiBuiltInKeywords.click(WebUiBuiltInKeywords.groovy:616)
	at com.kms.katalon.core.webui.keyword.WebUiBuiltInKeywords$click$2.call(Unknown Source)
	at 1_CreateForm.run(1_CreateForm:51)
	at com.kms.katalon.core.main.ScriptEngine.run(ScriptEngine.java:194)
	at com.kms.katalon.core.main.ScriptEngine.runScriptAsRawText(ScriptEngine.java:119)
	at com.kms.katalon.core.main.TestCaseExecutor.runScript(TestCaseExecutor.java:328)
	at com.kms.katalon.core.main.TestCaseExecutor.doExecute(TestCaseExecutor.java:319)
	at com.kms.katalon.core.main.TestCaseExecutor.processExecutionPhase(TestCaseExecutor.java:298)
	at com.kms.katalon.core.main.TestCaseExecutor.accessMainPhase(TestCaseExecutor.java:290)
	at com.kms.katalon.core.main.TestCaseExecutor.execute(TestCaseExecutor.java:224)
	at com.kms.katalon.core.main.TestSuiteExecutor.accessTestCaseMainPhase(TestSuiteExecutor.java:129)
	at com.kms.katalon.core.main.TestSuiteExecutor.accessTestSuiteMainPhase(TestSuiteExecutor.java:112)
	at com.kms.katalon.core.main.TestSuiteExecutor.execute(TestSuiteExecutor.java:81)
	at com.kms.katalon.core.main.TestCaseMain.startTestSuite(TestCaseMain.java:149)
	at com.kms.katalon.core.main.TestCaseMain$startTestSuite$0.call(Unknown Source)
	at TempTestSuite1548233213418.run(TempTestSuite1548233213418.groovy:36)]]></system-err>
   </testsuite>
</testsuites>
