<?xml version="1.0" encoding="UTF-8"?>
<testsuites name="Data-Security" time="1227" tests="9" failures="2" errors="1">
   <testsuite name="Data-Security" tests="9" failures="2" errors="1" time="1227" timestamp="2019-03-08 12:08:56" hostname="pashine_a - Abhishek-Pashine.India.XoriantCorp.com" id="Test Suites/Data-Security">
      <properties>
         <property name="deviceName" value=""/>
         <property name="devicePlatform" value=""/>
         <property name="logFolder" value="D:\\Git Data\\SafetyChain-Test-Automation-Katalon\\Reports\\Data-Security\\20190308_120854"/>
         <property name="logFiles" value="D:\\Git Data\\SafetyChain-Test-Automation-Katalon\\Reports\\Data-Security\\20190308_120854\\execution0.log"/>
         <property name="attachments" value=""/>
         <property name="hostName" value="pashine_a - Abhishek-Pashine.India.XoriantCorp.com"/>
         <property name="os" value="Windows 7 64bit"/>
         <property name="katalonVersion" value="6.0.5.4"/>
         <property name="browser" value="Chrome 72.0.3626.121"/>
         <property name="hostAddress" value="10.21.7.147"/>
         <property name="sessionId" value="dd465ace16c055b6920cb268ac2967cb"/>
         <property name="seleniumVersion" value="3.7.1"/>
         <property name="proxyInformation" value="ProxyInformation{proxyOption=NO_PROXY, proxyServerType=HTTP, password=, proxyServerAddress=, proxyServerPort=0}"/>
         <property name="platform" value="Windows 7"/>
      </properties>
      <testcase name="Test Cases/Data-Security/1_CreateLocation" classname="Test Cases/Data-Security/1_CreateLocation" status="PASSED">
         <system-out><![CDATA[2019-03-08 12:08:57 - [TEST_CASE][PASSED] - Test Cases/Data-Security/1_CreateLocation: Test Cases/Data-Security/1_CreateLocation

2019-03-08 12:08:57 - [TEST_STEP][PASSED] - openBrowser(URL): Browser is opened with url: 'https://test2.stage.safetychain.com'

2019-03-08 12:08:58 - [MESSAGE][INFO] - Starting 'Chrome' driver

2019-03-08 12:08:58 - [MESSAGE][INFO] - Action delay is set to 0 seconds

2019-03-08 12:09:36 - [MESSAGE][PASSED] - Browser is opened with url: 'https://test2.stage.safetychain.com'

2019-03-08 12:09:36 - [TEST_STEP][PASSED] - maximizeWindow(): Current window maximized

2019-03-08 12:09:37 - [MESSAGE][PASSED] - Current window maximized

2019-03-08 12:09:37 - [TEST_STEP][PASSED] - setText(findTestObject("TestUserLocation/login_Username"), UserName): Text 'tester' is set on object 'Object Repository/TestUserLocation/login_Username'

2019-03-08 12:09:41 - [MESSAGE][PASSED] - Text 'tester' is set on object 'Object Repository/TestUserLocation/login_Username'

2019-03-08 12:09:41 - [TEST_STEP][PASSED] - setText(findTestObject("TestUserLocation/login_Password"), Password): Text 'TestSt@ge' is set on object 'Object Repository/TestUserLocation/login_Password'

2019-03-08 12:09:41 - [MESSAGE][PASSED] - Text 'TestSt@ge' is set on object 'Object Repository/TestUserLocation/login_Password'

2019-03-08 12:09:41 - [TEST_STEP][PASSED] - AdminTool_Location.setLocationName(): AdminTool_Location.setLocationName is PASSED

2019-03-08 12:09:47 - [MESSAGE][PASSED] - AdminTool_Location.setLocationName is PASSED

2019-03-08 12:09:47 - [TEST_STEP][PASSED] - click(findTestObject("TestUserLocation/login_Button")): Object: 'Object Repository/TestUserLocation/login_Button' is clicked on

2019-03-08 12:09:48 - [MESSAGE][PASSED] - Object: 'Object Repository/TestUserLocation/login_Button' is clicked on

2019-03-08 12:09:48 - [TEST_STEP][PASSED] - waitForElementClickable(findTestObject("TestUserLocation/mainmenu_button"), 30): Object 'Object Repository/TestUserLocation/mainmenu_button' is clickable

2019-03-08 12:09:53 - [MESSAGE][PASSED] - Object 'Object Repository/TestUserLocation/mainmenu_button' is clickable

2019-03-08 12:09:53 - [TEST_STEP][PASSED] - Thread.sleep(2000): null

2019-03-08 12:09:55 - [TEST_STEP][PASSED] - AdminTool_Location.setLocationNameInLocation(): AdminTool_Location.setLocationNameInLocation is PASSED

2019-03-08 12:09:59 - [MESSAGE][PASSED] - AdminTool_Location.setLocationNameInLocation is PASSED

2019-03-08 12:09:59 - [TEST_STEP][PASSED] - click(findTestObject("TestUserLocation/mainmenu_button")): Object: 'Object Repository/TestUserLocation/mainmenu_button' is clicked on

2019-03-08 12:09:59 - [MESSAGE][PASSED] - Object: 'Object Repository/TestUserLocation/mainmenu_button' is clicked on

2019-03-08 12:09:59 - [TEST_STEP][PASSED] - Thread.sleep(2000): null

2019-03-08 12:10:01 - [TEST_STEP][PASSED] - click(findTestObject("TestUserLocation/adminTool")): Object: 'Object Repository/TestUserLocation/adminTool' is clicked on

2019-03-08 12:10:01 - [MESSAGE][PASSED] - Object: 'Object Repository/TestUserLocation/adminTool' is clicked on

2019-03-08 12:10:01 - [TEST_STEP][PASSED] - Thread.sleep(2000): null

2019-03-08 12:10:03 - [TEST_STEP][PASSED] - click(findTestObject("TestUserLocation/mainMenuResourceDesigner")): Object: 'Object Repository/TestUserLocation/mainMenuResourceDesigner' is clicked on

2019-03-08 12:10:04 - [MESSAGE][PASSED] - Object: 'Object Repository/TestUserLocation/mainMenuResourceDesigner' is clicked on

2019-03-08 12:10:04 - [TEST_STEP][PASSED] - waitForElementClickable(findTestObject("TestUserLocation/locations"), 30): Object 'Object Repository/TestUserLocation/locations' is clickable

2019-03-08 12:10:04 - [MESSAGE][PASSED] - Object 'Object Repository/TestUserLocation/locations' is clickable

2019-03-08 12:10:04 - [TEST_STEP][PASSED] - Thread.sleep(2000): null

2019-03-08 12:10:06 - [TEST_STEP][PASSED] - click(findTestObject("TestUserLocation/locations")): Object: 'Object Repository/TestUserLocation/locations' is clicked on

2019-03-08 12:10:06 - [MESSAGE][PASSED] - Object: 'Object Repository/TestUserLocation/locations' is clicked on

2019-03-08 12:10:06 - [TEST_STEP][PASSED] - Thread.sleep(2000): null

2019-03-08 12:10:08 - [TEST_STEP][PASSED] - waitForElementClickable(findTestObject("TestUserLocation/testAttLoad"), 30): Object 'Object Repository/TestUserLocation/testAttLoad' is clickable

2019-03-08 12:10:09 - [MESSAGE][PASSED] - Object 'Object Repository/TestUserLocation/testAttLoad' is clickable

2019-03-08 12:10:09 - [TEST_STEP][PASSED] - waitForElementClickable(findTestObject("TestUserLocation/categories"), 30): Object 'Object Repository/TestUserLocation/categories' is clickable

2019-03-08 12:10:09 - [MESSAGE][PASSED] - Object 'Object Repository/TestUserLocation/categories' is clickable

2019-03-08 12:10:09 - [TEST_STEP][PASSED] - Thread.sleep(4000): null

2019-03-08 12:10:13 - [TEST_STEP][PASSED] - click(findTestObject("TestUserLocation/categories")): Object: 'Object Repository/TestUserLocation/categories' is clicked on

2019-03-08 12:10:13 - [MESSAGE][PASSED] - Object: 'Object Repository/TestUserLocation/categories' is clicked on

2019-03-08 12:10:13 - [TEST_STEP][PASSED] - Thread.sleep(2000): null

2019-03-08 12:10:15 - [TEST_STEP][PASSED] - click(findTestObject("TestUserLocation/defaultArea")): Object: 'Object Repository/TestUserLocation/defaultArea' is clicked on

2019-03-08 12:10:15 - [MESSAGE][PASSED] - Object: 'Object Repository/TestUserLocation/defaultArea' is clicked on

2019-03-08 12:10:15 - [TEST_STEP][PASSED] - click(findTestObject("TestUserLocation/hoverHeading")): Object: 'Object Repository/TestUserLocation/hoverHeading' is clicked on

2019-03-08 12:10:15 - [MESSAGE][PASSED] - Object: 'Object Repository/TestUserLocation/hoverHeading' is clicked on

2019-03-08 12:10:15 - [TEST_STEP][PASSED] - click(findTestObject("TestUserLocation/addPlusIcon")): Object: 'Object Repository/TestUserLocation/addPlusIcon' is clicked on

2019-03-08 12:10:15 - [MESSAGE][PASSED] - Object: 'Object Repository/TestUserLocation/addPlusIcon' is clicked on

2019-03-08 12:10:15 - [TEST_STEP][PASSED] - Thread.sleep(2000): null

2019-03-08 12:10:17 - [TEST_STEP][PASSED] - setText(findTestObject("TestUserLocation/setNewName"), findTestData("LocationData").getValue("LocationName", 1)): Text 'Location_08/03/19-12:09' is set on object 'Object Repository/TestUserLocation/setNewName'

2019-03-08 12:10:18 - [MESSAGE][PASSED] - Text 'Location_08/03/19-12:09' is set on object 'Object Repository/TestUserLocation/setNewName'

2019-03-08 12:10:18 - [TEST_STEP][PASSED] - Thread.sleep(2000): null

2019-03-08 12:10:20 - [TEST_STEP][PASSED] - click(findTestObject("TestUserLocation/saveButton")): Object: 'Object Repository/TestUserLocation/saveButton' is clicked on

2019-03-08 12:10:20 - [MESSAGE][PASSED] - Object: 'Object Repository/TestUserLocation/saveButton' is clicked on

2019-03-08 12:10:20 - [TEST_STEP][PASSED] - waitForElementClickable(findTestObject("TestUserLocation/mainmenu_button"), 30): Object 'Object Repository/TestUserLocation/mainmenu_button' is clickable

2019-03-08 12:10:22 - [MESSAGE][PASSED] - Object 'Object Repository/TestUserLocation/mainmenu_button' is clickable

2019-03-08 12:10:22 - [TEST_STEP][PASSED] - AdminTool_Location.moveCursor(): AdminTool_Location.moveCursor is PASSED

2019-03-08 12:10:22 - [MESSAGE][PASSED] - AdminTool_Location.moveCursor is PASSED

2019-03-08 12:10:22 - [TEST_STEP][PASSED] - Thread.sleep(2000): null

2019-03-08 12:10:24 - [TEST_STEP][PASSED] - click(findTestObject("TestUserLocation/mainmenu_button")): Object: 'Object Repository/TestUserLocation/mainmenu_button' is clicked on

2019-03-08 12:10:24 - [MESSAGE][PASSED] - Object: 'Object Repository/TestUserLocation/mainmenu_button' is clicked on

2019-03-08 12:10:24 - [TEST_STEP][PASSED] - click(findTestObject("TestUserLocation/mainMenuLocation")): Object: 'Object Repository/TestUserLocation/mainMenuLocation' is clicked on

2019-03-08 12:10:24 - [MESSAGE][PASSED] - Object: 'Object Repository/TestUserLocation/mainMenuLocation' is clicked on

2019-03-08 12:10:24 - [TEST_STEP][PASSED] - waitForElementClickable(findTestObject("TestUserLocation/firstLocationVisable"), 30): Object 'Object Repository/TestUserLocation/firstLocationVisable' is clickable

2019-03-08 12:10:27 - [MESSAGE][PASSED] - Object 'Object Repository/TestUserLocation/firstLocationVisable' is clickable

2019-03-08 12:10:27 - [TEST_STEP][PASSED] - Thread.sleep(2000): null

2019-03-08 12:10:29 - [TEST_STEP][PASSED] - AdminTool_Location.selectLocation(): Element has been clicked

2019-03-08 12:10:34 - [MESSAGE][PASSED] - Element has been clicked

2019-03-08 12:10:34 - [TEST_STEP][PASSED] - click(findTestObject("TestUserLocation/addPlusIcon")): Object: 'Object Repository/TestUserLocation/addPlusIcon' is clicked on

2019-03-08 12:10:34 - [MESSAGE][PASSED] - Object: 'Object Repository/TestUserLocation/addPlusIcon' is clicked on

2019-03-08 12:10:34 - [TEST_STEP][PASSED] - Thread.sleep(2000): null

2019-03-08 12:10:36 - [TEST_STEP][PASSED] - setText(findTestObject("TestUserLocation/setNewName"), findTestData("LocationData").getValue("SubLocationName", 1)): Text 'SubLocation1_08/03/19-12:09' is set on object 'Object Repository/TestUserLocation/setNewName'

2019-03-08 12:10:37 - [MESSAGE][PASSED] - Text 'SubLocation1_08/03/19-12:09' is set on object 'Object Repository/TestUserLocation/setNewName'

2019-03-08 12:10:37 - [TEST_STEP][PASSED] - Thread.sleep(2000): null

2019-03-08 12:10:39 - [TEST_STEP][PASSED] - click(findTestObject("TestUserLocation/saveLocationDetailButton")): Object: 'Object Repository/TestUserLocation/saveLocationDetailButton' is clicked on

2019-03-08 12:10:39 - [MESSAGE][PASSED] - Object: 'Object Repository/TestUserLocation/saveLocationDetailButton' is clicked on

2019-03-08 12:10:39 - [TEST_STEP][PASSED] - waitForElementClickable(findTestObject("TestUserLocation/customerSelect"), 30): Object 'Object Repository/TestUserLocation/customerSelect' is clickable

2019-03-08 12:10:39 - [MESSAGE][PASSED] - Object 'Object Repository/TestUserLocation/customerSelect' is clickable

2019-03-08 12:10:39 - [TEST_STEP][PASSED] - Thread.sleep(2000): null

2019-03-08 12:10:41 - [TEST_STEP][PASSED] - click(findTestObject("TestUserLocation/customerSelect")): Object: 'Object Repository/TestUserLocation/customerSelect' is clicked on

2019-03-08 12:10:41 - [MESSAGE][PASSED] - Object: 'Object Repository/TestUserLocation/customerSelect' is clicked on

2019-03-08 12:10:41 - [TEST_STEP][PASSED] - waitForElementClickable(findTestObject("TestUserLocation/select4ResouceInCustomer"), 30): Object 'Object Repository/TestUserLocation/select4ResouceInCustomer' is clickable

2019-03-08 12:10:42 - [MESSAGE][PASSED] - Object 'Object Repository/TestUserLocation/select4ResouceInCustomer' is clickable

2019-03-08 12:10:42 - [TEST_STEP][PASSED] - Thread.sleep(2000): null

2019-03-08 12:10:44 - [TEST_STEP][PASSED] - check(findTestObject("TestUserLocation/select4ResouceInCustomer")): Object 'Object Repository/TestUserLocation/select4ResouceInCustomer' is checked

2019-03-08 12:10:44 - [MESSAGE][PASSED] - Object 'Object Repository/TestUserLocation/select4ResouceInCustomer' is checked

2019-03-08 12:10:44 - [TEST_STEP][PASSED] - Thread.sleep(2000): null

2019-03-08 12:10:46 - [TEST_STEP][PASSED] - click(findTestObject("TestUserLocation/saveLocationDetailButton")): Object: 'Object Repository/TestUserLocation/saveLocationDetailButton' is clicked on

2019-03-08 12:10:47 - [MESSAGE][PASSED] - Object: 'Object Repository/TestUserLocation/saveLocationDetailButton' is clicked on

2019-03-08 12:10:47 - [TEST_STEP][PASSED] - waitForElementClickable(findTestObject("TestUserLocation/select4ResouceInCustomer"), 30): Object 'Object Repository/TestUserLocation/select4ResouceInCustomer' is clickable

2019-03-08 12:10:48 - [MESSAGE][PASSED] - Object 'Object Repository/TestUserLocation/select4ResouceInCustomer' is clickable

2019-03-08 12:10:48 - [TEST_STEP][PASSED] - Thread.sleep(2000): null]]></system-out>
         <system-err><![CDATA[]]></system-err>
      </testcase>
      <testcase name="Test Cases/Data-Security/CreateRes_Customer" classname="Test Cases/Data-Security/CreateRes_Customer" status="PASSED">
         <system-out><![CDATA[2019-03-08 12:10:50 - [TEST_CASE][PASSED] - Test Cases/Data-Security/CreateRes_Customer: Test Cases/Data-Security/CreateRes_Customer

2019-03-08 12:10:50 - [TEST_STEP][NOT_RUN] - openBrowser(URL): NOT_RUN: openBrowser(URL)

2019-03-08 12:10:50 - [MESSAGE][NOT_RUN] - NOT_RUN: openBrowser(URL)

2019-03-08 12:10:50 - [TEST_STEP][NOT_RUN] - maximizeWindow(): NOT_RUN: maximizeWindow()

2019-03-08 12:10:50 - [MESSAGE][NOT_RUN] - NOT_RUN: maximizeWindow()

2019-03-08 12:10:50 - [TEST_STEP][NOT_RUN] - setText(findTestObject("TestUserLocation/login_Username"), UserName): NOT_RUN: setText(findTestObject("TestUserLocation/login_Username"), UserName)

2019-03-08 12:10:50 - [MESSAGE][NOT_RUN] - NOT_RUN: setText(findTestObject("TestUserLocation/login_Username"), UserName)

2019-03-08 12:10:50 - [TEST_STEP][NOT_RUN] - setText(findTestObject("TestUserLocation/login_Password"), Password): NOT_RUN: setText(findTestObject("TestUserLocation/login_Password"), Password)

2019-03-08 12:10:50 - [MESSAGE][NOT_RUN] - NOT_RUN: setText(findTestObject("TestUserLocation/login_Password"), Password)

2019-03-08 12:10:50 - [TEST_STEP][PASSED] - AdminTool_Location.setCustomerName(): AdminTool_Location.setCustomerName is PASSED

2019-03-08 12:10:50 - [MESSAGE][PASSED] - AdminTool_Location.setCustomerName is PASSED

2019-03-08 12:10:50 - [TEST_STEP][NOT_RUN] - click(findTestObject("TestUserLocation/login_Button")): NOT_RUN: click(findTestObject("TestUserLocation/login_Button"))

2019-03-08 12:10:50 - [MESSAGE][NOT_RUN] - NOT_RUN: click(findTestObject("TestUserLocation/login_Button"))

2019-03-08 12:10:50 - [TEST_STEP][PASSED] - Thread.sleep(4000): null

2019-03-08 12:10:54 - [TEST_STEP][PASSED] - click(findTestObject("TestUserLocation/mainmenu_button")): Object: 'Object Repository/TestUserLocation/mainmenu_button' is clicked on

2019-03-08 12:10:54 - [MESSAGE][PASSED] - Object: 'Object Repository/TestUserLocation/mainmenu_button' is clicked on

2019-03-08 12:10:54 - [TEST_STEP][NOT_RUN] - click(findTestObject("TestUserLocation/adminTool")): NOT_RUN: click(findTestObject("TestUserLocation/adminTool"))

2019-03-08 12:10:54 - [MESSAGE][NOT_RUN] - NOT_RUN: click(findTestObject("TestUserLocation/adminTool"))

2019-03-08 12:10:54 - [TEST_STEP][PASSED] - click(findTestObject("TestUserLocation/mainMenuResourceDesigner")): Object: 'Object Repository/TestUserLocation/mainMenuResourceDesigner' is clicked on

2019-03-08 12:10:54 - [MESSAGE][PASSED] - Object: 'Object Repository/TestUserLocation/mainMenuResourceDesigner' is clicked on

2019-03-08 12:10:55 - [TEST_STEP][PASSED] - Thread.sleep(4000): null

2019-03-08 12:10:59 - [TEST_STEP][PASSED] - click(findTestObject("TestResource/customers")): Object: 'Object Repository/TestResource/customers' is clicked on

2019-03-08 12:10:59 - [MESSAGE][PASSED] - Object: 'Object Repository/TestResource/customers' is clicked on

2019-03-08 12:10:59 - [TEST_STEP][PASSED] - Thread.sleep(4000): null

2019-03-08 12:11:03 - [TEST_STEP][PASSED] - waitForElementClickable(findTestObject("TestUserLocation/categories"), 45): Object 'Object Repository/TestUserLocation/categories' is clickable

2019-03-08 12:11:03 - [MESSAGE][PASSED] - Object 'Object Repository/TestUserLocation/categories' is clickable

2019-03-08 12:11:03 - [TEST_STEP][PASSED] - Thread.sleep(2000): null

2019-03-08 12:11:05 - [TEST_STEP][PASSED] - click(findTestObject("TestUserLocation/categories")): Object: 'Object Repository/TestUserLocation/categories' is clicked on

2019-03-08 12:11:05 - [MESSAGE][PASSED] - Object: 'Object Repository/TestUserLocation/categories' is clicked on

2019-03-08 12:11:05 - [TEST_STEP][PASSED] - Thread.sleep(2000): null

2019-03-08 12:11:07 - [TEST_STEP][PASSED] - click(findTestObject("TestUserLocation/defaultArea")): Object: 'Object Repository/TestUserLocation/defaultArea' is clicked on

2019-03-08 12:11:07 - [MESSAGE][PASSED] - Object: 'Object Repository/TestUserLocation/defaultArea' is clicked on

2019-03-08 12:11:07 - [TEST_STEP][PASSED] - Thread.sleep(2000): null

2019-03-08 12:11:09 - [TEST_STEP][PASSED] - waitForElementClickable(findTestObject("TestUserLocation/hoverHeading"), 45): Object 'Object Repository/TestUserLocation/hoverHeading' is clickable

2019-03-08 12:11:09 - [MESSAGE][PASSED] - Object 'Object Repository/TestUserLocation/hoverHeading' is clickable

2019-03-08 12:11:09 - [TEST_STEP][PASSED] - click(findTestObject("TestUserLocation/hoverHeading")): Object: 'Object Repository/TestUserLocation/hoverHeading' is clicked on

2019-03-08 12:11:09 - [MESSAGE][PASSED] - Object: 'Object Repository/TestUserLocation/hoverHeading' is clicked on

2019-03-08 12:11:09 - [TEST_STEP][PASSED] - click(findTestObject("TestUserLocation/addPlusIcon")): Object: 'Object Repository/TestUserLocation/addPlusIcon' is clicked on

2019-03-08 12:11:09 - [MESSAGE][PASSED] - Object: 'Object Repository/TestUserLocation/addPlusIcon' is clicked on

2019-03-08 12:11:09 - [TEST_STEP][PASSED] - setText(findTestObject("TestUserLocation/setNewName"), findTestData("LocationData").getValue("CustomerName", 1)): Text 'Customer_08/03/19-12:10' is set on object 'Object Repository/TestUserLocation/setNewName'

2019-03-08 12:11:10 - [MESSAGE][PASSED] - Text 'Customer_08/03/19-12:10' is set on object 'Object Repository/TestUserLocation/setNewName'

2019-03-08 12:11:10 - [TEST_STEP][PASSED] - Thread.sleep(2000): null

2019-03-08 12:11:12 - [TEST_STEP][PASSED] - click(findTestObject("TestUserLocation/saveButton")): Object: 'Object Repository/TestUserLocation/saveButton' is clicked on

2019-03-08 12:11:12 - [MESSAGE][PASSED] - Object: 'Object Repository/TestUserLocation/saveButton' is clicked on

2019-03-08 12:11:12 - [TEST_STEP][PASSED] - Thread.sleep(4000): null

2019-03-08 12:11:16 - [TEST_STEP][PASSED] - click(findTestObject("TestUserLocation/mainmenu_button")): Object: 'Object Repository/TestUserLocation/mainmenu_button' is clicked on

2019-03-08 12:11:16 - [MESSAGE][PASSED] - Object: 'Object Repository/TestUserLocation/mainmenu_button' is clicked on

2019-03-08 12:11:16 - [TEST_STEP][PASSED] - Thread.sleep(2000): null

2019-03-08 12:11:18 - [TEST_STEP][PASSED] - click(findTestObject("TestResource/mainMenu_resources")): Object: 'Object Repository/TestResource/mainMenu_resources' is clicked on

2019-03-08 12:11:19 - [MESSAGE][PASSED] - Object: 'Object Repository/TestResource/mainMenu_resources' is clicked on

2019-03-08 12:11:19 - [TEST_STEP][PASSED] - Thread.sleep(4000): null

2019-03-08 12:11:23 - [TEST_STEP][PASSED] - click(findTestObject("TestResource/customers")): Object: 'Object Repository/TestResource/customers' is clicked on

2019-03-08 12:11:23 - [MESSAGE][PASSED] - Object: 'Object Repository/TestResource/customers' is clicked on

2019-03-08 12:11:23 - [TEST_STEP][PASSED] - Thread.sleep(4000): null

2019-03-08 12:11:27 - [TEST_STEP][PASSED] - AdminTool_Location.selectCustomer(): Element has been clicked

2019-03-08 12:11:29 - [MESSAGE][PASSED] - Element has been clicked

2019-03-08 12:11:29 - [TEST_STEP][PASSED] - Thread.sleep(4000): null

2019-03-08 12:11:33 - [TEST_STEP][PASSED] - waitForElementClickable(findTestObject("TestUserLocation/addPlusIcon"), 45): Object 'Object Repository/TestUserLocation/addPlusIcon' is clickable

2019-03-08 12:11:33 - [MESSAGE][PASSED] - Object 'Object Repository/TestUserLocation/addPlusIcon' is clickable

2019-03-08 12:11:33 - [TEST_STEP][PASSED] - click(findTestObject("TestUserLocation/addPlusIcon")): Object: 'Object Repository/TestUserLocation/addPlusIcon' is clicked on

2019-03-08 12:11:33 - [MESSAGE][PASSED] - Object: 'Object Repository/TestUserLocation/addPlusIcon' is clicked on

2019-03-08 12:11:33 - [TEST_STEP][PASSED] - Thread.sleep(2000): null

2019-03-08 12:11:35 - [TEST_STEP][PASSED] - setText(findTestObject("TestUserLocation/setNewName"), findTestData("LocationData").getValue("SubCustomerName1", 1)): Text 'SubCustomer1_08/03/19-12:10' is set on object 'Object Repository/TestUserLocation/setNewName'

2019-03-08 12:11:36 - [MESSAGE][PASSED] - Text 'SubCustomer1_08/03/19-12:10' is set on object 'Object Repository/TestUserLocation/setNewName'

2019-03-08 12:11:36 - [TEST_STEP][PASSED] - Thread.sleep(2000): null

2019-03-08 12:11:38 - [TEST_STEP][PASSED] - Submission.createResource(): Submission.createResource is PASSED

2019-03-08 12:12:20 - [MESSAGE][PASSED] - Submission.createResource is PASSED

2019-03-08 12:12:20 - [TEST_STEP][PASSED] - Thread.sleep(2000): null

2019-03-08 12:12:22 - [TEST_STEP][PASSED] - click(findTestObject("TestResource/saveDetailButton")): Object: 'Object Repository/TestResource/saveDetailButton' is clicked on

2019-03-08 12:12:22 - [MESSAGE][PASSED] - Object: 'Object Repository/TestResource/saveDetailButton' is clicked on

2019-03-08 12:12:22 - [TEST_STEP][PASSED] - AdminTool_Location.moveCursor(): AdminTool_Location.moveCursor is PASSED

2019-03-08 12:12:22 - [MESSAGE][PASSED] - AdminTool_Location.moveCursor is PASSED

2019-03-08 12:12:22 - [TEST_STEP][PASSED] - Thread.sleep(7000): null

2019-03-08 12:12:29 - [TEST_STEP][PASSED] - click(findTestObject("TestResource/disableResource")): Object: 'Object Repository/TestResource/disableResource' is clicked on

2019-03-08 12:12:30 - [MESSAGE][PASSED] - Object: 'Object Repository/TestResource/disableResource' is clicked on

2019-03-08 12:12:30 - [TEST_STEP][PASSED] - Thread.sleep(2000): null

2019-03-08 12:12:32 - [TEST_STEP][PASSED] - click(findTestObject("TestResource/button2Yes")): Object: 'Object Repository/TestResource/button2Yes' is clicked on

2019-03-08 12:12:32 - [MESSAGE][PASSED] - Object: 'Object Repository/TestResource/button2Yes' is clicked on

2019-03-08 12:12:32 - [TEST_STEP][PASSED] - Thread.sleep(2000): null

2019-03-08 12:12:34 - [TEST_STEP][PASSED] - click(findTestObject("TestResource/saveDetailButton")): Object: 'Object Repository/TestResource/saveDetailButton' is clicked on

2019-03-08 12:12:34 - [MESSAGE][PASSED] - Object: 'Object Repository/TestResource/saveDetailButton' is clicked on

2019-03-08 12:12:34 - [TEST_STEP][PASSED] - waitForElementClickable(findTestObject("TestResource/locationTab"), 45): Object 'Object Repository/TestResource/locationTab' is clickable

2019-03-08 12:12:34 - [MESSAGE][PASSED] - Object 'Object Repository/TestResource/locationTab' is clickable

2019-03-08 12:12:34 - [TEST_STEP][PASSED] - Thread.sleep(7000): null

2019-03-08 12:12:41 - [TEST_STEP][PASSED] - click(findTestObject("TestResource/locationTab")): Object: 'Object Repository/TestResource/locationTab' is clicked on

2019-03-08 12:12:41 - [MESSAGE][PASSED] - Object: 'Object Repository/TestResource/locationTab' is clicked on

2019-03-08 12:12:41 - [TEST_STEP][PASSED] - Thread.sleep(5000): null

2019-03-08 12:12:46 - [TEST_STEP][PASSED] - AdminTool_Location.checkLocation(): AdminTool_Location.checkLocation is PASSED

2019-03-08 12:12:48 - [MESSAGE][PASSED] - AdminTool_Location.checkLocation is PASSED

2019-03-08 12:12:48 - [TEST_STEP][PASSED] - Thread.sleep(4000): null

2019-03-08 12:12:52 - [TEST_STEP][PASSED] - click(findTestObject("TestResource/saveLocation")): Object: 'Object Repository/TestResource/saveLocation' is clicked on

2019-03-08 12:12:53 - [MESSAGE][PASSED] - Object: 'Object Repository/TestResource/saveLocation' is clicked on

2019-03-08 12:12:53 - [TEST_STEP][PASSED] - Thread.sleep(2000): null

2019-03-08 12:12:55 - [TEST_STEP][PASSED] - click(findTestObject("TestUserLocation/mainmenu_button")): Object: 'Object Repository/TestUserLocation/mainmenu_button' is clicked on

2019-03-08 12:12:55 - [MESSAGE][PASSED] - Object: 'Object Repository/TestUserLocation/mainmenu_button' is clicked on

2019-03-08 12:12:55 - [TEST_STEP][PASSED] - Thread.sleep(2000): null

2019-03-08 12:12:57 - [TEST_STEP][PASSED] - click(findTestObject("TestResource/mainMenu_resources")): Object: 'Object Repository/TestResource/mainMenu_resources' is clicked on

2019-03-08 12:13:02 - [MESSAGE][PASSED] - Object: 'Object Repository/TestResource/mainMenu_resources' is clicked on

2019-03-08 12:13:02 - [TEST_STEP][PASSED] - Thread.sleep(4000): null

2019-03-08 12:13:06 - [TEST_STEP][PASSED] - click(findTestObject("TestResource/customers")): Object: 'Object Repository/TestResource/customers' is clicked on

2019-03-08 12:13:06 - [MESSAGE][PASSED] - Object: 'Object Repository/TestResource/customers' is clicked on

2019-03-08 12:13:06 - [TEST_STEP][PASSED] - Thread.sleep(4000): null

2019-03-08 12:13:10 - [TEST_STEP][PASSED] - AdminTool_Location.selectCustomer(): Element has been clicked

2019-03-08 12:13:12 - [MESSAGE][PASSED] - Element has been clicked

2019-03-08 12:13:12 - [TEST_STEP][PASSED] - Thread.sleep(4000): null

2019-03-08 12:13:16 - [TEST_STEP][PASSED] - waitForElementClickable(findTestObject("TestUserLocation/addPlusIcon"), 45): Object 'Object Repository/TestUserLocation/addPlusIcon' is clickable

2019-03-08 12:13:16 - [MESSAGE][PASSED] - Object 'Object Repository/TestUserLocation/addPlusIcon' is clickable

2019-03-08 12:13:16 - [TEST_STEP][PASSED] - click(findTestObject("TestUserLocation/addPlusIcon")): Object: 'Object Repository/TestUserLocation/addPlusIcon' is clicked on

2019-03-08 12:13:39 - [MESSAGE][PASSED] - Object: 'Object Repository/TestUserLocation/addPlusIcon' is clicked on

2019-03-08 12:13:39 - [TEST_STEP][PASSED] - Thread.sleep(2000): null

2019-03-08 12:13:41 - [TEST_STEP][PASSED] - setText(findTestObject("TestUserLocation/setNewName"), findTestData("LocationData").getValue("SubCustomerName2", 1)): Text 'SubCustomer2_08/03/19-12:10' is set on object 'Object Repository/TestUserLocation/setNewName'

2019-03-08 12:13:42 - [MESSAGE][PASSED] - Text 'SubCustomer2_08/03/19-12:10' is set on object 'Object Repository/TestUserLocation/setNewName'

2019-03-08 12:13:42 - [TEST_STEP][PASSED] - Thread.sleep(2000): null

2019-03-08 12:13:44 - [TEST_STEP][PASSED] - Submission.createResource(): Submission.createResource is PASSED

2019-03-08 12:14:26 - [MESSAGE][PASSED] - Submission.createResource is PASSED

2019-03-08 12:14:26 - [TEST_STEP][PASSED] - Thread.sleep(2000): null

2019-03-08 12:14:28 - [TEST_STEP][PASSED] - click(findTestObject("TestResource/saveDetailButton")): Object: 'Object Repository/TestResource/saveDetailButton' is clicked on

2019-03-08 12:14:28 - [MESSAGE][PASSED] - Object: 'Object Repository/TestResource/saveDetailButton' is clicked on

2019-03-08 12:14:28 - [TEST_STEP][PASSED] - waitForElementClickable(findTestObject("TestResource/locationTab"), 45): Object 'Object Repository/TestResource/locationTab' is clickable

2019-03-08 12:14:28 - [MESSAGE][PASSED] - Object 'Object Repository/TestResource/locationTab' is clickable

2019-03-08 12:14:28 - [TEST_STEP][PASSED] - Thread.sleep(7000): null

2019-03-08 12:14:35 - [TEST_STEP][PASSED] - click(findTestObject("TestResource/locationTab")): Object: 'Object Repository/TestResource/locationTab' is clicked on

2019-03-08 12:14:35 - [MESSAGE][PASSED] - Object: 'Object Repository/TestResource/locationTab' is clicked on

2019-03-08 12:14:35 - [TEST_STEP][PASSED] - Thread.sleep(5000): null

2019-03-08 12:14:40 - [TEST_STEP][PASSED] - AdminTool_Location.checkLocation(): AdminTool_Location.checkLocation is PASSED

2019-03-08 12:14:43 - [MESSAGE][PASSED] - AdminTool_Location.checkLocation is PASSED

2019-03-08 12:14:43 - [TEST_STEP][PASSED] - Thread.sleep(4000): null

2019-03-08 12:14:47 - [TEST_STEP][PASSED] - click(findTestObject("TestResource/saveLocation")): Object: 'Object Repository/TestResource/saveLocation' is clicked on

2019-03-08 12:14:47 - [MESSAGE][PASSED] - Object: 'Object Repository/TestResource/saveLocation' is clicked on

2019-03-08 12:14:47 - [TEST_STEP][PASSED] - Thread.sleep(2000): null]]></system-out>
         <system-err><![CDATA[]]></system-err>
      </testcase>
      <testcase name="Test Cases/Data-Security/CreateRes_Equipment" classname="Test Cases/Data-Security/CreateRes_Equipment" status="FAILED">
         <failure type="FAILED" message="Test Cases/Data-Security/CreateRes_Equipment FAILED.
Reason:
com.kms.katalon.core.exception.StepFailedException: Fail to click on element
	at com.kms.katalon.core.util.KeywordUtil.markFailed(KeywordUtil.java:18)
	at com.kms.katalon.core.util.KeywordUtil$markFailed$0.call(Unknown Source)
	at AdminTool_Location.checkLocation2(AdminTool_Location.groovy:616)
	at AdminTool_Location.invokeMethod(AdminTool_Location.groovy)
	at com.kms.katalon.core.main.CustomKeywordDelegatingMetaClass.invokeStaticMethod(CustomKeywordDelegatingMetaClass.java:49)
	at CreateRes_Equipment.run(CreateRes_Equipment:123)
	at com.kms.katalon.core.main.ScriptEngine.run(ScriptEngine.java:194)
	at com.kms.katalon.core.main.ScriptEngine.runScriptAsRawText(ScriptEngine.java:119)
	at com.kms.katalon.core.main.TestCaseExecutor.runScript(TestCaseExecutor.java:331)
	at com.kms.katalon.core.main.TestCaseExecutor.doExecute(TestCaseExecutor.java:322)
	at com.kms.katalon.core.main.TestCaseExecutor.processExecutionPhase(TestCaseExecutor.java:301)
	at com.kms.katalon.core.main.TestCaseExecutor.accessMainPhase(TestCaseExecutor.java:293)
	at com.kms.katalon.core.main.TestCaseExecutor.execute(TestCaseExecutor.java:227)
	at com.kms.katalon.core.main.TestSuiteExecutor.accessTestCaseMainPhase(TestSuiteExecutor.java:129)
	at com.kms.katalon.core.main.TestSuiteExecutor.accessTestSuiteMainPhase(TestSuiteExecutor.java:112)
	at com.kms.katalon.core.main.TestSuiteExecutor.execute(TestSuiteExecutor.java:81)
	at com.kms.katalon.core.main.TestCaseMain.startTestSuite(TestCaseMain.java:157)
	at com.kms.katalon.core.main.TestCaseMain$startTestSuite$0.call(Unknown Source)
	at TempTestSuite1552027134166.run(TempTestSuite1552027134166.groovy:35)
"/>
         <system-out><![CDATA[2019-03-08 12:14:49 - [TEST_CASE][FAILED] - Test Cases/Data-Security/CreateRes_Equipment: Test Cases/Data-Security/CreateRes_Equipment FAILED.
Reason:
com.kms.katalon.core.exception.StepFailedException: Fail to click on element
	at com.kms.katalon.core.util.KeywordUtil.markFailed(KeywordUtil.java:18)
	at com.kms.katalon.core.util.KeywordUtil$markFailed$0.call(Unknown Source)
	at AdminTool_Location.checkLocation2(AdminTool_Location.groovy:616)
	at AdminTool_Location.invokeMethod(AdminTool_Location.groovy)
	at com.kms.katalon.core.main.CustomKeywordDelegatingMetaClass.invokeStaticMethod(CustomKeywordDelegatingMetaClass.java:49)
	at CreateRes_Equipment.run(CreateRes_Equipment:123)
	at com.kms.katalon.core.main.ScriptEngine.run(ScriptEngine.java:194)
	at com.kms.katalon.core.main.ScriptEngine.runScriptAsRawText(ScriptEngine.java:119)
	at com.kms.katalon.core.main.TestCaseExecutor.runScript(TestCaseExecutor.java:331)
	at com.kms.katalon.core.main.TestCaseExecutor.doExecute(TestCaseExecutor.java:322)
	at com.kms.katalon.core.main.TestCaseExecutor.processExecutionPhase(TestCaseExecutor.java:301)
	at com.kms.katalon.core.main.TestCaseExecutor.accessMainPhase(TestCaseExecutor.java:293)
	at com.kms.katalon.core.main.TestCaseExecutor.execute(TestCaseExecutor.java:227)
	at com.kms.katalon.core.main.TestSuiteExecutor.accessTestCaseMainPhase(TestSuiteExecutor.java:129)
	at com.kms.katalon.core.main.TestSuiteExecutor.accessTestSuiteMainPhase(TestSuiteExecutor.java:112)
	at com.kms.katalon.core.main.TestSuiteExecutor.execute(TestSuiteExecutor.java:81)
	at com.kms.katalon.core.main.TestCaseMain.startTestSuite(TestCaseMain.java:157)
	at com.kms.katalon.core.main.TestCaseMain$startTestSuite$0.call(Unknown Source)
	at TempTestSuite1552027134166.run(TempTestSuite1552027134166.groovy:35)


2019-03-08 12:14:49 - [TEST_STEP][NOT_RUN] - openBrowser(URL): NOT_RUN: openBrowser(URL)

2019-03-08 12:14:49 - [MESSAGE][NOT_RUN] - NOT_RUN: openBrowser(URL)

2019-03-08 12:14:49 - [TEST_STEP][NOT_RUN] - maximizeWindow(): NOT_RUN: maximizeWindow()

2019-03-08 12:14:49 - [MESSAGE][NOT_RUN] - NOT_RUN: maximizeWindow()

2019-03-08 12:14:49 - [TEST_STEP][NOT_RUN] - setText(findTestObject("TestUserLocation/login_Username"), UserName): NOT_RUN: setText(findTestObject("TestUserLocation/login_Username"), UserName)

2019-03-08 12:14:49 - [MESSAGE][NOT_RUN] - NOT_RUN: setText(findTestObject("TestUserLocation/login_Username"), UserName)

2019-03-08 12:14:49 - [TEST_STEP][NOT_RUN] - setText(findTestObject("TestUserLocation/login_Password"), Password): NOT_RUN: setText(findTestObject("TestUserLocation/login_Password"), Password)

2019-03-08 12:14:49 - [MESSAGE][NOT_RUN] - NOT_RUN: setText(findTestObject("TestUserLocation/login_Password"), Password)

2019-03-08 12:14:49 - [TEST_STEP][PASSED] - AdminTool_Location.setEquipmentName(): AdminTool_Location.setEquipmentName is PASSED

2019-03-08 12:14:49 - [MESSAGE][PASSED] - AdminTool_Location.setEquipmentName is PASSED

2019-03-08 12:14:49 - [TEST_STEP][NOT_RUN] - click(findTestObject("TestUserLocation/login_Button")): NOT_RUN: click(findTestObject("TestUserLocation/login_Button"))

2019-03-08 12:14:49 - [MESSAGE][NOT_RUN] - NOT_RUN: click(findTestObject("TestUserLocation/login_Button"))

2019-03-08 12:14:49 - [TEST_STEP][PASSED] - Thread.sleep(4000): null

2019-03-08 12:14:53 - [TEST_STEP][PASSED] - click(findTestObject("TestUserLocation/mainmenu_button")): Object: 'Object Repository/TestUserLocation/mainmenu_button' is clicked on

2019-03-08 12:14:53 - [MESSAGE][PASSED] - Object: 'Object Repository/TestUserLocation/mainmenu_button' is clicked on

2019-03-08 12:14:53 - [TEST_STEP][PASSED] - Thread.sleep(2000): null

2019-03-08 12:14:55 - [TEST_STEP][NOT_RUN] - click(findTestObject("TestUserLocation/adminTool")): NOT_RUN: click(findTestObject("TestUserLocation/adminTool"))

2019-03-08 12:14:55 - [MESSAGE][NOT_RUN] - NOT_RUN: click(findTestObject("TestUserLocation/adminTool"))

2019-03-08 12:14:55 - [TEST_STEP][PASSED] - click(findTestObject("TestUserLocation/mainMenuResourceDesigner")): Object: 'Object Repository/TestUserLocation/mainMenuResourceDesigner' is clicked on

2019-03-08 12:14:56 - [MESSAGE][PASSED] - Object: 'Object Repository/TestUserLocation/mainMenuResourceDesigner' is clicked on

2019-03-08 12:14:56 - [TEST_STEP][PASSED] - Thread.sleep(4000): null

2019-03-08 12:15:00 - [TEST_STEP][PASSED] - click(findTestObject("TestResource/equipment")): Object: 'Object Repository/TestResource/equipment' is clicked on

2019-03-08 12:15:00 - [MESSAGE][PASSED] - Object: 'Object Repository/TestResource/equipment' is clicked on

2019-03-08 12:15:00 - [TEST_STEP][PASSED] - Thread.sleep(4000): null

2019-03-08 12:15:04 - [TEST_STEP][PASSED] - waitForElementClickable(findTestObject("TestUserLocation/categories"), 45): Object 'Object Repository/TestUserLocation/categories' is clickable

2019-03-08 12:15:04 - [MESSAGE][PASSED] - Object 'Object Repository/TestUserLocation/categories' is clickable

2019-03-08 12:15:04 - [TEST_STEP][PASSED] - Thread.sleep(2000): null

2019-03-08 12:15:06 - [TEST_STEP][PASSED] - click(findTestObject("TestUserLocation/categories")): Object: 'Object Repository/TestUserLocation/categories' is clicked on

2019-03-08 12:15:06 - [MESSAGE][PASSED] - Object: 'Object Repository/TestUserLocation/categories' is clicked on

2019-03-08 12:15:06 - [TEST_STEP][PASSED] - Thread.sleep(2000): null

2019-03-08 12:15:08 - [TEST_STEP][PASSED] - click(findTestObject("TestUserLocation/defaultArea")): Object: 'Object Repository/TestUserLocation/defaultArea' is clicked on

2019-03-08 12:15:08 - [MESSAGE][PASSED] - Object: 'Object Repository/TestUserLocation/defaultArea' is clicked on

2019-03-08 12:15:08 - [TEST_STEP][PASSED] - Thread.sleep(2000): null

2019-03-08 12:15:10 - [TEST_STEP][PASSED] - click(findTestObject("TestUserLocation/hoverHeading")): Object: 'Object Repository/TestUserLocation/hoverHeading' is clicked on

2019-03-08 12:15:10 - [MESSAGE][PASSED] - Object: 'Object Repository/TestUserLocation/hoverHeading' is clicked on

2019-03-08 12:15:10 - [TEST_STEP][PASSED] - click(findTestObject("TestUserLocation/addPlusIcon")): Object: 'Object Repository/TestUserLocation/addPlusIcon' is clicked on

2019-03-08 12:15:10 - [MESSAGE][PASSED] - Object: 'Object Repository/TestUserLocation/addPlusIcon' is clicked on

2019-03-08 12:15:10 - [TEST_STEP][PASSED] - setText(findTestObject("TestUserLocation/setNewName"), findTestData("LocationData").getValue("EquipmentName", 1)): Text 'Equipment_08/03/19-12:14' is set on object 'Object Repository/TestUserLocation/setNewName'

2019-03-08 12:15:11 - [MESSAGE][PASSED] - Text 'Equipment_08/03/19-12:14' is set on object 'Object Repository/TestUserLocation/setNewName'

2019-03-08 12:15:11 - [TEST_STEP][PASSED] - Thread.sleep(2000): null

2019-03-08 12:15:13 - [TEST_STEP][PASSED] - click(findTestObject("TestUserLocation/saveButton")): Object: 'Object Repository/TestUserLocation/saveButton' is clicked on

2019-03-08 12:15:13 - [MESSAGE][PASSED] - Object: 'Object Repository/TestUserLocation/saveButton' is clicked on

2019-03-08 12:15:13 - [TEST_STEP][PASSED] - Thread.sleep(4000): null

2019-03-08 12:15:17 - [TEST_STEP][PASSED] - click(findTestObject("TestUserLocation/mainmenu_button")): Object: 'Object Repository/TestUserLocation/mainmenu_button' is clicked on

2019-03-08 12:15:17 - [MESSAGE][PASSED] - Object: 'Object Repository/TestUserLocation/mainmenu_button' is clicked on

2019-03-08 12:15:17 - [TEST_STEP][PASSED] - Thread.sleep(2000): null

2019-03-08 12:15:19 - [TEST_STEP][PASSED] - click(findTestObject("TestResource/mainMenu_resources")): Object: 'Object Repository/TestResource/mainMenu_resources' is clicked on

2019-03-08 12:15:19 - [MESSAGE][PASSED] - Object: 'Object Repository/TestResource/mainMenu_resources' is clicked on

2019-03-08 12:15:19 - [TEST_STEP][PASSED] - Thread.sleep(4000): null

2019-03-08 12:15:23 - [TEST_STEP][PASSED] - click(findTestObject("TestResource/equipment")): Object: 'Object Repository/TestResource/equipment' is clicked on

2019-03-08 12:15:23 - [MESSAGE][PASSED] - Object: 'Object Repository/TestResource/equipment' is clicked on

2019-03-08 12:15:23 - [TEST_STEP][PASSED] - Thread.sleep(4000): null

2019-03-08 12:15:27 - [TEST_STEP][PASSED] - AdminTool_Location.selectEquipment(): Element has been clicked

2019-03-08 12:15:27 - [MESSAGE][PASSED] - Element has been clicked

2019-03-08 12:15:27 - [TEST_STEP][PASSED] - Thread.sleep(4000): null

2019-03-08 12:15:31 - [TEST_STEP][PASSED] - waitForElementClickable(findTestObject("TestUserLocation/addPlusIcon"), 45): Object 'Object Repository/TestUserLocation/addPlusIcon' is clickable

2019-03-08 12:15:31 - [MESSAGE][PASSED] - Object 'Object Repository/TestUserLocation/addPlusIcon' is clickable

2019-03-08 12:15:31 - [TEST_STEP][PASSED] - click(findTestObject("TestUserLocation/addPlusIcon")): Object: 'Object Repository/TestUserLocation/addPlusIcon' is clicked on

2019-03-08 12:15:32 - [MESSAGE][PASSED] - Object: 'Object Repository/TestUserLocation/addPlusIcon' is clicked on

2019-03-08 12:15:32 - [TEST_STEP][PASSED] - Thread.sleep(2000): null

2019-03-08 12:15:34 - [TEST_STEP][PASSED] - setText(findTestObject("TestUserLocation/setNewName"), findTestData("LocationData").getValue("SubEquipmentName1", 1)): Text 'SubEquipment1_08/03/19-12:14' is set on object 'Object Repository/TestUserLocation/setNewName'

2019-03-08 12:15:34 - [MESSAGE][PASSED] - Text 'SubEquipment1_08/03/19-12:14' is set on object 'Object Repository/TestUserLocation/setNewName'

2019-03-08 12:15:34 - [TEST_STEP][PASSED] - Thread.sleep(2000): null

2019-03-08 12:15:36 - [TEST_STEP][PASSED] - Submission.createResource(): Submission.createResource is PASSED

2019-03-08 12:15:46 - [MESSAGE][PASSED] - Submission.createResource is PASSED

2019-03-08 12:15:46 - [TEST_STEP][PASSED] - Thread.sleep(2000): null

2019-03-08 12:15:48 - [TEST_STEP][PASSED] - click(findTestObject("TestResource/saveDetailButton")): Object: 'Object Repository/TestResource/saveDetailButton' is clicked on

2019-03-08 12:15:49 - [MESSAGE][PASSED] - Object: 'Object Repository/TestResource/saveDetailButton' is clicked on

2019-03-08 12:15:49 - [TEST_STEP][PASSED] - AdminTool_Location.moveCursor(): AdminTool_Location.moveCursor is PASSED

2019-03-08 12:15:49 - [MESSAGE][PASSED] - AdminTool_Location.moveCursor is PASSED

2019-03-08 12:15:49 - [TEST_STEP][PASSED] - Thread.sleep(7000): null

2019-03-08 12:15:56 - [TEST_STEP][PASSED] - click(findTestObject("TestResource/disableResource")): Object: 'Object Repository/TestResource/disableResource' is clicked on

2019-03-08 12:15:56 - [MESSAGE][PASSED] - Object: 'Object Repository/TestResource/disableResource' is clicked on

2019-03-08 12:15:56 - [TEST_STEP][PASSED] - Thread.sleep(2000): null

2019-03-08 12:15:58 - [TEST_STEP][PASSED] - click(findTestObject("TestResource/button2Yes")): Object: 'Object Repository/TestResource/button2Yes' is clicked on

2019-03-08 12:15:58 - [MESSAGE][PASSED] - Object: 'Object Repository/TestResource/button2Yes' is clicked on

2019-03-08 12:15:58 - [TEST_STEP][PASSED] - Thread.sleep(2000): null

2019-03-08 12:16:00 - [TEST_STEP][PASSED] - click(findTestObject("TestResource/saveDetailButton")): Object: 'Object Repository/TestResource/saveDetailButton' is clicked on

2019-03-08 12:16:00 - [MESSAGE][PASSED] - Object: 'Object Repository/TestResource/saveDetailButton' is clicked on

2019-03-08 12:16:00 - [TEST_STEP][PASSED] - waitForElementClickable(findTestObject("TestResource/locationTab"), 45): Object 'Object Repository/TestResource/locationTab' is clickable

2019-03-08 12:16:00 - [MESSAGE][PASSED] - Object 'Object Repository/TestResource/locationTab' is clickable

2019-03-08 12:16:00 - [TEST_STEP][PASSED] - Thread.sleep(7000): null

2019-03-08 12:16:07 - [TEST_STEP][PASSED] - click(findTestObject("TestResource/locationTab")): Object: 'Object Repository/TestResource/locationTab' is clicked on

2019-03-08 12:16:07 - [MESSAGE][PASSED] - Object: 'Object Repository/TestResource/locationTab' is clicked on

2019-03-08 12:16:07 - [TEST_STEP][PASSED] - Thread.sleep(5000): null

2019-03-08 12:16:12 - [TEST_STEP][FAILED] - AdminTool_Location.checkLocation2(): com.kms.katalon.core.exception.StepFailedException: Fail to click on element

2019-03-08 12:16:12 - [MESSAGE][FAILED] - com.kms.katalon.core.exception.StepFailedException: Fail to click on element

2019-03-08 12:16:12 - [TEST_STEP][PASSED] - Thread.sleep(4000): null

2019-03-08 12:16:16 - [TEST_STEP][PASSED] - click(findTestObject("TestResource/saveLocation")): Object: 'Object Repository/TestResource/saveLocation' is clicked on

2019-03-08 12:16:16 - [MESSAGE][PASSED] - Object: 'Object Repository/TestResource/saveLocation' is clicked on

2019-03-08 12:16:16 - [TEST_STEP][PASSED] - Thread.sleep(2000): null

2019-03-08 12:16:18 - [TEST_STEP][PASSED] - click(findTestObject("TestUserLocation/mainmenu_button")): Object: 'Object Repository/TestUserLocation/mainmenu_button' is clicked on

2019-03-08 12:16:19 - [MESSAGE][PASSED] - Object: 'Object Repository/TestUserLocation/mainmenu_button' is clicked on

2019-03-08 12:16:19 - [TEST_STEP][PASSED] - Thread.sleep(2000): null

2019-03-08 12:16:21 - [TEST_STEP][PASSED] - click(findTestObject("TestResource/mainMenu_resources")): Object: 'Object Repository/TestResource/mainMenu_resources' is clicked on

2019-03-08 12:16:21 - [MESSAGE][PASSED] - Object: 'Object Repository/TestResource/mainMenu_resources' is clicked on

2019-03-08 12:16:21 - [TEST_STEP][PASSED] - Thread.sleep(4000): null

2019-03-08 12:16:25 - [TEST_STEP][PASSED] - AdminTool_Location.moveCursor(): AdminTool_Location.moveCursor is PASSED

2019-03-08 12:16:25 - [MESSAGE][PASSED] - AdminTool_Location.moveCursor is PASSED

2019-03-08 12:16:25 - [TEST_STEP][PASSED] - Thread.sleep(2000): null

2019-03-08 12:16:27 - [TEST_STEP][PASSED] - click(findTestObject("TestResource/equipment")): Object: 'Object Repository/TestResource/equipment' is clicked on

2019-03-08 12:16:27 - [MESSAGE][PASSED] - Object: 'Object Repository/TestResource/equipment' is clicked on

2019-03-08 12:16:27 - [TEST_STEP][PASSED] - Thread.sleep(4000): null

2019-03-08 12:16:31 - [TEST_STEP][PASSED] - AdminTool_Location.selectEquipment(): Element has been clicked

2019-03-08 12:16:31 - [MESSAGE][PASSED] - Element has been clicked

2019-03-08 12:16:31 - [TEST_STEP][PASSED] - Thread.sleep(4000): null

2019-03-08 12:16:35 - [TEST_STEP][PASSED] - waitForElementClickable(findTestObject("TestUserLocation/addPlusIcon"), 45): Object 'Object Repository/TestUserLocation/addPlusIcon' is clickable

2019-03-08 12:16:35 - [MESSAGE][PASSED] - Object 'Object Repository/TestUserLocation/addPlusIcon' is clickable

2019-03-08 12:16:35 - [TEST_STEP][PASSED] - click(findTestObject("TestUserLocation/addPlusIcon")): Object: 'Object Repository/TestUserLocation/addPlusIcon' is clicked on

2019-03-08 12:16:35 - [MESSAGE][PASSED] - Object: 'Object Repository/TestUserLocation/addPlusIcon' is clicked on

2019-03-08 12:16:35 - [TEST_STEP][PASSED] - Thread.sleep(2000): null

2019-03-08 12:16:37 - [TEST_STEP][PASSED] - setText(findTestObject("TestUserLocation/setNewName"), findTestData("LocationData").getValue("SubEquipmentName2", 1)): Text 'SubEquipment2_08/03/19-12:14' is set on object 'Object Repository/TestUserLocation/setNewName'

2019-03-08 12:16:38 - [MESSAGE][PASSED] - Text 'SubEquipment2_08/03/19-12:14' is set on object 'Object Repository/TestUserLocation/setNewName'

2019-03-08 12:16:38 - [TEST_STEP][PASSED] - Thread.sleep(2000): null

2019-03-08 12:16:40 - [TEST_STEP][PASSED] - Submission.createResource(): Submission.createResource is PASSED

2019-03-08 12:16:50 - [MESSAGE][PASSED] - Submission.createResource is PASSED

2019-03-08 12:16:50 - [TEST_STEP][PASSED] - Thread.sleep(2000): null

2019-03-08 12:16:52 - [TEST_STEP][PASSED] - click(findTestObject("TestResource/saveDetailButton")): Object: 'Object Repository/TestResource/saveDetailButton' is clicked on

2019-03-08 12:16:52 - [MESSAGE][PASSED] - Object: 'Object Repository/TestResource/saveDetailButton' is clicked on

2019-03-08 12:16:52 - [TEST_STEP][PASSED] - waitForElementClickable(findTestObject("TestResource/locationTab"), 45): Object 'Object Repository/TestResource/locationTab' is clickable

2019-03-08 12:16:52 - [MESSAGE][PASSED] - Object 'Object Repository/TestResource/locationTab' is clickable

2019-03-08 12:16:52 - [TEST_STEP][PASSED] - Thread.sleep(7000): null

2019-03-08 12:16:59 - [TEST_STEP][PASSED] - click(findTestObject("TestResource/locationTab")): Object: 'Object Repository/TestResource/locationTab' is clicked on

2019-03-08 12:16:59 - [MESSAGE][PASSED] - Object: 'Object Repository/TestResource/locationTab' is clicked on

2019-03-08 12:16:59 - [TEST_STEP][PASSED] - Thread.sleep(5000): null

2019-03-08 12:17:04 - [TEST_STEP][FAILED] - AdminTool_Location.checkLocation2(): com.kms.katalon.core.exception.StepFailedException: Fail to click on element

2019-03-08 12:17:04 - [MESSAGE][FAILED] - com.kms.katalon.core.exception.StepFailedException: Fail to click on element

2019-03-08 12:17:04 - [TEST_STEP][PASSED] - Thread.sleep(4000): null

2019-03-08 12:17:08 - [TEST_STEP][PASSED] - click(findTestObject("TestResource/saveLocation")): Object: 'Object Repository/TestResource/saveLocation' is clicked on

2019-03-08 12:17:08 - [MESSAGE][PASSED] - Object: 'Object Repository/TestResource/saveLocation' is clicked on

2019-03-08 12:17:08 - [TEST_STEP][FAILED] - Thread.sleep(2000): Thread.sleep(2000) FAILED.
Reason:
com.kms.katalon.core.exception.StepFailedException: Fail to click on element
	at com.kms.katalon.core.util.KeywordUtil.markFailed(KeywordUtil.java:18)
	at com.kms.katalon.core.util.KeywordUtil$markFailed$0.call(Unknown Source)
	at AdminTool_Location.checkLocation2(AdminTool_Location.groovy:616)
	at AdminTool_Location.invokeMethod(AdminTool_Location.groovy)
	at com.kms.katalon.core.main.CustomKeywordDelegatingMetaClass.invokeStaticMethod(CustomKeywordDelegatingMetaClass.java:49)
	at CreateRes_Equipment.run(CreateRes_Equipment:123)
	at com.kms.katalon.core.main.ScriptEngine.run(ScriptEngine.java:194)
	at com.kms.katalon.core.main.ScriptEngine.runScriptAsRawText(ScriptEngine.java:119)
	at com.kms.katalon.core.main.TestCaseExecutor.runScript(TestCaseExecutor.java:331)
	at com.kms.katalon.core.main.TestCaseExecutor.doExecute(TestCaseExecutor.java:322)
	at com.kms.katalon.core.main.TestCaseExecutor.processExecutionPhase(TestCaseExecutor.java:301)
	at com.kms.katalon.core.main.TestCaseExecutor.accessMainPhase(TestCaseExecutor.java:293)
	at com.kms.katalon.core.main.TestCaseExecutor.execute(TestCaseExecutor.java:227)
	at com.kms.katalon.core.main.TestSuiteExecutor.accessTestCaseMainPhase(TestSuiteExecutor.java:129)
	at com.kms.katalon.core.main.TestSuiteExecutor.accessTestSuiteMainPhase(TestSuiteExecutor.java:112)
	at com.kms.katalon.core.main.TestSuiteExecutor.execute(TestSuiteExecutor.java:81)
	at com.kms.katalon.core.main.TestCaseMain.startTestSuite(TestCaseMain.java:157)
	at com.kms.katalon.core.main.TestCaseMain$startTestSuite$0.call(Unknown Source)
	at TempTestSuite1552027134166.run(TempTestSuite1552027134166.groovy:35)


2019-03-08 12:17:10 - [MESSAGE][FAILED] - Thread.sleep(2000) FAILED.
Reason:
com.kms.katalon.core.exception.StepFailedException: Fail to click on element
	at com.kms.katalon.core.util.KeywordUtil.markFailed(KeywordUtil.java:18)
	at com.kms.katalon.core.util.KeywordUtil$markFailed$0.call(Unknown Source)
	at AdminTool_Location.checkLocation2(AdminTool_Location.groovy:616)
	at AdminTool_Location.invokeMethod(AdminTool_Location.groovy)
	at com.kms.katalon.core.main.CustomKeywordDelegatingMetaClass.invokeStaticMethod(CustomKeywordDelegatingMetaClass.java:49)
	at CreateRes_Equipment.run(CreateRes_Equipment:123)
	at com.kms.katalon.core.main.ScriptEngine.run(ScriptEngine.java:194)
	at com.kms.katalon.core.main.ScriptEngine.runScriptAsRawText(ScriptEngine.java:119)
	at com.kms.katalon.core.main.TestCaseExecutor.runScript(TestCaseExecutor.java:331)
	at com.kms.katalon.core.main.TestCaseExecutor.doExecute(TestCaseExecutor.java:322)
	at com.kms.katalon.core.main.TestCaseExecutor.processExecutionPhase(TestCaseExecutor.java:301)
	at com.kms.katalon.core.main.TestCaseExecutor.accessMainPhase(TestCaseExecutor.java:293)
	at com.kms.katalon.core.main.TestCaseExecutor.execute(TestCaseExecutor.java:227)
	at com.kms.katalon.core.main.TestSuiteExecutor.accessTestCaseMainPhase(TestSuiteExecutor.java:129)
	at com.kms.katalon.core.main.TestSuiteExecutor.accessTestSuiteMainPhase(TestSuiteExecutor.java:112)
	at com.kms.katalon.core.main.TestSuiteExecutor.execute(TestSuiteExecutor.java:81)
	at com.kms.katalon.core.main.TestCaseMain.startTestSuite(TestCaseMain.java:157)
	at com.kms.katalon.core.main.TestCaseMain$startTestSuite$0.call(Unknown Source)
	at TempTestSuite1552027134166.run(TempTestSuite1552027134166.groovy:35)]]></system-out>
         <system-err><![CDATA[2019-03-08 12:14:49 - [TEST_CASE][FAILED] - Test Cases/Data-Security/CreateRes_Equipment: Test Cases/Data-Security/CreateRes_Equipment FAILED.
Reason:
com.kms.katalon.core.exception.StepFailedException: Fail to click on element
	at com.kms.katalon.core.util.KeywordUtil.markFailed(KeywordUtil.java:18)
	at com.kms.katalon.core.util.KeywordUtil$markFailed$0.call(Unknown Source)
	at AdminTool_Location.checkLocation2(AdminTool_Location.groovy:616)
	at AdminTool_Location.invokeMethod(AdminTool_Location.groovy)
	at com.kms.katalon.core.main.CustomKeywordDelegatingMetaClass.invokeStaticMethod(CustomKeywordDelegatingMetaClass.java:49)
	at CreateRes_Equipment.run(CreateRes_Equipment:123)
	at com.kms.katalon.core.main.ScriptEngine.run(ScriptEngine.java:194)
	at com.kms.katalon.core.main.ScriptEngine.runScriptAsRawText(ScriptEngine.java:119)
	at com.kms.katalon.core.main.TestCaseExecutor.runScript(TestCaseExecutor.java:331)
	at com.kms.katalon.core.main.TestCaseExecutor.doExecute(TestCaseExecutor.java:322)
	at com.kms.katalon.core.main.TestCaseExecutor.processExecutionPhase(TestCaseExecutor.java:301)
	at com.kms.katalon.core.main.TestCaseExecutor.accessMainPhase(TestCaseExecutor.java:293)
	at com.kms.katalon.core.main.TestCaseExecutor.execute(TestCaseExecutor.java:227)
	at com.kms.katalon.core.main.TestSuiteExecutor.accessTestCaseMainPhase(TestSuiteExecutor.java:129)
	at com.kms.katalon.core.main.TestSuiteExecutor.accessTestSuiteMainPhase(TestSuiteExecutor.java:112)
	at com.kms.katalon.core.main.TestSuiteExecutor.execute(TestSuiteExecutor.java:81)
	at com.kms.katalon.core.main.TestCaseMain.startTestSuite(TestCaseMain.java:157)
	at com.kms.katalon.core.main.TestCaseMain$startTestSuite$0.call(Unknown Source)
	at TempTestSuite1552027134166.run(TempTestSuite1552027134166.groovy:35)]]></system-err>
      </testcase>
      <testcase name="Test Cases/Data-Security/CreateRes_Items" classname="Test Cases/Data-Security/CreateRes_Items" status="PASSED">
         <system-out><![CDATA[2019-03-08 12:17:10 - [TEST_CASE][PASSED] - Test Cases/Data-Security/CreateRes_Items: Test Cases/Data-Security/CreateRes_Items

2019-03-08 12:17:11 - [TEST_STEP][NOT_RUN] - openBrowser(URL): NOT_RUN: openBrowser(URL)

2019-03-08 12:17:11 - [MESSAGE][NOT_RUN] - NOT_RUN: openBrowser(URL)

2019-03-08 12:17:11 - [TEST_STEP][NOT_RUN] - maximizeWindow(): NOT_RUN: maximizeWindow()

2019-03-08 12:17:11 - [MESSAGE][NOT_RUN] - NOT_RUN: maximizeWindow()

2019-03-08 12:17:11 - [TEST_STEP][NOT_RUN] - setText(findTestObject("TestUserLocation/login_Username"), UserName): NOT_RUN: setText(findTestObject("TestUserLocation/login_Username"), UserName)

2019-03-08 12:17:11 - [MESSAGE][NOT_RUN] - NOT_RUN: setText(findTestObject("TestUserLocation/login_Username"), UserName)

2019-03-08 12:17:11 - [TEST_STEP][NOT_RUN] - setText(findTestObject("TestUserLocation/login_Password"), Password): NOT_RUN: setText(findTestObject("TestUserLocation/login_Password"), Password)

2019-03-08 12:17:11 - [MESSAGE][NOT_RUN] - NOT_RUN: setText(findTestObject("TestUserLocation/login_Password"), Password)

2019-03-08 12:17:11 - [TEST_STEP][PASSED] - AdminTool_Location.setItemName(): AdminTool_Location.setItemName is PASSED

2019-03-08 12:17:11 - [MESSAGE][PASSED] - AdminTool_Location.setItemName is PASSED

2019-03-08 12:17:11 - [TEST_STEP][NOT_RUN] - click(findTestObject("TestUserLocation/login_Button")): NOT_RUN: click(findTestObject("TestUserLocation/login_Button"))

2019-03-08 12:17:11 - [MESSAGE][NOT_RUN] - NOT_RUN: click(findTestObject("TestUserLocation/login_Button"))

2019-03-08 12:17:11 - [TEST_STEP][NOT_RUN] - Thread.sleep(4000): NOT_RUN: Thread.sleep(4000)

2019-03-08 12:17:11 - [MESSAGE][NOT_RUN] - NOT_RUN: Thread.sleep(4000)

2019-03-08 12:17:11 - [TEST_STEP][PASSED] - click(findTestObject("TestUserLocation/mainmenu_button")): Object: 'Object Repository/TestUserLocation/mainmenu_button' is clicked on

2019-03-08 12:17:12 - [MESSAGE][PASSED] - Object: 'Object Repository/TestUserLocation/mainmenu_button' is clicked on

2019-03-08 12:17:12 - [TEST_STEP][NOT_RUN] - click(findTestObject("TestUserLocation/adminTool")): NOT_RUN: click(findTestObject("TestUserLocation/adminTool"))

2019-03-08 12:17:12 - [MESSAGE][NOT_RUN] - NOT_RUN: click(findTestObject("TestUserLocation/adminTool"))

2019-03-08 12:17:12 - [TEST_STEP][PASSED] - click(findTestObject("TestUserLocation/mainMenuResourceDesigner")): Object: 'Object Repository/TestUserLocation/mainMenuResourceDesigner' is clicked on

2019-03-08 12:17:12 - [MESSAGE][PASSED] - Object: 'Object Repository/TestUserLocation/mainMenuResourceDesigner' is clicked on

2019-03-08 12:17:12 - [TEST_STEP][PASSED] - Thread.sleep(2000): null

2019-03-08 12:17:14 - [TEST_STEP][PASSED] - Thread.sleep(4000): null

2019-03-08 12:17:18 - [TEST_STEP][PASSED] - click(findTestObject("TestResource/items")): Object: 'Object Repository/TestResource/items' is clicked on

2019-03-08 12:17:18 - [MESSAGE][PASSED] - Object: 'Object Repository/TestResource/items' is clicked on

2019-03-08 12:17:18 - [TEST_STEP][PASSED] - Thread.sleep(4000): null

2019-03-08 12:17:22 - [TEST_STEP][PASSED] - waitForElementClickable(findTestObject("TestUserLocation/categories"), 45): Object 'Object Repository/TestUserLocation/categories' is clickable

2019-03-08 12:17:22 - [MESSAGE][PASSED] - Object 'Object Repository/TestUserLocation/categories' is clickable

2019-03-08 12:17:22 - [TEST_STEP][PASSED] - Thread.sleep(4000): null

2019-03-08 12:17:26 - [TEST_STEP][PASSED] - click(findTestObject("TestUserLocation/categories")): Object: 'Object Repository/TestUserLocation/categories' is clicked on

2019-03-08 12:17:26 - [MESSAGE][PASSED] - Object: 'Object Repository/TestUserLocation/categories' is clicked on

2019-03-08 12:17:26 - [TEST_STEP][PASSED] - Thread.sleep(2000): null

2019-03-08 12:17:28 - [TEST_STEP][PASSED] - click(findTestObject("TestUserLocation/defaultArea")): Object: 'Object Repository/TestUserLocation/defaultArea' is clicked on

2019-03-08 12:17:29 - [MESSAGE][PASSED] - Object: 'Object Repository/TestUserLocation/defaultArea' is clicked on

2019-03-08 12:17:29 - [TEST_STEP][PASSED] - Thread.sleep(2000): null

2019-03-08 12:17:31 - [TEST_STEP][PASSED] - click(findTestObject("TestUserLocation/hoverHeading")): Object: 'Object Repository/TestUserLocation/hoverHeading' is clicked on

2019-03-08 12:17:31 - [MESSAGE][PASSED] - Object: 'Object Repository/TestUserLocation/hoverHeading' is clicked on

2019-03-08 12:17:31 - [TEST_STEP][PASSED] - click(findTestObject("TestUserLocation/addPlusIcon")): Object: 'Object Repository/TestUserLocation/addPlusIcon' is clicked on

2019-03-08 12:17:31 - [MESSAGE][PASSED] - Object: 'Object Repository/TestUserLocation/addPlusIcon' is clicked on

2019-03-08 12:17:31 - [TEST_STEP][PASSED] - setText(findTestObject("TestUserLocation/setNewName"), findTestData("LocationData").getValue("ItemsName", 1)): Text 'Item_08/03/19-12:17' is set on object 'Object Repository/TestUserLocation/setNewName'

2019-03-08 12:17:31 - [MESSAGE][PASSED] - Text 'Item_08/03/19-12:17' is set on object 'Object Repository/TestUserLocation/setNewName'

2019-03-08 12:17:31 - [TEST_STEP][PASSED] - Thread.sleep(2000): null

2019-03-08 12:17:33 - [TEST_STEP][PASSED] - click(findTestObject("TestUserLocation/saveButton")): Object: 'Object Repository/TestUserLocation/saveButton' is clicked on

2019-03-08 12:17:33 - [MESSAGE][PASSED] - Object: 'Object Repository/TestUserLocation/saveButton' is clicked on

2019-03-08 12:17:33 - [TEST_STEP][PASSED] - Thread.sleep(4000): null

2019-03-08 12:17:37 - [TEST_STEP][PASSED] - click(findTestObject("TestUserLocation/mainmenu_button")): Object: 'Object Repository/TestUserLocation/mainmenu_button' is clicked on

2019-03-08 12:17:37 - [MESSAGE][PASSED] - Object: 'Object Repository/TestUserLocation/mainmenu_button' is clicked on

2019-03-08 12:17:37 - [TEST_STEP][PASSED] - Thread.sleep(2000): null

2019-03-08 12:17:39 - [TEST_STEP][PASSED] - click(findTestObject("TestResource/mainMenu_resources")): Object: 'Object Repository/TestResource/mainMenu_resources' is clicked on

2019-03-08 12:17:40 - [MESSAGE][PASSED] - Object: 'Object Repository/TestResource/mainMenu_resources' is clicked on

2019-03-08 12:17:40 - [TEST_STEP][PASSED] - Thread.sleep(4000): null

2019-03-08 12:17:44 - [TEST_STEP][PASSED] - click(findTestObject("TestResource/items")): Object: 'Object Repository/TestResource/items' is clicked on

2019-03-08 12:17:44 - [MESSAGE][PASSED] - Object: 'Object Repository/TestResource/items' is clicked on

2019-03-08 12:17:44 - [TEST_STEP][PASSED] - Thread.sleep(4000): null

2019-03-08 12:17:48 - [TEST_STEP][PASSED] - AdminTool_Location.selectItem(): Element has been clicked

2019-03-08 12:17:48 - [MESSAGE][PASSED] - Element has been clicked

2019-03-08 12:17:48 - [TEST_STEP][PASSED] - Thread.sleep(4000): null

2019-03-08 12:17:52 - [TEST_STEP][PASSED] - waitForElementClickable(findTestObject("TestUserLocation/addPlusIcon"), 45): Object 'Object Repository/TestUserLocation/addPlusIcon' is clickable

2019-03-08 12:17:52 - [MESSAGE][PASSED] - Object 'Object Repository/TestUserLocation/addPlusIcon' is clickable

2019-03-08 12:17:52 - [TEST_STEP][PASSED] - click(findTestObject("TestUserLocation/addPlusIcon")): Object: 'Object Repository/TestUserLocation/addPlusIcon' is clicked on

2019-03-08 12:17:52 - [MESSAGE][PASSED] - Object: 'Object Repository/TestUserLocation/addPlusIcon' is clicked on

2019-03-08 12:17:52 - [TEST_STEP][PASSED] - Thread.sleep(2000): null

2019-03-08 12:17:54 - [TEST_STEP][PASSED] - setText(findTestObject("TestUserLocation/setNewName"), findTestData("LocationData").getValue("SubItemsName1", 1)): Text 'SubItem1_08/03/19-12:17' is set on object 'Object Repository/TestUserLocation/setNewName'

2019-03-08 12:17:55 - [MESSAGE][PASSED] - Text 'SubItem1_08/03/19-12:17' is set on object 'Object Repository/TestUserLocation/setNewName'

2019-03-08 12:17:55 - [TEST_STEP][PASSED] - Thread.sleep(2000): null

2019-03-08 12:17:57 - [TEST_STEP][PASSED] - Submission.createResource(): Submission.createResource is PASSED

2019-03-08 12:18:07 - [MESSAGE][PASSED] - Submission.createResource is PASSED

2019-03-08 12:18:07 - [TEST_STEP][PASSED] - Thread.sleep(2000): null

2019-03-08 12:18:09 - [TEST_STEP][PASSED] - click(findTestObject("TestResource/saveDetailButton")): Object: 'Object Repository/TestResource/saveDetailButton' is clicked on

2019-03-08 12:18:09 - [MESSAGE][PASSED] - Object: 'Object Repository/TestResource/saveDetailButton' is clicked on

2019-03-08 12:18:09 - [TEST_STEP][PASSED] - Thread.sleep(7000): null

2019-03-08 12:18:16 - [TEST_STEP][PASSED] - click(findTestObject("TestResource/disableResource")): Object: 'Object Repository/TestResource/disableResource' is clicked on

2019-03-08 12:18:16 - [MESSAGE][PASSED] - Object: 'Object Repository/TestResource/disableResource' is clicked on

2019-03-08 12:18:16 - [TEST_STEP][PASSED] - Thread.sleep(2000): null

2019-03-08 12:18:18 - [TEST_STEP][PASSED] - click(findTestObject("TestResource/button2Yes")): Object: 'Object Repository/TestResource/button2Yes' is clicked on

2019-03-08 12:18:18 - [MESSAGE][PASSED] - Object: 'Object Repository/TestResource/button2Yes' is clicked on

2019-03-08 12:18:18 - [TEST_STEP][PASSED] - Thread.sleep(2000): null

2019-03-08 12:18:20 - [TEST_STEP][PASSED] - click(findTestObject("TestResource/saveDetailButton")): Object: 'Object Repository/TestResource/saveDetailButton' is clicked on

2019-03-08 12:18:20 - [MESSAGE][PASSED] - Object: 'Object Repository/TestResource/saveDetailButton' is clicked on

2019-03-08 12:18:20 - [TEST_STEP][PASSED] - waitForElementClickable(findTestObject("TestResource/locationTab"), 45): Object 'Object Repository/TestResource/locationTab' is clickable

2019-03-08 12:18:20 - [MESSAGE][PASSED] - Object 'Object Repository/TestResource/locationTab' is clickable

2019-03-08 12:18:20 - [TEST_STEP][PASSED] - AdminTool_Location.moveCursor(): AdminTool_Location.moveCursor is PASSED

2019-03-08 12:18:20 - [MESSAGE][PASSED] - AdminTool_Location.moveCursor is PASSED

2019-03-08 12:18:20 - [TEST_STEP][PASSED] - Thread.sleep(7000): null

2019-03-08 12:18:27 - [TEST_STEP][PASSED] - click(findTestObject("TestResource/locationTab")): Object: 'Object Repository/TestResource/locationTab' is clicked on

2019-03-08 12:18:28 - [MESSAGE][PASSED] - Object: 'Object Repository/TestResource/locationTab' is clicked on

2019-03-08 12:18:28 - [TEST_STEP][PASSED] - Thread.sleep(5000): null

2019-03-08 12:18:33 - [TEST_STEP][PASSED] - AdminTool_Location.checkLocation(): AdminTool_Location.checkLocation is PASSED

2019-03-08 12:18:35 - [MESSAGE][PASSED] - AdminTool_Location.checkLocation is PASSED

2019-03-08 12:18:35 - [TEST_STEP][PASSED] - Thread.sleep(4000): null

2019-03-08 12:18:39 - [TEST_STEP][PASSED] - click(findTestObject("TestResource/saveLocation")): Object: 'Object Repository/TestResource/saveLocation' is clicked on

2019-03-08 12:18:39 - [MESSAGE][PASSED] - Object: 'Object Repository/TestResource/saveLocation' is clicked on

2019-03-08 12:18:39 - [TEST_STEP][PASSED] - Thread.sleep(2000): null

2019-03-08 12:18:41 - [TEST_STEP][PASSED] - click(findTestObject("TestUserLocation/mainmenu_button")): Object: 'Object Repository/TestUserLocation/mainmenu_button' is clicked on

2019-03-08 12:18:41 - [MESSAGE][PASSED] - Object: 'Object Repository/TestUserLocation/mainmenu_button' is clicked on

2019-03-08 12:18:41 - [TEST_STEP][PASSED] - Thread.sleep(2000): null

2019-03-08 12:18:43 - [TEST_STEP][PASSED] - click(findTestObject("TestResource/mainMenu_resources")): Object: 'Object Repository/TestResource/mainMenu_resources' is clicked on

2019-03-08 12:18:43 - [MESSAGE][PASSED] - Object: 'Object Repository/TestResource/mainMenu_resources' is clicked on

2019-03-08 12:18:43 - [TEST_STEP][PASSED] - Thread.sleep(4000): null

2019-03-08 12:18:47 - [TEST_STEP][PASSED] - click(findTestObject("TestResource/items")): Object: 'Object Repository/TestResource/items' is clicked on

2019-03-08 12:18:48 - [MESSAGE][PASSED] - Object: 'Object Repository/TestResource/items' is clicked on

2019-03-08 12:18:48 - [TEST_STEP][PASSED] - Thread.sleep(4000): null

2019-03-08 12:18:52 - [TEST_STEP][PASSED] - AdminTool_Location.selectItem(): Element has been clicked

2019-03-08 12:18:52 - [MESSAGE][PASSED] - Element has been clicked

2019-03-08 12:18:52 - [TEST_STEP][PASSED] - Thread.sleep(4000): null

2019-03-08 12:18:56 - [TEST_STEP][PASSED] - waitForElementClickable(findTestObject("TestUserLocation/addPlusIcon"), 45): Object 'Object Repository/TestUserLocation/addPlusIcon' is clickable

2019-03-08 12:18:56 - [MESSAGE][PASSED] - Object 'Object Repository/TestUserLocation/addPlusIcon' is clickable

2019-03-08 12:18:56 - [TEST_STEP][PASSED] - click(findTestObject("TestUserLocation/addPlusIcon")): Object: 'Object Repository/TestUserLocation/addPlusIcon' is clicked on

2019-03-08 12:18:56 - [MESSAGE][PASSED] - Object: 'Object Repository/TestUserLocation/addPlusIcon' is clicked on

2019-03-08 12:18:56 - [TEST_STEP][PASSED] - Thread.sleep(2000): null

2019-03-08 12:18:58 - [TEST_STEP][PASSED] - setText(findTestObject("TestUserLocation/setNewName"), findTestData("LocationData").getValue("SubItemsName2", 1)): Text 'SubItem2_08/03/19-12:17' is set on object 'Object Repository/TestUserLocation/setNewName'

2019-03-08 12:18:59 - [MESSAGE][PASSED] - Text 'SubItem2_08/03/19-12:17' is set on object 'Object Repository/TestUserLocation/setNewName'

2019-03-08 12:18:59 - [TEST_STEP][PASSED] - Thread.sleep(2000): null

2019-03-08 12:19:01 - [TEST_STEP][PASSED] - Submission.createResource(): Submission.createResource is PASSED

2019-03-08 12:19:11 - [MESSAGE][PASSED] - Submission.createResource is PASSED

2019-03-08 12:19:11 - [TEST_STEP][PASSED] - Thread.sleep(2000): null

2019-03-08 12:19:13 - [TEST_STEP][PASSED] - click(findTestObject("TestResource/saveDetailButton")): Object: 'Object Repository/TestResource/saveDetailButton' is clicked on

2019-03-08 12:19:13 - [MESSAGE][PASSED] - Object: 'Object Repository/TestResource/saveDetailButton' is clicked on

2019-03-08 12:19:13 - [TEST_STEP][PASSED] - waitForElementClickable(findTestObject("TestResource/locationTab"), 45): Object 'Object Repository/TestResource/locationTab' is clickable

2019-03-08 12:19:13 - [MESSAGE][PASSED] - Object 'Object Repository/TestResource/locationTab' is clickable

2019-03-08 12:19:13 - [TEST_STEP][PASSED] - Thread.sleep(7000): null

2019-03-08 12:19:20 - [TEST_STEP][PASSED] - click(findTestObject("TestResource/locationTab")): Object: 'Object Repository/TestResource/locationTab' is clicked on

2019-03-08 12:19:20 - [MESSAGE][PASSED] - Object: 'Object Repository/TestResource/locationTab' is clicked on

2019-03-08 12:19:20 - [TEST_STEP][PASSED] - Thread.sleep(5000): null

2019-03-08 12:19:25 - [TEST_STEP][PASSED] - AdminTool_Location.checkLocation(): AdminTool_Location.checkLocation is PASSED

2019-03-08 12:19:27 - [MESSAGE][PASSED] - AdminTool_Location.checkLocation is PASSED

2019-03-08 12:19:27 - [TEST_STEP][PASSED] - Thread.sleep(4000): null

2019-03-08 12:19:31 - [TEST_STEP][PASSED] - click(findTestObject("TestResource/saveLocation")): Object: 'Object Repository/TestResource/saveLocation' is clicked on

2019-03-08 12:19:31 - [MESSAGE][PASSED] - Object: 'Object Repository/TestResource/saveLocation' is clicked on

2019-03-08 12:19:31 - [TEST_STEP][PASSED] - Thread.sleep(2000): null]]></system-out>
         <system-err><![CDATA[]]></system-err>
      </testcase>
      <testcase name="Test Cases/Data-Security/CreateRes_Supplier" classname="Test Cases/Data-Security/CreateRes_Supplier" status="FAILED">
         <failure type="FAILED" message="Test Cases/Data-Security/CreateRes_Supplier FAILED.
Reason:
com.kms.katalon.core.exception.StepFailedException: Fail to click on element
	at com.kms.katalon.core.util.KeywordUtil.markFailed(KeywordUtil.java:18)
	at com.kms.katalon.core.util.KeywordUtil$markFailed$0.call(Unknown Source)
	at AdminTool_Location.checkLocation2(AdminTool_Location.groovy:616)
	at AdminTool_Location.invokeMethod(AdminTool_Location.groovy)
	at com.kms.katalon.core.main.CustomKeywordDelegatingMetaClass.invokeStaticMethod(CustomKeywordDelegatingMetaClass.java:49)
	at CreateRes_Supplier.run(CreateRes_Supplier:123)
	at com.kms.katalon.core.main.ScriptEngine.run(ScriptEngine.java:194)
	at com.kms.katalon.core.main.ScriptEngine.runScriptAsRawText(ScriptEngine.java:119)
	at com.kms.katalon.core.main.TestCaseExecutor.runScript(TestCaseExecutor.java:331)
	at com.kms.katalon.core.main.TestCaseExecutor.doExecute(TestCaseExecutor.java:322)
	at com.kms.katalon.core.main.TestCaseExecutor.processExecutionPhase(TestCaseExecutor.java:301)
	at com.kms.katalon.core.main.TestCaseExecutor.accessMainPhase(TestCaseExecutor.java:293)
	at com.kms.katalon.core.main.TestCaseExecutor.execute(TestCaseExecutor.java:227)
	at com.kms.katalon.core.main.TestSuiteExecutor.accessTestCaseMainPhase(TestSuiteExecutor.java:129)
	at com.kms.katalon.core.main.TestSuiteExecutor.accessTestSuiteMainPhase(TestSuiteExecutor.java:112)
	at com.kms.katalon.core.main.TestSuiteExecutor.execute(TestSuiteExecutor.java:81)
	at com.kms.katalon.core.main.TestCaseMain.startTestSuite(TestCaseMain.java:157)
	at com.kms.katalon.core.main.TestCaseMain$startTestSuite$0.call(Unknown Source)
	at TempTestSuite1552027134166.run(TempTestSuite1552027134166.groovy:35)
"/>
         <system-out><![CDATA[2019-03-08 12:19:33 - [TEST_CASE][FAILED] - Test Cases/Data-Security/CreateRes_Supplier: Test Cases/Data-Security/CreateRes_Supplier FAILED.
Reason:
com.kms.katalon.core.exception.StepFailedException: Fail to click on element
	at com.kms.katalon.core.util.KeywordUtil.markFailed(KeywordUtil.java:18)
	at com.kms.katalon.core.util.KeywordUtil$markFailed$0.call(Unknown Source)
	at AdminTool_Location.checkLocation2(AdminTool_Location.groovy:616)
	at AdminTool_Location.invokeMethod(AdminTool_Location.groovy)
	at com.kms.katalon.core.main.CustomKeywordDelegatingMetaClass.invokeStaticMethod(CustomKeywordDelegatingMetaClass.java:49)
	at CreateRes_Supplier.run(CreateRes_Supplier:123)
	at com.kms.katalon.core.main.ScriptEngine.run(ScriptEngine.java:194)
	at com.kms.katalon.core.main.ScriptEngine.runScriptAsRawText(ScriptEngine.java:119)
	at com.kms.katalon.core.main.TestCaseExecutor.runScript(TestCaseExecutor.java:331)
	at com.kms.katalon.core.main.TestCaseExecutor.doExecute(TestCaseExecutor.java:322)
	at com.kms.katalon.core.main.TestCaseExecutor.processExecutionPhase(TestCaseExecutor.java:301)
	at com.kms.katalon.core.main.TestCaseExecutor.accessMainPhase(TestCaseExecutor.java:293)
	at com.kms.katalon.core.main.TestCaseExecutor.execute(TestCaseExecutor.java:227)
	at com.kms.katalon.core.main.TestSuiteExecutor.accessTestCaseMainPhase(TestSuiteExecutor.java:129)
	at com.kms.katalon.core.main.TestSuiteExecutor.accessTestSuiteMainPhase(TestSuiteExecutor.java:112)
	at com.kms.katalon.core.main.TestSuiteExecutor.execute(TestSuiteExecutor.java:81)
	at com.kms.katalon.core.main.TestCaseMain.startTestSuite(TestCaseMain.java:157)
	at com.kms.katalon.core.main.TestCaseMain$startTestSuite$0.call(Unknown Source)
	at TempTestSuite1552027134166.run(TempTestSuite1552027134166.groovy:35)


2019-03-08 12:19:34 - [TEST_STEP][NOT_RUN] - openBrowser(URL): NOT_RUN: openBrowser(URL)

2019-03-08 12:19:34 - [MESSAGE][NOT_RUN] - NOT_RUN: openBrowser(URL)

2019-03-08 12:19:34 - [TEST_STEP][NOT_RUN] - maximizeWindow(): NOT_RUN: maximizeWindow()

2019-03-08 12:19:34 - [MESSAGE][NOT_RUN] - NOT_RUN: maximizeWindow()

2019-03-08 12:19:34 - [TEST_STEP][NOT_RUN] - setText(findTestObject("TestUserLocation/login_Username"), UserName): NOT_RUN: setText(findTestObject("TestUserLocation/login_Username"), UserName)

2019-03-08 12:19:34 - [MESSAGE][NOT_RUN] - NOT_RUN: setText(findTestObject("TestUserLocation/login_Username"), UserName)

2019-03-08 12:19:34 - [TEST_STEP][NOT_RUN] - setText(findTestObject("TestUserLocation/login_Password"), Password): NOT_RUN: setText(findTestObject("TestUserLocation/login_Password"), Password)

2019-03-08 12:19:34 - [MESSAGE][NOT_RUN] - NOT_RUN: setText(findTestObject("TestUserLocation/login_Password"), Password)

2019-03-08 12:19:34 - [TEST_STEP][PASSED] - AdminTool_Location.setSupplierName(): AdminTool_Location.setSupplierName is PASSED

2019-03-08 12:19:34 - [MESSAGE][PASSED] - AdminTool_Location.setSupplierName is PASSED

2019-03-08 12:19:34 - [TEST_STEP][NOT_RUN] - click(findTestObject("TestUserLocation/login_Button")): NOT_RUN: click(findTestObject("TestUserLocation/login_Button"))

2019-03-08 12:19:34 - [MESSAGE][NOT_RUN] - NOT_RUN: click(findTestObject("TestUserLocation/login_Button"))

2019-03-08 12:19:34 - [TEST_STEP][PASSED] - Thread.sleep(4000): null

2019-03-08 12:19:38 - [TEST_STEP][PASSED] - click(findTestObject("TestUserLocation/mainmenu_button")): Object: 'Object Repository/TestUserLocation/mainmenu_button' is clicked on

2019-03-08 12:19:38 - [MESSAGE][PASSED] - Object: 'Object Repository/TestUserLocation/mainmenu_button' is clicked on

2019-03-08 12:19:38 - [TEST_STEP][PASSED] - Thread.sleep(2000): null

2019-03-08 12:19:40 - [TEST_STEP][NOT_RUN] - click(findTestObject("TestUserLocation/adminTool")): NOT_RUN: click(findTestObject("TestUserLocation/adminTool"))

2019-03-08 12:19:40 - [MESSAGE][NOT_RUN] - NOT_RUN: click(findTestObject("TestUserLocation/adminTool"))

2019-03-08 12:19:40 - [TEST_STEP][PASSED] - click(findTestObject("TestUserLocation/mainMenuResourceDesigner")): Object: 'Object Repository/TestUserLocation/mainMenuResourceDesigner' is clicked on

2019-03-08 12:19:40 - [MESSAGE][PASSED] - Object: 'Object Repository/TestUserLocation/mainMenuResourceDesigner' is clicked on

2019-03-08 12:19:40 - [TEST_STEP][PASSED] - Thread.sleep(4000): null

2019-03-08 12:19:44 - [TEST_STEP][PASSED] - click(findTestObject("TestResource/SuppliersDesign")): Object: 'Object Repository/TestResource/SuppliersDesign' is clicked on

2019-03-08 12:19:44 - [MESSAGE][PASSED] - Object: 'Object Repository/TestResource/SuppliersDesign' is clicked on

2019-03-08 12:19:44 - [TEST_STEP][PASSED] - Thread.sleep(4000): null

2019-03-08 12:19:48 - [TEST_STEP][PASSED] - waitForElementClickable(findTestObject("TestUserLocation/categories"), 45): Object 'Object Repository/TestUserLocation/categories' is clickable

2019-03-08 12:19:48 - [MESSAGE][PASSED] - Object 'Object Repository/TestUserLocation/categories' is clickable

2019-03-08 12:19:48 - [TEST_STEP][PASSED] - Thread.sleep(2000): null

2019-03-08 12:19:50 - [TEST_STEP][PASSED] - click(findTestObject("TestUserLocation/categories")): Object: 'Object Repository/TestUserLocation/categories' is clicked on

2019-03-08 12:19:51 - [MESSAGE][PASSED] - Object: 'Object Repository/TestUserLocation/categories' is clicked on

2019-03-08 12:19:51 - [TEST_STEP][PASSED] - Thread.sleep(2000): null

2019-03-08 12:19:53 - [TEST_STEP][PASSED] - click(findTestObject("TestUserLocation/defaultArea")): Object: 'Object Repository/TestUserLocation/defaultArea' is clicked on

2019-03-08 12:19:53 - [MESSAGE][PASSED] - Object: 'Object Repository/TestUserLocation/defaultArea' is clicked on

2019-03-08 12:19:53 - [TEST_STEP][PASSED] - Thread.sleep(2000): null

2019-03-08 12:19:55 - [TEST_STEP][PASSED] - click(findTestObject("TestUserLocation/hoverHeading")): Object: 'Object Repository/TestUserLocation/hoverHeading' is clicked on

2019-03-08 12:19:55 - [MESSAGE][PASSED] - Object: 'Object Repository/TestUserLocation/hoverHeading' is clicked on

2019-03-08 12:19:55 - [TEST_STEP][PASSED] - click(findTestObject("TestUserLocation/addPlusIcon")): Object: 'Object Repository/TestUserLocation/addPlusIcon' is clicked on

2019-03-08 12:19:55 - [MESSAGE][PASSED] - Object: 'Object Repository/TestUserLocation/addPlusIcon' is clicked on

2019-03-08 12:19:55 - [TEST_STEP][PASSED] - setText(findTestObject("TestUserLocation/setNewName"), findTestData("LocationData").getValue("SuppliersName", 1)): Text 'Supplier_08/03/19-12:19' is set on object 'Object Repository/TestUserLocation/setNewName'

2019-03-08 12:19:56 - [MESSAGE][PASSED] - Text 'Supplier_08/03/19-12:19' is set on object 'Object Repository/TestUserLocation/setNewName'

2019-03-08 12:19:56 - [TEST_STEP][PASSED] - Thread.sleep(2000): null

2019-03-08 12:19:58 - [TEST_STEP][PASSED] - click(findTestObject("TestUserLocation/saveButton")): Object: 'Object Repository/TestUserLocation/saveButton' is clicked on

2019-03-08 12:19:58 - [MESSAGE][PASSED] - Object: 'Object Repository/TestUserLocation/saveButton' is clicked on

2019-03-08 12:19:58 - [TEST_STEP][PASSED] - Thread.sleep(4000): null

2019-03-08 12:20:02 - [TEST_STEP][PASSED] - click(findTestObject("TestUserLocation/mainmenu_button")): Object: 'Object Repository/TestUserLocation/mainmenu_button' is clicked on

2019-03-08 12:20:02 - [MESSAGE][PASSED] - Object: 'Object Repository/TestUserLocation/mainmenu_button' is clicked on

2019-03-08 12:20:02 - [TEST_STEP][PASSED] - Thread.sleep(2000): null

2019-03-08 12:20:04 - [TEST_STEP][PASSED] - click(findTestObject("TestResource/mainMenu_resources")): Object: 'Object Repository/TestResource/mainMenu_resources' is clicked on

2019-03-08 12:20:04 - [MESSAGE][PASSED] - Object: 'Object Repository/TestResource/mainMenu_resources' is clicked on

2019-03-08 12:20:04 - [TEST_STEP][PASSED] - Thread.sleep(4000): null

2019-03-08 12:20:08 - [TEST_STEP][PASSED] - click(findTestObject("TestResource/suppliers")): Object: 'Object Repository/TestResource/suppliers' is clicked on

2019-03-08 12:20:08 - [MESSAGE][PASSED] - Object: 'Object Repository/TestResource/suppliers' is clicked on

2019-03-08 12:20:08 - [TEST_STEP][PASSED] - Thread.sleep(4000): null

2019-03-08 12:20:12 - [TEST_STEP][PASSED] - AdminTool_Location.selectSupplier(): Element has been clicked

2019-03-08 12:20:13 - [MESSAGE][PASSED] - Element has been clicked

2019-03-08 12:20:13 - [TEST_STEP][PASSED] - Thread.sleep(4000): null

2019-03-08 12:20:17 - [TEST_STEP][PASSED] - waitForElementClickable(findTestObject("TestUserLocation/addPlusIcon"), 45): Object 'Object Repository/TestUserLocation/addPlusIcon' is clickable

2019-03-08 12:20:17 - [MESSAGE][PASSED] - Object 'Object Repository/TestUserLocation/addPlusIcon' is clickable

2019-03-08 12:20:17 - [TEST_STEP][PASSED] - click(findTestObject("TestUserLocation/addPlusIcon")): Object: 'Object Repository/TestUserLocation/addPlusIcon' is clicked on

2019-03-08 12:20:17 - [MESSAGE][PASSED] - Object: 'Object Repository/TestUserLocation/addPlusIcon' is clicked on

2019-03-08 12:20:17 - [TEST_STEP][PASSED] - Thread.sleep(2000): null

2019-03-08 12:20:19 - [TEST_STEP][PASSED] - setText(findTestObject("TestUserLocation/setNewName"), findTestData("LocationData").getValue("SubSuppliersName1", 1)): Text 'SubSupplier1_08/03/19-12:19' is set on object 'Object Repository/TestUserLocation/setNewName'

2019-03-08 12:20:24 - [MESSAGE][PASSED] - Text 'SubSupplier1_08/03/19-12:19' is set on object 'Object Repository/TestUserLocation/setNewName'

2019-03-08 12:20:24 - [TEST_STEP][PASSED] - Thread.sleep(2000): null

2019-03-08 12:20:26 - [TEST_STEP][PASSED] - Submission.createResource(): Submission.createResource is PASSED

2019-03-08 12:20:35 - [MESSAGE][PASSED] - Submission.createResource is PASSED

2019-03-08 12:20:35 - [TEST_STEP][PASSED] - Thread.sleep(2000): null

2019-03-08 12:20:37 - [TEST_STEP][PASSED] - click(findTestObject("TestResource/saveDetailButton")): Object: 'Object Repository/TestResource/saveDetailButton' is clicked on

2019-03-08 12:20:37 - [MESSAGE][PASSED] - Object: 'Object Repository/TestResource/saveDetailButton' is clicked on

2019-03-08 12:20:37 - [TEST_STEP][PASSED] - Thread.sleep(7000): null

2019-03-08 12:20:44 - [TEST_STEP][PASSED] - click(findTestObject("TestResource/disableResource")): Object: 'Object Repository/TestResource/disableResource' is clicked on

2019-03-08 12:20:44 - [MESSAGE][PASSED] - Object: 'Object Repository/TestResource/disableResource' is clicked on

2019-03-08 12:20:44 - [TEST_STEP][PASSED] - Thread.sleep(2000): null

2019-03-08 12:20:46 - [TEST_STEP][PASSED] - click(findTestObject("TestResource/button2Yes")): Object: 'Object Repository/TestResource/button2Yes' is clicked on

2019-03-08 12:20:46 - [MESSAGE][PASSED] - Object: 'Object Repository/TestResource/button2Yes' is clicked on

2019-03-08 12:20:46 - [TEST_STEP][PASSED] - Thread.sleep(2000): null

2019-03-08 12:20:48 - [TEST_STEP][PASSED] - click(findTestObject("TestResource/saveDetailButton")): Object: 'Object Repository/TestResource/saveDetailButton' is clicked on

2019-03-08 12:20:48 - [MESSAGE][PASSED] - Object: 'Object Repository/TestResource/saveDetailButton' is clicked on

2019-03-08 12:20:48 - [TEST_STEP][PASSED] - waitForElementClickable(findTestObject("TestResource/locationTab"), 45): Object 'Object Repository/TestResource/locationTab' is clickable

2019-03-08 12:20:48 - [MESSAGE][PASSED] - Object 'Object Repository/TestResource/locationTab' is clickable

2019-03-08 12:20:48 - [TEST_STEP][PASSED] - AdminTool_Location.moveCursor(): AdminTool_Location.moveCursor is PASSED

2019-03-08 12:20:48 - [MESSAGE][PASSED] - AdminTool_Location.moveCursor is PASSED

2019-03-08 12:20:48 - [TEST_STEP][PASSED] - Thread.sleep(7000): null

2019-03-08 12:20:55 - [TEST_STEP][PASSED] - click(findTestObject("TestResource/locationTab")): Object: 'Object Repository/TestResource/locationTab' is clicked on

2019-03-08 12:20:56 - [MESSAGE][PASSED] - Object: 'Object Repository/TestResource/locationTab' is clicked on

2019-03-08 12:20:56 - [TEST_STEP][PASSED] - Thread.sleep(5000): null

2019-03-08 12:21:01 - [TEST_STEP][FAILED] - AdminTool_Location.checkLocation2(): com.kms.katalon.core.exception.StepFailedException: Fail to click on element

2019-03-08 12:21:01 - [MESSAGE][FAILED] - com.kms.katalon.core.exception.StepFailedException: Fail to click on element

2019-03-08 12:21:01 - [TEST_STEP][PASSED] - Thread.sleep(4000): null

2019-03-08 12:21:05 - [TEST_STEP][PASSED] - click(findTestObject("TestResource/saveLocation")): Object: 'Object Repository/TestResource/saveLocation' is clicked on

2019-03-08 12:21:05 - [MESSAGE][PASSED] - Object: 'Object Repository/TestResource/saveLocation' is clicked on

2019-03-08 12:21:05 - [TEST_STEP][PASSED] - Thread.sleep(2000): null

2019-03-08 12:21:07 - [TEST_STEP][PASSED] - click(findTestObject("TestUserLocation/mainmenu_button")): Object: 'Object Repository/TestUserLocation/mainmenu_button' is clicked on

2019-03-08 12:21:07 - [MESSAGE][PASSED] - Object: 'Object Repository/TestUserLocation/mainmenu_button' is clicked on

2019-03-08 12:21:07 - [TEST_STEP][PASSED] - Thread.sleep(2000): null

2019-03-08 12:21:09 - [TEST_STEP][PASSED] - click(findTestObject("TestResource/mainMenu_resources")): Object: 'Object Repository/TestResource/mainMenu_resources' is clicked on

2019-03-08 12:21:09 - [MESSAGE][PASSED] - Object: 'Object Repository/TestResource/mainMenu_resources' is clicked on

2019-03-08 12:21:09 - [TEST_STEP][PASSED] - Thread.sleep(4000): null

2019-03-08 12:21:13 - [TEST_STEP][PASSED] - click(findTestObject("TestResource/suppliers")): Object: 'Object Repository/TestResource/suppliers' is clicked on

2019-03-08 12:21:13 - [MESSAGE][PASSED] - Object: 'Object Repository/TestResource/suppliers' is clicked on

2019-03-08 12:21:13 - [TEST_STEP][PASSED] - Thread.sleep(4000): null

2019-03-08 12:21:17 - [TEST_STEP][PASSED] - AdminTool_Location.selectSupplier(): Element has been clicked

2019-03-08 12:21:23 - [MESSAGE][PASSED] - Element has been clicked

2019-03-08 12:21:23 - [TEST_STEP][PASSED] - Thread.sleep(4000): null

2019-03-08 12:21:27 - [TEST_STEP][PASSED] - waitForElementClickable(findTestObject("TestUserLocation/addPlusIcon"), 45): Object 'Object Repository/TestUserLocation/addPlusIcon' is clickable

2019-03-08 12:21:27 - [MESSAGE][PASSED] - Object 'Object Repository/TestUserLocation/addPlusIcon' is clickable

2019-03-08 12:21:27 - [TEST_STEP][PASSED] - click(findTestObject("TestUserLocation/addPlusIcon")): Object: 'Object Repository/TestUserLocation/addPlusIcon' is clicked on

2019-03-08 12:21:27 - [MESSAGE][PASSED] - Object: 'Object Repository/TestUserLocation/addPlusIcon' is clicked on

2019-03-08 12:21:27 - [TEST_STEP][PASSED] - Thread.sleep(2000): null

2019-03-08 12:21:29 - [TEST_STEP][PASSED] - setText(findTestObject("TestUserLocation/setNewName"), findTestData("LocationData").getValue("SubSuppliersName2", 1)): Text 'SubSupplier2_08/03/19-12:19' is set on object 'Object Repository/TestUserLocation/setNewName'

2019-03-08 12:21:29 - [MESSAGE][PASSED] - Text 'SubSupplier2_08/03/19-12:19' is set on object 'Object Repository/TestUserLocation/setNewName'

2019-03-08 12:21:29 - [TEST_STEP][PASSED] - Thread.sleep(2000): null

2019-03-08 12:21:31 - [TEST_STEP][PASSED] - Submission.createResource(): Submission.createResource is PASSED

2019-03-08 12:21:40 - [MESSAGE][PASSED] - Submission.createResource is PASSED

2019-03-08 12:21:40 - [TEST_STEP][PASSED] - Thread.sleep(2000): null

2019-03-08 12:21:42 - [TEST_STEP][PASSED] - click(findTestObject("TestResource/saveDetailButton")): Object: 'Object Repository/TestResource/saveDetailButton' is clicked on

2019-03-08 12:21:42 - [MESSAGE][PASSED] - Object: 'Object Repository/TestResource/saveDetailButton' is clicked on

2019-03-08 12:21:42 - [TEST_STEP][PASSED] - waitForElementClickable(findTestObject("TestResource/locationTab"), 45): Object 'Object Repository/TestResource/locationTab' is clickable

2019-03-08 12:21:43 - [MESSAGE][PASSED] - Object 'Object Repository/TestResource/locationTab' is clickable

2019-03-08 12:21:43 - [TEST_STEP][PASSED] - Thread.sleep(7000): null

2019-03-08 12:21:50 - [TEST_STEP][PASSED] - click(findTestObject("TestResource/locationTab")): Object: 'Object Repository/TestResource/locationTab' is clicked on

2019-03-08 12:21:50 - [MESSAGE][PASSED] - Object: 'Object Repository/TestResource/locationTab' is clicked on

2019-03-08 12:21:50 - [TEST_STEP][PASSED] - Thread.sleep(5000): null

2019-03-08 12:21:55 - [TEST_STEP][FAILED] - AdminTool_Location.checkLocation2(): com.kms.katalon.core.exception.StepFailedException: Fail to click on element

2019-03-08 12:21:55 - [MESSAGE][FAILED] - com.kms.katalon.core.exception.StepFailedException: Fail to click on element

2019-03-08 12:21:55 - [TEST_STEP][PASSED] - Thread.sleep(4000): null

2019-03-08 12:21:59 - [TEST_STEP][PASSED] - click(findTestObject("TestResource/saveLocation")): Object: 'Object Repository/TestResource/saveLocation' is clicked on

2019-03-08 12:21:59 - [MESSAGE][PASSED] - Object: 'Object Repository/TestResource/saveLocation' is clicked on

2019-03-08 12:21:59 - [TEST_STEP][FAILED] - Thread.sleep(2000): Thread.sleep(2000) FAILED.
Reason:
com.kms.katalon.core.exception.StepFailedException: Fail to click on element
	at com.kms.katalon.core.util.KeywordUtil.markFailed(KeywordUtil.java:18)
	at com.kms.katalon.core.util.KeywordUtil$markFailed$0.call(Unknown Source)
	at AdminTool_Location.checkLocation2(AdminTool_Location.groovy:616)
	at AdminTool_Location.invokeMethod(AdminTool_Location.groovy)
	at com.kms.katalon.core.main.CustomKeywordDelegatingMetaClass.invokeStaticMethod(CustomKeywordDelegatingMetaClass.java:49)
	at CreateRes_Supplier.run(CreateRes_Supplier:123)
	at com.kms.katalon.core.main.ScriptEngine.run(ScriptEngine.java:194)
	at com.kms.katalon.core.main.ScriptEngine.runScriptAsRawText(ScriptEngine.java:119)
	at com.kms.katalon.core.main.TestCaseExecutor.runScript(TestCaseExecutor.java:331)
	at com.kms.katalon.core.main.TestCaseExecutor.doExecute(TestCaseExecutor.java:322)
	at com.kms.katalon.core.main.TestCaseExecutor.processExecutionPhase(TestCaseExecutor.java:301)
	at com.kms.katalon.core.main.TestCaseExecutor.accessMainPhase(TestCaseExecutor.java:293)
	at com.kms.katalon.core.main.TestCaseExecutor.execute(TestCaseExecutor.java:227)
	at com.kms.katalon.core.main.TestSuiteExecutor.accessTestCaseMainPhase(TestSuiteExecutor.java:129)
	at com.kms.katalon.core.main.TestSuiteExecutor.accessTestSuiteMainPhase(TestSuiteExecutor.java:112)
	at com.kms.katalon.core.main.TestSuiteExecutor.execute(TestSuiteExecutor.java:81)
	at com.kms.katalon.core.main.TestCaseMain.startTestSuite(TestCaseMain.java:157)
	at com.kms.katalon.core.main.TestCaseMain$startTestSuite$0.call(Unknown Source)
	at TempTestSuite1552027134166.run(TempTestSuite1552027134166.groovy:35)


2019-03-08 12:22:01 - [MESSAGE][FAILED] - Thread.sleep(2000) FAILED.
Reason:
com.kms.katalon.core.exception.StepFailedException: Fail to click on element
	at com.kms.katalon.core.util.KeywordUtil.markFailed(KeywordUtil.java:18)
	at com.kms.katalon.core.util.KeywordUtil$markFailed$0.call(Unknown Source)
	at AdminTool_Location.checkLocation2(AdminTool_Location.groovy:616)
	at AdminTool_Location.invokeMethod(AdminTool_Location.groovy)
	at com.kms.katalon.core.main.CustomKeywordDelegatingMetaClass.invokeStaticMethod(CustomKeywordDelegatingMetaClass.java:49)
	at CreateRes_Supplier.run(CreateRes_Supplier:123)
	at com.kms.katalon.core.main.ScriptEngine.run(ScriptEngine.java:194)
	at com.kms.katalon.core.main.ScriptEngine.runScriptAsRawText(ScriptEngine.java:119)
	at com.kms.katalon.core.main.TestCaseExecutor.runScript(TestCaseExecutor.java:331)
	at com.kms.katalon.core.main.TestCaseExecutor.doExecute(TestCaseExecutor.java:322)
	at com.kms.katalon.core.main.TestCaseExecutor.processExecutionPhase(TestCaseExecutor.java:301)
	at com.kms.katalon.core.main.TestCaseExecutor.accessMainPhase(TestCaseExecutor.java:293)
	at com.kms.katalon.core.main.TestCaseExecutor.execute(TestCaseExecutor.java:227)
	at com.kms.katalon.core.main.TestSuiteExecutor.accessTestCaseMainPhase(TestSuiteExecutor.java:129)
	at com.kms.katalon.core.main.TestSuiteExecutor.accessTestSuiteMainPhase(TestSuiteExecutor.java:112)
	at com.kms.katalon.core.main.TestSuiteExecutor.execute(TestSuiteExecutor.java:81)
	at com.kms.katalon.core.main.TestCaseMain.startTestSuite(TestCaseMain.java:157)
	at com.kms.katalon.core.main.TestCaseMain$startTestSuite$0.call(Unknown Source)
	at TempTestSuite1552027134166.run(TempTestSuite1552027134166.groovy:35)]]></system-out>
         <system-err><![CDATA[2019-03-08 12:19:33 - [TEST_CASE][FAILED] - Test Cases/Data-Security/CreateRes_Supplier: Test Cases/Data-Security/CreateRes_Supplier FAILED.
Reason:
com.kms.katalon.core.exception.StepFailedException: Fail to click on element
	at com.kms.katalon.core.util.KeywordUtil.markFailed(KeywordUtil.java:18)
	at com.kms.katalon.core.util.KeywordUtil$markFailed$0.call(Unknown Source)
	at AdminTool_Location.checkLocation2(AdminTool_Location.groovy:616)
	at AdminTool_Location.invokeMethod(AdminTool_Location.groovy)
	at com.kms.katalon.core.main.CustomKeywordDelegatingMetaClass.invokeStaticMethod(CustomKeywordDelegatingMetaClass.java:49)
	at CreateRes_Supplier.run(CreateRes_Supplier:123)
	at com.kms.katalon.core.main.ScriptEngine.run(ScriptEngine.java:194)
	at com.kms.katalon.core.main.ScriptEngine.runScriptAsRawText(ScriptEngine.java:119)
	at com.kms.katalon.core.main.TestCaseExecutor.runScript(TestCaseExecutor.java:331)
	at com.kms.katalon.core.main.TestCaseExecutor.doExecute(TestCaseExecutor.java:322)
	at com.kms.katalon.core.main.TestCaseExecutor.processExecutionPhase(TestCaseExecutor.java:301)
	at com.kms.katalon.core.main.TestCaseExecutor.accessMainPhase(TestCaseExecutor.java:293)
	at com.kms.katalon.core.main.TestCaseExecutor.execute(TestCaseExecutor.java:227)
	at com.kms.katalon.core.main.TestSuiteExecutor.accessTestCaseMainPhase(TestSuiteExecutor.java:129)
	at com.kms.katalon.core.main.TestSuiteExecutor.accessTestSuiteMainPhase(TestSuiteExecutor.java:112)
	at com.kms.katalon.core.main.TestSuiteExecutor.execute(TestSuiteExecutor.java:81)
	at com.kms.katalon.core.main.TestCaseMain.startTestSuite(TestCaseMain.java:157)
	at com.kms.katalon.core.main.TestCaseMain$startTestSuite$0.call(Unknown Source)
	at TempTestSuite1552027134166.run(TempTestSuite1552027134166.groovy:35)]]></system-err>
      </testcase>
      <testcase name="Test Cases/Data-Security/createUser" classname="Test Cases/Data-Security/createUser" status="PASSED">
         <system-out><![CDATA[2019-03-08 12:22:01 - [TEST_CASE][PASSED] - Test Cases/Data-Security/createUser: Test Cases/Data-Security/createUser

2019-03-08 12:22:01 - [TEST_STEP][NOT_RUN] - openBrowser(URL): NOT_RUN: openBrowser(URL)

2019-03-08 12:22:01 - [MESSAGE][NOT_RUN] - NOT_RUN: openBrowser(URL)

2019-03-08 12:22:01 - [TEST_STEP][NOT_RUN] - maximizeWindow(): NOT_RUN: maximizeWindow()

2019-03-08 12:22:01 - [MESSAGE][NOT_RUN] - NOT_RUN: maximizeWindow()

2019-03-08 12:22:01 - [TEST_STEP][NOT_RUN] - waitForElementVisible(findTestObject("TestUserLocation/login_Username"), 70): NOT_RUN: waitForElementVisible(findTestObject("TestUserLocation/login_Username"), 70)

2019-03-08 12:22:01 - [MESSAGE][NOT_RUN] - NOT_RUN: waitForElementVisible(findTestObject("TestUserLocation/login_Username"), 70)

2019-03-08 12:22:01 - [TEST_STEP][NOT_RUN] - setText(findTestObject("TestUserLocation/login_Username"), UserName): NOT_RUN: setText(findTestObject("TestUserLocation/login_Username"), UserName)

2019-03-08 12:22:01 - [MESSAGE][NOT_RUN] - NOT_RUN: setText(findTestObject("TestUserLocation/login_Username"), UserName)

2019-03-08 12:22:01 - [TEST_STEP][NOT_RUN] - setText(findTestObject("TestUserLocation/login_Password"), Password): NOT_RUN: setText(findTestObject("TestUserLocation/login_Password"), Password)

2019-03-08 12:22:01 - [MESSAGE][NOT_RUN] - NOT_RUN: setText(findTestObject("TestUserLocation/login_Password"), Password)

2019-03-08 12:22:01 - [TEST_STEP][PASSED] - User.setNamePass(): User.setNamePass is PASSED

2019-03-08 12:22:01 - [MESSAGE][PASSED] - User.setNamePass is PASSED

2019-03-08 12:22:01 - [TEST_STEP][NOT_RUN] - click(findTestObject("TestUserLocation/login_Button")): NOT_RUN: click(findTestObject("TestUserLocation/login_Button"))

2019-03-08 12:22:01 - [MESSAGE][NOT_RUN] - NOT_RUN: click(findTestObject("TestUserLocation/login_Button"))

2019-03-08 12:22:01 - [TEST_STEP][PASSED] - Thread.sleep(6000): null

2019-03-08 12:22:07 - [TEST_STEP][PASSED] - waitForElementClickable(findTestObject("TestUserLocation/mainmenu_button"), 70): Object 'Object Repository/TestUserLocation/mainmenu_button' is clickable

2019-03-08 12:22:07 - [MESSAGE][PASSED] - Object 'Object Repository/TestUserLocation/mainmenu_button' is clickable

2019-03-08 12:22:07 - [TEST_STEP][PASSED] - click(findTestObject("TestUserLocation/mainmenu_button")): Object: 'Object Repository/TestUserLocation/mainmenu_button' is clicked on

2019-03-08 12:22:07 - [MESSAGE][PASSED] - Object: 'Object Repository/TestUserLocation/mainmenu_button' is clicked on

2019-03-08 12:22:07 - [TEST_STEP][NOT_RUN] - click(findTestObject("Form_Selection_Creation/mainMenu_AdminTools")): NOT_RUN: click(findTestObject("Form_Selection_Creation/mainMenu_AdminTools"))

2019-03-08 12:22:07 - [MESSAGE][NOT_RUN] - NOT_RUN: click(findTestObject("Form_Selection_Creation/mainMenu_AdminTools"))

2019-03-08 12:22:07 - [TEST_STEP][PASSED] - Thread.sleep(2000): null

2019-03-08 12:22:09 - [TEST_STEP][PASSED] - click(findTestObject("TestUser/users")): Object: 'Object Repository/TestUser/users' is clicked on

2019-03-08 12:22:15 - [MESSAGE][PASSED] - Object: 'Object Repository/TestUser/users' is clicked on

2019-03-08 12:22:15 - [TEST_STEP][PASSED] - waitForElementClickable(findTestObject("TestUser/addNewUser"), 60): Object 'Object Repository/TestUser/addNewUser' is clickable

2019-03-08 12:22:15 - [MESSAGE][PASSED] - Object 'Object Repository/TestUser/addNewUser' is clickable

2019-03-08 12:22:15 - [TEST_STEP][PASSED] - Thread.sleep(4000): null

2019-03-08 12:22:19 - [TEST_STEP][PASSED] - click(findTestObject("TestUser/addNewUser")): Object: 'Object Repository/TestUser/addNewUser' is clicked on

2019-03-08 12:22:19 - [MESSAGE][PASSED] - Object: 'Object Repository/TestUser/addNewUser' is clicked on

2019-03-08 12:22:19 - [TEST_STEP][PASSED] - Thread.sleep(4000): null

2019-03-08 12:22:23 - [TEST_STEP][PASSED] - setText(findTestObject("TestUser/userName"), findTestData("UserData").getValue("UserName", 1)): Text 'User_On_08/03/19-12:22' is set on object 'Object Repository/TestUser/userName'

2019-03-08 12:22:23 - [MESSAGE][PASSED] - Text 'User_On_08/03/19-12:22' is set on object 'Object Repository/TestUser/userName'

2019-03-08 12:22:23 - [TEST_STEP][PASSED] - setText(findTestObject("TestUser/password"), findTestData("UserData").getValue("Password", 1)): Text 'password' is set on object 'Object Repository/TestUser/password'

2019-03-08 12:22:23 - [MESSAGE][PASSED] - Text 'password' is set on object 'Object Repository/TestUser/password'

2019-03-08 12:22:23 - [TEST_STEP][PASSED] - setText(findTestObject("TestUser/firstName"), "Test"): Text 'Test' is set on object 'Object Repository/TestUser/firstName'

2019-03-08 12:22:24 - [MESSAGE][PASSED] - Text 'Test' is set on object 'Object Repository/TestUser/firstName'

2019-03-08 12:22:24 - [TEST_STEP][PASSED] - setText(findTestObject("TestUser/lastName"), "Auto"): Text 'Auto' is set on object 'Object Repository/TestUser/lastName'

2019-03-08 12:22:29 - [MESSAGE][PASSED] - Text 'Auto' is set on object 'Object Repository/TestUser/lastName'

2019-03-08 12:22:29 - [TEST_STEP][PASSED] - setText(findTestObject("TestUser/email"), "test123@auto.com"): Text 'test123@auto.com' is set on object 'Object Repository/TestUser/email'

2019-03-08 12:22:29 - [MESSAGE][PASSED] - Text 'test123@auto.com' is set on object 'Object Repository/TestUser/email'

2019-03-08 12:22:29 - [TEST_STEP][PASSED] - click(findTestObject("TestUser/timeZoneOpen")): Object: 'Object Repository/TestUser/timeZoneOpen' is clicked on

2019-03-08 12:22:29 - [MESSAGE][PASSED] - Object: 'Object Repository/TestUser/timeZoneOpen' is clicked on

2019-03-08 12:22:29 - [TEST_STEP][PASSED] - Thread.sleep(2000): null

2019-03-08 12:22:31 - [TEST_STEP][PASSED] - click(findTestObject("TestUser/selectTimeZone")): Object: 'Object Repository/TestUser/selectTimeZone' is clicked on

2019-03-08 12:22:32 - [MESSAGE][PASSED] - Object: 'Object Repository/TestUser/selectTimeZone' is clicked on

2019-03-08 12:22:32 - [TEST_STEP][PASSED] - Thread.sleep(2000): null

2019-03-08 12:22:34 - [TEST_STEP][PASSED] - click(findTestObject("TestUser/clickOutside")): Object: 'Object Repository/TestUser/clickOutside' is clicked on

2019-03-08 12:22:34 - [MESSAGE][PASSED] - Object: 'Object Repository/TestUser/clickOutside' is clicked on

2019-03-08 12:22:34 - [TEST_STEP][PASSED] - click(findTestObject("TestUser/locationOpen")): Object: 'Object Repository/TestUser/locationOpen' is clicked on

2019-03-08 12:22:34 - [MESSAGE][PASSED] - Object: 'Object Repository/TestUser/locationOpen' is clicked on

2019-03-08 12:22:34 - [TEST_STEP][PASSED] - AdminTool_Location.selectLocations(): Element has been clicked

2019-03-08 12:22:41 - [MESSAGE][PASSED] - Element has been clicked

2019-03-08 12:22:41 - [TEST_STEP][PASSED] - Thread.sleep(2000): null

2019-03-08 12:22:43 - [TEST_STEP][NOT_RUN] - click(findTestObject("TestUser/selectLocation")): NOT_RUN: click(findTestObject("TestUser/selectLocation"))

2019-03-08 12:22:43 - [MESSAGE][NOT_RUN] - NOT_RUN: click(findTestObject("TestUser/selectLocation"))

2019-03-08 12:22:43 - [TEST_STEP][NOT_RUN] - Thread.sleep(2000): NOT_RUN: Thread.sleep(2000)

2019-03-08 12:22:43 - [MESSAGE][NOT_RUN] - NOT_RUN: Thread.sleep(2000)

2019-03-08 12:22:43 - [TEST_STEP][PASSED] - click(findTestObject("TestUser/clickOutside")): Object: 'Object Repository/TestUser/clickOutside' is clicked on

2019-03-08 12:22:43 - [MESSAGE][PASSED] - Object: 'Object Repository/TestUser/clickOutside' is clicked on

2019-03-08 12:22:43 - [TEST_STEP][PASSED] - click(findTestObject("TestUser/roleOpen")): Object: 'Object Repository/TestUser/roleOpen' is clicked on

2019-03-08 12:22:43 - [MESSAGE][PASSED] - Object: 'Object Repository/TestUser/roleOpen' is clicked on

2019-03-08 12:22:43 - [TEST_STEP][PASSED] - Thread.sleep(2000): null

2019-03-08 12:22:45 - [TEST_STEP][PASSED] - setText(findTestObject("TestUser/selectRole"), "Superadmin"): Text 'Superadmin' is set on object 'Object Repository/TestUser/selectRole'

2019-03-08 12:22:46 - [MESSAGE][PASSED] - Text 'Superadmin' is set on object 'Object Repository/TestUser/selectRole'

2019-03-08 12:22:46 - [TEST_STEP][PASSED] - Thread.sleep(2000): null

2019-03-08 12:22:48 - [TEST_STEP][PASSED] - sendKeys(findTestObject("TestUser/selectRole"), Keys.chord(ENTER)): Keys 'ENTER + ' sent to object: 'Object Repository/TestUser/selectRole'

2019-03-08 12:22:48 - [MESSAGE][PASSED] - Keys 'ENTER + ' sent to object: 'Object Repository/TestUser/selectRole'

2019-03-08 12:22:48 - [TEST_STEP][PASSED] - Thread.sleep(2000): null

2019-03-08 12:22:50 - [TEST_STEP][PASSED] - AdminTool_Location.moveCursor(): AdminTool_Location.moveCursor is PASSED

2019-03-08 12:22:50 - [MESSAGE][PASSED] - AdminTool_Location.moveCursor is PASSED

2019-03-08 12:22:50 - [TEST_STEP][PASSED] - Thread.sleep(2000): null

2019-03-08 12:22:52 - [TEST_STEP][PASSED] - click(findTestObject("TestUser/clickOutside")): Object: 'Object Repository/TestUser/clickOutside' is clicked on

2019-03-08 12:22:52 - [MESSAGE][PASSED] - Object: 'Object Repository/TestUser/clickOutside' is clicked on

2019-03-08 12:22:52 - [TEST_STEP][PASSED] - Thread.sleep(2000): null

2019-03-08 12:22:54 - [TEST_STEP][PASSED] - click(findTestObject("TestUser/saveUser")): Object: 'Object Repository/TestUser/saveUser' is clicked on

2019-03-08 12:22:54 - [MESSAGE][PASSED] - Object: 'Object Repository/TestUser/saveUser' is clicked on

2019-03-08 12:22:54 - [TEST_STEP][PASSED] - Thread.sleep(6000): null]]></system-out>
         <system-err><![CDATA[]]></system-err>
      </testcase>
      <testcase name="Test Cases/Data-Security/5_CreateWG" classname="Test Cases/Data-Security/5_CreateWG" status="PASSED">
         <system-out><![CDATA[2019-03-08 12:23:00 - [TEST_CASE][PASSED] - Test Cases/Data-Security/5_CreateWG: Test Cases/Data-Security/5_CreateWG

2019-03-08 12:23:00 - [TEST_STEP][NOT_RUN] - openBrowser(URL): NOT_RUN: openBrowser(URL)

2019-03-08 12:23:00 - [MESSAGE][NOT_RUN] - NOT_RUN: openBrowser(URL)

2019-03-08 12:23:00 - [TEST_STEP][NOT_RUN] - maximizeWindow(): NOT_RUN: maximizeWindow()

2019-03-08 12:23:00 - [MESSAGE][NOT_RUN] - NOT_RUN: maximizeWindow()

2019-03-08 12:23:00 - [TEST_STEP][NOT_RUN] - setText(findTestObject("Form_Selection_Creation/login_Username"), UserName): NOT_RUN: setText(findTestObject("Form_Selection_Creation/login_Username"), UserName)

2019-03-08 12:23:00 - [MESSAGE][NOT_RUN] - NOT_RUN: setText(findTestObject("Form_Selection_Creation/login_Username"), UserName)

2019-03-08 12:23:00 - [TEST_STEP][NOT_RUN] - setText(findTestObject("Form_Selection_Creation/login_Password"), Password): NOT_RUN: setText(findTestObject("Form_Selection_Creation/login_Password"), Password)

2019-03-08 12:23:00 - [MESSAGE][NOT_RUN] - NOT_RUN: setText(findTestObject("Form_Selection_Creation/login_Password"), Password)

2019-03-08 12:23:00 - [TEST_STEP][PASSED] - Supplier.setWG(): Supplier.setWG is PASSED

2019-03-08 12:23:01 - [MESSAGE][PASSED] - Supplier.setWG is PASSED

2019-03-08 12:23:01 - [TEST_STEP][NOT_RUN] - click(findTestObject("Form_Selection_Creation/login_Button")): NOT_RUN: click(findTestObject("Form_Selection_Creation/login_Button"))

2019-03-08 12:23:01 - [MESSAGE][NOT_RUN] - NOT_RUN: click(findTestObject("Form_Selection_Creation/login_Button"))

2019-03-08 12:23:01 - [TEST_STEP][PASSED] - Thread.sleep(4000): null

2019-03-08 12:23:05 - [TEST_STEP][PASSED] - click(findTestObject("Form_Selection_Creation/mainMenu_Button")): Object: 'Object Repository/Form_Selection_Creation/mainMenu_Button' is clicked on

2019-03-08 12:23:05 - [MESSAGE][PASSED] - Object: 'Object Repository/Form_Selection_Creation/mainMenu_Button' is clicked on

2019-03-08 12:23:05 - [TEST_STEP][NOT_RUN] - click(findTestObject("Form_Selection_Creation/mainMenu_AdminTools")): NOT_RUN: click(findTestObject("Form_Selection_Creation/mainMenu_AdminTools"))

2019-03-08 12:23:05 - [MESSAGE][NOT_RUN] - NOT_RUN: click(findTestObject("Form_Selection_Creation/mainMenu_AdminTools"))

2019-03-08 12:23:05 - [TEST_STEP][PASSED] - click(findTestObject("SupplierFlow/workgroup")): Object: 'Object Repository/SupplierFlow/workgroup' is clicked on

2019-03-08 12:23:05 - [MESSAGE][PASSED] - Object: 'Object Repository/SupplierFlow/workgroup' is clicked on

2019-03-08 12:23:05 - [TEST_STEP][PASSED] - waitForElementClickable(findTestObject("SupplierFlow/addButtonWG"), 30): Object 'Object Repository/SupplierFlow/addButtonWG' is clickable

2019-03-08 12:23:05 - [MESSAGE][PASSED] - Object 'Object Repository/SupplierFlow/addButtonWG' is clickable

2019-03-08 12:23:05 - [TEST_STEP][PASSED] - Thread.sleep(4000): null

2019-03-08 12:23:09 - [TEST_STEP][PASSED] - click(findTestObject("SupplierFlow/addButtonWG")): Object: 'Object Repository/SupplierFlow/addButtonWG' is clicked on

2019-03-08 12:23:09 - [MESSAGE][PASSED] - Object: 'Object Repository/SupplierFlow/addButtonWG' is clicked on

2019-03-08 12:23:09 - [TEST_STEP][PASSED] - setText(findTestObject("SupplierFlow/setWGText"), findTestData("SupplierData").getValue("WorkGroupName", 1)): Text 'WorkGroup_08/03/19-12:23' is set on object 'Object Repository/SupplierFlow/setWGText'

2019-03-08 12:23:10 - [MESSAGE][PASSED] - Text 'WorkGroup_08/03/19-12:23' is set on object 'Object Repository/SupplierFlow/setWGText'

2019-03-08 12:23:10 - [TEST_STEP][PASSED] - sendKeys(findTestObject("SupplierFlow/setWGText"), Keys.chord(ENTER)): Keys 'ENTER + ' sent to object: 'Object Repository/SupplierFlow/setWGText'

2019-03-08 12:23:10 - [MESSAGE][PASSED] - Keys 'ENTER + ' sent to object: 'Object Repository/SupplierFlow/setWGText'

2019-03-08 12:23:10 - [TEST_STEP][PASSED] - Thread.sleep(6000): null

2019-03-08 12:23:16 - [TEST_STEP][PASSED] - AdminTool_Location.moveCursor(): AdminTool_Location.moveCursor is PASSED

2019-03-08 12:23:16 - [MESSAGE][PASSED] - AdminTool_Location.moveCursor is PASSED

2019-03-08 12:23:16 - [TEST_STEP][PASSED] - Thread.sleep(2000): null

2019-03-08 12:23:18 - [TEST_STEP][PASSED] - setText(findTestObject("SupplierFlow/searchUserInWG"), findTestData("UserData").getValue("UserName", 1)): Text 'User_On_08/03/19-12:22' is set on object 'Object Repository/SupplierFlow/searchUserInWG'

2019-03-08 12:23:19 - [MESSAGE][PASSED] - Text 'User_On_08/03/19-12:22' is set on object 'Object Repository/SupplierFlow/searchUserInWG'

2019-03-08 12:23:19 - [TEST_STEP][NOT_RUN] - setText(findTestObject("SupplierFlow/searchUserInWG"), "tester"): NOT_RUN: setText(findTestObject("SupplierFlow/searchUserInWG"), "tester")

2019-03-08 12:23:19 - [MESSAGE][NOT_RUN] - NOT_RUN: setText(findTestObject("SupplierFlow/searchUserInWG"), "tester")

2019-03-08 12:23:19 - [TEST_STEP][PASSED] - sendKeys(findTestObject("SupplierFlow/searchUserInWG"), Keys.chord(ENTER)): Keys 'ENTER + ' sent to object: 'Object Repository/SupplierFlow/searchUserInWG'

2019-03-08 12:23:20 - [MESSAGE][PASSED] - Keys 'ENTER + ' sent to object: 'Object Repository/SupplierFlow/searchUserInWG'

2019-03-08 12:23:20 - [TEST_STEP][PASSED] - Thread.sleep(4000): null

2019-03-08 12:23:24 - [TEST_STEP][PASSED] - check(findTestObject("SupplierFlow/checkUserinWG")): Object 'Object Repository/SupplierFlow/checkUserinWG' is checked

2019-03-08 12:23:24 - [MESSAGE][PASSED] - Object 'Object Repository/SupplierFlow/checkUserinWG' is checked

2019-03-08 12:23:24 - [TEST_STEP][PASSED] - Thread.sleep(3000): null

2019-03-08 12:23:27 - [TEST_STEP][PASSED] - clearText(findTestObject("SupplierFlow/searchUserInWG"), STOP_ON_FAILURE): Text of object 'Object Repository/SupplierFlow/searchUserInWG' is cleared

2019-03-08 12:23:28 - [MESSAGE][PASSED] - Text of object 'Object Repository/SupplierFlow/searchUserInWG' is cleared

2019-03-08 12:23:28 - [TEST_STEP][PASSED] - Thread.sleep(2000): null

2019-03-08 12:23:30 - [TEST_STEP][PASSED] - setText(findTestObject("SupplierFlow/searchUserInWG"), UserName): Text 'tester' is set on object 'Object Repository/SupplierFlow/searchUserInWG'

2019-03-08 12:23:30 - [MESSAGE][PASSED] - Text 'tester' is set on object 'Object Repository/SupplierFlow/searchUserInWG'

2019-03-08 12:23:30 - [TEST_STEP][PASSED] - sendKeys(findTestObject("SupplierFlow/searchUserInWG"), Keys.chord(ENTER)): Keys 'ENTER + ' sent to object: 'Object Repository/SupplierFlow/searchUserInWG'

2019-03-08 12:23:30 - [MESSAGE][PASSED] - Keys 'ENTER + ' sent to object: 'Object Repository/SupplierFlow/searchUserInWG'

2019-03-08 12:23:30 - [TEST_STEP][PASSED] - Thread.sleep(4000): null

2019-03-08 12:23:34 - [TEST_STEP][PASSED] - check(findTestObject("SupplierFlow/checkUserinWG")): Object 'Object Repository/SupplierFlow/checkUserinWG' is checked

2019-03-08 12:23:34 - [MESSAGE][PASSED] - Object 'Object Repository/SupplierFlow/checkUserinWG' is checked

2019-03-08 12:23:34 - [TEST_STEP][PASSED] - Thread.sleep(3000): null

2019-03-08 12:23:37 - [TEST_STEP][PASSED] - click(findTestObject("SupplierFlow/saveInWG")): Object: 'Object Repository/SupplierFlow/saveInWG' is clicked on

2019-03-08 12:23:37 - [MESSAGE][PASSED] - Object: 'Object Repository/SupplierFlow/saveInWG' is clicked on

2019-03-08 12:23:37 - [TEST_STEP][PASSED] - Thread.sleep(3000): null

2019-03-08 12:23:40 - [TEST_STEP][PASSED] - click(findTestObject("Form_Selection_Creation/home")): Object: 'Object Repository/Form_Selection_Creation/home' is clicked on

2019-03-08 12:23:41 - [MESSAGE][PASSED] - Object: 'Object Repository/Form_Selection_Creation/home' is clicked on]]></system-out>
         <system-err><![CDATA[]]></system-err>
      </testcase>
      <testcase name="Test Cases/Data-Security/UploadDocumentFromAdmin" classname="Test Cases/Data-Security/UploadDocumentFromAdmin" status="PASSED">
         <system-out><![CDATA[2019-03-08 12:23:41 - [TEST_CASE][PASSED] - Test Cases/Data-Security/UploadDocumentFromAdmin: Test Cases/Data-Security/UploadDocumentFromAdmin

2019-03-08 12:23:41 - [TEST_STEP][NOT_RUN] - openBrowser(URL): NOT_RUN: openBrowser(URL)

2019-03-08 12:23:41 - [MESSAGE][NOT_RUN] - NOT_RUN: openBrowser(URL)

2019-03-08 12:23:41 - [TEST_STEP][NOT_RUN] - maximizeWindow(): NOT_RUN: maximizeWindow()

2019-03-08 12:23:41 - [MESSAGE][NOT_RUN] - NOT_RUN: maximizeWindow()

2019-03-08 12:23:41 - [TEST_STEP][NOT_RUN] - setText(findTestObject("DMS_Forms/login_Username"), UserName): NOT_RUN: setText(findTestObject("DMS_Forms/login_Username"), UserName)

2019-03-08 12:23:41 - [MESSAGE][NOT_RUN] - NOT_RUN: setText(findTestObject("DMS_Forms/login_Username"), UserName)

2019-03-08 12:23:41 - [TEST_STEP][NOT_RUN] - setText(findTestObject("DMS_Forms/login_Password"), Password): NOT_RUN: setText(findTestObject("DMS_Forms/login_Password"), Password)

2019-03-08 12:23:41 - [MESSAGE][NOT_RUN] - NOT_RUN: setText(findTestObject("DMS_Forms/login_Password"), Password)

2019-03-08 12:23:41 - [TEST_STEP][PASSED] - path = relativeToAbsolutePath("../SafetyChain-Test-Automation-Katalon/SCTestData", getProjectDir()): null

2019-03-08 12:23:41 - [TEST_STEP][NOT_RUN] - click(findTestObject("DMS_Forms/login_Button")): NOT_RUN: click(findTestObject("DMS_Forms/login_Button"))

2019-03-08 12:23:41 - [MESSAGE][NOT_RUN] - NOT_RUN: click(findTestObject("DMS_Forms/login_Button"))

2019-03-08 12:23:41 - [TEST_STEP][PASSED] - Thread.sleep(4000): null

2019-03-08 12:23:45 - [TEST_STEP][PASSED] - click(findTestObject("DMS_Forms/mainmenu_button")): Object: 'Object Repository/DMS_Forms/mainmenu_button' is clicked on

2019-03-08 12:23:45 - [MESSAGE][PASSED] - Object: 'Object Repository/DMS_Forms/mainmenu_button' is clicked on

2019-03-08 12:23:45 - [TEST_STEP][PASSED] - click(findTestObject("DMS_Forms/mainmenu_Document")): Object: 'Object Repository/DMS_Forms/mainmenu_Document' is clicked on

2019-03-08 12:23:46 - [MESSAGE][PASSED] - Object: 'Object Repository/DMS_Forms/mainmenu_Document' is clicked on

2019-03-08 12:23:46 - [TEST_STEP][PASSED] - Thread.sleep(4000): null

2019-03-08 12:23:50 - [TEST_STEP][PASSED] - Submission.docUploadAdmin(): Submission.docUploadAdmin is PASSED

2019-03-08 12:24:04 - [MESSAGE][PASSED] - Submission.docUploadAdmin is PASSED

2019-03-08 12:24:04 - [TEST_STEP][PASSED] - Thread.sleep(4000): null

2019-03-08 12:24:08 - [TEST_STEP][PASSED] - setText(findTestObject("DMS/searchDocument"), findTestData("LocationData").getValue(8, 1)): Text 'SubCustomer2_08/03/19-12:10' is set on object 'Object Repository/DMS/searchDocument'

2019-03-08 12:24:09 - [MESSAGE][PASSED] - Text 'SubCustomer2_08/03/19-12:10' is set on object 'Object Repository/DMS/searchDocument'

2019-03-08 12:24:09 - [TEST_STEP][PASSED] - Thread.sleep(2000): null

2019-03-08 12:24:11 - [TEST_STEP][PASSED] - sendKeys(findTestObject("DMS/searchDocument"), Keys.chord(DOWN)): Keys 'DOWN + ' sent to object: 'Object Repository/DMS/searchDocument'

2019-03-08 12:24:11 - [MESSAGE][PASSED] - Keys 'DOWN + ' sent to object: 'Object Repository/DMS/searchDocument'

2019-03-08 12:24:11 - [TEST_STEP][PASSED] - Thread.sleep(2000): null

2019-03-08 12:24:13 - [TEST_STEP][PASSED] - sendKeys(findTestObject("DMS/searchDocument"), Keys.chord(ENTER)): Keys 'ENTER + ' sent to object: 'Object Repository/DMS/searchDocument'

2019-03-08 12:24:13 - [MESSAGE][PASSED] - Keys 'ENTER + ' sent to object: 'Object Repository/DMS/searchDocument'

2019-03-08 12:24:13 - [TEST_STEP][PASSED] - Thread.sleep(6000): null

2019-03-08 12:24:19 - [TEST_STEP][PASSED] - filePath = path + "/Lighthouse.jpg": null

2019-03-08 12:24:19 - [TEST_STEP][PASSED] - sendKeys(findTestObject("DMS/uploadFile"), filePath): Keys 'D:\Git Data\SafetyChain-Test-Automation-Katalon\SCTestData/Lighthouse.jpg' sent to object: 'Object Repository/DMS/uploadFile'

2019-03-08 12:24:19 - [MESSAGE][PASSED] - Keys 'D:\Git Data\SafetyChain-Test-Automation-Katalon\SCTestData/Lighthouse.jpg' sent to object: 'Object Repository/DMS/uploadFile'

2019-03-08 12:24:19 - [TEST_STEP][PASSED] - Thread.sleep(6000): null]]></system-out>
         <system-err><![CDATA[]]></system-err>
      </testcase>
      <testcase name="Test Cases/Data-Security/1_CreateForm" classname="Test Cases/Data-Security/1_CreateForm" status="PASSED">
         <system-out><![CDATA[2019-03-08 12:24:25 - [TEST_CASE][PASSED] - Test Cases/Data-Security/1_CreateForm: Test Cases/Data-Security/1_CreateForm

2019-03-08 12:24:25 - [TEST_STEP][NOT_RUN] - openBrowser(URL): NOT_RUN: openBrowser(URL)

2019-03-08 12:24:25 - [MESSAGE][NOT_RUN] - NOT_RUN: openBrowser(URL)

2019-03-08 12:24:25 - [TEST_STEP][NOT_RUN] - maximizeWindow(): NOT_RUN: maximizeWindow()

2019-03-08 12:24:25 - [MESSAGE][NOT_RUN] - NOT_RUN: maximizeWindow()

2019-03-08 12:24:25 - [TEST_STEP][NOT_RUN] - setText(findTestObject("Form_Selection_Creation/login_Username"), UserName): NOT_RUN: setText(findTestObject("Form_Selection_Creation/login_Username"), UserName)

2019-03-08 12:24:25 - [MESSAGE][NOT_RUN] - NOT_RUN: setText(findTestObject("Form_Selection_Creation/login_Username"), UserName)

2019-03-08 12:24:25 - [TEST_STEP][NOT_RUN] - setText(findTestObject("Form_Selection_Creation/login_Password"), Password): NOT_RUN: setText(findTestObject("Form_Selection_Creation/login_Password"), Password)

2019-03-08 12:24:25 - [MESSAGE][NOT_RUN] - NOT_RUN: setText(findTestObject("Form_Selection_Creation/login_Password"), Password)

2019-03-08 12:24:25 - [TEST_STEP][PASSED] - FormName.setData(): FormName.setData is PASSED

2019-03-08 12:24:26 - [MESSAGE][PASSED] - FormName.setData is PASSED

2019-03-08 12:24:26 - [TEST_STEP][NOT_RUN] - click(findTestObject("Form_Selection_Creation/login_Button")): NOT_RUN: click(findTestObject("Form_Selection_Creation/login_Button"))

2019-03-08 12:24:26 - [MESSAGE][NOT_RUN] - NOT_RUN: click(findTestObject("Form_Selection_Creation/login_Button"))

2019-03-08 12:24:26 - [TEST_STEP][PASSED] - Thread.sleep(3000): null

2019-03-08 12:24:29 - [TEST_STEP][PASSED] - AdminTool_Location.moveCursor(): AdminTool_Location.moveCursor is PASSED

2019-03-08 12:24:29 - [MESSAGE][PASSED] - AdminTool_Location.moveCursor is PASSED

2019-03-08 12:24:29 - [TEST_STEP][NOT_RUN] - Thread.sleep(2000): NOT_RUN: Thread.sleep(2000)

2019-03-08 12:24:29 - [MESSAGE][NOT_RUN] - NOT_RUN: Thread.sleep(2000)

2019-03-08 12:24:29 - [TEST_STEP][PASSED] - click(findTestObject("Form_Selection_Creation/mainMenu_Button")): Object: 'Object Repository/Form_Selection_Creation/mainMenu_Button' is clicked on

2019-03-08 12:24:29 - [MESSAGE][PASSED] - Object: 'Object Repository/Form_Selection_Creation/mainMenu_Button' is clicked on

2019-03-08 12:24:29 - [TEST_STEP][NOT_RUN] - click(findTestObject("Form_Selection_Creation/mainMenu_AdminTools")): NOT_RUN: click(findTestObject("Form_Selection_Creation/mainMenu_AdminTools"))

2019-03-08 12:24:29 - [MESSAGE][NOT_RUN] - NOT_RUN: click(findTestObject("Form_Selection_Creation/mainMenu_AdminTools"))

2019-03-08 12:24:29 - [TEST_STEP][PASSED] - waitForElementVisible(findTestObject("Form_Selection_Creation/mainMenu_AdminTools_FormDesigner"), 45): Object 'Object Repository/Form_Selection_Creation/mainMenu_AdminTools_FormDesigner' is visible

2019-03-08 12:24:29 - [MESSAGE][PASSED] - Object 'Object Repository/Form_Selection_Creation/mainMenu_AdminTools_FormDesigner' is visible

2019-03-08 12:24:29 - [TEST_STEP][PASSED] - click(findTestObject("Form_Selection_Creation/mainMenu_AdminTools_FormDesigner")): Object: 'Object Repository/Form_Selection_Creation/mainMenu_AdminTools_FormDesigner' is clicked on

2019-03-08 12:24:29 - [MESSAGE][PASSED] - Object: 'Object Repository/Form_Selection_Creation/mainMenu_AdminTools_FormDesigner' is clicked on

2019-03-08 12:24:29 - [TEST_STEP][PASSED] - click(findTestObject("Form_Selection_Creation/selectCheckForm")): Object: 'Object Repository/Form_Selection_Creation/selectCheckForm' is clicked on

2019-03-08 12:24:29 - [MESSAGE][PASSED] - Object: 'Object Repository/Form_Selection_Creation/selectCheckForm' is clicked on

2019-03-08 12:24:29 - [TEST_STEP][PASSED] - Thread.sleep(3000): null

2019-03-08 12:24:32 - [TEST_STEP][PASSED] - waitForElementClickable(findTestObject("Form_Selection_Creation/formDesign_selectResource"), 25): Object 'Object Repository/Form_Selection_Creation/formDesign_selectResource' is clickable

2019-03-08 12:24:33 - [MESSAGE][PASSED] - Object 'Object Repository/Form_Selection_Creation/formDesign_selectResource' is clickable

2019-03-08 12:24:33 - [TEST_STEP][PASSED] - Thread.sleep(3000): null

2019-03-08 12:24:36 - [TEST_STEP][PASSED] - AdminTool_Location.dragDropCust(2): Element has been clicked

2019-03-08 12:24:40 - [MESSAGE][PASSED] - Element has been clicked

2019-03-08 12:24:40 - [TEST_STEP][NOT_RUN] - dragAndDropToObject(findTestObject("Form_Selection_Creation/formDesign_selectResource"), findTestObject("Form_Selection_Creation/Target_Res_Object")): NOT_RUN: dragAndDropToObject(findTestObject("Form_Selection_Creation/formDesign_selectResource"), findTestObject("Form_Selection_Creation/Target_Res_Object"))

2019-03-08 12:24:40 - [MESSAGE][NOT_RUN] - NOT_RUN: dragAndDropToObject(findTestObject("Form_Selection_Creation/formDesign_selectResource"), findTestObject("Form_Selection_Creation/Target_Res_Object"))

2019-03-08 12:24:40 - [TEST_STEP][PASSED] - waitForElementClickable(findTestObject("Form_Selection_Creation/openResType"), 45): Object 'Object Repository/Form_Selection_Creation/openResType' is clickable

2019-03-08 12:24:40 - [MESSAGE][PASSED] - Object 'Object Repository/Form_Selection_Creation/openResType' is clickable

2019-03-08 12:24:40 - [TEST_STEP][PASSED] - Thread.sleep(4000): null

2019-03-08 12:24:44 - [TEST_STEP][PASSED] - click(findTestObject("Form_Selection_Creation/openResType")): Object: 'Object Repository/Form_Selection_Creation/openResType' is clicked on

2019-03-08 12:24:44 - [MESSAGE][PASSED] - Object: 'Object Repository/Form_Selection_Creation/openResType' is clicked on

2019-03-08 12:24:44 - [TEST_STEP][PASSED] - Thread.sleep(2000): null

2019-03-08 12:24:46 - [TEST_STEP][PASSED] - click(findTestObject("Form_Selection_Creation/selectEquipment")): Object: 'Object Repository/Form_Selection_Creation/selectEquipment' is clicked on

2019-03-08 12:24:46 - [MESSAGE][PASSED] - Object: 'Object Repository/Form_Selection_Creation/selectEquipment' is clicked on

2019-03-08 12:24:46 - [TEST_STEP][PASSED] - waitForElementClickable(findTestObject("Form_Selection_Creation/formDesign_selectResource"), 25): Object 'Object Repository/Form_Selection_Creation/formDesign_selectResource' is clickable

2019-03-08 12:24:46 - [MESSAGE][PASSED] - Object 'Object Repository/Form_Selection_Creation/formDesign_selectResource' is clickable

2019-03-08 12:24:46 - [TEST_STEP][PASSED] - Thread.sleep(2000): null

2019-03-08 12:24:48 - [TEST_STEP][PASSED] - AdminTool_Location.dragDropCust(3): Element has been clicked

2019-03-08 12:24:53 - [MESSAGE][PASSED] - Element has been clicked

2019-03-08 12:24:53 - [TEST_STEP][NOT_RUN] - dragAndDropToObject(findTestObject("Form_Selection_Creation/formDesign_selectResource"), findTestObject("Form_Selection_Creation/Target_Res_Object")): NOT_RUN: dragAndDropToObject(findTestObject("Form_Selection_Creation/formDesign_selectResource"), findTestObject("Form_Selection_Creation/Target_Res_Object"))

2019-03-08 12:24:53 - [MESSAGE][NOT_RUN] - NOT_RUN: dragAndDropToObject(findTestObject("Form_Selection_Creation/formDesign_selectResource"), findTestObject("Form_Selection_Creation/Target_Res_Object"))

2019-03-08 12:24:53 - [TEST_STEP][PASSED] - waitForElementClickable(findTestObject("Form_Selection_Creation/openResType"), 25): Object 'Object Repository/Form_Selection_Creation/openResType' is clickable

2019-03-08 12:24:53 - [MESSAGE][PASSED] - Object 'Object Repository/Form_Selection_Creation/openResType' is clickable

2019-03-08 12:24:53 - [TEST_STEP][PASSED] - Thread.sleep(4000): null

2019-03-08 12:24:57 - [TEST_STEP][PASSED] - click(findTestObject("Form_Selection_Creation/openResType")): Object: 'Object Repository/Form_Selection_Creation/openResType' is clicked on

2019-03-08 12:24:57 - [MESSAGE][PASSED] - Object: 'Object Repository/Form_Selection_Creation/openResType' is clicked on

2019-03-08 12:24:57 - [TEST_STEP][PASSED] - Thread.sleep(2000): null

2019-03-08 12:24:59 - [TEST_STEP][PASSED] - click(findTestObject("Form_Selection_Creation/selectItem")): Object: 'Object Repository/Form_Selection_Creation/selectItem' is clicked on

2019-03-08 12:24:59 - [MESSAGE][PASSED] - Object: 'Object Repository/Form_Selection_Creation/selectItem' is clicked on

2019-03-08 12:24:59 - [TEST_STEP][PASSED] - waitForElementClickable(findTestObject("Form_Selection_Creation/formDesign_selectResource"), 25): Object 'Object Repository/Form_Selection_Creation/formDesign_selectResource' is clickable

2019-03-08 12:25:00 - [MESSAGE][PASSED] - Object 'Object Repository/Form_Selection_Creation/formDesign_selectResource' is clickable

2019-03-08 12:25:00 - [TEST_STEP][PASSED] - Thread.sleep(2000): null

2019-03-08 12:25:02 - [TEST_STEP][PASSED] - AdminTool_Location.dragDropCust(4): Element has been clicked

2019-03-08 12:25:06 - [MESSAGE][PASSED] - Element has been clicked

2019-03-08 12:25:06 - [TEST_STEP][NOT_RUN] - dragAndDropToObject(findTestObject("Form_Selection_Creation/formDesign_selectResource"), findTestObject("Form_Selection_Creation/Target_Res_Object")): NOT_RUN: dragAndDropToObject(findTestObject("Form_Selection_Creation/formDesign_selectResource"), findTestObject("Form_Selection_Creation/Target_Res_Object"))

2019-03-08 12:25:06 - [MESSAGE][NOT_RUN] - NOT_RUN: dragAndDropToObject(findTestObject("Form_Selection_Creation/formDesign_selectResource"), findTestObject("Form_Selection_Creation/Target_Res_Object"))

2019-03-08 12:25:06 - [TEST_STEP][PASSED] - waitForElementClickable(findTestObject("Form_Selection_Creation/openResType"), 25): Object 'Object Repository/Form_Selection_Creation/openResType' is clickable

2019-03-08 12:25:06 - [MESSAGE][PASSED] - Object 'Object Repository/Form_Selection_Creation/openResType' is clickable

2019-03-08 12:25:06 - [TEST_STEP][PASSED] - Thread.sleep(4000): null

2019-03-08 12:25:10 - [TEST_STEP][PASSED] - click(findTestObject("Form_Selection_Creation/openResType")): Object: 'Object Repository/Form_Selection_Creation/openResType' is clicked on

2019-03-08 12:25:10 - [MESSAGE][PASSED] - Object: 'Object Repository/Form_Selection_Creation/openResType' is clicked on

2019-03-08 12:25:10 - [TEST_STEP][PASSED] - Thread.sleep(2000): null

2019-03-08 12:25:12 - [TEST_STEP][PASSED] - click(findTestObject("Form_Selection_Creation/selectSupplier")): Object: 'Object Repository/Form_Selection_Creation/selectSupplier' is clicked on

2019-03-08 12:25:12 - [MESSAGE][PASSED] - Object: 'Object Repository/Form_Selection_Creation/selectSupplier' is clicked on

2019-03-08 12:25:12 - [TEST_STEP][PASSED] - waitForElementClickable(findTestObject("Form_Selection_Creation/formDesign_selectResource"), 25): Object 'Object Repository/Form_Selection_Creation/formDesign_selectResource' is clickable

2019-03-08 12:25:12 - [MESSAGE][PASSED] - Object 'Object Repository/Form_Selection_Creation/formDesign_selectResource' is clickable

2019-03-08 12:25:12 - [TEST_STEP][PASSED] - Thread.sleep(2000): null

2019-03-08 12:25:14 - [TEST_STEP][PASSED] - AdminTool_Location.dragDropCust(5): Element has been clicked

2019-03-08 12:25:19 - [MESSAGE][PASSED] - Element has been clicked

2019-03-08 12:25:19 - [TEST_STEP][NOT_RUN] - dragAndDropToObject(findTestObject("Form_Selection_Creation/formDesign_selectResource"), findTestObject("Form_Selection_Creation/Target_Res_Object")): NOT_RUN: dragAndDropToObject(findTestObject("Form_Selection_Creation/formDesign_selectResource"), findTestObject("Form_Selection_Creation/Target_Res_Object"))

2019-03-08 12:25:19 - [MESSAGE][NOT_RUN] - NOT_RUN: dragAndDropToObject(findTestObject("Form_Selection_Creation/formDesign_selectResource"), findTestObject("Form_Selection_Creation/Target_Res_Object"))

2019-03-08 12:25:19 - [TEST_STEP][PASSED] - waitForElementClickable(findTestObject("Form_Selection_Creation/formDesign_selectResource"), 25): Object 'Object Repository/Form_Selection_Creation/formDesign_selectResource' is clickable

2019-03-08 12:25:19 - [MESSAGE][PASSED] - Object 'Object Repository/Form_Selection_Creation/formDesign_selectResource' is clickable

2019-03-08 12:25:19 - [TEST_STEP][PASSED] - Thread.sleep(4000): null

2019-03-08 12:25:23 - [TEST_STEP][PASSED] - click(findTestObject("Form_Selection_Creation/formCreation_NextToDesignForm")): Object: 'Object Repository/Form_Selection_Creation/formCreation_NextToDesignForm' is clicked on

2019-03-08 12:25:23 - [MESSAGE][PASSED] - Object: 'Object Repository/Form_Selection_Creation/formCreation_NextToDesignForm' is clicked on

2019-03-08 12:25:23 - [TEST_STEP][PASSED] - Thread.sleep(4000): null

2019-03-08 12:25:27 - [TEST_STEP][PASSED] - FormName.createForm(findTestObject("Form_Selection_Creation/formDesign_FormName")): FormName.createForm is PASSED

2019-03-08 12:25:27 - [MESSAGE][PASSED] - FormName.createForm is PASSED

2019-03-08 12:25:27 - [TEST_STEP][PASSED] - Thread.sleep(2000): null

2019-03-08 12:25:29 - [TEST_STEP][PASSED] - dragAndDropToObject(findTestObject("Form_Selection_Creation/formDesign_SelectSection"), findTestObject("Form_Selection_Creation/default_area")): Dragged object with id 'Object Repository/Form_Selection_Creation/formDesign_SelectSection' to object with id 'TestObject - 'Object Repository/Form_Selection_Creation/default_area'' successfully

2019-03-08 12:25:30 - [MESSAGE][PASSED] - Dragged object with id 'Object Repository/Form_Selection_Creation/formDesign_SelectSection' to object with id 'TestObject - 'Object Repository/Form_Selection_Creation/default_area'' successfully

2019-03-08 12:25:30 - [TEST_STEP][PASSED] - setText(findTestObject("Form_Selection_Creation/formDesign_SectionName"), "This is a Section"): Text 'This is a Section' is set on object 'Object Repository/Form_Selection_Creation/formDesign_SectionName'

2019-03-08 12:25:31 - [MESSAGE][PASSED] - Text 'This is a Section' is set on object 'Object Repository/Form_Selection_Creation/formDesign_SectionName'

2019-03-08 12:25:31 - [TEST_STEP][PASSED] - Thread.sleep(2000): null

2019-03-08 12:25:33 - [TEST_STEP][PASSED] - dragAndDropToObject(findTestObject("Form_Selection_Creation/formDesign_SelectFieldgroup"), findTestObject("Form_Selection_Creation/section_area")): Dragged object with id 'Object Repository/Form_Selection_Creation/formDesign_SelectFieldgroup' to object with id 'TestObject - 'Object Repository/Form_Selection_Creation/section_area'' successfully

2019-03-08 12:25:34 - [MESSAGE][PASSED] - Dragged object with id 'Object Repository/Form_Selection_Creation/formDesign_SelectFieldgroup' to object with id 'TestObject - 'Object Repository/Form_Selection_Creation/section_area'' successfully

2019-03-08 12:25:34 - [TEST_STEP][PASSED] - setText(findTestObject("Form_Selection_Creation/formDesign_FieldGroupName"), "This is Field Group"): Text 'This is Field Group' is set on object 'Object Repository/Form_Selection_Creation/formDesign_FieldGroupName'

2019-03-08 12:25:34 - [MESSAGE][PASSED] - Text 'This is Field Group' is set on object 'Object Repository/Form_Selection_Creation/formDesign_FieldGroupName'

2019-03-08 12:25:34 - [TEST_STEP][PASSED] - Thread.sleep(2000): null

2019-03-08 12:25:36 - [TEST_STEP][PASSED] - dragAndDropToObject(findTestObject("Form_Selection_Creation/formDesign_SelectFree Text"), findTestObject("Form_Selection_Creation/group_area")): Dragged object with id 'Object Repository/Form_Selection_Creation/formDesign_SelectFree Text' to object with id 'TestObject - 'Object Repository/Form_Selection_Creation/group_area'' successfully

2019-03-08 12:25:37 - [MESSAGE][PASSED] - Dragged object with id 'Object Repository/Form_Selection_Creation/formDesign_SelectFree Text' to object with id 'TestObject - 'Object Repository/Form_Selection_Creation/group_area'' successfully

2019-03-08 12:25:37 - [TEST_STEP][PASSED] - setText(findTestObject("Form_Selection_Creation/formDesign_FreetextName"), "This is Free Text"): Text 'This is Free Text' is set on object 'Object Repository/Form_Selection_Creation/formDesign_FreetextName'

2019-03-08 12:25:37 - [MESSAGE][PASSED] - Text 'This is Free Text' is set on object 'Object Repository/Form_Selection_Creation/formDesign_FreetextName'

2019-03-08 12:25:37 - [TEST_STEP][PASSED] - Thread.sleep(2000): null

2019-03-08 12:25:39 - [TEST_STEP][PASSED] - dragAndDropToObject(findTestObject("Form_Selection_Creation/formDesign_SelectParagraphText"), findTestObject("Form_Selection_Creation/group_area")): Dragged object with id 'Object Repository/Form_Selection_Creation/formDesign_SelectParagraphText' to object with id 'TestObject - 'Object Repository/Form_Selection_Creation/group_area'' successfully

2019-03-08 12:25:40 - [MESSAGE][PASSED] - Dragged object with id 'Object Repository/Form_Selection_Creation/formDesign_SelectParagraphText' to object with id 'TestObject - 'Object Repository/Form_Selection_Creation/group_area'' successfully

2019-03-08 12:25:40 - [TEST_STEP][PASSED] - setText(findTestObject("Form_Selection_Creation/formDesign_ParagraphName"), "This is Paragraph"): Text 'This is Paragraph' is set on object 'Object Repository/Form_Selection_Creation/formDesign_ParagraphName'

2019-03-08 12:25:41 - [MESSAGE][PASSED] - Text 'This is Paragraph' is set on object 'Object Repository/Form_Selection_Creation/formDesign_ParagraphName'

2019-03-08 12:25:41 - [TEST_STEP][PASSED] - Thread.sleep(2000): null

2019-03-08 12:25:43 - [TEST_STEP][PASSED] - dragAndDropToObject(findTestObject("Form_Selection_Creation/formDesign_Select_SelectOne"), findTestObject("Form_Selection_Creation/group_area")): Dragged object with id 'Object Repository/Form_Selection_Creation/formDesign_Select_SelectOne' to object with id 'TestObject - 'Object Repository/Form_Selection_Creation/group_area'' successfully

2019-03-08 12:25:44 - [MESSAGE][PASSED] - Dragged object with id 'Object Repository/Form_Selection_Creation/formDesign_Select_SelectOne' to object with id 'TestObject - 'Object Repository/Form_Selection_Creation/group_area'' successfully

2019-03-08 12:25:44 - [TEST_STEP][PASSED] - setText(findTestObject("Form_Selection_Creation/formDesign_Select_OneName"), "This is Select One"): Text 'This is Select One' is set on object 'Object Repository/Form_Selection_Creation/formDesign_Select_OneName'

2019-03-08 12:25:45 - [MESSAGE][PASSED] - Text 'This is Select One' is set on object 'Object Repository/Form_Selection_Creation/formDesign_Select_OneName'

2019-03-08 12:25:45 - [TEST_STEP][PASSED] - Thread.sleep(3000): null

2019-03-08 12:25:48 - [TEST_STEP][PASSED] - click(findTestObject("Form_Selection_Creation/button_Add New")): Object: 'Object Repository/Form_Selection_Creation/button_Add New' is clicked on

2019-03-08 12:25:48 - [MESSAGE][PASSED] - Object: 'Object Repository/Form_Selection_Creation/button_Add New' is clicked on

2019-03-08 12:25:48 - [TEST_STEP][PASSED] - setText(findTestObject("Form_Selection_Creation/addSingleValue1"), "Select Option1"): Text 'Select Option1' is set on object 'Object Repository/Form_Selection_Creation/addSingleValue1'

2019-03-08 12:25:48 - [MESSAGE][PASSED] - Text 'Select Option1' is set on object 'Object Repository/Form_Selection_Creation/addSingleValue1'

2019-03-08 12:25:48 - [TEST_STEP][PASSED] - Thread.sleep(2000): null

2019-03-08 12:25:50 - [TEST_STEP][PASSED] - click(findTestObject("Form_Selection_Creation/button_Add New")): Object: 'Object Repository/Form_Selection_Creation/button_Add New' is clicked on

2019-03-08 12:25:51 - [MESSAGE][PASSED] - Object: 'Object Repository/Form_Selection_Creation/button_Add New' is clicked on

2019-03-08 12:25:51 - [TEST_STEP][PASSED] - setText(findTestObject("Form_Selection_Creation/addSingleValue2"), "Select Option2"): Text 'Select Option2' is set on object 'Object Repository/Form_Selection_Creation/addSingleValue2'

2019-03-08 12:25:51 - [MESSAGE][PASSED] - Text 'Select Option2' is set on object 'Object Repository/Form_Selection_Creation/addSingleValue2'

2019-03-08 12:25:51 - [TEST_STEP][PASSED] - Thread.sleep(2000): null

2019-03-08 12:25:53 - [TEST_STEP][PASSED] - dragAndDropToObject(findTestObject("Form_Selection_Creation/formDesign_Select_SelectMultiple"), findTestObject("Form_Selection_Creation/group_area")): Dragged object with id 'Object Repository/Form_Selection_Creation/formDesign_Select_SelectMultiple' to object with id 'TestObject - 'Object Repository/Form_Selection_Creation/group_area'' successfully

2019-03-08 12:25:54 - [MESSAGE][PASSED] - Dragged object with id 'Object Repository/Form_Selection_Creation/formDesign_Select_SelectMultiple' to object with id 'TestObject - 'Object Repository/Form_Selection_Creation/group_area'' successfully

2019-03-08 12:25:54 - [TEST_STEP][PASSED] - setText(findTestObject("Form_Selection_Creation/formDesign_Select_MultipleName"), "This is Select Multiple "): Text 'This is Select Multiple ' is set on object 'Object Repository/Form_Selection_Creation/formDesign_Select_MultipleName'

2019-03-08 12:25:55 - [MESSAGE][PASSED] - Text 'This is Select Multiple ' is set on object 'Object Repository/Form_Selection_Creation/formDesign_Select_MultipleName'

2019-03-08 12:25:55 - [TEST_STEP][PASSED] - Thread.sleep(3000): null

2019-03-08 12:25:58 - [TEST_STEP][PASSED] - click(findTestObject("Form_Selection_Creation/button_AddNewMul")): Object: 'Object Repository/Form_Selection_Creation/button_AddNewMul' is clicked on

2019-03-08 12:25:58 - [MESSAGE][PASSED] - Object: 'Object Repository/Form_Selection_Creation/button_AddNewMul' is clicked on

2019-03-08 12:25:58 - [TEST_STEP][PASSED] - setText(findTestObject("Form_Selection_Creation/addMultipleValue1"), "Multiple Option1"): Text 'Multiple Option1' is set on object 'Object Repository/Form_Selection_Creation/addMultipleValue1'

2019-03-08 12:25:59 - [MESSAGE][PASSED] - Text 'Multiple Option1' is set on object 'Object Repository/Form_Selection_Creation/addMultipleValue1'

2019-03-08 12:25:59 - [TEST_STEP][PASSED] - Thread.sleep(2000): null

2019-03-08 12:26:01 - [TEST_STEP][PASSED] - click(findTestObject("Form_Selection_Creation/button_AddNewMul")): Object: 'Object Repository/Form_Selection_Creation/button_AddNewMul' is clicked on

2019-03-08 12:26:01 - [MESSAGE][PASSED] - Object: 'Object Repository/Form_Selection_Creation/button_AddNewMul' is clicked on

2019-03-08 12:26:01 - [TEST_STEP][PASSED] - setText(findTestObject("Form_Selection_Creation/addMultipleValue2"), "Multiple Option2"): Text 'Multiple Option2' is set on object 'Object Repository/Form_Selection_Creation/addMultipleValue2'

2019-03-08 12:26:01 - [MESSAGE][PASSED] - Text 'Multiple Option2' is set on object 'Object Repository/Form_Selection_Creation/addMultipleValue2'

2019-03-08 12:26:01 - [TEST_STEP][PASSED] - Thread.sleep(2000): null

2019-03-08 12:26:03 - [TEST_STEP][PASSED] - dragAndDropToObject(findTestObject("Form_Selection_Creation/formDesign_SelectNumeric"), findTestObject("Form_Selection_Creation/group_area")): Dragged object with id 'Object Repository/Form_Selection_Creation/formDesign_SelectNumeric' to object with id 'TestObject - 'Object Repository/Form_Selection_Creation/group_area'' successfully

2019-03-08 12:26:04 - [MESSAGE][PASSED] - Dragged object with id 'Object Repository/Form_Selection_Creation/formDesign_SelectNumeric' to object with id 'TestObject - 'Object Repository/Form_Selection_Creation/group_area'' successfully

2019-03-08 12:26:04 - [TEST_STEP][PASSED] - setText(findTestObject("Form_Selection_Creation/formDesign_NumericName"), "This is Numeric Field."): Text 'This is Numeric Field.' is set on object 'Object Repository/Form_Selection_Creation/formDesign_NumericName'

2019-03-08 12:26:05 - [MESSAGE][PASSED] - Text 'This is Numeric Field.' is set on object 'Object Repository/Form_Selection_Creation/formDesign_NumericName'

2019-03-08 12:26:05 - [TEST_STEP][PASSED] - Thread.sleep(2000): null

2019-03-08 12:26:07 - [TEST_STEP][PASSED] - dragAndDropToObject(findTestObject("Form_Selection_Creation/formDesign_SelectDate"), findTestObject("Form_Selection_Creation/group_area")): Dragged object with id 'Object Repository/Form_Selection_Creation/formDesign_SelectDate' to object with id 'TestObject - 'Object Repository/Form_Selection_Creation/group_area'' successfully

2019-03-08 12:26:07 - [MESSAGE][PASSED] - Dragged object with id 'Object Repository/Form_Selection_Creation/formDesign_SelectDate' to object with id 'TestObject - 'Object Repository/Form_Selection_Creation/group_area'' successfully

2019-03-08 12:26:07 - [TEST_STEP][PASSED] - setText(findTestObject("Form_Selection_Creation/formDesign_DateName"), "This is Date"): Text 'This is Date' is set on object 'Object Repository/Form_Selection_Creation/formDesign_DateName'

2019-03-08 12:26:08 - [MESSAGE][PASSED] - Text 'This is Date' is set on object 'Object Repository/Form_Selection_Creation/formDesign_DateName'

2019-03-08 12:26:08 - [TEST_STEP][PASSED] - Thread.sleep(2000): null

2019-03-08 12:26:10 - [TEST_STEP][PASSED] - dragAndDropToObject(findTestObject("Form_Selection_Creation/formDesign_SelectTime"), findTestObject("Form_Selection_Creation/group_area")): Dragged object with id 'Object Repository/Form_Selection_Creation/formDesign_SelectTime' to object with id 'TestObject - 'Object Repository/Form_Selection_Creation/group_area'' successfully

2019-03-08 12:26:11 - [MESSAGE][PASSED] - Dragged object with id 'Object Repository/Form_Selection_Creation/formDesign_SelectTime' to object with id 'TestObject - 'Object Repository/Form_Selection_Creation/group_area'' successfully

2019-03-08 12:26:11 - [TEST_STEP][PASSED] - setText(findTestObject("Form_Selection_Creation/formDesign_TimeName"), "This is Time"): Text 'This is Time' is set on object 'Object Repository/Form_Selection_Creation/formDesign_TimeName'

2019-03-08 12:26:12 - [MESSAGE][PASSED] - Text 'This is Time' is set on object 'Object Repository/Form_Selection_Creation/formDesign_TimeName'

2019-03-08 12:26:12 - [TEST_STEP][PASSED] - Thread.sleep(2000): null

2019-03-08 12:26:14 - [TEST_STEP][PASSED] - dragAndDropToObject(findTestObject("Form_Selection_Creation/formDesign_SelectDateTime"), findTestObject("Form_Selection_Creation/group_area")): Dragged object with id 'Object Repository/Form_Selection_Creation/formDesign_SelectDateTime' to object with id 'TestObject - 'Object Repository/Form_Selection_Creation/group_area'' successfully

2019-03-08 12:26:15 - [MESSAGE][PASSED] - Dragged object with id 'Object Repository/Form_Selection_Creation/formDesign_SelectDateTime' to object with id 'TestObject - 'Object Repository/Form_Selection_Creation/group_area'' successfully

2019-03-08 12:26:15 - [TEST_STEP][PASSED] - setText(findTestObject("Form_Selection_Creation/formDesign_DateTimeName"), "This is Date-Time"): Text 'This is Date-Time' is set on object 'Object Repository/Form_Selection_Creation/formDesign_DateTimeName'

2019-03-08 12:26:15 - [MESSAGE][PASSED] - Text 'This is Date-Time' is set on object 'Object Repository/Form_Selection_Creation/formDesign_DateTimeName'

2019-03-08 12:26:15 - [TEST_STEP][PASSED] - Thread.sleep(2000): null

2019-03-08 12:26:17 - [TEST_STEP][PASSED] - click(findTestObject("Form_Selection_Creation/formCreation_NextToDesignForm")): Object: 'Object Repository/Form_Selection_Creation/formCreation_NextToDesignForm' is clicked on

2019-03-08 12:26:18 - [MESSAGE][PASSED] - Object: 'Object Repository/Form_Selection_Creation/formCreation_NextToDesignForm' is clicked on

2019-03-08 12:26:18 - [TEST_STEP][PASSED] - Thread.sleep(7000): null

2019-03-08 12:26:25 - [TEST_STEP][PASSED] - click(findTestObject("Form_Selection_Creation/div_Preview             Form1")): Object: 'Object Repository/Form_Selection_Creation/div_Preview             Form1' is clicked on

2019-03-08 12:26:25 - [MESSAGE][PASSED] - Object: 'Object Repository/Form_Selection_Creation/div_Preview             Form1' is clicked on

2019-03-08 12:26:25 - [TEST_STEP][PASSED] - Thread.sleep(5000): null

2019-03-08 12:26:30 - [TEST_STEP][PASSED] - click(findTestObject("Form_Selection_Creation/button_Release")): Object: 'Object Repository/Form_Selection_Creation/button_Release' is clicked on

2019-03-08 12:26:30 - [MESSAGE][PASSED] - Object: 'Object Repository/Form_Selection_Creation/button_Release' is clicked on

2019-03-08 12:26:30 - [TEST_STEP][PASSED] - Thread.sleep(4000): null

2019-03-08 12:26:34 - [TEST_STEP][PASSED] - waitForElementClickable(findTestObject("TestUser/clickToCheck"), 45): Object 'Object Repository/TestUser/clickToCheck' is clickable

2019-03-08 12:26:34 - [MESSAGE][PASSED] - Object 'Object Repository/TestUser/clickToCheck' is clickable

2019-03-08 12:26:34 - [TEST_STEP][PASSED] - Thread.sleep(2000): null

2019-03-08 12:26:36 - [TEST_STEP][PASSED] - click(findTestObject("TestUser/clickToCheck")): Object: 'Object Repository/TestUser/clickToCheck' is clicked on

2019-03-08 12:26:37 - [MESSAGE][PASSED] - Object: 'Object Repository/TestUser/clickToCheck' is clicked on

2019-03-08 12:26:37 - [TEST_STEP][PASSED] - Thread.sleep(2000): null

2019-03-08 12:26:39 - [TEST_STEP][PASSED] - click(findTestObject("TestUser/logoutUser")): Object: 'Object Repository/TestUser/logoutUser' is clicked on

2019-03-08 12:26:43 - [MESSAGE][PASSED] - Object: 'Object Repository/TestUser/logoutUser' is clicked on

2019-03-08 12:26:43 - [TEST_STEP][PASSED] - Thread.sleep(2000): null]]></system-out>
         <system-err><![CDATA[]]></system-err>
      </testcase>
      <testcase name="Test Cases/Data-Security/userFirstLogin" classname="Test Cases/Data-Security/userFirstLogin" status="PASSED">
         <system-out><![CDATA[2019-03-08 12:26:45 - [TEST_CASE][PASSED] - Test Cases/Data-Security/userFirstLogin: Test Cases/Data-Security/userFirstLogin

2019-03-08 12:26:45 - [TEST_STEP][NOT_RUN] - openBrowser(URL): NOT_RUN: openBrowser(URL)

2019-03-08 12:26:45 - [MESSAGE][NOT_RUN] - NOT_RUN: openBrowser(URL)

2019-03-08 12:26:45 - [TEST_STEP][NOT_RUN] - maximizeWindow(): NOT_RUN: maximizeWindow()

2019-03-08 12:26:45 - [MESSAGE][NOT_RUN] - NOT_RUN: maximizeWindow()

2019-03-08 12:26:45 - [TEST_STEP][PASSED] - Thread.sleep(4000): null

2019-03-08 12:26:49 - [TEST_STEP][PASSED] - setText(findTestObject("TestUserLocation/login_Username"), findTestData("UserData").getValue("UserName", 1)): Text 'User_On_08/03/19-12:22' is set on object 'Object Repository/TestUserLocation/login_Username'

2019-03-08 12:26:49 - [MESSAGE][PASSED] - Text 'User_On_08/03/19-12:22' is set on object 'Object Repository/TestUserLocation/login_Username'

2019-03-08 12:26:49 - [TEST_STEP][PASSED] - User.setNewPass(): User.setNewPass is PASSED

2019-03-08 12:26:49 - [MESSAGE][PASSED] - User.setNewPass is PASSED

2019-03-08 12:26:49 - [TEST_STEP][PASSED] - setText(findTestObject("TestUserLocation/login_Password"), findTestData("UserData").getValue("Password", 1)): Text 'password' is set on object 'Object Repository/TestUserLocation/login_Password'

2019-03-08 12:26:49 - [MESSAGE][PASSED] - Text 'password' is set on object 'Object Repository/TestUserLocation/login_Password'

2019-03-08 12:26:49 - [TEST_STEP][PASSED] - Thread.sleep(2000): null

2019-03-08 12:26:51 - [TEST_STEP][PASSED] - click(findTestObject("TestUserLocation/login_Button")): Object: 'Object Repository/TestUserLocation/login_Button' is clicked on

2019-03-08 12:26:52 - [MESSAGE][PASSED] - Object: 'Object Repository/TestUserLocation/login_Button' is clicked on

2019-03-08 12:26:52 - [TEST_STEP][PASSED] - AdminTool_Location.moveCursor(): AdminTool_Location.moveCursor is PASSED

2019-03-08 12:26:52 - [MESSAGE][PASSED] - AdminTool_Location.moveCursor is PASSED

2019-03-08 12:26:52 - [TEST_STEP][PASSED] - Thread.sleep(4000): null

2019-03-08 12:26:56 - [TEST_STEP][PASSED] - setText(findTestObject("TestUser/newPassword"), findTestData("UserData").getValue("NewPassword", 1)): Text 'password@123#' is set on object 'Object Repository/TestUser/newPassword'

2019-03-08 12:26:56 - [MESSAGE][PASSED] - Text 'password@123#' is set on object 'Object Repository/TestUser/newPassword'

2019-03-08 12:26:56 - [TEST_STEP][PASSED] - setText(findTestObject("TestUser/confirmPassword"), findTestData("UserData").getValue("NewPassword", 1)): Text 'password@123#' is set on object 'Object Repository/TestUser/confirmPassword'

2019-03-08 12:26:57 - [MESSAGE][PASSED] - Text 'password@123#' is set on object 'Object Repository/TestUser/confirmPassword'

2019-03-08 12:26:57 - [TEST_STEP][PASSED] - Thread.sleep(2000): null

2019-03-08 12:26:59 - [TEST_STEP][PASSED] - click(findTestObject("TestUser/createPasswordButton")): Object: 'Object Repository/TestUser/createPasswordButton' is clicked on

2019-03-08 12:27:04 - [MESSAGE][PASSED] - Object: 'Object Repository/TestUser/createPasswordButton' is clicked on

2019-03-08 12:27:04 - [TEST_STEP][PASSED] - Thread.sleep(4000): null

2019-03-08 12:27:08 - [TEST_STEP][PASSED] - setText(findTestObject("TestUserLocation/login_Username"), findTestData("UserData").getValue("UserName", 1)): Text 'User_On_08/03/19-12:22' is set on object 'Object Repository/TestUserLocation/login_Username'

2019-03-08 12:27:08 - [MESSAGE][PASSED] - Text 'User_On_08/03/19-12:22' is set on object 'Object Repository/TestUserLocation/login_Username'

2019-03-08 12:27:08 - [TEST_STEP][PASSED] - setText(findTestObject("TestUserLocation/login_Password"), findTestData("UserData").getValue("NewPassword", 1)): Text 'password@123#' is set on object 'Object Repository/TestUserLocation/login_Password'

2019-03-08 12:27:09 - [MESSAGE][PASSED] - Text 'password@123#' is set on object 'Object Repository/TestUserLocation/login_Password'

2019-03-08 12:27:09 - [TEST_STEP][PASSED] - Thread.sleep(2000): null

2019-03-08 12:27:11 - [TEST_STEP][PASSED] - click(findTestObject("TestUserLocation/login_Button")): Object: 'Object Repository/TestUserLocation/login_Button' is clicked on

2019-03-08 12:27:13 - [MESSAGE][PASSED] - Object: 'Object Repository/TestUserLocation/login_Button' is clicked on

2019-03-08 12:27:13 - [TEST_STEP][PASSED] - Thread.sleep(4000): null]]></system-out>
         <system-err><![CDATA[]]></system-err>
      </testcase>
      <testcase name="Test Cases/Data-Security/2_FormSubmission" classname="Test Cases/Data-Security/2_FormSubmission" status="ERROR">
         <error type="ERROR" message="Test Cases/Data-Security/2_FormSubmission FAILED.
Reason:
org.openqa.selenium.TimeoutException: Expected condition failed: waiting for element to be clickable: By.xpath: //*[@id='scs-header-level']/div[1]/div/span/span/span[2] (tried for 45 second(s) with 500 MILLISECONDS interval)
Build info: version: '3.7.1', revision: '8a0099a', time: '2017-11-06T21:07:36.161Z'
System info: host: 'ABHISHEK-PASHIN', ip: '10.21.7.147', os.name: 'Windows 7', os.arch: 'amd64', os.version: '6.1', java.version: '1.8.0_181'
Driver info: com.kms.katalon.selenium.driver.CChromeDriver
Capabilities {acceptInsecureCerts: false, acceptSslCerts: false, applicationCacheEnabled: false, browserConnectionEnabled: false, browserName: chrome, chrome: {chromedriverVersion: 2.43.600210 (68dcf5eebde371..., userDataDir: C:\Users\PASHIN~1\AppData\L...}, cssSelectorsEnabled: true, databaseEnabled: false, goog:chromeOptions: {debuggerAddress: localhost:57368}, handlesAlerts: true, hasTouchScreen: false, javascriptEnabled: true, locationContextEnabled: true, mobileEmulationEnabled: false, nativeEvents: true, networkConnectionEnabled: false, pageLoadStrategy: normal, platform: XP, platformName: XP, rotatable: false, setWindowRect: true, takesHeapSnapshot: true, takesScreenshot: true, unexpectedAlertBehaviour: , unhandledPromptBehavior: , version: 72.0.3626.121, webStorageEnabled: true}
Session ID: dd465ace16c055b6920cb268ac2967cb
	at org.openqa.selenium.support.ui.WebDriverWait.timeoutException(WebDriverWait.java:82)
	at org.openqa.selenium.support.ui.FluentWait.until(FluentWait.java:231)
	at org.openqa.selenium.support.ui.Wait$until.call(Unknown Source)
	at Submission.click(Submission.groovy:92)
	at Submission.testDS(Submission.groovy:613)
	at Submission.invokeMethod(Submission.groovy)
	at com.kms.katalon.core.main.CustomKeywordDelegatingMetaClass.invokeStaticMethod(CustomKeywordDelegatingMetaClass.java:49)
	at 2_FormSubmission.run(2_FormSubmission:96)
	at com.kms.katalon.core.main.ScriptEngine.run(ScriptEngine.java:194)
	at com.kms.katalon.core.main.ScriptEngine.runScriptAsRawText(ScriptEngine.java:119)
	at com.kms.katalon.core.main.TestCaseExecutor.runScript(TestCaseExecutor.java:331)
	at com.kms.katalon.core.main.TestCaseExecutor.doExecute(TestCaseExecutor.java:322)
	at com.kms.katalon.core.main.TestCaseExecutor.processExecutionPhase(TestCaseExecutor.java:301)
	at com.kms.katalon.core.main.TestCaseExecutor.accessMainPhase(TestCaseExecutor.java:293)
	at com.kms.katalon.core.main.TestCaseExecutor.execute(TestCaseExecutor.java:227)
	at com.kms.katalon.core.main.TestSuiteExecutor.accessTestCaseMainPhase(TestSuiteExecutor.java:129)
	at com.kms.katalon.core.main.TestSuiteExecutor.accessTestSuiteMainPhase(TestSuiteExecutor.java:112)
	at com.kms.katalon.core.main.TestSuiteExecutor.execute(TestSuiteExecutor.java:81)
	at com.kms.katalon.core.main.TestCaseMain.startTestSuite(TestCaseMain.java:157)
	at com.kms.katalon.core.main.TestCaseMain$startTestSuite$0.call(Unknown Source)
	at TempTestSuite1552027134166.run(TempTestSuite1552027134166.groovy:35)
"/>
         <system-out><![CDATA[2019-03-08 12:27:17 - [TEST_CASE][ERROR] - Test Cases/Data-Security/2_FormSubmission: Test Cases/Data-Security/2_FormSubmission FAILED.
Reason:
org.openqa.selenium.TimeoutException: Expected condition failed: waiting for element to be clickable: By.xpath: //*[@id='scs-header-level']/div[1]/div/span/span/span[2] (tried for 45 second(s) with 500 MILLISECONDS interval)
Build info: version: '3.7.1', revision: '8a0099a', time: '2017-11-06T21:07:36.161Z'
System info: host: 'ABHISHEK-PASHIN', ip: '10.21.7.147', os.name: 'Windows 7', os.arch: 'amd64', os.version: '6.1', java.version: '1.8.0_181'
Driver info: com.kms.katalon.selenium.driver.CChromeDriver
Capabilities {acceptInsecureCerts: false, acceptSslCerts: false, applicationCacheEnabled: false, browserConnectionEnabled: false, browserName: chrome, chrome: {chromedriverVersion: 2.43.600210 (68dcf5eebde371..., userDataDir: C:\Users\PASHIN~1\AppData\L...}, cssSelectorsEnabled: true, databaseEnabled: false, goog:chromeOptions: {debuggerAddress: localhost:57368}, handlesAlerts: true, hasTouchScreen: false, javascriptEnabled: true, locationContextEnabled: true, mobileEmulationEnabled: false, nativeEvents: true, networkConnectionEnabled: false, pageLoadStrategy: normal, platform: XP, platformName: XP, rotatable: false, setWindowRect: true, takesHeapSnapshot: true, takesScreenshot: true, unexpectedAlertBehaviour: , unhandledPromptBehavior: , version: 72.0.3626.121, webStorageEnabled: true}
Session ID: dd465ace16c055b6920cb268ac2967cb
	at org.openqa.selenium.support.ui.WebDriverWait.timeoutException(WebDriverWait.java:82)
	at org.openqa.selenium.support.ui.FluentWait.until(FluentWait.java:231)
	at org.openqa.selenium.support.ui.Wait$until.call(Unknown Source)
	at Submission.click(Submission.groovy:92)
	at Submission.testDS(Submission.groovy:613)
	at Submission.invokeMethod(Submission.groovy)
	at com.kms.katalon.core.main.CustomKeywordDelegatingMetaClass.invokeStaticMethod(CustomKeywordDelegatingMetaClass.java:49)
	at 2_FormSubmission.run(2_FormSubmission:96)
	at com.kms.katalon.core.main.ScriptEngine.run(ScriptEngine.java:194)
	at com.kms.katalon.core.main.ScriptEngine.runScriptAsRawText(ScriptEngine.java:119)
	at com.kms.katalon.core.main.TestCaseExecutor.runScript(TestCaseExecutor.java:331)
	at com.kms.katalon.core.main.TestCaseExecutor.doExecute(TestCaseExecutor.java:322)
	at com.kms.katalon.core.main.TestCaseExecutor.processExecutionPhase(TestCaseExecutor.java:301)
	at com.kms.katalon.core.main.TestCaseExecutor.accessMainPhase(TestCaseExecutor.java:293)
	at com.kms.katalon.core.main.TestCaseExecutor.execute(TestCaseExecutor.java:227)
	at com.kms.katalon.core.main.TestSuiteExecutor.accessTestCaseMainPhase(TestSuiteExecutor.java:129)
	at com.kms.katalon.core.main.TestSuiteExecutor.accessTestSuiteMainPhase(TestSuiteExecutor.java:112)
	at com.kms.katalon.core.main.TestSuiteExecutor.execute(TestSuiteExecutor.java:81)
	at com.kms.katalon.core.main.TestCaseMain.startTestSuite(TestCaseMain.java:157)
	at com.kms.katalon.core.main.TestCaseMain$startTestSuite$0.call(Unknown Source)
	at TempTestSuite1552027134166.run(TempTestSuite1552027134166.groovy:35)


2019-03-08 12:27:17 - [TEST_STEP][NOT_RUN] - openBrowser(URL): NOT_RUN: openBrowser(URL)

2019-03-08 12:27:17 - [MESSAGE][NOT_RUN] - NOT_RUN: openBrowser(URL)

2019-03-08 12:27:17 - [TEST_STEP][NOT_RUN] - waitForElementClickable(findTestObject("FormTab/selectForm"), 45): NOT_RUN: waitForElementClickable(findTestObject("FormTab/selectForm"), 45)

2019-03-08 12:27:17 - [MESSAGE][NOT_RUN] - NOT_RUN: waitForElementClickable(findTestObject("FormTab/selectForm"), 45)

2019-03-08 12:27:17 - [TEST_STEP][PASSED] - Thread.sleep(2000): null

2019-03-08 12:27:19 - [TEST_STEP][NOT_RUN] - refresh(): NOT_RUN: refresh()

2019-03-08 12:27:19 - [MESSAGE][NOT_RUN] - NOT_RUN: refresh()

2019-03-08 12:27:19 - [TEST_STEP][NOT_RUN] - maximizeWindow(): NOT_RUN: maximizeWindow()

2019-03-08 12:27:19 - [MESSAGE][NOT_RUN] - NOT_RUN: maximizeWindow()

2019-03-08 12:27:19 - [TEST_STEP][NOT_RUN] - Thread.sleep(3000): NOT_RUN: Thread.sleep(3000)

2019-03-08 12:27:19 - [MESSAGE][NOT_RUN] - NOT_RUN: Thread.sleep(3000)

2019-03-08 12:27:19 - [TEST_STEP][PASSED] - driver = getWebDriver(): null

2019-03-08 12:27:19 - [TEST_STEP][NOT_RUN] - setText(findTestObject("TestUserLocation/login_Username"), findTestData("UserData").getValue("UserName", 1)): NOT_RUN: setText(findTestObject("TestUserLocation/login_Username"), findTestData("UserData").getValue("UserName", 1))

2019-03-08 12:27:19 - [MESSAGE][NOT_RUN] - NOT_RUN: setText(findTestObject("TestUserLocation/login_Username"), findTestData("UserData").getValue("UserName", 1))

2019-03-08 12:27:19 - [TEST_STEP][NOT_RUN] - setText(findTestObject("TestUserLocation/login_Password"), findTestData("UserData").getValue("NewPassword", 1)): NOT_RUN: setText(findTestObject("TestUserLocation/login_Password"), findTestData("UserData").getValue("NewPassword", 1))

2019-03-08 12:27:19 - [MESSAGE][NOT_RUN] - NOT_RUN: setText(findTestObject("TestUserLocation/login_Password"), findTestData("UserData").getValue("NewPassword", 1))

2019-03-08 12:27:19 - [TEST_STEP][NOT_RUN] - click(findTestObject("FormTab/login_Button")): NOT_RUN: click(findTestObject("FormTab/login_Button"))

2019-03-08 12:27:19 - [MESSAGE][NOT_RUN] - NOT_RUN: click(findTestObject("FormTab/login_Button"))

2019-03-08 12:27:19 - [TEST_STEP][NOT_RUN] - Thread.sleep(2000): NOT_RUN: Thread.sleep(2000)

2019-03-08 12:27:19 - [MESSAGE][NOT_RUN] - NOT_RUN: Thread.sleep(2000)

2019-03-08 12:27:19 - [TEST_STEP][NOT_RUN] - click(findTestObject("Form_Selection_Creation/home")): NOT_RUN: click(findTestObject("Form_Selection_Creation/home"))

2019-03-08 12:27:19 - [MESSAGE][NOT_RUN] - NOT_RUN: click(findTestObject("Form_Selection_Creation/home"))

2019-03-08 12:27:19 - [TEST_STEP][PASSED] - Thread.sleep(6000): null

2019-03-08 12:27:25 - [TEST_STEP][PASSED] - waitForElementClickable(findTestObject("FormTab/selectForm"), 45): Object 'Object Repository/FormTab/selectForm' is clickable

2019-03-08 12:27:25 - [MESSAGE][PASSED] - Object 'Object Repository/FormTab/selectForm' is clickable

2019-03-08 12:27:25 - [TEST_STEP][PASSED] - click(findTestObject("FormTab/form_Tab")): Object: 'Object Repository/FormTab/form_Tab' is clicked on

2019-03-08 12:27:25 - [MESSAGE][PASSED] - Object: 'Object Repository/FormTab/form_Tab' is clicked on

2019-03-08 12:27:25 - [TEST_STEP][PASSED] - waitForElementClickable(findTestObject("FormTab/selectForm"), 45): Object 'Object Repository/FormTab/selectForm' is clickable

2019-03-08 12:27:27 - [MESSAGE][PASSED] - Object 'Object Repository/FormTab/selectForm' is clickable

2019-03-08 12:27:27 - [TEST_STEP][PASSED] - Thread.sleep(6000): null

2019-03-08 12:27:33 - [TEST_STEP][NOT_RUN] - click(findTestObject("FormTab/clickToViewMoreOption")): NOT_RUN: click(findTestObject("FormTab/clickToViewMoreOption"))

2019-03-08 12:27:33 - [MESSAGE][NOT_RUN] - NOT_RUN: click(findTestObject("FormTab/clickToViewMoreOption"))

2019-03-08 12:27:33 - [TEST_STEP][NOT_RUN] - Thread.sleep(3000): NOT_RUN: Thread.sleep(3000)

2019-03-08 12:27:33 - [MESSAGE][NOT_RUN] - NOT_RUN: Thread.sleep(3000)

2019-03-08 12:27:33 - [TEST_STEP][NOT_RUN] - waitForElementNotVisible(findTestObject("FormTab/select500_Form"), 5): NOT_RUN: waitForElementNotVisible(findTestObject("FormTab/select500_Form"), 5)

2019-03-08 12:27:33 - [MESSAGE][NOT_RUN] - NOT_RUN: waitForElementNotVisible(findTestObject("FormTab/select500_Form"), 5)

2019-03-08 12:27:33 - [TEST_STEP][NOT_RUN] - click(findTestObject("FormTab/select500_Form")): NOT_RUN: click(findTestObject("FormTab/select500_Form"))

2019-03-08 12:27:33 - [MESSAGE][NOT_RUN] - NOT_RUN: click(findTestObject("FormTab/select500_Form"))

2019-03-08 12:27:33 - [TEST_STEP][NOT_RUN] - Thread.sleep(7000): NOT_RUN: Thread.sleep(7000)

2019-03-08 12:27:33 - [MESSAGE][NOT_RUN] - NOT_RUN: Thread.sleep(7000)

2019-03-08 12:27:33 - [TEST_STEP][NOT_RUN] - FormName.fillFormName(): NOT_RUN: FormName.fillFormName()

2019-03-08 12:27:33 - [MESSAGE][NOT_RUN] - NOT_RUN: FormName.fillFormName()

2019-03-08 12:27:33 - [TEST_STEP][PASSED] - click(findTestObject("FormTab/options")): Object: 'Object Repository/FormTab/options' is clicked on

2019-03-08 12:27:33 - [MESSAGE][PASSED] - Object: 'Object Repository/FormTab/options' is clicked on

2019-03-08 12:27:33 - [TEST_STEP][PASSED] - Thread.sleep(2000): null

2019-03-08 12:27:35 - [TEST_STEP][PASSED] - mouseOver(findTestObject("FormTab/filterOption")): Object: 'Object Repository/FormTab/filterOption' is hovered

2019-03-08 12:27:35 - [MESSAGE][PASSED] - Object: 'Object Repository/FormTab/filterOption' is hovered

2019-03-08 12:27:35 - [TEST_STEP][PASSED] - Thread.sleep(2000): null

2019-03-08 12:27:37 - [TEST_STEP][PASSED] - AdminTool_Location.moveCursor(): AdminTool_Location.moveCursor is PASSED

2019-03-08 12:27:37 - [MESSAGE][PASSED] - AdminTool_Location.moveCursor is PASSED

2019-03-08 12:27:37 - [TEST_STEP][PASSED] - Thread.sleep(2000): null

2019-03-08 12:27:39 - [TEST_STEP][PASSED] - FormName.filterFormName(): FormName.filterFormName is PASSED

2019-03-08 12:27:42 - [MESSAGE][PASSED] - FormName.filterFormName is PASSED

2019-03-08 12:27:42 - [TEST_STEP][PASSED] - Thread.sleep(2000): null

2019-03-08 12:27:44 - [TEST_STEP][PASSED] - click(findTestObject("FormTab/filterButton")): Object: 'Object Repository/FormTab/filterButton' is clicked on

2019-03-08 12:27:44 - [MESSAGE][PASSED] - Object: 'Object Repository/FormTab/filterButton' is clicked on

2019-03-08 12:27:44 - [TEST_STEP][PASSED] - Thread.sleep(4000): null

2019-03-08 12:27:48 - [TEST_STEP][PASSED] - waitForElementClickable(findTestObject("FormTab/selectForm"), 45): Object 'Object Repository/FormTab/selectForm' is clickable

2019-03-08 12:27:48 - [MESSAGE][PASSED] - Object 'Object Repository/FormTab/selectForm' is clickable

2019-03-08 12:27:48 - [TEST_STEP][PASSED] - click(findTestObject("FormTab/selectForm")): Object: 'Object Repository/FormTab/selectForm' is clicked on

2019-03-08 12:27:48 - [MESSAGE][PASSED] - Object: 'Object Repository/FormTab/selectForm' is clicked on

2019-03-08 12:27:48 - [TEST_STEP][PASSED] - Thread.sleep(4000): null

2019-03-08 12:27:52 - [TEST_STEP][ERROR] - Submission.testDS(): Submission.testDS() FAILED.
Reason:
org.openqa.selenium.TimeoutException: Expected condition failed: waiting for element to be clickable: By.xpath: //*[@id='scs-header-level']/div[1]/div/span/span/span[2] (tried for 45 second(s) with 500 MILLISECONDS interval)
Build info: version: '3.7.1', revision: '8a0099a', time: '2017-11-06T21:07:36.161Z'
System info: host: 'ABHISHEK-PASHIN', ip: '10.21.7.147', os.name: 'Windows 7', os.arch: 'amd64', os.version: '6.1', java.version: '1.8.0_181'
Driver info: com.kms.katalon.selenium.driver.CChromeDriver
Capabilities {acceptInsecureCerts: false, acceptSslCerts: false, applicationCacheEnabled: false, browserConnectionEnabled: false, browserName: chrome, chrome: {chromedriverVersion: 2.43.600210 (68dcf5eebde371..., userDataDir: C:\Users\PASHIN~1\AppData\L...}, cssSelectorsEnabled: true, databaseEnabled: false, goog:chromeOptions: {debuggerAddress: localhost:57368}, handlesAlerts: true, hasTouchScreen: false, javascriptEnabled: true, locationContextEnabled: true, mobileEmulationEnabled: false, nativeEvents: true, networkConnectionEnabled: false, pageLoadStrategy: normal, platform: XP, platformName: XP, rotatable: false, setWindowRect: true, takesHeapSnapshot: true, takesScreenshot: true, unexpectedAlertBehaviour: , unhandledPromptBehavior: , version: 72.0.3626.121, webStorageEnabled: true}
Session ID: dd465ace16c055b6920cb268ac2967cb
	at org.openqa.selenium.support.ui.WebDriverWait.timeoutException(WebDriverWait.java:82)
	at org.openqa.selenium.support.ui.FluentWait.until(FluentWait.java:231)
	at org.openqa.selenium.support.ui.Wait$until.call(Unknown Source)
	at Submission.click(Submission.groovy:92)
	at Submission.testDS(Submission.groovy:613)
	at Submission.invokeMethod(Submission.groovy)
	at com.kms.katalon.core.main.CustomKeywordDelegatingMetaClass.invokeStaticMethod(CustomKeywordDelegatingMetaClass.java:49)
	at 2_FormSubmission.run(2_FormSubmission:96)
	at com.kms.katalon.core.main.ScriptEngine.run(ScriptEngine.java:194)
	at com.kms.katalon.core.main.ScriptEngine.runScriptAsRawText(ScriptEngine.java:119)
	at com.kms.katalon.core.main.TestCaseExecutor.runScript(TestCaseExecutor.java:331)
	at com.kms.katalon.core.main.TestCaseExecutor.doExecute(TestCaseExecutor.java:322)
	at com.kms.katalon.core.main.TestCaseExecutor.processExecutionPhase(TestCaseExecutor.java:301)
	at com.kms.katalon.core.main.TestCaseExecutor.accessMainPhase(TestCaseExecutor.java:293)
	at com.kms.katalon.core.main.TestCaseExecutor.execute(TestCaseExecutor.java:227)
	at com.kms.katalon.core.main.TestSuiteExecutor.accessTestCaseMainPhase(TestSuiteExecutor.java:129)
	at com.kms.katalon.core.main.TestSuiteExecutor.accessTestSuiteMainPhase(TestSuiteExecutor.java:112)
	at com.kms.katalon.core.main.TestSuiteExecutor.execute(TestSuiteExecutor.java:81)
	at com.kms.katalon.core.main.TestCaseMain.startTestSuite(TestCaseMain.java:157)
	at com.kms.katalon.core.main.TestCaseMain$startTestSuite$0.call(Unknown Source)
	at TempTestSuite1552027134166.run(TempTestSuite1552027134166.groovy:35)


2019-03-08 12:28:38 - [MESSAGE][ERROR] - Expected condition failed: waiting for element to be clickable: By.xpath: //*[@id='scs-header-level']/div[1]/div/span/span/span[2] (tried for 45 second(s) with 500 MILLISECONDS interval)
Build info: version: '3.7.1', revision: '8a0099a', time: '2017-11-06T21:07:36.161Z'
System info: host: 'ABHISHEK-PASHIN', ip: '10.21.7.147', os.name: 'Windows 7', os.arch: 'amd64', os.version: '6.1', java.version: '1.8.0_181'
Driver info: com.kms.katalon.selenium.driver.CChromeDriver
Capabilities {acceptInsecureCerts: false, acceptSslCerts: false, applicationCacheEnabled: false, browserConnectionEnabled: false, browserName: chrome, chrome: {chromedriverVersion: 2.43.600210 (68dcf5eebde371..., userDataDir: C:\Users\PASHIN~1\AppData\L...}, cssSelectorsEnabled: true, databaseEnabled: false, goog:chromeOptions: {debuggerAddress: localhost:57368}, handlesAlerts: true, hasTouchScreen: false, javascriptEnabled: true, locationContextEnabled: true, mobileEmulationEnabled: false, nativeEvents: true, networkConnectionEnabled: false, pageLoadStrategy: normal, platform: XP, platformName: XP, rotatable: false, setWindowRect: true, takesHeapSnapshot: true, takesScreenshot: true, unexpectedAlertBehaviour: , unhandledPromptBehavior: , version: 72.0.3626.121, webStorageEnabled: true}
Session ID: dd465ace16c055b6920cb268ac2967cb

2019-03-08 12:28:38 - [MESSAGE][ERROR] - Submission.testDS() FAILED.
Reason:
org.openqa.selenium.TimeoutException: Expected condition failed: waiting for element to be clickable: By.xpath: //*[@id='scs-header-level']/div[1]/div/span/span/span[2] (tried for 45 second(s) with 500 MILLISECONDS interval)
Build info: version: '3.7.1', revision: '8a0099a', time: '2017-11-06T21:07:36.161Z'
System info: host: 'ABHISHEK-PASHIN', ip: '10.21.7.147', os.name: 'Windows 7', os.arch: 'amd64', os.version: '6.1', java.version: '1.8.0_181'
Driver info: com.kms.katalon.selenium.driver.CChromeDriver
Capabilities {acceptInsecureCerts: false, acceptSslCerts: false, applicationCacheEnabled: false, browserConnectionEnabled: false, browserName: chrome, chrome: {chromedriverVersion: 2.43.600210 (68dcf5eebde371..., userDataDir: C:\Users\PASHIN~1\AppData\L...}, cssSelectorsEnabled: true, databaseEnabled: false, goog:chromeOptions: {debuggerAddress: localhost:57368}, handlesAlerts: true, hasTouchScreen: false, javascriptEnabled: true, locationContextEnabled: true, mobileEmulationEnabled: false, nativeEvents: true, networkConnectionEnabled: false, pageLoadStrategy: normal, platform: XP, platformName: XP, rotatable: false, setWindowRect: true, takesHeapSnapshot: true, takesScreenshot: true, unexpectedAlertBehaviour: , unhandledPromptBehavior: , version: 72.0.3626.121, webStorageEnabled: true}
Session ID: dd465ace16c055b6920cb268ac2967cb
	at org.openqa.selenium.support.ui.WebDriverWait.timeoutException(WebDriverWait.java:82)
	at org.openqa.selenium.support.ui.FluentWait.until(FluentWait.java:231)
	at org.openqa.selenium.support.ui.Wait$until.call(Unknown Source)
	at Submission.click(Submission.groovy:92)
	at Submission.testDS(Submission.groovy:613)
	at Submission.invokeMethod(Submission.groovy)
	at com.kms.katalon.core.main.CustomKeywordDelegatingMetaClass.invokeStaticMethod(CustomKeywordDelegatingMetaClass.java:49)
	at 2_FormSubmission.run(2_FormSubmission:96)
	at com.kms.katalon.core.main.ScriptEngine.run(ScriptEngine.java:194)
	at com.kms.katalon.core.main.ScriptEngine.runScriptAsRawText(ScriptEngine.java:119)
	at com.kms.katalon.core.main.TestCaseExecutor.runScript(TestCaseExecutor.java:331)
	at com.kms.katalon.core.main.TestCaseExecutor.doExecute(TestCaseExecutor.java:322)
	at com.kms.katalon.core.main.TestCaseExecutor.processExecutionPhase(TestCaseExecutor.java:301)
	at com.kms.katalon.core.main.TestCaseExecutor.accessMainPhase(TestCaseExecutor.java:293)
	at com.kms.katalon.core.main.TestCaseExecutor.execute(TestCaseExecutor.java:227)
	at com.kms.katalon.core.main.TestSuiteExecutor.accessTestCaseMainPhase(TestSuiteExecutor.java:129)
	at com.kms.katalon.core.main.TestSuiteExecutor.accessTestSuiteMainPhase(TestSuiteExecutor.java:112)
	at com.kms.katalon.core.main.TestSuiteExecutor.execute(TestSuiteExecutor.java:81)
	at com.kms.katalon.core.main.TestCaseMain.startTestSuite(TestCaseMain.java:157)
	at com.kms.katalon.core.main.TestCaseMain$startTestSuite$0.call(Unknown Source)
	at TempTestSuite1552027134166.run(TempTestSuite1552027134166.groovy:35)]]></system-out>
         <system-err><![CDATA[2019-03-08 12:27:17 - [TEST_CASE][ERROR] - Test Cases/Data-Security/2_FormSubmission: Test Cases/Data-Security/2_FormSubmission FAILED.
Reason:
org.openqa.selenium.TimeoutException: Expected condition failed: waiting for element to be clickable: By.xpath: //*[@id='scs-header-level']/div[1]/div/span/span/span[2] (tried for 45 second(s) with 500 MILLISECONDS interval)
Build info: version: '3.7.1', revision: '8a0099a', time: '2017-11-06T21:07:36.161Z'
System info: host: 'ABHISHEK-PASHIN', ip: '10.21.7.147', os.name: 'Windows 7', os.arch: 'amd64', os.version: '6.1', java.version: '1.8.0_181'
Driver info: com.kms.katalon.selenium.driver.CChromeDriver
Capabilities {acceptInsecureCerts: false, acceptSslCerts: false, applicationCacheEnabled: false, browserConnectionEnabled: false, browserName: chrome, chrome: {chromedriverVersion: 2.43.600210 (68dcf5eebde371..., userDataDir: C:\Users\PASHIN~1\AppData\L...}, cssSelectorsEnabled: true, databaseEnabled: false, goog:chromeOptions: {debuggerAddress: localhost:57368}, handlesAlerts: true, hasTouchScreen: false, javascriptEnabled: true, locationContextEnabled: true, mobileEmulationEnabled: false, nativeEvents: true, networkConnectionEnabled: false, pageLoadStrategy: normal, platform: XP, platformName: XP, rotatable: false, setWindowRect: true, takesHeapSnapshot: true, takesScreenshot: true, unexpectedAlertBehaviour: , unhandledPromptBehavior: , version: 72.0.3626.121, webStorageEnabled: true}
Session ID: dd465ace16c055b6920cb268ac2967cb
	at org.openqa.selenium.support.ui.WebDriverWait.timeoutException(WebDriverWait.java:82)
	at org.openqa.selenium.support.ui.FluentWait.until(FluentWait.java:231)
	at org.openqa.selenium.support.ui.Wait$until.call(Unknown Source)
	at Submission.click(Submission.groovy:92)
	at Submission.testDS(Submission.groovy:613)
	at Submission.invokeMethod(Submission.groovy)
	at com.kms.katalon.core.main.CustomKeywordDelegatingMetaClass.invokeStaticMethod(CustomKeywordDelegatingMetaClass.java:49)
	at 2_FormSubmission.run(2_FormSubmission:96)
	at com.kms.katalon.core.main.ScriptEngine.run(ScriptEngine.java:194)
	at com.kms.katalon.core.main.ScriptEngine.runScriptAsRawText(ScriptEngine.java:119)
	at com.kms.katalon.core.main.TestCaseExecutor.runScript(TestCaseExecutor.java:331)
	at com.kms.katalon.core.main.TestCaseExecutor.doExecute(TestCaseExecutor.java:322)
	at com.kms.katalon.core.main.TestCaseExecutor.processExecutionPhase(TestCaseExecutor.java:301)
	at com.kms.katalon.core.main.TestCaseExecutor.accessMainPhase(TestCaseExecutor.java:293)
	at com.kms.katalon.core.main.TestCaseExecutor.execute(TestCaseExecutor.java:227)
	at com.kms.katalon.core.main.TestSuiteExecutor.accessTestCaseMainPhase(TestSuiteExecutor.java:129)
	at com.kms.katalon.core.main.TestSuiteExecutor.accessTestSuiteMainPhase(TestSuiteExecutor.java:112)
	at com.kms.katalon.core.main.TestSuiteExecutor.execute(TestSuiteExecutor.java:81)
	at com.kms.katalon.core.main.TestCaseMain.startTestSuite(TestCaseMain.java:157)
	at com.kms.katalon.core.main.TestCaseMain$startTestSuite$0.call(Unknown Source)
	at TempTestSuite1552027134166.run(TempTestSuite1552027134166.groovy:35)]]></system-err>
      </testcase>
      <testcase name="Test Cases/Data-Security/VerifyDocumentFromUser" classname="Test Cases/Data-Security/VerifyDocumentFromUser" status="PASSED">
         <system-out><![CDATA[2019-03-08 12:28:38 - [TEST_CASE][PASSED] - Test Cases/Data-Security/VerifyDocumentFromUser: Test Cases/Data-Security/VerifyDocumentFromUser

2019-03-08 12:28:38 - [TEST_STEP][NOT_RUN] - openBrowser(URL): NOT_RUN: openBrowser(URL)

2019-03-08 12:28:38 - [MESSAGE][NOT_RUN] - NOT_RUN: openBrowser(URL)

2019-03-08 12:28:38 - [TEST_STEP][NOT_RUN] - maximizeWindow(): NOT_RUN: maximizeWindow()

2019-03-08 12:28:38 - [MESSAGE][NOT_RUN] - NOT_RUN: maximizeWindow()

2019-03-08 12:28:38 - [TEST_STEP][NOT_RUN] - setText(findTestObject("TestUserLocation/login_Username"), findTestData("UserData").getValue("UserName", 1)): NOT_RUN: setText(findTestObject("TestUserLocation/login_Username"), findTestData("UserData").getValue("UserName", 1))

2019-03-08 12:28:38 - [MESSAGE][NOT_RUN] - NOT_RUN: setText(findTestObject("TestUserLocation/login_Username"), findTestData("UserData").getValue("UserName", 1))

2019-03-08 12:28:38 - [TEST_STEP][NOT_RUN] - setText(findTestObject("TestUserLocation/login_Password"), findTestData("UserData").getValue("NewPassword", 1)): NOT_RUN: setText(findTestObject("TestUserLocation/login_Password"), findTestData("UserData").getValue("NewPassword", 1))

2019-03-08 12:28:38 - [MESSAGE][NOT_RUN] - NOT_RUN: setText(findTestObject("TestUserLocation/login_Password"), findTestData("UserData").getValue("NewPassword", 1))

2019-03-08 12:28:38 - [TEST_STEP][NOT_RUN] - path = relativeToAbsolutePath("../SafetyChain-Test-Automation-Katalon/SCTestData", getProjectDir()): NOT_RUN: path = relativeToAbsolutePath("../SafetyChain-Test-Automation-Katalon/SCTestData", getProjectDir())

2019-03-08 12:28:38 - [MESSAGE][NOT_RUN] - NOT_RUN: path = relativeToAbsolutePath("../SafetyChain-Test-Automation-Katalon/SCTestData", getProjectDir())

2019-03-08 12:28:38 - [TEST_STEP][NOT_RUN] - click(findTestObject("DMS_Forms/login_Button")): NOT_RUN: click(findTestObject("DMS_Forms/login_Button"))

2019-03-08 12:28:38 - [MESSAGE][NOT_RUN] - NOT_RUN: click(findTestObject("DMS_Forms/login_Button"))

2019-03-08 12:28:38 - [TEST_STEP][PASSED] - Thread.sleep(4000): null

2019-03-08 12:28:42 - [TEST_STEP][PASSED] - click(findTestObject("DMS_Forms/mainmenu_button")): Object: 'Object Repository/DMS_Forms/mainmenu_button' is clicked on

2019-03-08 12:28:42 - [MESSAGE][PASSED] - Object: 'Object Repository/DMS_Forms/mainmenu_button' is clicked on

2019-03-08 12:28:42 - [TEST_STEP][PASSED] - click(findTestObject("DMS_Forms/mainmenu_Document")): Object: 'Object Repository/DMS_Forms/mainmenu_Document' is clicked on

2019-03-08 12:28:42 - [MESSAGE][PASSED] - Object: 'Object Repository/DMS_Forms/mainmenu_Document' is clicked on

2019-03-08 12:28:42 - [TEST_STEP][PASSED] - Thread.sleep(4000): null

2019-03-08 12:28:46 - [TEST_STEP][PASSED] - Submission.docUploadAdmin(): Submission.docUploadAdmin is PASSED

2019-03-08 12:29:06 - [MESSAGE][PASSED] - Submission.docUploadAdmin is PASSED

2019-03-08 12:29:06 - [TEST_STEP][PASSED] - Thread.sleep(4000): null

2019-03-08 12:29:10 - [TEST_STEP][PASSED] - setText(findTestObject("DMS/searchDocument"), findTestData("LocationData").getValue(8, 1)): Text 'SubCustomer2_08/03/19-12:10' is set on object 'Object Repository/DMS/searchDocument'

2019-03-08 12:29:10 - [MESSAGE][PASSED] - Text 'SubCustomer2_08/03/19-12:10' is set on object 'Object Repository/DMS/searchDocument'

2019-03-08 12:29:10 - [TEST_STEP][PASSED] - Thread.sleep(2000): null

2019-03-08 12:29:12 - [TEST_STEP][PASSED] - sendKeys(findTestObject("DMS/searchDocument"), Keys.chord(DOWN)): Keys 'DOWN + ' sent to object: 'Object Repository/DMS/searchDocument'

2019-03-08 12:29:13 - [MESSAGE][PASSED] - Keys 'DOWN + ' sent to object: 'Object Repository/DMS/searchDocument'

2019-03-08 12:29:13 - [TEST_STEP][PASSED] - Thread.sleep(2000): null

2019-03-08 12:29:15 - [TEST_STEP][PASSED] - sendKeys(findTestObject("DMS/searchDocument"), Keys.chord(ENTER)): Keys 'ENTER + ' sent to object: 'Object Repository/DMS/searchDocument'

2019-03-08 12:29:15 - [MESSAGE][PASSED] - Keys 'ENTER + ' sent to object: 'Object Repository/DMS/searchDocument'

2019-03-08 12:29:15 - [TEST_STEP][PASSED] - Thread.sleep(4000): null

2019-03-08 12:29:19 - [TEST_STEP][PASSED] - Submission.verifyDocInUSer(): Submission.verifyDocInUSer is PASSED

2019-03-08 12:29:19 - [MESSAGE][PASSED] - Submission.verifyDocInUSer is PASSED

2019-03-08 12:29:19 - [TEST_STEP][PASSED] - Thread.sleep(4000): null]]></system-out>
         <system-err><![CDATA[]]></system-err>
      </testcase>
      <system-out><![CDATA[2019-03-08 12:08:56 - [TEST_SUITE][FAILED] - Data-Security: Test Cases/Data-Security/CreateRes_Equipment FAILED.
Reason:
com.kms.katalon.core.exception.StepFailedException: Fail to click on element
	at com.kms.katalon.core.util.KeywordUtil.markFailed(KeywordUtil.java:18)
	at com.kms.katalon.core.util.KeywordUtil$markFailed$0.call(Unknown Source)
	at AdminTool_Location.checkLocation2(AdminTool_Location.groovy:616)
	at AdminTool_Location.invokeMethod(AdminTool_Location.groovy)
	at com.kms.katalon.core.main.CustomKeywordDelegatingMetaClass.invokeStaticMethod(CustomKeywordDelegatingMetaClass.java:49)
	at CreateRes_Equipment.run(CreateRes_Equipment:123)
	at com.kms.katalon.core.main.ScriptEngine.run(ScriptEngine.java:194)
	at com.kms.katalon.core.main.ScriptEngine.runScriptAsRawText(ScriptEngine.java:119)
	at com.kms.katalon.core.main.TestCaseExecutor.runScript(TestCaseExecutor.java:331)
	at com.kms.katalon.core.main.TestCaseExecutor.doExecute(TestCaseExecutor.java:322)
	at com.kms.katalon.core.main.TestCaseExecutor.processExecutionPhase(TestCaseExecutor.java:301)
	at com.kms.katalon.core.main.TestCaseExecutor.accessMainPhase(TestCaseExecutor.java:293)
	at com.kms.katalon.core.main.TestCaseExecutor.execute(TestCaseExecutor.java:227)
	at com.kms.katalon.core.main.TestSuiteExecutor.accessTestCaseMainPhase(TestSuiteExecutor.java:129)
	at com.kms.katalon.core.main.TestSuiteExecutor.accessTestSuiteMainPhase(TestSuiteExecutor.java:112)
	at com.kms.katalon.core.main.TestSuiteExecutor.execute(TestSuiteExecutor.java:81)
	at com.kms.katalon.core.main.TestCaseMain.startTestSuite(TestCaseMain.java:157)
	at com.kms.katalon.core.main.TestCaseMain$startTestSuite$0.call(Unknown Source)
	at TempTestSuite1552027134166.run(TempTestSuite1552027134166.groovy:35)]]></system-out>
      <system-err><![CDATA[2019-03-08 12:08:56 - [TEST_SUITE][FAILED] - Data-Security: Test Cases/Data-Security/CreateRes_Equipment FAILED.
Reason:
com.kms.katalon.core.exception.StepFailedException: Fail to click on element
	at com.kms.katalon.core.util.KeywordUtil.markFailed(KeywordUtil.java:18)
	at com.kms.katalon.core.util.KeywordUtil$markFailed$0.call(Unknown Source)
	at AdminTool_Location.checkLocation2(AdminTool_Location.groovy:616)
	at AdminTool_Location.invokeMethod(AdminTool_Location.groovy)
	at com.kms.katalon.core.main.CustomKeywordDelegatingMetaClass.invokeStaticMethod(CustomKeywordDelegatingMetaClass.java:49)
	at CreateRes_Equipment.run(CreateRes_Equipment:123)
	at com.kms.katalon.core.main.ScriptEngine.run(ScriptEngine.java:194)
	at com.kms.katalon.core.main.ScriptEngine.runScriptAsRawText(ScriptEngine.java:119)
	at com.kms.katalon.core.main.TestCaseExecutor.runScript(TestCaseExecutor.java:331)
	at com.kms.katalon.core.main.TestCaseExecutor.doExecute(TestCaseExecutor.java:322)
	at com.kms.katalon.core.main.TestCaseExecutor.processExecutionPhase(TestCaseExecutor.java:301)
	at com.kms.katalon.core.main.TestCaseExecutor.accessMainPhase(TestCaseExecutor.java:293)
	at com.kms.katalon.core.main.TestCaseExecutor.execute(TestCaseExecutor.java:227)
	at com.kms.katalon.core.main.TestSuiteExecutor.accessTestCaseMainPhase(TestSuiteExecutor.java:129)
	at com.kms.katalon.core.main.TestSuiteExecutor.accessTestSuiteMainPhase(TestSuiteExecutor.java:112)
	at com.kms.katalon.core.main.TestSuiteExecutor.execute(TestSuiteExecutor.java:81)
	at com.kms.katalon.core.main.TestCaseMain.startTestSuite(TestCaseMain.java:157)
	at com.kms.katalon.core.main.TestCaseMain$startTestSuite$0.call(Unknown Source)
	at TempTestSuite1552027134166.run(TempTestSuite1552027134166.groovy:35)]]></system-err>
   </testsuite>
</testsuites>
