<?xml version="1.0" encoding="UTF-8"?>
<testsuites name="Admin_Tools" time="956" tests="2" failures="2" errors="0">
   <testsuite name="Admin_Tools" tests="2" failures="2" errors="0" time="956" timestamp="2018-12-07 17:43:01" hostname="pashine_a - Abhishek-Pashine.India.XoriantCorp.com" id="Test Suites/Admin_Tools">
      <properties>
         <property name="deviceName" value=""/>
         <property name="devicePlatform" value=""/>
         <property name="logFolder" value="D:\\Git Data\\SafetyChain-Test-Automation-Katalon\\Reports\\Admin_Tools\\20181207_174258"/>
         <property name="logFiles" value="D:\\Git Data\\SafetyChain-Test-Automation-Katalon\\Reports\\Admin_Tools\\20181207_174258\\execution0.log"/>
         <property name="attachments" value="D:\\Git Data\\SafetyChain-Test-Automation-Katalon\\Reports\\Admin_Tools\\20181207_174258\\1544185736238.png"/>
         <property name="hostName" value="pashine_a - Abhishek-Pashine.India.XoriantCorp.com"/>
         <property name="os" value="Windows 7 64bit"/>
         <property name="katalonVersion" value="5.9.1.2"/>
         <property name="browser" value="Chrome 70.0.3538.110"/>
         <property name="hostAddress" value="10.21.7.147"/>
         <property name="sessionId" value="124d6914c56f4522aada92b9f6ad1f3f"/>
         <property name="seleniumVersion" value="3.7.1"/>
         <property name="proxyInformation" value="ProxyInformation{proxyOption=NO_PROXY, proxyServerType=HTTP, password=, proxyServerAddress=, proxyServerPort=0}"/>
         <property name="platform" value="Windows 7"/>
      </properties>
      <testcase name="Test Cases/AdminTools/InternalUser" classname="Test Cases/AdminTools/InternalUser" status="PASSED">
         <system-out><![CDATA[2018-12-07 17:43:01 - [TEST_CASE][PASSED] - Test Cases/AdminTools/InternalUser: Test Cases/AdminTools/InternalUser

2018-12-07 17:43:02 - [TEST_STEP][PASSED] - sc.sc_customkeywords.UniqueName("UserName"): sc.sc_customkeywords.UniqueName is PASSED

2018-12-07 17:43:03 - [MESSAGE][PASSED] - sc.sc_customkeywords.UniqueName is PASSED

2018-12-07 17:43:03 - [TEST_STEP][PASSED] - openBrowser(""): Browser is opened with url: ''

2018-12-07 17:43:03 - [MESSAGE][INFO] - Starting 'Chrome' driver

2018-12-07 17:43:03 - [MESSAGE][INFO] - Action delay is set to 0 seconds

2018-12-07 17:43:07 - [MESSAGE][PASSED] - Browser is opened with url: ''

2018-12-07 17:43:07 - [TEST_STEP][PASSED] - maximizeWindow(): Current window maximized

2018-12-07 17:43:08 - [MESSAGE][PASSED] - Current window maximized

2018-12-07 17:43:08 - [TEST_STEP][PASSED] - navigateToUrl(URL): Navigate to 'https://test2.stage.safetychain.com' successfully

2018-12-07 17:43:23 - [MESSAGE][PASSED] - Navigate to 'https://test2.stage.safetychain.com' successfully

2018-12-07 17:43:23 - [TEST_STEP][PASSED] - Thread.sleep(5000): null

2018-12-07 17:43:28 - [TEST_STEP][PASSED] - setText(findTestObject("CommonObjects/Login_UserName"), UserName): Text 'superadmin' is set on object 'Object Repository/CommonObjects/Login_UserName'

2018-12-07 17:43:29 - [MESSAGE][PASSED] - Text 'superadmin' is set on object 'Object Repository/CommonObjects/Login_UserName'

2018-12-07 17:43:29 - [TEST_STEP][PASSED] - setText(findTestObject("CommonObjects/Login_Password"), Password): Text 'sliptest23772boot' is set on object 'Object Repository/CommonObjects/Login_Password'

2018-12-07 17:43:29 - [MESSAGE][PASSED] - Text 'sliptest23772boot' is set on object 'Object Repository/CommonObjects/Login_Password'

2018-12-07 17:43:29 - [TEST_STEP][PASSED] - click(findTestObject("CommonObjects/Login_LoginButton")): Object: 'Object Repository/CommonObjects/Login_LoginButton' is clicked on

2018-12-07 17:43:32 - [MESSAGE][PASSED] - Object: 'Object Repository/CommonObjects/Login_LoginButton' is clicked on

2018-12-07 17:43:32 - [TEST_STEP][PASSED] - click(findTestObject("CommonObjects/MainMenu_Icon")): Object: 'Object Repository/CommonObjects/MainMenu_Icon' is clicked on

2018-12-07 17:43:38 - [MESSAGE][PASSED] - Object: 'Object Repository/CommonObjects/MainMenu_Icon' is clicked on

2018-12-07 17:43:38 - [TEST_STEP][PASSED] - click(findTestObject("CommonObjects/MainMenu_AdminTools")): Object: 'Object Repository/CommonObjects/MainMenu_AdminTools' is clicked on

2018-12-07 17:43:38 - [MESSAGE][PASSED] - Object: 'Object Repository/CommonObjects/MainMenu_AdminTools' is clicked on

2018-12-07 17:43:38 - [TEST_STEP][PASSED] - click(findTestObject("InternalUser/MainMenu_Users")): Object: 'Object Repository/InternalUser/MainMenu_Users' is clicked on

2018-12-07 17:43:39 - [MESSAGE][PASSED] - Object: 'Object Repository/InternalUser/MainMenu_Users' is clicked on

2018-12-07 17:43:39 - [TEST_STEP][PASSED] - click(findTestObject("InternalUser/ManageUsers_AddNewButton")): Object: 'Object Repository/InternalUser/ManageUsers_AddNewButton' is clicked on

2018-12-07 17:43:43 - [MESSAGE][PASSED] - Object: 'Object Repository/InternalUser/ManageUsers_AddNewButton' is clicked on

2018-12-07 17:43:43 - [TEST_STEP][PASSED] - setText(findTestObject("InternalUser/ManageUser_NewUserPopUp_Username"), findTestData("TestData").getValue("UserName", 1)): Text 'UserName1544184782087' is set on object 'Object Repository/InternalUser/ManageUser_NewUserPopUp_Username'

2018-12-07 17:43:45 - [MESSAGE][PASSED] - Text 'UserName1544184782087' is set on object 'Object Repository/InternalUser/ManageUser_NewUserPopUp_Username'

2018-12-07 17:43:45 - [TEST_STEP][PASSED] - setText(findTestObject("InternalUser/ManageUsers_NewUserPopUp_Password"), "Test"): Text 'Test' is set on object 'Object Repository/InternalUser/ManageUsers_NewUserPopUp_Password'

2018-12-07 17:43:46 - [MESSAGE][PASSED] - Text 'Test' is set on object 'Object Repository/InternalUser/ManageUsers_NewUserPopUp_Password'

2018-12-07 17:43:46 - [TEST_STEP][PASSED] - setText(findTestObject("InternalUser/ManageUsers_NewUserPopUp_FirstName"), "Katalon1"): Text 'Katalon1' is set on object 'Object Repository/InternalUser/ManageUsers_NewUserPopUp_FirstName'

2018-12-07 17:43:46 - [MESSAGE][PASSED] - Text 'Katalon1' is set on object 'Object Repository/InternalUser/ManageUsers_NewUserPopUp_FirstName'

2018-12-07 17:43:46 - [TEST_STEP][PASSED] - setText(findTestObject("InternalUser/ManageUsers_NewUserPopUp_LastName"), "User"): Text 'User' is set on object 'Object Repository/InternalUser/ManageUsers_NewUserPopUp_LastName'

2018-12-07 17:43:46 - [MESSAGE][PASSED] - Text 'User' is set on object 'Object Repository/InternalUser/ManageUsers_NewUserPopUp_LastName'

2018-12-07 17:43:46 - [TEST_STEP][PASSED] - setText(findTestObject("InternalUser/ManageUsers_NewUserPopUp_Email"), "test@xoriant.com"): Text 'test@xoriant.com' is set on object 'Object Repository/InternalUser/ManageUsers_NewUserPopUp_Email'

2018-12-07 17:43:46 - [MESSAGE][PASSED] - Text 'test@xoriant.com' is set on object 'Object Repository/InternalUser/ManageUsers_NewUserPopUp_Email'

2018-12-07 17:43:46 - [TEST_STEP][PASSED] - click(findTestObject("InternalUser/ManageUsers_NewUserPopUp_Roles")): Object: 'Object Repository/InternalUser/ManageUsers_NewUserPopUp_Roles' is clicked on

2018-12-07 17:43:46 - [MESSAGE][PASSED] - Object: 'Object Repository/InternalUser/ManageUsers_NewUserPopUp_Roles' is clicked on

2018-12-07 17:43:46 - [TEST_STEP][PASSED] - Thread.sleep(5000): null

2018-12-07 17:43:51 - [TEST_STEP][PASSED] - click(findTestObject("InternalUser/ManageUsers_NewUserPopUp_RolesSuperadmin")): Object: 'Object Repository/InternalUser/ManageUsers_NewUserPopUp_RolesSuperadmin' is clicked on

2018-12-07 17:43:52 - [MESSAGE][PASSED] - Object: 'Object Repository/InternalUser/ManageUsers_NewUserPopUp_RolesSuperadmin' is clicked on

2018-12-07 17:43:52 - [TEST_STEP][PASSED] - click(findTestObject("InternalUser/ManageUsers_NewUserPopUp_Location")): Object: 'Object Repository/InternalUser/ManageUsers_NewUserPopUp_Location' is clicked on

2018-12-07 17:43:52 - [MESSAGE][PASSED] - Object: 'Object Repository/InternalUser/ManageUsers_NewUserPopUp_Location' is clicked on

2018-12-07 17:43:52 - [TEST_STEP][PASSED] - Thread.sleep(7000): null

2018-12-07 17:43:59 - [TEST_STEP][PASSED] - click(findTestObject("InternalUser/ManageUsers_NewUserPopUp_AllLocation")): Object: 'Object Repository/InternalUser/ManageUsers_NewUserPopUp_AllLocation' is clicked on

2018-12-07 17:43:59 - [MESSAGE][PASSED] - Object: 'Object Repository/InternalUser/ManageUsers_NewUserPopUp_AllLocation' is clicked on

2018-12-07 17:43:59 - [TEST_STEP][PASSED] - Thread.sleep(2000): null

2018-12-07 17:44:01 - [TEST_STEP][PASSED] - click(findTestObject("InternalUser/ManageUsers_NewUserPopUp_SaveButton")): Object: 'Object Repository/InternalUser/ManageUsers_NewUserPopUp_SaveButton' is clicked on

2018-12-07 17:44:01 - [MESSAGE][PASSED] - Object: 'Object Repository/InternalUser/ManageUsers_NewUserPopUp_SaveButton' is clicked on

2018-12-07 17:44:01 - [TEST_STEP][PASSED] - Thread.sleep(8000): null

2018-12-07 17:44:09 - [TEST_STEP][PASSED] - closeBrowser(): Browser is closed

2018-12-07 17:44:10 - [MESSAGE][PASSED] - Browser is closed]]></system-out>
         <system-err><![CDATA[]]></system-err>
      </testcase>
      <testcase name="Test Cases/AdminTools/NewInternalUser" classname="Test Cases/AdminTools/NewInternalUser" status="FAILED">
         <failure type="FAILED" message="Test Cases/AdminTools/NewInternalUser FAILED.
Reason:
com.kms.katalon.core.exception.StepFailedException: Unable to click on object 'Object Repository/New_User_Latest/NewUserCreation_div_Users' (Root cause: org.openqa.selenium.WebDriverException: chrome not reachable
  (Session info: chrome=70.0.3538.110)
  (Driver info: chromedriver=2.43.600210 (68dcf5eebde37173d4027fa8635e332711d2874a),platform=Windows NT 6.1.7601 SP1 x86_64) (WARNING: The server did not provide any stacktrace information)
Command duration or timeout: 0 milliseconds
Build info: version: '3.7.1', revision: '8a0099a', time: '2017-11-06T21:07:36.161Z'
System info: host: 'ABHISHEK-PASHIN', ip: '10.21.7.147', os.name: 'Windows 7', os.arch: 'amd64', os.version: '6.1', java.version: '1.8.0_181'
Driver info: com.kms.katalon.selenium.driver.CChromeDriver
Capabilities {acceptInsecureCerts: false, acceptSslCerts: false, applicationCacheEnabled: false, browserConnectionEnabled: false, browserName: chrome, chrome: {chromedriverVersion: 2.43.600210 (68dcf5eebde371..., userDataDir: C:\Users\PASHIN~1\AppData\L...}, cssSelectorsEnabled: true, databaseEnabled: false, goog:chromeOptions: {debuggerAddress: localhost:63970}, handlesAlerts: true, hasTouchScreen: false, javascriptEnabled: true, locationContextEnabled: true, mobileEmulationEnabled: false, nativeEvents: true, networkConnectionEnabled: false, pageLoadStrategy: normal, platform: XP, platformName: XP, rotatable: false, setWindowRect: true, takesHeapSnapshot: true, takesScreenshot: true, unexpectedAlertBehaviour: , unhandledPromptBehavior: , version: 70.0.3538.110, webStorageEnabled: true}
Session ID: d98650f76f15ea6a9bb8ae50058d8e56
*** Element info: {Using=xpath, value=//div[@id='scs-main-navigation']/div[9]/div[4]/div/div[2]/div})
	at com.kms.katalon.core.keyword.internal.KeywordMain.stepFailed(KeywordMain.groovy:36)
	at com.kms.katalon.core.webui.keyword.internal.WebUIKeywordMain.stepFailed(WebUIKeywordMain.groovy:65)
	at com.kms.katalon.core.webui.keyword.internal.WebUIKeywordMain.runKeyword(WebUIKeywordMain.groovy:27)
	at com.kms.katalon.core.webui.keyword.builtin.ClickKeyword.click(ClickKeyword.groovy:86)
	at com.kms.katalon.core.webui.keyword.builtin.ClickKeyword.execute(ClickKeyword.groovy:67)
	at com.kms.katalon.core.keyword.internal.KeywordExecutor.executeKeywordForPlatform(KeywordExecutor.groovy:53)
	at com.kms.katalon.core.webui.keyword.WebUiBuiltInKeywords.click(WebUiBuiltInKeywords.groovy:616)
	at com.kms.katalon.core.webui.keyword.WebUiBuiltInKeywords$click$3.call(Unknown Source)
	at NewInternalUser.run(NewInternalUser:32)
	at com.kms.katalon.core.main.ScriptEngine.run(ScriptEngine.java:194)
	at com.kms.katalon.core.main.ScriptEngine.runScriptAsRawText(ScriptEngine.java:119)
	at com.kms.katalon.core.main.TestCaseExecutor.runScript(TestCaseExecutor.java:321)
	at com.kms.katalon.core.main.TestCaseExecutor.doExecute(TestCaseExecutor.java:312)
	at com.kms.katalon.core.main.TestCaseExecutor.processExecutionPhase(TestCaseExecutor.java:291)
	at com.kms.katalon.core.main.TestCaseExecutor.accessMainPhase(TestCaseExecutor.java:283)
	at com.kms.katalon.core.main.TestCaseExecutor.execute(TestCaseExecutor.java:222)
	at com.kms.katalon.core.main.TestSuiteExecutor.accessTestCaseMainPhase(TestSuiteExecutor.java:129)
	at com.kms.katalon.core.main.TestSuiteExecutor.accessTestSuiteMainPhase(TestSuiteExecutor.java:112)
	at com.kms.katalon.core.main.TestSuiteExecutor.execute(TestSuiteExecutor.java:81)
	at com.kms.katalon.core.main.TestCaseMain.startTestSuite(TestCaseMain.java:149)
	at com.kms.katalon.core.main.TestCaseMain$startTestSuite$0.call(Unknown Source)
	at TempTestSuite1544184778386.run(TempTestSuite1544184778386.groovy:36)
"/>
         <system-out><![CDATA[2018-12-07 17:44:10 - [TEST_CASE][FAILED] - Test Cases/AdminTools/NewInternalUser: Test Cases/AdminTools/NewInternalUser FAILED.
Reason:
com.kms.katalon.core.exception.StepFailedException: Unable to click on object 'Object Repository/New_User_Latest/NewUserCreation_div_Users' (Root cause: org.openqa.selenium.WebDriverException: chrome not reachable
  (Session info: chrome=70.0.3538.110)
  (Driver info: chromedriver=2.43.600210 (68dcf5eebde37173d4027fa8635e332711d2874a),platform=Windows NT 6.1.7601 SP1 x86_64) (WARNING: The server did not provide any stacktrace information)
Command duration or timeout: 0 milliseconds
Build info: version: '3.7.1', revision: '8a0099a', time: '2017-11-06T21:07:36.161Z'
System info: host: 'ABHISHEK-PASHIN', ip: '10.21.7.147', os.name: 'Windows 7', os.arch: 'amd64', os.version: '6.1', java.version: '1.8.0_181'
Driver info: com.kms.katalon.selenium.driver.CChromeDriver
Capabilities {acceptInsecureCerts: false, acceptSslCerts: false, applicationCacheEnabled: false, browserConnectionEnabled: false, browserName: chrome, chrome: {chromedriverVersion: 2.43.600210 (68dcf5eebde371..., userDataDir: C:\Users\PASHIN~1\AppData\L...}, cssSelectorsEnabled: true, databaseEnabled: false, goog:chromeOptions: {debuggerAddress: localhost:63970}, handlesAlerts: true, hasTouchScreen: false, javascriptEnabled: true, locationContextEnabled: true, mobileEmulationEnabled: false, nativeEvents: true, networkConnectionEnabled: false, pageLoadStrategy: normal, platform: XP, platformName: XP, rotatable: false, setWindowRect: true, takesHeapSnapshot: true, takesScreenshot: true, unexpectedAlertBehaviour: , unhandledPromptBehavior: , version: 70.0.3538.110, webStorageEnabled: true}
Session ID: d98650f76f15ea6a9bb8ae50058d8e56
*** Element info: {Using=xpath, value=//div[@id='scs-main-navigation']/div[9]/div[4]/div/div[2]/div})
	at com.kms.katalon.core.keyword.internal.KeywordMain.stepFailed(KeywordMain.groovy:36)
	at com.kms.katalon.core.webui.keyword.internal.WebUIKeywordMain.stepFailed(WebUIKeywordMain.groovy:65)
	at com.kms.katalon.core.webui.keyword.internal.WebUIKeywordMain.runKeyword(WebUIKeywordMain.groovy:27)
	at com.kms.katalon.core.webui.keyword.builtin.ClickKeyword.click(ClickKeyword.groovy:86)
	at com.kms.katalon.core.webui.keyword.builtin.ClickKeyword.execute(ClickKeyword.groovy:67)
	at com.kms.katalon.core.keyword.internal.KeywordExecutor.executeKeywordForPlatform(KeywordExecutor.groovy:53)
	at com.kms.katalon.core.webui.keyword.WebUiBuiltInKeywords.click(WebUiBuiltInKeywords.groovy:616)
	at com.kms.katalon.core.webui.keyword.WebUiBuiltInKeywords$click$3.call(Unknown Source)
	at NewInternalUser.run(NewInternalUser:32)
	at com.kms.katalon.core.main.ScriptEngine.run(ScriptEngine.java:194)
	at com.kms.katalon.core.main.ScriptEngine.runScriptAsRawText(ScriptEngine.java:119)
	at com.kms.katalon.core.main.TestCaseExecutor.runScript(TestCaseExecutor.java:321)
	at com.kms.katalon.core.main.TestCaseExecutor.doExecute(TestCaseExecutor.java:312)
	at com.kms.katalon.core.main.TestCaseExecutor.processExecutionPhase(TestCaseExecutor.java:291)
	at com.kms.katalon.core.main.TestCaseExecutor.accessMainPhase(TestCaseExecutor.java:283)
	at com.kms.katalon.core.main.TestCaseExecutor.execute(TestCaseExecutor.java:222)
	at com.kms.katalon.core.main.TestSuiteExecutor.accessTestCaseMainPhase(TestSuiteExecutor.java:129)
	at com.kms.katalon.core.main.TestSuiteExecutor.accessTestSuiteMainPhase(TestSuiteExecutor.java:112)
	at com.kms.katalon.core.main.TestSuiteExecutor.execute(TestSuiteExecutor.java:81)
	at com.kms.katalon.core.main.TestCaseMain.startTestSuite(TestCaseMain.java:149)
	at com.kms.katalon.core.main.TestCaseMain$startTestSuite$0.call(Unknown Source)
	at TempTestSuite1544184778386.run(TempTestSuite1544184778386.groovy:36)


2018-12-07 17:44:10 - [TEST_STEP][PASSED] - openBrowser(""): Browser is opened with url: ''

2018-12-07 17:44:10 - [MESSAGE][INFO] - Starting 'Chrome' driver

2018-12-07 17:44:13 - [MESSAGE][PASSED] - Browser is opened with url: ''

2018-12-07 17:44:13 - [TEST_STEP][PASSED] - navigateToUrl(URL): Navigate to 'https://test2.stage.safetychain.com' successfully

2018-12-07 17:44:33 - [MESSAGE][PASSED] - Navigate to 'https://test2.stage.safetychain.com' successfully

2018-12-07 17:44:33 - [TEST_STEP][PASSED] - maximizeWindow(): Current window maximized

2018-12-07 17:44:35 - [MESSAGE][PASSED] - Current window maximized

2018-12-07 17:44:35 - [TEST_STEP][PASSED] - setText(findTestObject("New_User_Latest/NewUserCreation_input_USER NAME_Username"), UserName): Text 'superadmin' is set on object 'Object Repository/New_User_Latest/NewUserCreation_input_USER NAME_Username'

2018-12-07 17:44:39 - [MESSAGE][PASSED] - Text 'superadmin' is set on object 'Object Repository/New_User_Latest/NewUserCreation_input_USER NAME_Username'

2018-12-07 17:44:39 - [TEST_STEP][PASSED] - setText(findTestObject("New_User_Latest/NewUserCreation_input_PASSWORD_Password"), Password): Text 'sliptest23772boot' is set on object 'Object Repository/New_User_Latest/NewUserCreation_input_PASSWORD_Password'

2018-12-07 17:44:40 - [MESSAGE][PASSED] - Text 'sliptest23772boot' is set on object 'Object Repository/New_User_Latest/NewUserCreation_input_PASSWORD_Password'

2018-12-07 17:44:40 - [TEST_STEP][PASSED] - click(findTestObject("New_User_Latest/NewUserCreation_button_LOGIN")): Object: 'Object Repository/New_User_Latest/NewUserCreation_button_LOGIN' is clicked on

2018-12-07 17:44:42 - [MESSAGE][PASSED] - Object: 'Object Repository/New_User_Latest/NewUserCreation_button_LOGIN' is clicked on

2018-12-07 17:44:42 - [TEST_STEP][PASSED] - click(findTestObject("New_User_Latest/NewUserCreation_use")): Object: 'Object Repository/New_User_Latest/NewUserCreation_use' is clicked on

2018-12-07 17:44:47 - [MESSAGE][PASSED] - Object: 'Object Repository/New_User_Latest/NewUserCreation_use' is clicked on

2018-12-07 17:44:47 - [TEST_STEP][PASSED] - click(findTestObject("New_User_Latest/NewUserCreation_div_Admin Tools")): Object: 'Object Repository/New_User_Latest/NewUserCreation_div_Admin Tools' is clicked on

2018-12-07 17:44:47 - [MESSAGE][PASSED] - Object: 'Object Repository/New_User_Latest/NewUserCreation_div_Admin Tools' is clicked on

2018-12-07 17:44:47 - [TEST_STEP][FAILED] - click(findTestObject("New_User_Latest/NewUserCreation_div_Users")): click(findTestObject("New_User_Latest/NewUserCreation_div_Users")) FAILED.
Reason:
com.kms.katalon.core.exception.StepFailedException: Unable to click on object 'Object Repository/New_User_Latest/NewUserCreation_div_Users' (Root cause: org.openqa.selenium.WebDriverException: chrome not reachable
  (Session info: chrome=70.0.3538.110)
  (Driver info: chromedriver=2.43.600210 (68dcf5eebde37173d4027fa8635e332711d2874a),platform=Windows NT 6.1.7601 SP1 x86_64) (WARNING: The server did not provide any stacktrace information)
Command duration or timeout: 0 milliseconds
Build info: version: '3.7.1', revision: '8a0099a', time: '2017-11-06T21:07:36.161Z'
System info: host: 'ABHISHEK-PASHIN', ip: '10.21.7.147', os.name: 'Windows 7', os.arch: 'amd64', os.version: '6.1', java.version: '1.8.0_181'
Driver info: com.kms.katalon.selenium.driver.CChromeDriver
Capabilities {acceptInsecureCerts: false, acceptSslCerts: false, applicationCacheEnabled: false, browserConnectionEnabled: false, browserName: chrome, chrome: {chromedriverVersion: 2.43.600210 (68dcf5eebde371..., userDataDir: C:\Users\PASHIN~1\AppData\L...}, cssSelectorsEnabled: true, databaseEnabled: false, goog:chromeOptions: {debuggerAddress: localhost:63970}, handlesAlerts: true, hasTouchScreen: false, javascriptEnabled: true, locationContextEnabled: true, mobileEmulationEnabled: false, nativeEvents: true, networkConnectionEnabled: false, pageLoadStrategy: normal, platform: XP, platformName: XP, rotatable: false, setWindowRect: true, takesHeapSnapshot: true, takesScreenshot: true, unexpectedAlertBehaviour: , unhandledPromptBehavior: , version: 70.0.3538.110, webStorageEnabled: true}
Session ID: d98650f76f15ea6a9bb8ae50058d8e56
*** Element info: {Using=xpath, value=//div[@id='scs-main-navigation']/div[9]/div[4]/div/div[2]/div})
	at com.kms.katalon.core.keyword.internal.KeywordMain.stepFailed(KeywordMain.groovy:36)
	at com.kms.katalon.core.webui.keyword.internal.WebUIKeywordMain.stepFailed(WebUIKeywordMain.groovy:65)
	at com.kms.katalon.core.webui.keyword.internal.WebUIKeywordMain.runKeyword(WebUIKeywordMain.groovy:27)
	at com.kms.katalon.core.webui.keyword.builtin.ClickKeyword.click(ClickKeyword.groovy:86)
	at com.kms.katalon.core.webui.keyword.builtin.ClickKeyword.execute(ClickKeyword.groovy:67)
	at com.kms.katalon.core.keyword.internal.KeywordExecutor.executeKeywordForPlatform(KeywordExecutor.groovy:53)
	at com.kms.katalon.core.webui.keyword.WebUiBuiltInKeywords.click(WebUiBuiltInKeywords.groovy:616)
	at com.kms.katalon.core.webui.keyword.WebUiBuiltInKeywords$click$3.call(Unknown Source)
	at NewInternalUser.run(NewInternalUser:32)
	at com.kms.katalon.core.main.ScriptEngine.run(ScriptEngine.java:194)
	at com.kms.katalon.core.main.ScriptEngine.runScriptAsRawText(ScriptEngine.java:119)
	at com.kms.katalon.core.main.TestCaseExecutor.runScript(TestCaseExecutor.java:321)
	at com.kms.katalon.core.main.TestCaseExecutor.doExecute(TestCaseExecutor.java:312)
	at com.kms.katalon.core.main.TestCaseExecutor.processExecutionPhase(TestCaseExecutor.java:291)
	at com.kms.katalon.core.main.TestCaseExecutor.accessMainPhase(TestCaseExecutor.java:283)
	at com.kms.katalon.core.main.TestCaseExecutor.execute(TestCaseExecutor.java:222)
	at com.kms.katalon.core.main.TestSuiteExecutor.accessTestCaseMainPhase(TestSuiteExecutor.java:129)
	at com.kms.katalon.core.main.TestSuiteExecutor.accessTestSuiteMainPhase(TestSuiteExecutor.java:112)
	at com.kms.katalon.core.main.TestSuiteExecutor.execute(TestSuiteExecutor.java:81)
	at com.kms.katalon.core.main.TestCaseMain.startTestSuite(TestCaseMain.java:149)
	at com.kms.katalon.core.main.TestCaseMain$startTestSuite$0.call(Unknown Source)
	at TempTestSuite1544184778386.run(TempTestSuite1544184778386.groovy:36)


2018-12-07 17:56:41 - [MESSAGE][WARNING] - Cannot take screenshot

2018-12-07 17:56:41 - [MESSAGE][FAILED] - Unable to click on object 'Object Repository/New_User_Latest/NewUserCreation_div_Users' (Root cause: org.openqa.selenium.WebDriverException: chrome not reachable
  (Session info: chrome=70.0.3538.110)
  (Driver info: chromedriver=2.43.600210 (68dcf5eebde37173d4027fa8635e332711d2874a),platform=Windows NT 6.1.7601 SP1 x86_64) (WARNING: The server did not provide any stacktrace information)
Command duration or timeout: 0 milliseconds
Build info: version: '3.7.1', revision: '8a0099a', time: '2017-11-06T21:07:36.161Z'
System info: host: 'ABHISHEK-PASHIN', ip: '10.21.7.147', os.name: 'Windows 7', os.arch: 'amd64', os.version: '6.1', java.version: '1.8.0_181'
Driver info: com.kms.katalon.selenium.driver.CChromeDriver
Capabilities {acceptInsecureCerts: false, acceptSslCerts: false, applicationCacheEnabled: false, browserConnectionEnabled: false, browserName: chrome, chrome: {chromedriverVersion: 2.43.600210 (68dcf5eebde371..., userDataDir: C:\Users\PASHIN~1\AppData\L...}, cssSelectorsEnabled: true, databaseEnabled: false, goog:chromeOptions: {debuggerAddress: localhost:63970}, handlesAlerts: true, hasTouchScreen: false, javascriptEnabled: true, locationContextEnabled: true, mobileEmulationEnabled: false, nativeEvents: true, networkConnectionEnabled: false, pageLoadStrategy: normal, platform: XP, platformName: XP, rotatable: false, setWindowRect: true, takesHeapSnapshot: true, takesScreenshot: true, unexpectedAlertBehaviour: , unhandledPromptBehavior: , version: 70.0.3538.110, webStorageEnabled: true}
Session ID: d98650f76f15ea6a9bb8ae50058d8e56
*** Element info: {Using=xpath, value=//div[@id='scs-main-navigation']/div[9]/div[4]/div/div[2]/div})

2018-12-07 17:56:41 - [MESSAGE][FAILED] - click(findTestObject("New_User_Latest/NewUserCreation_div_Users")) FAILED.
Reason:
com.kms.katalon.core.exception.StepFailedException: Unable to click on object 'Object Repository/New_User_Latest/NewUserCreation_div_Users' (Root cause: org.openqa.selenium.WebDriverException: chrome not reachable
  (Session info: chrome=70.0.3538.110)
  (Driver info: chromedriver=2.43.600210 (68dcf5eebde37173d4027fa8635e332711d2874a),platform=Windows NT 6.1.7601 SP1 x86_64) (WARNING: The server did not provide any stacktrace information)
Command duration or timeout: 0 milliseconds
Build info: version: '3.7.1', revision: '8a0099a', time: '2017-11-06T21:07:36.161Z'
System info: host: 'ABHISHEK-PASHIN', ip: '10.21.7.147', os.name: 'Windows 7', os.arch: 'amd64', os.version: '6.1', java.version: '1.8.0_181'
Driver info: com.kms.katalon.selenium.driver.CChromeDriver
Capabilities {acceptInsecureCerts: false, acceptSslCerts: false, applicationCacheEnabled: false, browserConnectionEnabled: false, browserName: chrome, chrome: {chromedriverVersion: 2.43.600210 (68dcf5eebde371..., userDataDir: C:\Users\PASHIN~1\AppData\L...}, cssSelectorsEnabled: true, databaseEnabled: false, goog:chromeOptions: {debuggerAddress: localhost:63970}, handlesAlerts: true, hasTouchScreen: false, javascriptEnabled: true, locationContextEnabled: true, mobileEmulationEnabled: false, nativeEvents: true, networkConnectionEnabled: false, pageLoadStrategy: normal, platform: XP, platformName: XP, rotatable: false, setWindowRect: true, takesHeapSnapshot: true, takesScreenshot: true, unexpectedAlertBehaviour: , unhandledPromptBehavior: , version: 70.0.3538.110, webStorageEnabled: true}
Session ID: d98650f76f15ea6a9bb8ae50058d8e56
*** Element info: {Using=xpath, value=//div[@id='scs-main-navigation']/div[9]/div[4]/div/div[2]/div})
	at com.kms.katalon.core.keyword.internal.KeywordMain.stepFailed(KeywordMain.groovy:36)
	at com.kms.katalon.core.webui.keyword.internal.WebUIKeywordMain.stepFailed(WebUIKeywordMain.groovy:65)
	at com.kms.katalon.core.webui.keyword.internal.WebUIKeywordMain.runKeyword(WebUIKeywordMain.groovy:27)
	at com.kms.katalon.core.webui.keyword.builtin.ClickKeyword.click(ClickKeyword.groovy:86)
	at com.kms.katalon.core.webui.keyword.builtin.ClickKeyword.execute(ClickKeyword.groovy:67)
	at com.kms.katalon.core.keyword.internal.KeywordExecutor.executeKeywordForPlatform(KeywordExecutor.groovy:53)
	at com.kms.katalon.core.webui.keyword.WebUiBuiltInKeywords.click(WebUiBuiltInKeywords.groovy:616)
	at com.kms.katalon.core.webui.keyword.WebUiBuiltInKeywords$click$3.call(Unknown Source)
	at NewInternalUser.run(NewInternalUser:32)
	at com.kms.katalon.core.main.ScriptEngine.run(ScriptEngine.java:194)
	at com.kms.katalon.core.main.ScriptEngine.runScriptAsRawText(ScriptEngine.java:119)
	at com.kms.katalon.core.main.TestCaseExecutor.runScript(TestCaseExecutor.java:321)
	at com.kms.katalon.core.main.TestCaseExecutor.doExecute(TestCaseExecutor.java:312)
	at com.kms.katalon.core.main.TestCaseExecutor.processExecutionPhase(TestCaseExecutor.java:291)
	at com.kms.katalon.core.main.TestCaseExecutor.accessMainPhase(TestCaseExecutor.java:283)
	at com.kms.katalon.core.main.TestCaseExecutor.execute(TestCaseExecutor.java:222)
	at com.kms.katalon.core.main.TestSuiteExecutor.accessTestCaseMainPhase(TestSuiteExecutor.java:129)
	at com.kms.katalon.core.main.TestSuiteExecutor.accessTestSuiteMainPhase(TestSuiteExecutor.java:112)
	at com.kms.katalon.core.main.TestSuiteExecutor.execute(TestSuiteExecutor.java:81)
	at com.kms.katalon.core.main.TestCaseMain.startTestSuite(TestCaseMain.java:149)
	at com.kms.katalon.core.main.TestCaseMain$startTestSuite$0.call(Unknown Source)
	at TempTestSuite1544184778386.run(TempTestSuite1544184778386.groovy:36)]]></system-out>
         <system-err><![CDATA[2018-12-07 17:44:10 - [TEST_CASE][FAILED] - Test Cases/AdminTools/NewInternalUser: Test Cases/AdminTools/NewInternalUser FAILED.
Reason:
com.kms.katalon.core.exception.StepFailedException: Unable to click on object 'Object Repository/New_User_Latest/NewUserCreation_div_Users' (Root cause: org.openqa.selenium.WebDriverException: chrome not reachable
  (Session info: chrome=70.0.3538.110)
  (Driver info: chromedriver=2.43.600210 (68dcf5eebde37173d4027fa8635e332711d2874a),platform=Windows NT 6.1.7601 SP1 x86_64) (WARNING: The server did not provide any stacktrace information)
Command duration or timeout: 0 milliseconds
Build info: version: '3.7.1', revision: '8a0099a', time: '2017-11-06T21:07:36.161Z'
System info: host: 'ABHISHEK-PASHIN', ip: '10.21.7.147', os.name: 'Windows 7', os.arch: 'amd64', os.version: '6.1', java.version: '1.8.0_181'
Driver info: com.kms.katalon.selenium.driver.CChromeDriver
Capabilities {acceptInsecureCerts: false, acceptSslCerts: false, applicationCacheEnabled: false, browserConnectionEnabled: false, browserName: chrome, chrome: {chromedriverVersion: 2.43.600210 (68dcf5eebde371..., userDataDir: C:\Users\PASHIN~1\AppData\L...}, cssSelectorsEnabled: true, databaseEnabled: false, goog:chromeOptions: {debuggerAddress: localhost:63970}, handlesAlerts: true, hasTouchScreen: false, javascriptEnabled: true, locationContextEnabled: true, mobileEmulationEnabled: false, nativeEvents: true, networkConnectionEnabled: false, pageLoadStrategy: normal, platform: XP, platformName: XP, rotatable: false, setWindowRect: true, takesHeapSnapshot: true, takesScreenshot: true, unexpectedAlertBehaviour: , unhandledPromptBehavior: , version: 70.0.3538.110, webStorageEnabled: true}
Session ID: d98650f76f15ea6a9bb8ae50058d8e56
*** Element info: {Using=xpath, value=//div[@id='scs-main-navigation']/div[9]/div[4]/div/div[2]/div})
	at com.kms.katalon.core.keyword.internal.KeywordMain.stepFailed(KeywordMain.groovy:36)
	at com.kms.katalon.core.webui.keyword.internal.WebUIKeywordMain.stepFailed(WebUIKeywordMain.groovy:65)
	at com.kms.katalon.core.webui.keyword.internal.WebUIKeywordMain.runKeyword(WebUIKeywordMain.groovy:27)
	at com.kms.katalon.core.webui.keyword.builtin.ClickKeyword.click(ClickKeyword.groovy:86)
	at com.kms.katalon.core.webui.keyword.builtin.ClickKeyword.execute(ClickKeyword.groovy:67)
	at com.kms.katalon.core.keyword.internal.KeywordExecutor.executeKeywordForPlatform(KeywordExecutor.groovy:53)
	at com.kms.katalon.core.webui.keyword.WebUiBuiltInKeywords.click(WebUiBuiltInKeywords.groovy:616)
	at com.kms.katalon.core.webui.keyword.WebUiBuiltInKeywords$click$3.call(Unknown Source)
	at NewInternalUser.run(NewInternalUser:32)
	at com.kms.katalon.core.main.ScriptEngine.run(ScriptEngine.java:194)
	at com.kms.katalon.core.main.ScriptEngine.runScriptAsRawText(ScriptEngine.java:119)
	at com.kms.katalon.core.main.TestCaseExecutor.runScript(TestCaseExecutor.java:321)
	at com.kms.katalon.core.main.TestCaseExecutor.doExecute(TestCaseExecutor.java:312)
	at com.kms.katalon.core.main.TestCaseExecutor.processExecutionPhase(TestCaseExecutor.java:291)
	at com.kms.katalon.core.main.TestCaseExecutor.accessMainPhase(TestCaseExecutor.java:283)
	at com.kms.katalon.core.main.TestCaseExecutor.execute(TestCaseExecutor.java:222)
	at com.kms.katalon.core.main.TestSuiteExecutor.accessTestCaseMainPhase(TestSuiteExecutor.java:129)
	at com.kms.katalon.core.main.TestSuiteExecutor.accessTestSuiteMainPhase(TestSuiteExecutor.java:112)
	at com.kms.katalon.core.main.TestSuiteExecutor.execute(TestSuiteExecutor.java:81)
	at com.kms.katalon.core.main.TestCaseMain.startTestSuite(TestCaseMain.java:149)
	at com.kms.katalon.core.main.TestCaseMain$startTestSuite$0.call(Unknown Source)
	at TempTestSuite1544184778386.run(TempTestSuite1544184778386.groovy:36)]]></system-err>
      </testcase>
      <testcase name="Test Cases/AdminTools/Roles" classname="Test Cases/AdminTools/Roles" status="PASSED">
         <system-out><![CDATA[2018-12-07 17:56:41 - [TEST_CASE][PASSED] - Test Cases/AdminTools/Roles: Test Cases/AdminTools/Roles

2018-12-07 17:56:41 - [TEST_STEP][PASSED] - openBrowser(""): Browser is opened with url: ''

2018-12-07 17:56:41 - [MESSAGE][WARNING] - A browser is already opened. Closing browser and opening a new one

2018-12-07 17:56:42 - [MESSAGE][INFO] - Starting 'Chrome' driver

2018-12-07 17:56:45 - [MESSAGE][PASSED] - Browser is opened with url: ''

2018-12-07 17:56:45 - [TEST_STEP][PASSED] - navigateToUrl(URL): Navigate to 'https://test2.stage.safetychain.com' successfully

2018-12-07 17:57:01 - [MESSAGE][PASSED] - Navigate to 'https://test2.stage.safetychain.com' successfully

2018-12-07 17:57:01 - [TEST_STEP][PASSED] - maximizeWindow(): Current window maximized

2018-12-07 17:57:02 - [MESSAGE][PASSED] - Current window maximized

2018-12-07 17:57:02 - [TEST_STEP][PASSED] - setText(findTestObject("Role-Latest/ManageRoles_input_USER NAME_Username"), UserName): Text 'superadmin' is set on object 'Object Repository/Role-Latest/ManageRoles_input_USER NAME_Username'

2018-12-07 17:57:10 - [MESSAGE][PASSED] - Text 'superadmin' is set on object 'Object Repository/Role-Latest/ManageRoles_input_USER NAME_Username'

2018-12-07 17:57:10 - [TEST_STEP][PASSED] - setText(findTestObject("Role-Latest/ManageRoles_input_PASSWORD_Password"), Password): Text 'sliptest23772boot' is set on object 'Object Repository/Role-Latest/ManageRoles_input_PASSWORD_Password'

2018-12-07 17:57:10 - [MESSAGE][PASSED] - Text 'sliptest23772boot' is set on object 'Object Repository/Role-Latest/ManageRoles_input_PASSWORD_Password'

2018-12-07 17:57:10 - [TEST_STEP][PASSED] - click(findTestObject("Role-Latest/ManageRoles_button_LOGIN")): Object: 'Object Repository/Role-Latest/ManageRoles_button_LOGIN' is clicked on

2018-12-07 17:57:13 - [MESSAGE][PASSED] - Object: 'Object Repository/Role-Latest/ManageRoles_button_LOGIN' is clicked on

2018-12-07 17:57:13 - [TEST_STEP][PASSED] - click(findTestObject("Role-Latest/ManageRoles_svg_STAGE_scsIcon scs-hamburge")): Object: 'Object Repository/Role-Latest/ManageRoles_svg_STAGE_scsIcon scs-hamburge' is clicked on

2018-12-07 17:57:20 - [MESSAGE][PASSED] - Object: 'Object Repository/Role-Latest/ManageRoles_svg_STAGE_scsIcon scs-hamburge' is clicked on

2018-12-07 17:57:20 - [TEST_STEP][PASSED] - click(findTestObject("Role-Latest/ManageRoles_div_Admin Tools")): Object: 'Object Repository/Role-Latest/ManageRoles_div_Admin Tools' is clicked on

2018-12-07 17:57:20 - [MESSAGE][PASSED] - Object: 'Object Repository/Role-Latest/ManageRoles_div_Admin Tools' is clicked on

2018-12-07 17:57:20 - [TEST_STEP][PASSED] - click(findTestObject("Role-Latest/ManageRoles_div_Roles")): Object: 'Object Repository/Role-Latest/ManageRoles_div_Roles' is clicked on

2018-12-07 17:57:20 - [MESSAGE][PASSED] - Object: 'Object Repository/Role-Latest/ManageRoles_div_Roles' is clicked on

2018-12-07 17:57:20 - [TEST_STEP][PASSED] - click(findTestObject("Role-Latest/ManageRoles_i_UserAdmin_fa fa-plus-circle")): Object: 'Object Repository/Role-Latest/ManageRoles_i_UserAdmin_fa fa-plus-circle' is clicked on

2018-12-07 17:57:21 - [MESSAGE][PASSED] - Object: 'Object Repository/Role-Latest/ManageRoles_i_UserAdmin_fa fa-plus-circle' is clicked on

2018-12-07 17:57:21 - [TEST_STEP][PASSED] - RandomRoles.clickElement(findTestObject("Role-Latest/ManageRoles_input_UserAdmin_scs-list-view-")): RandomRoles.clickElement is PASSED

2018-12-07 17:57:21 - [MESSAGE][PASSED] - RandomRoles.clickElement is PASSED

2018-12-07 17:57:21 - [TEST_STEP][PASSED] - click(findTestObject("Role-Latest/ManageRoles_div_SAVE")): Object: 'Object Repository/Role-Latest/ManageRoles_div_SAVE' is clicked on

2018-12-07 17:57:23 - [MESSAGE][PASSED] - Object: 'Object Repository/Role-Latest/ManageRoles_div_SAVE' is clicked on

2018-12-07 17:57:23 - [TEST_STEP][PASSED] - Thread.sleep(6000): null

2018-12-07 17:57:29 - [TEST_STEP][PASSED] - click(findTestObject("User_role Attachment-Latest/UserRoleLink_span_Users")): Object: 'Object Repository/User_role Attachment-Latest/UserRoleLink_span_Users' is clicked on

2018-12-07 17:57:29 - [MESSAGE][PASSED] - Object: 'Object Repository/User_role Attachment-Latest/UserRoleLink_span_Users' is clicked on

2018-12-07 17:57:29 - [TEST_STEP][PASSED] - Thread.sleep(4000): null

2018-12-07 17:57:33 - [TEST_STEP][PASSED] - setText(findTestObject("User_role Attachment-Latest/UserRoleLink_input_SAVE_scs-manage-roles-se"), "Superadmin"): Text 'Superadmin' is set on object 'Object Repository/User_role Attachment-Latest/UserRoleLink_input_SAVE_scs-manage-roles-se'

2018-12-07 17:57:34 - [MESSAGE][PASSED] - Text 'Superadmin' is set on object 'Object Repository/User_role Attachment-Latest/UserRoleLink_input_SAVE_scs-manage-roles-se'

2018-12-07 17:57:34 - [TEST_STEP][PASSED] - Thread.sleep(4000): null

2018-12-07 17:57:38 - [TEST_STEP][PASSED] - click(findTestObject("User_role Attachment-Latest/UserRoleLink_span_SAVE_fa fa-search")): Object: 'Object Repository/User_role Attachment-Latest/UserRoleLink_span_SAVE_fa fa-search' is clicked on

2018-12-07 17:57:38 - [MESSAGE][PASSED] - Object: 'Object Repository/User_role Attachment-Latest/UserRoleLink_span_SAVE_fa fa-search' is clicked on

2018-12-07 17:57:38 - [TEST_STEP][PASSED] - Thread.sleep(4000): null

2018-12-07 17:57:42 - [TEST_STEP][PASSED] - click(findTestObject("User_role Attachment-Latest/UserRoleLink_input_select_scs-grid-row-chec")): Object: 'Object Repository/User_role Attachment-Latest/UserRoleLink_input_select_scs-grid-row-chec' is clicked on

2018-12-07 17:57:42 - [MESSAGE][PASSED] - Object: 'Object Repository/User_role Attachment-Latest/UserRoleLink_input_select_scs-grid-row-chec' is clicked on

2018-12-07 17:57:42 - [TEST_STEP][PASSED] - Thread.sleep(4000): null

2018-12-07 17:57:46 - [TEST_STEP][PASSED] - click(findTestObject("User_role Attachment-Latest/UserRoleLink_div_SAVE")): Object: 'Object Repository/User_role Attachment-Latest/UserRoleLink_div_SAVE' is clicked on

2018-12-07 17:57:46 - [MESSAGE][PASSED] - Object: 'Object Repository/User_role Attachment-Latest/UserRoleLink_div_SAVE' is clicked on

2018-12-07 17:57:46 - [TEST_STEP][PASSED] - Thread.sleep(4000): null

2018-12-07 17:57:50 - [TEST_STEP][PASSED] - click(findTestObject("Role-Latest/ManageRoles_div_adit s_scs-user-icon")): Object: 'Object Repository/Role-Latest/ManageRoles_div_adit s_scs-user-icon' is clicked on

2018-12-07 17:57:50 - [MESSAGE][PASSED] - Object: 'Object Repository/Role-Latest/ManageRoles_div_adit s_scs-user-icon' is clicked on

2018-12-07 17:57:50 - [TEST_STEP][PASSED] - Thread.sleep(5000): null

2018-12-07 17:57:55 - [TEST_STEP][PASSED] - verifyElementChecked(findTestObject("User_role Attachment-Latest/Page_SafetyChain/Page_SafetyChain/ToCheckElementIsTicked"), 5): Object 'Object Repository/User_role Attachment-Latest/Page_SafetyChain/Page_SafetyChain/ToCheckElementIsTicked' is checked

2018-12-07 17:57:55 - [MESSAGE][PASSED] - Object 'Object Repository/User_role Attachment-Latest/Page_SafetyChain/Page_SafetyChain/ToCheckElementIsTicked' is checked

2018-12-07 17:57:55 - [TEST_STEP][PASSED] - click(findTestObject("Role-Latest/ManageRoles_li_Logout")): Object: 'Object Repository/Role-Latest/ManageRoles_li_Logout' is clicked on

2018-12-07 17:58:04 - [MESSAGE][PASSED] - Object: 'Object Repository/Role-Latest/ManageRoles_li_Logout' is clicked on

2018-12-07 17:58:04 - [TEST_STEP][PASSED] - closeBrowser(): Browser is closed

2018-12-07 17:58:04 - [MESSAGE][PASSED] - Browser is closed]]></system-out>
         <system-err><![CDATA[]]></system-err>
      </testcase>
      <testcase name="Test Cases/AdminTools/WorkGroup" classname="Test Cases/AdminTools/WorkGroup" status="FAILED">
         <failure type="FAILED" message="Test Cases/AdminTools/WorkGroup FAILED.
Reason:
com.kms.katalon.core.exception.StepFailedException: Unable to verify text 'WorkGroup1544185685210' is present  (Root cause: com.kms.katalon.core.exception.StepFailedException: Text 'WorkGroup1544185685210' is not present on page )
	at com.kms.katalon.core.keyword.internal.KeywordMain.stepFailed(KeywordMain.groovy:36)
	at com.kms.katalon.core.webui.keyword.internal.WebUIKeywordMain.stepFailed(WebUIKeywordMain.groovy:65)
	at com.kms.katalon.core.webui.keyword.internal.WebUIKeywordMain.runKeyword(WebUIKeywordMain.groovy:27)
	at com.kms.katalon.core.webui.keyword.builtin.VerifyTextPresentKeyword.verifyTextPresent(VerifyTextPresentKeyword.groovy:83)
	at com.kms.katalon.core.webui.keyword.builtin.VerifyTextPresentKeyword.execute(VerifyTextPresentKeyword.groovy:68)
	at com.kms.katalon.core.keyword.internal.KeywordExecutor.executeKeywordForPlatform(KeywordExecutor.groovy:53)
	at com.kms.katalon.core.webui.keyword.WebUiBuiltInKeywords.verifyTextPresent(WebUiBuiltInKeywords.groovy:1693)
	at com.kms.katalon.core.webui.keyword.WebUiBuiltInKeywords$verifyTextPresent$7.call(Unknown Source)
	at WorkGroup.run(WorkGroup:45)
	at com.kms.katalon.core.main.ScriptEngine.run(ScriptEngine.java:194)
	at com.kms.katalon.core.main.ScriptEngine.runScriptAsRawText(ScriptEngine.java:119)
	at com.kms.katalon.core.main.TestCaseExecutor.runScript(TestCaseExecutor.java:321)
	at com.kms.katalon.core.main.TestCaseExecutor.doExecute(TestCaseExecutor.java:312)
	at com.kms.katalon.core.main.TestCaseExecutor.processExecutionPhase(TestCaseExecutor.java:291)
	at com.kms.katalon.core.main.TestCaseExecutor.accessMainPhase(TestCaseExecutor.java:283)
	at com.kms.katalon.core.main.TestCaseExecutor.execute(TestCaseExecutor.java:222)
	at com.kms.katalon.core.main.TestSuiteExecutor.accessTestCaseMainPhase(TestSuiteExecutor.java:129)
	at com.kms.katalon.core.main.TestSuiteExecutor.accessTestSuiteMainPhase(TestSuiteExecutor.java:112)
	at com.kms.katalon.core.main.TestSuiteExecutor.execute(TestSuiteExecutor.java:81)
	at com.kms.katalon.core.main.TestCaseMain.startTestSuite(TestCaseMain.java:149)
	at com.kms.katalon.core.main.TestCaseMain$startTestSuite$0.call(Unknown Source)
	at TempTestSuite1544184778386.run(TempTestSuite1544184778386.groovy:36)
"/>
         <system-out><![CDATA[2018-12-07 17:58:04 - [TEST_CASE][FAILED] - Test Cases/AdminTools/WorkGroup: Test Cases/AdminTools/WorkGroup FAILED.
Reason:
com.kms.katalon.core.exception.StepFailedException: Unable to verify text 'WorkGroup1544185685210' is present  (Root cause: com.kms.katalon.core.exception.StepFailedException: Text 'WorkGroup1544185685210' is not present on page )
	at com.kms.katalon.core.keyword.internal.KeywordMain.stepFailed(KeywordMain.groovy:36)
	at com.kms.katalon.core.webui.keyword.internal.WebUIKeywordMain.stepFailed(WebUIKeywordMain.groovy:65)
	at com.kms.katalon.core.webui.keyword.internal.WebUIKeywordMain.runKeyword(WebUIKeywordMain.groovy:27)
	at com.kms.katalon.core.webui.keyword.builtin.VerifyTextPresentKeyword.verifyTextPresent(VerifyTextPresentKeyword.groovy:83)
	at com.kms.katalon.core.webui.keyword.builtin.VerifyTextPresentKeyword.execute(VerifyTextPresentKeyword.groovy:68)
	at com.kms.katalon.core.keyword.internal.KeywordExecutor.executeKeywordForPlatform(KeywordExecutor.groovy:53)
	at com.kms.katalon.core.webui.keyword.WebUiBuiltInKeywords.verifyTextPresent(WebUiBuiltInKeywords.groovy:1693)
	at com.kms.katalon.core.webui.keyword.WebUiBuiltInKeywords$verifyTextPresent$7.call(Unknown Source)
	at WorkGroup.run(WorkGroup:45)
	at com.kms.katalon.core.main.ScriptEngine.run(ScriptEngine.java:194)
	at com.kms.katalon.core.main.ScriptEngine.runScriptAsRawText(ScriptEngine.java:119)
	at com.kms.katalon.core.main.TestCaseExecutor.runScript(TestCaseExecutor.java:321)
	at com.kms.katalon.core.main.TestCaseExecutor.doExecute(TestCaseExecutor.java:312)
	at com.kms.katalon.core.main.TestCaseExecutor.processExecutionPhase(TestCaseExecutor.java:291)
	at com.kms.katalon.core.main.TestCaseExecutor.accessMainPhase(TestCaseExecutor.java:283)
	at com.kms.katalon.core.main.TestCaseExecutor.execute(TestCaseExecutor.java:222)
	at com.kms.katalon.core.main.TestSuiteExecutor.accessTestCaseMainPhase(TestSuiteExecutor.java:129)
	at com.kms.katalon.core.main.TestSuiteExecutor.accessTestSuiteMainPhase(TestSuiteExecutor.java:112)
	at com.kms.katalon.core.main.TestSuiteExecutor.execute(TestSuiteExecutor.java:81)
	at com.kms.katalon.core.main.TestCaseMain.startTestSuite(TestCaseMain.java:149)
	at com.kms.katalon.core.main.TestCaseMain$startTestSuite$0.call(Unknown Source)
	at TempTestSuite1544184778386.run(TempTestSuite1544184778386.groovy:36)


2018-12-07 17:58:05 - [TEST_STEP][PASSED] - sc.sc_customkeywords.UniqueName("WorkGroup"): sc.sc_customkeywords.UniqueName is PASSED

2018-12-07 17:58:05 - [MESSAGE][PASSED] - sc.sc_customkeywords.UniqueName is PASSED

2018-12-07 17:58:05 - [TEST_STEP][PASSED] - openBrowser(""): Browser is opened with url: ''

2018-12-07 17:58:05 - [MESSAGE][INFO] - Starting 'Chrome' driver

2018-12-07 17:58:07 - [MESSAGE][PASSED] - Browser is opened with url: ''

2018-12-07 17:58:07 - [TEST_STEP][PASSED] - maximizeWindow(): Current window maximized

2018-12-07 17:58:08 - [MESSAGE][PASSED] - Current window maximized

2018-12-07 17:58:08 - [TEST_STEP][PASSED] - navigateToUrl(URL): Navigate to 'https://test2.stage.safetychain.com' successfully

2018-12-07 17:58:29 - [MESSAGE][PASSED] - Navigate to 'https://test2.stage.safetychain.com' successfully

2018-12-07 17:58:29 - [TEST_STEP][PASSED] - setText(findTestObject("CommonObjects/Login_UserName"), UserName): Text 'superadmin' is set on object 'Object Repository/CommonObjects/Login_UserName'

2018-12-07 17:58:38 - [MESSAGE][PASSED] - Text 'superadmin' is set on object 'Object Repository/CommonObjects/Login_UserName'

2018-12-07 17:58:38 - [TEST_STEP][PASSED] - setText(findTestObject("CommonObjects/Login_Password"), Password): Text 'sliptest23772boot' is set on object 'Object Repository/CommonObjects/Login_Password'

2018-12-07 17:58:38 - [MESSAGE][PASSED] - Text 'sliptest23772boot' is set on object 'Object Repository/CommonObjects/Login_Password'

2018-12-07 17:58:38 - [TEST_STEP][PASSED] - click(findTestObject("CommonObjects/Login_LoginButton")): Object: 'Object Repository/CommonObjects/Login_LoginButton' is clicked on

2018-12-07 17:58:41 - [MESSAGE][PASSED] - Object: 'Object Repository/CommonObjects/Login_LoginButton' is clicked on

2018-12-07 17:58:41 - [TEST_STEP][PASSED] - click(findTestObject("CommonObjects/FSQA_MainMenu")): Object: 'Object Repository/CommonObjects/FSQA_MainMenu' is clicked on

2018-12-07 17:58:46 - [MESSAGE][PASSED] - Object: 'Object Repository/CommonObjects/FSQA_MainMenu' is clicked on

2018-12-07 17:58:46 - [TEST_STEP][PASSED] - click(findTestObject("CommonObjects/MainMenu_AdminTools")): Object: 'Object Repository/CommonObjects/MainMenu_AdminTools' is clicked on

2018-12-07 17:58:46 - [MESSAGE][PASSED] - Object: 'Object Repository/CommonObjects/MainMenu_AdminTools' is clicked on

2018-12-07 17:58:46 - [TEST_STEP][PASSED] - click(findTestObject("CommonObjects/MainMenu_WorkGroups")): Object: 'Object Repository/CommonObjects/MainMenu_WorkGroups' is clicked on

2018-12-07 17:58:46 - [MESSAGE][PASSED] - Object: 'Object Repository/CommonObjects/MainMenu_WorkGroups' is clicked on

2018-12-07 17:58:46 - [TEST_STEP][PASSED] - click(findTestObject("WorkGroup/WorkGroup_PlusIcon")): Object: 'Object Repository/WorkGroup/WorkGroup_PlusIcon' is clicked on

2018-12-07 17:58:49 - [MESSAGE][PASSED] - Object: 'Object Repository/WorkGroup/WorkGroup_PlusIcon' is clicked on

2018-12-07 17:58:49 - [TEST_STEP][PASSED] - setText(findTestObject("WorkGroup/WorkGroup_AddingNewTextField"), findTestData("TestData").getValue("WorkGroup", 1)): Text 'WorkGroup1544185685210' is set on object 'Object Repository/WorkGroup/WorkGroup_AddingNewTextField'

2018-12-07 17:58:50 - [MESSAGE][PASSED] - Text 'WorkGroup1544185685210' is set on object 'Object Repository/WorkGroup/WorkGroup_AddingNewTextField'

2018-12-07 17:58:50 - [TEST_STEP][PASSED] - click(findTestObject("WorkGroup/WorkGroup_SaveButton")): Object: 'Object Repository/WorkGroup/WorkGroup_SaveButton' is clicked on

2018-12-07 17:58:52 - [MESSAGE][PASSED] - Object: 'Object Repository/WorkGroup/WorkGroup_SaveButton' is clicked on

2018-12-07 17:58:52 - [TEST_STEP][PASSED] - Thread.sleep(3000): null

2018-12-07 17:58:55 - [TEST_STEP][FAILED] - verifyTextPresent(findTestData("TestData").getValue("WorkGroup", 1), false): verifyTextPresent(findTestData("TestData").getValue("WorkGroup", 1), false) FAILED.
Reason:
com.kms.katalon.core.exception.StepFailedException: Unable to verify text 'WorkGroup1544185685210' is present  (Root cause: com.kms.katalon.core.exception.StepFailedException: Text 'WorkGroup1544185685210' is not present on page )
	at com.kms.katalon.core.keyword.internal.KeywordMain.stepFailed(KeywordMain.groovy:36)
	at com.kms.katalon.core.webui.keyword.internal.WebUIKeywordMain.stepFailed(WebUIKeywordMain.groovy:65)
	at com.kms.katalon.core.webui.keyword.internal.WebUIKeywordMain.runKeyword(WebUIKeywordMain.groovy:27)
	at com.kms.katalon.core.webui.keyword.builtin.VerifyTextPresentKeyword.verifyTextPresent(VerifyTextPresentKeyword.groovy:83)
	at com.kms.katalon.core.webui.keyword.builtin.VerifyTextPresentKeyword.execute(VerifyTextPresentKeyword.groovy:68)
	at com.kms.katalon.core.keyword.internal.KeywordExecutor.executeKeywordForPlatform(KeywordExecutor.groovy:53)
	at com.kms.katalon.core.webui.keyword.WebUiBuiltInKeywords.verifyTextPresent(WebUiBuiltInKeywords.groovy:1693)
	at com.kms.katalon.core.webui.keyword.WebUiBuiltInKeywords$verifyTextPresent$7.call(Unknown Source)
	at WorkGroup.run(WorkGroup:45)
	at com.kms.katalon.core.main.ScriptEngine.run(ScriptEngine.java:194)
	at com.kms.katalon.core.main.ScriptEngine.runScriptAsRawText(ScriptEngine.java:119)
	at com.kms.katalon.core.main.TestCaseExecutor.runScript(TestCaseExecutor.java:321)
	at com.kms.katalon.core.main.TestCaseExecutor.doExecute(TestCaseExecutor.java:312)
	at com.kms.katalon.core.main.TestCaseExecutor.processExecutionPhase(TestCaseExecutor.java:291)
	at com.kms.katalon.core.main.TestCaseExecutor.accessMainPhase(TestCaseExecutor.java:283)
	at com.kms.katalon.core.main.TestCaseExecutor.execute(TestCaseExecutor.java:222)
	at com.kms.katalon.core.main.TestSuiteExecutor.accessTestCaseMainPhase(TestSuiteExecutor.java:129)
	at com.kms.katalon.core.main.TestSuiteExecutor.accessTestSuiteMainPhase(TestSuiteExecutor.java:112)
	at com.kms.katalon.core.main.TestSuiteExecutor.execute(TestSuiteExecutor.java:81)
	at com.kms.katalon.core.main.TestCaseMain.startTestSuite(TestCaseMain.java:149)
	at com.kms.katalon.core.main.TestCaseMain$startTestSuite$0.call(Unknown Source)
	at TempTestSuite1544184778386.run(TempTestSuite1544184778386.groovy:36)


2018-12-07 17:58:56 - [MESSAGE][FAILED] - Text 'WorkGroup1544185685210' is not present on page 

2018-12-07 17:58:56 - [MESSAGE][FAILED] - Unable to verify text 'WorkGroup1544185685210' is present  (Root cause: com.kms.katalon.core.exception.StepFailedException: Text 'WorkGroup1544185685210' is not present on page )
[[ATTACHMENT|D:\\Git Data\\SafetyChain-Test-Automation-Katalon\\Reports\\Admin_Tools\\20181207_174258\\1544185736238.png]]

2018-12-07 17:58:56 - [MESSAGE][FAILED] - verifyTextPresent(findTestData("TestData").getValue("WorkGroup", 1), false) FAILED.
Reason:
com.kms.katalon.core.exception.StepFailedException: Unable to verify text 'WorkGroup1544185685210' is present  (Root cause: com.kms.katalon.core.exception.StepFailedException: Text 'WorkGroup1544185685210' is not present on page )
	at com.kms.katalon.core.keyword.internal.KeywordMain.stepFailed(KeywordMain.groovy:36)
	at com.kms.katalon.core.webui.keyword.internal.WebUIKeywordMain.stepFailed(WebUIKeywordMain.groovy:65)
	at com.kms.katalon.core.webui.keyword.internal.WebUIKeywordMain.runKeyword(WebUIKeywordMain.groovy:27)
	at com.kms.katalon.core.webui.keyword.builtin.VerifyTextPresentKeyword.verifyTextPresent(VerifyTextPresentKeyword.groovy:83)
	at com.kms.katalon.core.webui.keyword.builtin.VerifyTextPresentKeyword.execute(VerifyTextPresentKeyword.groovy:68)
	at com.kms.katalon.core.keyword.internal.KeywordExecutor.executeKeywordForPlatform(KeywordExecutor.groovy:53)
	at com.kms.katalon.core.webui.keyword.WebUiBuiltInKeywords.verifyTextPresent(WebUiBuiltInKeywords.groovy:1693)
	at com.kms.katalon.core.webui.keyword.WebUiBuiltInKeywords$verifyTextPresent$7.call(Unknown Source)
	at WorkGroup.run(WorkGroup:45)
	at com.kms.katalon.core.main.ScriptEngine.run(ScriptEngine.java:194)
	at com.kms.katalon.core.main.ScriptEngine.runScriptAsRawText(ScriptEngine.java:119)
	at com.kms.katalon.core.main.TestCaseExecutor.runScript(TestCaseExecutor.java:321)
	at com.kms.katalon.core.main.TestCaseExecutor.doExecute(TestCaseExecutor.java:312)
	at com.kms.katalon.core.main.TestCaseExecutor.processExecutionPhase(TestCaseExecutor.java:291)
	at com.kms.katalon.core.main.TestCaseExecutor.accessMainPhase(TestCaseExecutor.java:283)
	at com.kms.katalon.core.main.TestCaseExecutor.execute(TestCaseExecutor.java:222)
	at com.kms.katalon.core.main.TestSuiteExecutor.accessTestCaseMainPhase(TestSuiteExecutor.java:129)
	at com.kms.katalon.core.main.TestSuiteExecutor.accessTestSuiteMainPhase(TestSuiteExecutor.java:112)
	at com.kms.katalon.core.main.TestSuiteExecutor.execute(TestSuiteExecutor.java:81)
	at com.kms.katalon.core.main.TestCaseMain.startTestSuite(TestCaseMain.java:149)
	at com.kms.katalon.core.main.TestCaseMain$startTestSuite$0.call(Unknown Source)
	at TempTestSuite1544184778386.run(TempTestSuite1544184778386.groovy:36)]]></system-out>
         <system-err><![CDATA[2018-12-07 17:58:04 - [TEST_CASE][FAILED] - Test Cases/AdminTools/WorkGroup: Test Cases/AdminTools/WorkGroup FAILED.
Reason:
com.kms.katalon.core.exception.StepFailedException: Unable to verify text 'WorkGroup1544185685210' is present  (Root cause: com.kms.katalon.core.exception.StepFailedException: Text 'WorkGroup1544185685210' is not present on page )
	at com.kms.katalon.core.keyword.internal.KeywordMain.stepFailed(KeywordMain.groovy:36)
	at com.kms.katalon.core.webui.keyword.internal.WebUIKeywordMain.stepFailed(WebUIKeywordMain.groovy:65)
	at com.kms.katalon.core.webui.keyword.internal.WebUIKeywordMain.runKeyword(WebUIKeywordMain.groovy:27)
	at com.kms.katalon.core.webui.keyword.builtin.VerifyTextPresentKeyword.verifyTextPresent(VerifyTextPresentKeyword.groovy:83)
	at com.kms.katalon.core.webui.keyword.builtin.VerifyTextPresentKeyword.execute(VerifyTextPresentKeyword.groovy:68)
	at com.kms.katalon.core.keyword.internal.KeywordExecutor.executeKeywordForPlatform(KeywordExecutor.groovy:53)
	at com.kms.katalon.core.webui.keyword.WebUiBuiltInKeywords.verifyTextPresent(WebUiBuiltInKeywords.groovy:1693)
	at com.kms.katalon.core.webui.keyword.WebUiBuiltInKeywords$verifyTextPresent$7.call(Unknown Source)
	at WorkGroup.run(WorkGroup:45)
	at com.kms.katalon.core.main.ScriptEngine.run(ScriptEngine.java:194)
	at com.kms.katalon.core.main.ScriptEngine.runScriptAsRawText(ScriptEngine.java:119)
	at com.kms.katalon.core.main.TestCaseExecutor.runScript(TestCaseExecutor.java:321)
	at com.kms.katalon.core.main.TestCaseExecutor.doExecute(TestCaseExecutor.java:312)
	at com.kms.katalon.core.main.TestCaseExecutor.processExecutionPhase(TestCaseExecutor.java:291)
	at com.kms.katalon.core.main.TestCaseExecutor.accessMainPhase(TestCaseExecutor.java:283)
	at com.kms.katalon.core.main.TestCaseExecutor.execute(TestCaseExecutor.java:222)
	at com.kms.katalon.core.main.TestSuiteExecutor.accessTestCaseMainPhase(TestSuiteExecutor.java:129)
	at com.kms.katalon.core.main.TestSuiteExecutor.accessTestSuiteMainPhase(TestSuiteExecutor.java:112)
	at com.kms.katalon.core.main.TestSuiteExecutor.execute(TestSuiteExecutor.java:81)
	at com.kms.katalon.core.main.TestCaseMain.startTestSuite(TestCaseMain.java:149)
	at com.kms.katalon.core.main.TestCaseMain$startTestSuite$0.call(Unknown Source)
	at TempTestSuite1544184778386.run(TempTestSuite1544184778386.groovy:36)]]></system-err>
      </testcase>
      <system-out><![CDATA[2018-12-07 17:43:01 - [TEST_SUITE][FAILED] - Admin_Tools: Test Cases/AdminTools/NewInternalUser FAILED.
Reason:
com.kms.katalon.core.exception.StepFailedException: Unable to click on object 'Object Repository/New_User_Latest/NewUserCreation_div_Users' (Root cause: org.openqa.selenium.WebDriverException: chrome not reachable
  (Session info: chrome=70.0.3538.110)
  (Driver info: chromedriver=2.43.600210 (68dcf5eebde37173d4027fa8635e332711d2874a),platform=Windows NT 6.1.7601 SP1 x86_64) (WARNING: The server did not provide any stacktrace information)
Command duration or timeout: 0 milliseconds
Build info: version: '3.7.1', revision: '8a0099a', time: '2017-11-06T21:07:36.161Z'
System info: host: 'ABHISHEK-PASHIN', ip: '10.21.7.147', os.name: 'Windows 7', os.arch: 'amd64', os.version: '6.1', java.version: '1.8.0_181'
Driver info: com.kms.katalon.selenium.driver.CChromeDriver
Capabilities {acceptInsecureCerts: false, acceptSslCerts: false, applicationCacheEnabled: false, browserConnectionEnabled: false, browserName: chrome, chrome: {chromedriverVersion: 2.43.600210 (68dcf5eebde371..., userDataDir: C:\Users\PASHIN~1\AppData\L...}, cssSelectorsEnabled: true, databaseEnabled: false, goog:chromeOptions: {debuggerAddress: localhost:63970}, handlesAlerts: true, hasTouchScreen: false, javascriptEnabled: true, locationContextEnabled: true, mobileEmulationEnabled: false, nativeEvents: true, networkConnectionEnabled: false, pageLoadStrategy: normal, platform: XP, platformName: XP, rotatable: false, setWindowRect: true, takesHeapSnapshot: true, takesScreenshot: true, unexpectedAlertBehaviour: , unhandledPromptBehavior: , version: 70.0.3538.110, webStorageEnabled: true}
Session ID: d98650f76f15ea6a9bb8ae50058d8e56
*** Element info: {Using=xpath, value=//div[@id='scs-main-navigation']/div[9]/div[4]/div/div[2]/div})
	at com.kms.katalon.core.keyword.internal.KeywordMain.stepFailed(KeywordMain.groovy:36)
	at com.kms.katalon.core.webui.keyword.internal.WebUIKeywordMain.stepFailed(WebUIKeywordMain.groovy:65)
	at com.kms.katalon.core.webui.keyword.internal.WebUIKeywordMain.runKeyword(WebUIKeywordMain.groovy:27)
	at com.kms.katalon.core.webui.keyword.builtin.ClickKeyword.click(ClickKeyword.groovy:86)
	at com.kms.katalon.core.webui.keyword.builtin.ClickKeyword.execute(ClickKeyword.groovy:67)
	at com.kms.katalon.core.keyword.internal.KeywordExecutor.executeKeywordForPlatform(KeywordExecutor.groovy:53)
	at com.kms.katalon.core.webui.keyword.WebUiBuiltInKeywords.click(WebUiBuiltInKeywords.groovy:616)
	at com.kms.katalon.core.webui.keyword.WebUiBuiltInKeywords$click$3.call(Unknown Source)
	at NewInternalUser.run(NewInternalUser:32)
	at com.kms.katalon.core.main.ScriptEngine.run(ScriptEngine.java:194)
	at com.kms.katalon.core.main.ScriptEngine.runScriptAsRawText(ScriptEngine.java:119)
	at com.kms.katalon.core.main.TestCaseExecutor.runScript(TestCaseExecutor.java:321)
	at com.kms.katalon.core.main.TestCaseExecutor.doExecute(TestCaseExecutor.java:312)
	at com.kms.katalon.core.main.TestCaseExecutor.processExecutionPhase(TestCaseExecutor.java:291)
	at com.kms.katalon.core.main.TestCaseExecutor.accessMainPhase(TestCaseExecutor.java:283)
	at com.kms.katalon.core.main.TestCaseExecutor.execute(TestCaseExecutor.java:222)
	at com.kms.katalon.core.main.TestSuiteExecutor.accessTestCaseMainPhase(TestSuiteExecutor.java:129)
	at com.kms.katalon.core.main.TestSuiteExecutor.accessTestSuiteMainPhase(TestSuiteExecutor.java:112)
	at com.kms.katalon.core.main.TestSuiteExecutor.execute(TestSuiteExecutor.java:81)
	at com.kms.katalon.core.main.TestCaseMain.startTestSuite(TestCaseMain.java:149)
	at com.kms.katalon.core.main.TestCaseMain$startTestSuite$0.call(Unknown Source)
	at TempTestSuite1544184778386.run(TempTestSuite1544184778386.groovy:36)]]></system-out>
      <system-err><![CDATA[2018-12-07 17:43:01 - [TEST_SUITE][FAILED] - Admin_Tools: Test Cases/AdminTools/NewInternalUser FAILED.
Reason:
com.kms.katalon.core.exception.StepFailedException: Unable to click on object 'Object Repository/New_User_Latest/NewUserCreation_div_Users' (Root cause: org.openqa.selenium.WebDriverException: chrome not reachable
  (Session info: chrome=70.0.3538.110)
  (Driver info: chromedriver=2.43.600210 (68dcf5eebde37173d4027fa8635e332711d2874a),platform=Windows NT 6.1.7601 SP1 x86_64) (WARNING: The server did not provide any stacktrace information)
Command duration or timeout: 0 milliseconds
Build info: version: '3.7.1', revision: '8a0099a', time: '2017-11-06T21:07:36.161Z'
System info: host: 'ABHISHEK-PASHIN', ip: '10.21.7.147', os.name: 'Windows 7', os.arch: 'amd64', os.version: '6.1', java.version: '1.8.0_181'
Driver info: com.kms.katalon.selenium.driver.CChromeDriver
Capabilities {acceptInsecureCerts: false, acceptSslCerts: false, applicationCacheEnabled: false, browserConnectionEnabled: false, browserName: chrome, chrome: {chromedriverVersion: 2.43.600210 (68dcf5eebde371..., userDataDir: C:\Users\PASHIN~1\AppData\L...}, cssSelectorsEnabled: true, databaseEnabled: false, goog:chromeOptions: {debuggerAddress: localhost:63970}, handlesAlerts: true, hasTouchScreen: false, javascriptEnabled: true, locationContextEnabled: true, mobileEmulationEnabled: false, nativeEvents: true, networkConnectionEnabled: false, pageLoadStrategy: normal, platform: XP, platformName: XP, rotatable: false, setWindowRect: true, takesHeapSnapshot: true, takesScreenshot: true, unexpectedAlertBehaviour: , unhandledPromptBehavior: , version: 70.0.3538.110, webStorageEnabled: true}
Session ID: d98650f76f15ea6a9bb8ae50058d8e56
*** Element info: {Using=xpath, value=//div[@id='scs-main-navigation']/div[9]/div[4]/div/div[2]/div})
	at com.kms.katalon.core.keyword.internal.KeywordMain.stepFailed(KeywordMain.groovy:36)
	at com.kms.katalon.core.webui.keyword.internal.WebUIKeywordMain.stepFailed(WebUIKeywordMain.groovy:65)
	at com.kms.katalon.core.webui.keyword.internal.WebUIKeywordMain.runKeyword(WebUIKeywordMain.groovy:27)
	at com.kms.katalon.core.webui.keyword.builtin.ClickKeyword.click(ClickKeyword.groovy:86)
	at com.kms.katalon.core.webui.keyword.builtin.ClickKeyword.execute(ClickKeyword.groovy:67)
	at com.kms.katalon.core.keyword.internal.KeywordExecutor.executeKeywordForPlatform(KeywordExecutor.groovy:53)
	at com.kms.katalon.core.webui.keyword.WebUiBuiltInKeywords.click(WebUiBuiltInKeywords.groovy:616)
	at com.kms.katalon.core.webui.keyword.WebUiBuiltInKeywords$click$3.call(Unknown Source)
	at NewInternalUser.run(NewInternalUser:32)
	at com.kms.katalon.core.main.ScriptEngine.run(ScriptEngine.java:194)
	at com.kms.katalon.core.main.ScriptEngine.runScriptAsRawText(ScriptEngine.java:119)
	at com.kms.katalon.core.main.TestCaseExecutor.runScript(TestCaseExecutor.java:321)
	at com.kms.katalon.core.main.TestCaseExecutor.doExecute(TestCaseExecutor.java:312)
	at com.kms.katalon.core.main.TestCaseExecutor.processExecutionPhase(TestCaseExecutor.java:291)
	at com.kms.katalon.core.main.TestCaseExecutor.accessMainPhase(TestCaseExecutor.java:283)
	at com.kms.katalon.core.main.TestCaseExecutor.execute(TestCaseExecutor.java:222)
	at com.kms.katalon.core.main.TestSuiteExecutor.accessTestCaseMainPhase(TestSuiteExecutor.java:129)
	at com.kms.katalon.core.main.TestSuiteExecutor.accessTestSuiteMainPhase(TestSuiteExecutor.java:112)
	at com.kms.katalon.core.main.TestSuiteExecutor.execute(TestSuiteExecutor.java:81)
	at com.kms.katalon.core.main.TestCaseMain.startTestSuite(TestCaseMain.java:149)
	at com.kms.katalon.core.main.TestCaseMain$startTestSuite$0.call(Unknown Source)
	at TempTestSuite1544184778386.run(TempTestSuite1544184778386.groovy:36)]]></system-err>
   </testsuite>
</testsuites>
