<?xml version="1.0" encoding="UTF-8"?>
<testsuites name="UserCheck" time="339" tests="6" failures="1" errors="0">
   <testsuite name="UserCheck" tests="6" failures="1" errors="0" time="339" timestamp="2019-02-20 15:00:03" hostname="pashine_a - Abhishek-Pashine.India.XoriantCorp.com" id="Test Suites/UserCheck">
      <properties>
         <property name="deviceName" value=""/>
         <property name="devicePlatform" value=""/>
         <property name="logFolder" value="D:\\Git Data\\SafetyChain-Test-Automation-Katalon\\Reports\\UserCheck\\20190220_150000"/>
         <property name="logFiles" value="D:\\Git Data\\SafetyChain-Test-Automation-Katalon\\Reports\\UserCheck\\20190220_150000\\execution0.log"/>
         <property name="attachments" value="D:\\Git Data\\SafetyChain-Test-Automation-Katalon\\Reports\\UserCheck\\20190220_150000\\1550655085476.png"/>
         <property name="hostName" value="pashine_a - Abhishek-Pashine.India.XoriantCorp.com"/>
         <property name="os" value="Windows 7 64bit"/>
         <property name="katalonVersion" value="5.10.1.1"/>
         <property name="browser" value="Chrome 72.0.3626.109"/>
         <property name="hostAddress" value="10.21.7.147"/>
         <property name="sessionId" value="abfbe0465f4d8dd8eec576d26eb18616"/>
         <property name="seleniumVersion" value="3.7.1"/>
         <property name="proxyInformation" value="ProxyInformation{proxyOption=NO_PROXY, proxyServerType=HTTP, password=, proxyServerAddress=, proxyServerPort=0}"/>
         <property name="platform" value="Windows 7"/>
      </properties>
      <testcase name="Test Cases/TestUser/1.CreateUser" classname="Test Cases/TestUser/1.CreateUser" status="FAILED">
         <failure type="FAILED" message="Test Cases/TestUser/1.CreateUser FAILED.
Reason:
com.kms.katalon.core.exception.StepFailedException: Unable to click on object 'Object Repository/TestUser/clickToCheck' (Root cause: org.openqa.selenium.WebDriverException: unknown error: Element &lt;div class=&quot;scs-user-name ng-binding&quot;>...&lt;/div> is not clickable at point (1181, 30). Other element would receive the click: &lt;div class=&quot;k-loading-image&quot;>&lt;/div>
  (Session info: chrome=72.0.3626.109)
  (Driver info: chromedriver=2.43.600210 (68dcf5eebde37173d4027fa8635e332711d2874a),platform=Windows NT 6.1.7601 SP1 x86_64) (WARNING: The server did not provide any stacktrace information)
Command duration or timeout: 0 milliseconds
Build info: version: '3.7.1', revision: '8a0099a', time: '2017-11-06T21:07:36.161Z'
System info: host: 'ABHISHEK-PASHIN', ip: '10.21.7.147', os.name: 'Windows 7', os.arch: 'amd64', os.version: '6.1', java.version: '1.8.0_181'
Driver info: com.kms.katalon.selenium.driver.CChromeDriver
Capabilities {acceptInsecureCerts: false, acceptSslCerts: false, applicationCacheEnabled: false, browserConnectionEnabled: false, browserName: chrome, chrome: {chromedriverVersion: 2.43.600210 (68dcf5eebde371..., userDataDir: C:\Users\PASHIN~1\AppData\L...}, cssSelectorsEnabled: true, databaseEnabled: false, goog:chromeOptions: {debuggerAddress: localhost:54260}, handlesAlerts: true, hasTouchScreen: false, javascriptEnabled: true, locationContextEnabled: true, mobileEmulationEnabled: false, nativeEvents: true, networkConnectionEnabled: false, pageLoadStrategy: normal, platform: XP, platformName: XP, rotatable: false, setWindowRect: true, takesHeapSnapshot: true, takesScreenshot: true, unexpectedAlertBehaviour: , unhandledPromptBehavior: , version: 72.0.3626.109, webStorageEnabled: true}
Session ID: abfbe0465f4d8dd8eec576d26eb18616)
	at com.kms.katalon.core.keyword.internal.KeywordMain.stepFailed(KeywordMain.groovy:36)
	at com.kms.katalon.core.webui.keyword.internal.WebUIKeywordMain.stepFailed(WebUIKeywordMain.groovy:65)
	at com.kms.katalon.core.webui.keyword.internal.WebUIKeywordMain.runKeyword(WebUIKeywordMain.groovy:27)
	at com.kms.katalon.core.webui.keyword.builtin.ClickKeyword.click(ClickKeyword.groovy:86)
	at com.kms.katalon.core.webui.keyword.builtin.ClickKeyword.execute(ClickKeyword.groovy:67)
	at com.kms.katalon.core.keyword.internal.KeywordExecutor.executeKeywordForPlatform(KeywordExecutor.groovy:53)
	at com.kms.katalon.core.webui.keyword.WebUiBuiltInKeywords.click(WebUiBuiltInKeywords.groovy:616)
	at com.kms.katalon.core.webui.keyword.WebUiBuiltInKeywords$click$3.call(Unknown Source)
	at 1.CreateUser.run(1.CreateUser:113)
	at com.kms.katalon.core.main.ScriptEngine.run(ScriptEngine.java:194)
	at com.kms.katalon.core.main.ScriptEngine.runScriptAsRawText(ScriptEngine.java:119)
	at com.kms.katalon.core.main.TestCaseExecutor.runScript(TestCaseExecutor.java:328)
	at com.kms.katalon.core.main.TestCaseExecutor.doExecute(TestCaseExecutor.java:319)
	at com.kms.katalon.core.main.TestCaseExecutor.processExecutionPhase(TestCaseExecutor.java:298)
	at com.kms.katalon.core.main.TestCaseExecutor.accessMainPhase(TestCaseExecutor.java:290)
	at com.kms.katalon.core.main.TestCaseExecutor.execute(TestCaseExecutor.java:224)
	at com.kms.katalon.core.main.TestSuiteExecutor.accessTestCaseMainPhase(TestSuiteExecutor.java:129)
	at com.kms.katalon.core.main.TestSuiteExecutor.accessTestSuiteMainPhase(TestSuiteExecutor.java:112)
	at com.kms.katalon.core.main.TestSuiteExecutor.execute(TestSuiteExecutor.java:81)
	at com.kms.katalon.core.main.TestCaseMain.startTestSuite(TestCaseMain.java:149)
	at com.kms.katalon.core.main.TestCaseMain$startTestSuite$0.call(Unknown Source)
	at TempTestSuite1550655000554.run(TempTestSuite1550655000554.groovy:36)
"/>
         <system-out><![CDATA[2019-02-20 15:00:03 - [TEST_CASE][FAILED] - Test Cases/TestUser/1.CreateUser: Test Cases/TestUser/1.CreateUser FAILED.
Reason:
com.kms.katalon.core.exception.StepFailedException: Unable to click on object 'Object Repository/TestUser/clickToCheck' (Root cause: org.openqa.selenium.WebDriverException: unknown error: Element <div class="scs-user-name ng-binding">...</div> is not clickable at point (1181, 30). Other element would receive the click: <div class="k-loading-image"></div>
  (Session info: chrome=72.0.3626.109)
  (Driver info: chromedriver=2.43.600210 (68dcf5eebde37173d4027fa8635e332711d2874a),platform=Windows NT 6.1.7601 SP1 x86_64) (WARNING: The server did not provide any stacktrace information)
Command duration or timeout: 0 milliseconds
Build info: version: '3.7.1', revision: '8a0099a', time: '2017-11-06T21:07:36.161Z'
System info: host: 'ABHISHEK-PASHIN', ip: '10.21.7.147', os.name: 'Windows 7', os.arch: 'amd64', os.version: '6.1', java.version: '1.8.0_181'
Driver info: com.kms.katalon.selenium.driver.CChromeDriver
Capabilities {acceptInsecureCerts: false, acceptSslCerts: false, applicationCacheEnabled: false, browserConnectionEnabled: false, browserName: chrome, chrome: {chromedriverVersion: 2.43.600210 (68dcf5eebde371..., userDataDir: C:\Users\PASHIN~1\AppData\L...}, cssSelectorsEnabled: true, databaseEnabled: false, goog:chromeOptions: {debuggerAddress: localhost:54260}, handlesAlerts: true, hasTouchScreen: false, javascriptEnabled: true, locationContextEnabled: true, mobileEmulationEnabled: false, nativeEvents: true, networkConnectionEnabled: false, pageLoadStrategy: normal, platform: XP, platformName: XP, rotatable: false, setWindowRect: true, takesHeapSnapshot: true, takesScreenshot: true, unexpectedAlertBehaviour: , unhandledPromptBehavior: , version: 72.0.3626.109, webStorageEnabled: true}
Session ID: abfbe0465f4d8dd8eec576d26eb18616)
	at com.kms.katalon.core.keyword.internal.KeywordMain.stepFailed(KeywordMain.groovy:36)
	at com.kms.katalon.core.webui.keyword.internal.WebUIKeywordMain.stepFailed(WebUIKeywordMain.groovy:65)
	at com.kms.katalon.core.webui.keyword.internal.WebUIKeywordMain.runKeyword(WebUIKeywordMain.groovy:27)
	at com.kms.katalon.core.webui.keyword.builtin.ClickKeyword.click(ClickKeyword.groovy:86)
	at com.kms.katalon.core.webui.keyword.builtin.ClickKeyword.execute(ClickKeyword.groovy:67)
	at com.kms.katalon.core.keyword.internal.KeywordExecutor.executeKeywordForPlatform(KeywordExecutor.groovy:53)
	at com.kms.katalon.core.webui.keyword.WebUiBuiltInKeywords.click(WebUiBuiltInKeywords.groovy:616)
	at com.kms.katalon.core.webui.keyword.WebUiBuiltInKeywords$click$3.call(Unknown Source)
	at 1.CreateUser.run(1.CreateUser:113)
	at com.kms.katalon.core.main.ScriptEngine.run(ScriptEngine.java:194)
	at com.kms.katalon.core.main.ScriptEngine.runScriptAsRawText(ScriptEngine.java:119)
	at com.kms.katalon.core.main.TestCaseExecutor.runScript(TestCaseExecutor.java:328)
	at com.kms.katalon.core.main.TestCaseExecutor.doExecute(TestCaseExecutor.java:319)
	at com.kms.katalon.core.main.TestCaseExecutor.processExecutionPhase(TestCaseExecutor.java:298)
	at com.kms.katalon.core.main.TestCaseExecutor.accessMainPhase(TestCaseExecutor.java:290)
	at com.kms.katalon.core.main.TestCaseExecutor.execute(TestCaseExecutor.java:224)
	at com.kms.katalon.core.main.TestSuiteExecutor.accessTestCaseMainPhase(TestSuiteExecutor.java:129)
	at com.kms.katalon.core.main.TestSuiteExecutor.accessTestSuiteMainPhase(TestSuiteExecutor.java:112)
	at com.kms.katalon.core.main.TestSuiteExecutor.execute(TestSuiteExecutor.java:81)
	at com.kms.katalon.core.main.TestCaseMain.startTestSuite(TestCaseMain.java:149)
	at com.kms.katalon.core.main.TestCaseMain$startTestSuite$0.call(Unknown Source)
	at TempTestSuite1550655000554.run(TempTestSuite1550655000554.groovy:36)


2019-02-20 15:00:04 - [TEST_STEP][PASSED] - openBrowser(URL): Browser is opened with url: 'https://test1.safetychain.com'

2019-02-20 15:00:04 - [MESSAGE][INFO] - Starting 'Chrome' driver

2019-02-20 15:00:04 - [MESSAGE][INFO] - Action delay is set to 0 seconds

2019-02-20 15:00:24 - [MESSAGE][PASSED] - Browser is opened with url: 'https://test1.safetychain.com'

2019-02-20 15:00:24 - [TEST_STEP][PASSED] - maximizeWindow(): Current window maximized

2019-02-20 15:00:26 - [MESSAGE][PASSED] - Current window maximized

2019-02-20 15:00:26 - [TEST_STEP][PASSED] - waitForElementVisible(findTestObject("TestUserLocation/login_Username"), 70): Object 'Object Repository/TestUserLocation/login_Username' is visible

2019-02-20 15:00:29 - [MESSAGE][PASSED] - Object 'Object Repository/TestUserLocation/login_Username' is visible

2019-02-20 15:00:29 - [TEST_STEP][PASSED] - setText(findTestObject("TestUserLocation/login_Username"), UserName): Text 'tester' is set on object 'Object Repository/TestUserLocation/login_Username'

2019-02-20 15:00:30 - [MESSAGE][PASSED] - Text 'tester' is set on object 'Object Repository/TestUserLocation/login_Username'

2019-02-20 15:00:30 - [TEST_STEP][PASSED] - setText(findTestObject("TestUserLocation/login_Password"), Password): Text 'TestLi^e' is set on object 'Object Repository/TestUserLocation/login_Password'

2019-02-20 15:00:30 - [MESSAGE][PASSED] - Text 'TestLi^e' is set on object 'Object Repository/TestUserLocation/login_Password'

2019-02-20 15:00:30 - [TEST_STEP][PASSED] - User.setNamePass(): User.setNamePass is PASSED

2019-02-20 15:00:31 - [MESSAGE][PASSED] - User.setNamePass is PASSED

2019-02-20 15:00:31 - [TEST_STEP][PASSED] - click(findTestObject("TestUserLocation/login_Button")): Object: 'Object Repository/TestUserLocation/login_Button' is clicked on

2019-02-20 15:00:33 - [MESSAGE][PASSED] - Object: 'Object Repository/TestUserLocation/login_Button' is clicked on

2019-02-20 15:00:33 - [TEST_STEP][PASSED] - Thread.sleep(6000): null

2019-02-20 15:00:39 - [TEST_STEP][PASSED] - waitForElementClickable(findTestObject("TestUserLocation/mainmenu_button"), 70): Object 'Object Repository/TestUserLocation/mainmenu_button' is clickable

2019-02-20 15:00:39 - [MESSAGE][PASSED] - Object 'Object Repository/TestUserLocation/mainmenu_button' is clickable

2019-02-20 15:00:39 - [TEST_STEP][PASSED] - click(findTestObject("TestUserLocation/mainmenu_button")): Object: 'Object Repository/TestUserLocation/mainmenu_button' is clicked on

2019-02-20 15:00:39 - [MESSAGE][PASSED] - Object: 'Object Repository/TestUserLocation/mainmenu_button' is clicked on

2019-02-20 15:00:39 - [TEST_STEP][PASSED] - click(findTestObject("Form_Selection_Creation/mainMenu_AdminTools")): Object: 'Object Repository/Form_Selection_Creation/mainMenu_AdminTools' is clicked on

2019-02-20 15:00:39 - [MESSAGE][PASSED] - Object: 'Object Repository/Form_Selection_Creation/mainMenu_AdminTools' is clicked on

2019-02-20 15:00:39 - [TEST_STEP][PASSED] - Thread.sleep(2000): null

2019-02-20 15:00:41 - [TEST_STEP][PASSED] - click(findTestObject("TestUser/users")): Object: 'Object Repository/TestUser/users' is clicked on

2019-02-20 15:00:41 - [MESSAGE][PASSED] - Object: 'Object Repository/TestUser/users' is clicked on

2019-02-20 15:00:41 - [TEST_STEP][PASSED] - Thread.sleep(6000): null

2019-02-20 15:00:47 - [TEST_STEP][PASSED] - click(findTestObject("TestUser/addNewUser")): Object: 'Object Repository/TestUser/addNewUser' is clicked on

2019-02-20 15:00:47 - [MESSAGE][PASSED] - Object: 'Object Repository/TestUser/addNewUser' is clicked on

2019-02-20 15:00:47 - [TEST_STEP][PASSED] - Thread.sleep(4000): null

2019-02-20 15:00:51 - [TEST_STEP][PASSED] - setText(findTestObject("TestUser/userName"), findTestData("UserData").getValue("UserName", 1)): Text 'User_On_20/02/19-15:00' is set on object 'Object Repository/TestUser/userName'

2019-02-20 15:00:56 - [MESSAGE][PASSED] - Text 'User_On_20/02/19-15:00' is set on object 'Object Repository/TestUser/userName'

2019-02-20 15:00:56 - [TEST_STEP][PASSED] - setText(findTestObject("TestUser/password"), findTestData("UserData").getValue("Password", 1)): Text 'password' is set on object 'Object Repository/TestUser/password'

2019-02-20 15:00:56 - [MESSAGE][PASSED] - Text 'password' is set on object 'Object Repository/TestUser/password'

2019-02-20 15:00:56 - [TEST_STEP][PASSED] - setText(findTestObject("TestUser/firstName"), "Test"): Text 'Test' is set on object 'Object Repository/TestUser/firstName'

2019-02-20 15:00:56 - [MESSAGE][PASSED] - Text 'Test' is set on object 'Object Repository/TestUser/firstName'

2019-02-20 15:00:56 - [TEST_STEP][PASSED] - setText(findTestObject("TestUser/lastName"), "Auto"): Text 'Auto' is set on object 'Object Repository/TestUser/lastName'

2019-02-20 15:00:56 - [MESSAGE][PASSED] - Text 'Auto' is set on object 'Object Repository/TestUser/lastName'

2019-02-20 15:00:56 - [TEST_STEP][PASSED] - setText(findTestObject("TestUser/email"), "test123@auto.com"): Text 'test123@auto.com' is set on object 'Object Repository/TestUser/email'

2019-02-20 15:00:57 - [MESSAGE][PASSED] - Text 'test123@auto.com' is set on object 'Object Repository/TestUser/email'

2019-02-20 15:00:57 - [TEST_STEP][PASSED] - click(findTestObject("TestUser/timeZoneOpen")): Object: 'Object Repository/TestUser/timeZoneOpen' is clicked on

2019-02-20 15:00:57 - [MESSAGE][PASSED] - Object: 'Object Repository/TestUser/timeZoneOpen' is clicked on

2019-02-20 15:00:57 - [TEST_STEP][PASSED] - Thread.sleep(2000): null

2019-02-20 15:00:59 - [TEST_STEP][PASSED] - click(findTestObject("TestUser/selectTimeZone")): Object: 'Object Repository/TestUser/selectTimeZone' is clicked on

2019-02-20 15:00:59 - [MESSAGE][PASSED] - Object: 'Object Repository/TestUser/selectTimeZone' is clicked on

2019-02-20 15:00:59 - [TEST_STEP][PASSED] - Thread.sleep(2000): null

2019-02-20 15:01:01 - [TEST_STEP][PASSED] - click(findTestObject("TestUser/clickOutside")): Object: 'Object Repository/TestUser/clickOutside' is clicked on

2019-02-20 15:01:01 - [MESSAGE][PASSED] - Object: 'Object Repository/TestUser/clickOutside' is clicked on

2019-02-20 15:01:01 - [TEST_STEP][PASSED] - click(findTestObject("TestUser/locationOpen")): Object: 'Object Repository/TestUser/locationOpen' is clicked on

2019-02-20 15:01:02 - [MESSAGE][PASSED] - Object: 'Object Repository/TestUser/locationOpen' is clicked on

2019-02-20 15:01:02 - [TEST_STEP][PASSED] - Thread.sleep(2000): null

2019-02-20 15:01:04 - [TEST_STEP][PASSED] - click(findTestObject("TestUser/selectLocation")): Object: 'Object Repository/TestUser/selectLocation' is clicked on

2019-02-20 15:01:04 - [MESSAGE][PASSED] - Object: 'Object Repository/TestUser/selectLocation' is clicked on

2019-02-20 15:01:04 - [TEST_STEP][PASSED] - Thread.sleep(2000): null

2019-02-20 15:01:06 - [TEST_STEP][PASSED] - click(findTestObject("TestUser/clickOutside")): Object: 'Object Repository/TestUser/clickOutside' is clicked on

2019-02-20 15:01:06 - [MESSAGE][PASSED] - Object: 'Object Repository/TestUser/clickOutside' is clicked on

2019-02-20 15:01:06 - [TEST_STEP][PASSED] - click(findTestObject("TestUser/roleOpen")): Object: 'Object Repository/TestUser/roleOpen' is clicked on

2019-02-20 15:01:06 - [MESSAGE][PASSED] - Object: 'Object Repository/TestUser/roleOpen' is clicked on

2019-02-20 15:01:06 - [TEST_STEP][PASSED] - Thread.sleep(2000): null

2019-02-20 15:01:08 - [TEST_STEP][PASSED] - setText(findTestObject("TestUser/selectRole"), "Superadmin"): Text 'Superadmin' is set on object 'Object Repository/TestUser/selectRole'

2019-02-20 15:01:08 - [MESSAGE][PASSED] - Text 'Superadmin' is set on object 'Object Repository/TestUser/selectRole'

2019-02-20 15:01:08 - [TEST_STEP][PASSED] - Thread.sleep(2000): null

2019-02-20 15:01:10 - [TEST_STEP][PASSED] - sendKeys(findTestObject("TestUser/selectRole"), Keys.chord(ENTER)): Keys 'ENTER + ' sent to object: 'Object Repository/TestUser/selectRole'

2019-02-20 15:01:10 - [MESSAGE][PASSED] - Keys 'ENTER + ' sent to object: 'Object Repository/TestUser/selectRole'

2019-02-20 15:01:10 - [TEST_STEP][PASSED] - Thread.sleep(2000): null

2019-02-20 15:01:12 - [TEST_STEP][PASSED] - AdminTool_Location.moveCursor(): AdminTool_Location.moveCursor is PASSED

2019-02-20 15:01:12 - [MESSAGE][PASSED] - AdminTool_Location.moveCursor is PASSED

2019-02-20 15:01:12 - [TEST_STEP][PASSED] - Thread.sleep(2000): null

2019-02-20 15:01:14 - [TEST_STEP][PASSED] - click(findTestObject("TestUser/clickOutside")): Object: 'Object Repository/TestUser/clickOutside' is clicked on

2019-02-20 15:01:15 - [MESSAGE][PASSED] - Object: 'Object Repository/TestUser/clickOutside' is clicked on

2019-02-20 15:01:15 - [TEST_STEP][PASSED] - Thread.sleep(2000): null

2019-02-20 15:01:17 - [TEST_STEP][PASSED] - click(findTestObject("TestUser/saveUser")): Object: 'Object Repository/TestUser/saveUser' is clicked on

2019-02-20 15:01:17 - [MESSAGE][PASSED] - Object: 'Object Repository/TestUser/saveUser' is clicked on

2019-02-20 15:01:17 - [TEST_STEP][PASSED] - Thread.sleep(2000): null

2019-02-20 15:01:19 - [TEST_STEP][PASSED] - waitForElementClickable(findTestObject("TestUser/clickToCheck"), 30): Object 'Object Repository/TestUser/clickToCheck' is clickable

2019-02-20 15:01:19 - [MESSAGE][PASSED] - Object 'Object Repository/TestUser/clickToCheck' is clickable

2019-02-20 15:01:19 - [TEST_STEP][PASSED] - Thread.sleep(6000): null

2019-02-20 15:01:25 - [TEST_STEP][FAILED] - click(findTestObject("TestUser/clickToCheck")): click(findTestObject("TestUser/clickToCheck")) FAILED.
Reason:
com.kms.katalon.core.exception.StepFailedException: Unable to click on object 'Object Repository/TestUser/clickToCheck' (Root cause: org.openqa.selenium.WebDriverException: unknown error: Element <div class="scs-user-name ng-binding">...</div> is not clickable at point (1181, 30). Other element would receive the click: <div class="k-loading-image"></div>
  (Session info: chrome=72.0.3626.109)
  (Driver info: chromedriver=2.43.600210 (68dcf5eebde37173d4027fa8635e332711d2874a),platform=Windows NT 6.1.7601 SP1 x86_64) (WARNING: The server did not provide any stacktrace information)
Command duration or timeout: 0 milliseconds
Build info: version: '3.7.1', revision: '8a0099a', time: '2017-11-06T21:07:36.161Z'
System info: host: 'ABHISHEK-PASHIN', ip: '10.21.7.147', os.name: 'Windows 7', os.arch: 'amd64', os.version: '6.1', java.version: '1.8.0_181'
Driver info: com.kms.katalon.selenium.driver.CChromeDriver
Capabilities {acceptInsecureCerts: false, acceptSslCerts: false, applicationCacheEnabled: false, browserConnectionEnabled: false, browserName: chrome, chrome: {chromedriverVersion: 2.43.600210 (68dcf5eebde371..., userDataDir: C:\Users\PASHIN~1\AppData\L...}, cssSelectorsEnabled: true, databaseEnabled: false, goog:chromeOptions: {debuggerAddress: localhost:54260}, handlesAlerts: true, hasTouchScreen: false, javascriptEnabled: true, locationContextEnabled: true, mobileEmulationEnabled: false, nativeEvents: true, networkConnectionEnabled: false, pageLoadStrategy: normal, platform: XP, platformName: XP, rotatable: false, setWindowRect: true, takesHeapSnapshot: true, takesScreenshot: true, unexpectedAlertBehaviour: , unhandledPromptBehavior: , version: 72.0.3626.109, webStorageEnabled: true}
Session ID: abfbe0465f4d8dd8eec576d26eb18616)
	at com.kms.katalon.core.keyword.internal.KeywordMain.stepFailed(KeywordMain.groovy:36)
	at com.kms.katalon.core.webui.keyword.internal.WebUIKeywordMain.stepFailed(WebUIKeywordMain.groovy:65)
	at com.kms.katalon.core.webui.keyword.internal.WebUIKeywordMain.runKeyword(WebUIKeywordMain.groovy:27)
	at com.kms.katalon.core.webui.keyword.builtin.ClickKeyword.click(ClickKeyword.groovy:86)
	at com.kms.katalon.core.webui.keyword.builtin.ClickKeyword.execute(ClickKeyword.groovy:67)
	at com.kms.katalon.core.keyword.internal.KeywordExecutor.executeKeywordForPlatform(KeywordExecutor.groovy:53)
	at com.kms.katalon.core.webui.keyword.WebUiBuiltInKeywords.click(WebUiBuiltInKeywords.groovy:616)
	at com.kms.katalon.core.webui.keyword.WebUiBuiltInKeywords$click$3.call(Unknown Source)
	at 1.CreateUser.run(1.CreateUser:113)
	at com.kms.katalon.core.main.ScriptEngine.run(ScriptEngine.java:194)
	at com.kms.katalon.core.main.ScriptEngine.runScriptAsRawText(ScriptEngine.java:119)
	at com.kms.katalon.core.main.TestCaseExecutor.runScript(TestCaseExecutor.java:328)
	at com.kms.katalon.core.main.TestCaseExecutor.doExecute(TestCaseExecutor.java:319)
	at com.kms.katalon.core.main.TestCaseExecutor.processExecutionPhase(TestCaseExecutor.java:298)
	at com.kms.katalon.core.main.TestCaseExecutor.accessMainPhase(TestCaseExecutor.java:290)
	at com.kms.katalon.core.main.TestCaseExecutor.execute(TestCaseExecutor.java:224)
	at com.kms.katalon.core.main.TestSuiteExecutor.accessTestCaseMainPhase(TestSuiteExecutor.java:129)
	at com.kms.katalon.core.main.TestSuiteExecutor.accessTestSuiteMainPhase(TestSuiteExecutor.java:112)
	at com.kms.katalon.core.main.TestSuiteExecutor.execute(TestSuiteExecutor.java:81)
	at com.kms.katalon.core.main.TestCaseMain.startTestSuite(TestCaseMain.java:149)
	at com.kms.katalon.core.main.TestCaseMain$startTestSuite$0.call(Unknown Source)
	at TempTestSuite1550655000554.run(TempTestSuite1550655000554.groovy:36)


2019-02-20 15:01:25 - [MESSAGE][FAILED] - Unable to click on object 'Object Repository/TestUser/clickToCheck' (Root cause: org.openqa.selenium.WebDriverException: unknown error: Element <div class="scs-user-name ng-binding">...</div> is not clickable at point (1181, 30). Other element would receive the click: <div class="k-loading-image"></div>
  (Session info: chrome=72.0.3626.109)
  (Driver info: chromedriver=2.43.600210 (68dcf5eebde37173d4027fa8635e332711d2874a),platform=Windows NT 6.1.7601 SP1 x86_64) (WARNING: The server did not provide any stacktrace information)
Command duration or timeout: 0 milliseconds
Build info: version: '3.7.1', revision: '8a0099a', time: '2017-11-06T21:07:36.161Z'
System info: host: 'ABHISHEK-PASHIN', ip: '10.21.7.147', os.name: 'Windows 7', os.arch: 'amd64', os.version: '6.1', java.version: '1.8.0_181'
Driver info: com.kms.katalon.selenium.driver.CChromeDriver
Capabilities {acceptInsecureCerts: false, acceptSslCerts: false, applicationCacheEnabled: false, browserConnectionEnabled: false, browserName: chrome, chrome: {chromedriverVersion: 2.43.600210 (68dcf5eebde371..., userDataDir: C:\Users\PASHIN~1\AppData\L...}, cssSelectorsEnabled: true, databaseEnabled: false, goog:chromeOptions: {debuggerAddress: localhost:54260}, handlesAlerts: true, hasTouchScreen: false, javascriptEnabled: true, locationContextEnabled: true, mobileEmulationEnabled: false, nativeEvents: true, networkConnectionEnabled: false, pageLoadStrategy: normal, platform: XP, platformName: XP, rotatable: false, setWindowRect: true, takesHeapSnapshot: true, takesScreenshot: true, unexpectedAlertBehaviour: , unhandledPromptBehavior: , version: 72.0.3626.109, webStorageEnabled: true}
Session ID: abfbe0465f4d8dd8eec576d26eb18616)
[[ATTACHMENT|D:\\Git Data\\SafetyChain-Test-Automation-Katalon\\Reports\\UserCheck\\20190220_150000\\1550655085476.png]]

2019-02-20 15:01:25 - [MESSAGE][FAILED] - click(findTestObject("TestUser/clickToCheck")) FAILED.
Reason:
com.kms.katalon.core.exception.StepFailedException: Unable to click on object 'Object Repository/TestUser/clickToCheck' (Root cause: org.openqa.selenium.WebDriverException: unknown error: Element <div class="scs-user-name ng-binding">...</div> is not clickable at point (1181, 30). Other element would receive the click: <div class="k-loading-image"></div>
  (Session info: chrome=72.0.3626.109)
  (Driver info: chromedriver=2.43.600210 (68dcf5eebde37173d4027fa8635e332711d2874a),platform=Windows NT 6.1.7601 SP1 x86_64) (WARNING: The server did not provide any stacktrace information)
Command duration or timeout: 0 milliseconds
Build info: version: '3.7.1', revision: '8a0099a', time: '2017-11-06T21:07:36.161Z'
System info: host: 'ABHISHEK-PASHIN', ip: '10.21.7.147', os.name: 'Windows 7', os.arch: 'amd64', os.version: '6.1', java.version: '1.8.0_181'
Driver info: com.kms.katalon.selenium.driver.CChromeDriver
Capabilities {acceptInsecureCerts: false, acceptSslCerts: false, applicationCacheEnabled: false, browserConnectionEnabled: false, browserName: chrome, chrome: {chromedriverVersion: 2.43.600210 (68dcf5eebde371..., userDataDir: C:\Users\PASHIN~1\AppData\L...}, cssSelectorsEnabled: true, databaseEnabled: false, goog:chromeOptions: {debuggerAddress: localhost:54260}, handlesAlerts: true, hasTouchScreen: false, javascriptEnabled: true, locationContextEnabled: true, mobileEmulationEnabled: false, nativeEvents: true, networkConnectionEnabled: false, pageLoadStrategy: normal, platform: XP, platformName: XP, rotatable: false, setWindowRect: true, takesHeapSnapshot: true, takesScreenshot: true, unexpectedAlertBehaviour: , unhandledPromptBehavior: , version: 72.0.3626.109, webStorageEnabled: true}
Session ID: abfbe0465f4d8dd8eec576d26eb18616)
	at com.kms.katalon.core.keyword.internal.KeywordMain.stepFailed(KeywordMain.groovy:36)
	at com.kms.katalon.core.webui.keyword.internal.WebUIKeywordMain.stepFailed(WebUIKeywordMain.groovy:65)
	at com.kms.katalon.core.webui.keyword.internal.WebUIKeywordMain.runKeyword(WebUIKeywordMain.groovy:27)
	at com.kms.katalon.core.webui.keyword.builtin.ClickKeyword.click(ClickKeyword.groovy:86)
	at com.kms.katalon.core.webui.keyword.builtin.ClickKeyword.execute(ClickKeyword.groovy:67)
	at com.kms.katalon.core.keyword.internal.KeywordExecutor.executeKeywordForPlatform(KeywordExecutor.groovy:53)
	at com.kms.katalon.core.webui.keyword.WebUiBuiltInKeywords.click(WebUiBuiltInKeywords.groovy:616)
	at com.kms.katalon.core.webui.keyword.WebUiBuiltInKeywords$click$3.call(Unknown Source)
	at 1.CreateUser.run(1.CreateUser:113)
	at com.kms.katalon.core.main.ScriptEngine.run(ScriptEngine.java:194)
	at com.kms.katalon.core.main.ScriptEngine.runScriptAsRawText(ScriptEngine.java:119)
	at com.kms.katalon.core.main.TestCaseExecutor.runScript(TestCaseExecutor.java:328)
	at com.kms.katalon.core.main.TestCaseExecutor.doExecute(TestCaseExecutor.java:319)
	at com.kms.katalon.core.main.TestCaseExecutor.processExecutionPhase(TestCaseExecutor.java:298)
	at com.kms.katalon.core.main.TestCaseExecutor.accessMainPhase(TestCaseExecutor.java:290)
	at com.kms.katalon.core.main.TestCaseExecutor.execute(TestCaseExecutor.java:224)
	at com.kms.katalon.core.main.TestSuiteExecutor.accessTestCaseMainPhase(TestSuiteExecutor.java:129)
	at com.kms.katalon.core.main.TestSuiteExecutor.accessTestSuiteMainPhase(TestSuiteExecutor.java:112)
	at com.kms.katalon.core.main.TestSuiteExecutor.execute(TestSuiteExecutor.java:81)
	at com.kms.katalon.core.main.TestCaseMain.startTestSuite(TestCaseMain.java:149)
	at com.kms.katalon.core.main.TestCaseMain$startTestSuite$0.call(Unknown Source)
	at TempTestSuite1550655000554.run(TempTestSuite1550655000554.groovy:36)]]></system-out>
         <system-err><![CDATA[2019-02-20 15:00:03 - [TEST_CASE][FAILED] - Test Cases/TestUser/1.CreateUser: Test Cases/TestUser/1.CreateUser FAILED.
Reason:
com.kms.katalon.core.exception.StepFailedException: Unable to click on object 'Object Repository/TestUser/clickToCheck' (Root cause: org.openqa.selenium.WebDriverException: unknown error: Element <div class="scs-user-name ng-binding">...</div> is not clickable at point (1181, 30). Other element would receive the click: <div class="k-loading-image"></div>
  (Session info: chrome=72.0.3626.109)
  (Driver info: chromedriver=2.43.600210 (68dcf5eebde37173d4027fa8635e332711d2874a),platform=Windows NT 6.1.7601 SP1 x86_64) (WARNING: The server did not provide any stacktrace information)
Command duration or timeout: 0 milliseconds
Build info: version: '3.7.1', revision: '8a0099a', time: '2017-11-06T21:07:36.161Z'
System info: host: 'ABHISHEK-PASHIN', ip: '10.21.7.147', os.name: 'Windows 7', os.arch: 'amd64', os.version: '6.1', java.version: '1.8.0_181'
Driver info: com.kms.katalon.selenium.driver.CChromeDriver
Capabilities {acceptInsecureCerts: false, acceptSslCerts: false, applicationCacheEnabled: false, browserConnectionEnabled: false, browserName: chrome, chrome: {chromedriverVersion: 2.43.600210 (68dcf5eebde371..., userDataDir: C:\Users\PASHIN~1\AppData\L...}, cssSelectorsEnabled: true, databaseEnabled: false, goog:chromeOptions: {debuggerAddress: localhost:54260}, handlesAlerts: true, hasTouchScreen: false, javascriptEnabled: true, locationContextEnabled: true, mobileEmulationEnabled: false, nativeEvents: true, networkConnectionEnabled: false, pageLoadStrategy: normal, platform: XP, platformName: XP, rotatable: false, setWindowRect: true, takesHeapSnapshot: true, takesScreenshot: true, unexpectedAlertBehaviour: , unhandledPromptBehavior: , version: 72.0.3626.109, webStorageEnabled: true}
Session ID: abfbe0465f4d8dd8eec576d26eb18616)
	at com.kms.katalon.core.keyword.internal.KeywordMain.stepFailed(KeywordMain.groovy:36)
	at com.kms.katalon.core.webui.keyword.internal.WebUIKeywordMain.stepFailed(WebUIKeywordMain.groovy:65)
	at com.kms.katalon.core.webui.keyword.internal.WebUIKeywordMain.runKeyword(WebUIKeywordMain.groovy:27)
	at com.kms.katalon.core.webui.keyword.builtin.ClickKeyword.click(ClickKeyword.groovy:86)
	at com.kms.katalon.core.webui.keyword.builtin.ClickKeyword.execute(ClickKeyword.groovy:67)
	at com.kms.katalon.core.keyword.internal.KeywordExecutor.executeKeywordForPlatform(KeywordExecutor.groovy:53)
	at com.kms.katalon.core.webui.keyword.WebUiBuiltInKeywords.click(WebUiBuiltInKeywords.groovy:616)
	at com.kms.katalon.core.webui.keyword.WebUiBuiltInKeywords$click$3.call(Unknown Source)
	at 1.CreateUser.run(1.CreateUser:113)
	at com.kms.katalon.core.main.ScriptEngine.run(ScriptEngine.java:194)
	at com.kms.katalon.core.main.ScriptEngine.runScriptAsRawText(ScriptEngine.java:119)
	at com.kms.katalon.core.main.TestCaseExecutor.runScript(TestCaseExecutor.java:328)
	at com.kms.katalon.core.main.TestCaseExecutor.doExecute(TestCaseExecutor.java:319)
	at com.kms.katalon.core.main.TestCaseExecutor.processExecutionPhase(TestCaseExecutor.java:298)
	at com.kms.katalon.core.main.TestCaseExecutor.accessMainPhase(TestCaseExecutor.java:290)
	at com.kms.katalon.core.main.TestCaseExecutor.execute(TestCaseExecutor.java:224)
	at com.kms.katalon.core.main.TestSuiteExecutor.accessTestCaseMainPhase(TestSuiteExecutor.java:129)
	at com.kms.katalon.core.main.TestSuiteExecutor.accessTestSuiteMainPhase(TestSuiteExecutor.java:112)
	at com.kms.katalon.core.main.TestSuiteExecutor.execute(TestSuiteExecutor.java:81)
	at com.kms.katalon.core.main.TestCaseMain.startTestSuite(TestCaseMain.java:149)
	at com.kms.katalon.core.main.TestCaseMain$startTestSuite$0.call(Unknown Source)
	at TempTestSuite1550655000554.run(TempTestSuite1550655000554.groovy:36)]]></system-err>
      </testcase>
      <testcase name="Test Cases/TestUser/userFirstLogin" classname="Test Cases/TestUser/userFirstLogin" status="PASSED">
         <system-out><![CDATA[2019-02-20 15:01:25 - [TEST_CASE][PASSED] - Test Cases/TestUser/userFirstLogin: Test Cases/TestUser/userFirstLogin

2019-02-20 15:01:26 - [TEST_STEP][NOT_RUN] - openBrowser(URL): NOT_RUN: openBrowser(URL)

2019-02-20 15:01:26 - [MESSAGE][NOT_RUN] - NOT_RUN: openBrowser(URL)

2019-02-20 15:01:26 - [TEST_STEP][NOT_RUN] - maximizeWindow(): NOT_RUN: maximizeWindow()

2019-02-20 15:01:26 - [MESSAGE][NOT_RUN] - NOT_RUN: maximizeWindow()

2019-02-20 15:01:26 - [TEST_STEP][PASSED] - Thread.sleep(4000): null

2019-02-20 15:01:30 - [TEST_STEP][PASSED] - setText(findTestObject("TestUserLocation/login_Username"), findTestData("UserData").getValue("UserName", 1)): Text 'User_On_20/02/19-15:00' is set on object 'Object Repository/TestUserLocation/login_Username'

2019-02-20 15:01:44 - [MESSAGE][PASSED] - Text 'User_On_20/02/19-15:00' is set on object 'Object Repository/TestUserLocation/login_Username'

2019-02-20 15:01:44 - [TEST_STEP][PASSED] - User.setNewPass(): User.setNewPass is PASSED

2019-02-20 15:01:44 - [MESSAGE][PASSED] - User.setNewPass is PASSED

2019-02-20 15:01:44 - [TEST_STEP][PASSED] - setText(findTestObject("TestUserLocation/login_Password"), findTestData("UserData").getValue("Password", 1)): Text 'password' is set on object 'Object Repository/TestUserLocation/login_Password'

2019-02-20 15:01:44 - [MESSAGE][PASSED] - Text 'password' is set on object 'Object Repository/TestUserLocation/login_Password'

2019-02-20 15:01:44 - [TEST_STEP][PASSED] - Thread.sleep(2000): null

2019-02-20 15:01:46 - [TEST_STEP][PASSED] - click(findTestObject("TestUserLocation/login_Button")): Object: 'Object Repository/TestUserLocation/login_Button' is clicked on

2019-02-20 15:01:47 - [MESSAGE][PASSED] - Object: 'Object Repository/TestUserLocation/login_Button' is clicked on

2019-02-20 15:01:47 - [TEST_STEP][PASSED] - Thread.sleep(6000): null

2019-02-20 15:01:53 - [TEST_STEP][PASSED] - setText(findTestObject("TestUser/newPassword"), "a"): Text 'a' is set on object 'Object Repository/TestUser/newPassword'

2019-02-20 15:01:53 - [MESSAGE][PASSED] - Text 'a' is set on object 'Object Repository/TestUser/newPassword'

2019-02-20 15:01:53 - [TEST_STEP][PASSED] - setText(findTestObject("TestUser/confirmPassword"), "b"): Text 'b' is set on object 'Object Repository/TestUser/confirmPassword'

2019-02-20 15:01:53 - [MESSAGE][PASSED] - Text 'b' is set on object 'Object Repository/TestUser/confirmPassword'

2019-02-20 15:01:53 - [TEST_STEP][PASSED] - Thread.sleep(2000): null

2019-02-20 15:01:55 - [TEST_STEP][PASSED] - click(findTestObject("TestUser/createPasswordButton")): Object: 'Object Repository/TestUser/createPasswordButton' is clicked on

2019-02-20 15:01:55 - [MESSAGE][PASSED] - Object: 'Object Repository/TestUser/createPasswordButton' is clicked on

2019-02-20 15:01:55 - [TEST_STEP][PASSED] - Thread.sleep(4000): null

2019-02-20 15:01:59 - [TEST_STEP][PASSED] - click(findTestObject("TestUser/passwordMatch")): Object: 'Object Repository/TestUser/passwordMatch' is clicked on

2019-02-20 15:01:59 - [MESSAGE][PASSED] - Object: 'Object Repository/TestUser/passwordMatch' is clicked on

2019-02-20 15:01:59 - [TEST_STEP][PASSED] - setText(findTestObject("TestUser/newPassword"), "a"): Text 'a' is set on object 'Object Repository/TestUser/newPassword'

2019-02-20 15:02:00 - [MESSAGE][PASSED] - Text 'a' is set on object 'Object Repository/TestUser/newPassword'

2019-02-20 15:02:00 - [TEST_STEP][PASSED] - setText(findTestObject("TestUser/confirmPassword"), "a"): Text 'a' is set on object 'Object Repository/TestUser/confirmPassword'

2019-02-20 15:02:00 - [MESSAGE][PASSED] - Text 'a' is set on object 'Object Repository/TestUser/confirmPassword'

2019-02-20 15:02:00 - [TEST_STEP][PASSED] - Thread.sleep(2000): null

2019-02-20 15:02:02 - [TEST_STEP][PASSED] - AdminTool_Location.moveCursor(): AdminTool_Location.moveCursor is PASSED

2019-02-20 15:02:02 - [MESSAGE][PASSED] - AdminTool_Location.moveCursor is PASSED

2019-02-20 15:02:02 - [TEST_STEP][PASSED] - Thread.sleep(2000): null

2019-02-20 15:02:04 - [TEST_STEP][PASSED] - click(findTestObject("TestUser/createPasswordButton")): Object: 'Object Repository/TestUser/createPasswordButton' is clicked on

2019-02-20 15:02:04 - [MESSAGE][PASSED] - Object: 'Object Repository/TestUser/createPasswordButton' is clicked on

2019-02-20 15:02:04 - [TEST_STEP][PASSED] - Thread.sleep(4000): null

2019-02-20 15:02:08 - [TEST_STEP][PASSED] - click(findTestObject("TestUser/characterLength")): Object: 'Object Repository/TestUser/characterLength' is clicked on

2019-02-20 15:02:08 - [MESSAGE][PASSED] - Object: 'Object Repository/TestUser/characterLength' is clicked on

2019-02-20 15:02:08 - [TEST_STEP][PASSED] - setText(findTestObject("TestUser/newPassword"), findTestData("UserData").getValue("Password", 1)): Text 'password' is set on object 'Object Repository/TestUser/newPassword'

2019-02-20 15:02:08 - [MESSAGE][PASSED] - Text 'password' is set on object 'Object Repository/TestUser/newPassword'

2019-02-20 15:02:08 - [TEST_STEP][PASSED] - setText(findTestObject("TestUser/confirmPassword"), findTestData("UserData").getValue("Password", 1)): Text 'password' is set on object 'Object Repository/TestUser/confirmPassword'

2019-02-20 15:02:08 - [MESSAGE][PASSED] - Text 'password' is set on object 'Object Repository/TestUser/confirmPassword'

2019-02-20 15:02:08 - [TEST_STEP][PASSED] - Thread.sleep(2000): null

2019-02-20 15:02:10 - [TEST_STEP][PASSED] - click(findTestObject("TestUser/createPasswordButton")): Object: 'Object Repository/TestUser/createPasswordButton' is clicked on

2019-02-20 15:02:11 - [MESSAGE][PASSED] - Object: 'Object Repository/TestUser/createPasswordButton' is clicked on

2019-02-20 15:02:11 - [TEST_STEP][PASSED] - Thread.sleep(4000): null

2019-02-20 15:02:15 - [TEST_STEP][PASSED] - click(findTestObject("TestUser/specialCharacater")): Object: 'Object Repository/TestUser/specialCharacater' is clicked on

2019-02-20 15:02:15 - [MESSAGE][PASSED] - Object: 'Object Repository/TestUser/specialCharacater' is clicked on

2019-02-20 15:02:15 - [TEST_STEP][PASSED] - setText(findTestObject("TestUser/newPassword"), findTestData("UserData").getValue("NewPassword", 1)): Text 'password@123#' is set on object 'Object Repository/TestUser/newPassword'

2019-02-20 15:02:15 - [MESSAGE][PASSED] - Text 'password@123#' is set on object 'Object Repository/TestUser/newPassword'

2019-02-20 15:02:15 - [TEST_STEP][PASSED] - setText(findTestObject("TestUser/confirmPassword"), findTestData("UserData").getValue("NewPassword", 1)): Text 'password@123#' is set on object 'Object Repository/TestUser/confirmPassword'

2019-02-20 15:02:15 - [MESSAGE][PASSED] - Text 'password@123#' is set on object 'Object Repository/TestUser/confirmPassword'

2019-02-20 15:02:15 - [TEST_STEP][PASSED] - Thread.sleep(2000): null

2019-02-20 15:02:17 - [TEST_STEP][PASSED] - click(findTestObject("TestUser/createPasswordButton")): Object: 'Object Repository/TestUser/createPasswordButton' is clicked on

2019-02-20 15:02:18 - [MESSAGE][PASSED] - Object: 'Object Repository/TestUser/createPasswordButton' is clicked on

2019-02-20 15:02:18 - [TEST_STEP][PASSED] - Thread.sleep(4000): null

2019-02-20 15:02:22 - [TEST_STEP][PASSED] - setText(findTestObject("TestUserLocation/login_Username"), findTestData("UserData").getValue("UserName", 1)): Text 'User_On_20/02/19-15:00' is set on object 'Object Repository/TestUserLocation/login_Username'

2019-02-20 15:02:22 - [MESSAGE][PASSED] - Text 'User_On_20/02/19-15:00' is set on object 'Object Repository/TestUserLocation/login_Username'

2019-02-20 15:02:22 - [TEST_STEP][PASSED] - setText(findTestObject("TestUserLocation/login_Password"), findTestData("UserData").getValue("NewPassword", 1)): Text 'password@123#' is set on object 'Object Repository/TestUserLocation/login_Password'

2019-02-20 15:02:22 - [MESSAGE][PASSED] - Text 'password@123#' is set on object 'Object Repository/TestUserLocation/login_Password'

2019-02-20 15:02:22 - [TEST_STEP][PASSED] - Thread.sleep(2000): null

2019-02-20 15:02:24 - [TEST_STEP][PASSED] - click(findTestObject("TestUserLocation/login_Button")): Object: 'Object Repository/TestUserLocation/login_Button' is clicked on

2019-02-20 15:02:26 - [MESSAGE][PASSED] - Object: 'Object Repository/TestUserLocation/login_Button' is clicked on

2019-02-20 15:02:26 - [TEST_STEP][PASSED] - waitForElementClickable(findTestObject("TestUser/clickToCheck"), 70): Object 'Object Repository/TestUser/clickToCheck' is clickable

2019-02-20 15:02:28 - [MESSAGE][PASSED] - Object 'Object Repository/TestUser/clickToCheck' is clickable

2019-02-20 15:02:28 - [TEST_STEP][PASSED] - Thread.sleep(4000): null

2019-02-20 15:02:32 - [TEST_STEP][PASSED] - click(findTestObject("TestUser/clickToCheck")): Object: 'Object Repository/TestUser/clickToCheck' is clicked on

2019-02-20 15:02:33 - [MESSAGE][PASSED] - Object: 'Object Repository/TestUser/clickToCheck' is clicked on

2019-02-20 15:02:33 - [TEST_STEP][PASSED] - Thread.sleep(2000): null

2019-02-20 15:02:35 - [TEST_STEP][PASSED] - click(findTestObject("TestUser/logoutUser")): Object: 'Object Repository/TestUser/logoutUser' is clicked on

2019-02-20 15:02:37 - [MESSAGE][PASSED] - Object: 'Object Repository/TestUser/logoutUser' is clicked on]]></system-out>
         <system-err><![CDATA[]]></system-err>
      </testcase>
      <testcase name="Test Cases/TestUser/CheckUser_Invalid" classname="Test Cases/TestUser/CheckUser_Invalid" status="PASSED">
         <system-out><![CDATA[2019-02-20 15:02:37 - [TEST_CASE][PASSED] - Test Cases/TestUser/CheckUser_Invalid: Test Cases/TestUser/CheckUser_Invalid

2019-02-20 15:02:37 - [TEST_STEP][NOT_RUN] - openBrowser(URL): NOT_RUN: openBrowser(URL)

2019-02-20 15:02:37 - [MESSAGE][NOT_RUN] - NOT_RUN: openBrowser(URL)

2019-02-20 15:02:37 - [TEST_STEP][NOT_RUN] - maximizeWindow(): NOT_RUN: maximizeWindow()

2019-02-20 15:02:37 - [MESSAGE][NOT_RUN] - NOT_RUN: maximizeWindow()

2019-02-20 15:02:37 - [TEST_STEP][PASSED] - for (def index : (0..10)): null

2019-02-20 15:02:37 - [TEST_STEP][PASSED] - setText(findTestObject("TestUserLocation/login_Username"), findTestData("UserData").getValue("UserName", 1)): Text 'User_On_20/02/19-15:00' is set on object 'Object Repository/TestUserLocation/login_Username'

2019-02-20 15:02:38 - [MESSAGE][PASSED] - Text 'User_On_20/02/19-15:00' is set on object 'Object Repository/TestUserLocation/login_Username'

2019-02-20 15:02:38 - [TEST_STEP][PASSED] - setText(findTestObject("TestUserLocation/login_Password"), findTestData("UserData").getValue("Password", 1)): Text 'password' is set on object 'Object Repository/TestUserLocation/login_Password'

2019-02-20 15:02:38 - [MESSAGE][PASSED] - Text 'password' is set on object 'Object Repository/TestUserLocation/login_Password'

2019-02-20 15:02:38 - [TEST_STEP][PASSED] - click(findTestObject("TestUserLocation/login_Button")): Object: 'Object Repository/TestUserLocation/login_Button' is clicked on

2019-02-20 15:02:39 - [MESSAGE][PASSED] - Object: 'Object Repository/TestUserLocation/login_Button' is clicked on

2019-02-20 15:02:39 - [TEST_STEP][PASSED] - Thread.sleep(2000): null

2019-02-20 15:02:41 - [TEST_STEP][PASSED] - setText(findTestObject("TestUserLocation/login_Username"), findTestData("UserData").getValue("UserName", 1)): Text 'User_On_20/02/19-15:00' is set on object 'Object Repository/TestUserLocation/login_Username'

2019-02-20 15:02:46 - [MESSAGE][PASSED] - Text 'User_On_20/02/19-15:00' is set on object 'Object Repository/TestUserLocation/login_Username'

2019-02-20 15:02:46 - [TEST_STEP][PASSED] - setText(findTestObject("TestUserLocation/login_Password"), findTestData("UserData").getValue("Password", 1)): Text 'password' is set on object 'Object Repository/TestUserLocation/login_Password'

2019-02-20 15:02:46 - [MESSAGE][PASSED] - Text 'password' is set on object 'Object Repository/TestUserLocation/login_Password'

2019-02-20 15:02:46 - [TEST_STEP][PASSED] - click(findTestObject("TestUserLocation/login_Button")): Object: 'Object Repository/TestUserLocation/login_Button' is clicked on

2019-02-20 15:02:47 - [MESSAGE][PASSED] - Object: 'Object Repository/TestUserLocation/login_Button' is clicked on

2019-02-20 15:02:47 - [TEST_STEP][PASSED] - Thread.sleep(2000): null

2019-02-20 15:02:49 - [TEST_STEP][PASSED] - setText(findTestObject("TestUserLocation/login_Username"), findTestData("UserData").getValue("UserName", 1)): Text 'User_On_20/02/19-15:00' is set on object 'Object Repository/TestUserLocation/login_Username'

2019-02-20 15:02:49 - [MESSAGE][PASSED] - Text 'User_On_20/02/19-15:00' is set on object 'Object Repository/TestUserLocation/login_Username'

2019-02-20 15:02:49 - [TEST_STEP][PASSED] - setText(findTestObject("TestUserLocation/login_Password"), findTestData("UserData").getValue("Password", 1)): Text 'password' is set on object 'Object Repository/TestUserLocation/login_Password'

2019-02-20 15:02:49 - [MESSAGE][PASSED] - Text 'password' is set on object 'Object Repository/TestUserLocation/login_Password'

2019-02-20 15:02:49 - [TEST_STEP][PASSED] - click(findTestObject("TestUserLocation/login_Button")): Object: 'Object Repository/TestUserLocation/login_Button' is clicked on

2019-02-20 15:02:49 - [MESSAGE][PASSED] - Object: 'Object Repository/TestUserLocation/login_Button' is clicked on

2019-02-20 15:02:49 - [TEST_STEP][PASSED] - Thread.sleep(2000): null

2019-02-20 15:02:51 - [TEST_STEP][PASSED] - setText(findTestObject("TestUserLocation/login_Username"), findTestData("UserData").getValue("UserName", 1)): Text 'User_On_20/02/19-15:00' is set on object 'Object Repository/TestUserLocation/login_Username'

2019-02-20 15:02:52 - [MESSAGE][PASSED] - Text 'User_On_20/02/19-15:00' is set on object 'Object Repository/TestUserLocation/login_Username'

2019-02-20 15:02:52 - [TEST_STEP][PASSED] - setText(findTestObject("TestUserLocation/login_Password"), findTestData("UserData").getValue("Password", 1)): Text 'password' is set on object 'Object Repository/TestUserLocation/login_Password'

2019-02-20 15:02:52 - [MESSAGE][PASSED] - Text 'password' is set on object 'Object Repository/TestUserLocation/login_Password'

2019-02-20 15:02:52 - [TEST_STEP][PASSED] - click(findTestObject("TestUserLocation/login_Button")): Object: 'Object Repository/TestUserLocation/login_Button' is clicked on

2019-02-20 15:02:52 - [MESSAGE][PASSED] - Object: 'Object Repository/TestUserLocation/login_Button' is clicked on

2019-02-20 15:02:52 - [TEST_STEP][PASSED] - Thread.sleep(2000): null

2019-02-20 15:02:54 - [TEST_STEP][PASSED] - setText(findTestObject("TestUserLocation/login_Username"), findTestData("UserData").getValue("UserName", 1)): Text 'User_On_20/02/19-15:00' is set on object 'Object Repository/TestUserLocation/login_Username'

2019-02-20 15:02:55 - [MESSAGE][PASSED] - Text 'User_On_20/02/19-15:00' is set on object 'Object Repository/TestUserLocation/login_Username'

2019-02-20 15:02:55 - [TEST_STEP][PASSED] - setText(findTestObject("TestUserLocation/login_Password"), findTestData("UserData").getValue("Password", 1)): Text 'password' is set on object 'Object Repository/TestUserLocation/login_Password'

2019-02-20 15:02:55 - [MESSAGE][PASSED] - Text 'password' is set on object 'Object Repository/TestUserLocation/login_Password'

2019-02-20 15:02:55 - [TEST_STEP][PASSED] - click(findTestObject("TestUserLocation/login_Button")): Object: 'Object Repository/TestUserLocation/login_Button' is clicked on

2019-02-20 15:02:55 - [MESSAGE][PASSED] - Object: 'Object Repository/TestUserLocation/login_Button' is clicked on

2019-02-20 15:02:55 - [TEST_STEP][PASSED] - Thread.sleep(2000): null

2019-02-20 15:02:57 - [TEST_STEP][PASSED] - setText(findTestObject("TestUserLocation/login_Username"), findTestData("UserData").getValue("UserName", 1)): Text 'User_On_20/02/19-15:00' is set on object 'Object Repository/TestUserLocation/login_Username'

2019-02-20 15:02:57 - [MESSAGE][PASSED] - Text 'User_On_20/02/19-15:00' is set on object 'Object Repository/TestUserLocation/login_Username'

2019-02-20 15:02:57 - [TEST_STEP][PASSED] - setText(findTestObject("TestUserLocation/login_Password"), findTestData("UserData").getValue("Password", 1)): Text 'password' is set on object 'Object Repository/TestUserLocation/login_Password'

2019-02-20 15:02:58 - [MESSAGE][PASSED] - Text 'password' is set on object 'Object Repository/TestUserLocation/login_Password'

2019-02-20 15:02:58 - [TEST_STEP][PASSED] - click(findTestObject("TestUserLocation/login_Button")): Object: 'Object Repository/TestUserLocation/login_Button' is clicked on

2019-02-20 15:02:58 - [MESSAGE][PASSED] - Object: 'Object Repository/TestUserLocation/login_Button' is clicked on

2019-02-20 15:02:58 - [TEST_STEP][PASSED] - Thread.sleep(2000): null

2019-02-20 15:03:00 - [TEST_STEP][PASSED] - setText(findTestObject("TestUserLocation/login_Username"), findTestData("UserData").getValue("UserName", 1)): Text 'User_On_20/02/19-15:00' is set on object 'Object Repository/TestUserLocation/login_Username'

2019-02-20 15:03:00 - [MESSAGE][PASSED] - Text 'User_On_20/02/19-15:00' is set on object 'Object Repository/TestUserLocation/login_Username'

2019-02-20 15:03:00 - [TEST_STEP][PASSED] - setText(findTestObject("TestUserLocation/login_Password"), findTestData("UserData").getValue("Password", 1)): Text 'password' is set on object 'Object Repository/TestUserLocation/login_Password'

2019-02-20 15:03:00 - [MESSAGE][PASSED] - Text 'password' is set on object 'Object Repository/TestUserLocation/login_Password'

2019-02-20 15:03:00 - [TEST_STEP][PASSED] - click(findTestObject("TestUserLocation/login_Button")): Object: 'Object Repository/TestUserLocation/login_Button' is clicked on

2019-02-20 15:03:01 - [MESSAGE][PASSED] - Object: 'Object Repository/TestUserLocation/login_Button' is clicked on

2019-02-20 15:03:01 - [TEST_STEP][PASSED] - Thread.sleep(2000): null

2019-02-20 15:03:03 - [TEST_STEP][PASSED] - setText(findTestObject("TestUserLocation/login_Username"), findTestData("UserData").getValue("UserName", 1)): Text 'User_On_20/02/19-15:00' is set on object 'Object Repository/TestUserLocation/login_Username'

2019-02-20 15:03:03 - [MESSAGE][PASSED] - Text 'User_On_20/02/19-15:00' is set on object 'Object Repository/TestUserLocation/login_Username'

2019-02-20 15:03:03 - [TEST_STEP][PASSED] - setText(findTestObject("TestUserLocation/login_Password"), findTestData("UserData").getValue("Password", 1)): Text 'password' is set on object 'Object Repository/TestUserLocation/login_Password'

2019-02-20 15:03:03 - [MESSAGE][PASSED] - Text 'password' is set on object 'Object Repository/TestUserLocation/login_Password'

2019-02-20 15:03:03 - [TEST_STEP][PASSED] - click(findTestObject("TestUserLocation/login_Button")): Object: 'Object Repository/TestUserLocation/login_Button' is clicked on

2019-02-20 15:03:03 - [MESSAGE][PASSED] - Object: 'Object Repository/TestUserLocation/login_Button' is clicked on

2019-02-20 15:03:03 - [TEST_STEP][PASSED] - Thread.sleep(2000): null

2019-02-20 15:03:05 - [TEST_STEP][PASSED] - setText(findTestObject("TestUserLocation/login_Username"), findTestData("UserData").getValue("UserName", 1)): Text 'User_On_20/02/19-15:00' is set on object 'Object Repository/TestUserLocation/login_Username'

2019-02-20 15:03:06 - [MESSAGE][PASSED] - Text 'User_On_20/02/19-15:00' is set on object 'Object Repository/TestUserLocation/login_Username'

2019-02-20 15:03:06 - [TEST_STEP][PASSED] - setText(findTestObject("TestUserLocation/login_Password"), findTestData("UserData").getValue("Password", 1)): Text 'password' is set on object 'Object Repository/TestUserLocation/login_Password'

2019-02-20 15:03:06 - [MESSAGE][PASSED] - Text 'password' is set on object 'Object Repository/TestUserLocation/login_Password'

2019-02-20 15:03:06 - [TEST_STEP][PASSED] - click(findTestObject("TestUserLocation/login_Button")): Object: 'Object Repository/TestUserLocation/login_Button' is clicked on

2019-02-20 15:03:06 - [MESSAGE][PASSED] - Object: 'Object Repository/TestUserLocation/login_Button' is clicked on

2019-02-20 15:03:06 - [TEST_STEP][PASSED] - Thread.sleep(2000): null

2019-02-20 15:03:08 - [TEST_STEP][PASSED] - setText(findTestObject("TestUserLocation/login_Username"), findTestData("UserData").getValue("UserName", 1)): Text 'User_On_20/02/19-15:00' is set on object 'Object Repository/TestUserLocation/login_Username'

2019-02-20 15:03:09 - [MESSAGE][PASSED] - Text 'User_On_20/02/19-15:00' is set on object 'Object Repository/TestUserLocation/login_Username'

2019-02-20 15:03:09 - [TEST_STEP][PASSED] - setText(findTestObject("TestUserLocation/login_Password"), findTestData("UserData").getValue("Password", 1)): Text 'password' is set on object 'Object Repository/TestUserLocation/login_Password'

2019-02-20 15:03:09 - [MESSAGE][PASSED] - Text 'password' is set on object 'Object Repository/TestUserLocation/login_Password'

2019-02-20 15:03:09 - [TEST_STEP][PASSED] - click(findTestObject("TestUserLocation/login_Button")): Object: 'Object Repository/TestUserLocation/login_Button' is clicked on

2019-02-20 15:03:09 - [MESSAGE][PASSED] - Object: 'Object Repository/TestUserLocation/login_Button' is clicked on

2019-02-20 15:03:09 - [TEST_STEP][PASSED] - Thread.sleep(2000): null

2019-02-20 15:03:11 - [TEST_STEP][PASSED] - setText(findTestObject("TestUserLocation/login_Username"), findTestData("UserData").getValue("UserName", 1)): Text 'User_On_20/02/19-15:00' is set on object 'Object Repository/TestUserLocation/login_Username'

2019-02-20 15:03:11 - [MESSAGE][PASSED] - Text 'User_On_20/02/19-15:00' is set on object 'Object Repository/TestUserLocation/login_Username'

2019-02-20 15:03:11 - [TEST_STEP][PASSED] - setText(findTestObject("TestUserLocation/login_Password"), findTestData("UserData").getValue("Password", 1)): Text 'password' is set on object 'Object Repository/TestUserLocation/login_Password'

2019-02-20 15:03:12 - [MESSAGE][PASSED] - Text 'password' is set on object 'Object Repository/TestUserLocation/login_Password'

2019-02-20 15:03:12 - [TEST_STEP][PASSED] - click(findTestObject("TestUserLocation/login_Button")): Object: 'Object Repository/TestUserLocation/login_Button' is clicked on

2019-02-20 15:03:12 - [MESSAGE][PASSED] - Object: 'Object Repository/TestUserLocation/login_Button' is clicked on

2019-02-20 15:03:12 - [TEST_STEP][PASSED] - Thread.sleep(2000): null

2019-02-20 15:03:14 - [TEST_STEP][PASSED] - click(findTestObject("TestUser/lockedAccount")): Object: 'Object Repository/TestUser/lockedAccount' is clicked on

2019-02-20 15:03:14 - [MESSAGE][PASSED] - Object: 'Object Repository/TestUser/lockedAccount' is clicked on

2019-02-20 15:03:14 - [TEST_STEP][PASSED] - Thread.sleep(6000): null

2019-02-20 15:03:20 - [TEST_STEP][NOT_RUN] - click(findTestObject("TestUser/clickToCheck")): NOT_RUN: click(findTestObject("TestUser/clickToCheck"))

2019-02-20 15:03:20 - [MESSAGE][NOT_RUN] - NOT_RUN: click(findTestObject("TestUser/clickToCheck"))

2019-02-20 15:03:20 - [TEST_STEP][NOT_RUN] - Thread.sleep(2000): NOT_RUN: Thread.sleep(2000)

2019-02-20 15:03:20 - [MESSAGE][NOT_RUN] - NOT_RUN: Thread.sleep(2000)

2019-02-20 15:03:20 - [TEST_STEP][NOT_RUN] - click(findTestObject("TestUser/logoutUser")): NOT_RUN: click(findTestObject("TestUser/logoutUser"))

2019-02-20 15:03:20 - [MESSAGE][NOT_RUN] - NOT_RUN: click(findTestObject("TestUser/logoutUser"))

2019-02-20 15:03:20 - [TEST_STEP][NOT_RUN] - setText(findTestObject("TestUserLocation/login_Username"), findTestData("UserData").getValue("UserName", 1)): NOT_RUN: setText(findTestObject("TestUserLocation/login_Username"), findTestData("UserData").getValue("UserName", 1))

2019-02-20 15:03:20 - [MESSAGE][NOT_RUN] - NOT_RUN: setText(findTestObject("TestUserLocation/login_Username"), findTestData("UserData").getValue("UserName", 1))

2019-02-20 15:03:20 - [TEST_STEP][NOT_RUN] - setText(findTestObject("TestUserLocation/login_Password"), findTestData("UserData").getValue("NewPassword", 1)): NOT_RUN: setText(findTestObject("TestUserLocation/login_Password"), findTestData("UserData").getValue("NewPassword", 1))

2019-02-20 15:03:20 - [MESSAGE][NOT_RUN] - NOT_RUN: setText(findTestObject("TestUserLocation/login_Password"), findTestData("UserData").getValue("NewPassword", 1))

2019-02-20 15:03:20 - [TEST_STEP][NOT_RUN] - click(findTestObject("TestUserLocation/login_Button")): NOT_RUN: click(findTestObject("TestUserLocation/login_Button"))

2019-02-20 15:03:20 - [MESSAGE][NOT_RUN] - NOT_RUN: click(findTestObject("TestUserLocation/login_Button"))]]></system-out>
         <system-err><![CDATA[]]></system-err>
      </testcase>
      <testcase name="Test Cases/TestUser/UnlockUser" classname="Test Cases/TestUser/UnlockUser" status="PASSED">
         <system-out><![CDATA[2019-02-20 15:03:20 - [TEST_CASE][PASSED] - Test Cases/TestUser/UnlockUser: Test Cases/TestUser/UnlockUser

2019-02-20 15:03:20 - [TEST_STEP][NOT_RUN] - openBrowser(URL): NOT_RUN: openBrowser(URL)

2019-02-20 15:03:20 - [MESSAGE][NOT_RUN] - NOT_RUN: openBrowser(URL)

2019-02-20 15:03:20 - [TEST_STEP][NOT_RUN] - maximizeWindow(): NOT_RUN: maximizeWindow()

2019-02-20 15:03:20 - [MESSAGE][NOT_RUN] - NOT_RUN: maximizeWindow()

2019-02-20 15:03:20 - [TEST_STEP][PASSED] - Thread.sleep(2000): null

2019-02-20 15:03:22 - [TEST_STEP][PASSED] - setText(findTestObject("TestUserLocation/login_Username"), UserName): Text 'tester' is set on object 'Object Repository/TestUserLocation/login_Username'

2019-02-20 15:03:22 - [MESSAGE][PASSED] - Text 'tester' is set on object 'Object Repository/TestUserLocation/login_Username'

2019-02-20 15:03:22 - [TEST_STEP][PASSED] - setText(findTestObject("TestUserLocation/login_Password"), Password): Text 'TestLi^e' is set on object 'Object Repository/TestUserLocation/login_Password'

2019-02-20 15:03:23 - [MESSAGE][PASSED] - Text 'TestLi^e' is set on object 'Object Repository/TestUserLocation/login_Password'

2019-02-20 15:03:23 - [TEST_STEP][NOT_RUN] - User.setNamePass(): NOT_RUN: User.setNamePass()

2019-02-20 15:03:23 - [MESSAGE][NOT_RUN] - NOT_RUN: User.setNamePass()

2019-02-20 15:03:23 - [TEST_STEP][PASSED] - click(findTestObject("TestUserLocation/login_Button")): Object: 'Object Repository/TestUserLocation/login_Button' is clicked on

2019-02-20 15:03:24 - [MESSAGE][PASSED] - Object: 'Object Repository/TestUserLocation/login_Button' is clicked on

2019-02-20 15:03:24 - [TEST_STEP][PASSED] - Thread.sleep(6000): null

2019-02-20 15:03:30 - [TEST_STEP][PASSED] - click(findTestObject("TestUserLocation/mainmenu_button")): Object: 'Object Repository/TestUserLocation/mainmenu_button' is clicked on

2019-02-20 15:03:30 - [MESSAGE][PASSED] - Object: 'Object Repository/TestUserLocation/mainmenu_button' is clicked on

2019-02-20 15:03:30 - [TEST_STEP][PASSED] - click(findTestObject("Form_Selection_Creation/mainMenu_AdminTools")): Object: 'Object Repository/Form_Selection_Creation/mainMenu_AdminTools' is clicked on

2019-02-20 15:03:30 - [MESSAGE][PASSED] - Object: 'Object Repository/Form_Selection_Creation/mainMenu_AdminTools' is clicked on

2019-02-20 15:03:30 - [TEST_STEP][PASSED] - Thread.sleep(2000): null

2019-02-20 15:03:32 - [TEST_STEP][PASSED] - click(findTestObject("TestUser/users")): Object: 'Object Repository/TestUser/users' is clicked on

2019-02-20 15:03:33 - [MESSAGE][PASSED] - Object: 'Object Repository/TestUser/users' is clicked on

2019-02-20 15:03:33 - [TEST_STEP][PASSED] - Thread.sleep(4000): null

2019-02-20 15:03:37 - [TEST_STEP][PASSED] - setText(findTestObject("TestUser/filterUser"), findTestData("UserData").getValue("UserName", 1)): Text 'User_On_20/02/19-15:00' is set on object 'Object Repository/TestUser/filterUser'

2019-02-20 15:03:37 - [MESSAGE][PASSED] - Text 'User_On_20/02/19-15:00' is set on object 'Object Repository/TestUser/filterUser'

2019-02-20 15:03:37 - [TEST_STEP][PASSED] - Thread.sleep(2000): null

2019-02-20 15:03:39 - [TEST_STEP][PASSED] - sendKeys(findTestObject("TestUser/filterUser"), Keys.chord(ENTER)): Keys 'ENTER + ' sent to object: 'Object Repository/TestUser/filterUser'

2019-02-20 15:03:39 - [MESSAGE][PASSED] - Keys 'ENTER + ' sent to object: 'Object Repository/TestUser/filterUser'

2019-02-20 15:03:39 - [TEST_STEP][PASSED] - Thread.sleep(4000): null

2019-02-20 15:03:43 - [TEST_STEP][PASSED] - AdminTool_Location.moveCursor(): AdminTool_Location.moveCursor is PASSED

2019-02-20 15:03:43 - [MESSAGE][PASSED] - AdminTool_Location.moveCursor is PASSED

2019-02-20 15:03:43 - [TEST_STEP][PASSED] - Thread.sleep(2000): null

2019-02-20 15:03:45 - [TEST_STEP][PASSED] - waitForElementPresent(findTestObject("TestUser/moveToUser"), 30): Object 'Object Repository/TestUser/moveToUser' is present

2019-02-20 15:03:45 - [MESSAGE][PASSED] - Object 'Object Repository/TestUser/moveToUser' is present

2019-02-20 15:03:45 - [TEST_STEP][PASSED] - click(findTestObject("TestUser/moveToUser")): Object: 'Object Repository/TestUser/moveToUser' is clicked on

2019-02-20 15:03:45 - [MESSAGE][PASSED] - Object: 'Object Repository/TestUser/moveToUser' is clicked on

2019-02-20 15:03:45 - [TEST_STEP][PASSED] - Thread.sleep(2000): null

2019-02-20 15:03:47 - [TEST_STEP][PASSED] - click(findTestObject("TestUser/openUserOptions")): Object: 'Object Repository/TestUser/openUserOptions' is clicked on

2019-02-20 15:03:47 - [MESSAGE][PASSED] - Object: 'Object Repository/TestUser/openUserOptions' is clicked on

2019-02-20 15:03:47 - [TEST_STEP][PASSED] - Thread.sleep(2000): null

2019-02-20 15:03:49 - [TEST_STEP][PASSED] - click(findTestObject("TestUser/unlockUserOption")): Object: 'Object Repository/TestUser/unlockUserOption' is clicked on

2019-02-20 15:03:49 - [MESSAGE][PASSED] - Object: 'Object Repository/TestUser/unlockUserOption' is clicked on

2019-02-20 15:03:49 - [TEST_STEP][PASSED] - Thread.sleep(2000): null

2019-02-20 15:03:51 - [TEST_STEP][PASSED] - click(findTestObject("TestUser/confirmUserYes")): Object: 'Object Repository/TestUser/confirmUserYes' is clicked on

2019-02-20 15:03:52 - [MESSAGE][PASSED] - Object: 'Object Repository/TestUser/confirmUserYes' is clicked on

2019-02-20 15:03:52 - [TEST_STEP][PASSED] - waitForElementClickable(findTestObject("TestUser/clickToCheck"), 30): Object 'Object Repository/TestUser/clickToCheck' is clickable

2019-02-20 15:03:52 - [MESSAGE][PASSED] - Object 'Object Repository/TestUser/clickToCheck' is clickable

2019-02-20 15:03:52 - [TEST_STEP][PASSED] - Thread.sleep(7000): null

2019-02-20 15:03:59 - [TEST_STEP][PASSED] - click(findTestObject("TestUser/clickToCheck")): Object: 'Object Repository/TestUser/clickToCheck' is clicked on

2019-02-20 15:03:59 - [MESSAGE][PASSED] - Object: 'Object Repository/TestUser/clickToCheck' is clicked on

2019-02-20 15:03:59 - [TEST_STEP][PASSED] - Thread.sleep(2000): null

2019-02-20 15:04:01 - [TEST_STEP][PASSED] - click(findTestObject("TestUser/logoutUser")): Object: 'Object Repository/TestUser/logoutUser' is clicked on

2019-02-20 15:04:04 - [MESSAGE][PASSED] - Object: 'Object Repository/TestUser/logoutUser' is clicked on

2019-02-20 15:04:04 - [TEST_STEP][PASSED] - Thread.sleep(2000): null]]></system-out>
         <system-err><![CDATA[]]></system-err>
      </testcase>
      <testcase name="Test Cases/TestUser/LoginUser_Unlock" classname="Test Cases/TestUser/LoginUser_Unlock" status="PASSED">
         <system-out><![CDATA[2019-02-20 15:04:06 - [TEST_CASE][PASSED] - Test Cases/TestUser/LoginUser_Unlock: Test Cases/TestUser/LoginUser_Unlock

2019-02-20 15:04:06 - [TEST_STEP][NOT_RUN] - openBrowser(URL): NOT_RUN: openBrowser(URL)

2019-02-20 15:04:06 - [MESSAGE][NOT_RUN] - NOT_RUN: openBrowser(URL)

2019-02-20 15:04:06 - [TEST_STEP][NOT_RUN] - maximizeWindow(): NOT_RUN: maximizeWindow()

2019-02-20 15:04:06 - [MESSAGE][NOT_RUN] - NOT_RUN: maximizeWindow()

2019-02-20 15:04:06 - [TEST_STEP][PASSED] - setText(findTestObject("TestUserLocation/login_Username"), findTestData("UserData").getValue("UserName", 1)): Text 'User_On_20/02/19-15:00' is set on object 'Object Repository/TestUserLocation/login_Username'

2019-02-20 15:04:06 - [MESSAGE][PASSED] - Text 'User_On_20/02/19-15:00' is set on object 'Object Repository/TestUserLocation/login_Username'

2019-02-20 15:04:06 - [TEST_STEP][PASSED] - setText(findTestObject("TestUserLocation/login_Password"), findTestData("UserData").getValue("NewPassword", 1)): Text 'password@123#' is set on object 'Object Repository/TestUserLocation/login_Password'

2019-02-20 15:04:07 - [MESSAGE][PASSED] - Text 'password@123#' is set on object 'Object Repository/TestUserLocation/login_Password'

2019-02-20 15:04:07 - [TEST_STEP][PASSED] - Thread.sleep(2000): null

2019-02-20 15:04:09 - [TEST_STEP][PASSED] - click(findTestObject("TestUserLocation/login_Button")): Object: 'Object Repository/TestUserLocation/login_Button' is clicked on

2019-02-20 15:04:10 - [MESSAGE][PASSED] - Object: 'Object Repository/TestUserLocation/login_Button' is clicked on

2019-02-20 15:04:10 - [TEST_STEP][PASSED] - Thread.sleep(10000): null

2019-02-20 15:04:20 - [TEST_STEP][PASSED] - AdminTool_Location.moveCursor(): AdminTool_Location.moveCursor is PASSED

2019-02-20 15:04:20 - [MESSAGE][PASSED] - AdminTool_Location.moveCursor is PASSED

2019-02-20 15:04:20 - [TEST_STEP][PASSED] - waitForElementClickable(findTestObject("TestUser/clickToCheck"), 30): Object 'Object Repository/TestUser/clickToCheck' is clickable

2019-02-20 15:04:25 - [MESSAGE][PASSED] - Object 'Object Repository/TestUser/clickToCheck' is clickable

2019-02-20 15:04:25 - [TEST_STEP][PASSED] - Thread.sleep(2000): null

2019-02-20 15:04:27 - [TEST_STEP][PASSED] - click(findTestObject("TestUser/clickToCheck")): Object: 'Object Repository/TestUser/clickToCheck' is clicked on

2019-02-20 15:04:28 - [MESSAGE][PASSED] - Object: 'Object Repository/TestUser/clickToCheck' is clicked on

2019-02-20 15:04:28 - [TEST_STEP][PASSED] - Thread.sleep(2000): null

2019-02-20 15:04:30 - [TEST_STEP][PASSED] - click(findTestObject("TestUser/logoutUser")): Object: 'Object Repository/TestUser/logoutUser' is clicked on

2019-02-20 15:04:31 - [MESSAGE][PASSED] - Object: 'Object Repository/TestUser/logoutUser' is clicked on

2019-02-20 15:04:31 - [TEST_STEP][PASSED] - Thread.sleep(6000): null]]></system-out>
         <system-err><![CDATA[]]></system-err>
      </testcase>
      <testcase name="Test Cases/TestUser/DeactivateUser" classname="Test Cases/TestUser/DeactivateUser" status="PASSED">
         <system-out><![CDATA[2019-02-20 15:04:37 - [TEST_CASE][PASSED] - Test Cases/TestUser/DeactivateUser: Test Cases/TestUser/DeactivateUser

2019-02-20 15:04:38 - [TEST_STEP][NOT_RUN] - openBrowser(URL): NOT_RUN: openBrowser(URL)

2019-02-20 15:04:38 - [MESSAGE][NOT_RUN] - NOT_RUN: openBrowser(URL)

2019-02-20 15:04:38 - [TEST_STEP][NOT_RUN] - maximizeWindow(): NOT_RUN: maximizeWindow()

2019-02-20 15:04:38 - [MESSAGE][NOT_RUN] - NOT_RUN: maximizeWindow()

2019-02-20 15:04:38 - [TEST_STEP][PASSED] - setText(findTestObject("TestUserLocation/login_Username"), UserName): Text 'tester' is set on object 'Object Repository/TestUserLocation/login_Username'

2019-02-20 15:04:38 - [MESSAGE][PASSED] - Text 'tester' is set on object 'Object Repository/TestUserLocation/login_Username'

2019-02-20 15:04:38 - [TEST_STEP][PASSED] - setText(findTestObject("TestUserLocation/login_Password"), Password): Text 'TestLi^e' is set on object 'Object Repository/TestUserLocation/login_Password'

2019-02-20 15:04:38 - [MESSAGE][PASSED] - Text 'TestLi^e' is set on object 'Object Repository/TestUserLocation/login_Password'

2019-02-20 15:04:38 - [TEST_STEP][NOT_RUN] - User.setNamePass(): NOT_RUN: User.setNamePass()

2019-02-20 15:04:38 - [MESSAGE][NOT_RUN] - NOT_RUN: User.setNamePass()

2019-02-20 15:04:38 - [TEST_STEP][PASSED] - click(findTestObject("TestUserLocation/login_Button")): Object: 'Object Repository/TestUserLocation/login_Button' is clicked on

2019-02-20 15:04:39 - [MESSAGE][PASSED] - Object: 'Object Repository/TestUserLocation/login_Button' is clicked on

2019-02-20 15:04:39 - [TEST_STEP][PASSED] - Thread.sleep(6000): null

2019-02-20 15:04:45 - [TEST_STEP][PASSED] - click(findTestObject("TestUserLocation/mainmenu_button")): Object: 'Object Repository/TestUserLocation/mainmenu_button' is clicked on

2019-02-20 15:04:45 - [MESSAGE][PASSED] - Object: 'Object Repository/TestUserLocation/mainmenu_button' is clicked on

2019-02-20 15:04:45 - [TEST_STEP][PASSED] - click(findTestObject("Form_Selection_Creation/mainMenu_AdminTools")): Object: 'Object Repository/Form_Selection_Creation/mainMenu_AdminTools' is clicked on

2019-02-20 15:04:46 - [MESSAGE][PASSED] - Object: 'Object Repository/Form_Selection_Creation/mainMenu_AdminTools' is clicked on

2019-02-20 15:04:46 - [TEST_STEP][PASSED] - Thread.sleep(2000): null

2019-02-20 15:04:48 - [TEST_STEP][PASSED] - click(findTestObject("TestUser/users")): Object: 'Object Repository/TestUser/users' is clicked on

2019-02-20 15:04:48 - [MESSAGE][PASSED] - Object: 'Object Repository/TestUser/users' is clicked on

2019-02-20 15:04:48 - [TEST_STEP][PASSED] - Thread.sleep(6000): null

2019-02-20 15:04:54 - [TEST_STEP][PASSED] - setText(findTestObject("TestUser/filterUser"), findTestData("UserData").getValue("UserName", 1)): Text 'User_On_20/02/19-15:00' is set on object 'Object Repository/TestUser/filterUser'

2019-02-20 15:04:54 - [MESSAGE][PASSED] - Text 'User_On_20/02/19-15:00' is set on object 'Object Repository/TestUser/filterUser'

2019-02-20 15:04:54 - [TEST_STEP][PASSED] - Thread.sleep(2000): null

2019-02-20 15:04:56 - [TEST_STEP][PASSED] - sendKeys(findTestObject("TestUser/filterUser"), Keys.chord(ENTER)): Keys 'ENTER + ' sent to object: 'Object Repository/TestUser/filterUser'

2019-02-20 15:04:56 - [MESSAGE][PASSED] - Keys 'ENTER + ' sent to object: 'Object Repository/TestUser/filterUser'

2019-02-20 15:04:56 - [TEST_STEP][PASSED] - Thread.sleep(4000): null

2019-02-20 15:05:00 - [TEST_STEP][PASSED] - AdminTool_Location.moveCursor(): AdminTool_Location.moveCursor is PASSED

2019-02-20 15:05:00 - [MESSAGE][PASSED] - AdminTool_Location.moveCursor is PASSED

2019-02-20 15:05:00 - [TEST_STEP][PASSED] - Thread.sleep(2000): null

2019-02-20 15:05:02 - [TEST_STEP][PASSED] - click(findTestObject("TestUser/moveToUser")): Object: 'Object Repository/TestUser/moveToUser' is clicked on

2019-02-20 15:05:02 - [MESSAGE][PASSED] - Object: 'Object Repository/TestUser/moveToUser' is clicked on

2019-02-20 15:05:02 - [TEST_STEP][PASSED] - Thread.sleep(2000): null

2019-02-20 15:05:04 - [TEST_STEP][PASSED] - click(findTestObject("TestUser/openUserOptions")): Object: 'Object Repository/TestUser/openUserOptions' is clicked on

2019-02-20 15:05:04 - [MESSAGE][PASSED] - Object: 'Object Repository/TestUser/openUserOptions' is clicked on

2019-02-20 15:05:04 - [TEST_STEP][PASSED] - Thread.sleep(2000): null

2019-02-20 15:05:06 - [TEST_STEP][PASSED] - click(findTestObject("TestUser/deactivateUserOption")): Object: 'Object Repository/TestUser/deactivateUserOption' is clicked on

2019-02-20 15:05:07 - [MESSAGE][PASSED] - Object: 'Object Repository/TestUser/deactivateUserOption' is clicked on

2019-02-20 15:05:07 - [TEST_STEP][PASSED] - Thread.sleep(2000): null

2019-02-20 15:05:09 - [TEST_STEP][PASSED] - click(findTestObject("TestUser/confirmUserYes")): Object: 'Object Repository/TestUser/confirmUserYes' is clicked on

2019-02-20 15:05:09 - [MESSAGE][PASSED] - Object: 'Object Repository/TestUser/confirmUserYes' is clicked on

2019-02-20 15:05:09 - [TEST_STEP][PASSED] - waitForElementClickable(findTestObject("TestUser/clickToCheck"), 30): Object 'Object Repository/TestUser/clickToCheck' is clickable

2019-02-20 15:05:09 - [MESSAGE][PASSED] - Object 'Object Repository/TestUser/clickToCheck' is clickable

2019-02-20 15:05:09 - [TEST_STEP][PASSED] - Thread.sleep(7000): null

2019-02-20 15:05:16 - [TEST_STEP][PASSED] - click(findTestObject("TestUser/clickToCheck")): Object: 'Object Repository/TestUser/clickToCheck' is clicked on

2019-02-20 15:05:16 - [MESSAGE][PASSED] - Object: 'Object Repository/TestUser/clickToCheck' is clicked on

2019-02-20 15:05:16 - [TEST_STEP][PASSED] - Thread.sleep(2000): null

2019-02-20 15:05:18 - [TEST_STEP][PASSED] - click(findTestObject("TestUser/logoutUser")): Object: 'Object Repository/TestUser/logoutUser' is clicked on

2019-02-20 15:05:20 - [MESSAGE][PASSED] - Object: 'Object Repository/TestUser/logoutUser' is clicked on

2019-02-20 15:05:20 - [TEST_STEP][PASSED] - Thread.sleep(2000): null]]></system-out>
         <system-err><![CDATA[]]></system-err>
      </testcase>
      <testcase name="Test Cases/TestUser/LoginUser_Deactivate" classname="Test Cases/TestUser/LoginUser_Deactivate" status="PASSED">
         <system-out><![CDATA[2019-02-20 15:05:22 - [TEST_CASE][PASSED] - Test Cases/TestUser/LoginUser_Deactivate: Test Cases/TestUser/LoginUser_Deactivate

2019-02-20 15:05:22 - [TEST_STEP][NOT_RUN] - openBrowser(URL): NOT_RUN: openBrowser(URL)

2019-02-20 15:05:22 - [MESSAGE][NOT_RUN] - NOT_RUN: openBrowser(URL)

2019-02-20 15:05:22 - [TEST_STEP][NOT_RUN] - maximizeWindow(): NOT_RUN: maximizeWindow()

2019-02-20 15:05:22 - [MESSAGE][NOT_RUN] - NOT_RUN: maximizeWindow()

2019-02-20 15:05:22 - [TEST_STEP][PASSED] - Thread.sleep(2000): null

2019-02-20 15:05:24 - [TEST_STEP][PASSED] - setText(findTestObject("TestUserLocation/login_Username"), findTestData("UserData").getValue("UserName", 1)): Text 'User_On_20/02/19-15:00' is set on object 'Object Repository/TestUserLocation/login_Username'

2019-02-20 15:05:24 - [MESSAGE][PASSED] - Text 'User_On_20/02/19-15:00' is set on object 'Object Repository/TestUserLocation/login_Username'

2019-02-20 15:05:24 - [TEST_STEP][PASSED] - setText(findTestObject("TestUserLocation/login_Password"), findTestData("UserData").getValue("NewPassword", 1)): Text 'password@123#' is set on object 'Object Repository/TestUserLocation/login_Password'

2019-02-20 15:05:24 - [MESSAGE][PASSED] - Text 'password@123#' is set on object 'Object Repository/TestUserLocation/login_Password'

2019-02-20 15:05:24 - [TEST_STEP][PASSED] - Thread.sleep(2000): null

2019-02-20 15:05:26 - [TEST_STEP][PASSED] - click(findTestObject("TestUserLocation/login_Button")): Object: 'Object Repository/TestUserLocation/login_Button' is clicked on

2019-02-20 15:05:27 - [MESSAGE][PASSED] - Object: 'Object Repository/TestUserLocation/login_Button' is clicked on

2019-02-20 15:05:27 - [TEST_STEP][PASSED] - Thread.sleep(6000): null

2019-02-20 15:05:33 - [TEST_STEP][PASSED] - AdminTool_Location.moveCursor(): AdminTool_Location.moveCursor is PASSED

2019-02-20 15:05:33 - [MESSAGE][PASSED] - AdminTool_Location.moveCursor is PASSED

2019-02-20 15:05:33 - [TEST_STEP][PASSED] - Thread.sleep(2000): null

2019-02-20 15:05:35 - [TEST_STEP][PASSED] - click(findTestObject("TestUser/deactivateTest")): Object: 'Object Repository/TestUser/deactivateTest' is clicked on

2019-02-20 15:05:35 - [MESSAGE][PASSED] - Object: 'Object Repository/TestUser/deactivateTest' is clicked on

2019-02-20 15:05:35 - [TEST_STEP][PASSED] - Thread.sleep(6000): null]]></system-out>
         <system-err><![CDATA[]]></system-err>
      </testcase>
      <system-out><![CDATA[2019-02-20 15:00:03 - [TEST_SUITE][FAILED] - UserCheck: Test Cases/TestUser/1.CreateUser FAILED.
Reason:
com.kms.katalon.core.exception.StepFailedException: Unable to click on object 'Object Repository/TestUser/clickToCheck' (Root cause: org.openqa.selenium.WebDriverException: unknown error: Element <div class="scs-user-name ng-binding">...</div> is not clickable at point (1181, 30). Other element would receive the click: <div class="k-loading-image"></div>
  (Session info: chrome=72.0.3626.109)
  (Driver info: chromedriver=2.43.600210 (68dcf5eebde37173d4027fa8635e332711d2874a),platform=Windows NT 6.1.7601 SP1 x86_64) (WARNING: The server did not provide any stacktrace information)
Command duration or timeout: 0 milliseconds
Build info: version: '3.7.1', revision: '8a0099a', time: '2017-11-06T21:07:36.161Z'
System info: host: 'ABHISHEK-PASHIN', ip: '10.21.7.147', os.name: 'Windows 7', os.arch: 'amd64', os.version: '6.1', java.version: '1.8.0_181'
Driver info: com.kms.katalon.selenium.driver.CChromeDriver
Capabilities {acceptInsecureCerts: false, acceptSslCerts: false, applicationCacheEnabled: false, browserConnectionEnabled: false, browserName: chrome, chrome: {chromedriverVersion: 2.43.600210 (68dcf5eebde371..., userDataDir: C:\Users\PASHIN~1\AppData\L...}, cssSelectorsEnabled: true, databaseEnabled: false, goog:chromeOptions: {debuggerAddress: localhost:54260}, handlesAlerts: true, hasTouchScreen: false, javascriptEnabled: true, locationContextEnabled: true, mobileEmulationEnabled: false, nativeEvents: true, networkConnectionEnabled: false, pageLoadStrategy: normal, platform: XP, platformName: XP, rotatable: false, setWindowRect: true, takesHeapSnapshot: true, takesScreenshot: true, unexpectedAlertBehaviour: , unhandledPromptBehavior: , version: 72.0.3626.109, webStorageEnabled: true}
Session ID: abfbe0465f4d8dd8eec576d26eb18616)
	at com.kms.katalon.core.keyword.internal.KeywordMain.stepFailed(KeywordMain.groovy:36)
	at com.kms.katalon.core.webui.keyword.internal.WebUIKeywordMain.stepFailed(WebUIKeywordMain.groovy:65)
	at com.kms.katalon.core.webui.keyword.internal.WebUIKeywordMain.runKeyword(WebUIKeywordMain.groovy:27)
	at com.kms.katalon.core.webui.keyword.builtin.ClickKeyword.click(ClickKeyword.groovy:86)
	at com.kms.katalon.core.webui.keyword.builtin.ClickKeyword.execute(ClickKeyword.groovy:67)
	at com.kms.katalon.core.keyword.internal.KeywordExecutor.executeKeywordForPlatform(KeywordExecutor.groovy:53)
	at com.kms.katalon.core.webui.keyword.WebUiBuiltInKeywords.click(WebUiBuiltInKeywords.groovy:616)
	at com.kms.katalon.core.webui.keyword.WebUiBuiltInKeywords$click$3.call(Unknown Source)
	at 1.CreateUser.run(1.CreateUser:113)
	at com.kms.katalon.core.main.ScriptEngine.run(ScriptEngine.java:194)
	at com.kms.katalon.core.main.ScriptEngine.runScriptAsRawText(ScriptEngine.java:119)
	at com.kms.katalon.core.main.TestCaseExecutor.runScript(TestCaseExecutor.java:328)
	at com.kms.katalon.core.main.TestCaseExecutor.doExecute(TestCaseExecutor.java:319)
	at com.kms.katalon.core.main.TestCaseExecutor.processExecutionPhase(TestCaseExecutor.java:298)
	at com.kms.katalon.core.main.TestCaseExecutor.accessMainPhase(TestCaseExecutor.java:290)
	at com.kms.katalon.core.main.TestCaseExecutor.execute(TestCaseExecutor.java:224)
	at com.kms.katalon.core.main.TestSuiteExecutor.accessTestCaseMainPhase(TestSuiteExecutor.java:129)
	at com.kms.katalon.core.main.TestSuiteExecutor.accessTestSuiteMainPhase(TestSuiteExecutor.java:112)
	at com.kms.katalon.core.main.TestSuiteExecutor.execute(TestSuiteExecutor.java:81)
	at com.kms.katalon.core.main.TestCaseMain.startTestSuite(TestCaseMain.java:149)
	at com.kms.katalon.core.main.TestCaseMain$startTestSuite$0.call(Unknown Source)
	at TempTestSuite1550655000554.run(TempTestSuite1550655000554.groovy:36)]]></system-out>
      <system-err><![CDATA[2019-02-20 15:00:03 - [TEST_SUITE][FAILED] - UserCheck: Test Cases/TestUser/1.CreateUser FAILED.
Reason:
com.kms.katalon.core.exception.StepFailedException: Unable to click on object 'Object Repository/TestUser/clickToCheck' (Root cause: org.openqa.selenium.WebDriverException: unknown error: Element <div class="scs-user-name ng-binding">...</div> is not clickable at point (1181, 30). Other element would receive the click: <div class="k-loading-image"></div>
  (Session info: chrome=72.0.3626.109)
  (Driver info: chromedriver=2.43.600210 (68dcf5eebde37173d4027fa8635e332711d2874a),platform=Windows NT 6.1.7601 SP1 x86_64) (WARNING: The server did not provide any stacktrace information)
Command duration or timeout: 0 milliseconds
Build info: version: '3.7.1', revision: '8a0099a', time: '2017-11-06T21:07:36.161Z'
System info: host: 'ABHISHEK-PASHIN', ip: '10.21.7.147', os.name: 'Windows 7', os.arch: 'amd64', os.version: '6.1', java.version: '1.8.0_181'
Driver info: com.kms.katalon.selenium.driver.CChromeDriver
Capabilities {acceptInsecureCerts: false, acceptSslCerts: false, applicationCacheEnabled: false, browserConnectionEnabled: false, browserName: chrome, chrome: {chromedriverVersion: 2.43.600210 (68dcf5eebde371..., userDataDir: C:\Users\PASHIN~1\AppData\L...}, cssSelectorsEnabled: true, databaseEnabled: false, goog:chromeOptions: {debuggerAddress: localhost:54260}, handlesAlerts: true, hasTouchScreen: false, javascriptEnabled: true, locationContextEnabled: true, mobileEmulationEnabled: false, nativeEvents: true, networkConnectionEnabled: false, pageLoadStrategy: normal, platform: XP, platformName: XP, rotatable: false, setWindowRect: true, takesHeapSnapshot: true, takesScreenshot: true, unexpectedAlertBehaviour: , unhandledPromptBehavior: , version: 72.0.3626.109, webStorageEnabled: true}
Session ID: abfbe0465f4d8dd8eec576d26eb18616)
	at com.kms.katalon.core.keyword.internal.KeywordMain.stepFailed(KeywordMain.groovy:36)
	at com.kms.katalon.core.webui.keyword.internal.WebUIKeywordMain.stepFailed(WebUIKeywordMain.groovy:65)
	at com.kms.katalon.core.webui.keyword.internal.WebUIKeywordMain.runKeyword(WebUIKeywordMain.groovy:27)
	at com.kms.katalon.core.webui.keyword.builtin.ClickKeyword.click(ClickKeyword.groovy:86)
	at com.kms.katalon.core.webui.keyword.builtin.ClickKeyword.execute(ClickKeyword.groovy:67)
	at com.kms.katalon.core.keyword.internal.KeywordExecutor.executeKeywordForPlatform(KeywordExecutor.groovy:53)
	at com.kms.katalon.core.webui.keyword.WebUiBuiltInKeywords.click(WebUiBuiltInKeywords.groovy:616)
	at com.kms.katalon.core.webui.keyword.WebUiBuiltInKeywords$click$3.call(Unknown Source)
	at 1.CreateUser.run(1.CreateUser:113)
	at com.kms.katalon.core.main.ScriptEngine.run(ScriptEngine.java:194)
	at com.kms.katalon.core.main.ScriptEngine.runScriptAsRawText(ScriptEngine.java:119)
	at com.kms.katalon.core.main.TestCaseExecutor.runScript(TestCaseExecutor.java:328)
	at com.kms.katalon.core.main.TestCaseExecutor.doExecute(TestCaseExecutor.java:319)
	at com.kms.katalon.core.main.TestCaseExecutor.processExecutionPhase(TestCaseExecutor.java:298)
	at com.kms.katalon.core.main.TestCaseExecutor.accessMainPhase(TestCaseExecutor.java:290)
	at com.kms.katalon.core.main.TestCaseExecutor.execute(TestCaseExecutor.java:224)
	at com.kms.katalon.core.main.TestSuiteExecutor.accessTestCaseMainPhase(TestSuiteExecutor.java:129)
	at com.kms.katalon.core.main.TestSuiteExecutor.accessTestSuiteMainPhase(TestSuiteExecutor.java:112)
	at com.kms.katalon.core.main.TestSuiteExecutor.execute(TestSuiteExecutor.java:81)
	at com.kms.katalon.core.main.TestCaseMain.startTestSuite(TestCaseMain.java:149)
	at com.kms.katalon.core.main.TestCaseMain$startTestSuite$0.call(Unknown Source)
	at TempTestSuite1550655000554.run(TempTestSuite1550655000554.groovy:36)]]></system-err>
   </testsuite>
</testsuites>
