<?xml version="1.0" encoding="UTF-8"?>
<testsuites name="Admin_Tools" time="289" tests="3" failures="1" errors="0">
   <testsuite name="Admin_Tools" tests="3" failures="1" errors="0" time="289" timestamp="2019-02-28 14:58:10" hostname="pashine_a - Abhishek-Pashine.India.XoriantCorp.com" id="Test Suites/Admin_Tools">
      <properties>
         <property name="deviceName" value=""/>
         <property name="devicePlatform" value=""/>
         <property name="logFolder" value="D:\\Git Data\\SafetyChain-Test-Automation-Katalon\\Reports\\Admin_Tools\\20190228_145807"/>
         <property name="logFiles" value="D:\\Git Data\\SafetyChain-Test-Automation-Katalon\\Reports\\Admin_Tools\\20190228_145807\\execution0.log"/>
         <property name="attachments" value="D:\\Git Data\\SafetyChain-Test-Automation-Katalon\\Reports\\Admin_Tools\\20190228_145807\\1551346237218.png"/>
         <property name="hostName" value="pashine_a - Abhishek-Pashine.India.XoriantCorp.com"/>
         <property name="os" value="Windows 7 64bit"/>
         <property name="katalonVersion" value="5.10.1.1"/>
         <property name="browser" value="Chrome 72.0.3626.119"/>
         <property name="hostAddress" value="10.21.7.147"/>
         <property name="sessionId" value="171256f1818541f36f41292297f582e2"/>
         <property name="seleniumVersion" value="3.7.1"/>
         <property name="proxyInformation" value="ProxyInformation{proxyOption=NO_PROXY, proxyServerType=HTTP, password=, proxyServerAddress=, proxyServerPort=0}"/>
         <property name="platform" value="Windows 7"/>
      </properties>
      <testcase name="Test Cases/AdminTools/InternalUser" classname="Test Cases/AdminTools/InternalUser" status="PASSED">
         <system-out><![CDATA[2019-02-28 14:58:10 - [TEST_CASE][PASSED] - Test Cases/AdminTools/InternalUser: Test Cases/AdminTools/InternalUser

2019-02-28 14:58:11 - [TEST_STEP][PASSED] - sc.sc_customkeywords.UniqueName("UserName"): sc.sc_customkeywords.UniqueName is PASSED

2019-02-28 14:58:13 - [MESSAGE][PASSED] - sc.sc_customkeywords.UniqueName is PASSED

2019-02-28 14:58:13 - [TEST_STEP][PASSED] - openBrowser(""): Browser is opened with url: ''

2019-02-28 14:58:13 - [MESSAGE][INFO] - Starting 'Chrome' driver

2019-02-28 14:58:13 - [MESSAGE][INFO] - Action delay is set to 0 seconds

2019-02-28 14:58:17 - [MESSAGE][PASSED] - Browser is opened with url: ''

2019-02-28 14:58:17 - [TEST_STEP][PASSED] - maximizeWindow(): Current window maximized

2019-02-28 14:58:19 - [MESSAGE][PASSED] - Current window maximized

2019-02-28 14:58:19 - [TEST_STEP][PASSED] - navigateToUrl(URL): Navigate to 'https://test2.stage.safetychain.com' successfully

2019-02-28 14:58:50 - [MESSAGE][PASSED] - Navigate to 'https://test2.stage.safetychain.com' successfully

2019-02-28 14:58:50 - [TEST_STEP][PASSED] - Thread.sleep(5000): null

2019-02-28 14:58:55 - [TEST_STEP][PASSED] - setText(findTestObject("CommonObjects/Login_UserName"), UserName): Text 'tester' is set on object 'Object Repository/CommonObjects/Login_UserName'

2019-02-28 14:58:56 - [MESSAGE][PASSED] - Text 'tester' is set on object 'Object Repository/CommonObjects/Login_UserName'

2019-02-28 14:58:56 - [TEST_STEP][PASSED] - setText(findTestObject("CommonObjects/Login_Password"), Password): Text 'TestSt@ge' is set on object 'Object Repository/CommonObjects/Login_Password'

2019-02-28 14:58:56 - [MESSAGE][PASSED] - Text 'TestSt@ge' is set on object 'Object Repository/CommonObjects/Login_Password'

2019-02-28 14:58:56 - [TEST_STEP][PASSED] - click(findTestObject("CommonObjects/Login_LoginButton")): Object: 'Object Repository/CommonObjects/Login_LoginButton' is clicked on

2019-02-28 14:58:58 - [MESSAGE][PASSED] - Object: 'Object Repository/CommonObjects/Login_LoginButton' is clicked on

2019-02-28 14:58:58 - [TEST_STEP][PASSED] - click(findTestObject("CommonObjects/MainMenu_Icon")): Object: 'Object Repository/CommonObjects/MainMenu_Icon' is clicked on

2019-02-28 14:59:02 - [MESSAGE][PASSED] - Object: 'Object Repository/CommonObjects/MainMenu_Icon' is clicked on

2019-02-28 14:59:02 - [TEST_STEP][PASSED] - click(findTestObject("CommonObjects/MainMenu_AdminTools")): Object: 'Object Repository/CommonObjects/MainMenu_AdminTools' is clicked on

2019-02-28 14:59:03 - [MESSAGE][PASSED] - Object: 'Object Repository/CommonObjects/MainMenu_AdminTools' is clicked on

2019-02-28 14:59:03 - [TEST_STEP][PASSED] - click(findTestObject("InternalUser/MainMenu_Users")): Object: 'Object Repository/InternalUser/MainMenu_Users' is clicked on

2019-02-28 14:59:03 - [MESSAGE][PASSED] - Object: 'Object Repository/InternalUser/MainMenu_Users' is clicked on

2019-02-28 14:59:03 - [TEST_STEP][PASSED] - click(findTestObject("InternalUser/ManageUsers_AddNewButton")): Object: 'Object Repository/InternalUser/ManageUsers_AddNewButton' is clicked on

2019-02-28 14:59:08 - [MESSAGE][PASSED] - Object: 'Object Repository/InternalUser/ManageUsers_AddNewButton' is clicked on

2019-02-28 14:59:08 - [TEST_STEP][PASSED] - setText(findTestObject("InternalUser/ManageUser_NewUserPopUp_Username"), findTestData("TestData").getValue("UserName", 1)): Text 'UserName1551346091224' is set on object 'Object Repository/InternalUser/ManageUser_NewUserPopUp_Username'

2019-02-28 14:59:12 - [MESSAGE][PASSED] - Text 'UserName1551346091224' is set on object 'Object Repository/InternalUser/ManageUser_NewUserPopUp_Username'

2019-02-28 14:59:12 - [TEST_STEP][PASSED] - setText(findTestObject("InternalUser/ManageUsers_NewUserPopUp_Password"), "Test"): Text 'Test' is set on object 'Object Repository/InternalUser/ManageUsers_NewUserPopUp_Password'

2019-02-28 14:59:12 - [MESSAGE][PASSED] - Text 'Test' is set on object 'Object Repository/InternalUser/ManageUsers_NewUserPopUp_Password'

2019-02-28 14:59:12 - [TEST_STEP][PASSED] - setText(findTestObject("InternalUser/ManageUsers_NewUserPopUp_FirstName"), "Katalon1"): Text 'Katalon1' is set on object 'Object Repository/InternalUser/ManageUsers_NewUserPopUp_FirstName'

2019-02-28 14:59:12 - [MESSAGE][PASSED] - Text 'Katalon1' is set on object 'Object Repository/InternalUser/ManageUsers_NewUserPopUp_FirstName'

2019-02-28 14:59:12 - [TEST_STEP][PASSED] - setText(findTestObject("InternalUser/ManageUsers_NewUserPopUp_LastName"), "User"): Text 'User' is set on object 'Object Repository/InternalUser/ManageUsers_NewUserPopUp_LastName'

2019-02-28 14:59:12 - [MESSAGE][PASSED] - Text 'User' is set on object 'Object Repository/InternalUser/ManageUsers_NewUserPopUp_LastName'

2019-02-28 14:59:12 - [TEST_STEP][PASSED] - setText(findTestObject("InternalUser/ManageUsers_NewUserPopUp_Email"), "test@xoriant.com"): Text 'test@xoriant.com' is set on object 'Object Repository/InternalUser/ManageUsers_NewUserPopUp_Email'

2019-02-28 14:59:13 - [MESSAGE][PASSED] - Text 'test@xoriant.com' is set on object 'Object Repository/InternalUser/ManageUsers_NewUserPopUp_Email'

2019-02-28 14:59:13 - [TEST_STEP][PASSED] - click(findTestObject("InternalUser/ManageUsers_NewUserPopUp_Roles")): Object: 'Object Repository/InternalUser/ManageUsers_NewUserPopUp_Roles' is clicked on

2019-02-28 14:59:13 - [MESSAGE][PASSED] - Object: 'Object Repository/InternalUser/ManageUsers_NewUserPopUp_Roles' is clicked on

2019-02-28 14:59:13 - [TEST_STEP][PASSED] - Thread.sleep(5000): null

2019-02-28 14:59:18 - [TEST_STEP][PASSED] - click(findTestObject("InternalUser/ManageUsers_NewUserPopUp_RolesSuperadmin")): Object: 'Object Repository/InternalUser/ManageUsers_NewUserPopUp_RolesSuperadmin' is clicked on

2019-02-28 14:59:18 - [MESSAGE][PASSED] - Object: 'Object Repository/InternalUser/ManageUsers_NewUserPopUp_RolesSuperadmin' is clicked on

2019-02-28 14:59:18 - [TEST_STEP][PASSED] - click(findTestObject("InternalUser/ManageUsers_NewUserPopUp_Location")): Object: 'Object Repository/InternalUser/ManageUsers_NewUserPopUp_Location' is clicked on

2019-02-28 14:59:18 - [MESSAGE][PASSED] - Object: 'Object Repository/InternalUser/ManageUsers_NewUserPopUp_Location' is clicked on

2019-02-28 14:59:18 - [TEST_STEP][PASSED] - Thread.sleep(7000): null

2019-02-28 14:59:25 - [TEST_STEP][PASSED] - click(findTestObject("InternalUser/ManageUsers_NewUserPopUp_AllLocation")): Object: 'Object Repository/InternalUser/ManageUsers_NewUserPopUp_AllLocation' is clicked on

2019-02-28 14:59:25 - [MESSAGE][PASSED] - Object: 'Object Repository/InternalUser/ManageUsers_NewUserPopUp_AllLocation' is clicked on

2019-02-28 14:59:25 - [TEST_STEP][PASSED] - Thread.sleep(2000): null

2019-02-28 14:59:27 - [TEST_STEP][PASSED] - click(findTestObject("InternalUser/ManageUsers_NewUserPopUp_SaveButton")): Object: 'Object Repository/InternalUser/ManageUsers_NewUserPopUp_SaveButton' is clicked on

2019-02-28 14:59:28 - [MESSAGE][PASSED] - Object: 'Object Repository/InternalUser/ManageUsers_NewUserPopUp_SaveButton' is clicked on

2019-02-28 14:59:28 - [TEST_STEP][PASSED] - Thread.sleep(8000): null

2019-02-28 14:59:36 - [TEST_STEP][PASSED] - closeBrowser(): Browser is closed

2019-02-28 14:59:36 - [MESSAGE][PASSED] - Browser is closed]]></system-out>
         <system-err><![CDATA[]]></system-err>
      </testcase>
      <testcase name="Test Cases/AdminTools/NewInternalUser" classname="Test Cases/AdminTools/NewInternalUser" status="FAILED">
         <failure type="FAILED" message="Test Cases/AdminTools/NewInternalUser FAILED.
Reason:
com.kms.katalon.core.exception.StepFailedException: Unable to click on object 'Object Repository/New_User_Latest/NewUserCreation_span_Afghanistan' (Root cause: org.openqa.selenium.WebDriverException: unknown error: Element &lt;span>...&lt;/span> is not clickable at point (909, 189). Other element would receive the click: &lt;div class=&quot;addUserForm&quot;>...&lt;/div>
  (Session info: chrome=72.0.3626.119)
  (Driver info: chromedriver=2.43.600210 (68dcf5eebde37173d4027fa8635e332711d2874a),platform=Windows NT 6.1.7601 SP1 x86_64) (WARNING: The server did not provide any stacktrace information)
Command duration or timeout: 0 milliseconds
Build info: version: '3.7.1', revision: '8a0099a', time: '2017-11-06T21:07:36.161Z'
System info: host: 'ABHISHEK-PASHIN', ip: '10.21.7.147', os.name: 'Windows 7', os.arch: 'amd64', os.version: '6.1', java.version: '1.8.0_181'
Driver info: com.kms.katalon.selenium.driver.CChromeDriver
Capabilities {acceptInsecureCerts: false, acceptSslCerts: false, applicationCacheEnabled: false, browserConnectionEnabled: false, browserName: chrome, chrome: {chromedriverVersion: 2.43.600210 (68dcf5eebde371..., userDataDir: C:\Users\PASHIN~1\AppData\L...}, cssSelectorsEnabled: true, databaseEnabled: false, goog:chromeOptions: {debuggerAddress: localhost:53354}, handlesAlerts: true, hasTouchScreen: false, javascriptEnabled: true, locationContextEnabled: true, mobileEmulationEnabled: false, nativeEvents: true, networkConnectionEnabled: false, pageLoadStrategy: normal, platform: XP, platformName: XP, rotatable: false, setWindowRect: true, takesHeapSnapshot: true, takesScreenshot: true, unexpectedAlertBehaviour: , unhandledPromptBehavior: , version: 72.0.3626.119, webStorageEnabled: true}
Session ID: ed79a7ce985b007d723603edd8aeea0b)
	at com.kms.katalon.core.keyword.internal.KeywordMain.stepFailed(KeywordMain.groovy:36)
	at com.kms.katalon.core.webui.keyword.internal.WebUIKeywordMain.stepFailed(WebUIKeywordMain.groovy:65)
	at com.kms.katalon.core.webui.keyword.internal.WebUIKeywordMain.runKeyword(WebUIKeywordMain.groovy:27)
	at com.kms.katalon.core.webui.keyword.builtin.ClickKeyword.click(ClickKeyword.groovy:86)
	at com.kms.katalon.core.webui.keyword.builtin.ClickKeyword.execute(ClickKeyword.groovy:67)
	at com.kms.katalon.core.keyword.internal.KeywordExecutor.executeKeywordForPlatform(KeywordExecutor.groovy:53)
	at com.kms.katalon.core.webui.keyword.WebUiBuiltInKeywords.click(WebUiBuiltInKeywords.groovy:616)
	at com.kms.katalon.core.webui.keyword.WebUiBuiltInKeywords$click$3.call(Unknown Source)
	at NewInternalUser.run(NewInternalUser:48)
	at com.kms.katalon.core.main.ScriptEngine.run(ScriptEngine.java:194)
	at com.kms.katalon.core.main.ScriptEngine.runScriptAsRawText(ScriptEngine.java:119)
	at com.kms.katalon.core.main.TestCaseExecutor.runScript(TestCaseExecutor.java:328)
	at com.kms.katalon.core.main.TestCaseExecutor.doExecute(TestCaseExecutor.java:319)
	at com.kms.katalon.core.main.TestCaseExecutor.processExecutionPhase(TestCaseExecutor.java:298)
	at com.kms.katalon.core.main.TestCaseExecutor.accessMainPhase(TestCaseExecutor.java:290)
	at com.kms.katalon.core.main.TestCaseExecutor.execute(TestCaseExecutor.java:224)
	at com.kms.katalon.core.main.TestSuiteExecutor.accessTestCaseMainPhase(TestSuiteExecutor.java:129)
	at com.kms.katalon.core.main.TestSuiteExecutor.accessTestSuiteMainPhase(TestSuiteExecutor.java:112)
	at com.kms.katalon.core.main.TestSuiteExecutor.execute(TestSuiteExecutor.java:81)
	at com.kms.katalon.core.main.TestCaseMain.startTestSuite(TestCaseMain.java:149)
	at com.kms.katalon.core.main.TestCaseMain$startTestSuite$0.call(Unknown Source)
	at TempTestSuite1551346087874.run(TempTestSuite1551346087874.groovy:36)
"/>
         <system-out><![CDATA[2019-02-28 14:59:36 - [TEST_CASE][FAILED] - Test Cases/AdminTools/NewInternalUser: Test Cases/AdminTools/NewInternalUser FAILED.
Reason:
com.kms.katalon.core.exception.StepFailedException: Unable to click on object 'Object Repository/New_User_Latest/NewUserCreation_span_Afghanistan' (Root cause: org.openqa.selenium.WebDriverException: unknown error: Element <span>...</span> is not clickable at point (909, 189). Other element would receive the click: <div class="addUserForm">...</div>
  (Session info: chrome=72.0.3626.119)
  (Driver info: chromedriver=2.43.600210 (68dcf5eebde37173d4027fa8635e332711d2874a),platform=Windows NT 6.1.7601 SP1 x86_64) (WARNING: The server did not provide any stacktrace information)
Command duration or timeout: 0 milliseconds
Build info: version: '3.7.1', revision: '8a0099a', time: '2017-11-06T21:07:36.161Z'
System info: host: 'ABHISHEK-PASHIN', ip: '10.21.7.147', os.name: 'Windows 7', os.arch: 'amd64', os.version: '6.1', java.version: '1.8.0_181'
Driver info: com.kms.katalon.selenium.driver.CChromeDriver
Capabilities {acceptInsecureCerts: false, acceptSslCerts: false, applicationCacheEnabled: false, browserConnectionEnabled: false, browserName: chrome, chrome: {chromedriverVersion: 2.43.600210 (68dcf5eebde371..., userDataDir: C:\Users\PASHIN~1\AppData\L...}, cssSelectorsEnabled: true, databaseEnabled: false, goog:chromeOptions: {debuggerAddress: localhost:53354}, handlesAlerts: true, hasTouchScreen: false, javascriptEnabled: true, locationContextEnabled: true, mobileEmulationEnabled: false, nativeEvents: true, networkConnectionEnabled: false, pageLoadStrategy: normal, platform: XP, platformName: XP, rotatable: false, setWindowRect: true, takesHeapSnapshot: true, takesScreenshot: true, unexpectedAlertBehaviour: , unhandledPromptBehavior: , version: 72.0.3626.119, webStorageEnabled: true}
Session ID: ed79a7ce985b007d723603edd8aeea0b)
	at com.kms.katalon.core.keyword.internal.KeywordMain.stepFailed(KeywordMain.groovy:36)
	at com.kms.katalon.core.webui.keyword.internal.WebUIKeywordMain.stepFailed(WebUIKeywordMain.groovy:65)
	at com.kms.katalon.core.webui.keyword.internal.WebUIKeywordMain.runKeyword(WebUIKeywordMain.groovy:27)
	at com.kms.katalon.core.webui.keyword.builtin.ClickKeyword.click(ClickKeyword.groovy:86)
	at com.kms.katalon.core.webui.keyword.builtin.ClickKeyword.execute(ClickKeyword.groovy:67)
	at com.kms.katalon.core.keyword.internal.KeywordExecutor.executeKeywordForPlatform(KeywordExecutor.groovy:53)
	at com.kms.katalon.core.webui.keyword.WebUiBuiltInKeywords.click(WebUiBuiltInKeywords.groovy:616)
	at com.kms.katalon.core.webui.keyword.WebUiBuiltInKeywords$click$3.call(Unknown Source)
	at NewInternalUser.run(NewInternalUser:48)
	at com.kms.katalon.core.main.ScriptEngine.run(ScriptEngine.java:194)
	at com.kms.katalon.core.main.ScriptEngine.runScriptAsRawText(ScriptEngine.java:119)
	at com.kms.katalon.core.main.TestCaseExecutor.runScript(TestCaseExecutor.java:328)
	at com.kms.katalon.core.main.TestCaseExecutor.doExecute(TestCaseExecutor.java:319)
	at com.kms.katalon.core.main.TestCaseExecutor.processExecutionPhase(TestCaseExecutor.java:298)
	at com.kms.katalon.core.main.TestCaseExecutor.accessMainPhase(TestCaseExecutor.java:290)
	at com.kms.katalon.core.main.TestCaseExecutor.execute(TestCaseExecutor.java:224)
	at com.kms.katalon.core.main.TestSuiteExecutor.accessTestCaseMainPhase(TestSuiteExecutor.java:129)
	at com.kms.katalon.core.main.TestSuiteExecutor.accessTestSuiteMainPhase(TestSuiteExecutor.java:112)
	at com.kms.katalon.core.main.TestSuiteExecutor.execute(TestSuiteExecutor.java:81)
	at com.kms.katalon.core.main.TestCaseMain.startTestSuite(TestCaseMain.java:149)
	at com.kms.katalon.core.main.TestCaseMain$startTestSuite$0.call(Unknown Source)
	at TempTestSuite1551346087874.run(TempTestSuite1551346087874.groovy:36)


2019-02-28 14:59:37 - [TEST_STEP][PASSED] - openBrowser(""): Browser is opened with url: ''

2019-02-28 14:59:37 - [MESSAGE][INFO] - Starting 'Chrome' driver

2019-02-28 14:59:39 - [MESSAGE][PASSED] - Browser is opened with url: ''

2019-02-28 14:59:39 - [TEST_STEP][PASSED] - navigateToUrl(URL): Navigate to 'https://test2.stage.safetychain.com' successfully

2019-02-28 15:00:10 - [MESSAGE][PASSED] - Navigate to 'https://test2.stage.safetychain.com' successfully

2019-02-28 15:00:10 - [TEST_STEP][PASSED] - maximizeWindow(): Current window maximized

2019-02-28 15:00:11 - [MESSAGE][PASSED] - Current window maximized

2019-02-28 15:00:11 - [TEST_STEP][PASSED] - setText(findTestObject("New_User_Latest/NewUserCreation_input_USER NAME_Username"), UserName): Text 'tester' is set on object 'Object Repository/New_User_Latest/NewUserCreation_input_USER NAME_Username'

2019-02-28 15:00:15 - [MESSAGE][PASSED] - Text 'tester' is set on object 'Object Repository/New_User_Latest/NewUserCreation_input_USER NAME_Username'

2019-02-28 15:00:15 - [TEST_STEP][PASSED] - setText(findTestObject("New_User_Latest/NewUserCreation_input_PASSWORD_Password"), Password): Text 'TestSt@ge' is set on object 'Object Repository/New_User_Latest/NewUserCreation_input_PASSWORD_Password'

2019-02-28 15:00:15 - [MESSAGE][PASSED] - Text 'TestSt@ge' is set on object 'Object Repository/New_User_Latest/NewUserCreation_input_PASSWORD_Password'

2019-02-28 15:00:15 - [TEST_STEP][PASSED] - click(findTestObject("New_User_Latest/NewUserCreation_button_LOGIN")): Object: 'Object Repository/New_User_Latest/NewUserCreation_button_LOGIN' is clicked on

2019-02-28 15:00:17 - [MESSAGE][PASSED] - Object: 'Object Repository/New_User_Latest/NewUserCreation_button_LOGIN' is clicked on

2019-02-28 15:00:17 - [TEST_STEP][PASSED] - click(findTestObject("New_User_Latest/NewUserCreation_use")): Object: 'Object Repository/New_User_Latest/NewUserCreation_use' is clicked on

2019-02-28 15:00:22 - [MESSAGE][PASSED] - Object: 'Object Repository/New_User_Latest/NewUserCreation_use' is clicked on

2019-02-28 15:00:22 - [TEST_STEP][PASSED] - click(findTestObject("New_User_Latest/NewUserCreation_div_Admin Tools")): Object: 'Object Repository/New_User_Latest/NewUserCreation_div_Admin Tools' is clicked on

2019-02-28 15:00:27 - [MESSAGE][PASSED] - Object: 'Object Repository/New_User_Latest/NewUserCreation_div_Admin Tools' is clicked on

2019-02-28 15:00:27 - [TEST_STEP][PASSED] - click(findTestObject("New_User_Latest/NewUserCreation_div_Users")): Object: 'Object Repository/New_User_Latest/NewUserCreation_div_Users' is clicked on

2019-02-28 15:00:27 - [MESSAGE][PASSED] - Object: 'Object Repository/New_User_Latest/NewUserCreation_div_Users' is clicked on

2019-02-28 15:00:27 - [TEST_STEP][PASSED] - click(findTestObject("New_User_Latest/NewUserCreation_div_ADD NEW")): Object: 'Object Repository/New_User_Latest/NewUserCreation_div_ADD NEW' is clicked on

2019-02-28 15:00:30 - [MESSAGE][PASSED] - Object: 'Object Repository/New_User_Latest/NewUserCreation_div_ADD NEW' is clicked on

2019-02-28 15:00:30 - [TEST_STEP][PASSED] - RandomRoles.clickName(findTestObject("New_User_Latest/NewUserCreation_input_User Name_txtUserName")): RandomRoles.clickName is PASSED

2019-02-28 15:00:36 - [MESSAGE][PASSED] - RandomRoles.clickName is PASSED

2019-02-28 15:00:36 - [TEST_STEP][NOT_RUN] - setText(findTestObject("New_User_Latest/NewUserCreation_input_User Name_txtUserName"), "anan"): NOT_RUN: setText(findTestObject("New_User_Latest/NewUserCreation_input_User Name_txtUserName"), "anan")

2019-02-28 15:00:36 - [MESSAGE][NOT_RUN] - NOT_RUN: setText(findTestObject("New_User_Latest/NewUserCreation_input_User Name_txtUserName"), "anan")

2019-02-28 15:00:36 - [TEST_STEP][PASSED] - setEncryptedText(findTestObject("New_User_Latest/NewUserCreation_input_Password_txtUserPassword"), "8SQVv/p9jVQJB1dwUUG01g=="): Text ****** has been set on object 'Object Repository/New_User_Latest/NewUserCreation_input_Password_txtUserPassword'

2019-02-28 15:00:36 - [MESSAGE][PASSED] - Text ****** has been set on object 'Object Repository/New_User_Latest/NewUserCreation_input_Password_txtUserPassword'

2019-02-28 15:00:36 - [TEST_STEP][PASSED] - setText(findTestObject("New_User_Latest/NewUserCreation_input_First Name_ng-untouched"), "anan"): Text 'anan' is set on object 'Object Repository/New_User_Latest/NewUserCreation_input_First Name_ng-untouched'

2019-02-28 15:00:36 - [MESSAGE][PASSED] - Text 'anan' is set on object 'Object Repository/New_User_Latest/NewUserCreation_input_First Name_ng-untouched'

2019-02-28 15:00:36 - [TEST_STEP][PASSED] - setText(findTestObject("New_User_Latest/NewUserCreation_input_Last Name_ng-valid ng-va"), "s"): Text 's' is set on object 'Object Repository/New_User_Latest/NewUserCreation_input_Last Name_ng-valid ng-va'

2019-02-28 15:00:36 - [MESSAGE][PASSED] - Text 's' is set on object 'Object Repository/New_User_Latest/NewUserCreation_input_Last Name_ng-valid ng-va'

2019-02-28 15:00:36 - [TEST_STEP][PASSED] - setText(findTestObject("New_User_Latest/NewUserCreation_input_Email_ng-valid ng-valid-"), "aishwarya@email.com"): Text 'aishwarya@email.com' is set on object 'Object Repository/New_User_Latest/NewUserCreation_input_Email_ng-valid ng-valid-'

2019-02-28 15:00:37 - [MESSAGE][PASSED] - Text 'aishwarya@email.com' is set on object 'Object Repository/New_User_Latest/NewUserCreation_input_Email_ng-valid ng-valid-'

2019-02-28 15:00:37 - [TEST_STEP][FAILED] - click(findTestObject("New_User_Latest/NewUserCreation_span_Afghanistan")): click(findTestObject("New_User_Latest/NewUserCreation_span_Afghanistan")) FAILED.
Reason:
com.kms.katalon.core.exception.StepFailedException: Unable to click on object 'Object Repository/New_User_Latest/NewUserCreation_span_Afghanistan' (Root cause: org.openqa.selenium.WebDriverException: unknown error: Element <span>...</span> is not clickable at point (909, 189). Other element would receive the click: <div class="addUserForm">...</div>
  (Session info: chrome=72.0.3626.119)
  (Driver info: chromedriver=2.43.600210 (68dcf5eebde37173d4027fa8635e332711d2874a),platform=Windows NT 6.1.7601 SP1 x86_64) (WARNING: The server did not provide any stacktrace information)
Command duration or timeout: 0 milliseconds
Build info: version: '3.7.1', revision: '8a0099a', time: '2017-11-06T21:07:36.161Z'
System info: host: 'ABHISHEK-PASHIN', ip: '10.21.7.147', os.name: 'Windows 7', os.arch: 'amd64', os.version: '6.1', java.version: '1.8.0_181'
Driver info: com.kms.katalon.selenium.driver.CChromeDriver
Capabilities {acceptInsecureCerts: false, acceptSslCerts: false, applicationCacheEnabled: false, browserConnectionEnabled: false, browserName: chrome, chrome: {chromedriverVersion: 2.43.600210 (68dcf5eebde371..., userDataDir: C:\Users\PASHIN~1\AppData\L...}, cssSelectorsEnabled: true, databaseEnabled: false, goog:chromeOptions: {debuggerAddress: localhost:53354}, handlesAlerts: true, hasTouchScreen: false, javascriptEnabled: true, locationContextEnabled: true, mobileEmulationEnabled: false, nativeEvents: true, networkConnectionEnabled: false, pageLoadStrategy: normal, platform: XP, platformName: XP, rotatable: false, setWindowRect: true, takesHeapSnapshot: true, takesScreenshot: true, unexpectedAlertBehaviour: , unhandledPromptBehavior: , version: 72.0.3626.119, webStorageEnabled: true}
Session ID: ed79a7ce985b007d723603edd8aeea0b)
	at com.kms.katalon.core.keyword.internal.KeywordMain.stepFailed(KeywordMain.groovy:36)
	at com.kms.katalon.core.webui.keyword.internal.WebUIKeywordMain.stepFailed(WebUIKeywordMain.groovy:65)
	at com.kms.katalon.core.webui.keyword.internal.WebUIKeywordMain.runKeyword(WebUIKeywordMain.groovy:27)
	at com.kms.katalon.core.webui.keyword.builtin.ClickKeyword.click(ClickKeyword.groovy:86)
	at com.kms.katalon.core.webui.keyword.builtin.ClickKeyword.execute(ClickKeyword.groovy:67)
	at com.kms.katalon.core.keyword.internal.KeywordExecutor.executeKeywordForPlatform(KeywordExecutor.groovy:53)
	at com.kms.katalon.core.webui.keyword.WebUiBuiltInKeywords.click(WebUiBuiltInKeywords.groovy:616)
	at com.kms.katalon.core.webui.keyword.WebUiBuiltInKeywords$click$3.call(Unknown Source)
	at NewInternalUser.run(NewInternalUser:48)
	at com.kms.katalon.core.main.ScriptEngine.run(ScriptEngine.java:194)
	at com.kms.katalon.core.main.ScriptEngine.runScriptAsRawText(ScriptEngine.java:119)
	at com.kms.katalon.core.main.TestCaseExecutor.runScript(TestCaseExecutor.java:328)
	at com.kms.katalon.core.main.TestCaseExecutor.doExecute(TestCaseExecutor.java:319)
	at com.kms.katalon.core.main.TestCaseExecutor.processExecutionPhase(TestCaseExecutor.java:298)
	at com.kms.katalon.core.main.TestCaseExecutor.accessMainPhase(TestCaseExecutor.java:290)
	at com.kms.katalon.core.main.TestCaseExecutor.execute(TestCaseExecutor.java:224)
	at com.kms.katalon.core.main.TestSuiteExecutor.accessTestCaseMainPhase(TestSuiteExecutor.java:129)
	at com.kms.katalon.core.main.TestSuiteExecutor.accessTestSuiteMainPhase(TestSuiteExecutor.java:112)
	at com.kms.katalon.core.main.TestSuiteExecutor.execute(TestSuiteExecutor.java:81)
	at com.kms.katalon.core.main.TestCaseMain.startTestSuite(TestCaseMain.java:149)
	at com.kms.katalon.core.main.TestCaseMain$startTestSuite$0.call(Unknown Source)
	at TempTestSuite1551346087874.run(TempTestSuite1551346087874.groovy:36)


2019-02-28 15:00:37 - [MESSAGE][FAILED] - Unable to click on object 'Object Repository/New_User_Latest/NewUserCreation_span_Afghanistan' (Root cause: org.openqa.selenium.WebDriverException: unknown error: Element <span>...</span> is not clickable at point (909, 189). Other element would receive the click: <div class="addUserForm">...</div>
  (Session info: chrome=72.0.3626.119)
  (Driver info: chromedriver=2.43.600210 (68dcf5eebde37173d4027fa8635e332711d2874a),platform=Windows NT 6.1.7601 SP1 x86_64) (WARNING: The server did not provide any stacktrace information)
Command duration or timeout: 0 milliseconds
Build info: version: '3.7.1', revision: '8a0099a', time: '2017-11-06T21:07:36.161Z'
System info: host: 'ABHISHEK-PASHIN', ip: '10.21.7.147', os.name: 'Windows 7', os.arch: 'amd64', os.version: '6.1', java.version: '1.8.0_181'
Driver info: com.kms.katalon.selenium.driver.CChromeDriver
Capabilities {acceptInsecureCerts: false, acceptSslCerts: false, applicationCacheEnabled: false, browserConnectionEnabled: false, browserName: chrome, chrome: {chromedriverVersion: 2.43.600210 (68dcf5eebde371..., userDataDir: C:\Users\PASHIN~1\AppData\L...}, cssSelectorsEnabled: true, databaseEnabled: false, goog:chromeOptions: {debuggerAddress: localhost:53354}, handlesAlerts: true, hasTouchScreen: false, javascriptEnabled: true, locationContextEnabled: true, mobileEmulationEnabled: false, nativeEvents: true, networkConnectionEnabled: false, pageLoadStrategy: normal, platform: XP, platformName: XP, rotatable: false, setWindowRect: true, takesHeapSnapshot: true, takesScreenshot: true, unexpectedAlertBehaviour: , unhandledPromptBehavior: , version: 72.0.3626.119, webStorageEnabled: true}
Session ID: ed79a7ce985b007d723603edd8aeea0b)
[[ATTACHMENT|D:\\Git Data\\SafetyChain-Test-Automation-Katalon\\Reports\\Admin_Tools\\20190228_145807\\1551346237218.png]]

2019-02-28 15:00:37 - [MESSAGE][FAILED] - click(findTestObject("New_User_Latest/NewUserCreation_span_Afghanistan")) FAILED.
Reason:
com.kms.katalon.core.exception.StepFailedException: Unable to click on object 'Object Repository/New_User_Latest/NewUserCreation_span_Afghanistan' (Root cause: org.openqa.selenium.WebDriverException: unknown error: Element <span>...</span> is not clickable at point (909, 189). Other element would receive the click: <div class="addUserForm">...</div>
  (Session info: chrome=72.0.3626.119)
  (Driver info: chromedriver=2.43.600210 (68dcf5eebde37173d4027fa8635e332711d2874a),platform=Windows NT 6.1.7601 SP1 x86_64) (WARNING: The server did not provide any stacktrace information)
Command duration or timeout: 0 milliseconds
Build info: version: '3.7.1', revision: '8a0099a', time: '2017-11-06T21:07:36.161Z'
System info: host: 'ABHISHEK-PASHIN', ip: '10.21.7.147', os.name: 'Windows 7', os.arch: 'amd64', os.version: '6.1', java.version: '1.8.0_181'
Driver info: com.kms.katalon.selenium.driver.CChromeDriver
Capabilities {acceptInsecureCerts: false, acceptSslCerts: false, applicationCacheEnabled: false, browserConnectionEnabled: false, browserName: chrome, chrome: {chromedriverVersion: 2.43.600210 (68dcf5eebde371..., userDataDir: C:\Users\PASHIN~1\AppData\L...}, cssSelectorsEnabled: true, databaseEnabled: false, goog:chromeOptions: {debuggerAddress: localhost:53354}, handlesAlerts: true, hasTouchScreen: false, javascriptEnabled: true, locationContextEnabled: true, mobileEmulationEnabled: false, nativeEvents: true, networkConnectionEnabled: false, pageLoadStrategy: normal, platform: XP, platformName: XP, rotatable: false, setWindowRect: true, takesHeapSnapshot: true, takesScreenshot: true, unexpectedAlertBehaviour: , unhandledPromptBehavior: , version: 72.0.3626.119, webStorageEnabled: true}
Session ID: ed79a7ce985b007d723603edd8aeea0b)
	at com.kms.katalon.core.keyword.internal.KeywordMain.stepFailed(KeywordMain.groovy:36)
	at com.kms.katalon.core.webui.keyword.internal.WebUIKeywordMain.stepFailed(WebUIKeywordMain.groovy:65)
	at com.kms.katalon.core.webui.keyword.internal.WebUIKeywordMain.runKeyword(WebUIKeywordMain.groovy:27)
	at com.kms.katalon.core.webui.keyword.builtin.ClickKeyword.click(ClickKeyword.groovy:86)
	at com.kms.katalon.core.webui.keyword.builtin.ClickKeyword.execute(ClickKeyword.groovy:67)
	at com.kms.katalon.core.keyword.internal.KeywordExecutor.executeKeywordForPlatform(KeywordExecutor.groovy:53)
	at com.kms.katalon.core.webui.keyword.WebUiBuiltInKeywords.click(WebUiBuiltInKeywords.groovy:616)
	at com.kms.katalon.core.webui.keyword.WebUiBuiltInKeywords$click$3.call(Unknown Source)
	at NewInternalUser.run(NewInternalUser:48)
	at com.kms.katalon.core.main.ScriptEngine.run(ScriptEngine.java:194)
	at com.kms.katalon.core.main.ScriptEngine.runScriptAsRawText(ScriptEngine.java:119)
	at com.kms.katalon.core.main.TestCaseExecutor.runScript(TestCaseExecutor.java:328)
	at com.kms.katalon.core.main.TestCaseExecutor.doExecute(TestCaseExecutor.java:319)
	at com.kms.katalon.core.main.TestCaseExecutor.processExecutionPhase(TestCaseExecutor.java:298)
	at com.kms.katalon.core.main.TestCaseExecutor.accessMainPhase(TestCaseExecutor.java:290)
	at com.kms.katalon.core.main.TestCaseExecutor.execute(TestCaseExecutor.java:224)
	at com.kms.katalon.core.main.TestSuiteExecutor.accessTestCaseMainPhase(TestSuiteExecutor.java:129)
	at com.kms.katalon.core.main.TestSuiteExecutor.accessTestSuiteMainPhase(TestSuiteExecutor.java:112)
	at com.kms.katalon.core.main.TestSuiteExecutor.execute(TestSuiteExecutor.java:81)
	at com.kms.katalon.core.main.TestCaseMain.startTestSuite(TestCaseMain.java:149)
	at com.kms.katalon.core.main.TestCaseMain$startTestSuite$0.call(Unknown Source)
	at TempTestSuite1551346087874.run(TempTestSuite1551346087874.groovy:36)]]></system-out>
         <system-err><![CDATA[2019-02-28 14:59:36 - [TEST_CASE][FAILED] - Test Cases/AdminTools/NewInternalUser: Test Cases/AdminTools/NewInternalUser FAILED.
Reason:
com.kms.katalon.core.exception.StepFailedException: Unable to click on object 'Object Repository/New_User_Latest/NewUserCreation_span_Afghanistan' (Root cause: org.openqa.selenium.WebDriverException: unknown error: Element <span>...</span> is not clickable at point (909, 189). Other element would receive the click: <div class="addUserForm">...</div>
  (Session info: chrome=72.0.3626.119)
  (Driver info: chromedriver=2.43.600210 (68dcf5eebde37173d4027fa8635e332711d2874a),platform=Windows NT 6.1.7601 SP1 x86_64) (WARNING: The server did not provide any stacktrace information)
Command duration or timeout: 0 milliseconds
Build info: version: '3.7.1', revision: '8a0099a', time: '2017-11-06T21:07:36.161Z'
System info: host: 'ABHISHEK-PASHIN', ip: '10.21.7.147', os.name: 'Windows 7', os.arch: 'amd64', os.version: '6.1', java.version: '1.8.0_181'
Driver info: com.kms.katalon.selenium.driver.CChromeDriver
Capabilities {acceptInsecureCerts: false, acceptSslCerts: false, applicationCacheEnabled: false, browserConnectionEnabled: false, browserName: chrome, chrome: {chromedriverVersion: 2.43.600210 (68dcf5eebde371..., userDataDir: C:\Users\PASHIN~1\AppData\L...}, cssSelectorsEnabled: true, databaseEnabled: false, goog:chromeOptions: {debuggerAddress: localhost:53354}, handlesAlerts: true, hasTouchScreen: false, javascriptEnabled: true, locationContextEnabled: true, mobileEmulationEnabled: false, nativeEvents: true, networkConnectionEnabled: false, pageLoadStrategy: normal, platform: XP, platformName: XP, rotatable: false, setWindowRect: true, takesHeapSnapshot: true, takesScreenshot: true, unexpectedAlertBehaviour: , unhandledPromptBehavior: , version: 72.0.3626.119, webStorageEnabled: true}
Session ID: ed79a7ce985b007d723603edd8aeea0b)
	at com.kms.katalon.core.keyword.internal.KeywordMain.stepFailed(KeywordMain.groovy:36)
	at com.kms.katalon.core.webui.keyword.internal.WebUIKeywordMain.stepFailed(WebUIKeywordMain.groovy:65)
	at com.kms.katalon.core.webui.keyword.internal.WebUIKeywordMain.runKeyword(WebUIKeywordMain.groovy:27)
	at com.kms.katalon.core.webui.keyword.builtin.ClickKeyword.click(ClickKeyword.groovy:86)
	at com.kms.katalon.core.webui.keyword.builtin.ClickKeyword.execute(ClickKeyword.groovy:67)
	at com.kms.katalon.core.keyword.internal.KeywordExecutor.executeKeywordForPlatform(KeywordExecutor.groovy:53)
	at com.kms.katalon.core.webui.keyword.WebUiBuiltInKeywords.click(WebUiBuiltInKeywords.groovy:616)
	at com.kms.katalon.core.webui.keyword.WebUiBuiltInKeywords$click$3.call(Unknown Source)
	at NewInternalUser.run(NewInternalUser:48)
	at com.kms.katalon.core.main.ScriptEngine.run(ScriptEngine.java:194)
	at com.kms.katalon.core.main.ScriptEngine.runScriptAsRawText(ScriptEngine.java:119)
	at com.kms.katalon.core.main.TestCaseExecutor.runScript(TestCaseExecutor.java:328)
	at com.kms.katalon.core.main.TestCaseExecutor.doExecute(TestCaseExecutor.java:319)
	at com.kms.katalon.core.main.TestCaseExecutor.processExecutionPhase(TestCaseExecutor.java:298)
	at com.kms.katalon.core.main.TestCaseExecutor.accessMainPhase(TestCaseExecutor.java:290)
	at com.kms.katalon.core.main.TestCaseExecutor.execute(TestCaseExecutor.java:224)
	at com.kms.katalon.core.main.TestSuiteExecutor.accessTestCaseMainPhase(TestSuiteExecutor.java:129)
	at com.kms.katalon.core.main.TestSuiteExecutor.accessTestSuiteMainPhase(TestSuiteExecutor.java:112)
	at com.kms.katalon.core.main.TestSuiteExecutor.execute(TestSuiteExecutor.java:81)
	at com.kms.katalon.core.main.TestCaseMain.startTestSuite(TestCaseMain.java:149)
	at com.kms.katalon.core.main.TestCaseMain$startTestSuite$0.call(Unknown Source)
	at TempTestSuite1551346087874.run(TempTestSuite1551346087874.groovy:36)]]></system-err>
      </testcase>
      <testcase name="Test Cases/AdminTools/Roles" classname="Test Cases/AdminTools/Roles" status="PASSED">
         <system-out><![CDATA[2019-02-28 15:00:37 - [TEST_CASE][PASSED] - Test Cases/AdminTools/Roles: Test Cases/AdminTools/Roles

2019-02-28 15:00:37 - [TEST_STEP][PASSED] - openBrowser(""): Browser is opened with url: ''

2019-02-28 15:00:37 - [MESSAGE][WARNING] - A browser is already opened. Closing browser and opening a new one

2019-02-28 15:00:38 - [MESSAGE][INFO] - Starting 'Chrome' driver

2019-02-28 15:00:41 - [MESSAGE][PASSED] - Browser is opened with url: ''

2019-02-28 15:00:41 - [TEST_STEP][PASSED] - navigateToUrl(URL): Navigate to 'https://test2.stage.safetychain.com' successfully

2019-02-28 15:01:14 - [MESSAGE][PASSED] - Navigate to 'https://test2.stage.safetychain.com' successfully

2019-02-28 15:01:14 - [TEST_STEP][PASSED] - maximizeWindow(): Current window maximized

2019-02-28 15:01:15 - [MESSAGE][PASSED] - Current window maximized

2019-02-28 15:01:15 - [TEST_STEP][PASSED] - setText(findTestObject("Role-Latest/ManageRoles_input_USER NAME_Username"), UserName): Text 'tester' is set on object 'Object Repository/Role-Latest/ManageRoles_input_USER NAME_Username'

2019-02-28 15:01:19 - [MESSAGE][PASSED] - Text 'tester' is set on object 'Object Repository/Role-Latest/ManageRoles_input_USER NAME_Username'

2019-02-28 15:01:19 - [TEST_STEP][PASSED] - setText(findTestObject("Role-Latest/ManageRoles_input_PASSWORD_Password"), Password): Text 'TestSt@ge' is set on object 'Object Repository/Role-Latest/ManageRoles_input_PASSWORD_Password'

2019-02-28 15:01:19 - [MESSAGE][PASSED] - Text 'TestSt@ge' is set on object 'Object Repository/Role-Latest/ManageRoles_input_PASSWORD_Password'

2019-02-28 15:01:19 - [TEST_STEP][PASSED] - click(findTestObject("Role-Latest/ManageRoles_button_LOGIN")): Object: 'Object Repository/Role-Latest/ManageRoles_button_LOGIN' is clicked on

2019-02-28 15:01:21 - [MESSAGE][PASSED] - Object: 'Object Repository/Role-Latest/ManageRoles_button_LOGIN' is clicked on

2019-02-28 15:01:21 - [TEST_STEP][PASSED] - click(findTestObject("Role-Latest/ManageRoles_svg_STAGE_scsIcon scs-hamburge")): Object: 'Object Repository/Role-Latest/ManageRoles_svg_STAGE_scsIcon scs-hamburge' is clicked on

2019-02-28 15:01:26 - [MESSAGE][PASSED] - Object: 'Object Repository/Role-Latest/ManageRoles_svg_STAGE_scsIcon scs-hamburge' is clicked on

2019-02-28 15:01:26 - [TEST_STEP][PASSED] - click(findTestObject("Role-Latest/ManageRoles_div_Admin Tools")): Object: 'Object Repository/Role-Latest/ManageRoles_div_Admin Tools' is clicked on

2019-02-28 15:01:26 - [MESSAGE][PASSED] - Object: 'Object Repository/Role-Latest/ManageRoles_div_Admin Tools' is clicked on

2019-02-28 15:01:26 - [TEST_STEP][PASSED] - click(findTestObject("Role-Latest/ManageRoles_div_Roles")): Object: 'Object Repository/Role-Latest/ManageRoles_div_Roles' is clicked on

2019-02-28 15:01:27 - [MESSAGE][PASSED] - Object: 'Object Repository/Role-Latest/ManageRoles_div_Roles' is clicked on

2019-02-28 15:01:27 - [TEST_STEP][PASSED] - click(findTestObject("Role-Latest/ManageRoles_i_UserAdmin_fa fa-plus-circle")): Object: 'Object Repository/Role-Latest/ManageRoles_i_UserAdmin_fa fa-plus-circle' is clicked on

2019-02-28 15:01:27 - [MESSAGE][PASSED] - Object: 'Object Repository/Role-Latest/ManageRoles_i_UserAdmin_fa fa-plus-circle' is clicked on

2019-02-28 15:01:27 - [TEST_STEP][PASSED] - RandomRoles.clickElement(findTestObject("Role-Latest/ManageRoles_input_UserAdmin_scs-list-view-")): RandomRoles.clickElement is PASSED

2019-02-28 15:01:27 - [MESSAGE][PASSED] - RandomRoles.clickElement is PASSED

2019-02-28 15:01:27 - [TEST_STEP][PASSED] - click(findTestObject("Role-Latest/ManageRoles_div_SAVE")): Object: 'Object Repository/Role-Latest/ManageRoles_div_SAVE' is clicked on

2019-02-28 15:01:31 - [MESSAGE][PASSED] - Object: 'Object Repository/Role-Latest/ManageRoles_div_SAVE' is clicked on

2019-02-28 15:01:31 - [TEST_STEP][PASSED] - Thread.sleep(6000): null

2019-02-28 15:01:37 - [TEST_STEP][PASSED] - click(findTestObject("User_role Attachment-Latest/UserRoleLink_span_Users")): Object: 'Object Repository/User_role Attachment-Latest/UserRoleLink_span_Users' is clicked on

2019-02-28 15:01:37 - [MESSAGE][PASSED] - Object: 'Object Repository/User_role Attachment-Latest/UserRoleLink_span_Users' is clicked on

2019-02-28 15:01:37 - [TEST_STEP][PASSED] - Thread.sleep(4000): null

2019-02-28 15:01:41 - [TEST_STEP][PASSED] - setText(findTestObject("User_role Attachment-Latest/UserRoleLink_input_SAVE_scs-manage-roles-se"), "Superadmin"): Text 'Superadmin' is set on object 'Object Repository/User_role Attachment-Latest/UserRoleLink_input_SAVE_scs-manage-roles-se'

2019-02-28 15:01:42 - [MESSAGE][PASSED] - Text 'Superadmin' is set on object 'Object Repository/User_role Attachment-Latest/UserRoleLink_input_SAVE_scs-manage-roles-se'

2019-02-28 15:01:42 - [TEST_STEP][PASSED] - Thread.sleep(4000): null

2019-02-28 15:01:46 - [TEST_STEP][PASSED] - click(findTestObject("User_role Attachment-Latest/UserRoleLink_span_SAVE_fa fa-search")): Object: 'Object Repository/User_role Attachment-Latest/UserRoleLink_span_SAVE_fa fa-search' is clicked on

2019-02-28 15:01:46 - [MESSAGE][PASSED] - Object: 'Object Repository/User_role Attachment-Latest/UserRoleLink_span_SAVE_fa fa-search' is clicked on

2019-02-28 15:01:46 - [TEST_STEP][PASSED] - Thread.sleep(4000): null

2019-02-28 15:01:50 - [TEST_STEP][PASSED] - click(findTestObject("User_role Attachment-Latest/UserRoleLink_input_select_scs-grid-row-chec")): Object: 'Object Repository/User_role Attachment-Latest/UserRoleLink_input_select_scs-grid-row-chec' is clicked on

2019-02-28 15:01:50 - [MESSAGE][PASSED] - Object: 'Object Repository/User_role Attachment-Latest/UserRoleLink_input_select_scs-grid-row-chec' is clicked on

2019-02-28 15:01:50 - [TEST_STEP][PASSED] - Thread.sleep(4000): null

2019-02-28 15:01:54 - [TEST_STEP][PASSED] - click(findTestObject("User_role Attachment-Latest/UserRoleLink_div_SAVE")): Object: 'Object Repository/User_role Attachment-Latest/UserRoleLink_div_SAVE' is clicked on

2019-02-28 15:01:54 - [MESSAGE][PASSED] - Object: 'Object Repository/User_role Attachment-Latest/UserRoleLink_div_SAVE' is clicked on

2019-02-28 15:01:54 - [TEST_STEP][PASSED] - Thread.sleep(4000): null

2019-02-28 15:01:58 - [TEST_STEP][PASSED] - click(findTestObject("Role-Latest/ManageRoles_div_adit s_scs-user-icon")): Object: 'Object Repository/Role-Latest/ManageRoles_div_adit s_scs-user-icon' is clicked on

2019-02-28 15:01:58 - [MESSAGE][PASSED] - Object: 'Object Repository/Role-Latest/ManageRoles_div_adit s_scs-user-icon' is clicked on

2019-02-28 15:01:58 - [TEST_STEP][PASSED] - Thread.sleep(5000): null

2019-02-28 15:02:03 - [TEST_STEP][PASSED] - verifyElementChecked(findTestObject("User_role Attachment-Latest/Page_SafetyChain/Page_SafetyChain/ToCheckElementIsTicked"), 5): Object 'Object Repository/User_role Attachment-Latest/Page_SafetyChain/Page_SafetyChain/ToCheckElementIsTicked' is checked

2019-02-28 15:02:03 - [MESSAGE][PASSED] - Object 'Object Repository/User_role Attachment-Latest/Page_SafetyChain/Page_SafetyChain/ToCheckElementIsTicked' is checked

2019-02-28 15:02:03 - [TEST_STEP][PASSED] - click(findTestObject("Role-Latest/ManageRoles_li_Logout")): Object: 'Object Repository/Role-Latest/ManageRoles_li_Logout' is clicked on

2019-02-28 15:02:07 - [MESSAGE][PASSED] - Object: 'Object Repository/Role-Latest/ManageRoles_li_Logout' is clicked on

2019-02-28 15:02:07 - [TEST_STEP][PASSED] - closeBrowser(): Browser is closed

2019-02-28 15:02:08 - [MESSAGE][PASSED] - Browser is closed]]></system-out>
         <system-err><![CDATA[]]></system-err>
      </testcase>
      <testcase name="Test Cases/AdminTools/WorkGroup" classname="Test Cases/AdminTools/WorkGroup" status="PASSED">
         <system-out><![CDATA[2019-02-28 15:02:08 - [TEST_CASE][PASSED] - Test Cases/AdminTools/WorkGroup: Test Cases/AdminTools/WorkGroup

2019-02-28 15:02:08 - [TEST_STEP][PASSED] - sc.sc_customkeywords.UniqueName("WorkGroup"): sc.sc_customkeywords.UniqueName is PASSED

2019-02-28 15:02:08 - [MESSAGE][PASSED] - sc.sc_customkeywords.UniqueName is PASSED

2019-02-28 15:02:08 - [TEST_STEP][PASSED] - openBrowser(""): Browser is opened with url: ''

2019-02-28 15:02:08 - [MESSAGE][INFO] - Starting 'Chrome' driver

2019-02-28 15:02:11 - [MESSAGE][PASSED] - Browser is opened with url: ''

2019-02-28 15:02:11 - [TEST_STEP][PASSED] - maximizeWindow(): Current window maximized

2019-02-28 15:02:12 - [MESSAGE][PASSED] - Current window maximized

2019-02-28 15:02:12 - [TEST_STEP][PASSED] - navigateToUrl(URL): Navigate to 'https://test2.stage.safetychain.com' successfully

2019-02-28 15:02:36 - [MESSAGE][PASSED] - Navigate to 'https://test2.stage.safetychain.com' successfully

2019-02-28 15:02:36 - [TEST_STEP][PASSED] - setText(findTestObject("CommonObjects/Login_UserName"), UserName): Text 'tester' is set on object 'Object Repository/CommonObjects/Login_UserName'

2019-02-28 15:02:41 - [MESSAGE][PASSED] - Text 'tester' is set on object 'Object Repository/CommonObjects/Login_UserName'

2019-02-28 15:02:41 - [TEST_STEP][PASSED] - setText(findTestObject("CommonObjects/Login_Password"), Password): Text 'TestSt@ge' is set on object 'Object Repository/CommonObjects/Login_Password'

2019-02-28 15:02:41 - [MESSAGE][PASSED] - Text 'TestSt@ge' is set on object 'Object Repository/CommonObjects/Login_Password'

2019-02-28 15:02:41 - [TEST_STEP][PASSED] - click(findTestObject("CommonObjects/Login_LoginButton")): Object: 'Object Repository/CommonObjects/Login_LoginButton' is clicked on

2019-02-28 15:02:43 - [MESSAGE][PASSED] - Object: 'Object Repository/CommonObjects/Login_LoginButton' is clicked on

2019-02-28 15:02:43 - [TEST_STEP][PASSED] - click(findTestObject("CommonObjects/FSQA_MainMenu")): Object: 'Object Repository/CommonObjects/FSQA_MainMenu' is clicked on

2019-02-28 15:02:47 - [MESSAGE][PASSED] - Object: 'Object Repository/CommonObjects/FSQA_MainMenu' is clicked on

2019-02-28 15:02:47 - [TEST_STEP][PASSED] - click(findTestObject("CommonObjects/MainMenu_AdminTools")): Object: 'Object Repository/CommonObjects/MainMenu_AdminTools' is clicked on

2019-02-28 15:02:47 - [MESSAGE][PASSED] - Object: 'Object Repository/CommonObjects/MainMenu_AdminTools' is clicked on

2019-02-28 15:02:47 - [TEST_STEP][PASSED] - click(findTestObject("CommonObjects/MainMenu_WorkGroups")): Object: 'Object Repository/CommonObjects/MainMenu_WorkGroups' is clicked on

2019-02-28 15:02:48 - [MESSAGE][PASSED] - Object: 'Object Repository/CommonObjects/MainMenu_WorkGroups' is clicked on

2019-02-28 15:02:48 - [TEST_STEP][PASSED] - click(findTestObject("WorkGroup/WorkGroup_PlusIcon")): Object: 'Object Repository/WorkGroup/WorkGroup_PlusIcon' is clicked on

2019-02-28 15:02:52 - [MESSAGE][PASSED] - Object: 'Object Repository/WorkGroup/WorkGroup_PlusIcon' is clicked on

2019-02-28 15:02:52 - [TEST_STEP][PASSED] - setText(findTestObject("WorkGroup/WorkGroup_AddingNewTextField"), findTestData("TestData").getValue("WorkGroup", 1)): Text 'WorkGroup1551346328646' is set on object 'Object Repository/WorkGroup/WorkGroup_AddingNewTextField'

2019-02-28 15:02:52 - [MESSAGE][PASSED] - Text 'WorkGroup1551346328646' is set on object 'Object Repository/WorkGroup/WorkGroup_AddingNewTextField'

2019-02-28 15:02:52 - [TEST_STEP][PASSED] - click(findTestObject("WorkGroup/WorkGroup_SaveButton")): Object: 'Object Repository/WorkGroup/WorkGroup_SaveButton' is clicked on

2019-02-28 15:02:54 - [MESSAGE][PASSED] - Object: 'Object Repository/WorkGroup/WorkGroup_SaveButton' is clicked on

2019-02-28 15:02:54 - [TEST_STEP][PASSED] - Thread.sleep(3000): null

2019-02-28 15:02:57 - [TEST_STEP][PASSED] - verifyTextPresent(findTestData("TestData").getValue("WorkGroup", 1), false): Text 'WorkGroup1551346328646' is present on page 

2019-02-28 15:02:59 - [MESSAGE][PASSED] - Text 'WorkGroup1551346328646' is present on page 

2019-02-28 15:02:59 - [TEST_STEP][PASSED] - closeBrowser(): Browser is closed

2019-02-28 15:03:00 - [MESSAGE][PASSED] - Browser is closed]]></system-out>
         <system-err><![CDATA[]]></system-err>
      </testcase>
      <system-out><![CDATA[2019-02-28 14:58:10 - [TEST_SUITE][FAILED] - Admin_Tools: Test Cases/AdminTools/NewInternalUser FAILED.
Reason:
com.kms.katalon.core.exception.StepFailedException: Unable to click on object 'Object Repository/New_User_Latest/NewUserCreation_span_Afghanistan' (Root cause: org.openqa.selenium.WebDriverException: unknown error: Element <span>...</span> is not clickable at point (909, 189). Other element would receive the click: <div class="addUserForm">...</div>
  (Session info: chrome=72.0.3626.119)
  (Driver info: chromedriver=2.43.600210 (68dcf5eebde37173d4027fa8635e332711d2874a),platform=Windows NT 6.1.7601 SP1 x86_64) (WARNING: The server did not provide any stacktrace information)
Command duration or timeout: 0 milliseconds
Build info: version: '3.7.1', revision: '8a0099a', time: '2017-11-06T21:07:36.161Z'
System info: host: 'ABHISHEK-PASHIN', ip: '10.21.7.147', os.name: 'Windows 7', os.arch: 'amd64', os.version: '6.1', java.version: '1.8.0_181'
Driver info: com.kms.katalon.selenium.driver.CChromeDriver
Capabilities {acceptInsecureCerts: false, acceptSslCerts: false, applicationCacheEnabled: false, browserConnectionEnabled: false, browserName: chrome, chrome: {chromedriverVersion: 2.43.600210 (68dcf5eebde371..., userDataDir: C:\Users\PASHIN~1\AppData\L...}, cssSelectorsEnabled: true, databaseEnabled: false, goog:chromeOptions: {debuggerAddress: localhost:53354}, handlesAlerts: true, hasTouchScreen: false, javascriptEnabled: true, locationContextEnabled: true, mobileEmulationEnabled: false, nativeEvents: true, networkConnectionEnabled: false, pageLoadStrategy: normal, platform: XP, platformName: XP, rotatable: false, setWindowRect: true, takesHeapSnapshot: true, takesScreenshot: true, unexpectedAlertBehaviour: , unhandledPromptBehavior: , version: 72.0.3626.119, webStorageEnabled: true}
Session ID: ed79a7ce985b007d723603edd8aeea0b)
	at com.kms.katalon.core.keyword.internal.KeywordMain.stepFailed(KeywordMain.groovy:36)
	at com.kms.katalon.core.webui.keyword.internal.WebUIKeywordMain.stepFailed(WebUIKeywordMain.groovy:65)
	at com.kms.katalon.core.webui.keyword.internal.WebUIKeywordMain.runKeyword(WebUIKeywordMain.groovy:27)
	at com.kms.katalon.core.webui.keyword.builtin.ClickKeyword.click(ClickKeyword.groovy:86)
	at com.kms.katalon.core.webui.keyword.builtin.ClickKeyword.execute(ClickKeyword.groovy:67)
	at com.kms.katalon.core.keyword.internal.KeywordExecutor.executeKeywordForPlatform(KeywordExecutor.groovy:53)
	at com.kms.katalon.core.webui.keyword.WebUiBuiltInKeywords.click(WebUiBuiltInKeywords.groovy:616)
	at com.kms.katalon.core.webui.keyword.WebUiBuiltInKeywords$click$3.call(Unknown Source)
	at NewInternalUser.run(NewInternalUser:48)
	at com.kms.katalon.core.main.ScriptEngine.run(ScriptEngine.java:194)
	at com.kms.katalon.core.main.ScriptEngine.runScriptAsRawText(ScriptEngine.java:119)
	at com.kms.katalon.core.main.TestCaseExecutor.runScript(TestCaseExecutor.java:328)
	at com.kms.katalon.core.main.TestCaseExecutor.doExecute(TestCaseExecutor.java:319)
	at com.kms.katalon.core.main.TestCaseExecutor.processExecutionPhase(TestCaseExecutor.java:298)
	at com.kms.katalon.core.main.TestCaseExecutor.accessMainPhase(TestCaseExecutor.java:290)
	at com.kms.katalon.core.main.TestCaseExecutor.execute(TestCaseExecutor.java:224)
	at com.kms.katalon.core.main.TestSuiteExecutor.accessTestCaseMainPhase(TestSuiteExecutor.java:129)
	at com.kms.katalon.core.main.TestSuiteExecutor.accessTestSuiteMainPhase(TestSuiteExecutor.java:112)
	at com.kms.katalon.core.main.TestSuiteExecutor.execute(TestSuiteExecutor.java:81)
	at com.kms.katalon.core.main.TestCaseMain.startTestSuite(TestCaseMain.java:149)
	at com.kms.katalon.core.main.TestCaseMain$startTestSuite$0.call(Unknown Source)
	at TempTestSuite1551346087874.run(TempTestSuite1551346087874.groovy:36)]]></system-out>
      <system-err><![CDATA[2019-02-28 14:58:10 - [TEST_SUITE][FAILED] - Admin_Tools: Test Cases/AdminTools/NewInternalUser FAILED.
Reason:
com.kms.katalon.core.exception.StepFailedException: Unable to click on object 'Object Repository/New_User_Latest/NewUserCreation_span_Afghanistan' (Root cause: org.openqa.selenium.WebDriverException: unknown error: Element <span>...</span> is not clickable at point (909, 189). Other element would receive the click: <div class="addUserForm">...</div>
  (Session info: chrome=72.0.3626.119)
  (Driver info: chromedriver=2.43.600210 (68dcf5eebde37173d4027fa8635e332711d2874a),platform=Windows NT 6.1.7601 SP1 x86_64) (WARNING: The server did not provide any stacktrace information)
Command duration or timeout: 0 milliseconds
Build info: version: '3.7.1', revision: '8a0099a', time: '2017-11-06T21:07:36.161Z'
System info: host: 'ABHISHEK-PASHIN', ip: '10.21.7.147', os.name: 'Windows 7', os.arch: 'amd64', os.version: '6.1', java.version: '1.8.0_181'
Driver info: com.kms.katalon.selenium.driver.CChromeDriver
Capabilities {acceptInsecureCerts: false, acceptSslCerts: false, applicationCacheEnabled: false, browserConnectionEnabled: false, browserName: chrome, chrome: {chromedriverVersion: 2.43.600210 (68dcf5eebde371..., userDataDir: C:\Users\PASHIN~1\AppData\L...}, cssSelectorsEnabled: true, databaseEnabled: false, goog:chromeOptions: {debuggerAddress: localhost:53354}, handlesAlerts: true, hasTouchScreen: false, javascriptEnabled: true, locationContextEnabled: true, mobileEmulationEnabled: false, nativeEvents: true, networkConnectionEnabled: false, pageLoadStrategy: normal, platform: XP, platformName: XP, rotatable: false, setWindowRect: true, takesHeapSnapshot: true, takesScreenshot: true, unexpectedAlertBehaviour: , unhandledPromptBehavior: , version: 72.0.3626.119, webStorageEnabled: true}
Session ID: ed79a7ce985b007d723603edd8aeea0b)
	at com.kms.katalon.core.keyword.internal.KeywordMain.stepFailed(KeywordMain.groovy:36)
	at com.kms.katalon.core.webui.keyword.internal.WebUIKeywordMain.stepFailed(WebUIKeywordMain.groovy:65)
	at com.kms.katalon.core.webui.keyword.internal.WebUIKeywordMain.runKeyword(WebUIKeywordMain.groovy:27)
	at com.kms.katalon.core.webui.keyword.builtin.ClickKeyword.click(ClickKeyword.groovy:86)
	at com.kms.katalon.core.webui.keyword.builtin.ClickKeyword.execute(ClickKeyword.groovy:67)
	at com.kms.katalon.core.keyword.internal.KeywordExecutor.executeKeywordForPlatform(KeywordExecutor.groovy:53)
	at com.kms.katalon.core.webui.keyword.WebUiBuiltInKeywords.click(WebUiBuiltInKeywords.groovy:616)
	at com.kms.katalon.core.webui.keyword.WebUiBuiltInKeywords$click$3.call(Unknown Source)
	at NewInternalUser.run(NewInternalUser:48)
	at com.kms.katalon.core.main.ScriptEngine.run(ScriptEngine.java:194)
	at com.kms.katalon.core.main.ScriptEngine.runScriptAsRawText(ScriptEngine.java:119)
	at com.kms.katalon.core.main.TestCaseExecutor.runScript(TestCaseExecutor.java:328)
	at com.kms.katalon.core.main.TestCaseExecutor.doExecute(TestCaseExecutor.java:319)
	at com.kms.katalon.core.main.TestCaseExecutor.processExecutionPhase(TestCaseExecutor.java:298)
	at com.kms.katalon.core.main.TestCaseExecutor.accessMainPhase(TestCaseExecutor.java:290)
	at com.kms.katalon.core.main.TestCaseExecutor.execute(TestCaseExecutor.java:224)
	at com.kms.katalon.core.main.TestSuiteExecutor.accessTestCaseMainPhase(TestSuiteExecutor.java:129)
	at com.kms.katalon.core.main.TestSuiteExecutor.accessTestSuiteMainPhase(TestSuiteExecutor.java:112)
	at com.kms.katalon.core.main.TestSuiteExecutor.execute(TestSuiteExecutor.java:81)
	at com.kms.katalon.core.main.TestCaseMain.startTestSuite(TestCaseMain.java:149)
	at com.kms.katalon.core.main.TestCaseMain$startTestSuite$0.call(Unknown Source)
	at TempTestSuite1551346087874.run(TempTestSuite1551346087874.groovy:36)]]></system-err>
   </testsuite>
</testsuites>
