<?xml version="1.0" encoding="UTF-8"?>
<testsuites name="DPT" time="222" tests="1" failures="1" errors="0">
   <testsuite name="DPT" tests="1" failures="1" errors="0" time="222" timestamp="2019-02-11 14:32:48" hostname="pashine_a - Abhishek-Pashine.India.XoriantCorp.com" id="Test Suites/DPT">
      <properties>
         <property name="deviceName" value=""/>
         <property name="devicePlatform" value=""/>
         <property name="logFolder" value="D:\\Git Data\\SafetyChain-Test-Automation-Katalon\\Reports\\DPT\\20190211_143246"/>
         <property name="logFiles" value="D:\\Git Data\\SafetyChain-Test-Automation-Katalon\\Reports\\DPT\\20190211_143246\\execution0.log"/>
         <property name="attachments" value="D:\\Git Data\\SafetyChain-Test-Automation-Katalon\\Reports\\DPT\\20190211_143246\\1549875989544.png"/>
         <property name="hostName" value="pashine_a - Abhishek-Pashine.India.XoriantCorp.com"/>
         <property name="os" value="Windows 7 64bit"/>
         <property name="katalonVersion" value="5.10.1.1"/>
         <property name="browser" value="Chrome 71.0.3578.98"/>
         <property name="hostAddress" value="10.21.7.147"/>
         <property name="sessionId" value="6e8c95f4eef4c2ce00b2c8cb2847830b"/>
         <property name="seleniumVersion" value="3.7.1"/>
         <property name="proxyInformation" value="ProxyInformation{proxyOption=NO_PROXY, proxyServerType=HTTP, password=, proxyServerAddress=, proxyServerPort=0}"/>
         <property name="platform" value="Windows 7"/>
      </properties>
      <testcase name="Test Cases/DPT/FormCompliance" classname="Test Cases/DPT/FormCompliance" status="PASSED">
         <system-out><![CDATA[2019-02-11 14:32:48 - [TEST_CASE][PASSED] - Test Cases/DPT/FormCompliance: Test Cases/DPT/FormCompliance

2019-02-11 14:32:49 - [TEST_STEP][NOT_RUN] - click(findTestObject("Form_Selection_Creation/mainMenu_Button")): NOT_RUN: click(findTestObject("Form_Selection_Creation/mainMenu_Button"))

2019-02-11 14:32:49 - [MESSAGE][NOT_RUN] - NOT_RUN: click(findTestObject("Form_Selection_Creation/mainMenu_Button"))

2019-02-11 14:32:49 - [TEST_STEP][PASSED] - openBrowser(URL): Browser is opened with url: 'https://test2.stage.safetychain.com'

2019-02-11 14:32:49 - [MESSAGE][INFO] - Starting 'Chrome' driver

2019-02-11 14:32:49 - [MESSAGE][INFO] - Action delay is set to 0 seconds

2019-02-11 14:33:30 - [MESSAGE][PASSED] - Browser is opened with url: 'https://test2.stage.safetychain.com'

2019-02-11 14:33:30 - [TEST_STEP][PASSED] - maximizeWindow(): Current window maximized

2019-02-11 14:33:31 - [MESSAGE][PASSED] - Current window maximized

2019-02-11 14:33:31 - [TEST_STEP][PASSED] - setText(findTestObject("Form_Selection_Creation/login_Username"), UserName): Text 'tester' is set on object 'Object Repository/Form_Selection_Creation/login_Username'

2019-02-11 14:33:33 - [MESSAGE][PASSED] - Text 'tester' is set on object 'Object Repository/Form_Selection_Creation/login_Username'

2019-02-11 14:33:33 - [TEST_STEP][PASSED] - setText(findTestObject("Form_Selection_Creation/login_Password"), Password): Text 'TestSt@ge' is set on object 'Object Repository/Form_Selection_Creation/login_Password'

2019-02-11 14:33:33 - [MESSAGE][PASSED] - Text 'TestSt@ge' is set on object 'Object Repository/Form_Selection_Creation/login_Password'

2019-02-11 14:33:33 - [TEST_STEP][PASSED] - click(findTestObject("Form_Selection_Creation/login_Button")): Object: 'Object Repository/Form_Selection_Creation/login_Button' is clicked on

2019-02-11 14:33:35 - [MESSAGE][PASSED] - Object: 'Object Repository/Form_Selection_Creation/login_Button' is clicked on

2019-02-11 14:33:35 - [TEST_STEP][PASSED] - Thread.sleep(3000): null

2019-02-11 14:33:38 - [TEST_STEP][PASSED] - AdminTool_Location.moveCursor(): AdminTool_Location.moveCursor is PASSED

2019-02-11 14:33:38 - [MESSAGE][PASSED] - AdminTool_Location.moveCursor is PASSED

2019-02-11 14:33:38 - [TEST_STEP][PASSED] - Thread.sleep(2000): null

2019-02-11 14:33:40 - [TEST_STEP][PASSED] - click(findTestObject("Form_Selection_Creation/mainMenu_Button")): Object: 'Object Repository/Form_Selection_Creation/mainMenu_Button' is clicked on

2019-02-11 14:33:40 - [MESSAGE][PASSED] - Object: 'Object Repository/Form_Selection_Creation/mainMenu_Button' is clicked on

2019-02-11 14:33:40 - [TEST_STEP][PASSED] - click(findTestObject("Form_Selection_Creation/mainMenu_AdminTools")): Object: 'Object Repository/Form_Selection_Creation/mainMenu_AdminTools' is clicked on

2019-02-11 14:33:40 - [MESSAGE][PASSED] - Object: 'Object Repository/Form_Selection_Creation/mainMenu_AdminTools' is clicked on

2019-02-11 14:33:40 - [TEST_STEP][PASSED] - click(findTestObject("DPT/import-export")): Object: 'Object Repository/DPT/import-export' is clicked on

2019-02-11 14:33:41 - [MESSAGE][PASSED] - Object: 'Object Repository/DPT/import-export' is clicked on

2019-02-11 14:33:41 - [TEST_STEP][PASSED] - waitForElementClickable(findTestObject("DPT/exportTab"), 45): Object 'Object Repository/DPT/exportTab' is clickable

2019-02-11 14:33:41 - [MESSAGE][PASSED] - Object 'Object Repository/DPT/exportTab' is clickable

2019-02-11 14:33:41 - [TEST_STEP][PASSED] - Thread.sleep(4000): null

2019-02-11 14:33:45 - [TEST_STEP][PASSED] - click(findTestObject("DPT/exportTab")): Object: 'Object Repository/DPT/exportTab' is clicked on

2019-02-11 14:33:45 - [MESSAGE][PASSED] - Object: 'Object Repository/DPT/exportTab' is clicked on

2019-02-11 14:33:45 - [TEST_STEP][PASSED] - waitForElementClickable(findTestObject("DPT/extractData"), 20): Object 'Object Repository/DPT/extractData' is clickable

2019-02-11 14:33:45 - [MESSAGE][PASSED] - Object 'Object Repository/DPT/extractData' is clickable

2019-02-11 14:33:45 - [TEST_STEP][PASSED] - Thread.sleep(4000): null

2019-02-11 14:33:49 - [TEST_STEP][PASSED] - click(findTestObject("DPT/extractData")): Object: 'Object Repository/DPT/extractData' is clicked on

2019-02-11 14:33:49 - [MESSAGE][PASSED] - Object: 'Object Repository/DPT/extractData' is clicked on

2019-02-11 14:33:49 - [TEST_STEP][PASSED] - waitForElementClickable(findTestObject("DPT/selectForm"), 45): Object 'Object Repository/DPT/selectForm' is clickable

2019-02-11 14:33:50 - [MESSAGE][PASSED] - Object 'Object Repository/DPT/selectForm' is clickable

2019-02-11 14:33:50 - [TEST_STEP][PASSED] - Thread.sleep(2000): null

2019-02-11 14:33:52 - [TEST_STEP][PASSED] - click(findTestObject("DPT/option")): Object: 'Object Repository/DPT/option' is clicked on

2019-02-11 14:33:53 - [MESSAGE][PASSED] - Object: 'Object Repository/DPT/option' is clicked on

2019-02-11 14:33:53 - [TEST_STEP][PASSED] - Thread.sleep(2000): null

2019-02-11 14:33:55 - [TEST_STEP][PASSED] - mouseOver(findTestObject("FormTab/filterOption")): Object: 'Object Repository/FormTab/filterOption' is hovered

2019-02-11 14:33:55 - [MESSAGE][PASSED] - Object: 'Object Repository/FormTab/filterOption' is hovered

2019-02-11 14:33:55 - [TEST_STEP][PASSED] - Thread.sleep(2000): null

2019-02-11 14:33:57 - [TEST_STEP][PASSED] - AdminTool_Location.moveCursor(): AdminTool_Location.moveCursor is PASSED

2019-02-11 14:33:57 - [MESSAGE][PASSED] - AdminTool_Location.moveCursor is PASSED

2019-02-11 14:33:57 - [TEST_STEP][PASSED] - Thread.sleep(2000): null

2019-02-11 14:33:59 - [TEST_STEP][PASSED] - FormName.filterFormName(): FormName.filterFormName is PASSED

2019-02-11 14:34:02 - [MESSAGE][PASSED] - FormName.filterFormName is PASSED

2019-02-11 14:34:02 - [TEST_STEP][PASSED] - Thread.sleep(2000): null

2019-02-11 14:34:04 - [TEST_STEP][PASSED] - click(findTestObject("FormTab/filterButton")): Object: 'Object Repository/FormTab/filterButton' is clicked on

2019-02-11 14:34:04 - [MESSAGE][PASSED] - Object: 'Object Repository/FormTab/filterButton' is clicked on

2019-02-11 14:34:04 - [TEST_STEP][PASSED] - Thread.sleep(4000): null

2019-02-11 14:34:08 - [TEST_STEP][PASSED] - waitForElementClickable(findTestObject("DPT/selectForm"), 45): Object 'Object Repository/DPT/selectForm' is clickable

2019-02-11 14:34:08 - [MESSAGE][PASSED] - Object 'Object Repository/DPT/selectForm' is clickable

2019-02-11 14:34:08 - [TEST_STEP][PASSED] - click(findTestObject("DPT/selectForm")): Object: 'Object Repository/DPT/selectForm' is clicked on

2019-02-11 14:34:08 - [MESSAGE][PASSED] - Object: 'Object Repository/DPT/selectForm' is clicked on

2019-02-11 14:34:08 - [TEST_STEP][PASSED] - click(findTestObject("DPT/chooseFirstForm")): Object: 'Object Repository/DPT/chooseFirstForm' is clicked on

2019-02-11 14:34:08 - [MESSAGE][PASSED] - Object: 'Object Repository/DPT/chooseFirstForm' is clicked on

2019-02-11 14:34:08 - [TEST_STEP][PASSED] - Thread.sleep(2000): null

2019-02-11 14:34:10 - [TEST_STEP][PASSED] - click(findTestObject("DPT/dataExtract")): Object: 'Object Repository/DPT/dataExtract' is clicked on

2019-02-11 14:34:10 - [MESSAGE][PASSED] - Object: 'Object Repository/DPT/dataExtract' is clicked on

2019-02-11 14:34:10 - [TEST_STEP][PASSED] - waitForElementClickable(findTestObject("DPT/firstCompliance"), 45): Object 'Object Repository/DPT/firstCompliance' is clickable

2019-02-11 14:34:10 - [MESSAGE][PASSED] - Object 'Object Repository/DPT/firstCompliance' is clickable

2019-02-11 14:34:10 - [TEST_STEP][PASSED] - Thread.sleep(2000): null

2019-02-11 14:34:12 - [TEST_STEP][PASSED] - FormName.testExportStatus(): FormName.testExportStatus is PASSED

2019-02-11 14:34:28 - [MESSAGE][PASSED] - FormName.testExportStatus is PASSED

2019-02-11 14:34:28 - [TEST_STEP][PASSED] - Thread.sleep(2000): null

2019-02-11 14:34:30 - [TEST_STEP][PASSED] - Test.setText(): Test.setText is PASSED

2019-02-11 14:35:06 - [MESSAGE][PASSED] - Test.setText is PASSED

2019-02-11 14:35:06 - [TEST_STEP][PASSED] - Thread.sleep(4000): null

2019-02-11 14:35:10 - [TEST_STEP][PASSED] - waitForElementClickable(findTestObject("DPT/import"), 30): Object 'Object Repository/DPT/import' is clickable

2019-02-11 14:35:11 - [MESSAGE][PASSED] - Object 'Object Repository/DPT/import' is clickable

2019-02-11 14:35:11 - [TEST_STEP][PASSED] - Thread.sleep(2000): null

2019-02-11 14:35:13 - [TEST_STEP][PASSED] - click(findTestObject("DPT/import")): Object: 'Object Repository/DPT/import' is clicked on

2019-02-11 14:35:13 - [MESSAGE][PASSED] - Object: 'Object Repository/DPT/import' is clicked on

2019-02-11 14:35:13 - [TEST_STEP][PASSED] - waitForElementClickable(findTestObject("DPT/newImport"), 30): Object 'Object Repository/DPT/newImport' is clickable

2019-02-11 14:35:13 - [MESSAGE][PASSED] - Object 'Object Repository/DPT/newImport' is clickable

2019-02-11 14:35:13 - [TEST_STEP][PASSED] - Thread.sleep(2000): null

2019-02-11 14:35:15 - [TEST_STEP][PASSED] - click(findTestObject("DPT/newImport")): Object: 'Object Repository/DPT/newImport' is clicked on

2019-02-11 14:35:15 - [MESSAGE][PASSED] - Object: 'Object Repository/DPT/newImport' is clicked on

2019-02-11 14:35:15 - [TEST_STEP][PASSED] - FormName.uploadExFile(): FormName.uploadExFile is PASSED

2019-02-11 14:35:19 - [MESSAGE][PASSED] - FormName.uploadExFile is PASSED

2019-02-11 14:35:19 - [TEST_STEP][PASSED] - Thread.sleep(4000): null

2019-02-11 14:35:23 - [TEST_STEP][PASSED] - click(findTestObject("DPT/upload")): Object: 'Object Repository/DPT/upload' is clicked on

2019-02-11 14:35:23 - [MESSAGE][PASSED] - Object: 'Object Repository/DPT/upload' is clicked on

2019-02-11 14:35:23 - [TEST_STEP][PASSED] - waitForElementClickable(findTestObject("DPT/selectFormImport"), 45): Object 'Object Repository/DPT/selectFormImport' is clickable

2019-02-11 14:35:23 - [MESSAGE][PASSED] - Object 'Object Repository/DPT/selectFormImport' is clickable

2019-02-11 14:35:23 - [TEST_STEP][PASSED] - Thread.sleep(4000): null

2019-02-11 14:35:27 - [TEST_STEP][PASSED] - click(findTestObject("DPT/selectFormImport")): Object: 'Object Repository/DPT/selectFormImport' is clicked on

2019-02-11 14:35:27 - [MESSAGE][PASSED] - Object: 'Object Repository/DPT/selectFormImport' is clicked on

2019-02-11 14:35:27 - [TEST_STEP][PASSED] - Thread.sleep(4000): null

2019-02-11 14:35:31 - [TEST_STEP][PASSED] - FormName.testImportStatus(): FormName.testImportStatus is PASSED

2019-02-11 14:35:47 - [MESSAGE][PASSED] - FormName.testImportStatus is PASSED

2019-02-11 14:35:47 - [TEST_STEP][PASSED] - Thread.sleep(2000): null]]></system-out>
         <system-err><![CDATA[]]></system-err>
      </testcase>
      <testcase name="Test Cases/DPT/TestValue" classname="Test Cases/DPT/TestValue" status="FAILED">
         <failure type="FAILED" message="Test Cases/DPT/TestValue FAILED.
Reason:
com.kms.katalon.core.exception.StepFailedException: Fail to click on element
	at com.kms.katalon.core.util.KeywordUtil.markFailed(KeywordUtil.java:18)
	at com.kms.katalon.core.util.KeywordUtil$markFailed.call(Unknown Source)
	at FormName.filterFormName(FormName.groovy:177)
	at FormName.invokeMethod(FormName.groovy)
	at com.kms.katalon.core.main.CustomKeywordDelegatingMetaClass.invokeStaticMethod(CustomKeywordDelegatingMetaClass.java:49)
	at TestValue.run(TestValue:90)
	at com.kms.katalon.core.main.ScriptEngine.run(ScriptEngine.java:194)
	at com.kms.katalon.core.main.ScriptEngine.runScriptAsRawText(ScriptEngine.java:119)
	at com.kms.katalon.core.main.TestCaseExecutor.runScript(TestCaseExecutor.java:328)
	at com.kms.katalon.core.main.TestCaseExecutor.doExecute(TestCaseExecutor.java:319)
	at com.kms.katalon.core.main.TestCaseExecutor.processExecutionPhase(TestCaseExecutor.java:298)
	at com.kms.katalon.core.main.TestCaseExecutor.accessMainPhase(TestCaseExecutor.java:290)
	at com.kms.katalon.core.main.TestCaseExecutor.execute(TestCaseExecutor.java:224)
	at com.kms.katalon.core.main.TestSuiteExecutor.accessTestCaseMainPhase(TestSuiteExecutor.java:129)
	at com.kms.katalon.core.main.TestSuiteExecutor.accessTestSuiteMainPhase(TestSuiteExecutor.java:112)
	at com.kms.katalon.core.main.TestSuiteExecutor.execute(TestSuiteExecutor.java:81)
	at com.kms.katalon.core.main.TestCaseMain.startTestSuite(TestCaseMain.java:149)
	at com.kms.katalon.core.main.TestCaseMain$startTestSuite$0.call(Unknown Source)
	at TempTestSuite1549875766217.run(TempTestSuite1549875766217.groovy:36)
"/>
         <system-out><![CDATA[2019-02-11 14:35:49 - [TEST_CASE][FAILED] - Test Cases/DPT/TestValue: Test Cases/DPT/TestValue FAILED.
Reason:
com.kms.katalon.core.exception.StepFailedException: Fail to click on element
	at com.kms.katalon.core.util.KeywordUtil.markFailed(KeywordUtil.java:18)
	at com.kms.katalon.core.util.KeywordUtil$markFailed.call(Unknown Source)
	at FormName.filterFormName(FormName.groovy:177)
	at FormName.invokeMethod(FormName.groovy)
	at com.kms.katalon.core.main.CustomKeywordDelegatingMetaClass.invokeStaticMethod(CustomKeywordDelegatingMetaClass.java:49)
	at TestValue.run(TestValue:90)
	at com.kms.katalon.core.main.ScriptEngine.run(ScriptEngine.java:194)
	at com.kms.katalon.core.main.ScriptEngine.runScriptAsRawText(ScriptEngine.java:119)
	at com.kms.katalon.core.main.TestCaseExecutor.runScript(TestCaseExecutor.java:328)
	at com.kms.katalon.core.main.TestCaseExecutor.doExecute(TestCaseExecutor.java:319)
	at com.kms.katalon.core.main.TestCaseExecutor.processExecutionPhase(TestCaseExecutor.java:298)
	at com.kms.katalon.core.main.TestCaseExecutor.accessMainPhase(TestCaseExecutor.java:290)
	at com.kms.katalon.core.main.TestCaseExecutor.execute(TestCaseExecutor.java:224)
	at com.kms.katalon.core.main.TestSuiteExecutor.accessTestCaseMainPhase(TestSuiteExecutor.java:129)
	at com.kms.katalon.core.main.TestSuiteExecutor.accessTestSuiteMainPhase(TestSuiteExecutor.java:112)
	at com.kms.katalon.core.main.TestSuiteExecutor.execute(TestSuiteExecutor.java:81)
	at com.kms.katalon.core.main.TestCaseMain.startTestSuite(TestCaseMain.java:149)
	at com.kms.katalon.core.main.TestCaseMain$startTestSuite$0.call(Unknown Source)
	at TempTestSuite1549875766217.run(TempTestSuite1549875766217.groovy:36)


2019-02-11 14:35:49 - [TEST_STEP][NOT_RUN] - openBrowser(URL): NOT_RUN: openBrowser(URL)

2019-02-11 14:35:49 - [MESSAGE][NOT_RUN] - NOT_RUN: openBrowser(URL)

2019-02-11 14:35:49 - [TEST_STEP][NOT_RUN] - maximizeWindow(): NOT_RUN: maximizeWindow()

2019-02-11 14:35:49 - [MESSAGE][NOT_RUN] - NOT_RUN: maximizeWindow()

2019-02-11 14:35:49 - [TEST_STEP][NOT_RUN] - setText(findTestObject("Form_Selection_Creation/login_Username"), UserName): NOT_RUN: setText(findTestObject("Form_Selection_Creation/login_Username"), UserName)

2019-02-11 14:35:49 - [MESSAGE][NOT_RUN] - NOT_RUN: setText(findTestObject("Form_Selection_Creation/login_Username"), UserName)

2019-02-11 14:35:49 - [TEST_STEP][NOT_RUN] - setText(findTestObject("Form_Selection_Creation/login_Password"), Password): NOT_RUN: setText(findTestObject("Form_Selection_Creation/login_Password"), Password)

2019-02-11 14:35:49 - [MESSAGE][NOT_RUN] - NOT_RUN: setText(findTestObject("Form_Selection_Creation/login_Password"), Password)

2019-02-11 14:35:49 - [TEST_STEP][NOT_RUN] - click(findTestObject("Form_Selection_Creation/login_Button")): NOT_RUN: click(findTestObject("Form_Selection_Creation/login_Button"))

2019-02-11 14:35:49 - [MESSAGE][NOT_RUN] - NOT_RUN: click(findTestObject("Form_Selection_Creation/login_Button"))

2019-02-11 14:35:49 - [TEST_STEP][PASSED] - Thread.sleep(3000): null

2019-02-11 14:35:52 - [TEST_STEP][PASSED] - AdminTool_Location.moveCursor(): AdminTool_Location.moveCursor is PASSED

2019-02-11 14:35:52 - [MESSAGE][PASSED] - AdminTool_Location.moveCursor is PASSED

2019-02-11 14:35:52 - [TEST_STEP][PASSED] - Thread.sleep(2000): null

2019-02-11 14:35:54 - [TEST_STEP][PASSED] - click(findTestObject("Form_Selection_Creation/mainMenu_Button")): Object: 'Object Repository/Form_Selection_Creation/mainMenu_Button' is clicked on

2019-02-11 14:35:54 - [MESSAGE][PASSED] - Object: 'Object Repository/Form_Selection_Creation/mainMenu_Button' is clicked on

2019-02-11 14:35:54 - [TEST_STEP][NOT_RUN] - click(findTestObject("Form_Selection_Creation/mainMenu_AdminTools")): NOT_RUN: click(findTestObject("Form_Selection_Creation/mainMenu_AdminTools"))

2019-02-11 14:35:54 - [MESSAGE][NOT_RUN] - NOT_RUN: click(findTestObject("Form_Selection_Creation/mainMenu_AdminTools"))

2019-02-11 14:35:54 - [TEST_STEP][PASSED] - waitForElementVisible(findTestObject("Form_Selection_Creation/mainMenu_AdminTools_FormDesigner"), 45): Object 'Object Repository/Form_Selection_Creation/mainMenu_AdminTools_FormDesigner' is visible

2019-02-11 14:35:54 - [MESSAGE][PASSED] - Object 'Object Repository/Form_Selection_Creation/mainMenu_AdminTools_FormDesigner' is visible

2019-02-11 14:35:54 - [TEST_STEP][PASSED] - click(findTestObject("Form_Selection_Creation/mainMenu_AdminTools_FormDesigner")): Object: 'Object Repository/Form_Selection_Creation/mainMenu_AdminTools_FormDesigner' is clicked on

2019-02-11 14:35:54 - [MESSAGE][PASSED] - Object: 'Object Repository/Form_Selection_Creation/mainMenu_AdminTools_FormDesigner' is clicked on

2019-02-11 14:35:54 - [TEST_STEP][PASSED] - Thread.sleep(2000): null

2019-02-11 14:35:56 - [TEST_STEP][PASSED] - click(findTestObject("Form_Selection_Creation/releaseForm")): Object: 'Object Repository/Form_Selection_Creation/releaseForm' is clicked on

2019-02-11 14:35:57 - [MESSAGE][PASSED] - Object: 'Object Repository/Form_Selection_Creation/releaseForm' is clicked on

2019-02-11 14:35:57 - [TEST_STEP][PASSED] - waitForElementClickable(findTestObject("Form_Selection_Creation/button_Release"), 30): Object 'Object Repository/Form_Selection_Creation/button_Release' is clickable

2019-02-11 14:35:57 - [MESSAGE][PASSED] - Object 'Object Repository/Form_Selection_Creation/button_Release' is clickable

2019-02-11 14:35:57 - [TEST_STEP][PASSED] - Thread.sleep(3000): null

2019-02-11 14:36:00 - [TEST_STEP][PASSED] - click(findTestObject("Form_Selection_Creation/div_Preview             Form1")): Object: 'Object Repository/Form_Selection_Creation/div_Preview             Form1' is clicked on

2019-02-11 14:36:00 - [MESSAGE][PASSED] - Object: 'Object Repository/Form_Selection_Creation/div_Preview             Form1' is clicked on

2019-02-11 14:36:00 - [TEST_STEP][NOT_RUN] - click(findTestObject("Form_Selection_Creation/previewForm")): NOT_RUN: click(findTestObject("Form_Selection_Creation/previewForm"))

2019-02-11 14:36:00 - [MESSAGE][NOT_RUN] - NOT_RUN: click(findTestObject("Form_Selection_Creation/previewForm"))

2019-02-11 14:36:00 - [TEST_STEP][PASSED] - Thread.sleep(2000): null

2019-02-11 14:36:02 - [TEST_STEP][NOT_RUN] - click(findTestObject("Form_Selection_Creation/openRes")): NOT_RUN: click(findTestObject("Form_Selection_Creation/openRes"))

2019-02-11 14:36:02 - [MESSAGE][NOT_RUN] - NOT_RUN: click(findTestObject("Form_Selection_Creation/openRes"))

2019-02-11 14:36:02 - [TEST_STEP][NOT_RUN] - Thread.sleep(2000): NOT_RUN: Thread.sleep(2000)

2019-02-11 14:36:02 - [MESSAGE][NOT_RUN] - NOT_RUN: Thread.sleep(2000)

2019-02-11 14:36:02 - [TEST_STEP][NOT_RUN] - click(findTestObject("Form_Selection_Creation/selectFirstRes")): NOT_RUN: click(findTestObject("Form_Selection_Creation/selectFirstRes"))

2019-02-11 14:36:02 - [MESSAGE][NOT_RUN] - NOT_RUN: click(findTestObject("Form_Selection_Creation/selectFirstRes"))

2019-02-11 14:36:02 - [TEST_STEP][NOT_RUN] - Thread.sleep(2000): NOT_RUN: Thread.sleep(2000)

2019-02-11 14:36:02 - [MESSAGE][NOT_RUN] - NOT_RUN: Thread.sleep(2000)

2019-02-11 14:36:02 - [TEST_STEP][PASSED] - waitForElementClickable(findTestObject("Form_Selection_Creation/button_Release"), 30): Object 'Object Repository/Form_Selection_Creation/button_Release' is clickable

2019-02-11 14:36:02 - [MESSAGE][PASSED] - Object 'Object Repository/Form_Selection_Creation/button_Release' is clickable

2019-02-11 14:36:02 - [TEST_STEP][PASSED] - Thread.sleep(4000): null

2019-02-11 14:36:06 - [TEST_STEP][PASSED] - click(findTestObject("Form_Selection_Creation/a_Home")): Object: 'Object Repository/Form_Selection_Creation/a_Home' is clicked on

2019-02-11 14:36:06 - [MESSAGE][PASSED] - Object: 'Object Repository/Form_Selection_Creation/a_Home' is clicked on

2019-02-11 14:36:06 - [TEST_STEP][PASSED] - waitForElementClickable(findTestObject("FormTab/form_Tab"), 45): Object 'Object Repository/FormTab/form_Tab' is clickable

2019-02-11 14:36:07 - [MESSAGE][PASSED] - Object 'Object Repository/FormTab/form_Tab' is clickable

2019-02-11 14:36:07 - [TEST_STEP][PASSED] - Thread.sleep(6000): null

2019-02-11 14:36:13 - [TEST_STEP][PASSED] - click(findTestObject("FormTab/form_Tab")): Object: 'Object Repository/FormTab/form_Tab' is clicked on

2019-02-11 14:36:13 - [MESSAGE][PASSED] - Object: 'Object Repository/FormTab/form_Tab' is clicked on

2019-02-11 14:36:13 - [TEST_STEP][PASSED] - waitForElementClickable(findTestObject("FormTab/selectForm"), 45): Object 'Object Repository/FormTab/selectForm' is clickable

2019-02-11 14:36:14 - [MESSAGE][PASSED] - Object 'Object Repository/FormTab/selectForm' is clickable

2019-02-11 14:36:14 - [TEST_STEP][PASSED] - Thread.sleep(6000): null

2019-02-11 14:36:20 - [TEST_STEP][PASSED] - click(findTestObject("FormTab/options")): Object: 'Object Repository/FormTab/options' is clicked on

2019-02-11 14:36:21 - [MESSAGE][PASSED] - Object: 'Object Repository/FormTab/options' is clicked on

2019-02-11 14:36:21 - [TEST_STEP][PASSED] - Thread.sleep(2000): null

2019-02-11 14:36:23 - [TEST_STEP][PASSED] - mouseOver(findTestObject("FormTab/filterOption")): Object: 'Object Repository/FormTab/filterOption' is hovered

2019-02-11 14:36:23 - [MESSAGE][PASSED] - Object: 'Object Repository/FormTab/filterOption' is hovered

2019-02-11 14:36:23 - [TEST_STEP][PASSED] - Thread.sleep(2000): null

2019-02-11 14:36:25 - [TEST_STEP][PASSED] - AdminTool_Location.moveCursor(): AdminTool_Location.moveCursor is PASSED

2019-02-11 14:36:25 - [MESSAGE][PASSED] - AdminTool_Location.moveCursor is PASSED

2019-02-11 14:36:25 - [TEST_STEP][PASSED] - Thread.sleep(2000): null

2019-02-11 14:36:27 - [TEST_STEP][FAILED] - FormName.filterFormName(): com.kms.katalon.core.exception.StepFailedException: Fail to click on element

2019-02-11 14:36:27 - [MESSAGE][FAILED] - com.kms.katalon.core.exception.StepFailedException: Fail to click on element

2019-02-11 14:36:27 - [TEST_STEP][PASSED] - Thread.sleep(2000): null

2019-02-11 14:36:29 - [TEST_STEP][FAILED] - click(findTestObject("FormTab/filterButton")): click(findTestObject("FormTab/filterButton")) FAILED.
Reason:
com.kms.katalon.core.exception.StepFailedException: Fail to click on element
	at com.kms.katalon.core.util.KeywordUtil.markFailed(KeywordUtil.java:18)
	at com.kms.katalon.core.util.KeywordUtil$markFailed.call(Unknown Source)
	at FormName.filterFormName(FormName.groovy:177)
	at FormName.invokeMethod(FormName.groovy)
	at com.kms.katalon.core.main.CustomKeywordDelegatingMetaClass.invokeStaticMethod(CustomKeywordDelegatingMetaClass.java:49)
	at TestValue.run(TestValue:90)
	at com.kms.katalon.core.main.ScriptEngine.run(ScriptEngine.java:194)
	at com.kms.katalon.core.main.ScriptEngine.runScriptAsRawText(ScriptEngine.java:119)
	at com.kms.katalon.core.main.TestCaseExecutor.runScript(TestCaseExecutor.java:328)
	at com.kms.katalon.core.main.TestCaseExecutor.doExecute(TestCaseExecutor.java:319)
	at com.kms.katalon.core.main.TestCaseExecutor.processExecutionPhase(TestCaseExecutor.java:298)
	at com.kms.katalon.core.main.TestCaseExecutor.accessMainPhase(TestCaseExecutor.java:290)
	at com.kms.katalon.core.main.TestCaseExecutor.execute(TestCaseExecutor.java:224)
	at com.kms.katalon.core.main.TestSuiteExecutor.accessTestCaseMainPhase(TestSuiteExecutor.java:129)
	at com.kms.katalon.core.main.TestSuiteExecutor.accessTestSuiteMainPhase(TestSuiteExecutor.java:112)
	at com.kms.katalon.core.main.TestSuiteExecutor.execute(TestSuiteExecutor.java:81)
	at com.kms.katalon.core.main.TestCaseMain.startTestSuite(TestCaseMain.java:149)
	at com.kms.katalon.core.main.TestCaseMain$startTestSuite$0.call(Unknown Source)
	at TempTestSuite1549875766217.run(TempTestSuite1549875766217.groovy:36)


2019-02-11 14:36:29 - [MESSAGE][FAILED] - Unable to click on object 'Object Repository/FormTab/filterButton' (Root cause: org.openqa.selenium.ElementNotVisibleException: element not interactable
  (Session info: chrome=71.0.3578.98)
  (Driver info: chromedriver=2.43.600210 (68dcf5eebde37173d4027fa8635e332711d2874a),platform=Windows NT 6.1.7601 SP1 x86_64) (WARNING: The server did not provide any stacktrace information)
Command duration or timeout: 0 milliseconds
Build info: version: '3.7.1', revision: '8a0099a', time: '2017-11-06T21:07:36.161Z'
System info: host: 'ABHISHEK-PASHIN', ip: '10.21.7.147', os.name: 'Windows 7', os.arch: 'amd64', os.version: '6.1', java.version: '1.8.0_181'
Driver info: com.kms.katalon.selenium.driver.CChromeDriver
Capabilities {acceptInsecureCerts: false, acceptSslCerts: false, applicationCacheEnabled: false, browserConnectionEnabled: false, browserName: chrome, chrome: {chromedriverVersion: 2.43.600210 (68dcf5eebde371..., userDataDir: C:\Users\PASHIN~1\AppData\L...}, cssSelectorsEnabled: true, databaseEnabled: false, goog:chromeOptions: {debuggerAddress: localhost:53824}, handlesAlerts: true, hasTouchScreen: false, javascriptEnabled: true, locationContextEnabled: true, mobileEmulationEnabled: false, nativeEvents: true, networkConnectionEnabled: false, pageLoadStrategy: normal, platform: XP, platformName: XP, rotatable: false, setWindowRect: true, takesHeapSnapshot: true, takesScreenshot: true, unexpectedAlertBehaviour: , unhandledPromptBehavior: , version: 71.0.3578.98, webStorageEnabled: true}
Session ID: 6e8c95f4eef4c2ce00b2c8cb2847830b)
[[ATTACHMENT|D:\\Git Data\\SafetyChain-Test-Automation-Katalon\\Reports\\DPT\\20190211_143246\\1549875989544.png]]

2019-02-11 14:36:29 - [MESSAGE][FAILED] - click(findTestObject("FormTab/filterButton")) FAILED.
Reason:
com.kms.katalon.core.exception.StepFailedException: Fail to click on element
	at com.kms.katalon.core.util.KeywordUtil.markFailed(KeywordUtil.java:18)
	at com.kms.katalon.core.util.KeywordUtil$markFailed.call(Unknown Source)
	at FormName.filterFormName(FormName.groovy:177)
	at FormName.invokeMethod(FormName.groovy)
	at com.kms.katalon.core.main.CustomKeywordDelegatingMetaClass.invokeStaticMethod(CustomKeywordDelegatingMetaClass.java:49)
	at TestValue.run(TestValue:90)
	at com.kms.katalon.core.main.ScriptEngine.run(ScriptEngine.java:194)
	at com.kms.katalon.core.main.ScriptEngine.runScriptAsRawText(ScriptEngine.java:119)
	at com.kms.katalon.core.main.TestCaseExecutor.runScript(TestCaseExecutor.java:328)
	at com.kms.katalon.core.main.TestCaseExecutor.doExecute(TestCaseExecutor.java:319)
	at com.kms.katalon.core.main.TestCaseExecutor.processExecutionPhase(TestCaseExecutor.java:298)
	at com.kms.katalon.core.main.TestCaseExecutor.accessMainPhase(TestCaseExecutor.java:290)
	at com.kms.katalon.core.main.TestCaseExecutor.execute(TestCaseExecutor.java:224)
	at com.kms.katalon.core.main.TestSuiteExecutor.accessTestCaseMainPhase(TestSuiteExecutor.java:129)
	at com.kms.katalon.core.main.TestSuiteExecutor.accessTestSuiteMainPhase(TestSuiteExecutor.java:112)
	at com.kms.katalon.core.main.TestSuiteExecutor.execute(TestSuiteExecutor.java:81)
	at com.kms.katalon.core.main.TestCaseMain.startTestSuite(TestCaseMain.java:149)
	at com.kms.katalon.core.main.TestCaseMain$startTestSuite$0.call(Unknown Source)
	at TempTestSuite1549875766217.run(TempTestSuite1549875766217.groovy:36)]]></system-out>
         <system-err><![CDATA[2019-02-11 14:35:49 - [TEST_CASE][FAILED] - Test Cases/DPT/TestValue: Test Cases/DPT/TestValue FAILED.
Reason:
com.kms.katalon.core.exception.StepFailedException: Fail to click on element
	at com.kms.katalon.core.util.KeywordUtil.markFailed(KeywordUtil.java:18)
	at com.kms.katalon.core.util.KeywordUtil$markFailed.call(Unknown Source)
	at FormName.filterFormName(FormName.groovy:177)
	at FormName.invokeMethod(FormName.groovy)
	at com.kms.katalon.core.main.CustomKeywordDelegatingMetaClass.invokeStaticMethod(CustomKeywordDelegatingMetaClass.java:49)
	at TestValue.run(TestValue:90)
	at com.kms.katalon.core.main.ScriptEngine.run(ScriptEngine.java:194)
	at com.kms.katalon.core.main.ScriptEngine.runScriptAsRawText(ScriptEngine.java:119)
	at com.kms.katalon.core.main.TestCaseExecutor.runScript(TestCaseExecutor.java:328)
	at com.kms.katalon.core.main.TestCaseExecutor.doExecute(TestCaseExecutor.java:319)
	at com.kms.katalon.core.main.TestCaseExecutor.processExecutionPhase(TestCaseExecutor.java:298)
	at com.kms.katalon.core.main.TestCaseExecutor.accessMainPhase(TestCaseExecutor.java:290)
	at com.kms.katalon.core.main.TestCaseExecutor.execute(TestCaseExecutor.java:224)
	at com.kms.katalon.core.main.TestSuiteExecutor.accessTestCaseMainPhase(TestSuiteExecutor.java:129)
	at com.kms.katalon.core.main.TestSuiteExecutor.accessTestSuiteMainPhase(TestSuiteExecutor.java:112)
	at com.kms.katalon.core.main.TestSuiteExecutor.execute(TestSuiteExecutor.java:81)
	at com.kms.katalon.core.main.TestCaseMain.startTestSuite(TestCaseMain.java:149)
	at com.kms.katalon.core.main.TestCaseMain$startTestSuite$0.call(Unknown Source)
	at TempTestSuite1549875766217.run(TempTestSuite1549875766217.groovy:36)]]></system-err>
      </testcase>
      <system-out><![CDATA[2019-02-11 14:32:48 - [TEST_SUITE][FAILED] - DPT: Test Cases/DPT/TestValue FAILED.
Reason:
com.kms.katalon.core.exception.StepFailedException: Fail to click on element
	at com.kms.katalon.core.util.KeywordUtil.markFailed(KeywordUtil.java:18)
	at com.kms.katalon.core.util.KeywordUtil$markFailed.call(Unknown Source)
	at FormName.filterFormName(FormName.groovy:177)
	at FormName.invokeMethod(FormName.groovy)
	at com.kms.katalon.core.main.CustomKeywordDelegatingMetaClass.invokeStaticMethod(CustomKeywordDelegatingMetaClass.java:49)
	at TestValue.run(TestValue:90)
	at com.kms.katalon.core.main.ScriptEngine.run(ScriptEngine.java:194)
	at com.kms.katalon.core.main.ScriptEngine.runScriptAsRawText(ScriptEngine.java:119)
	at com.kms.katalon.core.main.TestCaseExecutor.runScript(TestCaseExecutor.java:328)
	at com.kms.katalon.core.main.TestCaseExecutor.doExecute(TestCaseExecutor.java:319)
	at com.kms.katalon.core.main.TestCaseExecutor.processExecutionPhase(TestCaseExecutor.java:298)
	at com.kms.katalon.core.main.TestCaseExecutor.accessMainPhase(TestCaseExecutor.java:290)
	at com.kms.katalon.core.main.TestCaseExecutor.execute(TestCaseExecutor.java:224)
	at com.kms.katalon.core.main.TestSuiteExecutor.accessTestCaseMainPhase(TestSuiteExecutor.java:129)
	at com.kms.katalon.core.main.TestSuiteExecutor.accessTestSuiteMainPhase(TestSuiteExecutor.java:112)
	at com.kms.katalon.core.main.TestSuiteExecutor.execute(TestSuiteExecutor.java:81)
	at com.kms.katalon.core.main.TestCaseMain.startTestSuite(TestCaseMain.java:149)
	at com.kms.katalon.core.main.TestCaseMain$startTestSuite$0.call(Unknown Source)
	at TempTestSuite1549875766217.run(TempTestSuite1549875766217.groovy:36)]]></system-out>
      <system-err><![CDATA[2019-02-11 14:32:48 - [TEST_SUITE][FAILED] - DPT: Test Cases/DPT/TestValue FAILED.
Reason:
com.kms.katalon.core.exception.StepFailedException: Fail to click on element
	at com.kms.katalon.core.util.KeywordUtil.markFailed(KeywordUtil.java:18)
	at com.kms.katalon.core.util.KeywordUtil$markFailed.call(Unknown Source)
	at FormName.filterFormName(FormName.groovy:177)
	at FormName.invokeMethod(FormName.groovy)
	at com.kms.katalon.core.main.CustomKeywordDelegatingMetaClass.invokeStaticMethod(CustomKeywordDelegatingMetaClass.java:49)
	at TestValue.run(TestValue:90)
	at com.kms.katalon.core.main.ScriptEngine.run(ScriptEngine.java:194)
	at com.kms.katalon.core.main.ScriptEngine.runScriptAsRawText(ScriptEngine.java:119)
	at com.kms.katalon.core.main.TestCaseExecutor.runScript(TestCaseExecutor.java:328)
	at com.kms.katalon.core.main.TestCaseExecutor.doExecute(TestCaseExecutor.java:319)
	at com.kms.katalon.core.main.TestCaseExecutor.processExecutionPhase(TestCaseExecutor.java:298)
	at com.kms.katalon.core.main.TestCaseExecutor.accessMainPhase(TestCaseExecutor.java:290)
	at com.kms.katalon.core.main.TestCaseExecutor.execute(TestCaseExecutor.java:224)
	at com.kms.katalon.core.main.TestSuiteExecutor.accessTestCaseMainPhase(TestSuiteExecutor.java:129)
	at com.kms.katalon.core.main.TestSuiteExecutor.accessTestSuiteMainPhase(TestSuiteExecutor.java:112)
	at com.kms.katalon.core.main.TestSuiteExecutor.execute(TestSuiteExecutor.java:81)
	at com.kms.katalon.core.main.TestCaseMain.startTestSuite(TestCaseMain.java:149)
	at com.kms.katalon.core.main.TestCaseMain$startTestSuite$0.call(Unknown Source)
	at TempTestSuite1549875766217.run(TempTestSuite1549875766217.groovy:36)]]></system-err>
   </testsuite>
</testsuites>
