<?xml version="1.0" encoding="UTF-8"?>
<testsuites name="TestResources" time="430" tests="3" failures="6" errors="0">
   <testsuite name="TestResources" tests="3" failures="6" errors="0" time="430" timestamp="2019-03-06 16:18:48" hostname="pashine_a - Abhishek-Pashine.India.XoriantCorp.com" id="Test Suites/TestResources">
      <properties>
         <property name="deviceName" value=""/>
         <property name="devicePlatform" value=""/>
         <property name="logFolder" value="D:\\Git Data\\SafetyChain-Test-Automation-Katalon\\Reports\\TestResources\\20190306_161845"/>
         <property name="logFiles" value="D:\\Git Data\\SafetyChain-Test-Automation-Katalon\\Reports\\TestResources\\20190306_161845\\execution0.log"/>
         <property name="attachments" value="D:\\Git Data\\SafetyChain-Test-Automation-Katalon\\Reports\\TestResources\\20190306_161845\\1551869718897.png, D:\\Git Data\\SafetyChain-Test-Automation-Katalon\\Reports\\TestResources\\20190306_161845\\1551869750944.png, D:\\Git Data\\SafetyChain-Test-Automation-Katalon\\Reports\\TestResources\\20190306_161845\\1551869753884.png, D:\\Git Data\\SafetyChain-Test-Automation-Katalon\\Reports\\TestResources\\20190306_161845\\1551869754342.png, D:\\Git Data\\SafetyChain-Test-Automation-Katalon\\Reports\\TestResources\\20190306_161845\\1551869757476.png, D:\\Git Data\\SafetyChain-Test-Automation-Katalon\\Reports\\TestResources\\20190306_161845\\1551869757962.png"/>
         <property name="hostName" value="pashine_a - Abhishek-Pashine.India.XoriantCorp.com"/>
         <property name="os" value="Windows 7 64bit"/>
         <property name="katalonVersion" value="6.0.5.4"/>
         <property name="browser" value="Chrome 72.0.3626.119"/>
         <property name="hostAddress" value="10.21.7.147"/>
         <property name="sessionId" value="1e3f755442b9bd70d9338b93d9e927c5"/>
         <property name="seleniumVersion" value="3.7.1"/>
         <property name="proxyInformation" value="ProxyInformation{proxyOption=NO_PROXY, proxyServerType=HTTP, password=, proxyServerAddress=, proxyServerPort=0}"/>
         <property name="platform" value="Windows 7"/>
      </properties>
      <testcase name="Test Cases/CheckResoucesAsPerLocation/1_CreateLocation" classname="Test Cases/CheckResoucesAsPerLocation/1_CreateLocation" status="PASSED">
         <system-out><![CDATA[2019-03-06 16:18:49 - [TEST_CASE][PASSED] - Test Cases/CheckResoucesAsPerLocation/1_CreateLocation: Test Cases/CheckResoucesAsPerLocation/1_CreateLocation

2019-03-06 16:18:50 - [TEST_STEP][PASSED] - openBrowser(URL): Browser is opened with url: 'https://test2.stage.safetychain.com'

2019-03-06 16:18:51 - [MESSAGE][INFO] - Starting 'Chrome' driver

2019-03-06 16:18:51 - [MESSAGE][INFO] - Action delay is set to 0 seconds

2019-03-06 16:19:41 - [MESSAGE][PASSED] - Browser is opened with url: 'https://test2.stage.safetychain.com'

2019-03-06 16:19:41 - [TEST_STEP][PASSED] - maximizeWindow(): Current window maximized

2019-03-06 16:19:43 - [MESSAGE][PASSED] - Current window maximized

2019-03-06 16:19:43 - [TEST_STEP][PASSED] - setText(findTestObject("TestUserLocation/login_Username"), UserName): Text 'tester' is set on object 'Object Repository/TestUserLocation/login_Username'

2019-03-06 16:19:47 - [MESSAGE][PASSED] - Text 'tester' is set on object 'Object Repository/TestUserLocation/login_Username'

2019-03-06 16:19:47 - [TEST_STEP][PASSED] - setText(findTestObject("TestUserLocation/login_Password"), Password): Text 'TestSt@ge' is set on object 'Object Repository/TestUserLocation/login_Password'

2019-03-06 16:19:47 - [MESSAGE][PASSED] - Text 'TestSt@ge' is set on object 'Object Repository/TestUserLocation/login_Password'

2019-03-06 16:19:47 - [TEST_STEP][PASSED] - AdminTool_Location.setLocationName(): AdminTool_Location.setLocationName is PASSED

2019-03-06 16:19:52 - [MESSAGE][PASSED] - AdminTool_Location.setLocationName is PASSED

2019-03-06 16:19:53 - [TEST_STEP][PASSED] - click(findTestObject("TestUserLocation/login_Button")): Object: 'Object Repository/TestUserLocation/login_Button' is clicked on

2019-03-06 16:19:54 - [MESSAGE][PASSED] - Object: 'Object Repository/TestUserLocation/login_Button' is clicked on

2019-03-06 16:19:54 - [TEST_STEP][PASSED] - waitForElementClickable(findTestObject("TestUserLocation/mainmenu_button"), 30): Object 'Object Repository/TestUserLocation/mainmenu_button' is clickable

2019-03-06 16:20:00 - [MESSAGE][PASSED] - Object 'Object Repository/TestUserLocation/mainmenu_button' is clickable

2019-03-06 16:20:00 - [TEST_STEP][PASSED] - Thread.sleep(2000): null

2019-03-06 16:20:02 - [TEST_STEP][PASSED] - AdminTool_Location.setLocationNameInLocation(): AdminTool_Location.setLocationNameInLocation is PASSED

2019-03-06 16:20:06 - [MESSAGE][PASSED] - AdminTool_Location.setLocationNameInLocation is PASSED

2019-03-06 16:20:06 - [TEST_STEP][PASSED] - click(findTestObject("TestUserLocation/mainmenu_button")): Object: 'Object Repository/TestUserLocation/mainmenu_button' is clicked on

2019-03-06 16:20:06 - [MESSAGE][PASSED] - Object: 'Object Repository/TestUserLocation/mainmenu_button' is clicked on

2019-03-06 16:20:06 - [TEST_STEP][PASSED] - Thread.sleep(2000): null

2019-03-06 16:20:08 - [TEST_STEP][PASSED] - click(findTestObject("TestUserLocation/adminTool")): Object: 'Object Repository/TestUserLocation/adminTool' is clicked on

2019-03-06 16:20:09 - [MESSAGE][PASSED] - Object: 'Object Repository/TestUserLocation/adminTool' is clicked on

2019-03-06 16:20:09 - [TEST_STEP][PASSED] - Thread.sleep(2000): null

2019-03-06 16:20:11 - [TEST_STEP][PASSED] - click(findTestObject("TestUserLocation/mainMenuResourceDesigner")): Object: 'Object Repository/TestUserLocation/mainMenuResourceDesigner' is clicked on

2019-03-06 16:20:11 - [MESSAGE][PASSED] - Object: 'Object Repository/TestUserLocation/mainMenuResourceDesigner' is clicked on

2019-03-06 16:20:11 - [TEST_STEP][PASSED] - waitForElementClickable(findTestObject("TestUserLocation/locations"), 30): Object 'Object Repository/TestUserLocation/locations' is clickable

2019-03-06 16:20:12 - [MESSAGE][PASSED] - Object 'Object Repository/TestUserLocation/locations' is clickable

2019-03-06 16:20:12 - [TEST_STEP][PASSED] - Thread.sleep(2000): null

2019-03-06 16:20:14 - [TEST_STEP][PASSED] - click(findTestObject("TestUserLocation/locations")): Object: 'Object Repository/TestUserLocation/locations' is clicked on

2019-03-06 16:20:14 - [MESSAGE][PASSED] - Object: 'Object Repository/TestUserLocation/locations' is clicked on

2019-03-06 16:20:14 - [TEST_STEP][PASSED] - Thread.sleep(2000): null

2019-03-06 16:20:16 - [TEST_STEP][PASSED] - waitForElementClickable(findTestObject("TestUserLocation/testAttLoad"), 30): Object 'Object Repository/TestUserLocation/testAttLoad' is clickable

2019-03-06 16:20:16 - [MESSAGE][PASSED] - Object 'Object Repository/TestUserLocation/testAttLoad' is clickable

2019-03-06 16:20:16 - [TEST_STEP][PASSED] - waitForElementClickable(findTestObject("TestUserLocation/categories"), 30): Object 'Object Repository/TestUserLocation/categories' is clickable

2019-03-06 16:20:16 - [MESSAGE][PASSED] - Object 'Object Repository/TestUserLocation/categories' is clickable

2019-03-06 16:20:16 - [TEST_STEP][PASSED] - Thread.sleep(4000): null

2019-03-06 16:20:20 - [TEST_STEP][PASSED] - click(findTestObject("TestUserLocation/categories")): Object: 'Object Repository/TestUserLocation/categories' is clicked on

2019-03-06 16:20:20 - [MESSAGE][PASSED] - Object: 'Object Repository/TestUserLocation/categories' is clicked on

2019-03-06 16:20:20 - [TEST_STEP][PASSED] - Thread.sleep(2000): null

2019-03-06 16:20:22 - [TEST_STEP][PASSED] - click(findTestObject("TestUserLocation/defaultArea")): Object: 'Object Repository/TestUserLocation/defaultArea' is clicked on

2019-03-06 16:20:22 - [MESSAGE][PASSED] - Object: 'Object Repository/TestUserLocation/defaultArea' is clicked on

2019-03-06 16:20:22 - [TEST_STEP][PASSED] - click(findTestObject("TestUserLocation/hoverHeading")): Object: 'Object Repository/TestUserLocation/hoverHeading' is clicked on

2019-03-06 16:20:22 - [MESSAGE][PASSED] - Object: 'Object Repository/TestUserLocation/hoverHeading' is clicked on

2019-03-06 16:20:22 - [TEST_STEP][PASSED] - click(findTestObject("TestUserLocation/addPlusIcon")): Object: 'Object Repository/TestUserLocation/addPlusIcon' is clicked on

2019-03-06 16:20:22 - [MESSAGE][PASSED] - Object: 'Object Repository/TestUserLocation/addPlusIcon' is clicked on

2019-03-06 16:20:22 - [TEST_STEP][PASSED] - Thread.sleep(2000): null

2019-03-06 16:20:24 - [TEST_STEP][PASSED] - setText(findTestObject("TestUserLocation/setNewName"), findTestData("LocationData").getValue("LocationName", 1)): Text 'Location_06/03/19-16:19' is set on object 'Object Repository/TestUserLocation/setNewName'

2019-03-06 16:20:25 - [MESSAGE][PASSED] - Text 'Location_06/03/19-16:19' is set on object 'Object Repository/TestUserLocation/setNewName'

2019-03-06 16:20:25 - [TEST_STEP][PASSED] - Thread.sleep(2000): null

2019-03-06 16:20:27 - [TEST_STEP][PASSED] - click(findTestObject("TestUserLocation/saveButton")): Object: 'Object Repository/TestUserLocation/saveButton' is clicked on

2019-03-06 16:20:27 - [MESSAGE][PASSED] - Object: 'Object Repository/TestUserLocation/saveButton' is clicked on

2019-03-06 16:20:27 - [TEST_STEP][PASSED] - waitForElementClickable(findTestObject("TestUserLocation/mainmenu_button"), 30): Object 'Object Repository/TestUserLocation/mainmenu_button' is clickable

2019-03-06 16:20:28 - [MESSAGE][PASSED] - Object 'Object Repository/TestUserLocation/mainmenu_button' is clickable

2019-03-06 16:20:28 - [TEST_STEP][PASSED] - AdminTool_Location.moveCursor(): AdminTool_Location.moveCursor is PASSED

2019-03-06 16:20:28 - [MESSAGE][PASSED] - AdminTool_Location.moveCursor is PASSED

2019-03-06 16:20:28 - [TEST_STEP][PASSED] - Thread.sleep(2000): null

2019-03-06 16:20:30 - [TEST_STEP][PASSED] - click(findTestObject("TestUserLocation/mainmenu_button")): Object: 'Object Repository/TestUserLocation/mainmenu_button' is clicked on

2019-03-06 16:20:30 - [MESSAGE][PASSED] - Object: 'Object Repository/TestUserLocation/mainmenu_button' is clicked on

2019-03-06 16:20:30 - [TEST_STEP][PASSED] - click(findTestObject("TestUserLocation/mainMenuLocation")): Object: 'Object Repository/TestUserLocation/mainMenuLocation' is clicked on

2019-03-06 16:20:30 - [MESSAGE][PASSED] - Object: 'Object Repository/TestUserLocation/mainMenuLocation' is clicked on

2019-03-06 16:20:30 - [TEST_STEP][PASSED] - waitForElementClickable(findTestObject("TestUserLocation/firstLocationVisable"), 30): Object 'Object Repository/TestUserLocation/firstLocationVisable' is clickable

2019-03-06 16:20:33 - [MESSAGE][PASSED] - Object 'Object Repository/TestUserLocation/firstLocationVisable' is clickable

2019-03-06 16:20:33 - [TEST_STEP][PASSED] - Thread.sleep(2000): null

2019-03-06 16:20:35 - [TEST_STEP][PASSED] - AdminTool_Location.selectLocation(): Element has been clicked

2019-03-06 16:20:40 - [MESSAGE][PASSED] - Element has been clicked

2019-03-06 16:20:40 - [TEST_STEP][PASSED] - click(findTestObject("TestUserLocation/addPlusIcon")): Object: 'Object Repository/TestUserLocation/addPlusIcon' is clicked on

2019-03-06 16:20:40 - [MESSAGE][PASSED] - Object: 'Object Repository/TestUserLocation/addPlusIcon' is clicked on

2019-03-06 16:20:40 - [TEST_STEP][PASSED] - Thread.sleep(2000): null

2019-03-06 16:20:42 - [TEST_STEP][PASSED] - setText(findTestObject("TestUserLocation/setNewName"), findTestData("LocationData").getValue("SubLocationName", 1)): Text 'SubLocation1_06/03/19-16:20' is set on object 'Object Repository/TestUserLocation/setNewName'

2019-03-06 16:20:43 - [MESSAGE][PASSED] - Text 'SubLocation1_06/03/19-16:20' is set on object 'Object Repository/TestUserLocation/setNewName'

2019-03-06 16:20:43 - [TEST_STEP][PASSED] - Thread.sleep(2000): null

2019-03-06 16:20:45 - [TEST_STEP][PASSED] - click(findTestObject("TestUserLocation/saveLocationDetailButton")): Object: 'Object Repository/TestUserLocation/saveLocationDetailButton' is clicked on

2019-03-06 16:20:45 - [MESSAGE][PASSED] - Object: 'Object Repository/TestUserLocation/saveLocationDetailButton' is clicked on

2019-03-06 16:20:45 - [TEST_STEP][PASSED] - waitForElementClickable(findTestObject("TestUserLocation/customerSelect"), 30): Object 'Object Repository/TestUserLocation/customerSelect' is clickable

2019-03-06 16:20:45 - [MESSAGE][PASSED] - Object 'Object Repository/TestUserLocation/customerSelect' is clickable

2019-03-06 16:20:45 - [TEST_STEP][PASSED] - Thread.sleep(2000): null

2019-03-06 16:20:47 - [TEST_STEP][PASSED] - click(findTestObject("TestUserLocation/customerSelect")): Object: 'Object Repository/TestUserLocation/customerSelect' is clicked on

2019-03-06 16:20:47 - [MESSAGE][PASSED] - Object: 'Object Repository/TestUserLocation/customerSelect' is clicked on

2019-03-06 16:20:47 - [TEST_STEP][PASSED] - waitForElementClickable(findTestObject("TestUserLocation/select4ResouceInCustomer"), 30): Object 'Object Repository/TestUserLocation/select4ResouceInCustomer' is clickable

2019-03-06 16:20:48 - [MESSAGE][PASSED] - Object 'Object Repository/TestUserLocation/select4ResouceInCustomer' is clickable

2019-03-06 16:20:48 - [TEST_STEP][PASSED] - Thread.sleep(2000): null

2019-03-06 16:20:50 - [TEST_STEP][PASSED] - check(findTestObject("TestUserLocation/select4ResouceInCustomer")): Object 'Object Repository/TestUserLocation/select4ResouceInCustomer' is checked

2019-03-06 16:20:50 - [MESSAGE][PASSED] - Object 'Object Repository/TestUserLocation/select4ResouceInCustomer' is checked

2019-03-06 16:20:50 - [TEST_STEP][PASSED] - Thread.sleep(2000): null

2019-03-06 16:20:52 - [TEST_STEP][PASSED] - click(findTestObject("TestUserLocation/saveLocationDetailButton")): Object: 'Object Repository/TestUserLocation/saveLocationDetailButton' is clicked on

2019-03-06 16:20:52 - [MESSAGE][PASSED] - Object: 'Object Repository/TestUserLocation/saveLocationDetailButton' is clicked on

2019-03-06 16:20:52 - [TEST_STEP][PASSED] - waitForElementClickable(findTestObject("TestUserLocation/select4ResouceInCustomer"), 30): Object 'Object Repository/TestUserLocation/select4ResouceInCustomer' is clickable

2019-03-06 16:20:52 - [MESSAGE][PASSED] - Object 'Object Repository/TestUserLocation/select4ResouceInCustomer' is clickable

2019-03-06 16:20:52 - [TEST_STEP][PASSED] - Thread.sleep(2000): null]]></system-out>
         <system-err><![CDATA[]]></system-err>
      </testcase>
      <testcase name="Test Cases/CheckResoucesAsPerLocation/CreateResource_Customer" classname="Test Cases/CheckResoucesAsPerLocation/CreateResource_Customer" status="PASSED">
         <system-out><![CDATA[2019-03-06 16:20:54 - [TEST_CASE][PASSED] - Test Cases/CheckResoucesAsPerLocation/CreateResource_Customer: Test Cases/CheckResoucesAsPerLocation/CreateResource_Customer

2019-03-06 16:20:55 - [TEST_STEP][NOT_RUN] - openBrowser(URL): NOT_RUN: openBrowser(URL)

2019-03-06 16:20:55 - [MESSAGE][NOT_RUN] - NOT_RUN: openBrowser(URL)

2019-03-06 16:20:55 - [TEST_STEP][NOT_RUN] - maximizeWindow(): NOT_RUN: maximizeWindow()

2019-03-06 16:20:55 - [MESSAGE][NOT_RUN] - NOT_RUN: maximizeWindow()

2019-03-06 16:20:55 - [TEST_STEP][NOT_RUN] - waitForElementClickable(findTestObject("TestUserLocation/login_Username"), 45): NOT_RUN: waitForElementClickable(findTestObject("TestUserLocation/login_Username"), 45)

2019-03-06 16:20:55 - [MESSAGE][NOT_RUN] - NOT_RUN: waitForElementClickable(findTestObject("TestUserLocation/login_Username"), 45)

2019-03-06 16:20:55 - [TEST_STEP][NOT_RUN] - setText(findTestObject("TestUserLocation/login_Username"), UserName): NOT_RUN: setText(findTestObject("TestUserLocation/login_Username"), UserName)

2019-03-06 16:20:55 - [MESSAGE][NOT_RUN] - NOT_RUN: setText(findTestObject("TestUserLocation/login_Username"), UserName)

2019-03-06 16:20:55 - [TEST_STEP][NOT_RUN] - setText(findTestObject("TestUserLocation/login_Password"), Password): NOT_RUN: setText(findTestObject("TestUserLocation/login_Password"), Password)

2019-03-06 16:20:55 - [MESSAGE][NOT_RUN] - NOT_RUN: setText(findTestObject("TestUserLocation/login_Password"), Password)

2019-03-06 16:20:55 - [TEST_STEP][PASSED] - AdminTool_Location.setCustomerName(): AdminTool_Location.setCustomerName is PASSED

2019-03-06 16:20:55 - [MESSAGE][PASSED] - AdminTool_Location.setCustomerName is PASSED

2019-03-06 16:20:55 - [TEST_STEP][NOT_RUN] - click(findTestObject("TestUserLocation/login_Button")): NOT_RUN: click(findTestObject("TestUserLocation/login_Button"))

2019-03-06 16:20:55 - [MESSAGE][NOT_RUN] - NOT_RUN: click(findTestObject("TestUserLocation/login_Button"))

2019-03-06 16:20:55 - [TEST_STEP][NOT_RUN] - Thread.sleep(4000): NOT_RUN: Thread.sleep(4000)

2019-03-06 16:20:55 - [MESSAGE][NOT_RUN] - NOT_RUN: Thread.sleep(4000)

2019-03-06 16:20:55 - [TEST_STEP][PASSED] - waitForElementClickable(findTestObject("TestUserLocation/mainmenu_button"), 30): Object 'Object Repository/TestUserLocation/mainmenu_button' is clickable

2019-03-06 16:20:55 - [MESSAGE][PASSED] - Object 'Object Repository/TestUserLocation/mainmenu_button' is clickable

2019-03-06 16:20:55 - [TEST_STEP][PASSED] - Thread.sleep(2000): null

2019-03-06 16:20:57 - [TEST_STEP][PASSED] - click(findTestObject("TestUserLocation/mainmenu_button")): Object: 'Object Repository/TestUserLocation/mainmenu_button' is clicked on

2019-03-06 16:20:57 - [MESSAGE][PASSED] - Object: 'Object Repository/TestUserLocation/mainmenu_button' is clicked on

2019-03-06 16:20:57 - [TEST_STEP][PASSED] - Thread.sleep(2000): null

2019-03-06 16:20:59 - [TEST_STEP][NOT_RUN] - click(findTestObject("TestUserLocation/adminTool")): NOT_RUN: click(findTestObject("TestUserLocation/adminTool"))

2019-03-06 16:20:59 - [MESSAGE][NOT_RUN] - NOT_RUN: click(findTestObject("TestUserLocation/adminTool"))

2019-03-06 16:20:59 - [TEST_STEP][PASSED] - click(findTestObject("TestUserLocation/mainMenuResourceDesigner")): Object: 'Object Repository/TestUserLocation/mainMenuResourceDesigner' is clicked on

2019-03-06 16:20:59 - [MESSAGE][PASSED] - Object: 'Object Repository/TestUserLocation/mainMenuResourceDesigner' is clicked on

2019-03-06 16:20:59 - [TEST_STEP][PASSED] - waitForElementClickable(findTestObject("TestResource/customers"), 30): Object 'Object Repository/TestResource/customers' is clickable

2019-03-06 16:21:00 - [MESSAGE][PASSED] - Object 'Object Repository/TestResource/customers' is clickable

2019-03-06 16:21:00 - [TEST_STEP][NOT_RUN] - Thread.sleep(2000): NOT_RUN: Thread.sleep(2000)

2019-03-06 16:21:00 - [MESSAGE][NOT_RUN] - NOT_RUN: Thread.sleep(2000)

2019-03-06 16:21:00 - [TEST_STEP][NOT_RUN] - click(findTestObject("TestUserLocation/yesDelete")): NOT_RUN: click(findTestObject("TestUserLocation/yesDelete"))

2019-03-06 16:21:00 - [MESSAGE][NOT_RUN] - NOT_RUN: click(findTestObject("TestUserLocation/yesDelete"))

2019-03-06 16:21:00 - [TEST_STEP][PASSED] - Thread.sleep(2000): null

2019-03-06 16:21:02 - [TEST_STEP][PASSED] - click(findTestObject("TestResource/customers")): Object: 'Object Repository/TestResource/customers' is clicked on

2019-03-06 16:21:02 - [MESSAGE][PASSED] - Object: 'Object Repository/TestResource/customers' is clicked on

2019-03-06 16:21:02 - [TEST_STEP][NOT_RUN] - Thread.sleep(4000): NOT_RUN: Thread.sleep(4000)

2019-03-06 16:21:02 - [MESSAGE][NOT_RUN] - NOT_RUN: Thread.sleep(4000)

2019-03-06 16:21:02 - [TEST_STEP][PASSED] - Thread.sleep(2000): null

2019-03-06 16:21:04 - [TEST_STEP][PASSED] - waitForElementClickable(findTestObject("TestUserLocation/testAttLoad"), 30): Object 'Object Repository/TestUserLocation/testAttLoad' is clickable

2019-03-06 16:21:04 - [MESSAGE][PASSED] - Object 'Object Repository/TestUserLocation/testAttLoad' is clickable

2019-03-06 16:21:04 - [TEST_STEP][PASSED] - waitForElementClickable(findTestObject("TestUserLocation/categories"), 30): Object 'Object Repository/TestUserLocation/categories' is clickable

2019-03-06 16:21:04 - [MESSAGE][PASSED] - Object 'Object Repository/TestUserLocation/categories' is clickable

2019-03-06 16:21:04 - [TEST_STEP][PASSED] - Thread.sleep(4000): null

2019-03-06 16:21:08 - [TEST_STEP][PASSED] - click(findTestObject("TestUserLocation/categories")): Object: 'Object Repository/TestUserLocation/categories' is clicked on

2019-03-06 16:21:08 - [MESSAGE][PASSED] - Object: 'Object Repository/TestUserLocation/categories' is clicked on

2019-03-06 16:21:08 - [TEST_STEP][PASSED] - Thread.sleep(2000): null

2019-03-06 16:21:10 - [TEST_STEP][PASSED] - click(findTestObject("TestUserLocation/defaultArea")): Object: 'Object Repository/TestUserLocation/defaultArea' is clicked on

2019-03-06 16:21:10 - [MESSAGE][PASSED] - Object: 'Object Repository/TestUserLocation/defaultArea' is clicked on

2019-03-06 16:21:10 - [TEST_STEP][PASSED] - Thread.sleep(2000): null

2019-03-06 16:21:12 - [TEST_STEP][PASSED] - waitForElementClickable(findTestObject("TestUserLocation/hoverHeading"), 45): Object 'Object Repository/TestUserLocation/hoverHeading' is clickable

2019-03-06 16:21:12 - [MESSAGE][PASSED] - Object 'Object Repository/TestUserLocation/hoverHeading' is clickable

2019-03-06 16:21:12 - [TEST_STEP][PASSED] - click(findTestObject("TestUserLocation/hoverHeading")): Object: 'Object Repository/TestUserLocation/hoverHeading' is clicked on

2019-03-06 16:21:12 - [MESSAGE][PASSED] - Object: 'Object Repository/TestUserLocation/hoverHeading' is clicked on

2019-03-06 16:21:12 - [TEST_STEP][PASSED] - click(findTestObject("TestUserLocation/addPlusIcon")): Object: 'Object Repository/TestUserLocation/addPlusIcon' is clicked on

2019-03-06 16:21:13 - [MESSAGE][PASSED] - Object: 'Object Repository/TestUserLocation/addPlusIcon' is clicked on

2019-03-06 16:21:13 - [TEST_STEP][PASSED] - setText(findTestObject("TestUserLocation/setNewName"), findTestData("LocationData").getValue("CustomerName", 1)): Text 'Customer_06/03/19-16:20' is set on object 'Object Repository/TestUserLocation/setNewName'

2019-03-06 16:21:13 - [MESSAGE][PASSED] - Text 'Customer_06/03/19-16:20' is set on object 'Object Repository/TestUserLocation/setNewName'

2019-03-06 16:21:13 - [TEST_STEP][PASSED] - Thread.sleep(2000): null

2019-03-06 16:21:15 - [TEST_STEP][PASSED] - click(findTestObject("TestUserLocation/saveButton")): Object: 'Object Repository/TestUserLocation/saveButton' is clicked on

2019-03-06 16:21:15 - [MESSAGE][PASSED] - Object: 'Object Repository/TestUserLocation/saveButton' is clicked on

2019-03-06 16:21:15 - [TEST_STEP][PASSED] - waitForElementClickable(findTestObject("TestUserLocation/mainmenu_button"), 30): Object 'Object Repository/TestUserLocation/mainmenu_button' is clickable

2019-03-06 16:21:16 - [MESSAGE][PASSED] - Object 'Object Repository/TestUserLocation/mainmenu_button' is clickable

2019-03-06 16:21:16 - [TEST_STEP][PASSED] - AdminTool_Location.moveCursor(): AdminTool_Location.moveCursor is PASSED

2019-03-06 16:21:16 - [MESSAGE][PASSED] - AdminTool_Location.moveCursor is PASSED

2019-03-06 16:21:16 - [TEST_STEP][PASSED] - Thread.sleep(2000): null

2019-03-06 16:21:18 - [TEST_STEP][PASSED] - click(findTestObject("TestUserLocation/mainmenu_button")): Object: 'Object Repository/TestUserLocation/mainmenu_button' is clicked on

2019-03-06 16:21:18 - [MESSAGE][PASSED] - Object: 'Object Repository/TestUserLocation/mainmenu_button' is clicked on

2019-03-06 16:21:18 - [TEST_STEP][PASSED] - Thread.sleep(2000): null

2019-03-06 16:21:20 - [TEST_STEP][PASSED] - click(findTestObject("TestResource/mainMenu_resources")): Object: 'Object Repository/TestResource/mainMenu_resources' is clicked on

2019-03-06 16:21:20 - [MESSAGE][PASSED] - Object: 'Object Repository/TestResource/mainMenu_resources' is clicked on

2019-03-06 16:21:20 - [TEST_STEP][PASSED] - waitForElementClickable(findTestObject("TestResource/customers"), 30): Object 'Object Repository/TestResource/customers' is clickable

2019-03-06 16:21:21 - [MESSAGE][PASSED] - Object 'Object Repository/TestResource/customers' is clickable

2019-03-06 16:21:21 - [TEST_STEP][PASSED] - Thread.sleep(2000): null

2019-03-06 16:21:23 - [TEST_STEP][PASSED] - click(findTestObject("TestResource/customers")): Object: 'Object Repository/TestResource/customers' is clicked on

2019-03-06 16:21:23 - [MESSAGE][PASSED] - Object: 'Object Repository/TestResource/customers' is clicked on

2019-03-06 16:21:23 - [TEST_STEP][PASSED] - Thread.sleep(2000): null

2019-03-06 16:21:25 - [TEST_STEP][PASSED] - waitForElementClickable(findTestObject("TestResource/linksTab"), 30): Object 'Object Repository/TestResource/linksTab' is clickable

2019-03-06 16:21:25 - [MESSAGE][PASSED] - Object 'Object Repository/TestResource/linksTab' is clickable

2019-03-06 16:21:25 - [TEST_STEP][PASSED] - Thread.sleep(2000): null

2019-03-06 16:21:27 - [TEST_STEP][PASSED] - AdminTool_Location.selectCustomer(): Element has been clicked

2019-03-06 16:21:30 - [MESSAGE][PASSED] - Element has been clicked

2019-03-06 16:21:30 - [TEST_STEP][PASSED] - Thread.sleep(2000): null

2019-03-06 16:21:32 - [TEST_STEP][PASSED] - waitForElementClickable(findTestObject("TestUserLocation/addPlusIcon"), 45): Object 'Object Repository/TestUserLocation/addPlusIcon' is clickable

2019-03-06 16:21:32 - [MESSAGE][PASSED] - Object 'Object Repository/TestUserLocation/addPlusIcon' is clickable

2019-03-06 16:21:32 - [TEST_STEP][PASSED] - click(findTestObject("TestUserLocation/addPlusIcon")): Object: 'Object Repository/TestUserLocation/addPlusIcon' is clicked on

2019-03-06 16:21:32 - [MESSAGE][PASSED] - Object: 'Object Repository/TestUserLocation/addPlusIcon' is clicked on

2019-03-06 16:21:32 - [TEST_STEP][PASSED] - Thread.sleep(2000): null

2019-03-06 16:21:34 - [TEST_STEP][PASSED] - setText(findTestObject("TestUserLocation/setNewName"), findTestData("LocationData").getValue("SubCustomerName1", 1)): Text 'SubCustomer1_06/03/19-16:20' is set on object 'Object Repository/TestUserLocation/setNewName'

2019-03-06 16:21:35 - [MESSAGE][PASSED] - Text 'SubCustomer1_06/03/19-16:20' is set on object 'Object Repository/TestUserLocation/setNewName'

2019-03-06 16:21:35 - [TEST_STEP][PASSED] - Thread.sleep(2000): null

2019-03-06 16:21:37 - [TEST_STEP][PASSED] - Submission.createResource(): Submission.createResource is PASSED

2019-03-06 16:22:19 - [MESSAGE][PASSED] - Submission.createResource is PASSED

2019-03-06 16:22:19 - [TEST_STEP][PASSED] - Thread.sleep(2000): null

2019-03-06 16:22:21 - [TEST_STEP][NOT_RUN] - setText(findTestObject("TestResource/setPhoneNumber"), "912378456"): NOT_RUN: setText(findTestObject("TestResource/setPhoneNumber"), "912378456")

2019-03-06 16:22:21 - [MESSAGE][NOT_RUN] - NOT_RUN: setText(findTestObject("TestResource/setPhoneNumber"), "912378456")

2019-03-06 16:22:21 - [TEST_STEP][PASSED] - click(findTestObject("TestResource/saveDetailButton")): Object: 'Object Repository/TestResource/saveDetailButton' is clicked on

2019-03-06 16:22:21 - [MESSAGE][PASSED] - Object: 'Object Repository/TestResource/saveDetailButton' is clicked on

2019-03-06 16:22:21 - [TEST_STEP][PASSED] - waitForElementClickable(findTestObject("TestResource/saveDetailButton"), 30): Object 'Object Repository/TestResource/saveDetailButton' is clickable

2019-03-06 16:22:21 - [MESSAGE][PASSED] - Object 'Object Repository/TestResource/saveDetailButton' is clickable

2019-03-06 16:22:21 - [TEST_STEP][PASSED] - Thread.sleep(2000): null

2019-03-06 16:22:23 - [TEST_STEP][PASSED] - waitForElementClickable(findTestObject("TestResource/disableResource"), 30): Object 'Object Repository/TestResource/disableResource' is clickable

2019-03-06 16:22:23 - [MESSAGE][PASSED] - Object 'Object Repository/TestResource/disableResource' is clickable

2019-03-06 16:22:23 - [TEST_STEP][PASSED] - Thread.sleep(2000): null

2019-03-06 16:22:25 - [TEST_STEP][PASSED] - click(findTestObject("TestResource/disableResource")): Object: 'Object Repository/TestResource/disableResource' is clicked on

2019-03-06 16:22:25 - [MESSAGE][PASSED] - Object: 'Object Repository/TestResource/disableResource' is clicked on

2019-03-06 16:22:25 - [TEST_STEP][PASSED] - Thread.sleep(2000): null

2019-03-06 16:22:27 - [TEST_STEP][PASSED] - click(findTestObject("TestResource/button2Yes")): Object: 'Object Repository/TestResource/button2Yes' is clicked on

2019-03-06 16:22:27 - [MESSAGE][PASSED] - Object: 'Object Repository/TestResource/button2Yes' is clicked on

2019-03-06 16:22:27 - [TEST_STEP][PASSED] - Thread.sleep(2000): null

2019-03-06 16:22:29 - [TEST_STEP][PASSED] - waitForElementClickable(findTestObject("TestResource/saveDetailButton"), 30): Object 'Object Repository/TestResource/saveDetailButton' is clickable

2019-03-06 16:22:29 - [MESSAGE][PASSED] - Object 'Object Repository/TestResource/saveDetailButton' is clickable

2019-03-06 16:22:29 - [TEST_STEP][NOT_RUN] - Thread.sleep(2000): NOT_RUN: Thread.sleep(2000)

2019-03-06 16:22:29 - [MESSAGE][NOT_RUN] - NOT_RUN: Thread.sleep(2000)

2019-03-06 16:22:29 - [TEST_STEP][PASSED] - click(findTestObject("TestResource/saveDetailButton")): Object: 'Object Repository/TestResource/saveDetailButton' is clicked on

2019-03-06 16:22:29 - [MESSAGE][PASSED] - Object: 'Object Repository/TestResource/saveDetailButton' is clicked on

2019-03-06 16:22:29 - [TEST_STEP][PASSED] - waitForElementClickable(findTestObject("TestResource/saveDetailButton"), 30): Object 'Object Repository/TestResource/saveDetailButton' is clickable

2019-03-06 16:22:29 - [MESSAGE][PASSED] - Object 'Object Repository/TestResource/saveDetailButton' is clickable

2019-03-06 16:22:29 - [TEST_STEP][PASSED] - waitForElementClickable(findTestObject("TestResource/linksTab"), 30): Object 'Object Repository/TestResource/linksTab' is clickable

2019-03-06 16:22:30 - [MESSAGE][PASSED] - Object 'Object Repository/TestResource/linksTab' is clickable

2019-03-06 16:22:30 - [TEST_STEP][PASSED] - Thread.sleep(4000): null

2019-03-06 16:22:34 - [TEST_STEP][PASSED] - click(findTestObject("TestResource/linksTab")): Object: 'Object Repository/TestResource/linksTab' is clicked on

2019-03-06 16:22:34 - [MESSAGE][PASSED] - Object: 'Object Repository/TestResource/linksTab' is clicked on

2019-03-06 16:22:34 - [TEST_STEP][PASSED] - waitForElementClickable(findTestObject("TestResource/addLink"), 30): Object 'Object Repository/TestResource/addLink' is clickable

2019-03-06 16:22:34 - [MESSAGE][PASSED] - Object 'Object Repository/TestResource/addLink' is clickable

2019-03-06 16:22:34 - [TEST_STEP][PASSED] - Thread.sleep(2000): null

2019-03-06 16:22:36 - [TEST_STEP][PASSED] - click(findTestObject("TestResource/addLink")): Object: 'Object Repository/TestResource/addLink' is clicked on

2019-03-06 16:22:36 - [MESSAGE][PASSED] - Object: 'Object Repository/TestResource/addLink' is clicked on

2019-03-06 16:22:36 - [TEST_STEP][PASSED] - waitForElementClickable(findTestObject("TestResource/selectSecondResourceToLink"), 30): Object 'Object Repository/TestResource/selectSecondResourceToLink' is clickable

2019-03-06 16:22:38 - [MESSAGE][PASSED] - Object 'Object Repository/TestResource/selectSecondResourceToLink' is clickable

2019-03-06 16:22:38 - [TEST_STEP][PASSED] - Thread.sleep(2000): null

2019-03-06 16:22:40 - [TEST_STEP][PASSED] - check(findTestObject("TestResource/selectSecondResourceToLink")): Object 'Object Repository/TestResource/selectSecondResourceToLink' is checked

2019-03-06 16:22:40 - [MESSAGE][PASSED] - Object 'Object Repository/TestResource/selectSecondResourceToLink' is checked

2019-03-06 16:22:40 - [TEST_STEP][PASSED] - AdminTool_Location.resourceLinkName(): AdminTool_Location.resourceLinkName is PASSED

2019-03-06 16:22:40 - [MESSAGE][PASSED] - AdminTool_Location.resourceLinkName is PASSED

2019-03-06 16:22:41 - [TEST_STEP][PASSED] - Thread.sleep(2000): null

2019-03-06 16:22:43 - [TEST_STEP][PASSED] - click(findTestObject("TestResource/button2Save")): Object: 'Object Repository/TestResource/button2Save' is clicked on

2019-03-06 16:22:43 - [MESSAGE][PASSED] - Object: 'Object Repository/TestResource/button2Save' is clicked on

2019-03-06 16:22:43 - [TEST_STEP][PASSED] - waitForElementClickable(findTestObject("TestResource/locationTab"), 30): Object 'Object Repository/TestResource/locationTab' is clickable

2019-03-06 16:22:43 - [MESSAGE][PASSED] - Object 'Object Repository/TestResource/locationTab' is clickable

2019-03-06 16:22:43 - [TEST_STEP][PASSED] - Thread.sleep(2000): null

2019-03-06 16:22:45 - [TEST_STEP][PASSED] - click(findTestObject("TestResource/locationTab")): Object: 'Object Repository/TestResource/locationTab' is clicked on

2019-03-06 16:22:45 - [MESSAGE][PASSED] - Object: 'Object Repository/TestResource/locationTab' is clicked on

2019-03-06 16:22:45 - [TEST_STEP][PASSED] - waitForElementClickable(findTestObject("TestResource/firstLoc"), 30): Object 'Object Repository/TestResource/firstLoc' is clickable

2019-03-06 16:22:45 - [MESSAGE][PASSED] - Object 'Object Repository/TestResource/firstLoc' is clickable

2019-03-06 16:22:45 - [TEST_STEP][PASSED] - Thread.sleep(2000): null

2019-03-06 16:22:47 - [TEST_STEP][PASSED] - AdminTool_Location.checkLocation(): AdminTool_Location.checkLocation is PASSED

2019-03-06 16:22:49 - [MESSAGE][PASSED] - AdminTool_Location.checkLocation is PASSED

2019-03-06 16:22:49 - [TEST_STEP][PASSED] - Thread.sleep(2000): null

2019-03-06 16:22:51 - [TEST_STEP][PASSED] - click(findTestObject("TestResource/saveLocation")): Object: 'Object Repository/TestResource/saveLocation' is clicked on

2019-03-06 16:22:51 - [MESSAGE][PASSED] - Object: 'Object Repository/TestResource/saveLocation' is clicked on

2019-03-06 16:22:51 - [TEST_STEP][PASSED] - waitForElementClickable(findTestObject("TestUserLocation/mainmenu_button"), 30): Object 'Object Repository/TestUserLocation/mainmenu_button' is clickable

2019-03-06 16:22:52 - [MESSAGE][PASSED] - Object 'Object Repository/TestUserLocation/mainmenu_button' is clickable

2019-03-06 16:22:52 - [TEST_STEP][PASSED] - Thread.sleep(2000): null

2019-03-06 16:22:54 - [TEST_STEP][PASSED] - click(findTestObject("TestUserLocation/mainmenu_button")): Object: 'Object Repository/TestUserLocation/mainmenu_button' is clicked on

2019-03-06 16:22:54 - [MESSAGE][PASSED] - Object: 'Object Repository/TestUserLocation/mainmenu_button' is clicked on

2019-03-06 16:22:54 - [TEST_STEP][PASSED] - Thread.sleep(2000): null

2019-03-06 16:22:56 - [TEST_STEP][PASSED] - click(findTestObject("TestResource/mainMenu_resources")): Object: 'Object Repository/TestResource/mainMenu_resources' is clicked on

2019-03-06 16:22:57 - [MESSAGE][PASSED] - Object: 'Object Repository/TestResource/mainMenu_resources' is clicked on

2019-03-06 16:22:57 - [TEST_STEP][PASSED] - waitForElementClickable(findTestObject("TestResource/customers"), 30): Object 'Object Repository/TestResource/customers' is clickable

2019-03-06 16:22:57 - [MESSAGE][PASSED] - Object 'Object Repository/TestResource/customers' is clickable

2019-03-06 16:22:57 - [TEST_STEP][PASSED] - Thread.sleep(2000): null

2019-03-06 16:22:59 - [TEST_STEP][PASSED] - click(findTestObject("TestResource/customers")): Object: 'Object Repository/TestResource/customers' is clicked on

2019-03-06 16:22:59 - [MESSAGE][PASSED] - Object: 'Object Repository/TestResource/customers' is clicked on

2019-03-06 16:22:59 - [TEST_STEP][PASSED] - Thread.sleep(2000): null

2019-03-06 16:23:01 - [TEST_STEP][PASSED] - waitForElementClickable(findTestObject("TestResource/linksTab"), 30): Object 'Object Repository/TestResource/linksTab' is clickable

2019-03-06 16:23:01 - [MESSAGE][PASSED] - Object 'Object Repository/TestResource/linksTab' is clickable

2019-03-06 16:23:01 - [TEST_STEP][PASSED] - Thread.sleep(2000): null

2019-03-06 16:23:03 - [TEST_STEP][PASSED] - AdminTool_Location.selectCustomer(): Element has been clicked

2019-03-06 16:23:05 - [MESSAGE][PASSED] - Element has been clicked

2019-03-06 16:23:05 - [TEST_STEP][PASSED] - Thread.sleep(2000): null

2019-03-06 16:23:07 - [TEST_STEP][PASSED] - waitForElementClickable(findTestObject("TestUserLocation/addPlusIcon"), 45): Object 'Object Repository/TestUserLocation/addPlusIcon' is clickable

2019-03-06 16:23:07 - [MESSAGE][PASSED] - Object 'Object Repository/TestUserLocation/addPlusIcon' is clickable

2019-03-06 16:23:07 - [TEST_STEP][PASSED] - click(findTestObject("TestUserLocation/addPlusIcon")): Object: 'Object Repository/TestUserLocation/addPlusIcon' is clicked on

2019-03-06 16:23:07 - [MESSAGE][PASSED] - Object: 'Object Repository/TestUserLocation/addPlusIcon' is clicked on

2019-03-06 16:23:07 - [TEST_STEP][PASSED] - Thread.sleep(2000): null

2019-03-06 16:23:09 - [TEST_STEP][PASSED] - setText(findTestObject("TestUserLocation/setNewName"), findTestData("LocationData").getValue("SubCustomerName2", 1)): Text 'SubCustomer2_06/03/19-16:20' is set on object 'Object Repository/TestUserLocation/setNewName'

2019-03-06 16:23:10 - [MESSAGE][PASSED] - Text 'SubCustomer2_06/03/19-16:20' is set on object 'Object Repository/TestUserLocation/setNewName'

2019-03-06 16:23:10 - [TEST_STEP][PASSED] - Thread.sleep(2000): null

2019-03-06 16:23:12 - [TEST_STEP][PASSED] - Submission.createResource(): Submission.createResource is PASSED

2019-03-06 16:23:58 - [MESSAGE][PASSED] - Submission.createResource is PASSED

2019-03-06 16:23:58 - [TEST_STEP][NOT_RUN] - setText(findTestObject("TestResource/setPhoneNumber"), "912378456"): NOT_RUN: setText(findTestObject("TestResource/setPhoneNumber"), "912378456")

2019-03-06 16:23:58 - [MESSAGE][NOT_RUN] - NOT_RUN: setText(findTestObject("TestResource/setPhoneNumber"), "912378456")

2019-03-06 16:23:58 - [TEST_STEP][PASSED] - Thread.sleep(2000): null

2019-03-06 16:24:00 - [TEST_STEP][PASSED] - click(findTestObject("TestResource/saveDetailButton")): Object: 'Object Repository/TestResource/saveDetailButton' is clicked on

2019-03-06 16:24:00 - [MESSAGE][PASSED] - Object: 'Object Repository/TestResource/saveDetailButton' is clicked on

2019-03-06 16:24:00 - [TEST_STEP][PASSED] - waitForElementClickable(findTestObject("TestResource/saveDetailButton"), 30): Object 'Object Repository/TestResource/saveDetailButton' is clickable

2019-03-06 16:24:00 - [MESSAGE][PASSED] - Object 'Object Repository/TestResource/saveDetailButton' is clickable

2019-03-06 16:24:00 - [TEST_STEP][PASSED] - AdminTool_Location.moveCursor(): AdminTool_Location.moveCursor is PASSED

2019-03-06 16:24:00 - [MESSAGE][PASSED] - AdminTool_Location.moveCursor is PASSED

2019-03-06 16:24:00 - [TEST_STEP][PASSED] - Thread.sleep(2000): null

2019-03-06 16:24:02 - [TEST_STEP][PASSED] - waitForElementClickable(findTestObject("TestResource/linksTab"), 30): Object 'Object Repository/TestResource/linksTab' is clickable

2019-03-06 16:24:02 - [MESSAGE][PASSED] - Object 'Object Repository/TestResource/linksTab' is clickable

2019-03-06 16:24:02 - [TEST_STEP][PASSED] - Thread.sleep(4000): null

2019-03-06 16:24:06 - [TEST_STEP][PASSED] - click(findTestObject("TestResource/linksTab")): Object: 'Object Repository/TestResource/linksTab' is clicked on

2019-03-06 16:24:06 - [MESSAGE][PASSED] - Object: 'Object Repository/TestResource/linksTab' is clicked on

2019-03-06 16:24:06 - [TEST_STEP][PASSED] - waitForElementClickable(findTestObject("TestResource/addLink"), 30): Object 'Object Repository/TestResource/addLink' is clickable

2019-03-06 16:24:06 - [MESSAGE][PASSED] - Object 'Object Repository/TestResource/addLink' is clickable

2019-03-06 16:24:06 - [TEST_STEP][PASSED] - Thread.sleep(2000): null

2019-03-06 16:24:08 - [TEST_STEP][PASSED] - click(findTestObject("TestResource/addLink")): Object: 'Object Repository/TestResource/addLink' is clicked on

2019-03-06 16:24:09 - [MESSAGE][PASSED] - Object: 'Object Repository/TestResource/addLink' is clicked on

2019-03-06 16:24:09 - [TEST_STEP][PASSED] - waitForElementClickable(findTestObject("TestResource/selectSecondResourceToLink"), 30): Object 'Object Repository/TestResource/selectSecondResourceToLink' is clickable

2019-03-06 16:24:10 - [MESSAGE][PASSED] - Object 'Object Repository/TestResource/selectSecondResourceToLink' is clickable

2019-03-06 16:24:10 - [TEST_STEP][PASSED] - Thread.sleep(2000): null

2019-03-06 16:24:12 - [TEST_STEP][PASSED] - check(findTestObject("TestResource/selectSecondResourceToLink")): Object 'Object Repository/TestResource/selectSecondResourceToLink' is checked

2019-03-06 16:24:12 - [MESSAGE][PASSED] - Object 'Object Repository/TestResource/selectSecondResourceToLink' is checked

2019-03-06 16:24:12 - [TEST_STEP][PASSED] - AdminTool_Location.resourceLinkName(): AdminTool_Location.resourceLinkName is PASSED

2019-03-06 16:24:12 - [MESSAGE][PASSED] - AdminTool_Location.resourceLinkName is PASSED

2019-03-06 16:24:12 - [TEST_STEP][PASSED] - Thread.sleep(2000): null

2019-03-06 16:24:14 - [TEST_STEP][PASSED] - click(findTestObject("TestResource/button2Save")): Object: 'Object Repository/TestResource/button2Save' is clicked on

2019-03-06 16:24:14 - [MESSAGE][PASSED] - Object: 'Object Repository/TestResource/button2Save' is clicked on

2019-03-06 16:24:14 - [TEST_STEP][PASSED] - waitForElementClickable(findTestObject("TestResource/locationTab"), 30): Object 'Object Repository/TestResource/locationTab' is clickable

2019-03-06 16:24:14 - [MESSAGE][PASSED] - Object 'Object Repository/TestResource/locationTab' is clickable

2019-03-06 16:24:14 - [TEST_STEP][PASSED] - Thread.sleep(2000): null

2019-03-06 16:24:16 - [TEST_STEP][PASSED] - click(findTestObject("TestResource/locationTab")): Object: 'Object Repository/TestResource/locationTab' is clicked on

2019-03-06 16:24:16 - [MESSAGE][PASSED] - Object: 'Object Repository/TestResource/locationTab' is clicked on

2019-03-06 16:24:16 - [TEST_STEP][PASSED] - waitForElementClickable(findTestObject("TestResource/firstLoc"), 30): Object 'Object Repository/TestResource/firstLoc' is clickable

2019-03-06 16:24:16 - [MESSAGE][PASSED] - Object 'Object Repository/TestResource/firstLoc' is clickable

2019-03-06 16:24:16 - [TEST_STEP][PASSED] - Thread.sleep(2000): null

2019-03-06 16:24:18 - [TEST_STEP][PASSED] - AdminTool_Location.checkLocation(): AdminTool_Location.checkLocation is PASSED

2019-03-06 16:24:21 - [MESSAGE][PASSED] - AdminTool_Location.checkLocation is PASSED

2019-03-06 16:24:21 - [TEST_STEP][PASSED] - Thread.sleep(2000): null

2019-03-06 16:24:23 - [TEST_STEP][PASSED] - click(findTestObject("TestResource/saveLocation")): Object: 'Object Repository/TestResource/saveLocation' is clicked on

2019-03-06 16:24:23 - [MESSAGE][PASSED] - Object: 'Object Repository/TestResource/saveLocation' is clicked on

2019-03-06 16:24:23 - [TEST_STEP][PASSED] - waitForElementClickable(findTestObject("TestResource/saveLocation"), 30): Object 'Object Repository/TestResource/saveLocation' is clickable

2019-03-06 16:24:23 - [MESSAGE][PASSED] - Object 'Object Repository/TestResource/saveLocation' is clickable

2019-03-06 16:24:23 - [TEST_STEP][PASSED] - Thread.sleep(2000): null]]></system-out>
         <system-err><![CDATA[]]></system-err>
      </testcase>
      <testcase name="Test Cases/CheckResoucesAsPerLocation/Validate" classname="Test Cases/CheckResoucesAsPerLocation/Validate" status="PASSED">
         <system-out><![CDATA[2019-03-06 16:24:25 - [TEST_CASE][PASSED] - Test Cases/CheckResoucesAsPerLocation/Validate: Test Cases/CheckResoucesAsPerLocation/Validate

2019-03-06 16:24:25 - [TEST_STEP][NOT_RUN] - openBrowser(URL): NOT_RUN: openBrowser(URL)

2019-03-06 16:24:25 - [MESSAGE][NOT_RUN] - NOT_RUN: openBrowser(URL)

2019-03-06 16:24:25 - [TEST_STEP][NOT_RUN] - maximizeWindow(): NOT_RUN: maximizeWindow()

2019-03-06 16:24:25 - [MESSAGE][NOT_RUN] - NOT_RUN: maximizeWindow()

2019-03-06 16:24:25 - [TEST_STEP][NOT_RUN] - setText(findTestObject("TestUserLocation/login_Username"), UserName): NOT_RUN: setText(findTestObject("TestUserLocation/login_Username"), UserName)

2019-03-06 16:24:25 - [MESSAGE][NOT_RUN] - NOT_RUN: setText(findTestObject("TestUserLocation/login_Username"), UserName)

2019-03-06 16:24:25 - [TEST_STEP][NOT_RUN] - setText(findTestObject("TestUserLocation/login_Password"), Password): NOT_RUN: setText(findTestObject("TestUserLocation/login_Password"), Password)

2019-03-06 16:24:25 - [MESSAGE][NOT_RUN] - NOT_RUN: setText(findTestObject("TestUserLocation/login_Password"), Password)

2019-03-06 16:24:25 - [TEST_STEP][NOT_RUN] - click(findTestObject("TestUserLocation/login_Button")): NOT_RUN: click(findTestObject("TestUserLocation/login_Button"))

2019-03-06 16:24:25 - [MESSAGE][NOT_RUN] - NOT_RUN: click(findTestObject("TestUserLocation/login_Button"))

2019-03-06 16:24:25 - [TEST_STEP][PASSED] - waitForElementClickable(findTestObject("Form_Selection_Creation/mainMenu_Button"), 30): Object 'Object Repository/Form_Selection_Creation/mainMenu_Button' is clickable

2019-03-06 16:24:25 - [MESSAGE][PASSED] - Object 'Object Repository/Form_Selection_Creation/mainMenu_Button' is clickable

2019-03-06 16:24:25 - [TEST_STEP][PASSED] - click(findTestObject("Form_Selection_Creation/mainMenu_Button")): Object: 'Object Repository/Form_Selection_Creation/mainMenu_Button' is clicked on

2019-03-06 16:24:25 - [MESSAGE][PASSED] - Object: 'Object Repository/Form_Selection_Creation/mainMenu_Button' is clicked on

2019-03-06 16:24:25 - [TEST_STEP][NOT_RUN] - click(findTestObject("Form_Selection_Creation/mainMenu_AdminTools")): NOT_RUN: click(findTestObject("Form_Selection_Creation/mainMenu_AdminTools"))

2019-03-06 16:24:25 - [MESSAGE][NOT_RUN] - NOT_RUN: click(findTestObject("Form_Selection_Creation/mainMenu_AdminTools"))

2019-03-06 16:24:25 - [TEST_STEP][PASSED] - waitForElementVisible(findTestObject("Form_Selection_Creation/mainMenu_AdminTools_FormDesigner"), 45): Object 'Object Repository/Form_Selection_Creation/mainMenu_AdminTools_FormDesigner' is visible

2019-03-06 16:24:25 - [MESSAGE][PASSED] - Object 'Object Repository/Form_Selection_Creation/mainMenu_AdminTools_FormDesigner' is visible

2019-03-06 16:24:25 - [TEST_STEP][PASSED] - click(findTestObject("Form_Selection_Creation/mainMenu_AdminTools_FormDesigner")): Object: 'Object Repository/Form_Selection_Creation/mainMenu_AdminTools_FormDesigner' is clicked on

2019-03-06 16:24:26 - [MESSAGE][PASSED] - Object: 'Object Repository/Form_Selection_Creation/mainMenu_AdminTools_FormDesigner' is clicked on

2019-03-06 16:24:26 - [TEST_STEP][PASSED] - click(findTestObject("Form_Selection_Creation/selectCheckForm")): Object: 'Object Repository/Form_Selection_Creation/selectCheckForm' is clicked on

2019-03-06 16:24:26 - [MESSAGE][PASSED] - Object: 'Object Repository/Form_Selection_Creation/selectCheckForm' is clicked on

2019-03-06 16:24:26 - [TEST_STEP][PASSED] - Thread.sleep(4000): null

2019-03-06 16:24:30 - [TEST_STEP][PASSED] - AdminTool_Location.selectResType(): AdminTool_Location.selectResType is PASSED

2019-03-06 16:24:34 - [MESSAGE][PASSED] - AdminTool_Location.selectResType is PASSED

2019-03-06 16:24:34 - [TEST_STEP][PASSED] - Thread.sleep(4000): null

2019-03-06 16:24:38 - [TEST_STEP][PASSED] - AdminTool_Location.dragDropRes(): Element has been clicked

2019-03-06 16:24:42 - [MESSAGE][PASSED] - Element has been clicked

2019-03-06 16:24:42 - [TEST_STEP][PASSED] - Thread.sleep(4000): null

2019-03-06 16:24:46 - [TEST_STEP][PASSED] - AdminTool_Location.validate(): AdminTool_Location.validate is PASSED

2019-03-06 16:24:47 - [MESSAGE][PASSED] - AdminTool_Location.validate is PASSED]]></system-out>
         <system-err><![CDATA[]]></system-err>
      </testcase>
      <testcase name="Test Cases/CheckResoucesAsPerLocation/CreateResource_Equipment" classname="Test Cases/CheckResoucesAsPerLocation/CreateResource_Equipment" status="FAILED">
         <failure type="FAILED" message="Test Cases/CheckResoucesAsPerLocation/CreateResource_Equipment FAILED.
Reason:
com.kms.katalon.core.exception.StepFailedException: Unable to click on object 'Object Repository/TestUserLocation/login_Button'
	at com.kms.katalon.core.keyword.internal.KeywordMain.stepFailed(KeywordMain.groovy:48)
	at com.kms.katalon.core.webui.keyword.internal.WebUIKeywordMain.stepFailed(WebUIKeywordMain.groovy:65)
	at com.kms.katalon.core.webui.keyword.internal.WebUIKeywordMain.runKeyword(WebUIKeywordMain.groovy:27)
	at com.kms.katalon.core.webui.keyword.builtin.ClickKeyword.click(ClickKeyword.groovy:86)
	at com.kms.katalon.core.webui.keyword.builtin.ClickKeyword.execute(ClickKeyword.groovy:67)
	at com.kms.katalon.core.keyword.internal.KeywordExecutor.executeKeywordForPlatform(KeywordExecutor.groovy:56)
	at com.kms.katalon.core.webui.keyword.WebUiBuiltInKeywords.click(WebUiBuiltInKeywords.groovy:616)
	at com.kms.katalon.core.webui.keyword.WebUiBuiltInKeywords$click$2.call(Unknown Source)
	at CreateResource_Equipment.run(CreateResource_Equipment:28)
	at com.kms.katalon.core.main.ScriptEngine.run(ScriptEngine.java:194)
	at com.kms.katalon.core.main.ScriptEngine.runScriptAsRawText(ScriptEngine.java:119)
	at com.kms.katalon.core.main.TestCaseExecutor.runScript(TestCaseExecutor.java:331)
	at com.kms.katalon.core.main.TestCaseExecutor.doExecute(TestCaseExecutor.java:322)
	at com.kms.katalon.core.main.TestCaseExecutor.processExecutionPhase(TestCaseExecutor.java:301)
	at com.kms.katalon.core.main.TestCaseExecutor.accessMainPhase(TestCaseExecutor.java:293)
	at com.kms.katalon.core.main.TestCaseExecutor.execute(TestCaseExecutor.java:227)
	at com.kms.katalon.core.main.TestSuiteExecutor.accessTestCaseMainPhase(TestSuiteExecutor.java:129)
	at com.kms.katalon.core.main.TestSuiteExecutor.accessTestSuiteMainPhase(TestSuiteExecutor.java:112)
	at com.kms.katalon.core.main.TestSuiteExecutor.execute(TestSuiteExecutor.java:81)
	at com.kms.katalon.core.main.TestCaseMain.startTestSuite(TestCaseMain.java:157)
	at com.kms.katalon.core.main.TestCaseMain$startTestSuite$0.call(Unknown Source)
	at TempTestSuite1551869325949.run(TempTestSuite1551869325949.groovy:35)
"/>
         <system-out><![CDATA[2019-03-06 16:24:47 - [TEST_CASE][FAILED] - Test Cases/CheckResoucesAsPerLocation/CreateResource_Equipment: Test Cases/CheckResoucesAsPerLocation/CreateResource_Equipment FAILED.
Reason:
com.kms.katalon.core.exception.StepFailedException: Unable to click on object 'Object Repository/TestUserLocation/login_Button'
	at com.kms.katalon.core.keyword.internal.KeywordMain.stepFailed(KeywordMain.groovy:48)
	at com.kms.katalon.core.webui.keyword.internal.WebUIKeywordMain.stepFailed(WebUIKeywordMain.groovy:65)
	at com.kms.katalon.core.webui.keyword.internal.WebUIKeywordMain.runKeyword(WebUIKeywordMain.groovy:27)
	at com.kms.katalon.core.webui.keyword.builtin.ClickKeyword.click(ClickKeyword.groovy:86)
	at com.kms.katalon.core.webui.keyword.builtin.ClickKeyword.execute(ClickKeyword.groovy:67)
	at com.kms.katalon.core.keyword.internal.KeywordExecutor.executeKeywordForPlatform(KeywordExecutor.groovy:56)
	at com.kms.katalon.core.webui.keyword.WebUiBuiltInKeywords.click(WebUiBuiltInKeywords.groovy:616)
	at com.kms.katalon.core.webui.keyword.WebUiBuiltInKeywords$click$2.call(Unknown Source)
	at CreateResource_Equipment.run(CreateResource_Equipment:28)
	at com.kms.katalon.core.main.ScriptEngine.run(ScriptEngine.java:194)
	at com.kms.katalon.core.main.ScriptEngine.runScriptAsRawText(ScriptEngine.java:119)
	at com.kms.katalon.core.main.TestCaseExecutor.runScript(TestCaseExecutor.java:331)
	at com.kms.katalon.core.main.TestCaseExecutor.doExecute(TestCaseExecutor.java:322)
	at com.kms.katalon.core.main.TestCaseExecutor.processExecutionPhase(TestCaseExecutor.java:301)
	at com.kms.katalon.core.main.TestCaseExecutor.accessMainPhase(TestCaseExecutor.java:293)
	at com.kms.katalon.core.main.TestCaseExecutor.execute(TestCaseExecutor.java:227)
	at com.kms.katalon.core.main.TestSuiteExecutor.accessTestCaseMainPhase(TestSuiteExecutor.java:129)
	at com.kms.katalon.core.main.TestSuiteExecutor.accessTestSuiteMainPhase(TestSuiteExecutor.java:112)
	at com.kms.katalon.core.main.TestSuiteExecutor.execute(TestSuiteExecutor.java:81)
	at com.kms.katalon.core.main.TestCaseMain.startTestSuite(TestCaseMain.java:157)
	at com.kms.katalon.core.main.TestCaseMain$startTestSuite$0.call(Unknown Source)
	at TempTestSuite1551869325949.run(TempTestSuite1551869325949.groovy:35)


2019-03-06 16:24:47 - [TEST_STEP][NOT_RUN] - openBrowser(URL): NOT_RUN: openBrowser(URL)

2019-03-06 16:24:47 - [MESSAGE][NOT_RUN] - NOT_RUN: openBrowser(URL)

2019-03-06 16:24:47 - [TEST_STEP][NOT_RUN] - maximizeWindow(): NOT_RUN: maximizeWindow()

2019-03-06 16:24:47 - [MESSAGE][NOT_RUN] - NOT_RUN: maximizeWindow()

2019-03-06 16:24:47 - [TEST_STEP][NOT_RUN] - waitForElementClickable(findTestObject("TestUserLocation/login_Username"), 45): NOT_RUN: waitForElementClickable(findTestObject("TestUserLocation/login_Username"), 45)

2019-03-06 16:24:47 - [MESSAGE][NOT_RUN] - NOT_RUN: waitForElementClickable(findTestObject("TestUserLocation/login_Username"), 45)

2019-03-06 16:24:47 - [TEST_STEP][NOT_RUN] - setText(findTestObject("TestUserLocation/login_Username"), UserName): NOT_RUN: setText(findTestObject("TestUserLocation/login_Username"), UserName)

2019-03-06 16:24:47 - [MESSAGE][NOT_RUN] - NOT_RUN: setText(findTestObject("TestUserLocation/login_Username"), UserName)

2019-03-06 16:24:47 - [TEST_STEP][NOT_RUN] - setText(findTestObject("TestUserLocation/login_Password"), Password): NOT_RUN: setText(findTestObject("TestUserLocation/login_Password"), Password)

2019-03-06 16:24:47 - [MESSAGE][NOT_RUN] - NOT_RUN: setText(findTestObject("TestUserLocation/login_Password"), Password)

2019-03-06 16:24:47 - [TEST_STEP][PASSED] - AdminTool_Location.setEquipmentName(): AdminTool_Location.setEquipmentName is PASSED

2019-03-06 16:24:47 - [MESSAGE][PASSED] - AdminTool_Location.setEquipmentName is PASSED

2019-03-06 16:24:47 - [TEST_STEP][FAILED] - click(findTestObject("TestUserLocation/login_Button")): click(findTestObject("TestUserLocation/login_Button")) FAILED.
Reason:
com.kms.katalon.core.exception.StepFailedException: Unable to click on object 'Object Repository/TestUserLocation/login_Button'
	at com.kms.katalon.core.keyword.internal.KeywordMain.stepFailed(KeywordMain.groovy:48)
	at com.kms.katalon.core.webui.keyword.internal.WebUIKeywordMain.stepFailed(WebUIKeywordMain.groovy:65)
	at com.kms.katalon.core.webui.keyword.internal.WebUIKeywordMain.runKeyword(WebUIKeywordMain.groovy:27)
	at com.kms.katalon.core.webui.keyword.builtin.ClickKeyword.click(ClickKeyword.groovy:86)
	at com.kms.katalon.core.webui.keyword.builtin.ClickKeyword.execute(ClickKeyword.groovy:67)
	at com.kms.katalon.core.keyword.internal.KeywordExecutor.executeKeywordForPlatform(KeywordExecutor.groovy:56)
	at com.kms.katalon.core.webui.keyword.WebUiBuiltInKeywords.click(WebUiBuiltInKeywords.groovy:616)
	at com.kms.katalon.core.webui.keyword.WebUiBuiltInKeywords$click$2.call(Unknown Source)
	at CreateResource_Equipment.run(CreateResource_Equipment:28)
	at com.kms.katalon.core.main.ScriptEngine.run(ScriptEngine.java:194)
	at com.kms.katalon.core.main.ScriptEngine.runScriptAsRawText(ScriptEngine.java:119)
	at com.kms.katalon.core.main.TestCaseExecutor.runScript(TestCaseExecutor.java:331)
	at com.kms.katalon.core.main.TestCaseExecutor.doExecute(TestCaseExecutor.java:322)
	at com.kms.katalon.core.main.TestCaseExecutor.processExecutionPhase(TestCaseExecutor.java:301)
	at com.kms.katalon.core.main.TestCaseExecutor.accessMainPhase(TestCaseExecutor.java:293)
	at com.kms.katalon.core.main.TestCaseExecutor.execute(TestCaseExecutor.java:227)
	at com.kms.katalon.core.main.TestSuiteExecutor.accessTestCaseMainPhase(TestSuiteExecutor.java:129)
	at com.kms.katalon.core.main.TestSuiteExecutor.accessTestSuiteMainPhase(TestSuiteExecutor.java:112)
	at com.kms.katalon.core.main.TestSuiteExecutor.execute(TestSuiteExecutor.java:81)
	at com.kms.katalon.core.main.TestCaseMain.startTestSuite(TestCaseMain.java:157)
	at com.kms.katalon.core.main.TestCaseMain$startTestSuite$0.call(Unknown Source)
	at TempTestSuite1551869325949.run(TempTestSuite1551869325949.groovy:35)


2019-03-06 16:25:18 - [MESSAGE][INFO] - Unable to find the element located by 'By.xpath: //button[@name='button']'. Please recheck the objects properties to make sure the desired element is located. 

2019-03-06 16:25:19 - [MESSAGE][FAILED] - Unable to click on object 'Object Repository/TestUserLocation/login_Button'
[[ATTACHMENT|D:\\Git Data\\SafetyChain-Test-Automation-Katalon\\Reports\\TestResources\\20190306_161845\\1551869718897.png]]

2019-03-06 16:25:19 - [MESSAGE][FAILED] - click(findTestObject("TestUserLocation/login_Button")) FAILED.
Reason:
com.kms.katalon.core.exception.StepFailedException: Unable to click on object 'Object Repository/TestUserLocation/login_Button'
	at com.kms.katalon.core.keyword.internal.KeywordMain.stepFailed(KeywordMain.groovy:48)
	at com.kms.katalon.core.webui.keyword.internal.WebUIKeywordMain.stepFailed(WebUIKeywordMain.groovy:65)
	at com.kms.katalon.core.webui.keyword.internal.WebUIKeywordMain.runKeyword(WebUIKeywordMain.groovy:27)
	at com.kms.katalon.core.webui.keyword.builtin.ClickKeyword.click(ClickKeyword.groovy:86)
	at com.kms.katalon.core.webui.keyword.builtin.ClickKeyword.execute(ClickKeyword.groovy:67)
	at com.kms.katalon.core.keyword.internal.KeywordExecutor.executeKeywordForPlatform(KeywordExecutor.groovy:56)
	at com.kms.katalon.core.webui.keyword.WebUiBuiltInKeywords.click(WebUiBuiltInKeywords.groovy:616)
	at com.kms.katalon.core.webui.keyword.WebUiBuiltInKeywords$click$2.call(Unknown Source)
	at CreateResource_Equipment.run(CreateResource_Equipment:28)
	at com.kms.katalon.core.main.ScriptEngine.run(ScriptEngine.java:194)
	at com.kms.katalon.core.main.ScriptEngine.runScriptAsRawText(ScriptEngine.java:119)
	at com.kms.katalon.core.main.TestCaseExecutor.runScript(TestCaseExecutor.java:331)
	at com.kms.katalon.core.main.TestCaseExecutor.doExecute(TestCaseExecutor.java:322)
	at com.kms.katalon.core.main.TestCaseExecutor.processExecutionPhase(TestCaseExecutor.java:301)
	at com.kms.katalon.core.main.TestCaseExecutor.accessMainPhase(TestCaseExecutor.java:293)
	at com.kms.katalon.core.main.TestCaseExecutor.execute(TestCaseExecutor.java:227)
	at com.kms.katalon.core.main.TestSuiteExecutor.accessTestCaseMainPhase(TestSuiteExecutor.java:129)
	at com.kms.katalon.core.main.TestSuiteExecutor.accessTestSuiteMainPhase(TestSuiteExecutor.java:112)
	at com.kms.katalon.core.main.TestSuiteExecutor.execute(TestSuiteExecutor.java:81)
	at com.kms.katalon.core.main.TestCaseMain.startTestSuite(TestCaseMain.java:157)
	at com.kms.katalon.core.main.TestCaseMain$startTestSuite$0.call(Unknown Source)
	at TempTestSuite1551869325949.run(TempTestSuite1551869325949.groovy:35)]]></system-out>
         <system-err><![CDATA[2019-03-06 16:24:47 - [TEST_CASE][FAILED] - Test Cases/CheckResoucesAsPerLocation/CreateResource_Equipment: Test Cases/CheckResoucesAsPerLocation/CreateResource_Equipment FAILED.
Reason:
com.kms.katalon.core.exception.StepFailedException: Unable to click on object 'Object Repository/TestUserLocation/login_Button'
	at com.kms.katalon.core.keyword.internal.KeywordMain.stepFailed(KeywordMain.groovy:48)
	at com.kms.katalon.core.webui.keyword.internal.WebUIKeywordMain.stepFailed(WebUIKeywordMain.groovy:65)
	at com.kms.katalon.core.webui.keyword.internal.WebUIKeywordMain.runKeyword(WebUIKeywordMain.groovy:27)
	at com.kms.katalon.core.webui.keyword.builtin.ClickKeyword.click(ClickKeyword.groovy:86)
	at com.kms.katalon.core.webui.keyword.builtin.ClickKeyword.execute(ClickKeyword.groovy:67)
	at com.kms.katalon.core.keyword.internal.KeywordExecutor.executeKeywordForPlatform(KeywordExecutor.groovy:56)
	at com.kms.katalon.core.webui.keyword.WebUiBuiltInKeywords.click(WebUiBuiltInKeywords.groovy:616)
	at com.kms.katalon.core.webui.keyword.WebUiBuiltInKeywords$click$2.call(Unknown Source)
	at CreateResource_Equipment.run(CreateResource_Equipment:28)
	at com.kms.katalon.core.main.ScriptEngine.run(ScriptEngine.java:194)
	at com.kms.katalon.core.main.ScriptEngine.runScriptAsRawText(ScriptEngine.java:119)
	at com.kms.katalon.core.main.TestCaseExecutor.runScript(TestCaseExecutor.java:331)
	at com.kms.katalon.core.main.TestCaseExecutor.doExecute(TestCaseExecutor.java:322)
	at com.kms.katalon.core.main.TestCaseExecutor.processExecutionPhase(TestCaseExecutor.java:301)
	at com.kms.katalon.core.main.TestCaseExecutor.accessMainPhase(TestCaseExecutor.java:293)
	at com.kms.katalon.core.main.TestCaseExecutor.execute(TestCaseExecutor.java:227)
	at com.kms.katalon.core.main.TestSuiteExecutor.accessTestCaseMainPhase(TestSuiteExecutor.java:129)
	at com.kms.katalon.core.main.TestSuiteExecutor.accessTestSuiteMainPhase(TestSuiteExecutor.java:112)
	at com.kms.katalon.core.main.TestSuiteExecutor.execute(TestSuiteExecutor.java:81)
	at com.kms.katalon.core.main.TestCaseMain.startTestSuite(TestCaseMain.java:157)
	at com.kms.katalon.core.main.TestCaseMain$startTestSuite$0.call(Unknown Source)
	at TempTestSuite1551869325949.run(TempTestSuite1551869325949.groovy:35)]]></system-err>
      </testcase>
      <testcase name="Test Cases/CheckResoucesAsPerLocation/Validate" classname="Test Cases/CheckResoucesAsPerLocation/Validate" status="FAILED">
         <failure type="FAILED" message="Test Cases/CheckResoucesAsPerLocation/Validate FAILED.
Reason:
com.kms.katalon.core.exception.StepFailedException: Unable to click on object 'Object Repository/Form_Selection_Creation/selectCheckForm'
	at com.kms.katalon.core.keyword.internal.KeywordMain.stepFailed(KeywordMain.groovy:48)
	at com.kms.katalon.core.webui.keyword.internal.WebUIKeywordMain.stepFailed(WebUIKeywordMain.groovy:65)
	at com.kms.katalon.core.webui.keyword.internal.WebUIKeywordMain.runKeyword(WebUIKeywordMain.groovy:27)
	at com.kms.katalon.core.webui.keyword.builtin.ClickKeyword.click(ClickKeyword.groovy:86)
	at com.kms.katalon.core.webui.keyword.builtin.ClickKeyword.execute(ClickKeyword.groovy:67)
	at com.kms.katalon.core.keyword.internal.KeywordExecutor.executeKeywordForPlatform(KeywordExecutor.groovy:56)
	at com.kms.katalon.core.webui.keyword.WebUiBuiltInKeywords.click(WebUiBuiltInKeywords.groovy:616)
	at com.kms.katalon.core.webui.keyword.WebUiBuiltInKeywords$click$2.call(Unknown Source)
	at Validate.run(Validate:38)
	at com.kms.katalon.core.main.ScriptEngine.run(ScriptEngine.java:194)
	at com.kms.katalon.core.main.ScriptEngine.runScriptAsRawText(ScriptEngine.java:119)
	at com.kms.katalon.core.main.TestCaseExecutor.runScript(TestCaseExecutor.java:331)
	at com.kms.katalon.core.main.TestCaseExecutor.doExecute(TestCaseExecutor.java:322)
	at com.kms.katalon.core.main.TestCaseExecutor.processExecutionPhase(TestCaseExecutor.java:301)
	at com.kms.katalon.core.main.TestCaseExecutor.accessMainPhase(TestCaseExecutor.java:293)
	at com.kms.katalon.core.main.TestCaseExecutor.execute(TestCaseExecutor.java:227)
	at com.kms.katalon.core.main.TestSuiteExecutor.accessTestCaseMainPhase(TestSuiteExecutor.java:129)
	at com.kms.katalon.core.main.TestSuiteExecutor.accessTestSuiteMainPhase(TestSuiteExecutor.java:112)
	at com.kms.katalon.core.main.TestSuiteExecutor.execute(TestSuiteExecutor.java:81)
	at com.kms.katalon.core.main.TestCaseMain.startTestSuite(TestCaseMain.java:157)
	at com.kms.katalon.core.main.TestCaseMain$startTestSuite$0.call(Unknown Source)
	at TempTestSuite1551869325949.run(TempTestSuite1551869325949.groovy:35)
"/>
         <system-out><![CDATA[2019-03-06 16:25:19 - [TEST_CASE][FAILED] - Test Cases/CheckResoucesAsPerLocation/Validate: Test Cases/CheckResoucesAsPerLocation/Validate FAILED.
Reason:
com.kms.katalon.core.exception.StepFailedException: Unable to click on object 'Object Repository/Form_Selection_Creation/selectCheckForm'
	at com.kms.katalon.core.keyword.internal.KeywordMain.stepFailed(KeywordMain.groovy:48)
	at com.kms.katalon.core.webui.keyword.internal.WebUIKeywordMain.stepFailed(WebUIKeywordMain.groovy:65)
	at com.kms.katalon.core.webui.keyword.internal.WebUIKeywordMain.runKeyword(WebUIKeywordMain.groovy:27)
	at com.kms.katalon.core.webui.keyword.builtin.ClickKeyword.click(ClickKeyword.groovy:86)
	at com.kms.katalon.core.webui.keyword.builtin.ClickKeyword.execute(ClickKeyword.groovy:67)
	at com.kms.katalon.core.keyword.internal.KeywordExecutor.executeKeywordForPlatform(KeywordExecutor.groovy:56)
	at com.kms.katalon.core.webui.keyword.WebUiBuiltInKeywords.click(WebUiBuiltInKeywords.groovy:616)
	at com.kms.katalon.core.webui.keyword.WebUiBuiltInKeywords$click$2.call(Unknown Source)
	at Validate.run(Validate:38)
	at com.kms.katalon.core.main.ScriptEngine.run(ScriptEngine.java:194)
	at com.kms.katalon.core.main.ScriptEngine.runScriptAsRawText(ScriptEngine.java:119)
	at com.kms.katalon.core.main.TestCaseExecutor.runScript(TestCaseExecutor.java:331)
	at com.kms.katalon.core.main.TestCaseExecutor.doExecute(TestCaseExecutor.java:322)
	at com.kms.katalon.core.main.TestCaseExecutor.processExecutionPhase(TestCaseExecutor.java:301)
	at com.kms.katalon.core.main.TestCaseExecutor.accessMainPhase(TestCaseExecutor.java:293)
	at com.kms.katalon.core.main.TestCaseExecutor.execute(TestCaseExecutor.java:227)
	at com.kms.katalon.core.main.TestSuiteExecutor.accessTestCaseMainPhase(TestSuiteExecutor.java:129)
	at com.kms.katalon.core.main.TestSuiteExecutor.accessTestSuiteMainPhase(TestSuiteExecutor.java:112)
	at com.kms.katalon.core.main.TestSuiteExecutor.execute(TestSuiteExecutor.java:81)
	at com.kms.katalon.core.main.TestCaseMain.startTestSuite(TestCaseMain.java:157)
	at com.kms.katalon.core.main.TestCaseMain$startTestSuite$0.call(Unknown Source)
	at TempTestSuite1551869325949.run(TempTestSuite1551869325949.groovy:35)


2019-03-06 16:25:19 - [TEST_STEP][NOT_RUN] - openBrowser(URL): NOT_RUN: openBrowser(URL)

2019-03-06 16:25:19 - [MESSAGE][NOT_RUN] - NOT_RUN: openBrowser(URL)

2019-03-06 16:25:19 - [TEST_STEP][NOT_RUN] - maximizeWindow(): NOT_RUN: maximizeWindow()

2019-03-06 16:25:19 - [MESSAGE][NOT_RUN] - NOT_RUN: maximizeWindow()

2019-03-06 16:25:19 - [TEST_STEP][NOT_RUN] - setText(findTestObject("TestUserLocation/login_Username"), UserName): NOT_RUN: setText(findTestObject("TestUserLocation/login_Username"), UserName)

2019-03-06 16:25:19 - [MESSAGE][NOT_RUN] - NOT_RUN: setText(findTestObject("TestUserLocation/login_Username"), UserName)

2019-03-06 16:25:19 - [TEST_STEP][NOT_RUN] - setText(findTestObject("TestUserLocation/login_Password"), Password): NOT_RUN: setText(findTestObject("TestUserLocation/login_Password"), Password)

2019-03-06 16:25:19 - [MESSAGE][NOT_RUN] - NOT_RUN: setText(findTestObject("TestUserLocation/login_Password"), Password)

2019-03-06 16:25:19 - [TEST_STEP][NOT_RUN] - click(findTestObject("TestUserLocation/login_Button")): NOT_RUN: click(findTestObject("TestUserLocation/login_Button"))

2019-03-06 16:25:19 - [MESSAGE][NOT_RUN] - NOT_RUN: click(findTestObject("TestUserLocation/login_Button"))

2019-03-06 16:25:19 - [TEST_STEP][PASSED] - waitForElementClickable(findTestObject("Form_Selection_Creation/mainMenu_Button"), 30): Object 'Object Repository/Form_Selection_Creation/mainMenu_Button' is clickable

2019-03-06 16:25:19 - [MESSAGE][PASSED] - Object 'Object Repository/Form_Selection_Creation/mainMenu_Button' is clickable

2019-03-06 16:25:19 - [TEST_STEP][PASSED] - click(findTestObject("Form_Selection_Creation/mainMenu_Button")): Object: 'Object Repository/Form_Selection_Creation/mainMenu_Button' is clicked on

2019-03-06 16:25:19 - [MESSAGE][PASSED] - Object: 'Object Repository/Form_Selection_Creation/mainMenu_Button' is clicked on

2019-03-06 16:25:19 - [TEST_STEP][NOT_RUN] - click(findTestObject("Form_Selection_Creation/mainMenu_AdminTools")): NOT_RUN: click(findTestObject("Form_Selection_Creation/mainMenu_AdminTools"))

2019-03-06 16:25:19 - [MESSAGE][NOT_RUN] - NOT_RUN: click(findTestObject("Form_Selection_Creation/mainMenu_AdminTools"))

2019-03-06 16:25:19 - [TEST_STEP][PASSED] - waitForElementVisible(findTestObject("Form_Selection_Creation/mainMenu_AdminTools_FormDesigner"), 45): Object 'Object Repository/Form_Selection_Creation/mainMenu_AdminTools_FormDesigner' is visible

2019-03-06 16:25:19 - [MESSAGE][PASSED] - Object 'Object Repository/Form_Selection_Creation/mainMenu_AdminTools_FormDesigner' is visible

2019-03-06 16:25:19 - [TEST_STEP][PASSED] - click(findTestObject("Form_Selection_Creation/mainMenu_AdminTools_FormDesigner")): Object: 'Object Repository/Form_Selection_Creation/mainMenu_AdminTools_FormDesigner' is clicked on

2019-03-06 16:25:19 - [MESSAGE][PASSED] - Object: 'Object Repository/Form_Selection_Creation/mainMenu_AdminTools_FormDesigner' is clicked on

2019-03-06 16:25:19 - [TEST_STEP][FAILED] - click(findTestObject("Form_Selection_Creation/selectCheckForm")): click(findTestObject("Form_Selection_Creation/selectCheckForm")) FAILED.
Reason:
com.kms.katalon.core.exception.StepFailedException: Unable to click on object 'Object Repository/Form_Selection_Creation/selectCheckForm'
	at com.kms.katalon.core.keyword.internal.KeywordMain.stepFailed(KeywordMain.groovy:48)
	at com.kms.katalon.core.webui.keyword.internal.WebUIKeywordMain.stepFailed(WebUIKeywordMain.groovy:65)
	at com.kms.katalon.core.webui.keyword.internal.WebUIKeywordMain.runKeyword(WebUIKeywordMain.groovy:27)
	at com.kms.katalon.core.webui.keyword.builtin.ClickKeyword.click(ClickKeyword.groovy:86)
	at com.kms.katalon.core.webui.keyword.builtin.ClickKeyword.execute(ClickKeyword.groovy:67)
	at com.kms.katalon.core.keyword.internal.KeywordExecutor.executeKeywordForPlatform(KeywordExecutor.groovy:56)
	at com.kms.katalon.core.webui.keyword.WebUiBuiltInKeywords.click(WebUiBuiltInKeywords.groovy:616)
	at com.kms.katalon.core.webui.keyword.WebUiBuiltInKeywords$click$2.call(Unknown Source)
	at Validate.run(Validate:38)
	at com.kms.katalon.core.main.ScriptEngine.run(ScriptEngine.java:194)
	at com.kms.katalon.core.main.ScriptEngine.runScriptAsRawText(ScriptEngine.java:119)
	at com.kms.katalon.core.main.TestCaseExecutor.runScript(TestCaseExecutor.java:331)
	at com.kms.katalon.core.main.TestCaseExecutor.doExecute(TestCaseExecutor.java:322)
	at com.kms.katalon.core.main.TestCaseExecutor.processExecutionPhase(TestCaseExecutor.java:301)
	at com.kms.katalon.core.main.TestCaseExecutor.accessMainPhase(TestCaseExecutor.java:293)
	at com.kms.katalon.core.main.TestCaseExecutor.execute(TestCaseExecutor.java:227)
	at com.kms.katalon.core.main.TestSuiteExecutor.accessTestCaseMainPhase(TestSuiteExecutor.java:129)
	at com.kms.katalon.core.main.TestSuiteExecutor.accessTestSuiteMainPhase(TestSuiteExecutor.java:112)
	at com.kms.katalon.core.main.TestSuiteExecutor.execute(TestSuiteExecutor.java:81)
	at com.kms.katalon.core.main.TestCaseMain.startTestSuite(TestCaseMain.java:157)
	at com.kms.katalon.core.main.TestCaseMain$startTestSuite$0.call(Unknown Source)
	at TempTestSuite1551869325949.run(TempTestSuite1551869325949.groovy:35)


2019-03-06 16:25:50 - [MESSAGE][INFO] - Unable to find the element located by 'By.xpath: //div[@id='scs-check-form-icon']'. Please recheck the objects properties to make sure the desired element is located. 

2019-03-06 16:25:51 - [MESSAGE][FAILED] - Unable to click on object 'Object Repository/Form_Selection_Creation/selectCheckForm'
[[ATTACHMENT|D:\\Git Data\\SafetyChain-Test-Automation-Katalon\\Reports\\TestResources\\20190306_161845\\1551869750944.png]]

2019-03-06 16:25:51 - [MESSAGE][FAILED] - click(findTestObject("Form_Selection_Creation/selectCheckForm")) FAILED.
Reason:
com.kms.katalon.core.exception.StepFailedException: Unable to click on object 'Object Repository/Form_Selection_Creation/selectCheckForm'
	at com.kms.katalon.core.keyword.internal.KeywordMain.stepFailed(KeywordMain.groovy:48)
	at com.kms.katalon.core.webui.keyword.internal.WebUIKeywordMain.stepFailed(WebUIKeywordMain.groovy:65)
	at com.kms.katalon.core.webui.keyword.internal.WebUIKeywordMain.runKeyword(WebUIKeywordMain.groovy:27)
	at com.kms.katalon.core.webui.keyword.builtin.ClickKeyword.click(ClickKeyword.groovy:86)
	at com.kms.katalon.core.webui.keyword.builtin.ClickKeyword.execute(ClickKeyword.groovy:67)
	at com.kms.katalon.core.keyword.internal.KeywordExecutor.executeKeywordForPlatform(KeywordExecutor.groovy:56)
	at com.kms.katalon.core.webui.keyword.WebUiBuiltInKeywords.click(WebUiBuiltInKeywords.groovy:616)
	at com.kms.katalon.core.webui.keyword.WebUiBuiltInKeywords$click$2.call(Unknown Source)
	at Validate.run(Validate:38)
	at com.kms.katalon.core.main.ScriptEngine.run(ScriptEngine.java:194)
	at com.kms.katalon.core.main.ScriptEngine.runScriptAsRawText(ScriptEngine.java:119)
	at com.kms.katalon.core.main.TestCaseExecutor.runScript(TestCaseExecutor.java:331)
	at com.kms.katalon.core.main.TestCaseExecutor.doExecute(TestCaseExecutor.java:322)
	at com.kms.katalon.core.main.TestCaseExecutor.processExecutionPhase(TestCaseExecutor.java:301)
	at com.kms.katalon.core.main.TestCaseExecutor.accessMainPhase(TestCaseExecutor.java:293)
	at com.kms.katalon.core.main.TestCaseExecutor.execute(TestCaseExecutor.java:227)
	at com.kms.katalon.core.main.TestSuiteExecutor.accessTestCaseMainPhase(TestSuiteExecutor.java:129)
	at com.kms.katalon.core.main.TestSuiteExecutor.accessTestSuiteMainPhase(TestSuiteExecutor.java:112)
	at com.kms.katalon.core.main.TestSuiteExecutor.execute(TestSuiteExecutor.java:81)
	at com.kms.katalon.core.main.TestCaseMain.startTestSuite(TestCaseMain.java:157)
	at com.kms.katalon.core.main.TestCaseMain$startTestSuite$0.call(Unknown Source)
	at TempTestSuite1551869325949.run(TempTestSuite1551869325949.groovy:35)]]></system-out>
         <system-err><![CDATA[2019-03-06 16:25:19 - [TEST_CASE][FAILED] - Test Cases/CheckResoucesAsPerLocation/Validate: Test Cases/CheckResoucesAsPerLocation/Validate FAILED.
Reason:
com.kms.katalon.core.exception.StepFailedException: Unable to click on object 'Object Repository/Form_Selection_Creation/selectCheckForm'
	at com.kms.katalon.core.keyword.internal.KeywordMain.stepFailed(KeywordMain.groovy:48)
	at com.kms.katalon.core.webui.keyword.internal.WebUIKeywordMain.stepFailed(WebUIKeywordMain.groovy:65)
	at com.kms.katalon.core.webui.keyword.internal.WebUIKeywordMain.runKeyword(WebUIKeywordMain.groovy:27)
	at com.kms.katalon.core.webui.keyword.builtin.ClickKeyword.click(ClickKeyword.groovy:86)
	at com.kms.katalon.core.webui.keyword.builtin.ClickKeyword.execute(ClickKeyword.groovy:67)
	at com.kms.katalon.core.keyword.internal.KeywordExecutor.executeKeywordForPlatform(KeywordExecutor.groovy:56)
	at com.kms.katalon.core.webui.keyword.WebUiBuiltInKeywords.click(WebUiBuiltInKeywords.groovy:616)
	at com.kms.katalon.core.webui.keyword.WebUiBuiltInKeywords$click$2.call(Unknown Source)
	at Validate.run(Validate:38)
	at com.kms.katalon.core.main.ScriptEngine.run(ScriptEngine.java:194)
	at com.kms.katalon.core.main.ScriptEngine.runScriptAsRawText(ScriptEngine.java:119)
	at com.kms.katalon.core.main.TestCaseExecutor.runScript(TestCaseExecutor.java:331)
	at com.kms.katalon.core.main.TestCaseExecutor.doExecute(TestCaseExecutor.java:322)
	at com.kms.katalon.core.main.TestCaseExecutor.processExecutionPhase(TestCaseExecutor.java:301)
	at com.kms.katalon.core.main.TestCaseExecutor.accessMainPhase(TestCaseExecutor.java:293)
	at com.kms.katalon.core.main.TestCaseExecutor.execute(TestCaseExecutor.java:227)
	at com.kms.katalon.core.main.TestSuiteExecutor.accessTestCaseMainPhase(TestSuiteExecutor.java:129)
	at com.kms.katalon.core.main.TestSuiteExecutor.accessTestSuiteMainPhase(TestSuiteExecutor.java:112)
	at com.kms.katalon.core.main.TestSuiteExecutor.execute(TestSuiteExecutor.java:81)
	at com.kms.katalon.core.main.TestCaseMain.startTestSuite(TestCaseMain.java:157)
	at com.kms.katalon.core.main.TestCaseMain$startTestSuite$0.call(Unknown Source)
	at TempTestSuite1551869325949.run(TempTestSuite1551869325949.groovy:35)]]></system-err>
      </testcase>
      <testcase name="Test Cases/CheckResoucesAsPerLocation/CreateResource_Items" classname="Test Cases/CheckResoucesAsPerLocation/CreateResource_Items" status="FAILED">
         <failure type="FAILED" message="Test Cases/CheckResoucesAsPerLocation/CreateResource_Items FAILED.
Reason:
com.kms.katalon.core.exception.StepFailedException: Unable to click on object 'Object Repository/TestUserLocation/mainmenu_button'
	at com.kms.katalon.core.keyword.internal.KeywordMain.stepFailed(KeywordMain.groovy:48)
	at com.kms.katalon.core.webui.keyword.internal.WebUIKeywordMain.stepFailed(WebUIKeywordMain.groovy:65)
	at com.kms.katalon.core.webui.keyword.internal.WebUIKeywordMain.runKeyword(WebUIKeywordMain.groovy:27)
	at com.kms.katalon.core.webui.keyword.builtin.ClickKeyword.click(ClickKeyword.groovy:86)
	at com.kms.katalon.core.webui.keyword.builtin.ClickKeyword.execute(ClickKeyword.groovy:67)
	at com.kms.katalon.core.keyword.internal.KeywordExecutor.executeKeywordForPlatform(KeywordExecutor.groovy:56)
	at com.kms.katalon.core.webui.keyword.WebUiBuiltInKeywords.click(WebUiBuiltInKeywords.groovy:616)
	at com.kms.katalon.core.webui.keyword.WebUiBuiltInKeywords$click$2.call(Unknown Source)
	at CreateResource_Items.run(CreateResource_Items:35)
	at com.kms.katalon.core.main.ScriptEngine.run(ScriptEngine.java:194)
	at com.kms.katalon.core.main.ScriptEngine.runScriptAsRawText(ScriptEngine.java:119)
	at com.kms.katalon.core.main.TestCaseExecutor.runScript(TestCaseExecutor.java:331)
	at com.kms.katalon.core.main.TestCaseExecutor.doExecute(TestCaseExecutor.java:322)
	at com.kms.katalon.core.main.TestCaseExecutor.processExecutionPhase(TestCaseExecutor.java:301)
	at com.kms.katalon.core.main.TestCaseExecutor.accessMainPhase(TestCaseExecutor.java:293)
	at com.kms.katalon.core.main.TestCaseExecutor.execute(TestCaseExecutor.java:227)
	at com.kms.katalon.core.main.TestSuiteExecutor.accessTestCaseMainPhase(TestSuiteExecutor.java:129)
	at com.kms.katalon.core.main.TestSuiteExecutor.accessTestSuiteMainPhase(TestSuiteExecutor.java:112)
	at com.kms.katalon.core.main.TestSuiteExecutor.execute(TestSuiteExecutor.java:81)
	at com.kms.katalon.core.main.TestCaseMain.startTestSuite(TestCaseMain.java:157)
	at com.kms.katalon.core.main.TestCaseMain$startTestSuite$0.call(Unknown Source)
	at TempTestSuite1551869325949.run(TempTestSuite1551869325949.groovy:35)
"/>
         <system-out><![CDATA[2019-03-06 16:25:51 - [TEST_CASE][FAILED] - Test Cases/CheckResoucesAsPerLocation/CreateResource_Items: Test Cases/CheckResoucesAsPerLocation/CreateResource_Items FAILED.
Reason:
com.kms.katalon.core.exception.StepFailedException: Unable to click on object 'Object Repository/TestUserLocation/mainmenu_button'
	at com.kms.katalon.core.keyword.internal.KeywordMain.stepFailed(KeywordMain.groovy:48)
	at com.kms.katalon.core.webui.keyword.internal.WebUIKeywordMain.stepFailed(WebUIKeywordMain.groovy:65)
	at com.kms.katalon.core.webui.keyword.internal.WebUIKeywordMain.runKeyword(WebUIKeywordMain.groovy:27)
	at com.kms.katalon.core.webui.keyword.builtin.ClickKeyword.click(ClickKeyword.groovy:86)
	at com.kms.katalon.core.webui.keyword.builtin.ClickKeyword.execute(ClickKeyword.groovy:67)
	at com.kms.katalon.core.keyword.internal.KeywordExecutor.executeKeywordForPlatform(KeywordExecutor.groovy:56)
	at com.kms.katalon.core.webui.keyword.WebUiBuiltInKeywords.click(WebUiBuiltInKeywords.groovy:616)
	at com.kms.katalon.core.webui.keyword.WebUiBuiltInKeywords$click$2.call(Unknown Source)
	at CreateResource_Items.run(CreateResource_Items:35)
	at com.kms.katalon.core.main.ScriptEngine.run(ScriptEngine.java:194)
	at com.kms.katalon.core.main.ScriptEngine.runScriptAsRawText(ScriptEngine.java:119)
	at com.kms.katalon.core.main.TestCaseExecutor.runScript(TestCaseExecutor.java:331)
	at com.kms.katalon.core.main.TestCaseExecutor.doExecute(TestCaseExecutor.java:322)
	at com.kms.katalon.core.main.TestCaseExecutor.processExecutionPhase(TestCaseExecutor.java:301)
	at com.kms.katalon.core.main.TestCaseExecutor.accessMainPhase(TestCaseExecutor.java:293)
	at com.kms.katalon.core.main.TestCaseExecutor.execute(TestCaseExecutor.java:227)
	at com.kms.katalon.core.main.TestSuiteExecutor.accessTestCaseMainPhase(TestSuiteExecutor.java:129)
	at com.kms.katalon.core.main.TestSuiteExecutor.accessTestSuiteMainPhase(TestSuiteExecutor.java:112)
	at com.kms.katalon.core.main.TestSuiteExecutor.execute(TestSuiteExecutor.java:81)
	at com.kms.katalon.core.main.TestCaseMain.startTestSuite(TestCaseMain.java:157)
	at com.kms.katalon.core.main.TestCaseMain$startTestSuite$0.call(Unknown Source)
	at TempTestSuite1551869325949.run(TempTestSuite1551869325949.groovy:35)


2019-03-06 16:25:51 - [TEST_STEP][NOT_RUN] - openBrowser(URL): NOT_RUN: openBrowser(URL)

2019-03-06 16:25:51 - [MESSAGE][NOT_RUN] - NOT_RUN: openBrowser(URL)

2019-03-06 16:25:51 - [TEST_STEP][NOT_RUN] - maximizeWindow(): NOT_RUN: maximizeWindow()

2019-03-06 16:25:51 - [MESSAGE][NOT_RUN] - NOT_RUN: maximizeWindow()

2019-03-06 16:25:51 - [TEST_STEP][NOT_RUN] - waitForElementClickable(findTestObject("TestUserLocation/login_Username"), 45): NOT_RUN: waitForElementClickable(findTestObject("TestUserLocation/login_Username"), 45)

2019-03-06 16:25:51 - [MESSAGE][NOT_RUN] - NOT_RUN: waitForElementClickable(findTestObject("TestUserLocation/login_Username"), 45)

2019-03-06 16:25:51 - [TEST_STEP][NOT_RUN] - setText(findTestObject("TestUserLocation/login_Username"), UserName): NOT_RUN: setText(findTestObject("TestUserLocation/login_Username"), UserName)

2019-03-06 16:25:51 - [MESSAGE][NOT_RUN] - NOT_RUN: setText(findTestObject("TestUserLocation/login_Username"), UserName)

2019-03-06 16:25:51 - [TEST_STEP][NOT_RUN] - setText(findTestObject("TestUserLocation/login_Password"), Password): NOT_RUN: setText(findTestObject("TestUserLocation/login_Password"), Password)

2019-03-06 16:25:51 - [MESSAGE][NOT_RUN] - NOT_RUN: setText(findTestObject("TestUserLocation/login_Password"), Password)

2019-03-06 16:25:51 - [TEST_STEP][PASSED] - AdminTool_Location.setItemName(): AdminTool_Location.setItemName is PASSED

2019-03-06 16:25:51 - [MESSAGE][PASSED] - AdminTool_Location.setItemName is PASSED

2019-03-06 16:25:51 - [TEST_STEP][NOT_RUN] - click(findTestObject("TestUserLocation/login_Button")): NOT_RUN: click(findTestObject("TestUserLocation/login_Button"))

2019-03-06 16:25:51 - [MESSAGE][NOT_RUN] - NOT_RUN: click(findTestObject("TestUserLocation/login_Button"))

2019-03-06 16:25:51 - [TEST_STEP][NOT_RUN] - Thread.sleep(4000): NOT_RUN: Thread.sleep(4000)

2019-03-06 16:25:51 - [MESSAGE][NOT_RUN] - NOT_RUN: Thread.sleep(4000)

2019-03-06 16:25:51 - [TEST_STEP][PASSED] - waitForElementClickable(findTestObject("TestUserLocation/mainmenu_button"), 30): Object 'Object Repository/TestUserLocation/mainmenu_button' is clickable

2019-03-06 16:25:51 - [MESSAGE][PASSED] - Object 'Object Repository/TestUserLocation/mainmenu_button' is clickable

2019-03-06 16:25:51 - [TEST_STEP][PASSED] - Thread.sleep(2000): null

2019-03-06 16:25:53 - [TEST_STEP][FAILED] - click(findTestObject("TestUserLocation/mainmenu_button")): click(findTestObject("TestUserLocation/mainmenu_button")) FAILED.
Reason:
com.kms.katalon.core.exception.StepFailedException: Unable to click on object 'Object Repository/TestUserLocation/mainmenu_button'
	at com.kms.katalon.core.keyword.internal.KeywordMain.stepFailed(KeywordMain.groovy:48)
	at com.kms.katalon.core.webui.keyword.internal.WebUIKeywordMain.stepFailed(WebUIKeywordMain.groovy:65)
	at com.kms.katalon.core.webui.keyword.internal.WebUIKeywordMain.runKeyword(WebUIKeywordMain.groovy:27)
	at com.kms.katalon.core.webui.keyword.builtin.ClickKeyword.click(ClickKeyword.groovy:86)
	at com.kms.katalon.core.webui.keyword.builtin.ClickKeyword.execute(ClickKeyword.groovy:67)
	at com.kms.katalon.core.keyword.internal.KeywordExecutor.executeKeywordForPlatform(KeywordExecutor.groovy:56)
	at com.kms.katalon.core.webui.keyword.WebUiBuiltInKeywords.click(WebUiBuiltInKeywords.groovy:616)
	at com.kms.katalon.core.webui.keyword.WebUiBuiltInKeywords$click$2.call(Unknown Source)
	at CreateResource_Items.run(CreateResource_Items:35)
	at com.kms.katalon.core.main.ScriptEngine.run(ScriptEngine.java:194)
	at com.kms.katalon.core.main.ScriptEngine.runScriptAsRawText(ScriptEngine.java:119)
	at com.kms.katalon.core.main.TestCaseExecutor.runScript(TestCaseExecutor.java:331)
	at com.kms.katalon.core.main.TestCaseExecutor.doExecute(TestCaseExecutor.java:322)
	at com.kms.katalon.core.main.TestCaseExecutor.processExecutionPhase(TestCaseExecutor.java:301)
	at com.kms.katalon.core.main.TestCaseExecutor.accessMainPhase(TestCaseExecutor.java:293)
	at com.kms.katalon.core.main.TestCaseExecutor.execute(TestCaseExecutor.java:227)
	at com.kms.katalon.core.main.TestSuiteExecutor.accessTestCaseMainPhase(TestSuiteExecutor.java:129)
	at com.kms.katalon.core.main.TestSuiteExecutor.accessTestSuiteMainPhase(TestSuiteExecutor.java:112)
	at com.kms.katalon.core.main.TestSuiteExecutor.execute(TestSuiteExecutor.java:81)
	at com.kms.katalon.core.main.TestCaseMain.startTestSuite(TestCaseMain.java:157)
	at com.kms.katalon.core.main.TestCaseMain$startTestSuite$0.call(Unknown Source)
	at TempTestSuite1551869325949.run(TempTestSuite1551869325949.groovy:35)


2019-03-06 16:25:54 - [MESSAGE][FAILED] - Unable to click on object 'Object Repository/TestUserLocation/mainmenu_button'
[[ATTACHMENT|D:\\Git Data\\SafetyChain-Test-Automation-Katalon\\Reports\\TestResources\\20190306_161845\\1551869753884.png]]

2019-03-06 16:25:54 - [MESSAGE][FAILED] - click(findTestObject("TestUserLocation/mainmenu_button")) FAILED.
Reason:
com.kms.katalon.core.exception.StepFailedException: Unable to click on object 'Object Repository/TestUserLocation/mainmenu_button'
	at com.kms.katalon.core.keyword.internal.KeywordMain.stepFailed(KeywordMain.groovy:48)
	at com.kms.katalon.core.webui.keyword.internal.WebUIKeywordMain.stepFailed(WebUIKeywordMain.groovy:65)
	at com.kms.katalon.core.webui.keyword.internal.WebUIKeywordMain.runKeyword(WebUIKeywordMain.groovy:27)
	at com.kms.katalon.core.webui.keyword.builtin.ClickKeyword.click(ClickKeyword.groovy:86)
	at com.kms.katalon.core.webui.keyword.builtin.ClickKeyword.execute(ClickKeyword.groovy:67)
	at com.kms.katalon.core.keyword.internal.KeywordExecutor.executeKeywordForPlatform(KeywordExecutor.groovy:56)
	at com.kms.katalon.core.webui.keyword.WebUiBuiltInKeywords.click(WebUiBuiltInKeywords.groovy:616)
	at com.kms.katalon.core.webui.keyword.WebUiBuiltInKeywords$click$2.call(Unknown Source)
	at CreateResource_Items.run(CreateResource_Items:35)
	at com.kms.katalon.core.main.ScriptEngine.run(ScriptEngine.java:194)
	at com.kms.katalon.core.main.ScriptEngine.runScriptAsRawText(ScriptEngine.java:119)
	at com.kms.katalon.core.main.TestCaseExecutor.runScript(TestCaseExecutor.java:331)
	at com.kms.katalon.core.main.TestCaseExecutor.doExecute(TestCaseExecutor.java:322)
	at com.kms.katalon.core.main.TestCaseExecutor.processExecutionPhase(TestCaseExecutor.java:301)
	at com.kms.katalon.core.main.TestCaseExecutor.accessMainPhase(TestCaseExecutor.java:293)
	at com.kms.katalon.core.main.TestCaseExecutor.execute(TestCaseExecutor.java:227)
	at com.kms.katalon.core.main.TestSuiteExecutor.accessTestCaseMainPhase(TestSuiteExecutor.java:129)
	at com.kms.katalon.core.main.TestSuiteExecutor.accessTestSuiteMainPhase(TestSuiteExecutor.java:112)
	at com.kms.katalon.core.main.TestSuiteExecutor.execute(TestSuiteExecutor.java:81)
	at com.kms.katalon.core.main.TestCaseMain.startTestSuite(TestCaseMain.java:157)
	at com.kms.katalon.core.main.TestCaseMain$startTestSuite$0.call(Unknown Source)
	at TempTestSuite1551869325949.run(TempTestSuite1551869325949.groovy:35)]]></system-out>
         <system-err><![CDATA[2019-03-06 16:25:51 - [TEST_CASE][FAILED] - Test Cases/CheckResoucesAsPerLocation/CreateResource_Items: Test Cases/CheckResoucesAsPerLocation/CreateResource_Items FAILED.
Reason:
com.kms.katalon.core.exception.StepFailedException: Unable to click on object 'Object Repository/TestUserLocation/mainmenu_button'
	at com.kms.katalon.core.keyword.internal.KeywordMain.stepFailed(KeywordMain.groovy:48)
	at com.kms.katalon.core.webui.keyword.internal.WebUIKeywordMain.stepFailed(WebUIKeywordMain.groovy:65)
	at com.kms.katalon.core.webui.keyword.internal.WebUIKeywordMain.runKeyword(WebUIKeywordMain.groovy:27)
	at com.kms.katalon.core.webui.keyword.builtin.ClickKeyword.click(ClickKeyword.groovy:86)
	at com.kms.katalon.core.webui.keyword.builtin.ClickKeyword.execute(ClickKeyword.groovy:67)
	at com.kms.katalon.core.keyword.internal.KeywordExecutor.executeKeywordForPlatform(KeywordExecutor.groovy:56)
	at com.kms.katalon.core.webui.keyword.WebUiBuiltInKeywords.click(WebUiBuiltInKeywords.groovy:616)
	at com.kms.katalon.core.webui.keyword.WebUiBuiltInKeywords$click$2.call(Unknown Source)
	at CreateResource_Items.run(CreateResource_Items:35)
	at com.kms.katalon.core.main.ScriptEngine.run(ScriptEngine.java:194)
	at com.kms.katalon.core.main.ScriptEngine.runScriptAsRawText(ScriptEngine.java:119)
	at com.kms.katalon.core.main.TestCaseExecutor.runScript(TestCaseExecutor.java:331)
	at com.kms.katalon.core.main.TestCaseExecutor.doExecute(TestCaseExecutor.java:322)
	at com.kms.katalon.core.main.TestCaseExecutor.processExecutionPhase(TestCaseExecutor.java:301)
	at com.kms.katalon.core.main.TestCaseExecutor.accessMainPhase(TestCaseExecutor.java:293)
	at com.kms.katalon.core.main.TestCaseExecutor.execute(TestCaseExecutor.java:227)
	at com.kms.katalon.core.main.TestSuiteExecutor.accessTestCaseMainPhase(TestSuiteExecutor.java:129)
	at com.kms.katalon.core.main.TestSuiteExecutor.accessTestSuiteMainPhase(TestSuiteExecutor.java:112)
	at com.kms.katalon.core.main.TestSuiteExecutor.execute(TestSuiteExecutor.java:81)
	at com.kms.katalon.core.main.TestCaseMain.startTestSuite(TestCaseMain.java:157)
	at com.kms.katalon.core.main.TestCaseMain$startTestSuite$0.call(Unknown Source)
	at TempTestSuite1551869325949.run(TempTestSuite1551869325949.groovy:35)]]></system-err>
      </testcase>
      <testcase name="Test Cases/CheckResoucesAsPerLocation/Validate" classname="Test Cases/CheckResoucesAsPerLocation/Validate" status="FAILED">
         <failure type="FAILED" message="Test Cases/CheckResoucesAsPerLocation/Validate FAILED.
Reason:
com.kms.katalon.core.exception.StepFailedException: Unable to click on object 'Object Repository/Form_Selection_Creation/mainMenu_Button'
	at com.kms.katalon.core.keyword.internal.KeywordMain.stepFailed(KeywordMain.groovy:48)
	at com.kms.katalon.core.webui.keyword.internal.WebUIKeywordMain.stepFailed(WebUIKeywordMain.groovy:65)
	at com.kms.katalon.core.webui.keyword.internal.WebUIKeywordMain.runKeyword(WebUIKeywordMain.groovy:27)
	at com.kms.katalon.core.webui.keyword.builtin.ClickKeyword.click(ClickKeyword.groovy:86)
	at com.kms.katalon.core.webui.keyword.builtin.ClickKeyword.execute(ClickKeyword.groovy:67)
	at com.kms.katalon.core.keyword.internal.KeywordExecutor.executeKeywordForPlatform(KeywordExecutor.groovy:56)
	at com.kms.katalon.core.webui.keyword.WebUiBuiltInKeywords.click(WebUiBuiltInKeywords.groovy:616)
	at com.kms.katalon.core.webui.keyword.WebUiBuiltInKeywords$click$2.call(Unknown Source)
	at Validate.run(Validate:28)
	at com.kms.katalon.core.main.ScriptEngine.run(ScriptEngine.java:194)
	at com.kms.katalon.core.main.ScriptEngine.runScriptAsRawText(ScriptEngine.java:119)
	at com.kms.katalon.core.main.TestCaseExecutor.runScript(TestCaseExecutor.java:331)
	at com.kms.katalon.core.main.TestCaseExecutor.doExecute(TestCaseExecutor.java:322)
	at com.kms.katalon.core.main.TestCaseExecutor.processExecutionPhase(TestCaseExecutor.java:301)
	at com.kms.katalon.core.main.TestCaseExecutor.accessMainPhase(TestCaseExecutor.java:293)
	at com.kms.katalon.core.main.TestCaseExecutor.execute(TestCaseExecutor.java:227)
	at com.kms.katalon.core.main.TestSuiteExecutor.accessTestCaseMainPhase(TestSuiteExecutor.java:129)
	at com.kms.katalon.core.main.TestSuiteExecutor.accessTestSuiteMainPhase(TestSuiteExecutor.java:112)
	at com.kms.katalon.core.main.TestSuiteExecutor.execute(TestSuiteExecutor.java:81)
	at com.kms.katalon.core.main.TestCaseMain.startTestSuite(TestCaseMain.java:157)
	at com.kms.katalon.core.main.TestCaseMain$startTestSuite$0.call(Unknown Source)
	at TempTestSuite1551869325949.run(TempTestSuite1551869325949.groovy:35)
"/>
         <system-out><![CDATA[2019-03-06 16:25:54 - [TEST_CASE][FAILED] - Test Cases/CheckResoucesAsPerLocation/Validate: Test Cases/CheckResoucesAsPerLocation/Validate FAILED.
Reason:
com.kms.katalon.core.exception.StepFailedException: Unable to click on object 'Object Repository/Form_Selection_Creation/mainMenu_Button'
	at com.kms.katalon.core.keyword.internal.KeywordMain.stepFailed(KeywordMain.groovy:48)
	at com.kms.katalon.core.webui.keyword.internal.WebUIKeywordMain.stepFailed(WebUIKeywordMain.groovy:65)
	at com.kms.katalon.core.webui.keyword.internal.WebUIKeywordMain.runKeyword(WebUIKeywordMain.groovy:27)
	at com.kms.katalon.core.webui.keyword.builtin.ClickKeyword.click(ClickKeyword.groovy:86)
	at com.kms.katalon.core.webui.keyword.builtin.ClickKeyword.execute(ClickKeyword.groovy:67)
	at com.kms.katalon.core.keyword.internal.KeywordExecutor.executeKeywordForPlatform(KeywordExecutor.groovy:56)
	at com.kms.katalon.core.webui.keyword.WebUiBuiltInKeywords.click(WebUiBuiltInKeywords.groovy:616)
	at com.kms.katalon.core.webui.keyword.WebUiBuiltInKeywords$click$2.call(Unknown Source)
	at Validate.run(Validate:28)
	at com.kms.katalon.core.main.ScriptEngine.run(ScriptEngine.java:194)
	at com.kms.katalon.core.main.ScriptEngine.runScriptAsRawText(ScriptEngine.java:119)
	at com.kms.katalon.core.main.TestCaseExecutor.runScript(TestCaseExecutor.java:331)
	at com.kms.katalon.core.main.TestCaseExecutor.doExecute(TestCaseExecutor.java:322)
	at com.kms.katalon.core.main.TestCaseExecutor.processExecutionPhase(TestCaseExecutor.java:301)
	at com.kms.katalon.core.main.TestCaseExecutor.accessMainPhase(TestCaseExecutor.java:293)
	at com.kms.katalon.core.main.TestCaseExecutor.execute(TestCaseExecutor.java:227)
	at com.kms.katalon.core.main.TestSuiteExecutor.accessTestCaseMainPhase(TestSuiteExecutor.java:129)
	at com.kms.katalon.core.main.TestSuiteExecutor.accessTestSuiteMainPhase(TestSuiteExecutor.java:112)
	at com.kms.katalon.core.main.TestSuiteExecutor.execute(TestSuiteExecutor.java:81)
	at com.kms.katalon.core.main.TestCaseMain.startTestSuite(TestCaseMain.java:157)
	at com.kms.katalon.core.main.TestCaseMain$startTestSuite$0.call(Unknown Source)
	at TempTestSuite1551869325949.run(TempTestSuite1551869325949.groovy:35)


2019-03-06 16:25:54 - [TEST_STEP][NOT_RUN] - openBrowser(URL): NOT_RUN: openBrowser(URL)

2019-03-06 16:25:54 - [MESSAGE][NOT_RUN] - NOT_RUN: openBrowser(URL)

2019-03-06 16:25:54 - [TEST_STEP][NOT_RUN] - maximizeWindow(): NOT_RUN: maximizeWindow()

2019-03-06 16:25:54 - [MESSAGE][NOT_RUN] - NOT_RUN: maximizeWindow()

2019-03-06 16:25:54 - [TEST_STEP][NOT_RUN] - setText(findTestObject("TestUserLocation/login_Username"), UserName): NOT_RUN: setText(findTestObject("TestUserLocation/login_Username"), UserName)

2019-03-06 16:25:54 - [MESSAGE][NOT_RUN] - NOT_RUN: setText(findTestObject("TestUserLocation/login_Username"), UserName)

2019-03-06 16:25:54 - [TEST_STEP][NOT_RUN] - setText(findTestObject("TestUserLocation/login_Password"), Password): NOT_RUN: setText(findTestObject("TestUserLocation/login_Password"), Password)

2019-03-06 16:25:54 - [MESSAGE][NOT_RUN] - NOT_RUN: setText(findTestObject("TestUserLocation/login_Password"), Password)

2019-03-06 16:25:54 - [TEST_STEP][NOT_RUN] - click(findTestObject("TestUserLocation/login_Button")): NOT_RUN: click(findTestObject("TestUserLocation/login_Button"))

2019-03-06 16:25:54 - [MESSAGE][NOT_RUN] - NOT_RUN: click(findTestObject("TestUserLocation/login_Button"))

2019-03-06 16:25:54 - [TEST_STEP][PASSED] - waitForElementClickable(findTestObject("Form_Selection_Creation/mainMenu_Button"), 30): Object 'Object Repository/Form_Selection_Creation/mainMenu_Button' is clickable

2019-03-06 16:25:54 - [MESSAGE][PASSED] - Object 'Object Repository/Form_Selection_Creation/mainMenu_Button' is clickable

2019-03-06 16:25:54 - [TEST_STEP][FAILED] - click(findTestObject("Form_Selection_Creation/mainMenu_Button")): click(findTestObject("Form_Selection_Creation/mainMenu_Button")) FAILED.
Reason:
com.kms.katalon.core.exception.StepFailedException: Unable to click on object 'Object Repository/Form_Selection_Creation/mainMenu_Button'
	at com.kms.katalon.core.keyword.internal.KeywordMain.stepFailed(KeywordMain.groovy:48)
	at com.kms.katalon.core.webui.keyword.internal.WebUIKeywordMain.stepFailed(WebUIKeywordMain.groovy:65)
	at com.kms.katalon.core.webui.keyword.internal.WebUIKeywordMain.runKeyword(WebUIKeywordMain.groovy:27)
	at com.kms.katalon.core.webui.keyword.builtin.ClickKeyword.click(ClickKeyword.groovy:86)
	at com.kms.katalon.core.webui.keyword.builtin.ClickKeyword.execute(ClickKeyword.groovy:67)
	at com.kms.katalon.core.keyword.internal.KeywordExecutor.executeKeywordForPlatform(KeywordExecutor.groovy:56)
	at com.kms.katalon.core.webui.keyword.WebUiBuiltInKeywords.click(WebUiBuiltInKeywords.groovy:616)
	at com.kms.katalon.core.webui.keyword.WebUiBuiltInKeywords$click$2.call(Unknown Source)
	at Validate.run(Validate:28)
	at com.kms.katalon.core.main.ScriptEngine.run(ScriptEngine.java:194)
	at com.kms.katalon.core.main.ScriptEngine.runScriptAsRawText(ScriptEngine.java:119)
	at com.kms.katalon.core.main.TestCaseExecutor.runScript(TestCaseExecutor.java:331)
	at com.kms.katalon.core.main.TestCaseExecutor.doExecute(TestCaseExecutor.java:322)
	at com.kms.katalon.core.main.TestCaseExecutor.processExecutionPhase(TestCaseExecutor.java:301)
	at com.kms.katalon.core.main.TestCaseExecutor.accessMainPhase(TestCaseExecutor.java:293)
	at com.kms.katalon.core.main.TestCaseExecutor.execute(TestCaseExecutor.java:227)
	at com.kms.katalon.core.main.TestSuiteExecutor.accessTestCaseMainPhase(TestSuiteExecutor.java:129)
	at com.kms.katalon.core.main.TestSuiteExecutor.accessTestSuiteMainPhase(TestSuiteExecutor.java:112)
	at com.kms.katalon.core.main.TestSuiteExecutor.execute(TestSuiteExecutor.java:81)
	at com.kms.katalon.core.main.TestCaseMain.startTestSuite(TestCaseMain.java:157)
	at com.kms.katalon.core.main.TestCaseMain$startTestSuite$0.call(Unknown Source)
	at TempTestSuite1551869325949.run(TempTestSuite1551869325949.groovy:35)


2019-03-06 16:25:54 - [MESSAGE][FAILED] - Unable to click on object 'Object Repository/Form_Selection_Creation/mainMenu_Button'
[[ATTACHMENT|D:\\Git Data\\SafetyChain-Test-Automation-Katalon\\Reports\\TestResources\\20190306_161845\\1551869754342.png]]

2019-03-06 16:25:54 - [MESSAGE][FAILED] - click(findTestObject("Form_Selection_Creation/mainMenu_Button")) FAILED.
Reason:
com.kms.katalon.core.exception.StepFailedException: Unable to click on object 'Object Repository/Form_Selection_Creation/mainMenu_Button'
	at com.kms.katalon.core.keyword.internal.KeywordMain.stepFailed(KeywordMain.groovy:48)
	at com.kms.katalon.core.webui.keyword.internal.WebUIKeywordMain.stepFailed(WebUIKeywordMain.groovy:65)
	at com.kms.katalon.core.webui.keyword.internal.WebUIKeywordMain.runKeyword(WebUIKeywordMain.groovy:27)
	at com.kms.katalon.core.webui.keyword.builtin.ClickKeyword.click(ClickKeyword.groovy:86)
	at com.kms.katalon.core.webui.keyword.builtin.ClickKeyword.execute(ClickKeyword.groovy:67)
	at com.kms.katalon.core.keyword.internal.KeywordExecutor.executeKeywordForPlatform(KeywordExecutor.groovy:56)
	at com.kms.katalon.core.webui.keyword.WebUiBuiltInKeywords.click(WebUiBuiltInKeywords.groovy:616)
	at com.kms.katalon.core.webui.keyword.WebUiBuiltInKeywords$click$2.call(Unknown Source)
	at Validate.run(Validate:28)
	at com.kms.katalon.core.main.ScriptEngine.run(ScriptEngine.java:194)
	at com.kms.katalon.core.main.ScriptEngine.runScriptAsRawText(ScriptEngine.java:119)
	at com.kms.katalon.core.main.TestCaseExecutor.runScript(TestCaseExecutor.java:331)
	at com.kms.katalon.core.main.TestCaseExecutor.doExecute(TestCaseExecutor.java:322)
	at com.kms.katalon.core.main.TestCaseExecutor.processExecutionPhase(TestCaseExecutor.java:301)
	at com.kms.katalon.core.main.TestCaseExecutor.accessMainPhase(TestCaseExecutor.java:293)
	at com.kms.katalon.core.main.TestCaseExecutor.execute(TestCaseExecutor.java:227)
	at com.kms.katalon.core.main.TestSuiteExecutor.accessTestCaseMainPhase(TestSuiteExecutor.java:129)
	at com.kms.katalon.core.main.TestSuiteExecutor.accessTestSuiteMainPhase(TestSuiteExecutor.java:112)
	at com.kms.katalon.core.main.TestSuiteExecutor.execute(TestSuiteExecutor.java:81)
	at com.kms.katalon.core.main.TestCaseMain.startTestSuite(TestCaseMain.java:157)
	at com.kms.katalon.core.main.TestCaseMain$startTestSuite$0.call(Unknown Source)
	at TempTestSuite1551869325949.run(TempTestSuite1551869325949.groovy:35)]]></system-out>
         <system-err><![CDATA[2019-03-06 16:25:54 - [TEST_CASE][FAILED] - Test Cases/CheckResoucesAsPerLocation/Validate: Test Cases/CheckResoucesAsPerLocation/Validate FAILED.
Reason:
com.kms.katalon.core.exception.StepFailedException: Unable to click on object 'Object Repository/Form_Selection_Creation/mainMenu_Button'
	at com.kms.katalon.core.keyword.internal.KeywordMain.stepFailed(KeywordMain.groovy:48)
	at com.kms.katalon.core.webui.keyword.internal.WebUIKeywordMain.stepFailed(WebUIKeywordMain.groovy:65)
	at com.kms.katalon.core.webui.keyword.internal.WebUIKeywordMain.runKeyword(WebUIKeywordMain.groovy:27)
	at com.kms.katalon.core.webui.keyword.builtin.ClickKeyword.click(ClickKeyword.groovy:86)
	at com.kms.katalon.core.webui.keyword.builtin.ClickKeyword.execute(ClickKeyword.groovy:67)
	at com.kms.katalon.core.keyword.internal.KeywordExecutor.executeKeywordForPlatform(KeywordExecutor.groovy:56)
	at com.kms.katalon.core.webui.keyword.WebUiBuiltInKeywords.click(WebUiBuiltInKeywords.groovy:616)
	at com.kms.katalon.core.webui.keyword.WebUiBuiltInKeywords$click$2.call(Unknown Source)
	at Validate.run(Validate:28)
	at com.kms.katalon.core.main.ScriptEngine.run(ScriptEngine.java:194)
	at com.kms.katalon.core.main.ScriptEngine.runScriptAsRawText(ScriptEngine.java:119)
	at com.kms.katalon.core.main.TestCaseExecutor.runScript(TestCaseExecutor.java:331)
	at com.kms.katalon.core.main.TestCaseExecutor.doExecute(TestCaseExecutor.java:322)
	at com.kms.katalon.core.main.TestCaseExecutor.processExecutionPhase(TestCaseExecutor.java:301)
	at com.kms.katalon.core.main.TestCaseExecutor.accessMainPhase(TestCaseExecutor.java:293)
	at com.kms.katalon.core.main.TestCaseExecutor.execute(TestCaseExecutor.java:227)
	at com.kms.katalon.core.main.TestSuiteExecutor.accessTestCaseMainPhase(TestSuiteExecutor.java:129)
	at com.kms.katalon.core.main.TestSuiteExecutor.accessTestSuiteMainPhase(TestSuiteExecutor.java:112)
	at com.kms.katalon.core.main.TestSuiteExecutor.execute(TestSuiteExecutor.java:81)
	at com.kms.katalon.core.main.TestCaseMain.startTestSuite(TestCaseMain.java:157)
	at com.kms.katalon.core.main.TestCaseMain$startTestSuite$0.call(Unknown Source)
	at TempTestSuite1551869325949.run(TempTestSuite1551869325949.groovy:35)]]></system-err>
      </testcase>
      <testcase name="Test Cases/CheckResoucesAsPerLocation/CreateResource_Supplier" classname="Test Cases/CheckResoucesAsPerLocation/CreateResource_Supplier" status="FAILED">
         <failure type="FAILED" message="Test Cases/CheckResoucesAsPerLocation/CreateResource_Supplier FAILED.
Reason:
com.kms.katalon.core.exception.StepFailedException: Unable to click on object 'Object Repository/TestUserLocation/mainmenu_button'
	at com.kms.katalon.core.keyword.internal.KeywordMain.stepFailed(KeywordMain.groovy:48)
	at com.kms.katalon.core.webui.keyword.internal.WebUIKeywordMain.stepFailed(WebUIKeywordMain.groovy:65)
	at com.kms.katalon.core.webui.keyword.internal.WebUIKeywordMain.runKeyword(WebUIKeywordMain.groovy:27)
	at com.kms.katalon.core.webui.keyword.builtin.ClickKeyword.click(ClickKeyword.groovy:86)
	at com.kms.katalon.core.webui.keyword.builtin.ClickKeyword.execute(ClickKeyword.groovy:67)
	at com.kms.katalon.core.keyword.internal.KeywordExecutor.executeKeywordForPlatform(KeywordExecutor.groovy:56)
	at com.kms.katalon.core.webui.keyword.WebUiBuiltInKeywords.click(WebUiBuiltInKeywords.groovy:616)
	at com.kms.katalon.core.webui.keyword.WebUiBuiltInKeywords$click$2.call(Unknown Source)
	at CreateResource_Supplier.run(CreateResource_Supplier:36)
	at com.kms.katalon.core.main.ScriptEngine.run(ScriptEngine.java:194)
	at com.kms.katalon.core.main.ScriptEngine.runScriptAsRawText(ScriptEngine.java:119)
	at com.kms.katalon.core.main.TestCaseExecutor.runScript(TestCaseExecutor.java:331)
	at com.kms.katalon.core.main.TestCaseExecutor.doExecute(TestCaseExecutor.java:322)
	at com.kms.katalon.core.main.TestCaseExecutor.processExecutionPhase(TestCaseExecutor.java:301)
	at com.kms.katalon.core.main.TestCaseExecutor.accessMainPhase(TestCaseExecutor.java:293)
	at com.kms.katalon.core.main.TestCaseExecutor.execute(TestCaseExecutor.java:227)
	at com.kms.katalon.core.main.TestSuiteExecutor.accessTestCaseMainPhase(TestSuiteExecutor.java:129)
	at com.kms.katalon.core.main.TestSuiteExecutor.accessTestSuiteMainPhase(TestSuiteExecutor.java:112)
	at com.kms.katalon.core.main.TestSuiteExecutor.execute(TestSuiteExecutor.java:81)
	at com.kms.katalon.core.main.TestCaseMain.startTestSuite(TestCaseMain.java:157)
	at com.kms.katalon.core.main.TestCaseMain$startTestSuite$0.call(Unknown Source)
	at TempTestSuite1551869325949.run(TempTestSuite1551869325949.groovy:35)
"/>
         <system-out><![CDATA[2019-03-06 16:25:54 - [TEST_CASE][FAILED] - Test Cases/CheckResoucesAsPerLocation/CreateResource_Supplier: Test Cases/CheckResoucesAsPerLocation/CreateResource_Supplier FAILED.
Reason:
com.kms.katalon.core.exception.StepFailedException: Unable to click on object 'Object Repository/TestUserLocation/mainmenu_button'
	at com.kms.katalon.core.keyword.internal.KeywordMain.stepFailed(KeywordMain.groovy:48)
	at com.kms.katalon.core.webui.keyword.internal.WebUIKeywordMain.stepFailed(WebUIKeywordMain.groovy:65)
	at com.kms.katalon.core.webui.keyword.internal.WebUIKeywordMain.runKeyword(WebUIKeywordMain.groovy:27)
	at com.kms.katalon.core.webui.keyword.builtin.ClickKeyword.click(ClickKeyword.groovy:86)
	at com.kms.katalon.core.webui.keyword.builtin.ClickKeyword.execute(ClickKeyword.groovy:67)
	at com.kms.katalon.core.keyword.internal.KeywordExecutor.executeKeywordForPlatform(KeywordExecutor.groovy:56)
	at com.kms.katalon.core.webui.keyword.WebUiBuiltInKeywords.click(WebUiBuiltInKeywords.groovy:616)
	at com.kms.katalon.core.webui.keyword.WebUiBuiltInKeywords$click$2.call(Unknown Source)
	at CreateResource_Supplier.run(CreateResource_Supplier:36)
	at com.kms.katalon.core.main.ScriptEngine.run(ScriptEngine.java:194)
	at com.kms.katalon.core.main.ScriptEngine.runScriptAsRawText(ScriptEngine.java:119)
	at com.kms.katalon.core.main.TestCaseExecutor.runScript(TestCaseExecutor.java:331)
	at com.kms.katalon.core.main.TestCaseExecutor.doExecute(TestCaseExecutor.java:322)
	at com.kms.katalon.core.main.TestCaseExecutor.processExecutionPhase(TestCaseExecutor.java:301)
	at com.kms.katalon.core.main.TestCaseExecutor.accessMainPhase(TestCaseExecutor.java:293)
	at com.kms.katalon.core.main.TestCaseExecutor.execute(TestCaseExecutor.java:227)
	at com.kms.katalon.core.main.TestSuiteExecutor.accessTestCaseMainPhase(TestSuiteExecutor.java:129)
	at com.kms.katalon.core.main.TestSuiteExecutor.accessTestSuiteMainPhase(TestSuiteExecutor.java:112)
	at com.kms.katalon.core.main.TestSuiteExecutor.execute(TestSuiteExecutor.java:81)
	at com.kms.katalon.core.main.TestCaseMain.startTestSuite(TestCaseMain.java:157)
	at com.kms.katalon.core.main.TestCaseMain$startTestSuite$0.call(Unknown Source)
	at TempTestSuite1551869325949.run(TempTestSuite1551869325949.groovy:35)


2019-03-06 16:25:54 - [TEST_STEP][NOT_RUN] - openBrowser(URL): NOT_RUN: openBrowser(URL)

2019-03-06 16:25:54 - [MESSAGE][NOT_RUN] - NOT_RUN: openBrowser(URL)

2019-03-06 16:25:54 - [TEST_STEP][NOT_RUN] - maximizeWindow(): NOT_RUN: maximizeWindow()

2019-03-06 16:25:55 - [MESSAGE][NOT_RUN] - NOT_RUN: maximizeWindow()

2019-03-06 16:25:55 - [TEST_STEP][NOT_RUN] - waitForElementClickable(findTestObject("TestUserLocation/login_Username"), 45): NOT_RUN: waitForElementClickable(findTestObject("TestUserLocation/login_Username"), 45)

2019-03-06 16:25:55 - [MESSAGE][NOT_RUN] - NOT_RUN: waitForElementClickable(findTestObject("TestUserLocation/login_Username"), 45)

2019-03-06 16:25:55 - [TEST_STEP][NOT_RUN] - setText(findTestObject("TestUserLocation/login_Username"), UserName): NOT_RUN: setText(findTestObject("TestUserLocation/login_Username"), UserName)

2019-03-06 16:25:55 - [MESSAGE][NOT_RUN] - NOT_RUN: setText(findTestObject("TestUserLocation/login_Username"), UserName)

2019-03-06 16:25:55 - [TEST_STEP][NOT_RUN] - setText(findTestObject("TestUserLocation/login_Password"), Password): NOT_RUN: setText(findTestObject("TestUserLocation/login_Password"), Password)

2019-03-06 16:25:55 - [MESSAGE][NOT_RUN] - NOT_RUN: setText(findTestObject("TestUserLocation/login_Password"), Password)

2019-03-06 16:25:55 - [TEST_STEP][PASSED] - AdminTool_Location.setSupplierName(): AdminTool_Location.setSupplierName is PASSED

2019-03-06 16:25:55 - [MESSAGE][PASSED] - AdminTool_Location.setSupplierName is PASSED

2019-03-06 16:25:55 - [TEST_STEP][NOT_RUN] - click(findTestObject("TestUserLocation/login_Button")): NOT_RUN: click(findTestObject("TestUserLocation/login_Button"))

2019-03-06 16:25:55 - [MESSAGE][NOT_RUN] - NOT_RUN: click(findTestObject("TestUserLocation/login_Button"))

2019-03-06 16:25:55 - [TEST_STEP][NOT_RUN] - Thread.sleep(4000): NOT_RUN: Thread.sleep(4000)

2019-03-06 16:25:55 - [MESSAGE][NOT_RUN] - NOT_RUN: Thread.sleep(4000)

2019-03-06 16:25:55 - [TEST_STEP][PASSED] - waitForElementClickable(findTestObject("TestUserLocation/mainmenu_button"), 30): Object 'Object Repository/TestUserLocation/mainmenu_button' is clickable

2019-03-06 16:25:55 - [MESSAGE][PASSED] - Object 'Object Repository/TestUserLocation/mainmenu_button' is clickable

2019-03-06 16:25:55 - [TEST_STEP][PASSED] - Thread.sleep(2000): null

2019-03-06 16:25:57 - [TEST_STEP][FAILED] - click(findTestObject("TestUserLocation/mainmenu_button")): click(findTestObject("TestUserLocation/mainmenu_button")) FAILED.
Reason:
com.kms.katalon.core.exception.StepFailedException: Unable to click on object 'Object Repository/TestUserLocation/mainmenu_button'
	at com.kms.katalon.core.keyword.internal.KeywordMain.stepFailed(KeywordMain.groovy:48)
	at com.kms.katalon.core.webui.keyword.internal.WebUIKeywordMain.stepFailed(WebUIKeywordMain.groovy:65)
	at com.kms.katalon.core.webui.keyword.internal.WebUIKeywordMain.runKeyword(WebUIKeywordMain.groovy:27)
	at com.kms.katalon.core.webui.keyword.builtin.ClickKeyword.click(ClickKeyword.groovy:86)
	at com.kms.katalon.core.webui.keyword.builtin.ClickKeyword.execute(ClickKeyword.groovy:67)
	at com.kms.katalon.core.keyword.internal.KeywordExecutor.executeKeywordForPlatform(KeywordExecutor.groovy:56)
	at com.kms.katalon.core.webui.keyword.WebUiBuiltInKeywords.click(WebUiBuiltInKeywords.groovy:616)
	at com.kms.katalon.core.webui.keyword.WebUiBuiltInKeywords$click$2.call(Unknown Source)
	at CreateResource_Supplier.run(CreateResource_Supplier:36)
	at com.kms.katalon.core.main.ScriptEngine.run(ScriptEngine.java:194)
	at com.kms.katalon.core.main.ScriptEngine.runScriptAsRawText(ScriptEngine.java:119)
	at com.kms.katalon.core.main.TestCaseExecutor.runScript(TestCaseExecutor.java:331)
	at com.kms.katalon.core.main.TestCaseExecutor.doExecute(TestCaseExecutor.java:322)
	at com.kms.katalon.core.main.TestCaseExecutor.processExecutionPhase(TestCaseExecutor.java:301)
	at com.kms.katalon.core.main.TestCaseExecutor.accessMainPhase(TestCaseExecutor.java:293)
	at com.kms.katalon.core.main.TestCaseExecutor.execute(TestCaseExecutor.java:227)
	at com.kms.katalon.core.main.TestSuiteExecutor.accessTestCaseMainPhase(TestSuiteExecutor.java:129)
	at com.kms.katalon.core.main.TestSuiteExecutor.accessTestSuiteMainPhase(TestSuiteExecutor.java:112)
	at com.kms.katalon.core.main.TestSuiteExecutor.execute(TestSuiteExecutor.java:81)
	at com.kms.katalon.core.main.TestCaseMain.startTestSuite(TestCaseMain.java:157)
	at com.kms.katalon.core.main.TestCaseMain$startTestSuite$0.call(Unknown Source)
	at TempTestSuite1551869325949.run(TempTestSuite1551869325949.groovy:35)


2019-03-06 16:25:57 - [MESSAGE][FAILED] - Unable to click on object 'Object Repository/TestUserLocation/mainmenu_button'
[[ATTACHMENT|D:\\Git Data\\SafetyChain-Test-Automation-Katalon\\Reports\\TestResources\\20190306_161845\\1551869757476.png]]

2019-03-06 16:25:57 - [MESSAGE][FAILED] - click(findTestObject("TestUserLocation/mainmenu_button")) FAILED.
Reason:
com.kms.katalon.core.exception.StepFailedException: Unable to click on object 'Object Repository/TestUserLocation/mainmenu_button'
	at com.kms.katalon.core.keyword.internal.KeywordMain.stepFailed(KeywordMain.groovy:48)
	at com.kms.katalon.core.webui.keyword.internal.WebUIKeywordMain.stepFailed(WebUIKeywordMain.groovy:65)
	at com.kms.katalon.core.webui.keyword.internal.WebUIKeywordMain.runKeyword(WebUIKeywordMain.groovy:27)
	at com.kms.katalon.core.webui.keyword.builtin.ClickKeyword.click(ClickKeyword.groovy:86)
	at com.kms.katalon.core.webui.keyword.builtin.ClickKeyword.execute(ClickKeyword.groovy:67)
	at com.kms.katalon.core.keyword.internal.KeywordExecutor.executeKeywordForPlatform(KeywordExecutor.groovy:56)
	at com.kms.katalon.core.webui.keyword.WebUiBuiltInKeywords.click(WebUiBuiltInKeywords.groovy:616)
	at com.kms.katalon.core.webui.keyword.WebUiBuiltInKeywords$click$2.call(Unknown Source)
	at CreateResource_Supplier.run(CreateResource_Supplier:36)
	at com.kms.katalon.core.main.ScriptEngine.run(ScriptEngine.java:194)
	at com.kms.katalon.core.main.ScriptEngine.runScriptAsRawText(ScriptEngine.java:119)
	at com.kms.katalon.core.main.TestCaseExecutor.runScript(TestCaseExecutor.java:331)
	at com.kms.katalon.core.main.TestCaseExecutor.doExecute(TestCaseExecutor.java:322)
	at com.kms.katalon.core.main.TestCaseExecutor.processExecutionPhase(TestCaseExecutor.java:301)
	at com.kms.katalon.core.main.TestCaseExecutor.accessMainPhase(TestCaseExecutor.java:293)
	at com.kms.katalon.core.main.TestCaseExecutor.execute(TestCaseExecutor.java:227)
	at com.kms.katalon.core.main.TestSuiteExecutor.accessTestCaseMainPhase(TestSuiteExecutor.java:129)
	at com.kms.katalon.core.main.TestSuiteExecutor.accessTestSuiteMainPhase(TestSuiteExecutor.java:112)
	at com.kms.katalon.core.main.TestSuiteExecutor.execute(TestSuiteExecutor.java:81)
	at com.kms.katalon.core.main.TestCaseMain.startTestSuite(TestCaseMain.java:157)
	at com.kms.katalon.core.main.TestCaseMain$startTestSuite$0.call(Unknown Source)
	at TempTestSuite1551869325949.run(TempTestSuite1551869325949.groovy:35)]]></system-out>
         <system-err><![CDATA[2019-03-06 16:25:54 - [TEST_CASE][FAILED] - Test Cases/CheckResoucesAsPerLocation/CreateResource_Supplier: Test Cases/CheckResoucesAsPerLocation/CreateResource_Supplier FAILED.
Reason:
com.kms.katalon.core.exception.StepFailedException: Unable to click on object 'Object Repository/TestUserLocation/mainmenu_button'
	at com.kms.katalon.core.keyword.internal.KeywordMain.stepFailed(KeywordMain.groovy:48)
	at com.kms.katalon.core.webui.keyword.internal.WebUIKeywordMain.stepFailed(WebUIKeywordMain.groovy:65)
	at com.kms.katalon.core.webui.keyword.internal.WebUIKeywordMain.runKeyword(WebUIKeywordMain.groovy:27)
	at com.kms.katalon.core.webui.keyword.builtin.ClickKeyword.click(ClickKeyword.groovy:86)
	at com.kms.katalon.core.webui.keyword.builtin.ClickKeyword.execute(ClickKeyword.groovy:67)
	at com.kms.katalon.core.keyword.internal.KeywordExecutor.executeKeywordForPlatform(KeywordExecutor.groovy:56)
	at com.kms.katalon.core.webui.keyword.WebUiBuiltInKeywords.click(WebUiBuiltInKeywords.groovy:616)
	at com.kms.katalon.core.webui.keyword.WebUiBuiltInKeywords$click$2.call(Unknown Source)
	at CreateResource_Supplier.run(CreateResource_Supplier:36)
	at com.kms.katalon.core.main.ScriptEngine.run(ScriptEngine.java:194)
	at com.kms.katalon.core.main.ScriptEngine.runScriptAsRawText(ScriptEngine.java:119)
	at com.kms.katalon.core.main.TestCaseExecutor.runScript(TestCaseExecutor.java:331)
	at com.kms.katalon.core.main.TestCaseExecutor.doExecute(TestCaseExecutor.java:322)
	at com.kms.katalon.core.main.TestCaseExecutor.processExecutionPhase(TestCaseExecutor.java:301)
	at com.kms.katalon.core.main.TestCaseExecutor.accessMainPhase(TestCaseExecutor.java:293)
	at com.kms.katalon.core.main.TestCaseExecutor.execute(TestCaseExecutor.java:227)
	at com.kms.katalon.core.main.TestSuiteExecutor.accessTestCaseMainPhase(TestSuiteExecutor.java:129)
	at com.kms.katalon.core.main.TestSuiteExecutor.accessTestSuiteMainPhase(TestSuiteExecutor.java:112)
	at com.kms.katalon.core.main.TestSuiteExecutor.execute(TestSuiteExecutor.java:81)
	at com.kms.katalon.core.main.TestCaseMain.startTestSuite(TestCaseMain.java:157)
	at com.kms.katalon.core.main.TestCaseMain$startTestSuite$0.call(Unknown Source)
	at TempTestSuite1551869325949.run(TempTestSuite1551869325949.groovy:35)]]></system-err>
      </testcase>
      <testcase name="Test Cases/CheckResoucesAsPerLocation/Validate" classname="Test Cases/CheckResoucesAsPerLocation/Validate" status="FAILED">
         <failure type="FAILED" message="Test Cases/CheckResoucesAsPerLocation/Validate FAILED.
Reason:
com.kms.katalon.core.exception.StepFailedException: Unable to click on object 'Object Repository/Form_Selection_Creation/mainMenu_Button'
	at com.kms.katalon.core.keyword.internal.KeywordMain.stepFailed(KeywordMain.groovy:48)
	at com.kms.katalon.core.webui.keyword.internal.WebUIKeywordMain.stepFailed(WebUIKeywordMain.groovy:65)
	at com.kms.katalon.core.webui.keyword.internal.WebUIKeywordMain.runKeyword(WebUIKeywordMain.groovy:27)
	at com.kms.katalon.core.webui.keyword.builtin.ClickKeyword.click(ClickKeyword.groovy:86)
	at com.kms.katalon.core.webui.keyword.builtin.ClickKeyword.execute(ClickKeyword.groovy:67)
	at com.kms.katalon.core.keyword.internal.KeywordExecutor.executeKeywordForPlatform(KeywordExecutor.groovy:56)
	at com.kms.katalon.core.webui.keyword.WebUiBuiltInKeywords.click(WebUiBuiltInKeywords.groovy:616)
	at com.kms.katalon.core.webui.keyword.WebUiBuiltInKeywords$click$2.call(Unknown Source)
	at Validate.run(Validate:28)
	at com.kms.katalon.core.main.ScriptEngine.run(ScriptEngine.java:194)
	at com.kms.katalon.core.main.ScriptEngine.runScriptAsRawText(ScriptEngine.java:119)
	at com.kms.katalon.core.main.TestCaseExecutor.runScript(TestCaseExecutor.java:331)
	at com.kms.katalon.core.main.TestCaseExecutor.doExecute(TestCaseExecutor.java:322)
	at com.kms.katalon.core.main.TestCaseExecutor.processExecutionPhase(TestCaseExecutor.java:301)
	at com.kms.katalon.core.main.TestCaseExecutor.accessMainPhase(TestCaseExecutor.java:293)
	at com.kms.katalon.core.main.TestCaseExecutor.execute(TestCaseExecutor.java:227)
	at com.kms.katalon.core.main.TestSuiteExecutor.accessTestCaseMainPhase(TestSuiteExecutor.java:129)
	at com.kms.katalon.core.main.TestSuiteExecutor.accessTestSuiteMainPhase(TestSuiteExecutor.java:112)
	at com.kms.katalon.core.main.TestSuiteExecutor.execute(TestSuiteExecutor.java:81)
	at com.kms.katalon.core.main.TestCaseMain.startTestSuite(TestCaseMain.java:157)
	at com.kms.katalon.core.main.TestCaseMain$startTestSuite$0.call(Unknown Source)
	at TempTestSuite1551869325949.run(TempTestSuite1551869325949.groovy:35)
"/>
         <system-out><![CDATA[2019-03-06 16:25:57 - [TEST_CASE][FAILED] - Test Cases/CheckResoucesAsPerLocation/Validate: Test Cases/CheckResoucesAsPerLocation/Validate FAILED.
Reason:
com.kms.katalon.core.exception.StepFailedException: Unable to click on object 'Object Repository/Form_Selection_Creation/mainMenu_Button'
	at com.kms.katalon.core.keyword.internal.KeywordMain.stepFailed(KeywordMain.groovy:48)
	at com.kms.katalon.core.webui.keyword.internal.WebUIKeywordMain.stepFailed(WebUIKeywordMain.groovy:65)
	at com.kms.katalon.core.webui.keyword.internal.WebUIKeywordMain.runKeyword(WebUIKeywordMain.groovy:27)
	at com.kms.katalon.core.webui.keyword.builtin.ClickKeyword.click(ClickKeyword.groovy:86)
	at com.kms.katalon.core.webui.keyword.builtin.ClickKeyword.execute(ClickKeyword.groovy:67)
	at com.kms.katalon.core.keyword.internal.KeywordExecutor.executeKeywordForPlatform(KeywordExecutor.groovy:56)
	at com.kms.katalon.core.webui.keyword.WebUiBuiltInKeywords.click(WebUiBuiltInKeywords.groovy:616)
	at com.kms.katalon.core.webui.keyword.WebUiBuiltInKeywords$click$2.call(Unknown Source)
	at Validate.run(Validate:28)
	at com.kms.katalon.core.main.ScriptEngine.run(ScriptEngine.java:194)
	at com.kms.katalon.core.main.ScriptEngine.runScriptAsRawText(ScriptEngine.java:119)
	at com.kms.katalon.core.main.TestCaseExecutor.runScript(TestCaseExecutor.java:331)
	at com.kms.katalon.core.main.TestCaseExecutor.doExecute(TestCaseExecutor.java:322)
	at com.kms.katalon.core.main.TestCaseExecutor.processExecutionPhase(TestCaseExecutor.java:301)
	at com.kms.katalon.core.main.TestCaseExecutor.accessMainPhase(TestCaseExecutor.java:293)
	at com.kms.katalon.core.main.TestCaseExecutor.execute(TestCaseExecutor.java:227)
	at com.kms.katalon.core.main.TestSuiteExecutor.accessTestCaseMainPhase(TestSuiteExecutor.java:129)
	at com.kms.katalon.core.main.TestSuiteExecutor.accessTestSuiteMainPhase(TestSuiteExecutor.java:112)
	at com.kms.katalon.core.main.TestSuiteExecutor.execute(TestSuiteExecutor.java:81)
	at com.kms.katalon.core.main.TestCaseMain.startTestSuite(TestCaseMain.java:157)
	at com.kms.katalon.core.main.TestCaseMain$startTestSuite$0.call(Unknown Source)
	at TempTestSuite1551869325949.run(TempTestSuite1551869325949.groovy:35)


2019-03-06 16:25:57 - [TEST_STEP][NOT_RUN] - openBrowser(URL): NOT_RUN: openBrowser(URL)

2019-03-06 16:25:57 - [MESSAGE][NOT_RUN] - NOT_RUN: openBrowser(URL)

2019-03-06 16:25:57 - [TEST_STEP][NOT_RUN] - maximizeWindow(): NOT_RUN: maximizeWindow()

2019-03-06 16:25:57 - [MESSAGE][NOT_RUN] - NOT_RUN: maximizeWindow()

2019-03-06 16:25:57 - [TEST_STEP][NOT_RUN] - setText(findTestObject("TestUserLocation/login_Username"), UserName): NOT_RUN: setText(findTestObject("TestUserLocation/login_Username"), UserName)

2019-03-06 16:25:57 - [MESSAGE][NOT_RUN] - NOT_RUN: setText(findTestObject("TestUserLocation/login_Username"), UserName)

2019-03-06 16:25:57 - [TEST_STEP][NOT_RUN] - setText(findTestObject("TestUserLocation/login_Password"), Password): NOT_RUN: setText(findTestObject("TestUserLocation/login_Password"), Password)

2019-03-06 16:25:57 - [MESSAGE][NOT_RUN] - NOT_RUN: setText(findTestObject("TestUserLocation/login_Password"), Password)

2019-03-06 16:25:57 - [TEST_STEP][NOT_RUN] - click(findTestObject("TestUserLocation/login_Button")): NOT_RUN: click(findTestObject("TestUserLocation/login_Button"))

2019-03-06 16:25:57 - [MESSAGE][NOT_RUN] - NOT_RUN: click(findTestObject("TestUserLocation/login_Button"))

2019-03-06 16:25:57 - [TEST_STEP][PASSED] - waitForElementClickable(findTestObject("Form_Selection_Creation/mainMenu_Button"), 30): Object 'Object Repository/Form_Selection_Creation/mainMenu_Button' is clickable

2019-03-06 16:25:57 - [MESSAGE][PASSED] - Object 'Object Repository/Form_Selection_Creation/mainMenu_Button' is clickable

2019-03-06 16:25:57 - [TEST_STEP][FAILED] - click(findTestObject("Form_Selection_Creation/mainMenu_Button")): click(findTestObject("Form_Selection_Creation/mainMenu_Button")) FAILED.
Reason:
com.kms.katalon.core.exception.StepFailedException: Unable to click on object 'Object Repository/Form_Selection_Creation/mainMenu_Button'
	at com.kms.katalon.core.keyword.internal.KeywordMain.stepFailed(KeywordMain.groovy:48)
	at com.kms.katalon.core.webui.keyword.internal.WebUIKeywordMain.stepFailed(WebUIKeywordMain.groovy:65)
	at com.kms.katalon.core.webui.keyword.internal.WebUIKeywordMain.runKeyword(WebUIKeywordMain.groovy:27)
	at com.kms.katalon.core.webui.keyword.builtin.ClickKeyword.click(ClickKeyword.groovy:86)
	at com.kms.katalon.core.webui.keyword.builtin.ClickKeyword.execute(ClickKeyword.groovy:67)
	at com.kms.katalon.core.keyword.internal.KeywordExecutor.executeKeywordForPlatform(KeywordExecutor.groovy:56)
	at com.kms.katalon.core.webui.keyword.WebUiBuiltInKeywords.click(WebUiBuiltInKeywords.groovy:616)
	at com.kms.katalon.core.webui.keyword.WebUiBuiltInKeywords$click$2.call(Unknown Source)
	at Validate.run(Validate:28)
	at com.kms.katalon.core.main.ScriptEngine.run(ScriptEngine.java:194)
	at com.kms.katalon.core.main.ScriptEngine.runScriptAsRawText(ScriptEngine.java:119)
	at com.kms.katalon.core.main.TestCaseExecutor.runScript(TestCaseExecutor.java:331)
	at com.kms.katalon.core.main.TestCaseExecutor.doExecute(TestCaseExecutor.java:322)
	at com.kms.katalon.core.main.TestCaseExecutor.processExecutionPhase(TestCaseExecutor.java:301)
	at com.kms.katalon.core.main.TestCaseExecutor.accessMainPhase(TestCaseExecutor.java:293)
	at com.kms.katalon.core.main.TestCaseExecutor.execute(TestCaseExecutor.java:227)
	at com.kms.katalon.core.main.TestSuiteExecutor.accessTestCaseMainPhase(TestSuiteExecutor.java:129)
	at com.kms.katalon.core.main.TestSuiteExecutor.accessTestSuiteMainPhase(TestSuiteExecutor.java:112)
	at com.kms.katalon.core.main.TestSuiteExecutor.execute(TestSuiteExecutor.java:81)
	at com.kms.katalon.core.main.TestCaseMain.startTestSuite(TestCaseMain.java:157)
	at com.kms.katalon.core.main.TestCaseMain$startTestSuite$0.call(Unknown Source)
	at TempTestSuite1551869325949.run(TempTestSuite1551869325949.groovy:35)


2019-03-06 16:25:58 - [MESSAGE][FAILED] - Unable to click on object 'Object Repository/Form_Selection_Creation/mainMenu_Button'
[[ATTACHMENT|D:\\Git Data\\SafetyChain-Test-Automation-Katalon\\Reports\\TestResources\\20190306_161845\\1551869757962.png]]

2019-03-06 16:25:58 - [MESSAGE][FAILED] - click(findTestObject("Form_Selection_Creation/mainMenu_Button")) FAILED.
Reason:
com.kms.katalon.core.exception.StepFailedException: Unable to click on object 'Object Repository/Form_Selection_Creation/mainMenu_Button'
	at com.kms.katalon.core.keyword.internal.KeywordMain.stepFailed(KeywordMain.groovy:48)
	at com.kms.katalon.core.webui.keyword.internal.WebUIKeywordMain.stepFailed(WebUIKeywordMain.groovy:65)
	at com.kms.katalon.core.webui.keyword.internal.WebUIKeywordMain.runKeyword(WebUIKeywordMain.groovy:27)
	at com.kms.katalon.core.webui.keyword.builtin.ClickKeyword.click(ClickKeyword.groovy:86)
	at com.kms.katalon.core.webui.keyword.builtin.ClickKeyword.execute(ClickKeyword.groovy:67)
	at com.kms.katalon.core.keyword.internal.KeywordExecutor.executeKeywordForPlatform(KeywordExecutor.groovy:56)
	at com.kms.katalon.core.webui.keyword.WebUiBuiltInKeywords.click(WebUiBuiltInKeywords.groovy:616)
	at com.kms.katalon.core.webui.keyword.WebUiBuiltInKeywords$click$2.call(Unknown Source)
	at Validate.run(Validate:28)
	at com.kms.katalon.core.main.ScriptEngine.run(ScriptEngine.java:194)
	at com.kms.katalon.core.main.ScriptEngine.runScriptAsRawText(ScriptEngine.java:119)
	at com.kms.katalon.core.main.TestCaseExecutor.runScript(TestCaseExecutor.java:331)
	at com.kms.katalon.core.main.TestCaseExecutor.doExecute(TestCaseExecutor.java:322)
	at com.kms.katalon.core.main.TestCaseExecutor.processExecutionPhase(TestCaseExecutor.java:301)
	at com.kms.katalon.core.main.TestCaseExecutor.accessMainPhase(TestCaseExecutor.java:293)
	at com.kms.katalon.core.main.TestCaseExecutor.execute(TestCaseExecutor.java:227)
	at com.kms.katalon.core.main.TestSuiteExecutor.accessTestCaseMainPhase(TestSuiteExecutor.java:129)
	at com.kms.katalon.core.main.TestSuiteExecutor.accessTestSuiteMainPhase(TestSuiteExecutor.java:112)
	at com.kms.katalon.core.main.TestSuiteExecutor.execute(TestSuiteExecutor.java:81)
	at com.kms.katalon.core.main.TestCaseMain.startTestSuite(TestCaseMain.java:157)
	at com.kms.katalon.core.main.TestCaseMain$startTestSuite$0.call(Unknown Source)
	at TempTestSuite1551869325949.run(TempTestSuite1551869325949.groovy:35)]]></system-out>
         <system-err><![CDATA[2019-03-06 16:25:57 - [TEST_CASE][FAILED] - Test Cases/CheckResoucesAsPerLocation/Validate: Test Cases/CheckResoucesAsPerLocation/Validate FAILED.
Reason:
com.kms.katalon.core.exception.StepFailedException: Unable to click on object 'Object Repository/Form_Selection_Creation/mainMenu_Button'
	at com.kms.katalon.core.keyword.internal.KeywordMain.stepFailed(KeywordMain.groovy:48)
	at com.kms.katalon.core.webui.keyword.internal.WebUIKeywordMain.stepFailed(WebUIKeywordMain.groovy:65)
	at com.kms.katalon.core.webui.keyword.internal.WebUIKeywordMain.runKeyword(WebUIKeywordMain.groovy:27)
	at com.kms.katalon.core.webui.keyword.builtin.ClickKeyword.click(ClickKeyword.groovy:86)
	at com.kms.katalon.core.webui.keyword.builtin.ClickKeyword.execute(ClickKeyword.groovy:67)
	at com.kms.katalon.core.keyword.internal.KeywordExecutor.executeKeywordForPlatform(KeywordExecutor.groovy:56)
	at com.kms.katalon.core.webui.keyword.WebUiBuiltInKeywords.click(WebUiBuiltInKeywords.groovy:616)
	at com.kms.katalon.core.webui.keyword.WebUiBuiltInKeywords$click$2.call(Unknown Source)
	at Validate.run(Validate:28)
	at com.kms.katalon.core.main.ScriptEngine.run(ScriptEngine.java:194)
	at com.kms.katalon.core.main.ScriptEngine.runScriptAsRawText(ScriptEngine.java:119)
	at com.kms.katalon.core.main.TestCaseExecutor.runScript(TestCaseExecutor.java:331)
	at com.kms.katalon.core.main.TestCaseExecutor.doExecute(TestCaseExecutor.java:322)
	at com.kms.katalon.core.main.TestCaseExecutor.processExecutionPhase(TestCaseExecutor.java:301)
	at com.kms.katalon.core.main.TestCaseExecutor.accessMainPhase(TestCaseExecutor.java:293)
	at com.kms.katalon.core.main.TestCaseExecutor.execute(TestCaseExecutor.java:227)
	at com.kms.katalon.core.main.TestSuiteExecutor.accessTestCaseMainPhase(TestSuiteExecutor.java:129)
	at com.kms.katalon.core.main.TestSuiteExecutor.accessTestSuiteMainPhase(TestSuiteExecutor.java:112)
	at com.kms.katalon.core.main.TestSuiteExecutor.execute(TestSuiteExecutor.java:81)
	at com.kms.katalon.core.main.TestCaseMain.startTestSuite(TestCaseMain.java:157)
	at com.kms.katalon.core.main.TestCaseMain$startTestSuite$0.call(Unknown Source)
	at TempTestSuite1551869325949.run(TempTestSuite1551869325949.groovy:35)]]></system-err>
      </testcase>
      <system-out><![CDATA[2019-03-06 16:18:48 - [TEST_SUITE][FAILED] - TestResources: Test Cases/CheckResoucesAsPerLocation/CreateResource_Equipment FAILED.
Reason:
com.kms.katalon.core.exception.StepFailedException: Unable to click on object 'Object Repository/TestUserLocation/login_Button'
	at com.kms.katalon.core.keyword.internal.KeywordMain.stepFailed(KeywordMain.groovy:48)
	at com.kms.katalon.core.webui.keyword.internal.WebUIKeywordMain.stepFailed(WebUIKeywordMain.groovy:65)
	at com.kms.katalon.core.webui.keyword.internal.WebUIKeywordMain.runKeyword(WebUIKeywordMain.groovy:27)
	at com.kms.katalon.core.webui.keyword.builtin.ClickKeyword.click(ClickKeyword.groovy:86)
	at com.kms.katalon.core.webui.keyword.builtin.ClickKeyword.execute(ClickKeyword.groovy:67)
	at com.kms.katalon.core.keyword.internal.KeywordExecutor.executeKeywordForPlatform(KeywordExecutor.groovy:56)
	at com.kms.katalon.core.webui.keyword.WebUiBuiltInKeywords.click(WebUiBuiltInKeywords.groovy:616)
	at com.kms.katalon.core.webui.keyword.WebUiBuiltInKeywords$click$2.call(Unknown Source)
	at CreateResource_Equipment.run(CreateResource_Equipment:28)
	at com.kms.katalon.core.main.ScriptEngine.run(ScriptEngine.java:194)
	at com.kms.katalon.core.main.ScriptEngine.runScriptAsRawText(ScriptEngine.java:119)
	at com.kms.katalon.core.main.TestCaseExecutor.runScript(TestCaseExecutor.java:331)
	at com.kms.katalon.core.main.TestCaseExecutor.doExecute(TestCaseExecutor.java:322)
	at com.kms.katalon.core.main.TestCaseExecutor.processExecutionPhase(TestCaseExecutor.java:301)
	at com.kms.katalon.core.main.TestCaseExecutor.accessMainPhase(TestCaseExecutor.java:293)
	at com.kms.katalon.core.main.TestCaseExecutor.execute(TestCaseExecutor.java:227)
	at com.kms.katalon.core.main.TestSuiteExecutor.accessTestCaseMainPhase(TestSuiteExecutor.java:129)
	at com.kms.katalon.core.main.TestSuiteExecutor.accessTestSuiteMainPhase(TestSuiteExecutor.java:112)
	at com.kms.katalon.core.main.TestSuiteExecutor.execute(TestSuiteExecutor.java:81)
	at com.kms.katalon.core.main.TestCaseMain.startTestSuite(TestCaseMain.java:157)
	at com.kms.katalon.core.main.TestCaseMain$startTestSuite$0.call(Unknown Source)
	at TempTestSuite1551869325949.run(TempTestSuite1551869325949.groovy:35)]]></system-out>
      <system-err><![CDATA[2019-03-06 16:18:48 - [TEST_SUITE][FAILED] - TestResources: Test Cases/CheckResoucesAsPerLocation/CreateResource_Equipment FAILED.
Reason:
com.kms.katalon.core.exception.StepFailedException: Unable to click on object 'Object Repository/TestUserLocation/login_Button'
	at com.kms.katalon.core.keyword.internal.KeywordMain.stepFailed(KeywordMain.groovy:48)
	at com.kms.katalon.core.webui.keyword.internal.WebUIKeywordMain.stepFailed(WebUIKeywordMain.groovy:65)
	at com.kms.katalon.core.webui.keyword.internal.WebUIKeywordMain.runKeyword(WebUIKeywordMain.groovy:27)
	at com.kms.katalon.core.webui.keyword.builtin.ClickKeyword.click(ClickKeyword.groovy:86)
	at com.kms.katalon.core.webui.keyword.builtin.ClickKeyword.execute(ClickKeyword.groovy:67)
	at com.kms.katalon.core.keyword.internal.KeywordExecutor.executeKeywordForPlatform(KeywordExecutor.groovy:56)
	at com.kms.katalon.core.webui.keyword.WebUiBuiltInKeywords.click(WebUiBuiltInKeywords.groovy:616)
	at com.kms.katalon.core.webui.keyword.WebUiBuiltInKeywords$click$2.call(Unknown Source)
	at CreateResource_Equipment.run(CreateResource_Equipment:28)
	at com.kms.katalon.core.main.ScriptEngine.run(ScriptEngine.java:194)
	at com.kms.katalon.core.main.ScriptEngine.runScriptAsRawText(ScriptEngine.java:119)
	at com.kms.katalon.core.main.TestCaseExecutor.runScript(TestCaseExecutor.java:331)
	at com.kms.katalon.core.main.TestCaseExecutor.doExecute(TestCaseExecutor.java:322)
	at com.kms.katalon.core.main.TestCaseExecutor.processExecutionPhase(TestCaseExecutor.java:301)
	at com.kms.katalon.core.main.TestCaseExecutor.accessMainPhase(TestCaseExecutor.java:293)
	at com.kms.katalon.core.main.TestCaseExecutor.execute(TestCaseExecutor.java:227)
	at com.kms.katalon.core.main.TestSuiteExecutor.accessTestCaseMainPhase(TestSuiteExecutor.java:129)
	at com.kms.katalon.core.main.TestSuiteExecutor.accessTestSuiteMainPhase(TestSuiteExecutor.java:112)
	at com.kms.katalon.core.main.TestSuiteExecutor.execute(TestSuiteExecutor.java:81)
	at com.kms.katalon.core.main.TestCaseMain.startTestSuite(TestCaseMain.java:157)
	at com.kms.katalon.core.main.TestCaseMain$startTestSuite$0.call(Unknown Source)
	at TempTestSuite1551869325949.run(TempTestSuite1551869325949.groovy:35)]]></system-err>
   </testsuite>
</testsuites>
