<?xml version="1.0" encoding="UTF-8"?>
<testsuites name="Internal_Task" time="395" tests="2" failures="1" errors="0">
   <testsuite name="Internal_Task" tests="2" failures="1" errors="0" time="395" timestamp="2019-01-23 14:20:40" hostname="pashine_a - Abhishek-Pashine.India.XoriantCorp.com" id="Test Suites/Internal_Task">
      <properties>
         <property name="deviceName" value=""/>
         <property name="devicePlatform" value=""/>
         <property name="logFolder" value="D:\\Git Data\\SafetyChain-Test-Automation-Katalon\\Reports\\Internal_Task\\20190123_142034"/>
         <property name="logFiles" value="D:\\Git Data\\SafetyChain-Test-Automation-Katalon\\Reports\\Internal_Task\\20190123_142034\\execution0.log"/>
         <property name="attachments" value="D:\\Git Data\\SafetyChain-Test-Automation-Katalon\\Reports\\Internal_Task\\20190123_142034\\1548233833953.png"/>
         <property name="hostName" value="pashine_a - Abhishek-Pashine.India.XoriantCorp.com"/>
         <property name="os" value="Windows 7 64bit"/>
         <property name="katalonVersion" value="5.10.1.1"/>
         <property name="browser" value="Chrome 71.0.3578.98"/>
         <property name="hostAddress" value="10.21.7.147"/>
         <property name="sessionId" value="8c26827d0720e0bbd206c24817b0410e"/>
         <property name="seleniumVersion" value="3.7.1"/>
         <property name="proxyInformation" value="ProxyInformation{proxyOption=NO_PROXY, proxyServerType=HTTP, password=, proxyServerAddress=, proxyServerPort=0}"/>
         <property name="platform" value="Windows 7"/>
      </properties>
      <testcase name="Test Cases/Internal_TaskManagement/1_CreateForm" classname="Test Cases/Internal_TaskManagement/1_CreateForm" status="PASSED">
         <system-out><![CDATA[2019-01-23 14:20:40 - [TEST_CASE][PASSED] - Test Cases/Internal_TaskManagement/1_CreateForm: Test Cases/Internal_TaskManagement/1_CreateForm

2019-01-23 14:20:41 - [TEST_STEP][PASSED] - openBrowser(URL): Browser is opened with url: 'http://test1.stage.safetychain.com/'

2019-01-23 14:20:41 - [MESSAGE][INFO] - Starting 'Chrome' driver

2019-01-23 14:20:41 - [MESSAGE][INFO] - Action delay is set to 0 seconds

2019-01-23 14:21:16 - [MESSAGE][PASSED] - Browser is opened with url: 'http://test1.stage.safetychain.com/'

2019-01-23 14:21:16 - [TEST_STEP][PASSED] - maximizeWindow(): Current window maximized

2019-01-23 14:21:17 - [MESSAGE][PASSED] - Current window maximized

2019-01-23 14:21:17 - [TEST_STEP][PASSED] - setText(findTestObject("Form_Selection_Creation/login_Username"), UserName): Text 'tester' is set on object 'Object Repository/Form_Selection_Creation/login_Username'

2019-01-23 14:21:20 - [MESSAGE][PASSED] - Text 'tester' is set on object 'Object Repository/Form_Selection_Creation/login_Username'

2019-01-23 14:21:20 - [TEST_STEP][PASSED] - setText(findTestObject("Form_Selection_Creation/login_Password"), Password): Text '123#' is set on object 'Object Repository/Form_Selection_Creation/login_Password'

2019-01-23 14:21:20 - [MESSAGE][PASSED] - Text '123#' is set on object 'Object Repository/Form_Selection_Creation/login_Password'

2019-01-23 14:21:20 - [TEST_STEP][PASSED] - FormName.setData(): FormName.setData is PASSED

2019-01-23 14:21:21 - [MESSAGE][PASSED] - FormName.setData is PASSED

2019-01-23 14:21:21 - [TEST_STEP][PASSED] - click(findTestObject("Form_Selection_Creation/login_Button")): Object: 'Object Repository/Form_Selection_Creation/login_Button' is clicked on

2019-01-23 14:21:25 - [MESSAGE][PASSED] - Object: 'Object Repository/Form_Selection_Creation/login_Button' is clicked on

2019-01-23 14:21:25 - [TEST_STEP][PASSED] - Thread.sleep(3000): null

2019-01-23 14:21:28 - [TEST_STEP][PASSED] - click(findTestObject("Form_Selection_Creation/mainMenu_Button")): Object: 'Object Repository/Form_Selection_Creation/mainMenu_Button' is clicked on

2019-01-23 14:21:33 - [MESSAGE][PASSED] - Object: 'Object Repository/Form_Selection_Creation/mainMenu_Button' is clicked on

2019-01-23 14:21:33 - [TEST_STEP][PASSED] - click(findTestObject("Form_Selection_Creation/mainMenu_AdminTools")): Object: 'Object Repository/Form_Selection_Creation/mainMenu_AdminTools' is clicked on

2019-01-23 14:21:34 - [MESSAGE][PASSED] - Object: 'Object Repository/Form_Selection_Creation/mainMenu_AdminTools' is clicked on

2019-01-23 14:21:34 - [TEST_STEP][PASSED] - waitForElementVisible(findTestObject("Form_Selection_Creation/mainMenu_AdminTools_FormDesigner"), 45): Object 'Object Repository/Form_Selection_Creation/mainMenu_AdminTools_FormDesigner' is visible

2019-01-23 14:21:34 - [MESSAGE][PASSED] - Object 'Object Repository/Form_Selection_Creation/mainMenu_AdminTools_FormDesigner' is visible

2019-01-23 14:21:34 - [TEST_STEP][PASSED] - click(findTestObject("Form_Selection_Creation/mainMenu_AdminTools_FormDesigner")): Object: 'Object Repository/Form_Selection_Creation/mainMenu_AdminTools_FormDesigner' is clicked on

2019-01-23 14:21:34 - [MESSAGE][PASSED] - Object: 'Object Repository/Form_Selection_Creation/mainMenu_AdminTools_FormDesigner' is clicked on

2019-01-23 14:21:34 - [TEST_STEP][PASSED] - Thread.sleep(2000): null

2019-01-23 14:21:36 - [TEST_STEP][PASSED] - AdminTool_Location.moveCursor(): AdminTool_Location.moveCursor is PASSED

2019-01-23 14:21:36 - [MESSAGE][PASSED] - AdminTool_Location.moveCursor is PASSED

2019-01-23 14:21:36 - [TEST_STEP][PASSED] - Thread.sleep(2000): null

2019-01-23 14:21:38 - [TEST_STEP][PASSED] - click(findTestObject("Form_Selection_Creation/selectQuestionaireForm")): Object: 'Object Repository/Form_Selection_Creation/selectQuestionaireForm' is clicked on

2019-01-23 14:21:38 - [MESSAGE][PASSED] - Object: 'Object Repository/Form_Selection_Creation/selectQuestionaireForm' is clicked on

2019-01-23 14:21:38 - [TEST_STEP][PASSED] - waitForElementVisible(findTestObject("Form_Selection_Creation/openResType"), 18): Object 'Object Repository/Form_Selection_Creation/openResType' is visible

2019-01-23 14:21:39 - [MESSAGE][PASSED] - Object 'Object Repository/Form_Selection_Creation/openResType' is visible

2019-01-23 14:21:39 - [TEST_STEP][PASSED] - Thread.sleep(3000): null

2019-01-23 14:21:42 - [TEST_STEP][PASSED] - click(findTestObject("Form_Selection_Creation/openResType")): Object: 'Object Repository/Form_Selection_Creation/openResType' is clicked on

2019-01-23 14:21:42 - [MESSAGE][PASSED] - Object: 'Object Repository/Form_Selection_Creation/openResType' is clicked on

2019-01-23 14:21:42 - [TEST_STEP][PASSED] - Thread.sleep(2000): null

2019-01-23 14:21:44 - [TEST_STEP][PASSED] - click(findTestObject("Form_Selection_Creation/selectItem")): Object: 'Object Repository/Form_Selection_Creation/selectItem' is clicked on

2019-01-23 14:21:44 - [MESSAGE][PASSED] - Object: 'Object Repository/Form_Selection_Creation/selectItem' is clicked on

2019-01-23 14:21:44 - [TEST_STEP][PASSED] - Thread.sleep(2000): null

2019-01-23 14:21:46 - [TEST_STEP][PASSED] - dragAndDropToObject(findTestObject("Form_Selection_Creation/formDesign_selectResource"), findTestObject("Form_Selection_Creation/Target_Res_Object")): Dragged object with id 'Object Repository/Form_Selection_Creation/formDesign_selectResource' to object with id 'TestObject - 'Object Repository/Form_Selection_Creation/Target_Res_Object'' successfully

2019-01-23 14:21:47 - [MESSAGE][PASSED] - Dragged object with id 'Object Repository/Form_Selection_Creation/formDesign_selectResource' to object with id 'TestObject - 'Object Repository/Form_Selection_Creation/Target_Res_Object'' successfully

2019-01-23 14:21:47 - [TEST_STEP][PASSED] - waitForElementClickable(findTestObject("Form_Selection_Creation/select1Res"), 45): Object 'Object Repository/Form_Selection_Creation/select1Res' is clickable

2019-01-23 14:21:47 - [MESSAGE][PASSED] - Object 'Object Repository/Form_Selection_Creation/select1Res' is clickable

2019-01-23 14:21:47 - [TEST_STEP][PASSED] - dragAndDropToObject(findTestObject("Form_Selection_Creation/select1Res"), findTestObject("Form_Selection_Creation/Target_Res_Object")): Dragged object with id 'Object Repository/Form_Selection_Creation/select1Res' to object with id 'TestObject - 'Object Repository/Form_Selection_Creation/Target_Res_Object'' successfully

2019-01-23 14:21:48 - [MESSAGE][PASSED] - Dragged object with id 'Object Repository/Form_Selection_Creation/select1Res' to object with id 'TestObject - 'Object Repository/Form_Selection_Creation/Target_Res_Object'' successfully

2019-01-23 14:21:48 - [TEST_STEP][PASSED] - waitForElementClickable(findTestObject("Form_Selection_Creation/select2Res"), 45): Object 'Object Repository/Form_Selection_Creation/select2Res' is clickable

2019-01-23 14:21:48 - [MESSAGE][PASSED] - Object 'Object Repository/Form_Selection_Creation/select2Res' is clickable

2019-01-23 14:21:48 - [TEST_STEP][PASSED] - dragAndDropToObject(findTestObject("Form_Selection_Creation/select2Res"), findTestObject("Form_Selection_Creation/Target_Res_Object")): Dragged object with id 'Object Repository/Form_Selection_Creation/select2Res' to object with id 'TestObject - 'Object Repository/Form_Selection_Creation/Target_Res_Object'' successfully

2019-01-23 14:21:48 - [MESSAGE][PASSED] - Dragged object with id 'Object Repository/Form_Selection_Creation/select2Res' to object with id 'TestObject - 'Object Repository/Form_Selection_Creation/Target_Res_Object'' successfully

2019-01-23 14:21:48 - [TEST_STEP][PASSED] - Thread.sleep(6000): null

2019-01-23 14:21:54 - [TEST_STEP][PASSED] - click(findTestObject("Form_Selection_Creation/formCreation_NextToDesignForm")): Object: 'Object Repository/Form_Selection_Creation/formCreation_NextToDesignForm' is clicked on

2019-01-23 14:21:54 - [MESSAGE][PASSED] - Object: 'Object Repository/Form_Selection_Creation/formCreation_NextToDesignForm' is clicked on

2019-01-23 14:21:54 - [TEST_STEP][PASSED] - Thread.sleep(4000): null

2019-01-23 14:21:58 - [TEST_STEP][PASSED] - FormName.createForm(findTestObject("Form_Selection_Creation/formDesign_FormName")): FormName.createForm is PASSED

2019-01-23 14:21:59 - [MESSAGE][PASSED] - FormName.createForm is PASSED

2019-01-23 14:21:59 - [TEST_STEP][PASSED] - Thread.sleep(2000): null

2019-01-23 14:22:01 - [TEST_STEP][PASSED] - dragAndDropToObject(findTestObject("Form_Selection_Creation/formDesign_SelectSection"), findTestObject("Form_Selection_Creation/default_area")): Dragged object with id 'Object Repository/Form_Selection_Creation/formDesign_SelectSection' to object with id 'TestObject - 'Object Repository/Form_Selection_Creation/default_area'' successfully

2019-01-23 14:22:02 - [MESSAGE][PASSED] - Dragged object with id 'Object Repository/Form_Selection_Creation/formDesign_SelectSection' to object with id 'TestObject - 'Object Repository/Form_Selection_Creation/default_area'' successfully

2019-01-23 14:22:02 - [TEST_STEP][PASSED] - setText(findTestObject("Form_Selection_Creation/formDesign_SectionName_text"), "This is Section "): Text 'This is Section ' is set on object 'Object Repository/Form_Selection_Creation/formDesign_SectionName_text'

2019-01-23 14:22:02 - [MESSAGE][PASSED] - Text 'This is Section ' is set on object 'Object Repository/Form_Selection_Creation/formDesign_SectionName_text'

2019-01-23 14:22:02 - [TEST_STEP][PASSED] - Thread.sleep(2000): null

2019-01-23 14:22:04 - [TEST_STEP][PASSED] - dragAndDropToObject(findTestObject("Form_Selection_Creation/formDesign_SelectFieldgroup"), findTestObject("Form_Selection_Creation/section_area")): Dragged object with id 'Object Repository/Form_Selection_Creation/formDesign_SelectFieldgroup' to object with id 'TestObject - 'Object Repository/Form_Selection_Creation/section_area'' successfully

2019-01-23 14:22:05 - [MESSAGE][PASSED] - Dragged object with id 'Object Repository/Form_Selection_Creation/formDesign_SelectFieldgroup' to object with id 'TestObject - 'Object Repository/Form_Selection_Creation/section_area'' successfully

2019-01-23 14:22:05 - [TEST_STEP][PASSED] - setText(findTestObject("Form_Selection_Creation/formDesign_FieldGroupName_text"), "This is Field Group "): Text 'This is Field Group ' is set on object 'Object Repository/Form_Selection_Creation/formDesign_FieldGroupName_text'

2019-01-23 14:22:05 - [MESSAGE][PASSED] - Text 'This is Field Group ' is set on object 'Object Repository/Form_Selection_Creation/formDesign_FieldGroupName_text'

2019-01-23 14:22:05 - [TEST_STEP][PASSED] - Thread.sleep(2000): null

2019-01-23 14:22:07 - [TEST_STEP][PASSED] - dragAndDropToObject(findTestObject("Form_Selection_Creation/formDesign_SelectFree Text"), findTestObject("Form_Selection_Creation/group_area")): Dragged object with id 'Object Repository/Form_Selection_Creation/formDesign_SelectFree Text' to object with id 'TestObject - 'Object Repository/Form_Selection_Creation/group_area'' successfully

2019-01-23 14:22:08 - [MESSAGE][PASSED] - Dragged object with id 'Object Repository/Form_Selection_Creation/formDesign_SelectFree Text' to object with id 'TestObject - 'Object Repository/Form_Selection_Creation/group_area'' successfully

2019-01-23 14:22:08 - [TEST_STEP][PASSED] - setText(findTestObject("Form_Selection_Creation/formDesign_SingleLineName_Text"), "This is Single Line Text"): Text 'This is Single Line Text' is set on object 'Object Repository/Form_Selection_Creation/formDesign_SingleLineName_Text'

2019-01-23 14:22:08 - [MESSAGE][PASSED] - Text 'This is Single Line Text' is set on object 'Object Repository/Form_Selection_Creation/formDesign_SingleLineName_Text'

2019-01-23 14:22:08 - [TEST_STEP][PASSED] - Thread.sleep(2000): null

2019-01-23 14:22:10 - [TEST_STEP][PASSED] - dragAndDropToObject(findTestObject("Form_Selection_Creation/formDesign_SelectParagraphText"), findTestObject("Form_Selection_Creation/group_area")): Dragged object with id 'Object Repository/Form_Selection_Creation/formDesign_SelectParagraphText' to object with id 'TestObject - 'Object Repository/Form_Selection_Creation/group_area'' successfully

2019-01-23 14:22:11 - [MESSAGE][PASSED] - Dragged object with id 'Object Repository/Form_Selection_Creation/formDesign_SelectParagraphText' to object with id 'TestObject - 'Object Repository/Form_Selection_Creation/group_area'' successfully

2019-01-23 14:22:11 - [TEST_STEP][PASSED] - setText(findTestObject("Form_Selection_Creation/formDesign_ParagraphName_Text"), "This is Paragraph"): Text 'This is Paragraph' is set on object 'Object Repository/Form_Selection_Creation/formDesign_ParagraphName_Text'

2019-01-23 14:22:12 - [MESSAGE][PASSED] - Text 'This is Paragraph' is set on object 'Object Repository/Form_Selection_Creation/formDesign_ParagraphName_Text'

2019-01-23 14:22:12 - [TEST_STEP][PASSED] - Thread.sleep(2000): null

2019-01-23 14:22:14 - [TEST_STEP][PASSED] - dragAndDropToObject(findTestObject("Form_Selection_Creation/formDesign_Select_SelectOne"), findTestObject("Form_Selection_Creation/group_area")): Dragged object with id 'Object Repository/Form_Selection_Creation/formDesign_Select_SelectOne' to object with id 'TestObject - 'Object Repository/Form_Selection_Creation/group_area'' successfully

2019-01-23 14:22:14 - [MESSAGE][PASSED] - Dragged object with id 'Object Repository/Form_Selection_Creation/formDesign_Select_SelectOne' to object with id 'TestObject - 'Object Repository/Form_Selection_Creation/group_area'' successfully

2019-01-23 14:22:14 - [TEST_STEP][PASSED] - setText(findTestObject("Form_Selection_Creation/formDesign_Select_OneName_text"), "This is Select One"): Text 'This is Select One' is set on object 'Object Repository/Form_Selection_Creation/formDesign_Select_OneName_text'

2019-01-23 14:22:15 - [MESSAGE][PASSED] - Text 'This is Select One' is set on object 'Object Repository/Form_Selection_Creation/formDesign_Select_OneName_text'

2019-01-23 14:22:15 - [TEST_STEP][PASSED] - Thread.sleep(3000): null

2019-01-23 14:22:18 - [TEST_STEP][PASSED] - click(findTestObject("Form_Selection_Creation/button_AddNew1")): Object: 'Object Repository/Form_Selection_Creation/button_AddNew1' is clicked on

2019-01-23 14:22:18 - [MESSAGE][PASSED] - Object: 'Object Repository/Form_Selection_Creation/button_AddNew1' is clicked on

2019-01-23 14:22:18 - [TEST_STEP][PASSED] - setText(findTestObject("Form_Selection_Creation/add1singleValue1"), "SingleOption1"): Text 'SingleOption1' is set on object 'Object Repository/Form_Selection_Creation/add1singleValue1'

2019-01-23 14:22:18 - [MESSAGE][PASSED] - Text 'SingleOption1' is set on object 'Object Repository/Form_Selection_Creation/add1singleValue1'

2019-01-23 14:22:18 - [TEST_STEP][PASSED] - Thread.sleep(2000): null

2019-01-23 14:22:20 - [TEST_STEP][PASSED] - click(findTestObject("Form_Selection_Creation/button_AddNew1")): Object: 'Object Repository/Form_Selection_Creation/button_AddNew1' is clicked on

2019-01-23 14:22:20 - [MESSAGE][PASSED] - Object: 'Object Repository/Form_Selection_Creation/button_AddNew1' is clicked on

2019-01-23 14:22:20 - [TEST_STEP][PASSED] - setText(findTestObject("Form_Selection_Creation/add1singleValue2"), "SingleOption2"): Text 'SingleOption2' is set on object 'Object Repository/Form_Selection_Creation/add1singleValue2'

2019-01-23 14:22:21 - [MESSAGE][PASSED] - Text 'SingleOption2' is set on object 'Object Repository/Form_Selection_Creation/add1singleValue2'

2019-01-23 14:22:21 - [TEST_STEP][PASSED] - Thread.sleep(2000): null

2019-01-23 14:22:23 - [TEST_STEP][PASSED] - dragAndDropToObject(findTestObject("Form_Selection_Creation/formDesign_Select_SelectMultiple"), findTestObject("Form_Selection_Creation/group_area")): Dragged object with id 'Object Repository/Form_Selection_Creation/formDesign_Select_SelectMultiple' to object with id 'TestObject - 'Object Repository/Form_Selection_Creation/group_area'' successfully

2019-01-23 14:22:23 - [MESSAGE][PASSED] - Dragged object with id 'Object Repository/Form_Selection_Creation/formDesign_Select_SelectMultiple' to object with id 'TestObject - 'Object Repository/Form_Selection_Creation/group_area'' successfully

2019-01-23 14:22:23 - [TEST_STEP][PASSED] - setText(findTestObject("Form_Selection_Creation/formDesign_Select_MultipleName_text"), "This is Select Multiple"): Text 'This is Select Multiple' is set on object 'Object Repository/Form_Selection_Creation/formDesign_Select_MultipleName_text'

2019-01-23 14:22:24 - [MESSAGE][PASSED] - Text 'This is Select Multiple' is set on object 'Object Repository/Form_Selection_Creation/formDesign_Select_MultipleName_text'

2019-01-23 14:22:24 - [TEST_STEP][PASSED] - Thread.sleep(3000): null

2019-01-23 14:22:27 - [TEST_STEP][PASSED] - click(findTestObject("Form_Selection_Creation/button_addNewMul1")): Object: 'Object Repository/Form_Selection_Creation/button_addNewMul1' is clicked on

2019-01-23 14:22:27 - [MESSAGE][PASSED] - Object: 'Object Repository/Form_Selection_Creation/button_addNewMul1' is clicked on

2019-01-23 14:22:27 - [TEST_STEP][PASSED] - setText(findTestObject("Form_Selection_Creation/add1MultipleValue1"), "MultipleOption1"): Text 'MultipleOption1' is set on object 'Object Repository/Form_Selection_Creation/add1MultipleValue1'

2019-01-23 14:22:28 - [MESSAGE][PASSED] - Text 'MultipleOption1' is set on object 'Object Repository/Form_Selection_Creation/add1MultipleValue1'

2019-01-23 14:22:28 - [TEST_STEP][PASSED] - Thread.sleep(2000): null

2019-01-23 14:22:30 - [TEST_STEP][PASSED] - click(findTestObject("Form_Selection_Creation/button_addNewMul1")): Object: 'Object Repository/Form_Selection_Creation/button_addNewMul1' is clicked on

2019-01-23 14:22:30 - [MESSAGE][PASSED] - Object: 'Object Repository/Form_Selection_Creation/button_addNewMul1' is clicked on

2019-01-23 14:22:30 - [TEST_STEP][PASSED] - setText(findTestObject("Form_Selection_Creation/add1MultipleValue2"), "MultipleOption2"): Text 'MultipleOption2' is set on object 'Object Repository/Form_Selection_Creation/add1MultipleValue2'

2019-01-23 14:22:30 - [MESSAGE][PASSED] - Text 'MultipleOption2' is set on object 'Object Repository/Form_Selection_Creation/add1MultipleValue2'

2019-01-23 14:22:30 - [TEST_STEP][PASSED] - Thread.sleep(2000): null

2019-01-23 14:22:32 - [TEST_STEP][PASSED] - dragAndDropToObject(findTestObject("Form_Selection_Creation/formDesign_SelectNumeric"), findTestObject("Form_Selection_Creation/group_area")): Dragged object with id 'Object Repository/Form_Selection_Creation/formDesign_SelectNumeric' to object with id 'TestObject - 'Object Repository/Form_Selection_Creation/group_area'' successfully

2019-01-23 14:22:33 - [MESSAGE][PASSED] - Dragged object with id 'Object Repository/Form_Selection_Creation/formDesign_SelectNumeric' to object with id 'TestObject - 'Object Repository/Form_Selection_Creation/group_area'' successfully

2019-01-23 14:22:33 - [TEST_STEP][PASSED] - setText(findTestObject("Form_Selection_Creation/formDesign_NumericName_Text"), "This is a Number"): Text 'This is a Number' is set on object 'Object Repository/Form_Selection_Creation/formDesign_NumericName_Text'

2019-01-23 14:22:33 - [MESSAGE][PASSED] - Text 'This is a Number' is set on object 'Object Repository/Form_Selection_Creation/formDesign_NumericName_Text'

2019-01-23 14:22:33 - [TEST_STEP][PASSED] - Thread.sleep(2000): null

2019-01-23 14:22:35 - [TEST_STEP][PASSED] - dragAndDropToObject(findTestObject("Form_Selection_Creation/formDesign_SelectDate"), findTestObject("Form_Selection_Creation/group_area")): Dragged object with id 'Object Repository/Form_Selection_Creation/formDesign_SelectDate' to object with id 'TestObject - 'Object Repository/Form_Selection_Creation/group_area'' successfully

2019-01-23 14:22:36 - [MESSAGE][PASSED] - Dragged object with id 'Object Repository/Form_Selection_Creation/formDesign_SelectDate' to object with id 'TestObject - 'Object Repository/Form_Selection_Creation/group_area'' successfully

2019-01-23 14:22:36 - [TEST_STEP][PASSED] - setText(findTestObject("Form_Selection_Creation/formDesign_DateName_Text"), "This is a Date"): Text 'This is a Date' is set on object 'Object Repository/Form_Selection_Creation/formDesign_DateName_Text'

2019-01-23 14:22:37 - [MESSAGE][PASSED] - Text 'This is a Date' is set on object 'Object Repository/Form_Selection_Creation/formDesign_DateName_Text'

2019-01-23 14:22:37 - [TEST_STEP][PASSED] - Thread.sleep(2000): null

2019-01-23 14:22:39 - [TEST_STEP][PASSED] - dragAndDropToObject(findTestObject("Form_Selection_Creation/formDesign_SelectTime"), findTestObject("Form_Selection_Creation/group_area")): Dragged object with id 'Object Repository/Form_Selection_Creation/formDesign_SelectTime' to object with id 'TestObject - 'Object Repository/Form_Selection_Creation/group_area'' successfully

2019-01-23 14:22:39 - [MESSAGE][PASSED] - Dragged object with id 'Object Repository/Form_Selection_Creation/formDesign_SelectTime' to object with id 'TestObject - 'Object Repository/Form_Selection_Creation/group_area'' successfully

2019-01-23 14:22:39 - [TEST_STEP][PASSED] - setText(findTestObject("Form_Selection_Creation/formDesign_TimeName_text"), "This is a Time"): Text 'This is a Time' is set on object 'Object Repository/Form_Selection_Creation/formDesign_TimeName_text'

2019-01-23 14:22:40 - [MESSAGE][PASSED] - Text 'This is a Time' is set on object 'Object Repository/Form_Selection_Creation/formDesign_TimeName_text'

2019-01-23 14:22:40 - [TEST_STEP][PASSED] - Thread.sleep(2000): null

2019-01-23 14:22:42 - [TEST_STEP][PASSED] - dragAndDropToObject(findTestObject("Form_Selection_Creation/formDesign_SelectDateTime"), findTestObject("Form_Selection_Creation/group_area")): Dragged object with id 'Object Repository/Form_Selection_Creation/formDesign_SelectDateTime' to object with id 'TestObject - 'Object Repository/Form_Selection_Creation/group_area'' successfully

2019-01-23 14:22:43 - [MESSAGE][PASSED] - Dragged object with id 'Object Repository/Form_Selection_Creation/formDesign_SelectDateTime' to object with id 'TestObject - 'Object Repository/Form_Selection_Creation/group_area'' successfully

2019-01-23 14:22:43 - [TEST_STEP][PASSED] - setText(findTestObject("Form_Selection_Creation/formDesign_DateTimeName_Text"), "This is a Date-Time"): Text 'This is a Date-Time' is set on object 'Object Repository/Form_Selection_Creation/formDesign_DateTimeName_Text'

2019-01-23 14:22:43 - [MESSAGE][PASSED] - Text 'This is a Date-Time' is set on object 'Object Repository/Form_Selection_Creation/formDesign_DateTimeName_Text'

2019-01-23 14:22:43 - [TEST_STEP][PASSED] - Thread.sleep(2000): null

2019-01-23 14:22:45 - [TEST_STEP][PASSED] - click(findTestObject("Form_Selection_Creation/formCreation_NextToDesignForm")): Object: 'Object Repository/Form_Selection_Creation/formCreation_NextToDesignForm' is clicked on

2019-01-23 14:22:45 - [MESSAGE][PASSED] - Object: 'Object Repository/Form_Selection_Creation/formCreation_NextToDesignForm' is clicked on

2019-01-23 14:22:45 - [TEST_STEP][PASSED] - Thread.sleep(7000): null

2019-01-23 14:22:52 - [TEST_STEP][PASSED] - click(findTestObject("Form_Selection_Creation/div_Preview             Form1")): Object: 'Object Repository/Form_Selection_Creation/div_Preview             Form1' is clicked on

2019-01-23 14:22:52 - [MESSAGE][PASSED] - Object: 'Object Repository/Form_Selection_Creation/div_Preview             Form1' is clicked on

2019-01-23 14:22:52 - [TEST_STEP][PASSED] - Thread.sleep(5000): null

2019-01-23 14:22:57 - [TEST_STEP][PASSED] - click(findTestObject("Form_Selection_Creation/button_Release")): Object: 'Object Repository/Form_Selection_Creation/button_Release' is clicked on

2019-01-23 14:22:58 - [MESSAGE][PASSED] - Object: 'Object Repository/Form_Selection_Creation/button_Release' is clicked on

2019-01-23 14:22:58 - [TEST_STEP][PASSED] - Thread.sleep(4000): null

2019-01-23 14:23:02 - [TEST_STEP][NOT_RUN] - click(findTestObject("Form_Selection_Creation/home")): NOT_RUN: click(findTestObject("Form_Selection_Creation/home"))

2019-01-23 14:23:02 - [MESSAGE][NOT_RUN] - NOT_RUN: click(findTestObject("Form_Selection_Creation/home"))]]></system-out>
         <system-err><![CDATA[]]></system-err>
      </testcase>
      <testcase name="Test Cases/Internal_TaskManagement/5_CreateWG" classname="Test Cases/Internal_TaskManagement/5_CreateWG" status="PASSED">
         <system-out><![CDATA[2019-01-23 14:23:02 - [TEST_CASE][PASSED] - Test Cases/Internal_TaskManagement/5_CreateWG: Test Cases/Internal_TaskManagement/5_CreateWG

2019-01-23 14:23:02 - [TEST_STEP][NOT_RUN] - openBrowser(URL): NOT_RUN: openBrowser(URL)

2019-01-23 14:23:02 - [MESSAGE][NOT_RUN] - NOT_RUN: openBrowser(URL)

2019-01-23 14:23:02 - [TEST_STEP][NOT_RUN] - maximizeWindow(): NOT_RUN: maximizeWindow()

2019-01-23 14:23:02 - [MESSAGE][NOT_RUN] - NOT_RUN: maximizeWindow()

2019-01-23 14:23:02 - [TEST_STEP][NOT_RUN] - setText(findTestObject("Form_Selection_Creation/login_Username"), UserName): NOT_RUN: setText(findTestObject("Form_Selection_Creation/login_Username"), UserName)

2019-01-23 14:23:02 - [MESSAGE][NOT_RUN] - NOT_RUN: setText(findTestObject("Form_Selection_Creation/login_Username"), UserName)

2019-01-23 14:23:02 - [TEST_STEP][NOT_RUN] - setText(findTestObject("Form_Selection_Creation/login_Password"), Password): NOT_RUN: setText(findTestObject("Form_Selection_Creation/login_Password"), Password)

2019-01-23 14:23:02 - [MESSAGE][NOT_RUN] - NOT_RUN: setText(findTestObject("Form_Selection_Creation/login_Password"), Password)

2019-01-23 14:23:02 - [TEST_STEP][PASSED] - Supplier.setWG(): Supplier.setWG is PASSED

2019-01-23 14:23:02 - [MESSAGE][PASSED] - Supplier.setWG is PASSED

2019-01-23 14:23:02 - [TEST_STEP][NOT_RUN] - click(findTestObject("Form_Selection_Creation/login_Button")): NOT_RUN: click(findTestObject("Form_Selection_Creation/login_Button"))

2019-01-23 14:23:02 - [MESSAGE][NOT_RUN] - NOT_RUN: click(findTestObject("Form_Selection_Creation/login_Button"))

2019-01-23 14:23:02 - [TEST_STEP][PASSED] - Thread.sleep(4000): null

2019-01-23 14:23:06 - [TEST_STEP][PASSED] - click(findTestObject("Form_Selection_Creation/mainMenu_Button")): Object: 'Object Repository/Form_Selection_Creation/mainMenu_Button' is clicked on

2019-01-23 14:23:06 - [MESSAGE][PASSED] - Object: 'Object Repository/Form_Selection_Creation/mainMenu_Button' is clicked on

2019-01-23 14:23:06 - [TEST_STEP][NOT_RUN] - click(findTestObject("Form_Selection_Creation/mainMenu_AdminTools")): NOT_RUN: click(findTestObject("Form_Selection_Creation/mainMenu_AdminTools"))

2019-01-23 14:23:06 - [MESSAGE][NOT_RUN] - NOT_RUN: click(findTestObject("Form_Selection_Creation/mainMenu_AdminTools"))

2019-01-23 14:23:06 - [TEST_STEP][PASSED] - click(findTestObject("SupplierFlow/workgroup")): Object: 'Object Repository/SupplierFlow/workgroup' is clicked on

2019-01-23 14:23:06 - [MESSAGE][PASSED] - Object: 'Object Repository/SupplierFlow/workgroup' is clicked on

2019-01-23 14:23:06 - [TEST_STEP][PASSED] - Thread.sleep(5000): null

2019-01-23 14:23:11 - [TEST_STEP][PASSED] - click(findTestObject("SupplierFlow/addButtonWG")): Object: 'Object Repository/SupplierFlow/addButtonWG' is clicked on

2019-01-23 14:23:12 - [MESSAGE][PASSED] - Object: 'Object Repository/SupplierFlow/addButtonWG' is clicked on

2019-01-23 14:23:12 - [TEST_STEP][PASSED] - setText(findTestObject("SupplierFlow/setWGText"), findTestData("SupplierData").getValue("WorkGroupName", 1)): Text 'WorkGroup_23/01/19-14:23' is set on object 'Object Repository/SupplierFlow/setWGText'

2019-01-23 14:23:13 - [MESSAGE][PASSED] - Text 'WorkGroup_23/01/19-14:23' is set on object 'Object Repository/SupplierFlow/setWGText'

2019-01-23 14:23:13 - [TEST_STEP][PASSED] - sendKeys(findTestObject("SupplierFlow/setWGText"), Keys.chord(ENTER)): Keys 'ENTER + ' sent to object: 'Object Repository/SupplierFlow/setWGText'

2019-01-23 14:23:13 - [MESSAGE][PASSED] - Keys 'ENTER + ' sent to object: 'Object Repository/SupplierFlow/setWGText'

2019-01-23 14:23:13 - [TEST_STEP][PASSED] - Thread.sleep(6000): null

2019-01-23 14:23:19 - [TEST_STEP][PASSED] - AdminTool_Location.moveCursor(): AdminTool_Location.moveCursor is PASSED

2019-01-23 14:23:19 - [MESSAGE][PASSED] - AdminTool_Location.moveCursor is PASSED

2019-01-23 14:23:19 - [TEST_STEP][PASSED] - Thread.sleep(2000): null

2019-01-23 14:23:21 - [TEST_STEP][PASSED] - setText(findTestObject("SupplierFlow/searchUserInWG"), "tester"): Text 'tester' is set on object 'Object Repository/SupplierFlow/searchUserInWG'

2019-01-23 14:23:21 - [MESSAGE][PASSED] - Text 'tester' is set on object 'Object Repository/SupplierFlow/searchUserInWG'

2019-01-23 14:23:21 - [TEST_STEP][PASSED] - sendKeys(findTestObject("SupplierFlow/searchUserInWG"), Keys.chord(ENTER)): Keys 'ENTER + ' sent to object: 'Object Repository/SupplierFlow/searchUserInWG'

2019-01-23 14:23:21 - [MESSAGE][PASSED] - Keys 'ENTER + ' sent to object: 'Object Repository/SupplierFlow/searchUserInWG'

2019-01-23 14:23:21 - [TEST_STEP][PASSED] - Thread.sleep(4000): null

2019-01-23 14:23:25 - [TEST_STEP][PASSED] - check(findTestObject("SupplierFlow/checkUserinWG")): Object 'Object Repository/SupplierFlow/checkUserinWG' is checked

2019-01-23 14:23:25 - [MESSAGE][PASSED] - Object 'Object Repository/SupplierFlow/checkUserinWG' is checked

2019-01-23 14:23:25 - [TEST_STEP][PASSED] - Thread.sleep(3000): null

2019-01-23 14:23:28 - [TEST_STEP][PASSED] - click(findTestObject("SupplierFlow/saveInWG")): Object: 'Object Repository/SupplierFlow/saveInWG' is clicked on

2019-01-23 14:23:29 - [MESSAGE][PASSED] - Object: 'Object Repository/SupplierFlow/saveInWG' is clicked on

2019-01-23 14:23:29 - [TEST_STEP][PASSED] - Thread.sleep(3000): null

2019-01-23 14:23:32 - [TEST_STEP][PASSED] - click(findTestObject("Form_Selection_Creation/home")): Object: 'Object Repository/Form_Selection_Creation/home' is clicked on

2019-01-23 14:23:32 - [MESSAGE][PASSED] - Object: 'Object Repository/Form_Selection_Creation/home' is clicked on]]></system-out>
         <system-err><![CDATA[]]></system-err>
      </testcase>
      <testcase name="Test Cases/Internal_TaskManagement/2_AssignTask" classname="Test Cases/Internal_TaskManagement/2_AssignTask" status="FAILED">
         <failure type="FAILED" message="Test Cases/Internal_TaskManagement/2_AssignTask FAILED.
Reason:
com.kms.katalon.core.exception.StepFailedException: Unable to click on object 'Object Repository/mainmenu_Forms_Inbox/home' (Root cause: org.openqa.selenium.WebDriverException: unknown error: Element &lt;a data-parent=&quot;undefined&quot; data-guid=&quot;&quot; class=&quot;generic  scs-breadcrumb-0&quot; data-state=&quot;undefined&quot; data-params=&quot;''&quot; data-nodename=&quot;undefined&quot; data-node=&quot;undefined&quot;>...&lt;/a> is not clickable at point (39, 79). Other element would receive the click: &lt;div class=&quot;k-loading-image&quot;>&lt;/div>
  (Session info: chrome=71.0.3578.98)
  (Driver info: chromedriver=2.43.600210 (68dcf5eebde37173d4027fa8635e332711d2874a),platform=Windows NT 6.1.7601 SP1 x86_64) (WARNING: The server did not provide any stacktrace information)
Command duration or timeout: 0 milliseconds
Build info: version: '3.7.1', revision: '8a0099a', time: '2017-11-06T21:07:36.161Z'
System info: host: 'ABHISHEK-PASHIN', ip: '10.21.7.147', os.name: 'Windows 7', os.arch: 'amd64', os.version: '6.1', java.version: '1.8.0_181'
Driver info: com.kms.katalon.selenium.driver.CChromeDriver
Capabilities {acceptInsecureCerts: false, acceptSslCerts: false, applicationCacheEnabled: false, browserConnectionEnabled: false, browserName: chrome, chrome: {chromedriverVersion: 2.43.600210 (68dcf5eebde371..., userDataDir: C:\Users\PASHIN~1\AppData\L...}, cssSelectorsEnabled: true, databaseEnabled: false, goog:chromeOptions: {debuggerAddress: localhost:62952}, handlesAlerts: true, hasTouchScreen: false, javascriptEnabled: true, locationContextEnabled: true, mobileEmulationEnabled: false, nativeEvents: true, networkConnectionEnabled: false, pageLoadStrategy: normal, platform: XP, platformName: XP, rotatable: false, setWindowRect: true, takesHeapSnapshot: true, takesScreenshot: true, unexpectedAlertBehaviour: , unhandledPromptBehavior: , version: 71.0.3578.98, webStorageEnabled: true}
Session ID: 8c26827d0720e0bbd206c24817b0410e)
	at com.kms.katalon.core.keyword.internal.KeywordMain.stepFailed(KeywordMain.groovy:36)
	at com.kms.katalon.core.webui.keyword.internal.WebUIKeywordMain.stepFailed(WebUIKeywordMain.groovy:65)
	at com.kms.katalon.core.webui.keyword.internal.WebUIKeywordMain.runKeyword(WebUIKeywordMain.groovy:27)
	at com.kms.katalon.core.webui.keyword.builtin.ClickKeyword.click(ClickKeyword.groovy:86)
	at com.kms.katalon.core.webui.keyword.builtin.ClickKeyword.execute(ClickKeyword.groovy:67)
	at com.kms.katalon.core.keyword.internal.KeywordExecutor.executeKeywordForPlatform(KeywordExecutor.groovy:53)
	at com.kms.katalon.core.webui.keyword.WebUiBuiltInKeywords.click(WebUiBuiltInKeywords.groovy:616)
	at com.kms.katalon.core.webui.keyword.WebUiBuiltInKeywords$click$2.call(Unknown Source)
	at 2_AssignTask.run(2_AssignTask:227)
	at com.kms.katalon.core.main.ScriptEngine.run(ScriptEngine.java:194)
	at com.kms.katalon.core.main.ScriptEngine.runScriptAsRawText(ScriptEngine.java:119)
	at com.kms.katalon.core.main.TestCaseExecutor.runScript(TestCaseExecutor.java:328)
	at com.kms.katalon.core.main.TestCaseExecutor.doExecute(TestCaseExecutor.java:319)
	at com.kms.katalon.core.main.TestCaseExecutor.processExecutionPhase(TestCaseExecutor.java:298)
	at com.kms.katalon.core.main.TestCaseExecutor.accessMainPhase(TestCaseExecutor.java:290)
	at com.kms.katalon.core.main.TestCaseExecutor.execute(TestCaseExecutor.java:224)
	at com.kms.katalon.core.main.TestSuiteExecutor.accessTestCaseMainPhase(TestSuiteExecutor.java:129)
	at com.kms.katalon.core.main.TestSuiteExecutor.accessTestSuiteMainPhase(TestSuiteExecutor.java:112)
	at com.kms.katalon.core.main.TestSuiteExecutor.execute(TestSuiteExecutor.java:81)
	at com.kms.katalon.core.main.TestCaseMain.startTestSuite(TestCaseMain.java:149)
	at com.kms.katalon.core.main.TestCaseMain$startTestSuite$0.call(Unknown Source)
	at TempTestSuite1548233434481.run(TempTestSuite1548233434481.groovy:36)
"/>
         <system-out><![CDATA[2019-01-23 14:23:32 - [TEST_CASE][FAILED] - Test Cases/Internal_TaskManagement/2_AssignTask: Test Cases/Internal_TaskManagement/2_AssignTask FAILED.
Reason:
com.kms.katalon.core.exception.StepFailedException: Unable to click on object 'Object Repository/mainmenu_Forms_Inbox/home' (Root cause: org.openqa.selenium.WebDriverException: unknown error: Element <a data-parent="undefined" data-guid="" class="generic  scs-breadcrumb-0" data-state="undefined" data-params="''" data-nodename="undefined" data-node="undefined">...</a> is not clickable at point (39, 79). Other element would receive the click: <div class="k-loading-image"></div>
  (Session info: chrome=71.0.3578.98)
  (Driver info: chromedriver=2.43.600210 (68dcf5eebde37173d4027fa8635e332711d2874a),platform=Windows NT 6.1.7601 SP1 x86_64) (WARNING: The server did not provide any stacktrace information)
Command duration or timeout: 0 milliseconds
Build info: version: '3.7.1', revision: '8a0099a', time: '2017-11-06T21:07:36.161Z'
System info: host: 'ABHISHEK-PASHIN', ip: '10.21.7.147', os.name: 'Windows 7', os.arch: 'amd64', os.version: '6.1', java.version: '1.8.0_181'
Driver info: com.kms.katalon.selenium.driver.CChromeDriver
Capabilities {acceptInsecureCerts: false, acceptSslCerts: false, applicationCacheEnabled: false, browserConnectionEnabled: false, browserName: chrome, chrome: {chromedriverVersion: 2.43.600210 (68dcf5eebde371..., userDataDir: C:\Users\PASHIN~1\AppData\L...}, cssSelectorsEnabled: true, databaseEnabled: false, goog:chromeOptions: {debuggerAddress: localhost:62952}, handlesAlerts: true, hasTouchScreen: false, javascriptEnabled: true, locationContextEnabled: true, mobileEmulationEnabled: false, nativeEvents: true, networkConnectionEnabled: false, pageLoadStrategy: normal, platform: XP, platformName: XP, rotatable: false, setWindowRect: true, takesHeapSnapshot: true, takesScreenshot: true, unexpectedAlertBehaviour: , unhandledPromptBehavior: , version: 71.0.3578.98, webStorageEnabled: true}
Session ID: 8c26827d0720e0bbd206c24817b0410e)
	at com.kms.katalon.core.keyword.internal.KeywordMain.stepFailed(KeywordMain.groovy:36)
	at com.kms.katalon.core.webui.keyword.internal.WebUIKeywordMain.stepFailed(WebUIKeywordMain.groovy:65)
	at com.kms.katalon.core.webui.keyword.internal.WebUIKeywordMain.runKeyword(WebUIKeywordMain.groovy:27)
	at com.kms.katalon.core.webui.keyword.builtin.ClickKeyword.click(ClickKeyword.groovy:86)
	at com.kms.katalon.core.webui.keyword.builtin.ClickKeyword.execute(ClickKeyword.groovy:67)
	at com.kms.katalon.core.keyword.internal.KeywordExecutor.executeKeywordForPlatform(KeywordExecutor.groovy:53)
	at com.kms.katalon.core.webui.keyword.WebUiBuiltInKeywords.click(WebUiBuiltInKeywords.groovy:616)
	at com.kms.katalon.core.webui.keyword.WebUiBuiltInKeywords$click$2.call(Unknown Source)
	at 2_AssignTask.run(2_AssignTask:227)
	at com.kms.katalon.core.main.ScriptEngine.run(ScriptEngine.java:194)
	at com.kms.katalon.core.main.ScriptEngine.runScriptAsRawText(ScriptEngine.java:119)
	at com.kms.katalon.core.main.TestCaseExecutor.runScript(TestCaseExecutor.java:328)
	at com.kms.katalon.core.main.TestCaseExecutor.doExecute(TestCaseExecutor.java:319)
	at com.kms.katalon.core.main.TestCaseExecutor.processExecutionPhase(TestCaseExecutor.java:298)
	at com.kms.katalon.core.main.TestCaseExecutor.accessMainPhase(TestCaseExecutor.java:290)
	at com.kms.katalon.core.main.TestCaseExecutor.execute(TestCaseExecutor.java:224)
	at com.kms.katalon.core.main.TestSuiteExecutor.accessTestCaseMainPhase(TestSuiteExecutor.java:129)
	at com.kms.katalon.core.main.TestSuiteExecutor.accessTestSuiteMainPhase(TestSuiteExecutor.java:112)
	at com.kms.katalon.core.main.TestSuiteExecutor.execute(TestSuiteExecutor.java:81)
	at com.kms.katalon.core.main.TestCaseMain.startTestSuite(TestCaseMain.java:149)
	at com.kms.katalon.core.main.TestCaseMain$startTestSuite$0.call(Unknown Source)
	at TempTestSuite1548233434481.run(TempTestSuite1548233434481.groovy:36)


2019-01-23 14:23:32 - [TEST_STEP][NOT_RUN] - openBrowser(URL): NOT_RUN: openBrowser(URL)

2019-01-23 14:23:32 - [MESSAGE][NOT_RUN] - NOT_RUN: openBrowser(URL)

2019-01-23 14:23:32 - [TEST_STEP][NOT_RUN] - maximizeWindow(): NOT_RUN: maximizeWindow()

2019-01-23 14:23:32 - [MESSAGE][NOT_RUN] - NOT_RUN: maximizeWindow()

2019-01-23 14:23:32 - [TEST_STEP][PASSED] - driver = getWebDriver(): null

2019-01-23 14:23:32 - [TEST_STEP][NOT_RUN] - setText(findTestObject("FormTab/login_Username"), UserName): NOT_RUN: setText(findTestObject("FormTab/login_Username"), UserName)

2019-01-23 14:23:32 - [MESSAGE][NOT_RUN] - NOT_RUN: setText(findTestObject("FormTab/login_Username"), UserName)

2019-01-23 14:23:32 - [TEST_STEP][NOT_RUN] - setText(findTestObject("FormTab/login_Password"), Password): NOT_RUN: setText(findTestObject("FormTab/login_Password"), Password)

2019-01-23 14:23:32 - [MESSAGE][NOT_RUN] - NOT_RUN: setText(findTestObject("FormTab/login_Password"), Password)

2019-01-23 14:23:32 - [TEST_STEP][NOT_RUN] - click(findTestObject("FormTab/login_Button")): NOT_RUN: click(findTestObject("FormTab/login_Button"))

2019-01-23 14:23:32 - [MESSAGE][NOT_RUN] - NOT_RUN: click(findTestObject("FormTab/login_Button"))

2019-01-23 14:23:32 - [TEST_STEP][PASSED] - waitForElementClickable(findTestObject("FormTab/selectForm"), 45): Object 'Object Repository/FormTab/selectForm' is clickable

2019-01-23 14:23:38 - [MESSAGE][PASSED] - Object 'Object Repository/FormTab/selectForm' is clickable

2019-01-23 14:23:38 - [TEST_STEP][PASSED] - Thread.sleep(2000): null

2019-01-23 14:23:40 - [TEST_STEP][PASSED] - refresh(): Refresh successfully

2019-01-23 14:23:46 - [MESSAGE][PASSED] - Refresh successfully

2019-01-23 14:23:46 - [TEST_STEP][PASSED] - waitForElementClickable(findTestObject("FormTab/form_Tab"), 45): Object 'Object Repository/FormTab/form_Tab' is clickable

2019-01-23 14:23:46 - [MESSAGE][PASSED] - Object 'Object Repository/FormTab/form_Tab' is clickable

2019-01-23 14:23:46 - [TEST_STEP][PASSED] - Thread.sleep(6000): null

2019-01-23 14:23:52 - [TEST_STEP][PASSED] - click(findTestObject("FormTab/form_Tab")): Object: 'Object Repository/FormTab/form_Tab' is clicked on

2019-01-23 14:23:52 - [MESSAGE][PASSED] - Object: 'Object Repository/FormTab/form_Tab' is clicked on

2019-01-23 14:23:52 - [TEST_STEP][PASSED] - FormName.setTaskName(): FormName.setTaskName is PASSED

2019-01-23 14:23:52 - [MESSAGE][PASSED] - FormName.setTaskName is PASSED

2019-01-23 14:23:52 - [TEST_STEP][PASSED] - Thread.sleep(7000): null

2019-01-23 14:23:59 - [TEST_STEP][PASSED] - AdminTool_Location.moveCursor(): AdminTool_Location.moveCursor is PASSED

2019-01-23 14:23:59 - [MESSAGE][PASSED] - AdminTool_Location.moveCursor is PASSED

2019-01-23 14:23:59 - [TEST_STEP][PASSED] - waitForElementClickable(findTestObject("FormTab/selectForm"), 45): Object 'Object Repository/FormTab/selectForm' is clickable

2019-01-23 14:24:00 - [MESSAGE][PASSED] - Object 'Object Repository/FormTab/selectForm' is clickable

2019-01-23 14:24:00 - [TEST_STEP][PASSED] - Thread.sleep(2000): null

2019-01-23 14:24:02 - [TEST_STEP][PASSED] - click(findTestObject("Form_Selection_Creation/openResTypeInBrowser")): Object: 'Object Repository/Form_Selection_Creation/openResTypeInBrowser' is clicked on

2019-01-23 14:24:02 - [MESSAGE][PASSED] - Object: 'Object Repository/Form_Selection_Creation/openResTypeInBrowser' is clicked on

2019-01-23 14:24:02 - [TEST_STEP][PASSED] - Thread.sleep(2000): null

2019-01-23 14:24:04 - [TEST_STEP][PASSED] - click(findTestObject("Form_Selection_Creation/selectItem")): Object: 'Object Repository/Form_Selection_Creation/selectItem' is clicked on

2019-01-23 14:24:04 - [MESSAGE][PASSED] - Object: 'Object Repository/Form_Selection_Creation/selectItem' is clicked on

2019-01-23 14:24:04 - [TEST_STEP][PASSED] - Thread.sleep(2000): null

2019-01-23 14:24:06 - [TEST_STEP][PASSED] - click(findTestObject("FormTab/options")): Object: 'Object Repository/FormTab/options' is clicked on

2019-01-23 14:24:06 - [MESSAGE][PASSED] - Object: 'Object Repository/FormTab/options' is clicked on

2019-01-23 14:24:06 - [TEST_STEP][PASSED] - Thread.sleep(2000): null

2019-01-23 14:24:08 - [TEST_STEP][PASSED] - mouseOver(findTestObject("FormTab/filterOption")): Object: 'Object Repository/FormTab/filterOption' is hovered

2019-01-23 14:24:08 - [MESSAGE][PASSED] - Object: 'Object Repository/FormTab/filterOption' is hovered

2019-01-23 14:24:08 - [TEST_STEP][PASSED] - Thread.sleep(3000): null

2019-01-23 14:24:11 - [TEST_STEP][PASSED] - FormName.filterFormName(): FormName.filterFormName is PASSED

2019-01-23 14:24:13 - [MESSAGE][PASSED] - FormName.filterFormName is PASSED

2019-01-23 14:24:13 - [TEST_STEP][PASSED] - Thread.sleep(2000): null

2019-01-23 14:24:15 - [TEST_STEP][PASSED] - click(findTestObject("FormTab/filterButton")): Object: 'Object Repository/FormTab/filterButton' is clicked on

2019-01-23 14:24:16 - [MESSAGE][PASSED] - Object: 'Object Repository/FormTab/filterButton' is clicked on

2019-01-23 14:24:16 - [TEST_STEP][PASSED] - Thread.sleep(4000): null

2019-01-23 14:24:20 - [TEST_STEP][PASSED] - mouseOver(findTestObject("mainmenu_Forms_Inbox/form_Over")): Object: 'Object Repository/mainmenu_Forms_Inbox/form_Over' is hovered

2019-01-23 14:24:20 - [MESSAGE][PASSED] - Object: 'Object Repository/mainmenu_Forms_Inbox/form_Over' is hovered

2019-01-23 14:24:20 - [TEST_STEP][PASSED] - Thread.sleep(2000): null

2019-01-23 14:24:22 - [TEST_STEP][PASSED] - click(findTestObject("mainmenu_Forms_Inbox/clickToOpenFormActions")): Object: 'Object Repository/mainmenu_Forms_Inbox/clickToOpenFormActions' is clicked on

2019-01-23 14:24:22 - [MESSAGE][PASSED] - Object: 'Object Repository/mainmenu_Forms_Inbox/clickToOpenFormActions' is clicked on

2019-01-23 14:24:22 - [TEST_STEP][PASSED] - Thread.sleep(2000): null

2019-01-23 14:24:24 - [TEST_STEP][PASSED] - click(findTestObject("mainmenu_Forms_Inbox/span_Assign Tasks")): Object: 'Object Repository/mainmenu_Forms_Inbox/span_Assign Tasks' is clicked on

2019-01-23 14:24:24 - [MESSAGE][PASSED] - Object: 'Object Repository/mainmenu_Forms_Inbox/span_Assign Tasks' is clicked on

2019-01-23 14:24:24 - [TEST_STEP][PASSED] - setText(findTestObject("mainmenu_Forms_Inbox/input_Task Name_scs-assign-tas"), findTestData("FormData").getValue("TaskName", 1)): Text 'TestTask_23/01/2019-14:23:52' is set on object 'Object Repository/mainmenu_Forms_Inbox/input_Task Name_scs-assign-tas'

2019-01-23 14:24:27 - [MESSAGE][PASSED] - Text 'TestTask_23/01/2019-14:23:52' is set on object 'Object Repository/mainmenu_Forms_Inbox/input_Task Name_scs-assign-tas'

2019-01-23 14:24:27 - [TEST_STEP][NOT_RUN] - click(findTestObject("mainmenu_Forms_Inbox/open_Location")): NOT_RUN: click(findTestObject("mainmenu_Forms_Inbox/open_Location"))

2019-01-23 14:24:27 - [MESSAGE][NOT_RUN] - NOT_RUN: click(findTestObject("mainmenu_Forms_Inbox/open_Location"))

2019-01-23 14:24:27 - [TEST_STEP][NOT_RUN] - Thread.sleep(3000): NOT_RUN: Thread.sleep(3000)

2019-01-23 14:24:27 - [MESSAGE][NOT_RUN] - NOT_RUN: Thread.sleep(3000)

2019-01-23 14:24:27 - [TEST_STEP][NOT_RUN] - click(findTestObject("mainmenu_Forms_Inbox/select_4_Location")): NOT_RUN: click(findTestObject("mainmenu_Forms_Inbox/select_4_Location"))

2019-01-23 14:24:27 - [MESSAGE][NOT_RUN] - NOT_RUN: click(findTestObject("mainmenu_Forms_Inbox/select_4_Location"))

2019-01-23 14:24:27 - [TEST_STEP][NOT_RUN] - Thread.sleep(4000): NOT_RUN: Thread.sleep(4000)

2019-01-23 14:24:27 - [MESSAGE][NOT_RUN] - NOT_RUN: Thread.sleep(4000)

2019-01-23 14:24:27 - [TEST_STEP][NOT_RUN] - click(findTestObject("mainmenu_Forms_Inbox/span_NWG79956")): NOT_RUN: click(findTestObject("mainmenu_Forms_Inbox/span_NWG79956"))

2019-01-23 14:24:27 - [MESSAGE][NOT_RUN] - NOT_RUN: click(findTestObject("mainmenu_Forms_Inbox/span_NWG79956"))

2019-01-23 14:24:27 - [TEST_STEP][NOT_RUN] - click(findTestObject("mainmenu_Forms_Inbox/li_WorkGroup24322")): NOT_RUN: click(findTestObject("mainmenu_Forms_Inbox/li_WorkGroup24322"))

2019-01-23 14:24:27 - [MESSAGE][NOT_RUN] - NOT_RUN: click(findTestObject("mainmenu_Forms_Inbox/li_WorkGroup24322"))

2019-01-23 14:24:27 - [TEST_STEP][NOT_RUN] - click(findTestObject("mainmenu_Forms_Inbox/select_1 Resource")): NOT_RUN: click(findTestObject("mainmenu_Forms_Inbox/select_1 Resource"))

2019-01-23 14:24:27 - [MESSAGE][NOT_RUN] - NOT_RUN: click(findTestObject("mainmenu_Forms_Inbox/select_1 Resource"))

2019-01-23 14:24:27 - [TEST_STEP][NOT_RUN] - click(findTestObject("mainmenu_Forms_Inbox/select_1 Resource")): NOT_RUN: click(findTestObject("mainmenu_Forms_Inbox/select_1 Resource"))

2019-01-23 14:24:27 - [MESSAGE][NOT_RUN] - NOT_RUN: click(findTestObject("mainmenu_Forms_Inbox/select_1 Resource"))

2019-01-23 14:24:27 - [TEST_STEP][NOT_RUN] - click(findTestObject("mainmenu_Forms_Inbox/span_AK")): NOT_RUN: click(findTestObject("mainmenu_Forms_Inbox/span_AK"))

2019-01-23 14:24:27 - [MESSAGE][NOT_RUN] - NOT_RUN: click(findTestObject("mainmenu_Forms_Inbox/span_AK"))

2019-01-23 14:24:27 - [TEST_STEP][NOT_RUN] - click(findTestObject("mainmenu_Forms_Inbox/li_AA")): NOT_RUN: click(findTestObject("mainmenu_Forms_Inbox/li_AA"))

2019-01-23 14:24:27 - [MESSAGE][NOT_RUN] - NOT_RUN: click(findTestObject("mainmenu_Forms_Inbox/li_AA"))

2019-01-23 14:24:27 - [TEST_STEP][NOT_RUN] - click(findTestObject("mainmenu_Forms_Inbox/span_WorkGroup24322")): NOT_RUN: click(findTestObject("mainmenu_Forms_Inbox/span_WorkGroup24322"))

2019-01-23 14:24:27 - [MESSAGE][NOT_RUN] - NOT_RUN: click(findTestObject("mainmenu_Forms_Inbox/span_WorkGroup24322"))

2019-01-23 14:24:27 - [TEST_STEP][NOT_RUN] - doubleClick(findTestObject("mainmenu_Forms_Inbox/select_1 Resource")): NOT_RUN: doubleClick(findTestObject("mainmenu_Forms_Inbox/select_1 Resource"))

2019-01-23 14:24:27 - [MESSAGE][NOT_RUN] - NOT_RUN: doubleClick(findTestObject("mainmenu_Forms_Inbox/select_1 Resource"))

2019-01-23 14:24:27 - [TEST_STEP][NOT_RUN] - click(findTestObject("mainmenu_Forms_Inbox/body_STAGE        SuperAdmin U")): NOT_RUN: click(findTestObject("mainmenu_Forms_Inbox/body_STAGE        SuperAdmin U"))

2019-01-23 14:24:27 - [MESSAGE][NOT_RUN] - NOT_RUN: click(findTestObject("mainmenu_Forms_Inbox/body_STAGE        SuperAdmin U"))

2019-01-23 14:24:27 - [TEST_STEP][NOT_RUN] - click(findTestObject("mainmenu_Forms_Inbox/span_WorkGroup24322")): NOT_RUN: click(findTestObject("mainmenu_Forms_Inbox/span_WorkGroup24322"))

2019-01-23 14:24:27 - [MESSAGE][NOT_RUN] - NOT_RUN: click(findTestObject("mainmenu_Forms_Inbox/span_WorkGroup24322"))

2019-01-23 14:24:27 - [TEST_STEP][NOT_RUN] - click(findTestObject("mainmenu_Forms_Inbox/li_NWG79956")): NOT_RUN: click(findTestObject("mainmenu_Forms_Inbox/li_NWG79956"))

2019-01-23 14:24:27 - [MESSAGE][NOT_RUN] - NOT_RUN: click(findTestObject("mainmenu_Forms_Inbox/li_NWG79956"))

2019-01-23 14:24:27 - [TEST_STEP][NOT_RUN] - click(findTestObject("mainmenu_Forms_Inbox/open_Resource")): NOT_RUN: click(findTestObject("mainmenu_Forms_Inbox/open_Resource"))

2019-01-23 14:24:27 - [MESSAGE][NOT_RUN] - NOT_RUN: click(findTestObject("mainmenu_Forms_Inbox/open_Resource"))

2019-01-23 14:24:27 - [TEST_STEP][NOT_RUN] - Thread.sleep(3000): NOT_RUN: Thread.sleep(3000)

2019-01-23 14:24:27 - [MESSAGE][NOT_RUN] - NOT_RUN: Thread.sleep(3000)

2019-01-23 14:24:27 - [TEST_STEP][NOT_RUN] - click(findTestObject("mainmenu_Forms_Inbox/select_1 Resource")): NOT_RUN: click(findTestObject("mainmenu_Forms_Inbox/select_1 Resource"))

2019-01-23 14:24:27 - [MESSAGE][NOT_RUN] - NOT_RUN: click(findTestObject("mainmenu_Forms_Inbox/select_1 Resource"))

2019-01-23 14:24:27 - [TEST_STEP][NOT_RUN] - click(findTestObject("mainmenu_Forms_Inbox/Inbox")): NOT_RUN: click(findTestObject("mainmenu_Forms_Inbox/Inbox"))

2019-01-23 14:24:27 - [MESSAGE][NOT_RUN] - NOT_RUN: click(findTestObject("mainmenu_Forms_Inbox/Inbox"))

2019-01-23 14:24:27 - [TEST_STEP][NOT_RUN] - click(findTestObject("mainmenu_Forms_Inbox/body_STAGE        SuperAdmin U_1")): NOT_RUN: click(findTestObject("mainmenu_Forms_Inbox/body_STAGE        SuperAdmin U_1"))

2019-01-23 14:24:27 - [MESSAGE][NOT_RUN] - NOT_RUN: click(findTestObject("mainmenu_Forms_Inbox/body_STAGE        SuperAdmin U_1"))

2019-01-23 14:24:27 - [TEST_STEP][NOT_RUN] - doubleClick(findTestObject("mainmenu_Forms_Inbox/body_STAGE        SuperAdmin U_2")): NOT_RUN: doubleClick(findTestObject("mainmenu_Forms_Inbox/body_STAGE        SuperAdmin U_2"))

2019-01-23 14:24:27 - [MESSAGE][NOT_RUN] - NOT_RUN: doubleClick(findTestObject("mainmenu_Forms_Inbox/body_STAGE        SuperAdmin U_2"))

2019-01-23 14:24:27 - [TEST_STEP][NOT_RUN] - setText(findTestObject("mainmenu_Forms_Inbox/input_Due By_scs-assigntask-da"), "s"): NOT_RUN: setText(findTestObject("mainmenu_Forms_Inbox/input_Due By_scs-assigntask-da"), "s")

2019-01-23 14:24:27 - [MESSAGE][NOT_RUN] - NOT_RUN: setText(findTestObject("mainmenu_Forms_Inbox/input_Due By_scs-assigntask-da"), "s")

2019-01-23 14:24:27 - [TEST_STEP][NOT_RUN] - click(findTestObject("mainmenu_Forms_Inbox/span_Due By_k-icon k-i-clock")): NOT_RUN: click(findTestObject("mainmenu_Forms_Inbox/span_Due By_k-icon k-i-clock"))

2019-01-23 14:24:27 - [MESSAGE][NOT_RUN] - NOT_RUN: click(findTestObject("mainmenu_Forms_Inbox/span_Due By_k-icon k-i-clock"))

2019-01-23 14:24:27 - [TEST_STEP][NOT_RUN] - click(findTestObject("mainmenu_Forms_Inbox/li_0030")): NOT_RUN: click(findTestObject("mainmenu_Forms_Inbox/li_0030"))

2019-01-23 14:24:27 - [MESSAGE][NOT_RUN] - NOT_RUN: click(findTestObject("mainmenu_Forms_Inbox/li_0030"))

2019-01-23 14:24:27 - [TEST_STEP][PASSED] - TaskMGMT.setData(): TaskMGMT.setData is PASSED

2019-01-23 14:24:51 - [MESSAGE][PASSED] - TaskMGMT.setData is PASSED

2019-01-23 14:24:51 - [TEST_STEP][PASSED] - setText(findTestObject("mainmenu_Forms_Inbox/input_Due By_scs-assigntask-da"), "11/01/2018 06:30"): Text '11/01/2018 06:30' is set on object 'Object Repository/mainmenu_Forms_Inbox/input_Due By_scs-assigntask-da'

2019-01-23 14:24:51 - [MESSAGE][PASSED] - Text '11/01/2018 06:30' is set on object 'Object Repository/mainmenu_Forms_Inbox/input_Due By_scs-assigntask-da'

2019-01-23 14:24:51 - [TEST_STEP][PASSED] - setText(findTestObject("mainmenu_Forms_Inbox/textarea_Note_scs-assign-task-"), "My Note"): Text 'My Note' is set on object 'Object Repository/mainmenu_Forms_Inbox/textarea_Note_scs-assign-task-'

2019-01-23 14:24:51 - [MESSAGE][PASSED] - Text 'My Note' is set on object 'Object Repository/mainmenu_Forms_Inbox/textarea_Note_scs-assign-task-'

2019-01-23 14:24:51 - [TEST_STEP][PASSED] - click(findTestObject("mainmenu_Forms_Inbox/button_ASSIGN")): Object: 'Object Repository/mainmenu_Forms_Inbox/button_ASSIGN' is clicked on

2019-01-23 14:24:51 - [MESSAGE][PASSED] - Object: 'Object Repository/mainmenu_Forms_Inbox/button_ASSIGN' is clicked on

2019-01-23 14:24:51 - [TEST_STEP][PASSED] - Thread.sleep(3000): null

2019-01-23 14:24:54 - [TEST_STEP][NOT_RUN] - click(findTestObject("mainmenu_Forms_Inbox/use")): NOT_RUN: click(findTestObject("mainmenu_Forms_Inbox/use"))

2019-01-23 14:24:54 - [MESSAGE][NOT_RUN] - NOT_RUN: click(findTestObject("mainmenu_Forms_Inbox/use"))

2019-01-23 14:24:54 - [TEST_STEP][NOT_RUN] - click(findTestObject("mainmenu_Forms_Inbox/div_Inbox")): NOT_RUN: click(findTestObject("mainmenu_Forms_Inbox/div_Inbox"))

2019-01-23 14:24:54 - [MESSAGE][NOT_RUN] - NOT_RUN: click(findTestObject("mainmenu_Forms_Inbox/div_Inbox"))

2019-01-23 14:24:54 - [TEST_STEP][NOT_RUN] - click(findTestObject("mainmenu_Forms_Inbox/Submit")): NOT_RUN: click(findTestObject("mainmenu_Forms_Inbox/Submit"))

2019-01-23 14:24:54 - [MESSAGE][NOT_RUN] - NOT_RUN: click(findTestObject("mainmenu_Forms_Inbox/Submit"))

2019-01-23 14:24:54 - [TEST_STEP][NOT_RUN] - sendKeys(findTestObject("mainmenu_Forms_Inbox/search_Task"), Keys.chord(ENTER)): NOT_RUN: sendKeys(findTestObject("mainmenu_Forms_Inbox/search_Task"), Keys.chord(ENTER))

2019-01-23 14:24:54 - [MESSAGE][NOT_RUN] - NOT_RUN: sendKeys(findTestObject("mainmenu_Forms_Inbox/search_Task"), Keys.chord(ENTER))

2019-01-23 14:24:54 - [TEST_STEP][PASSED] - click(findTestObject("Form_Selection_Creation/mainMenu_Button")): Object: 'Object Repository/Form_Selection_Creation/mainMenu_Button' is clicked on

2019-01-23 14:24:54 - [MESSAGE][PASSED] - Object: 'Object Repository/Form_Selection_Creation/mainMenu_Button' is clicked on

2019-01-23 14:24:54 - [TEST_STEP][PASSED] - click(findTestObject("mainmenu_Forms_Inbox/Inbox")): Object: 'Object Repository/mainmenu_Forms_Inbox/Inbox' is clicked on

2019-01-23 14:24:54 - [MESSAGE][PASSED] - Object: 'Object Repository/mainmenu_Forms_Inbox/Inbox' is clicked on

2019-01-23 14:24:54 - [TEST_STEP][PASSED] - Thread.sleep(7000): null

2019-01-23 14:25:01 - [TEST_STEP][PASSED] - setText(findTestObject("mainmenu_Forms_Inbox/search_Task"), findTestData("FormData").getValue("TaskName", 1)): Text 'TestTask_23/01/2019-14:23:52' is set on object 'Object Repository/mainmenu_Forms_Inbox/search_Task'

2019-01-23 14:25:02 - [MESSAGE][PASSED] - Text 'TestTask_23/01/2019-14:23:52' is set on object 'Object Repository/mainmenu_Forms_Inbox/search_Task'

2019-01-23 14:25:02 - [TEST_STEP][PASSED] - Thread.sleep(3000): null

2019-01-23 14:25:05 - [TEST_STEP][PASSED] - sendKeys(findTestObject("mainmenu_Forms_Inbox/search_Task"), Keys.chord(ENTER)): Keys 'ENTER + ' sent to object: 'Object Repository/mainmenu_Forms_Inbox/search_Task'

2019-01-23 14:25:06 - [MESSAGE][PASSED] - Keys 'ENTER + ' sent to object: 'Object Repository/mainmenu_Forms_Inbox/search_Task'

2019-01-23 14:25:06 - [TEST_STEP][PASSED] - Thread.sleep(4000): null

2019-01-23 14:25:10 - [TEST_STEP][PASSED] - doubleClick(findTestObject("mainmenu_Forms_Inbox/selectTask")): Object: 'Object Repository/mainmenu_Forms_Inbox/selectTask' is double clicked on

2019-01-23 14:25:10 - [MESSAGE][PASSED] - Object: 'Object Repository/mainmenu_Forms_Inbox/selectTask' is double clicked on

2019-01-23 14:25:10 - [TEST_STEP][PASSED] - Thread.sleep(4000): null

2019-01-23 14:25:14 - [TEST_STEP][PASSED] - Submission.formSubmission(): Submission.formSubmission is PASSED

2019-01-23 14:27:01 - [MESSAGE][PASSED] - Submission.formSubmission is PASSED

2019-01-23 14:27:01 - [TEST_STEP][NOT_RUN] - setText(findTestObject("FormTab/fillForm_FreeSingleText"), "MyText"): NOT_RUN: setText(findTestObject("FormTab/fillForm_FreeSingleText"), "MyText")

2019-01-23 14:27:01 - [MESSAGE][NOT_RUN] - NOT_RUN: setText(findTestObject("FormTab/fillForm_FreeSingleText"), "MyText")

2019-01-23 14:27:01 - [TEST_STEP][NOT_RUN] - setText(findTestObject("FormTab/fillForm_ParagraphText"), "MyParagraph"): NOT_RUN: setText(findTestObject("FormTab/fillForm_ParagraphText"), "MyParagraph")

2019-01-23 14:27:01 - [MESSAGE][NOT_RUN] - NOT_RUN: setText(findTestObject("FormTab/fillForm_ParagraphText"), "MyParagraph")

2019-01-23 14:27:01 - [TEST_STEP][NOT_RUN] - Thread.sleep(3000): NOT_RUN: Thread.sleep(3000)

2019-01-23 14:27:01 - [MESSAGE][NOT_RUN] - NOT_RUN: Thread.sleep(3000)

2019-01-23 14:27:01 - [TEST_STEP][NOT_RUN] - setText(findTestObject("FormTab/fillForm_SelectOneOption"), "Select Option1"): NOT_RUN: setText(findTestObject("FormTab/fillForm_SelectOneOption"), "Select Option1")

2019-01-23 14:27:01 - [MESSAGE][NOT_RUN] - NOT_RUN: setText(findTestObject("FormTab/fillForm_SelectOneOption"), "Select Option1")

2019-01-23 14:27:01 - [TEST_STEP][NOT_RUN] - Thread.sleep(3000): NOT_RUN: Thread.sleep(3000)

2019-01-23 14:27:01 - [MESSAGE][NOT_RUN] - NOT_RUN: Thread.sleep(3000)

2019-01-23 14:27:01 - [TEST_STEP][NOT_RUN] - xpath("//*[@id='scs-form-level']/div/div/div/div/div/div/div[4]/div/field-template/div/div/div/div/span/span/input")).sendKeys(ENTER): NOT_RUN: xpath("//*[@id='scs-form-level']/div/div/div/div/div/div/div[4]/div/field-template/div/div/div/div/span/span/input")).sendKeys(ENTER)

2019-01-23 14:27:01 - [MESSAGE][NOT_RUN] - NOT_RUN: xpath("//*[@id='scs-form-level']/div/div/div/div/div/div/div[4]/div/field-template/div/div/div/div/span/span/input")).sendKeys(ENTER)

2019-01-23 14:27:01 - [TEST_STEP][NOT_RUN] - Thread.sleep(3000): NOT_RUN: Thread.sleep(3000)

2019-01-23 14:27:01 - [MESSAGE][NOT_RUN] - NOT_RUN: Thread.sleep(3000)

2019-01-23 14:27:01 - [TEST_STEP][NOT_RUN] - setText(findTestObject("FormTab/fillForm_SelectMultipleOption"), "Multiple Option1"): NOT_RUN: setText(findTestObject("FormTab/fillForm_SelectMultipleOption"), "Multiple Option1")

2019-01-23 14:27:01 - [MESSAGE][NOT_RUN] - NOT_RUN: setText(findTestObject("FormTab/fillForm_SelectMultipleOption"), "Multiple Option1")

2019-01-23 14:27:01 - [TEST_STEP][NOT_RUN] - Thread.sleep(3000): NOT_RUN: Thread.sleep(3000)

2019-01-23 14:27:01 - [MESSAGE][NOT_RUN] - NOT_RUN: Thread.sleep(3000)

2019-01-23 14:27:01 - [TEST_STEP][NOT_RUN] - xpath("//*[@id='scs-form-level']/div/div/div/div/div/div/div[5]/div/field-template/div/div/div/div/div/div/input")).sendKeys(ENTER): NOT_RUN: xpath("//*[@id='scs-form-level']/div/div/div/div/div/div/div[5]/div/field-template/div/div/div/div/div/div/input")).sendKeys(ENTER)

2019-01-23 14:27:01 - [MESSAGE][NOT_RUN] - NOT_RUN: xpath("//*[@id='scs-form-level']/div/div/div/div/div/div/div[5]/div/field-template/div/div/div/div/div/div/input")).sendKeys(ENTER)

2019-01-23 14:27:01 - [TEST_STEP][NOT_RUN] - Thread.sleep(3000): NOT_RUN: Thread.sleep(3000)

2019-01-23 14:27:01 - [MESSAGE][NOT_RUN] - NOT_RUN: Thread.sleep(3000)

2019-01-23 14:27:01 - [TEST_STEP][NOT_RUN] - click(findTestObject("FormTab/fillForm_SelectMultipleOption")): NOT_RUN: click(findTestObject("FormTab/fillForm_SelectMultipleOption"))

2019-01-23 14:27:01 - [MESSAGE][NOT_RUN] - NOT_RUN: click(findTestObject("FormTab/fillForm_SelectMultipleOption"))

2019-01-23 14:27:01 - [TEST_STEP][NOT_RUN] - Thread.sleep(4000): NOT_RUN: Thread.sleep(4000)

2019-01-23 14:27:01 - [MESSAGE][NOT_RUN] - NOT_RUN: Thread.sleep(4000)

2019-01-23 14:27:01 - [TEST_STEP][NOT_RUN] - xpath("//*[@id='scs-form-level']/div/div/div/div[2]/div/div/div[6]/div/field-template/div/div[2]/div/div/span[1]/span/input[1]")).sendKeys("9"): NOT_RUN: xpath("//*[@id='scs-form-level']/div/div/div/div[2]/div/div/div[6]/div/field-template/div/div[2]/div/div/span[1]/span/input[1]")).sendKeys("9")

2019-01-23 14:27:01 - [MESSAGE][NOT_RUN] - NOT_RUN: xpath("//*[@id='scs-form-level']/div/div/div/div[2]/div/div/div[6]/div/field-template/div/div[2]/div/div/span[1]/span/input[1]")).sendKeys("9")

2019-01-23 14:27:01 - [TEST_STEP][NOT_RUN] - setText(findTestObject("FormTab/fillForm_DateText"), "10/18/2018"): NOT_RUN: setText(findTestObject("FormTab/fillForm_DateText"), "10/18/2018")

2019-01-23 14:27:01 - [MESSAGE][NOT_RUN] - NOT_RUN: setText(findTestObject("FormTab/fillForm_DateText"), "10/18/2018")

2019-01-23 14:27:01 - [TEST_STEP][NOT_RUN] - setText(findTestObject("FormTab/fillForm_TimeText"), "9:00 AM"): NOT_RUN: setText(findTestObject("FormTab/fillForm_TimeText"), "9:00 AM")

2019-01-23 14:27:01 - [MESSAGE][NOT_RUN] - NOT_RUN: setText(findTestObject("FormTab/fillForm_TimeText"), "9:00 AM")

2019-01-23 14:27:01 - [TEST_STEP][NOT_RUN] - setText(findTestObject("FormTab/fillForm_DateTimeText"), "10/18/2018 9:00 AM"): NOT_RUN: setText(findTestObject("FormTab/fillForm_DateTimeText"), "10/18/2018 9:00 AM")

2019-01-23 14:27:01 - [MESSAGE][NOT_RUN] - NOT_RUN: setText(findTestObject("FormTab/fillForm_DateTimeText"), "10/18/2018 9:00 AM")

2019-01-23 14:27:01 - [TEST_STEP][NOT_RUN] - click(findTestObject("FormTab/fillForm_SubmitButton")): NOT_RUN: click(findTestObject("FormTab/fillForm_SubmitButton"))

2019-01-23 14:27:01 - [MESSAGE][NOT_RUN] - NOT_RUN: click(findTestObject("FormTab/fillForm_SubmitButton"))

2019-01-23 14:27:01 - [TEST_STEP][NOT_RUN] - Thread.sleep(2000): NOT_RUN: Thread.sleep(2000)

2019-01-23 14:27:01 - [MESSAGE][NOT_RUN] - NOT_RUN: Thread.sleep(2000)

2019-01-23 14:27:01 - [TEST_STEP][NOT_RUN] - click(findTestObject("FormTab/fillForm_SubmissionOkButton")): NOT_RUN: click(findTestObject("FormTab/fillForm_SubmissionOkButton"))

2019-01-23 14:27:01 - [MESSAGE][NOT_RUN] - NOT_RUN: click(findTestObject("FormTab/fillForm_SubmissionOkButton"))

2019-01-23 14:27:01 - [TEST_STEP][PASSED] - Thread.sleep(12000): null

2019-01-23 14:27:13 - [TEST_STEP][FAILED] - click(findTestObject("mainmenu_Forms_Inbox/home")): click(findTestObject("mainmenu_Forms_Inbox/home")) FAILED.
Reason:
com.kms.katalon.core.exception.StepFailedException: Unable to click on object 'Object Repository/mainmenu_Forms_Inbox/home' (Root cause: org.openqa.selenium.WebDriverException: unknown error: Element <a data-parent="undefined" data-guid="" class="generic  scs-breadcrumb-0" data-state="undefined" data-params="''" data-nodename="undefined" data-node="undefined">...</a> is not clickable at point (39, 79). Other element would receive the click: <div class="k-loading-image"></div>
  (Session info: chrome=71.0.3578.98)
  (Driver info: chromedriver=2.43.600210 (68dcf5eebde37173d4027fa8635e332711d2874a),platform=Windows NT 6.1.7601 SP1 x86_64) (WARNING: The server did not provide any stacktrace information)
Command duration or timeout: 0 milliseconds
Build info: version: '3.7.1', revision: '8a0099a', time: '2017-11-06T21:07:36.161Z'
System info: host: 'ABHISHEK-PASHIN', ip: '10.21.7.147', os.name: 'Windows 7', os.arch: 'amd64', os.version: '6.1', java.version: '1.8.0_181'
Driver info: com.kms.katalon.selenium.driver.CChromeDriver
Capabilities {acceptInsecureCerts: false, acceptSslCerts: false, applicationCacheEnabled: false, browserConnectionEnabled: false, browserName: chrome, chrome: {chromedriverVersion: 2.43.600210 (68dcf5eebde371..., userDataDir: C:\Users\PASHIN~1\AppData\L...}, cssSelectorsEnabled: true, databaseEnabled: false, goog:chromeOptions: {debuggerAddress: localhost:62952}, handlesAlerts: true, hasTouchScreen: false, javascriptEnabled: true, locationContextEnabled: true, mobileEmulationEnabled: false, nativeEvents: true, networkConnectionEnabled: false, pageLoadStrategy: normal, platform: XP, platformName: XP, rotatable: false, setWindowRect: true, takesHeapSnapshot: true, takesScreenshot: true, unexpectedAlertBehaviour: , unhandledPromptBehavior: , version: 71.0.3578.98, webStorageEnabled: true}
Session ID: 8c26827d0720e0bbd206c24817b0410e)
	at com.kms.katalon.core.keyword.internal.KeywordMain.stepFailed(KeywordMain.groovy:36)
	at com.kms.katalon.core.webui.keyword.internal.WebUIKeywordMain.stepFailed(WebUIKeywordMain.groovy:65)
	at com.kms.katalon.core.webui.keyword.internal.WebUIKeywordMain.runKeyword(WebUIKeywordMain.groovy:27)
	at com.kms.katalon.core.webui.keyword.builtin.ClickKeyword.click(ClickKeyword.groovy:86)
	at com.kms.katalon.core.webui.keyword.builtin.ClickKeyword.execute(ClickKeyword.groovy:67)
	at com.kms.katalon.core.keyword.internal.KeywordExecutor.executeKeywordForPlatform(KeywordExecutor.groovy:53)
	at com.kms.katalon.core.webui.keyword.WebUiBuiltInKeywords.click(WebUiBuiltInKeywords.groovy:616)
	at com.kms.katalon.core.webui.keyword.WebUiBuiltInKeywords$click$2.call(Unknown Source)
	at 2_AssignTask.run(2_AssignTask:227)
	at com.kms.katalon.core.main.ScriptEngine.run(ScriptEngine.java:194)
	at com.kms.katalon.core.main.ScriptEngine.runScriptAsRawText(ScriptEngine.java:119)
	at com.kms.katalon.core.main.TestCaseExecutor.runScript(TestCaseExecutor.java:328)
	at com.kms.katalon.core.main.TestCaseExecutor.doExecute(TestCaseExecutor.java:319)
	at com.kms.katalon.core.main.TestCaseExecutor.processExecutionPhase(TestCaseExecutor.java:298)
	at com.kms.katalon.core.main.TestCaseExecutor.accessMainPhase(TestCaseExecutor.java:290)
	at com.kms.katalon.core.main.TestCaseExecutor.execute(TestCaseExecutor.java:224)
	at com.kms.katalon.core.main.TestSuiteExecutor.accessTestCaseMainPhase(TestSuiteExecutor.java:129)
	at com.kms.katalon.core.main.TestSuiteExecutor.accessTestSuiteMainPhase(TestSuiteExecutor.java:112)
	at com.kms.katalon.core.main.TestSuiteExecutor.execute(TestSuiteExecutor.java:81)
	at com.kms.katalon.core.main.TestCaseMain.startTestSuite(TestCaseMain.java:149)
	at com.kms.katalon.core.main.TestCaseMain$startTestSuite$0.call(Unknown Source)
	at TempTestSuite1548233434481.run(TempTestSuite1548233434481.groovy:36)


2019-01-23 14:27:14 - [MESSAGE][FAILED] - Unable to click on object 'Object Repository/mainmenu_Forms_Inbox/home' (Root cause: org.openqa.selenium.WebDriverException: unknown error: Element <a data-parent="undefined" data-guid="" class="generic  scs-breadcrumb-0" data-state="undefined" data-params="''" data-nodename="undefined" data-node="undefined">...</a> is not clickable at point (39, 79). Other element would receive the click: <div class="k-loading-image"></div>
  (Session info: chrome=71.0.3578.98)
  (Driver info: chromedriver=2.43.600210 (68dcf5eebde37173d4027fa8635e332711d2874a),platform=Windows NT 6.1.7601 SP1 x86_64) (WARNING: The server did not provide any stacktrace information)
Command duration or timeout: 0 milliseconds
Build info: version: '3.7.1', revision: '8a0099a', time: '2017-11-06T21:07:36.161Z'
System info: host: 'ABHISHEK-PASHIN', ip: '10.21.7.147', os.name: 'Windows 7', os.arch: 'amd64', os.version: '6.1', java.version: '1.8.0_181'
Driver info: com.kms.katalon.selenium.driver.CChromeDriver
Capabilities {acceptInsecureCerts: false, acceptSslCerts: false, applicationCacheEnabled: false, browserConnectionEnabled: false, browserName: chrome, chrome: {chromedriverVersion: 2.43.600210 (68dcf5eebde371..., userDataDir: C:\Users\PASHIN~1\AppData\L...}, cssSelectorsEnabled: true, databaseEnabled: false, goog:chromeOptions: {debuggerAddress: localhost:62952}, handlesAlerts: true, hasTouchScreen: false, javascriptEnabled: true, locationContextEnabled: true, mobileEmulationEnabled: false, nativeEvents: true, networkConnectionEnabled: false, pageLoadStrategy: normal, platform: XP, platformName: XP, rotatable: false, setWindowRect: true, takesHeapSnapshot: true, takesScreenshot: true, unexpectedAlertBehaviour: , unhandledPromptBehavior: , version: 71.0.3578.98, webStorageEnabled: true}
Session ID: 8c26827d0720e0bbd206c24817b0410e)
[[ATTACHMENT|D:\\Git Data\\SafetyChain-Test-Automation-Katalon\\Reports\\Internal_Task\\20190123_142034\\1548233833953.png]]

2019-01-23 14:27:14 - [MESSAGE][FAILED] - click(findTestObject("mainmenu_Forms_Inbox/home")) FAILED.
Reason:
com.kms.katalon.core.exception.StepFailedException: Unable to click on object 'Object Repository/mainmenu_Forms_Inbox/home' (Root cause: org.openqa.selenium.WebDriverException: unknown error: Element <a data-parent="undefined" data-guid="" class="generic  scs-breadcrumb-0" data-state="undefined" data-params="''" data-nodename="undefined" data-node="undefined">...</a> is not clickable at point (39, 79). Other element would receive the click: <div class="k-loading-image"></div>
  (Session info: chrome=71.0.3578.98)
  (Driver info: chromedriver=2.43.600210 (68dcf5eebde37173d4027fa8635e332711d2874a),platform=Windows NT 6.1.7601 SP1 x86_64) (WARNING: The server did not provide any stacktrace information)
Command duration or timeout: 0 milliseconds
Build info: version: '3.7.1', revision: '8a0099a', time: '2017-11-06T21:07:36.161Z'
System info: host: 'ABHISHEK-PASHIN', ip: '10.21.7.147', os.name: 'Windows 7', os.arch: 'amd64', os.version: '6.1', java.version: '1.8.0_181'
Driver info: com.kms.katalon.selenium.driver.CChromeDriver
Capabilities {acceptInsecureCerts: false, acceptSslCerts: false, applicationCacheEnabled: false, browserConnectionEnabled: false, browserName: chrome, chrome: {chromedriverVersion: 2.43.600210 (68dcf5eebde371..., userDataDir: C:\Users\PASHIN~1\AppData\L...}, cssSelectorsEnabled: true, databaseEnabled: false, goog:chromeOptions: {debuggerAddress: localhost:62952}, handlesAlerts: true, hasTouchScreen: false, javascriptEnabled: true, locationContextEnabled: true, mobileEmulationEnabled: false, nativeEvents: true, networkConnectionEnabled: false, pageLoadStrategy: normal, platform: XP, platformName: XP, rotatable: false, setWindowRect: true, takesHeapSnapshot: true, takesScreenshot: true, unexpectedAlertBehaviour: , unhandledPromptBehavior: , version: 71.0.3578.98, webStorageEnabled: true}
Session ID: 8c26827d0720e0bbd206c24817b0410e)
	at com.kms.katalon.core.keyword.internal.KeywordMain.stepFailed(KeywordMain.groovy:36)
	at com.kms.katalon.core.webui.keyword.internal.WebUIKeywordMain.stepFailed(WebUIKeywordMain.groovy:65)
	at com.kms.katalon.core.webui.keyword.internal.WebUIKeywordMain.runKeyword(WebUIKeywordMain.groovy:27)
	at com.kms.katalon.core.webui.keyword.builtin.ClickKeyword.click(ClickKeyword.groovy:86)
	at com.kms.katalon.core.webui.keyword.builtin.ClickKeyword.execute(ClickKeyword.groovy:67)
	at com.kms.katalon.core.keyword.internal.KeywordExecutor.executeKeywordForPlatform(KeywordExecutor.groovy:53)
	at com.kms.katalon.core.webui.keyword.WebUiBuiltInKeywords.click(WebUiBuiltInKeywords.groovy:616)
	at com.kms.katalon.core.webui.keyword.WebUiBuiltInKeywords$click$2.call(Unknown Source)
	at 2_AssignTask.run(2_AssignTask:227)
	at com.kms.katalon.core.main.ScriptEngine.run(ScriptEngine.java:194)
	at com.kms.katalon.core.main.ScriptEngine.runScriptAsRawText(ScriptEngine.java:119)
	at com.kms.katalon.core.main.TestCaseExecutor.runScript(TestCaseExecutor.java:328)
	at com.kms.katalon.core.main.TestCaseExecutor.doExecute(TestCaseExecutor.java:319)
	at com.kms.katalon.core.main.TestCaseExecutor.processExecutionPhase(TestCaseExecutor.java:298)
	at com.kms.katalon.core.main.TestCaseExecutor.accessMainPhase(TestCaseExecutor.java:290)
	at com.kms.katalon.core.main.TestCaseExecutor.execute(TestCaseExecutor.java:224)
	at com.kms.katalon.core.main.TestSuiteExecutor.accessTestCaseMainPhase(TestSuiteExecutor.java:129)
	at com.kms.katalon.core.main.TestSuiteExecutor.accessTestSuiteMainPhase(TestSuiteExecutor.java:112)
	at com.kms.katalon.core.main.TestSuiteExecutor.execute(TestSuiteExecutor.java:81)
	at com.kms.katalon.core.main.TestCaseMain.startTestSuite(TestCaseMain.java:149)
	at com.kms.katalon.core.main.TestCaseMain$startTestSuite$0.call(Unknown Source)
	at TempTestSuite1548233434481.run(TempTestSuite1548233434481.groovy:36)]]></system-out>
         <system-err><![CDATA[2019-01-23 14:23:32 - [TEST_CASE][FAILED] - Test Cases/Internal_TaskManagement/2_AssignTask: Test Cases/Internal_TaskManagement/2_AssignTask FAILED.
Reason:
com.kms.katalon.core.exception.StepFailedException: Unable to click on object 'Object Repository/mainmenu_Forms_Inbox/home' (Root cause: org.openqa.selenium.WebDriverException: unknown error: Element <a data-parent="undefined" data-guid="" class="generic  scs-breadcrumb-0" data-state="undefined" data-params="''" data-nodename="undefined" data-node="undefined">...</a> is not clickable at point (39, 79). Other element would receive the click: <div class="k-loading-image"></div>
  (Session info: chrome=71.0.3578.98)
  (Driver info: chromedriver=2.43.600210 (68dcf5eebde37173d4027fa8635e332711d2874a),platform=Windows NT 6.1.7601 SP1 x86_64) (WARNING: The server did not provide any stacktrace information)
Command duration or timeout: 0 milliseconds
Build info: version: '3.7.1', revision: '8a0099a', time: '2017-11-06T21:07:36.161Z'
System info: host: 'ABHISHEK-PASHIN', ip: '10.21.7.147', os.name: 'Windows 7', os.arch: 'amd64', os.version: '6.1', java.version: '1.8.0_181'
Driver info: com.kms.katalon.selenium.driver.CChromeDriver
Capabilities {acceptInsecureCerts: false, acceptSslCerts: false, applicationCacheEnabled: false, browserConnectionEnabled: false, browserName: chrome, chrome: {chromedriverVersion: 2.43.600210 (68dcf5eebde371..., userDataDir: C:\Users\PASHIN~1\AppData\L...}, cssSelectorsEnabled: true, databaseEnabled: false, goog:chromeOptions: {debuggerAddress: localhost:62952}, handlesAlerts: true, hasTouchScreen: false, javascriptEnabled: true, locationContextEnabled: true, mobileEmulationEnabled: false, nativeEvents: true, networkConnectionEnabled: false, pageLoadStrategy: normal, platform: XP, platformName: XP, rotatable: false, setWindowRect: true, takesHeapSnapshot: true, takesScreenshot: true, unexpectedAlertBehaviour: , unhandledPromptBehavior: , version: 71.0.3578.98, webStorageEnabled: true}
Session ID: 8c26827d0720e0bbd206c24817b0410e)
	at com.kms.katalon.core.keyword.internal.KeywordMain.stepFailed(KeywordMain.groovy:36)
	at com.kms.katalon.core.webui.keyword.internal.WebUIKeywordMain.stepFailed(WebUIKeywordMain.groovy:65)
	at com.kms.katalon.core.webui.keyword.internal.WebUIKeywordMain.runKeyword(WebUIKeywordMain.groovy:27)
	at com.kms.katalon.core.webui.keyword.builtin.ClickKeyword.click(ClickKeyword.groovy:86)
	at com.kms.katalon.core.webui.keyword.builtin.ClickKeyword.execute(ClickKeyword.groovy:67)
	at com.kms.katalon.core.keyword.internal.KeywordExecutor.executeKeywordForPlatform(KeywordExecutor.groovy:53)
	at com.kms.katalon.core.webui.keyword.WebUiBuiltInKeywords.click(WebUiBuiltInKeywords.groovy:616)
	at com.kms.katalon.core.webui.keyword.WebUiBuiltInKeywords$click$2.call(Unknown Source)
	at 2_AssignTask.run(2_AssignTask:227)
	at com.kms.katalon.core.main.ScriptEngine.run(ScriptEngine.java:194)
	at com.kms.katalon.core.main.ScriptEngine.runScriptAsRawText(ScriptEngine.java:119)
	at com.kms.katalon.core.main.TestCaseExecutor.runScript(TestCaseExecutor.java:328)
	at com.kms.katalon.core.main.TestCaseExecutor.doExecute(TestCaseExecutor.java:319)
	at com.kms.katalon.core.main.TestCaseExecutor.processExecutionPhase(TestCaseExecutor.java:298)
	at com.kms.katalon.core.main.TestCaseExecutor.accessMainPhase(TestCaseExecutor.java:290)
	at com.kms.katalon.core.main.TestCaseExecutor.execute(TestCaseExecutor.java:224)
	at com.kms.katalon.core.main.TestSuiteExecutor.accessTestCaseMainPhase(TestSuiteExecutor.java:129)
	at com.kms.katalon.core.main.TestSuiteExecutor.accessTestSuiteMainPhase(TestSuiteExecutor.java:112)
	at com.kms.katalon.core.main.TestSuiteExecutor.execute(TestSuiteExecutor.java:81)
	at com.kms.katalon.core.main.TestCaseMain.startTestSuite(TestCaseMain.java:149)
	at com.kms.katalon.core.main.TestCaseMain$startTestSuite$0.call(Unknown Source)
	at TempTestSuite1548233434481.run(TempTestSuite1548233434481.groovy:36)]]></system-err>
      </testcase>
      <system-out><![CDATA[2019-01-23 14:20:40 - [TEST_SUITE][FAILED] - Internal_Task: Test Cases/Internal_TaskManagement/2_AssignTask FAILED.
Reason:
com.kms.katalon.core.exception.StepFailedException: Unable to click on object 'Object Repository/mainmenu_Forms_Inbox/home' (Root cause: org.openqa.selenium.WebDriverException: unknown error: Element <a data-parent="undefined" data-guid="" class="generic  scs-breadcrumb-0" data-state="undefined" data-params="''" data-nodename="undefined" data-node="undefined">...</a> is not clickable at point (39, 79). Other element would receive the click: <div class="k-loading-image"></div>
  (Session info: chrome=71.0.3578.98)
  (Driver info: chromedriver=2.43.600210 (68dcf5eebde37173d4027fa8635e332711d2874a),platform=Windows NT 6.1.7601 SP1 x86_64) (WARNING: The server did not provide any stacktrace information)
Command duration or timeout: 0 milliseconds
Build info: version: '3.7.1', revision: '8a0099a', time: '2017-11-06T21:07:36.161Z'
System info: host: 'ABHISHEK-PASHIN', ip: '10.21.7.147', os.name: 'Windows 7', os.arch: 'amd64', os.version: '6.1', java.version: '1.8.0_181'
Driver info: com.kms.katalon.selenium.driver.CChromeDriver
Capabilities {acceptInsecureCerts: false, acceptSslCerts: false, applicationCacheEnabled: false, browserConnectionEnabled: false, browserName: chrome, chrome: {chromedriverVersion: 2.43.600210 (68dcf5eebde371..., userDataDir: C:\Users\PASHIN~1\AppData\L...}, cssSelectorsEnabled: true, databaseEnabled: false, goog:chromeOptions: {debuggerAddress: localhost:62952}, handlesAlerts: true, hasTouchScreen: false, javascriptEnabled: true, locationContextEnabled: true, mobileEmulationEnabled: false, nativeEvents: true, networkConnectionEnabled: false, pageLoadStrategy: normal, platform: XP, platformName: XP, rotatable: false, setWindowRect: true, takesHeapSnapshot: true, takesScreenshot: true, unexpectedAlertBehaviour: , unhandledPromptBehavior: , version: 71.0.3578.98, webStorageEnabled: true}
Session ID: 8c26827d0720e0bbd206c24817b0410e)
	at com.kms.katalon.core.keyword.internal.KeywordMain.stepFailed(KeywordMain.groovy:36)
	at com.kms.katalon.core.webui.keyword.internal.WebUIKeywordMain.stepFailed(WebUIKeywordMain.groovy:65)
	at com.kms.katalon.core.webui.keyword.internal.WebUIKeywordMain.runKeyword(WebUIKeywordMain.groovy:27)
	at com.kms.katalon.core.webui.keyword.builtin.ClickKeyword.click(ClickKeyword.groovy:86)
	at com.kms.katalon.core.webui.keyword.builtin.ClickKeyword.execute(ClickKeyword.groovy:67)
	at com.kms.katalon.core.keyword.internal.KeywordExecutor.executeKeywordForPlatform(KeywordExecutor.groovy:53)
	at com.kms.katalon.core.webui.keyword.WebUiBuiltInKeywords.click(WebUiBuiltInKeywords.groovy:616)
	at com.kms.katalon.core.webui.keyword.WebUiBuiltInKeywords$click$2.call(Unknown Source)
	at 2_AssignTask.run(2_AssignTask:227)
	at com.kms.katalon.core.main.ScriptEngine.run(ScriptEngine.java:194)
	at com.kms.katalon.core.main.ScriptEngine.runScriptAsRawText(ScriptEngine.java:119)
	at com.kms.katalon.core.main.TestCaseExecutor.runScript(TestCaseExecutor.java:328)
	at com.kms.katalon.core.main.TestCaseExecutor.doExecute(TestCaseExecutor.java:319)
	at com.kms.katalon.core.main.TestCaseExecutor.processExecutionPhase(TestCaseExecutor.java:298)
	at com.kms.katalon.core.main.TestCaseExecutor.accessMainPhase(TestCaseExecutor.java:290)
	at com.kms.katalon.core.main.TestCaseExecutor.execute(TestCaseExecutor.java:224)
	at com.kms.katalon.core.main.TestSuiteExecutor.accessTestCaseMainPhase(TestSuiteExecutor.java:129)
	at com.kms.katalon.core.main.TestSuiteExecutor.accessTestSuiteMainPhase(TestSuiteExecutor.java:112)
	at com.kms.katalon.core.main.TestSuiteExecutor.execute(TestSuiteExecutor.java:81)
	at com.kms.katalon.core.main.TestCaseMain.startTestSuite(TestCaseMain.java:149)
	at com.kms.katalon.core.main.TestCaseMain$startTestSuite$0.call(Unknown Source)
	at TempTestSuite1548233434481.run(TempTestSuite1548233434481.groovy:36)]]></system-out>
      <system-err><![CDATA[2019-01-23 14:20:40 - [TEST_SUITE][FAILED] - Internal_Task: Test Cases/Internal_TaskManagement/2_AssignTask FAILED.
Reason:
com.kms.katalon.core.exception.StepFailedException: Unable to click on object 'Object Repository/mainmenu_Forms_Inbox/home' (Root cause: org.openqa.selenium.WebDriverException: unknown error: Element <a data-parent="undefined" data-guid="" class="generic  scs-breadcrumb-0" data-state="undefined" data-params="''" data-nodename="undefined" data-node="undefined">...</a> is not clickable at point (39, 79). Other element would receive the click: <div class="k-loading-image"></div>
  (Session info: chrome=71.0.3578.98)
  (Driver info: chromedriver=2.43.600210 (68dcf5eebde37173d4027fa8635e332711d2874a),platform=Windows NT 6.1.7601 SP1 x86_64) (WARNING: The server did not provide any stacktrace information)
Command duration or timeout: 0 milliseconds
Build info: version: '3.7.1', revision: '8a0099a', time: '2017-11-06T21:07:36.161Z'
System info: host: 'ABHISHEK-PASHIN', ip: '10.21.7.147', os.name: 'Windows 7', os.arch: 'amd64', os.version: '6.1', java.version: '1.8.0_181'
Driver info: com.kms.katalon.selenium.driver.CChromeDriver
Capabilities {acceptInsecureCerts: false, acceptSslCerts: false, applicationCacheEnabled: false, browserConnectionEnabled: false, browserName: chrome, chrome: {chromedriverVersion: 2.43.600210 (68dcf5eebde371..., userDataDir: C:\Users\PASHIN~1\AppData\L...}, cssSelectorsEnabled: true, databaseEnabled: false, goog:chromeOptions: {debuggerAddress: localhost:62952}, handlesAlerts: true, hasTouchScreen: false, javascriptEnabled: true, locationContextEnabled: true, mobileEmulationEnabled: false, nativeEvents: true, networkConnectionEnabled: false, pageLoadStrategy: normal, platform: XP, platformName: XP, rotatable: false, setWindowRect: true, takesHeapSnapshot: true, takesScreenshot: true, unexpectedAlertBehaviour: , unhandledPromptBehavior: , version: 71.0.3578.98, webStorageEnabled: true}
Session ID: 8c26827d0720e0bbd206c24817b0410e)
	at com.kms.katalon.core.keyword.internal.KeywordMain.stepFailed(KeywordMain.groovy:36)
	at com.kms.katalon.core.webui.keyword.internal.WebUIKeywordMain.stepFailed(WebUIKeywordMain.groovy:65)
	at com.kms.katalon.core.webui.keyword.internal.WebUIKeywordMain.runKeyword(WebUIKeywordMain.groovy:27)
	at com.kms.katalon.core.webui.keyword.builtin.ClickKeyword.click(ClickKeyword.groovy:86)
	at com.kms.katalon.core.webui.keyword.builtin.ClickKeyword.execute(ClickKeyword.groovy:67)
	at com.kms.katalon.core.keyword.internal.KeywordExecutor.executeKeywordForPlatform(KeywordExecutor.groovy:53)
	at com.kms.katalon.core.webui.keyword.WebUiBuiltInKeywords.click(WebUiBuiltInKeywords.groovy:616)
	at com.kms.katalon.core.webui.keyword.WebUiBuiltInKeywords$click$2.call(Unknown Source)
	at 2_AssignTask.run(2_AssignTask:227)
	at com.kms.katalon.core.main.ScriptEngine.run(ScriptEngine.java:194)
	at com.kms.katalon.core.main.ScriptEngine.runScriptAsRawText(ScriptEngine.java:119)
	at com.kms.katalon.core.main.TestCaseExecutor.runScript(TestCaseExecutor.java:328)
	at com.kms.katalon.core.main.TestCaseExecutor.doExecute(TestCaseExecutor.java:319)
	at com.kms.katalon.core.main.TestCaseExecutor.processExecutionPhase(TestCaseExecutor.java:298)
	at com.kms.katalon.core.main.TestCaseExecutor.accessMainPhase(TestCaseExecutor.java:290)
	at com.kms.katalon.core.main.TestCaseExecutor.execute(TestCaseExecutor.java:224)
	at com.kms.katalon.core.main.TestSuiteExecutor.accessTestCaseMainPhase(TestSuiteExecutor.java:129)
	at com.kms.katalon.core.main.TestSuiteExecutor.accessTestSuiteMainPhase(TestSuiteExecutor.java:112)
	at com.kms.katalon.core.main.TestSuiteExecutor.execute(TestSuiteExecutor.java:81)
	at com.kms.katalon.core.main.TestCaseMain.startTestSuite(TestCaseMain.java:149)
	at com.kms.katalon.core.main.TestCaseMain$startTestSuite$0.call(Unknown Source)
	at TempTestSuite1548233434481.run(TempTestSuite1548233434481.groovy:36)]]></system-err>
   </testsuite>
</testsuites>
