<?xml version="1.0" encoding="UTF-8"?>
<testsuites name="Admin_Tools" time="231" tests="3" failures="1" errors="0">
   <testsuite name="Admin_Tools" tests="3" failures="1" errors="0" time="231" timestamp="2018-12-11 15:27:02" hostname="pashine_a - Abhishek-Pashine.India.XoriantCorp.com" id="Test Suites/Admin_Tools">
      <properties>
         <property name="deviceName" value=""/>
         <property name="devicePlatform" value=""/>
         <property name="logFolder" value="D:\\Git Data\\SafetyChain-Test-Automation-Katalon\\Reports\\Admin_Tools\\20181211_152700"/>
         <property name="logFiles" value="D:\\Git Data\\SafetyChain-Test-Automation-Katalon\\Reports\\Admin_Tools\\20181211_152700\\execution0.log"/>
         <property name="attachments" value="D:\\Git Data\\SafetyChain-Test-Automation-Katalon\\Reports\\Admin_Tools\\20181211_152700\\1544522333299.png"/>
         <property name="hostName" value="pashine_a - Abhishek-Pashine.India.XoriantCorp.com"/>
         <property name="os" value="Windows 7 64bit"/>
         <property name="katalonVersion" value="5.9.1.2"/>
         <property name="browser" value="Chrome 71.0.3578.80"/>
         <property name="hostAddress" value="10.21.7.147"/>
         <property name="sessionId" value="334495b98617f0973382872108f90018"/>
         <property name="seleniumVersion" value="3.7.1"/>
         <property name="proxyInformation" value="ProxyInformation{proxyOption=NO_PROXY, proxyServerType=HTTP, password=, proxyServerAddress=, proxyServerPort=0}"/>
         <property name="platform" value="Windows 7"/>
      </properties>
      <testcase name="Test Cases/AdminTools/InternalUser" classname="Test Cases/AdminTools/InternalUser" status="PASSED">
         <system-out><![CDATA[2018-12-11 15:27:03 - [TEST_CASE][PASSED] - Test Cases/AdminTools/InternalUser: Test Cases/AdminTools/InternalUser

2018-12-11 15:27:03 - [TEST_STEP][PASSED] - sc.sc_customkeywords.UniqueName("UserName"): sc.sc_customkeywords.UniqueName is PASSED

2018-12-11 15:27:04 - [MESSAGE][PASSED] - sc.sc_customkeywords.UniqueName is PASSED

2018-12-11 15:27:04 - [TEST_STEP][PASSED] - openBrowser(""): Browser is opened with url: ''

2018-12-11 15:27:05 - [MESSAGE][INFO] - Starting 'Chrome' driver

2018-12-11 15:27:05 - [MESSAGE][INFO] - Action delay is set to 0 seconds

2018-12-11 15:27:08 - [MESSAGE][PASSED] - Browser is opened with url: ''

2018-12-11 15:27:08 - [TEST_STEP][PASSED] - maximizeWindow(): Current window maximized

2018-12-11 15:27:09 - [MESSAGE][PASSED] - Current window maximized

2018-12-11 15:27:09 - [TEST_STEP][PASSED] - navigateToUrl(URL): Navigate to 'https://test1.safetychain.com' successfully

2018-12-11 15:27:24 - [MESSAGE][PASSED] - Navigate to 'https://test1.safetychain.com' successfully

2018-12-11 15:27:24 - [TEST_STEP][PASSED] - Thread.sleep(5000): null

2018-12-11 15:27:29 - [TEST_STEP][PASSED] - setText(findTestObject("CommonObjects/Login_UserName"), UserName): Text 'Superadmin' is set on object 'Object Repository/CommonObjects/Login_UserName'

2018-12-11 15:27:29 - [MESSAGE][PASSED] - Text 'Superadmin' is set on object 'Object Repository/CommonObjects/Login_UserName'

2018-12-11 15:27:29 - [TEST_STEP][PASSED] - setText(findTestObject("CommonObjects/Login_Password"), Password): Text 'latetest13772boot' is set on object 'Object Repository/CommonObjects/Login_Password'

2018-12-11 15:27:29 - [MESSAGE][PASSED] - Text 'latetest13772boot' is set on object 'Object Repository/CommonObjects/Login_Password'

2018-12-11 15:27:29 - [TEST_STEP][PASSED] - click(findTestObject("CommonObjects/Login_LoginButton")): Object: 'Object Repository/CommonObjects/Login_LoginButton' is clicked on

2018-12-11 15:27:31 - [MESSAGE][PASSED] - Object: 'Object Repository/CommonObjects/Login_LoginButton' is clicked on

2018-12-11 15:27:31 - [TEST_STEP][PASSED] - click(findTestObject("CommonObjects/MainMenu_Icon")): Object: 'Object Repository/CommonObjects/MainMenu_Icon' is clicked on

2018-12-11 15:27:36 - [MESSAGE][PASSED] - Object: 'Object Repository/CommonObjects/MainMenu_Icon' is clicked on

2018-12-11 15:27:36 - [TEST_STEP][PASSED] - click(findTestObject("CommonObjects/MainMenu_AdminTools")): Object: 'Object Repository/CommonObjects/MainMenu_AdminTools' is clicked on

2018-12-11 15:27:36 - [MESSAGE][PASSED] - Object: 'Object Repository/CommonObjects/MainMenu_AdminTools' is clicked on

2018-12-11 15:27:36 - [TEST_STEP][PASSED] - click(findTestObject("InternalUser/MainMenu_Users")): Object: 'Object Repository/InternalUser/MainMenu_Users' is clicked on

2018-12-11 15:27:36 - [MESSAGE][PASSED] - Object: 'Object Repository/InternalUser/MainMenu_Users' is clicked on

2018-12-11 15:27:36 - [TEST_STEP][PASSED] - click(findTestObject("InternalUser/ManageUsers_AddNewButton")): Object: 'Object Repository/InternalUser/ManageUsers_AddNewButton' is clicked on

2018-12-11 15:27:40 - [MESSAGE][PASSED] - Object: 'Object Repository/InternalUser/ManageUsers_AddNewButton' is clicked on

2018-12-11 15:27:40 - [TEST_STEP][PASSED] - setText(findTestObject("InternalUser/ManageUser_NewUserPopUp_Username"), findTestData("TestData").getValue("UserName", 1)): Text 'UserName1544522223746' is set on object 'Object Repository/InternalUser/ManageUser_NewUserPopUp_Username'

2018-12-11 15:27:44 - [MESSAGE][PASSED] - Text 'UserName1544522223746' is set on object 'Object Repository/InternalUser/ManageUser_NewUserPopUp_Username'

2018-12-11 15:27:44 - [TEST_STEP][PASSED] - setText(findTestObject("InternalUser/ManageUsers_NewUserPopUp_Password"), "Test"): Text 'Test' is set on object 'Object Repository/InternalUser/ManageUsers_NewUserPopUp_Password'

2018-12-11 15:27:44 - [MESSAGE][PASSED] - Text 'Test' is set on object 'Object Repository/InternalUser/ManageUsers_NewUserPopUp_Password'

2018-12-11 15:27:44 - [TEST_STEP][PASSED] - setText(findTestObject("InternalUser/ManageUsers_NewUserPopUp_FirstName"), "Katalon1"): Text 'Katalon1' is set on object 'Object Repository/InternalUser/ManageUsers_NewUserPopUp_FirstName'

2018-12-11 15:27:44 - [MESSAGE][PASSED] - Text 'Katalon1' is set on object 'Object Repository/InternalUser/ManageUsers_NewUserPopUp_FirstName'

2018-12-11 15:27:44 - [TEST_STEP][PASSED] - setText(findTestObject("InternalUser/ManageUsers_NewUserPopUp_LastName"), "User"): Text 'User' is set on object 'Object Repository/InternalUser/ManageUsers_NewUserPopUp_LastName'

2018-12-11 15:27:44 - [MESSAGE][PASSED] - Text 'User' is set on object 'Object Repository/InternalUser/ManageUsers_NewUserPopUp_LastName'

2018-12-11 15:27:44 - [TEST_STEP][PASSED] - setText(findTestObject("InternalUser/ManageUsers_NewUserPopUp_Email"), "test@xoriant.com"): Text 'test@xoriant.com' is set on object 'Object Repository/InternalUser/ManageUsers_NewUserPopUp_Email'

2018-12-11 15:27:44 - [MESSAGE][PASSED] - Text 'test@xoriant.com' is set on object 'Object Repository/InternalUser/ManageUsers_NewUserPopUp_Email'

2018-12-11 15:27:44 - [TEST_STEP][PASSED] - click(findTestObject("InternalUser/ManageUsers_NewUserPopUp_Roles")): Object: 'Object Repository/InternalUser/ManageUsers_NewUserPopUp_Roles' is clicked on

2018-12-11 15:27:45 - [MESSAGE][PASSED] - Object: 'Object Repository/InternalUser/ManageUsers_NewUserPopUp_Roles' is clicked on

2018-12-11 15:27:45 - [TEST_STEP][PASSED] - Thread.sleep(5000): null

2018-12-11 15:27:50 - [TEST_STEP][PASSED] - click(findTestObject("InternalUser/ManageUsers_NewUserPopUp_RolesSuperadmin")): Object: 'Object Repository/InternalUser/ManageUsers_NewUserPopUp_RolesSuperadmin' is clicked on

2018-12-11 15:27:50 - [MESSAGE][PASSED] - Object: 'Object Repository/InternalUser/ManageUsers_NewUserPopUp_RolesSuperadmin' is clicked on

2018-12-11 15:27:50 - [TEST_STEP][PASSED] - click(findTestObject("InternalUser/ManageUsers_NewUserPopUp_Location")): Object: 'Object Repository/InternalUser/ManageUsers_NewUserPopUp_Location' is clicked on

2018-12-11 15:27:50 - [MESSAGE][PASSED] - Object: 'Object Repository/InternalUser/ManageUsers_NewUserPopUp_Location' is clicked on

2018-12-11 15:27:50 - [TEST_STEP][PASSED] - Thread.sleep(7000): null

2018-12-11 15:27:57 - [TEST_STEP][PASSED] - click(findTestObject("InternalUser/ManageUsers_NewUserPopUp_AllLocation")): Object: 'Object Repository/InternalUser/ManageUsers_NewUserPopUp_AllLocation' is clicked on

2018-12-11 15:27:57 - [MESSAGE][PASSED] - Object: 'Object Repository/InternalUser/ManageUsers_NewUserPopUp_AllLocation' is clicked on

2018-12-11 15:27:57 - [TEST_STEP][PASSED] - Thread.sleep(2000): null

2018-12-11 15:27:59 - [TEST_STEP][PASSED] - click(findTestObject("InternalUser/ManageUsers_NewUserPopUp_SaveButton")): Object: 'Object Repository/InternalUser/ManageUsers_NewUserPopUp_SaveButton' is clicked on

2018-12-11 15:27:59 - [MESSAGE][PASSED] - Object: 'Object Repository/InternalUser/ManageUsers_NewUserPopUp_SaveButton' is clicked on

2018-12-11 15:27:59 - [TEST_STEP][PASSED] - Thread.sleep(8000): null

2018-12-11 15:28:07 - [TEST_STEP][PASSED] - closeBrowser(): Browser is closed

2018-12-11 15:28:08 - [MESSAGE][PASSED] - Browser is closed]]></system-out>
         <system-err><![CDATA[]]></system-err>
      </testcase>
      <testcase name="Test Cases/AdminTools/NewInternalUser" classname="Test Cases/AdminTools/NewInternalUser" status="FAILED">
         <failure type="FAILED" message="Test Cases/AdminTools/NewInternalUser FAILED.
Reason:
com.kms.katalon.core.exception.StepFailedException: Unable to click on object 'Object Repository/New_User_Latest/NewUserCreation_span_Afghanistan' (Root cause: org.openqa.selenium.WebDriverException: unknown error: Element &lt;span>...&lt;/span> is not clickable at point (909, 189). Other element would receive the click: &lt;div class=&quot;addUserForm&quot;>...&lt;/div>
  (Session info: chrome=71.0.3578.80)
  (Driver info: chromedriver=2.43.600210 (68dcf5eebde37173d4027fa8635e332711d2874a),platform=Windows NT 6.1.7601 SP1 x86_64) (WARNING: The server did not provide any stacktrace information)
Command duration or timeout: 0 milliseconds
Build info: version: '3.7.1', revision: '8a0099a', time: '2017-11-06T21:07:36.161Z'
System info: host: 'ABHISHEK-PASHIN', ip: '10.21.7.147', os.name: 'Windows 7', os.arch: 'amd64', os.version: '6.1', java.version: '1.8.0_181'
Driver info: com.kms.katalon.selenium.driver.CChromeDriver
Capabilities {acceptInsecureCerts: false, acceptSslCerts: false, applicationCacheEnabled: false, browserConnectionEnabled: false, browserName: chrome, chrome: {chromedriverVersion: 2.43.600210 (68dcf5eebde371..., userDataDir: C:\Users\PASHIN~1\AppData\L...}, cssSelectorsEnabled: true, databaseEnabled: false, goog:chromeOptions: {debuggerAddress: localhost:63840}, handlesAlerts: true, hasTouchScreen: false, javascriptEnabled: true, locationContextEnabled: true, mobileEmulationEnabled: false, nativeEvents: true, networkConnectionEnabled: false, pageLoadStrategy: normal, platform: XP, platformName: XP, rotatable: false, setWindowRect: true, takesHeapSnapshot: true, takesScreenshot: true, unexpectedAlertBehaviour: , unhandledPromptBehavior: , version: 71.0.3578.80, webStorageEnabled: true}
Session ID: 130609694a2f63d6da2227f259979780)
	at com.kms.katalon.core.keyword.internal.KeywordMain.stepFailed(KeywordMain.groovy:36)
	at com.kms.katalon.core.webui.keyword.internal.WebUIKeywordMain.stepFailed(WebUIKeywordMain.groovy:65)
	at com.kms.katalon.core.webui.keyword.internal.WebUIKeywordMain.runKeyword(WebUIKeywordMain.groovy:27)
	at com.kms.katalon.core.webui.keyword.builtin.ClickKeyword.click(ClickKeyword.groovy:86)
	at com.kms.katalon.core.webui.keyword.builtin.ClickKeyword.execute(ClickKeyword.groovy:67)
	at com.kms.katalon.core.keyword.internal.KeywordExecutor.executeKeywordForPlatform(KeywordExecutor.groovy:53)
	at com.kms.katalon.core.webui.keyword.WebUiBuiltInKeywords.click(WebUiBuiltInKeywords.groovy:616)
	at com.kms.katalon.core.webui.keyword.WebUiBuiltInKeywords$click$3.call(Unknown Source)
	at NewInternalUser.run(NewInternalUser:49)
	at com.kms.katalon.core.main.ScriptEngine.run(ScriptEngine.java:194)
	at com.kms.katalon.core.main.ScriptEngine.runScriptAsRawText(ScriptEngine.java:119)
	at com.kms.katalon.core.main.TestCaseExecutor.runScript(TestCaseExecutor.java:321)
	at com.kms.katalon.core.main.TestCaseExecutor.doExecute(TestCaseExecutor.java:312)
	at com.kms.katalon.core.main.TestCaseExecutor.processExecutionPhase(TestCaseExecutor.java:291)
	at com.kms.katalon.core.main.TestCaseExecutor.accessMainPhase(TestCaseExecutor.java:283)
	at com.kms.katalon.core.main.TestCaseExecutor.execute(TestCaseExecutor.java:222)
	at com.kms.katalon.core.main.TestSuiteExecutor.accessTestCaseMainPhase(TestSuiteExecutor.java:129)
	at com.kms.katalon.core.main.TestSuiteExecutor.accessTestSuiteMainPhase(TestSuiteExecutor.java:112)
	at com.kms.katalon.core.main.TestSuiteExecutor.execute(TestSuiteExecutor.java:81)
	at com.kms.katalon.core.main.TestCaseMain.startTestSuite(TestCaseMain.java:149)
	at com.kms.katalon.core.main.TestCaseMain$startTestSuite$0.call(Unknown Source)
	at TempTestSuite1544522220605.run(TempTestSuite1544522220605.groovy:36)
"/>
         <system-out><![CDATA[2018-12-11 15:28:08 - [TEST_CASE][FAILED] - Test Cases/AdminTools/NewInternalUser: Test Cases/AdminTools/NewInternalUser FAILED.
Reason:
com.kms.katalon.core.exception.StepFailedException: Unable to click on object 'Object Repository/New_User_Latest/NewUserCreation_span_Afghanistan' (Root cause: org.openqa.selenium.WebDriverException: unknown error: Element <span>...</span> is not clickable at point (909, 189). Other element would receive the click: <div class="addUserForm">...</div>
  (Session info: chrome=71.0.3578.80)
  (Driver info: chromedriver=2.43.600210 (68dcf5eebde37173d4027fa8635e332711d2874a),platform=Windows NT 6.1.7601 SP1 x86_64) (WARNING: The server did not provide any stacktrace information)
Command duration or timeout: 0 milliseconds
Build info: version: '3.7.1', revision: '8a0099a', time: '2017-11-06T21:07:36.161Z'
System info: host: 'ABHISHEK-PASHIN', ip: '10.21.7.147', os.name: 'Windows 7', os.arch: 'amd64', os.version: '6.1', java.version: '1.8.0_181'
Driver info: com.kms.katalon.selenium.driver.CChromeDriver
Capabilities {acceptInsecureCerts: false, acceptSslCerts: false, applicationCacheEnabled: false, browserConnectionEnabled: false, browserName: chrome, chrome: {chromedriverVersion: 2.43.600210 (68dcf5eebde371..., userDataDir: C:\Users\PASHIN~1\AppData\L...}, cssSelectorsEnabled: true, databaseEnabled: false, goog:chromeOptions: {debuggerAddress: localhost:63840}, handlesAlerts: true, hasTouchScreen: false, javascriptEnabled: true, locationContextEnabled: true, mobileEmulationEnabled: false, nativeEvents: true, networkConnectionEnabled: false, pageLoadStrategy: normal, platform: XP, platformName: XP, rotatable: false, setWindowRect: true, takesHeapSnapshot: true, takesScreenshot: true, unexpectedAlertBehaviour: , unhandledPromptBehavior: , version: 71.0.3578.80, webStorageEnabled: true}
Session ID: 130609694a2f63d6da2227f259979780)
	at com.kms.katalon.core.keyword.internal.KeywordMain.stepFailed(KeywordMain.groovy:36)
	at com.kms.katalon.core.webui.keyword.internal.WebUIKeywordMain.stepFailed(WebUIKeywordMain.groovy:65)
	at com.kms.katalon.core.webui.keyword.internal.WebUIKeywordMain.runKeyword(WebUIKeywordMain.groovy:27)
	at com.kms.katalon.core.webui.keyword.builtin.ClickKeyword.click(ClickKeyword.groovy:86)
	at com.kms.katalon.core.webui.keyword.builtin.ClickKeyword.execute(ClickKeyword.groovy:67)
	at com.kms.katalon.core.keyword.internal.KeywordExecutor.executeKeywordForPlatform(KeywordExecutor.groovy:53)
	at com.kms.katalon.core.webui.keyword.WebUiBuiltInKeywords.click(WebUiBuiltInKeywords.groovy:616)
	at com.kms.katalon.core.webui.keyword.WebUiBuiltInKeywords$click$3.call(Unknown Source)
	at NewInternalUser.run(NewInternalUser:49)
	at com.kms.katalon.core.main.ScriptEngine.run(ScriptEngine.java:194)
	at com.kms.katalon.core.main.ScriptEngine.runScriptAsRawText(ScriptEngine.java:119)
	at com.kms.katalon.core.main.TestCaseExecutor.runScript(TestCaseExecutor.java:321)
	at com.kms.katalon.core.main.TestCaseExecutor.doExecute(TestCaseExecutor.java:312)
	at com.kms.katalon.core.main.TestCaseExecutor.processExecutionPhase(TestCaseExecutor.java:291)
	at com.kms.katalon.core.main.TestCaseExecutor.accessMainPhase(TestCaseExecutor.java:283)
	at com.kms.katalon.core.main.TestCaseExecutor.execute(TestCaseExecutor.java:222)
	at com.kms.katalon.core.main.TestSuiteExecutor.accessTestCaseMainPhase(TestSuiteExecutor.java:129)
	at com.kms.katalon.core.main.TestSuiteExecutor.accessTestSuiteMainPhase(TestSuiteExecutor.java:112)
	at com.kms.katalon.core.main.TestSuiteExecutor.execute(TestSuiteExecutor.java:81)
	at com.kms.katalon.core.main.TestCaseMain.startTestSuite(TestCaseMain.java:149)
	at com.kms.katalon.core.main.TestCaseMain$startTestSuite$0.call(Unknown Source)
	at TempTestSuite1544522220605.run(TempTestSuite1544522220605.groovy:36)


2018-12-11 15:28:08 - [TEST_STEP][PASSED] - openBrowser(""): Browser is opened with url: ''

2018-12-11 15:28:08 - [MESSAGE][INFO] - Starting 'Chrome' driver

2018-12-11 15:28:11 - [MESSAGE][PASSED] - Browser is opened with url: ''

2018-12-11 15:28:11 - [TEST_STEP][PASSED] - navigateToUrl(URL): Navigate to 'https://test1.safetychain.com' successfully

2018-12-11 15:28:29 - [MESSAGE][PASSED] - Navigate to 'https://test1.safetychain.com' successfully

2018-12-11 15:28:29 - [TEST_STEP][PASSED] - maximizeWindow(): Current window maximized

2018-12-11 15:28:30 - [MESSAGE][PASSED] - Current window maximized

2018-12-11 15:28:30 - [TEST_STEP][PASSED] - setText(findTestObject("New_User_Latest/NewUserCreation_input_USER NAME_Username"), UserName): Text 'Superadmin' is set on object 'Object Repository/New_User_Latest/NewUserCreation_input_USER NAME_Username'

2018-12-11 15:28:34 - [MESSAGE][PASSED] - Text 'Superadmin' is set on object 'Object Repository/New_User_Latest/NewUserCreation_input_USER NAME_Username'

2018-12-11 15:28:34 - [TEST_STEP][PASSED] - setText(findTestObject("New_User_Latest/NewUserCreation_input_PASSWORD_Password"), Password): Text 'latetest13772boot' is set on object 'Object Repository/New_User_Latest/NewUserCreation_input_PASSWORD_Password'

2018-12-11 15:28:34 - [MESSAGE][PASSED] - Text 'latetest13772boot' is set on object 'Object Repository/New_User_Latest/NewUserCreation_input_PASSWORD_Password'

2018-12-11 15:28:34 - [TEST_STEP][PASSED] - click(findTestObject("New_User_Latest/NewUserCreation_button_LOGIN")): Object: 'Object Repository/New_User_Latest/NewUserCreation_button_LOGIN' is clicked on

2018-12-11 15:28:36 - [MESSAGE][PASSED] - Object: 'Object Repository/New_User_Latest/NewUserCreation_button_LOGIN' is clicked on

2018-12-11 15:28:36 - [TEST_STEP][PASSED] - click(findTestObject("New_User_Latest/NewUserCreation_use")): Object: 'Object Repository/New_User_Latest/NewUserCreation_use' is clicked on

2018-12-11 15:28:42 - [MESSAGE][PASSED] - Object: 'Object Repository/New_User_Latest/NewUserCreation_use' is clicked on

2018-12-11 15:28:42 - [TEST_STEP][PASSED] - click(findTestObject("New_User_Latest/NewUserCreation_div_Admin Tools")): Object: 'Object Repository/New_User_Latest/NewUserCreation_div_Admin Tools' is clicked on

2018-12-11 15:28:42 - [MESSAGE][PASSED] - Object: 'Object Repository/New_User_Latest/NewUserCreation_div_Admin Tools' is clicked on

2018-12-11 15:28:42 - [TEST_STEP][PASSED] - click(findTestObject("New_User_Latest/NewUserCreation_div_Users")): Object: 'Object Repository/New_User_Latest/NewUserCreation_div_Users' is clicked on

2018-12-11 15:28:42 - [MESSAGE][PASSED] - Object: 'Object Repository/New_User_Latest/NewUserCreation_div_Users' is clicked on

2018-12-11 15:28:42 - [TEST_STEP][PASSED] - click(findTestObject("New_User_Latest/NewUserCreation_div_ADD NEW")): Object: 'Object Repository/New_User_Latest/NewUserCreation_div_ADD NEW' is clicked on

2018-12-11 15:28:47 - [MESSAGE][PASSED] - Object: 'Object Repository/New_User_Latest/NewUserCreation_div_ADD NEW' is clicked on

2018-12-11 15:28:47 - [TEST_STEP][PASSED] - RandomRoles.clickName(findTestObject("New_User_Latest/NewUserCreation_input_User Name_txtUserName")): RandomRoles.clickName is PASSED

2018-12-11 15:28:52 - [MESSAGE][PASSED] - RandomRoles.clickName is PASSED

2018-12-11 15:28:52 - [TEST_STEP][NOT_RUN] - setText(findTestObject("New_User_Latest/NewUserCreation_input_User Name_txtUserName"), "anan"): NOT_RUN: setText(findTestObject("New_User_Latest/NewUserCreation_input_User Name_txtUserName"), "anan")

2018-12-11 15:28:52 - [MESSAGE][NOT_RUN] - NOT_RUN: setText(findTestObject("New_User_Latest/NewUserCreation_input_User Name_txtUserName"), "anan")

2018-12-11 15:28:52 - [TEST_STEP][PASSED] - setEncryptedText(findTestObject("New_User_Latest/NewUserCreation_input_Password_txtUserPassword"), "8SQVv/p9jVQJB1dwUUG01g=="): Text ****** has been set on object 'Object Repository/New_User_Latest/NewUserCreation_input_Password_txtUserPassword'

2018-12-11 15:28:52 - [MESSAGE][PASSED] - Text ****** has been set on object 'Object Repository/New_User_Latest/NewUserCreation_input_Password_txtUserPassword'

2018-12-11 15:28:52 - [TEST_STEP][PASSED] - setText(findTestObject("New_User_Latest/NewUserCreation_input_First Name_ng-untouched"), "anan"): Text 'anan' is set on object 'Object Repository/New_User_Latest/NewUserCreation_input_First Name_ng-untouched'

2018-12-11 15:28:52 - [MESSAGE][PASSED] - Text 'anan' is set on object 'Object Repository/New_User_Latest/NewUserCreation_input_First Name_ng-untouched'

2018-12-11 15:28:52 - [TEST_STEP][PASSED] - setText(findTestObject("New_User_Latest/NewUserCreation_input_Last Name_ng-valid ng-va"), "s"): Text 's' is set on object 'Object Repository/New_User_Latest/NewUserCreation_input_Last Name_ng-valid ng-va'

2018-12-11 15:28:52 - [MESSAGE][PASSED] - Text 's' is set on object 'Object Repository/New_User_Latest/NewUserCreation_input_Last Name_ng-valid ng-va'

2018-12-11 15:28:52 - [TEST_STEP][PASSED] - setText(findTestObject("New_User_Latest/NewUserCreation_input_Email_ng-valid ng-valid-"), "aishwarya@email.com"): Text 'aishwarya@email.com' is set on object 'Object Repository/New_User_Latest/NewUserCreation_input_Email_ng-valid ng-valid-'

2018-12-11 15:28:53 - [MESSAGE][PASSED] - Text 'aishwarya@email.com' is set on object 'Object Repository/New_User_Latest/NewUserCreation_input_Email_ng-valid ng-valid-'

2018-12-11 15:28:53 - [TEST_STEP][FAILED] - click(findTestObject("New_User_Latest/NewUserCreation_span_Afghanistan")): click(findTestObject("New_User_Latest/NewUserCreation_span_Afghanistan")) FAILED.
Reason:
com.kms.katalon.core.exception.StepFailedException: Unable to click on object 'Object Repository/New_User_Latest/NewUserCreation_span_Afghanistan' (Root cause: org.openqa.selenium.WebDriverException: unknown error: Element <span>...</span> is not clickable at point (909, 189). Other element would receive the click: <div class="addUserForm">...</div>
  (Session info: chrome=71.0.3578.80)
  (Driver info: chromedriver=2.43.600210 (68dcf5eebde37173d4027fa8635e332711d2874a),platform=Windows NT 6.1.7601 SP1 x86_64) (WARNING: The server did not provide any stacktrace information)
Command duration or timeout: 0 milliseconds
Build info: version: '3.7.1', revision: '8a0099a', time: '2017-11-06T21:07:36.161Z'
System info: host: 'ABHISHEK-PASHIN', ip: '10.21.7.147', os.name: 'Windows 7', os.arch: 'amd64', os.version: '6.1', java.version: '1.8.0_181'
Driver info: com.kms.katalon.selenium.driver.CChromeDriver
Capabilities {acceptInsecureCerts: false, acceptSslCerts: false, applicationCacheEnabled: false, browserConnectionEnabled: false, browserName: chrome, chrome: {chromedriverVersion: 2.43.600210 (68dcf5eebde371..., userDataDir: C:\Users\PASHIN~1\AppData\L...}, cssSelectorsEnabled: true, databaseEnabled: false, goog:chromeOptions: {debuggerAddress: localhost:63840}, handlesAlerts: true, hasTouchScreen: false, javascriptEnabled: true, locationContextEnabled: true, mobileEmulationEnabled: false, nativeEvents: true, networkConnectionEnabled: false, pageLoadStrategy: normal, platform: XP, platformName: XP, rotatable: false, setWindowRect: true, takesHeapSnapshot: true, takesScreenshot: true, unexpectedAlertBehaviour: , unhandledPromptBehavior: , version: 71.0.3578.80, webStorageEnabled: true}
Session ID: 130609694a2f63d6da2227f259979780)
	at com.kms.katalon.core.keyword.internal.KeywordMain.stepFailed(KeywordMain.groovy:36)
	at com.kms.katalon.core.webui.keyword.internal.WebUIKeywordMain.stepFailed(WebUIKeywordMain.groovy:65)
	at com.kms.katalon.core.webui.keyword.internal.WebUIKeywordMain.runKeyword(WebUIKeywordMain.groovy:27)
	at com.kms.katalon.core.webui.keyword.builtin.ClickKeyword.click(ClickKeyword.groovy:86)
	at com.kms.katalon.core.webui.keyword.builtin.ClickKeyword.execute(ClickKeyword.groovy:67)
	at com.kms.katalon.core.keyword.internal.KeywordExecutor.executeKeywordForPlatform(KeywordExecutor.groovy:53)
	at com.kms.katalon.core.webui.keyword.WebUiBuiltInKeywords.click(WebUiBuiltInKeywords.groovy:616)
	at com.kms.katalon.core.webui.keyword.WebUiBuiltInKeywords$click$3.call(Unknown Source)
	at NewInternalUser.run(NewInternalUser:49)
	at com.kms.katalon.core.main.ScriptEngine.run(ScriptEngine.java:194)
	at com.kms.katalon.core.main.ScriptEngine.runScriptAsRawText(ScriptEngine.java:119)
	at com.kms.katalon.core.main.TestCaseExecutor.runScript(TestCaseExecutor.java:321)
	at com.kms.katalon.core.main.TestCaseExecutor.doExecute(TestCaseExecutor.java:312)
	at com.kms.katalon.core.main.TestCaseExecutor.processExecutionPhase(TestCaseExecutor.java:291)
	at com.kms.katalon.core.main.TestCaseExecutor.accessMainPhase(TestCaseExecutor.java:283)
	at com.kms.katalon.core.main.TestCaseExecutor.execute(TestCaseExecutor.java:222)
	at com.kms.katalon.core.main.TestSuiteExecutor.accessTestCaseMainPhase(TestSuiteExecutor.java:129)
	at com.kms.katalon.core.main.TestSuiteExecutor.accessTestSuiteMainPhase(TestSuiteExecutor.java:112)
	at com.kms.katalon.core.main.TestSuiteExecutor.execute(TestSuiteExecutor.java:81)
	at com.kms.katalon.core.main.TestCaseMain.startTestSuite(TestCaseMain.java:149)
	at com.kms.katalon.core.main.TestCaseMain$startTestSuite$0.call(Unknown Source)
	at TempTestSuite1544522220605.run(TempTestSuite1544522220605.groovy:36)


2018-12-11 15:28:53 - [MESSAGE][FAILED] - Unable to click on object 'Object Repository/New_User_Latest/NewUserCreation_span_Afghanistan' (Root cause: org.openqa.selenium.WebDriverException: unknown error: Element <span>...</span> is not clickable at point (909, 189). Other element would receive the click: <div class="addUserForm">...</div>
  (Session info: chrome=71.0.3578.80)
  (Driver info: chromedriver=2.43.600210 (68dcf5eebde37173d4027fa8635e332711d2874a),platform=Windows NT 6.1.7601 SP1 x86_64) (WARNING: The server did not provide any stacktrace information)
Command duration or timeout: 0 milliseconds
Build info: version: '3.7.1', revision: '8a0099a', time: '2017-11-06T21:07:36.161Z'
System info: host: 'ABHISHEK-PASHIN', ip: '10.21.7.147', os.name: 'Windows 7', os.arch: 'amd64', os.version: '6.1', java.version: '1.8.0_181'
Driver info: com.kms.katalon.selenium.driver.CChromeDriver
Capabilities {acceptInsecureCerts: false, acceptSslCerts: false, applicationCacheEnabled: false, browserConnectionEnabled: false, browserName: chrome, chrome: {chromedriverVersion: 2.43.600210 (68dcf5eebde371..., userDataDir: C:\Users\PASHIN~1\AppData\L...}, cssSelectorsEnabled: true, databaseEnabled: false, goog:chromeOptions: {debuggerAddress: localhost:63840}, handlesAlerts: true, hasTouchScreen: false, javascriptEnabled: true, locationContextEnabled: true, mobileEmulationEnabled: false, nativeEvents: true, networkConnectionEnabled: false, pageLoadStrategy: normal, platform: XP, platformName: XP, rotatable: false, setWindowRect: true, takesHeapSnapshot: true, takesScreenshot: true, unexpectedAlertBehaviour: , unhandledPromptBehavior: , version: 71.0.3578.80, webStorageEnabled: true}
Session ID: 130609694a2f63d6da2227f259979780)
[[ATTACHMENT|D:\\Git Data\\SafetyChain-Test-Automation-Katalon\\Reports\\Admin_Tools\\20181211_152700\\1544522333299.png]]

2018-12-11 15:28:53 - [MESSAGE][FAILED] - click(findTestObject("New_User_Latest/NewUserCreation_span_Afghanistan")) FAILED.
Reason:
com.kms.katalon.core.exception.StepFailedException: Unable to click on object 'Object Repository/New_User_Latest/NewUserCreation_span_Afghanistan' (Root cause: org.openqa.selenium.WebDriverException: unknown error: Element <span>...</span> is not clickable at point (909, 189). Other element would receive the click: <div class="addUserForm">...</div>
  (Session info: chrome=71.0.3578.80)
  (Driver info: chromedriver=2.43.600210 (68dcf5eebde37173d4027fa8635e332711d2874a),platform=Windows NT 6.1.7601 SP1 x86_64) (WARNING: The server did not provide any stacktrace information)
Command duration or timeout: 0 milliseconds
Build info: version: '3.7.1', revision: '8a0099a', time: '2017-11-06T21:07:36.161Z'
System info: host: 'ABHISHEK-PASHIN', ip: '10.21.7.147', os.name: 'Windows 7', os.arch: 'amd64', os.version: '6.1', java.version: '1.8.0_181'
Driver info: com.kms.katalon.selenium.driver.CChromeDriver
Capabilities {acceptInsecureCerts: false, acceptSslCerts: false, applicationCacheEnabled: false, browserConnectionEnabled: false, browserName: chrome, chrome: {chromedriverVersion: 2.43.600210 (68dcf5eebde371..., userDataDir: C:\Users\PASHIN~1\AppData\L...}, cssSelectorsEnabled: true, databaseEnabled: false, goog:chromeOptions: {debuggerAddress: localhost:63840}, handlesAlerts: true, hasTouchScreen: false, javascriptEnabled: true, locationContextEnabled: true, mobileEmulationEnabled: false, nativeEvents: true, networkConnectionEnabled: false, pageLoadStrategy: normal, platform: XP, platformName: XP, rotatable: false, setWindowRect: true, takesHeapSnapshot: true, takesScreenshot: true, unexpectedAlertBehaviour: , unhandledPromptBehavior: , version: 71.0.3578.80, webStorageEnabled: true}
Session ID: 130609694a2f63d6da2227f259979780)
	at com.kms.katalon.core.keyword.internal.KeywordMain.stepFailed(KeywordMain.groovy:36)
	at com.kms.katalon.core.webui.keyword.internal.WebUIKeywordMain.stepFailed(WebUIKeywordMain.groovy:65)
	at com.kms.katalon.core.webui.keyword.internal.WebUIKeywordMain.runKeyword(WebUIKeywordMain.groovy:27)
	at com.kms.katalon.core.webui.keyword.builtin.ClickKeyword.click(ClickKeyword.groovy:86)
	at com.kms.katalon.core.webui.keyword.builtin.ClickKeyword.execute(ClickKeyword.groovy:67)
	at com.kms.katalon.core.keyword.internal.KeywordExecutor.executeKeywordForPlatform(KeywordExecutor.groovy:53)
	at com.kms.katalon.core.webui.keyword.WebUiBuiltInKeywords.click(WebUiBuiltInKeywords.groovy:616)
	at com.kms.katalon.core.webui.keyword.WebUiBuiltInKeywords$click$3.call(Unknown Source)
	at NewInternalUser.run(NewInternalUser:49)
	at com.kms.katalon.core.main.ScriptEngine.run(ScriptEngine.java:194)
	at com.kms.katalon.core.main.ScriptEngine.runScriptAsRawText(ScriptEngine.java:119)
	at com.kms.katalon.core.main.TestCaseExecutor.runScript(TestCaseExecutor.java:321)
	at com.kms.katalon.core.main.TestCaseExecutor.doExecute(TestCaseExecutor.java:312)
	at com.kms.katalon.core.main.TestCaseExecutor.processExecutionPhase(TestCaseExecutor.java:291)
	at com.kms.katalon.core.main.TestCaseExecutor.accessMainPhase(TestCaseExecutor.java:283)
	at com.kms.katalon.core.main.TestCaseExecutor.execute(TestCaseExecutor.java:222)
	at com.kms.katalon.core.main.TestSuiteExecutor.accessTestCaseMainPhase(TestSuiteExecutor.java:129)
	at com.kms.katalon.core.main.TestSuiteExecutor.accessTestSuiteMainPhase(TestSuiteExecutor.java:112)
	at com.kms.katalon.core.main.TestSuiteExecutor.execute(TestSuiteExecutor.java:81)
	at com.kms.katalon.core.main.TestCaseMain.startTestSuite(TestCaseMain.java:149)
	at com.kms.katalon.core.main.TestCaseMain$startTestSuite$0.call(Unknown Source)
	at TempTestSuite1544522220605.run(TempTestSuite1544522220605.groovy:36)]]></system-out>
         <system-err><![CDATA[2018-12-11 15:28:08 - [TEST_CASE][FAILED] - Test Cases/AdminTools/NewInternalUser: Test Cases/AdminTools/NewInternalUser FAILED.
Reason:
com.kms.katalon.core.exception.StepFailedException: Unable to click on object 'Object Repository/New_User_Latest/NewUserCreation_span_Afghanistan' (Root cause: org.openqa.selenium.WebDriverException: unknown error: Element <span>...</span> is not clickable at point (909, 189). Other element would receive the click: <div class="addUserForm">...</div>
  (Session info: chrome=71.0.3578.80)
  (Driver info: chromedriver=2.43.600210 (68dcf5eebde37173d4027fa8635e332711d2874a),platform=Windows NT 6.1.7601 SP1 x86_64) (WARNING: The server did not provide any stacktrace information)
Command duration or timeout: 0 milliseconds
Build info: version: '3.7.1', revision: '8a0099a', time: '2017-11-06T21:07:36.161Z'
System info: host: 'ABHISHEK-PASHIN', ip: '10.21.7.147', os.name: 'Windows 7', os.arch: 'amd64', os.version: '6.1', java.version: '1.8.0_181'
Driver info: com.kms.katalon.selenium.driver.CChromeDriver
Capabilities {acceptInsecureCerts: false, acceptSslCerts: false, applicationCacheEnabled: false, browserConnectionEnabled: false, browserName: chrome, chrome: {chromedriverVersion: 2.43.600210 (68dcf5eebde371..., userDataDir: C:\Users\PASHIN~1\AppData\L...}, cssSelectorsEnabled: true, databaseEnabled: false, goog:chromeOptions: {debuggerAddress: localhost:63840}, handlesAlerts: true, hasTouchScreen: false, javascriptEnabled: true, locationContextEnabled: true, mobileEmulationEnabled: false, nativeEvents: true, networkConnectionEnabled: false, pageLoadStrategy: normal, platform: XP, platformName: XP, rotatable: false, setWindowRect: true, takesHeapSnapshot: true, takesScreenshot: true, unexpectedAlertBehaviour: , unhandledPromptBehavior: , version: 71.0.3578.80, webStorageEnabled: true}
Session ID: 130609694a2f63d6da2227f259979780)
	at com.kms.katalon.core.keyword.internal.KeywordMain.stepFailed(KeywordMain.groovy:36)
	at com.kms.katalon.core.webui.keyword.internal.WebUIKeywordMain.stepFailed(WebUIKeywordMain.groovy:65)
	at com.kms.katalon.core.webui.keyword.internal.WebUIKeywordMain.runKeyword(WebUIKeywordMain.groovy:27)
	at com.kms.katalon.core.webui.keyword.builtin.ClickKeyword.click(ClickKeyword.groovy:86)
	at com.kms.katalon.core.webui.keyword.builtin.ClickKeyword.execute(ClickKeyword.groovy:67)
	at com.kms.katalon.core.keyword.internal.KeywordExecutor.executeKeywordForPlatform(KeywordExecutor.groovy:53)
	at com.kms.katalon.core.webui.keyword.WebUiBuiltInKeywords.click(WebUiBuiltInKeywords.groovy:616)
	at com.kms.katalon.core.webui.keyword.WebUiBuiltInKeywords$click$3.call(Unknown Source)
	at NewInternalUser.run(NewInternalUser:49)
	at com.kms.katalon.core.main.ScriptEngine.run(ScriptEngine.java:194)
	at com.kms.katalon.core.main.ScriptEngine.runScriptAsRawText(ScriptEngine.java:119)
	at com.kms.katalon.core.main.TestCaseExecutor.runScript(TestCaseExecutor.java:321)
	at com.kms.katalon.core.main.TestCaseExecutor.doExecute(TestCaseExecutor.java:312)
	at com.kms.katalon.core.main.TestCaseExecutor.processExecutionPhase(TestCaseExecutor.java:291)
	at com.kms.katalon.core.main.TestCaseExecutor.accessMainPhase(TestCaseExecutor.java:283)
	at com.kms.katalon.core.main.TestCaseExecutor.execute(TestCaseExecutor.java:222)
	at com.kms.katalon.core.main.TestSuiteExecutor.accessTestCaseMainPhase(TestSuiteExecutor.java:129)
	at com.kms.katalon.core.main.TestSuiteExecutor.accessTestSuiteMainPhase(TestSuiteExecutor.java:112)
	at com.kms.katalon.core.main.TestSuiteExecutor.execute(TestSuiteExecutor.java:81)
	at com.kms.katalon.core.main.TestCaseMain.startTestSuite(TestCaseMain.java:149)
	at com.kms.katalon.core.main.TestCaseMain$startTestSuite$0.call(Unknown Source)
	at TempTestSuite1544522220605.run(TempTestSuite1544522220605.groovy:36)]]></system-err>
      </testcase>
      <testcase name="Test Cases/AdminTools/Roles" classname="Test Cases/AdminTools/Roles" status="PASSED">
         <system-out><![CDATA[2018-12-11 15:28:53 - [TEST_CASE][PASSED] - Test Cases/AdminTools/Roles: Test Cases/AdminTools/Roles

2018-12-11 15:28:53 - [TEST_STEP][PASSED] - openBrowser(""): Browser is opened with url: ''

2018-12-11 15:28:53 - [MESSAGE][WARNING] - A browser is already opened. Closing browser and opening a new one

2018-12-11 15:28:54 - [MESSAGE][INFO] - Starting 'Chrome' driver

2018-12-11 15:28:57 - [MESSAGE][PASSED] - Browser is opened with url: ''

2018-12-11 15:28:57 - [TEST_STEP][PASSED] - navigateToUrl(URL): Navigate to 'https://test1.safetychain.com' successfully

2018-12-11 15:29:12 - [MESSAGE][PASSED] - Navigate to 'https://test1.safetychain.com' successfully

2018-12-11 15:29:12 - [TEST_STEP][PASSED] - maximizeWindow(): Current window maximized

2018-12-11 15:29:13 - [MESSAGE][PASSED] - Current window maximized

2018-12-11 15:29:13 - [TEST_STEP][PASSED] - setText(findTestObject("Role-Latest/ManageRoles_input_USER NAME_Username"), UserName): Text 'Superadmin' is set on object 'Object Repository/Role-Latest/ManageRoles_input_USER NAME_Username'

2018-12-11 15:29:18 - [MESSAGE][PASSED] - Text 'Superadmin' is set on object 'Object Repository/Role-Latest/ManageRoles_input_USER NAME_Username'

2018-12-11 15:29:18 - [TEST_STEP][PASSED] - setText(findTestObject("Role-Latest/ManageRoles_input_PASSWORD_Password"), Password): Text 'latetest13772boot' is set on object 'Object Repository/Role-Latest/ManageRoles_input_PASSWORD_Password'

2018-12-11 15:29:18 - [MESSAGE][PASSED] - Text 'latetest13772boot' is set on object 'Object Repository/Role-Latest/ManageRoles_input_PASSWORD_Password'

2018-12-11 15:29:18 - [TEST_STEP][PASSED] - click(findTestObject("Role-Latest/ManageRoles_button_LOGIN")): Object: 'Object Repository/Role-Latest/ManageRoles_button_LOGIN' is clicked on

2018-12-11 15:29:20 - [MESSAGE][PASSED] - Object: 'Object Repository/Role-Latest/ManageRoles_button_LOGIN' is clicked on

2018-12-11 15:29:20 - [TEST_STEP][PASSED] - click(findTestObject("Role-Latest/ManageRoles_svg_STAGE_scsIcon scs-hamburge")): Object: 'Object Repository/Role-Latest/ManageRoles_svg_STAGE_scsIcon scs-hamburge' is clicked on

2018-12-11 15:29:25 - [MESSAGE][PASSED] - Object: 'Object Repository/Role-Latest/ManageRoles_svg_STAGE_scsIcon scs-hamburge' is clicked on

2018-12-11 15:29:25 - [TEST_STEP][PASSED] - click(findTestObject("Role-Latest/ManageRoles_div_Admin Tools")): Object: 'Object Repository/Role-Latest/ManageRoles_div_Admin Tools' is clicked on

2018-12-11 15:29:25 - [MESSAGE][PASSED] - Object: 'Object Repository/Role-Latest/ManageRoles_div_Admin Tools' is clicked on

2018-12-11 15:29:25 - [TEST_STEP][PASSED] - click(findTestObject("Role-Latest/ManageRoles_div_Roles")): Object: 'Object Repository/Role-Latest/ManageRoles_div_Roles' is clicked on

2018-12-11 15:29:25 - [MESSAGE][PASSED] - Object: 'Object Repository/Role-Latest/ManageRoles_div_Roles' is clicked on

2018-12-11 15:29:25 - [TEST_STEP][PASSED] - click(findTestObject("Role-Latest/ManageRoles_i_UserAdmin_fa fa-plus-circle")): Object: 'Object Repository/Role-Latest/ManageRoles_i_UserAdmin_fa fa-plus-circle' is clicked on

2018-12-11 15:29:26 - [MESSAGE][PASSED] - Object: 'Object Repository/Role-Latest/ManageRoles_i_UserAdmin_fa fa-plus-circle' is clicked on

2018-12-11 15:29:26 - [TEST_STEP][PASSED] - RandomRoles.clickElement(findTestObject("Role-Latest/ManageRoles_input_UserAdmin_scs-list-view-")): RandomRoles.clickElement is PASSED

2018-12-11 15:29:27 - [MESSAGE][PASSED] - RandomRoles.clickElement is PASSED

2018-12-11 15:29:27 - [TEST_STEP][PASSED] - click(findTestObject("Role-Latest/ManageRoles_div_SAVE")): Object: 'Object Repository/Role-Latest/ManageRoles_div_SAVE' is clicked on

2018-12-11 15:29:30 - [MESSAGE][PASSED] - Object: 'Object Repository/Role-Latest/ManageRoles_div_SAVE' is clicked on

2018-12-11 15:29:30 - [TEST_STEP][PASSED] - Thread.sleep(6000): null

2018-12-11 15:29:36 - [TEST_STEP][PASSED] - click(findTestObject("User_role Attachment-Latest/UserRoleLink_span_Users")): Object: 'Object Repository/User_role Attachment-Latest/UserRoleLink_span_Users' is clicked on

2018-12-11 15:29:36 - [MESSAGE][PASSED] - Object: 'Object Repository/User_role Attachment-Latest/UserRoleLink_span_Users' is clicked on

2018-12-11 15:29:36 - [TEST_STEP][PASSED] - Thread.sleep(4000): null

2018-12-11 15:29:40 - [TEST_STEP][PASSED] - setText(findTestObject("User_role Attachment-Latest/UserRoleLink_input_SAVE_scs-manage-roles-se"), "Superadmin"): Text 'Superadmin' is set on object 'Object Repository/User_role Attachment-Latest/UserRoleLink_input_SAVE_scs-manage-roles-se'

2018-12-11 15:29:40 - [MESSAGE][PASSED] - Text 'Superadmin' is set on object 'Object Repository/User_role Attachment-Latest/UserRoleLink_input_SAVE_scs-manage-roles-se'

2018-12-11 15:29:40 - [TEST_STEP][PASSED] - Thread.sleep(4000): null

2018-12-11 15:29:44 - [TEST_STEP][PASSED] - click(findTestObject("User_role Attachment-Latest/UserRoleLink_span_SAVE_fa fa-search")): Object: 'Object Repository/User_role Attachment-Latest/UserRoleLink_span_SAVE_fa fa-search' is clicked on

2018-12-11 15:29:45 - [MESSAGE][PASSED] - Object: 'Object Repository/User_role Attachment-Latest/UserRoleLink_span_SAVE_fa fa-search' is clicked on

2018-12-11 15:29:45 - [TEST_STEP][PASSED] - Thread.sleep(4000): null

2018-12-11 15:29:49 - [TEST_STEP][PASSED] - click(findTestObject("User_role Attachment-Latest/UserRoleLink_input_select_scs-grid-row-chec")): Object: 'Object Repository/User_role Attachment-Latest/UserRoleLink_input_select_scs-grid-row-chec' is clicked on

2018-12-11 15:29:49 - [MESSAGE][PASSED] - Object: 'Object Repository/User_role Attachment-Latest/UserRoleLink_input_select_scs-grid-row-chec' is clicked on

2018-12-11 15:29:49 - [TEST_STEP][PASSED] - Thread.sleep(4000): null

2018-12-11 15:29:53 - [TEST_STEP][PASSED] - click(findTestObject("User_role Attachment-Latest/UserRoleLink_div_SAVE")): Object: 'Object Repository/User_role Attachment-Latest/UserRoleLink_div_SAVE' is clicked on

2018-12-11 15:29:53 - [MESSAGE][PASSED] - Object: 'Object Repository/User_role Attachment-Latest/UserRoleLink_div_SAVE' is clicked on

2018-12-11 15:29:53 - [TEST_STEP][PASSED] - Thread.sleep(4000): null

2018-12-11 15:29:57 - [TEST_STEP][PASSED] - click(findTestObject("Role-Latest/ManageRoles_div_adit s_scs-user-icon")): Object: 'Object Repository/Role-Latest/ManageRoles_div_adit s_scs-user-icon' is clicked on

2018-12-11 15:29:57 - [MESSAGE][PASSED] - Object: 'Object Repository/Role-Latest/ManageRoles_div_adit s_scs-user-icon' is clicked on

2018-12-11 15:29:57 - [TEST_STEP][PASSED] - Thread.sleep(5000): null

2018-12-11 15:30:02 - [TEST_STEP][PASSED] - verifyElementChecked(findTestObject("User_role Attachment-Latest/Page_SafetyChain/Page_SafetyChain/ToCheckElementIsTicked"), 5): Object 'Object Repository/User_role Attachment-Latest/Page_SafetyChain/Page_SafetyChain/ToCheckElementIsTicked' is checked

2018-12-11 15:30:02 - [MESSAGE][PASSED] - Object 'Object Repository/User_role Attachment-Latest/Page_SafetyChain/Page_SafetyChain/ToCheckElementIsTicked' is checked

2018-12-11 15:30:02 - [TEST_STEP][PASSED] - click(findTestObject("Role-Latest/ManageRoles_li_Logout")): Object: 'Object Repository/Role-Latest/ManageRoles_li_Logout' is clicked on

2018-12-11 15:30:06 - [MESSAGE][PASSED] - Object: 'Object Repository/Role-Latest/ManageRoles_li_Logout' is clicked on

2018-12-11 15:30:06 - [TEST_STEP][PASSED] - closeBrowser(): Browser is closed

2018-12-11 15:30:07 - [MESSAGE][PASSED] - Browser is closed]]></system-out>
         <system-err><![CDATA[]]></system-err>
      </testcase>
      <testcase name="Test Cases/AdminTools/WorkGroup" classname="Test Cases/AdminTools/WorkGroup" status="PASSED">
         <system-out><![CDATA[2018-12-11 15:30:07 - [TEST_CASE][PASSED] - Test Cases/AdminTools/WorkGroup: Test Cases/AdminTools/WorkGroup

2018-12-11 15:30:07 - [TEST_STEP][PASSED] - sc.sc_customkeywords.UniqueName("WorkGroup"): sc.sc_customkeywords.UniqueName is PASSED

2018-12-11 15:30:07 - [MESSAGE][PASSED] - sc.sc_customkeywords.UniqueName is PASSED

2018-12-11 15:30:07 - [TEST_STEP][PASSED] - openBrowser(""): Browser is opened with url: ''

2018-12-11 15:30:07 - [MESSAGE][INFO] - Starting 'Chrome' driver

2018-12-11 15:30:10 - [MESSAGE][PASSED] - Browser is opened with url: ''

2018-12-11 15:30:10 - [TEST_STEP][PASSED] - maximizeWindow(): Current window maximized

2018-12-11 15:30:11 - [MESSAGE][PASSED] - Current window maximized

2018-12-11 15:30:11 - [TEST_STEP][PASSED] - navigateToUrl(URL): Navigate to 'https://test1.safetychain.com' successfully

2018-12-11 15:30:28 - [MESSAGE][PASSED] - Navigate to 'https://test1.safetychain.com' successfully

2018-12-11 15:30:28 - [TEST_STEP][PASSED] - setText(findTestObject("CommonObjects/Login_UserName"), UserName): Text 'Superadmin' is set on object 'Object Repository/CommonObjects/Login_UserName'

2018-12-11 15:30:33 - [MESSAGE][PASSED] - Text 'Superadmin' is set on object 'Object Repository/CommonObjects/Login_UserName'

2018-12-11 15:30:33 - [TEST_STEP][PASSED] - setText(findTestObject("CommonObjects/Login_Password"), Password): Text 'latetest13772boot' is set on object 'Object Repository/CommonObjects/Login_Password'

2018-12-11 15:30:33 - [MESSAGE][PASSED] - Text 'latetest13772boot' is set on object 'Object Repository/CommonObjects/Login_Password'

2018-12-11 15:30:33 - [TEST_STEP][PASSED] - click(findTestObject("CommonObjects/Login_LoginButton")): Object: 'Object Repository/CommonObjects/Login_LoginButton' is clicked on

2018-12-11 15:30:35 - [MESSAGE][PASSED] - Object: 'Object Repository/CommonObjects/Login_LoginButton' is clicked on

2018-12-11 15:30:35 - [TEST_STEP][PASSED] - click(findTestObject("CommonObjects/FSQA_MainMenu")): Object: 'Object Repository/CommonObjects/FSQA_MainMenu' is clicked on

2018-12-11 15:30:40 - [MESSAGE][PASSED] - Object: 'Object Repository/CommonObjects/FSQA_MainMenu' is clicked on

2018-12-11 15:30:40 - [TEST_STEP][PASSED] - click(findTestObject("CommonObjects/MainMenu_AdminTools")): Object: 'Object Repository/CommonObjects/MainMenu_AdminTools' is clicked on

2018-12-11 15:30:40 - [MESSAGE][PASSED] - Object: 'Object Repository/CommonObjects/MainMenu_AdminTools' is clicked on

2018-12-11 15:30:40 - [TEST_STEP][PASSED] - click(findTestObject("CommonObjects/MainMenu_WorkGroups")): Object: 'Object Repository/CommonObjects/MainMenu_WorkGroups' is clicked on

2018-12-11 15:30:41 - [MESSAGE][PASSED] - Object: 'Object Repository/CommonObjects/MainMenu_WorkGroups' is clicked on

2018-12-11 15:30:41 - [TEST_STEP][PASSED] - click(findTestObject("WorkGroup/WorkGroup_PlusIcon")): Object: 'Object Repository/WorkGroup/WorkGroup_PlusIcon' is clicked on

2018-12-11 15:30:46 - [MESSAGE][PASSED] - Object: 'Object Repository/WorkGroup/WorkGroup_PlusIcon' is clicked on

2018-12-11 15:30:46 - [TEST_STEP][PASSED] - setText(findTestObject("WorkGroup/WorkGroup_AddingNewTextField"), findTestData("TestData").getValue("WorkGroup", 1)): Text 'WorkGroup1544522407784' is set on object 'Object Repository/WorkGroup/WorkGroup_AddingNewTextField'

2018-12-11 15:30:46 - [MESSAGE][PASSED] - Text 'WorkGroup1544522407784' is set on object 'Object Repository/WorkGroup/WorkGroup_AddingNewTextField'

2018-12-11 15:30:46 - [TEST_STEP][PASSED] - click(findTestObject("WorkGroup/WorkGroup_SaveButton")): Object: 'Object Repository/WorkGroup/WorkGroup_SaveButton' is clicked on

2018-12-11 15:30:48 - [MESSAGE][PASSED] - Object: 'Object Repository/WorkGroup/WorkGroup_SaveButton' is clicked on

2018-12-11 15:30:48 - [TEST_STEP][PASSED] - Thread.sleep(3000): null

2018-12-11 15:30:51 - [TEST_STEP][PASSED] - verifyTextPresent(findTestData("TestData").getValue("WorkGroup", 1), false): Text 'WorkGroup1544522407784' is present on page 

2018-12-11 15:30:52 - [MESSAGE][PASSED] - Text 'WorkGroup1544522407784' is present on page 

2018-12-11 15:30:52 - [TEST_STEP][PASSED] - closeBrowser(): Browser is closed

2018-12-11 15:30:53 - [MESSAGE][PASSED] - Browser is closed]]></system-out>
         <system-err><![CDATA[]]></system-err>
      </testcase>
      <system-out><![CDATA[2018-12-11 15:27:02 - [TEST_SUITE][FAILED] - Admin_Tools: Test Cases/AdminTools/NewInternalUser FAILED.
Reason:
com.kms.katalon.core.exception.StepFailedException: Unable to click on object 'Object Repository/New_User_Latest/NewUserCreation_span_Afghanistan' (Root cause: org.openqa.selenium.WebDriverException: unknown error: Element <span>...</span> is not clickable at point (909, 189). Other element would receive the click: <div class="addUserForm">...</div>
  (Session info: chrome=71.0.3578.80)
  (Driver info: chromedriver=2.43.600210 (68dcf5eebde37173d4027fa8635e332711d2874a),platform=Windows NT 6.1.7601 SP1 x86_64) (WARNING: The server did not provide any stacktrace information)
Command duration or timeout: 0 milliseconds
Build info: version: '3.7.1', revision: '8a0099a', time: '2017-11-06T21:07:36.161Z'
System info: host: 'ABHISHEK-PASHIN', ip: '10.21.7.147', os.name: 'Windows 7', os.arch: 'amd64', os.version: '6.1', java.version: '1.8.0_181'
Driver info: com.kms.katalon.selenium.driver.CChromeDriver
Capabilities {acceptInsecureCerts: false, acceptSslCerts: false, applicationCacheEnabled: false, browserConnectionEnabled: false, browserName: chrome, chrome: {chromedriverVersion: 2.43.600210 (68dcf5eebde371..., userDataDir: C:\Users\PASHIN~1\AppData\L...}, cssSelectorsEnabled: true, databaseEnabled: false, goog:chromeOptions: {debuggerAddress: localhost:63840}, handlesAlerts: true, hasTouchScreen: false, javascriptEnabled: true, locationContextEnabled: true, mobileEmulationEnabled: false, nativeEvents: true, networkConnectionEnabled: false, pageLoadStrategy: normal, platform: XP, platformName: XP, rotatable: false, setWindowRect: true, takesHeapSnapshot: true, takesScreenshot: true, unexpectedAlertBehaviour: , unhandledPromptBehavior: , version: 71.0.3578.80, webStorageEnabled: true}
Session ID: 130609694a2f63d6da2227f259979780)
	at com.kms.katalon.core.keyword.internal.KeywordMain.stepFailed(KeywordMain.groovy:36)
	at com.kms.katalon.core.webui.keyword.internal.WebUIKeywordMain.stepFailed(WebUIKeywordMain.groovy:65)
	at com.kms.katalon.core.webui.keyword.internal.WebUIKeywordMain.runKeyword(WebUIKeywordMain.groovy:27)
	at com.kms.katalon.core.webui.keyword.builtin.ClickKeyword.click(ClickKeyword.groovy:86)
	at com.kms.katalon.core.webui.keyword.builtin.ClickKeyword.execute(ClickKeyword.groovy:67)
	at com.kms.katalon.core.keyword.internal.KeywordExecutor.executeKeywordForPlatform(KeywordExecutor.groovy:53)
	at com.kms.katalon.core.webui.keyword.WebUiBuiltInKeywords.click(WebUiBuiltInKeywords.groovy:616)
	at com.kms.katalon.core.webui.keyword.WebUiBuiltInKeywords$click$3.call(Unknown Source)
	at NewInternalUser.run(NewInternalUser:49)
	at com.kms.katalon.core.main.ScriptEngine.run(ScriptEngine.java:194)
	at com.kms.katalon.core.main.ScriptEngine.runScriptAsRawText(ScriptEngine.java:119)
	at com.kms.katalon.core.main.TestCaseExecutor.runScript(TestCaseExecutor.java:321)
	at com.kms.katalon.core.main.TestCaseExecutor.doExecute(TestCaseExecutor.java:312)
	at com.kms.katalon.core.main.TestCaseExecutor.processExecutionPhase(TestCaseExecutor.java:291)
	at com.kms.katalon.core.main.TestCaseExecutor.accessMainPhase(TestCaseExecutor.java:283)
	at com.kms.katalon.core.main.TestCaseExecutor.execute(TestCaseExecutor.java:222)
	at com.kms.katalon.core.main.TestSuiteExecutor.accessTestCaseMainPhase(TestSuiteExecutor.java:129)
	at com.kms.katalon.core.main.TestSuiteExecutor.accessTestSuiteMainPhase(TestSuiteExecutor.java:112)
	at com.kms.katalon.core.main.TestSuiteExecutor.execute(TestSuiteExecutor.java:81)
	at com.kms.katalon.core.main.TestCaseMain.startTestSuite(TestCaseMain.java:149)
	at com.kms.katalon.core.main.TestCaseMain$startTestSuite$0.call(Unknown Source)
	at TempTestSuite1544522220605.run(TempTestSuite1544522220605.groovy:36)]]></system-out>
      <system-err><![CDATA[2018-12-11 15:27:02 - [TEST_SUITE][FAILED] - Admin_Tools: Test Cases/AdminTools/NewInternalUser FAILED.
Reason:
com.kms.katalon.core.exception.StepFailedException: Unable to click on object 'Object Repository/New_User_Latest/NewUserCreation_span_Afghanistan' (Root cause: org.openqa.selenium.WebDriverException: unknown error: Element <span>...</span> is not clickable at point (909, 189). Other element would receive the click: <div class="addUserForm">...</div>
  (Session info: chrome=71.0.3578.80)
  (Driver info: chromedriver=2.43.600210 (68dcf5eebde37173d4027fa8635e332711d2874a),platform=Windows NT 6.1.7601 SP1 x86_64) (WARNING: The server did not provide any stacktrace information)
Command duration or timeout: 0 milliseconds
Build info: version: '3.7.1', revision: '8a0099a', time: '2017-11-06T21:07:36.161Z'
System info: host: 'ABHISHEK-PASHIN', ip: '10.21.7.147', os.name: 'Windows 7', os.arch: 'amd64', os.version: '6.1', java.version: '1.8.0_181'
Driver info: com.kms.katalon.selenium.driver.CChromeDriver
Capabilities {acceptInsecureCerts: false, acceptSslCerts: false, applicationCacheEnabled: false, browserConnectionEnabled: false, browserName: chrome, chrome: {chromedriverVersion: 2.43.600210 (68dcf5eebde371..., userDataDir: C:\Users\PASHIN~1\AppData\L...}, cssSelectorsEnabled: true, databaseEnabled: false, goog:chromeOptions: {debuggerAddress: localhost:63840}, handlesAlerts: true, hasTouchScreen: false, javascriptEnabled: true, locationContextEnabled: true, mobileEmulationEnabled: false, nativeEvents: true, networkConnectionEnabled: false, pageLoadStrategy: normal, platform: XP, platformName: XP, rotatable: false, setWindowRect: true, takesHeapSnapshot: true, takesScreenshot: true, unexpectedAlertBehaviour: , unhandledPromptBehavior: , version: 71.0.3578.80, webStorageEnabled: true}
Session ID: 130609694a2f63d6da2227f259979780)
	at com.kms.katalon.core.keyword.internal.KeywordMain.stepFailed(KeywordMain.groovy:36)
	at com.kms.katalon.core.webui.keyword.internal.WebUIKeywordMain.stepFailed(WebUIKeywordMain.groovy:65)
	at com.kms.katalon.core.webui.keyword.internal.WebUIKeywordMain.runKeyword(WebUIKeywordMain.groovy:27)
	at com.kms.katalon.core.webui.keyword.builtin.ClickKeyword.click(ClickKeyword.groovy:86)
	at com.kms.katalon.core.webui.keyword.builtin.ClickKeyword.execute(ClickKeyword.groovy:67)
	at com.kms.katalon.core.keyword.internal.KeywordExecutor.executeKeywordForPlatform(KeywordExecutor.groovy:53)
	at com.kms.katalon.core.webui.keyword.WebUiBuiltInKeywords.click(WebUiBuiltInKeywords.groovy:616)
	at com.kms.katalon.core.webui.keyword.WebUiBuiltInKeywords$click$3.call(Unknown Source)
	at NewInternalUser.run(NewInternalUser:49)
	at com.kms.katalon.core.main.ScriptEngine.run(ScriptEngine.java:194)
	at com.kms.katalon.core.main.ScriptEngine.runScriptAsRawText(ScriptEngine.java:119)
	at com.kms.katalon.core.main.TestCaseExecutor.runScript(TestCaseExecutor.java:321)
	at com.kms.katalon.core.main.TestCaseExecutor.doExecute(TestCaseExecutor.java:312)
	at com.kms.katalon.core.main.TestCaseExecutor.processExecutionPhase(TestCaseExecutor.java:291)
	at com.kms.katalon.core.main.TestCaseExecutor.accessMainPhase(TestCaseExecutor.java:283)
	at com.kms.katalon.core.main.TestCaseExecutor.execute(TestCaseExecutor.java:222)
	at com.kms.katalon.core.main.TestSuiteExecutor.accessTestCaseMainPhase(TestSuiteExecutor.java:129)
	at com.kms.katalon.core.main.TestSuiteExecutor.accessTestSuiteMainPhase(TestSuiteExecutor.java:112)
	at com.kms.katalon.core.main.TestSuiteExecutor.execute(TestSuiteExecutor.java:81)
	at com.kms.katalon.core.main.TestCaseMain.startTestSuite(TestCaseMain.java:149)
	at com.kms.katalon.core.main.TestCaseMain$startTestSuite$0.call(Unknown Source)
	at TempTestSuite1544522220605.run(TempTestSuite1544522220605.groovy:36)]]></system-err>
   </testsuite>
</testsuites>
