<?xml version="1.0" encoding="UTF-8"?>
<testsuites name="SmokeSuite" time="800" tests="8" failures="5" errors="0">
   <testsuite name="SmokeSuite" tests="8" failures="5" errors="0" time="800" timestamp="2018-10-31 15:21:56" hostname="pashine_a - Abhishek-Pashine.India.XoriantCorp.com" id="Test Suites/SmokeSuite">
      <properties>
         <property name="deviceName" value=""/>
         <property name="devicePlatform" value=""/>
         <property name="logFolder" value="D:\\Git Data\\SafetyChain-Test-Automation-Katalon\\Reports\\SmokeSuite\\20181031_145026"/>
         <property name="logFiles" value="D:\\Git Data\\SafetyChain-Test-Automation-Katalon\\Reports\\SmokeSuite\\20181031_145026\\execution0.log"/>
         <property name="attachments" value="D:\\Git Data\\SafetyChain-Test-Automation-Katalon\\Reports\\SmokeSuite\\20181031_145026\\1540979870411.png, D:\\Git Data\\SafetyChain-Test-Automation-Katalon\\Reports\\SmokeSuite\\20181031_145026\\1540980281515.png"/>
         <property name="hostName" value="pashine_a - Abhishek-Pashine.India.XoriantCorp.com"/>
         <property name="os" value="Windows 7 64bit"/>
         <property name="katalonVersion" value="5.8.4.14"/>
         <property name="browser" value="Chrome 70.0.3538.77"/>
         <property name="hostAddress" value="10.21.7.138"/>
         <property name="sessionId" value="dbe5a8f8d2c84d6345fdd4f49548484c"/>
         <property name="seleniumVersion" value="3.7.1"/>
         <property name="proxyInformation" value="ProxyInformation{proxyOption=NO_PROXY, proxyServerType=HTTP, password=, proxyServerAddress=, proxyServerPort=0}"/>
         <property name="platform" value="Windows 7"/>
      </properties>
      <testcase name="Test Cases/AdminTools/InternalUser" classname="Test Cases/AdminTools/InternalUser" status="PASSED">
         <system-out><![CDATA[2018-10-31 15:21:56 - [TEST_CASE][PASSED] - Test Cases/AdminTools/InternalUser: Test Cases/AdminTools/InternalUser

2018-10-31 15:21:57 - [TEST_STEP][PASSED] - sc.sc_customkeywords.UniqueName: sc.sc_customkeywords.UniqueName is PASSED

2018-10-31 15:21:58 - [MESSAGE][PASSED] - sc.sc_customkeywords.UniqueName is PASSED

2018-10-31 15:21:58 - [TEST_STEP][PASSED] - openBrowser: Browser is opened with url: ''

2018-10-31 15:22:02 - [MESSAGE][PASSED] - Browser is opened with url: ''

2018-10-31 15:22:02 - [TEST_STEP][PASSED] - maximizeWindow: Current window maximized

2018-10-31 15:22:03 - [MESSAGE][PASSED] - Current window maximized

2018-10-31 15:22:03 - [TEST_STEP][PASSED] - navigateToUrl: Navigate to 'http://test1.qa.safetychain.com/' successfully

2018-10-31 15:22:17 - [MESSAGE][PASSED] - Navigate to 'http://test1.qa.safetychain.com/' successfully

2018-10-31 15:22:17 - [TEST_STEP][PASSED] - Statement - java.lang.Thread.sleep(5000): null

2018-10-31 15:22:22 - [TEST_STEP][PASSED] - setText: Text 'Superadmin' is set on object 'Object Repository/CommonObjects/Login_UserName'

2018-10-31 15:22:23 - [MESSAGE][PASSED] - Text 'Superadmin' is set on object 'Object Repository/CommonObjects/Login_UserName'

2018-10-31 15:22:23 - [TEST_STEP][PASSED] - setText: Text 'password123#' is set on object 'Object Repository/CommonObjects/Login_Password'

2018-10-31 15:22:23 - [MESSAGE][PASSED] - Text 'password123#' is set on object 'Object Repository/CommonObjects/Login_Password'

2018-10-31 15:22:23 - [TEST_STEP][PASSED] - click: Object: 'Object Repository/CommonObjects/Login_LoginButton' is clicked on

2018-10-31 15:22:28 - [MESSAGE][PASSED] - Object: 'Object Repository/CommonObjects/Login_LoginButton' is clicked on

2018-10-31 15:22:28 - [TEST_STEP][PASSED] - click: Object: 'Object Repository/CommonObjects/MainMenu_Icon' is clicked on

2018-10-31 15:22:34 - [MESSAGE][PASSED] - Object: 'Object Repository/CommonObjects/MainMenu_Icon' is clicked on

2018-10-31 15:22:34 - [TEST_STEP][PASSED] - click: Object: 'Object Repository/CommonObjects/MainMenu_AdminTools' is clicked on

2018-10-31 15:22:34 - [MESSAGE][PASSED] - Object: 'Object Repository/CommonObjects/MainMenu_AdminTools' is clicked on

2018-10-31 15:22:34 - [TEST_STEP][PASSED] - click: Object: 'Object Repository/InternalUser/MainMenu_Users' is clicked on

2018-10-31 15:22:34 - [MESSAGE][PASSED] - Object: 'Object Repository/InternalUser/MainMenu_Users' is clicked on

2018-10-31 15:22:34 - [TEST_STEP][PASSED] - click: Object: 'Object Repository/InternalUser/ManageUsers_AddNewButton' is clicked on

2018-10-31 15:22:38 - [MESSAGE][PASSED] - Object: 'Object Repository/InternalUser/ManageUsers_AddNewButton' is clicked on

2018-10-31 15:22:38 - [TEST_STEP][PASSED] - setText: Text 'UserName1540979517441' is set on object 'Object Repository/InternalUser/ManageUser_NewUserPopUp_Username'

2018-10-31 15:22:40 - [MESSAGE][PASSED] - Text 'UserName1540979517441' is set on object 'Object Repository/InternalUser/ManageUser_NewUserPopUp_Username'

2018-10-31 15:22:40 - [TEST_STEP][PASSED] - setText: Text 'Test' is set on object 'Object Repository/InternalUser/ManageUsers_NewUserPopUp_Password'

2018-10-31 15:22:40 - [MESSAGE][PASSED] - Text 'Test' is set on object 'Object Repository/InternalUser/ManageUsers_NewUserPopUp_Password'

2018-10-31 15:22:40 - [TEST_STEP][PASSED] - setText: Text 'Katalon1' is set on object 'Object Repository/InternalUser/ManageUsers_NewUserPopUp_FirstName'

2018-10-31 15:22:40 - [MESSAGE][PASSED] - Text 'Katalon1' is set on object 'Object Repository/InternalUser/ManageUsers_NewUserPopUp_FirstName'

2018-10-31 15:22:40 - [TEST_STEP][PASSED] - setText: Text 'User' is set on object 'Object Repository/InternalUser/ManageUsers_NewUserPopUp_LastName'

2018-10-31 15:22:40 - [MESSAGE][PASSED] - Text 'User' is set on object 'Object Repository/InternalUser/ManageUsers_NewUserPopUp_LastName'

2018-10-31 15:22:40 - [TEST_STEP][PASSED] - setText: Text 'test@xoriant.com' is set on object 'Object Repository/InternalUser/ManageUsers_NewUserPopUp_Email'

2018-10-31 15:22:41 - [MESSAGE][PASSED] - Text 'test@xoriant.com' is set on object 'Object Repository/InternalUser/ManageUsers_NewUserPopUp_Email'

2018-10-31 15:22:41 - [TEST_STEP][PASSED] - click: Object: 'Object Repository/InternalUser/ManageUsers_NewUserPopUp_Roles' is clicked on

2018-10-31 15:22:41 - [MESSAGE][PASSED] - Object: 'Object Repository/InternalUser/ManageUsers_NewUserPopUp_Roles' is clicked on

2018-10-31 15:22:41 - [TEST_STEP][PASSED] - Statement - java.lang.Thread.sleep(5000): null

2018-10-31 15:22:46 - [TEST_STEP][PASSED] - click: Object: 'Object Repository/InternalUser/ManageUsers_NewUserPopUp_RolesSuperadmin' is clicked on

2018-10-31 15:22:46 - [MESSAGE][PASSED] - Object: 'Object Repository/InternalUser/ManageUsers_NewUserPopUp_RolesSuperadmin' is clicked on

2018-10-31 15:22:46 - [TEST_STEP][PASSED] - click: Object: 'Object Repository/InternalUser/ManageUsers_NewUserPopUp_Location' is clicked on

2018-10-31 15:22:46 - [MESSAGE][PASSED] - Object: 'Object Repository/InternalUser/ManageUsers_NewUserPopUp_Location' is clicked on

2018-10-31 15:22:46 - [TEST_STEP][PASSED] - Statement - java.lang.Thread.sleep(7000): null

2018-10-31 15:22:53 - [TEST_STEP][PASSED] - click: Object: 'Object Repository/InternalUser/ManageUsers_NewUserPopUp_AllLocation' is clicked on

2018-10-31 15:22:54 - [MESSAGE][PASSED] - Object: 'Object Repository/InternalUser/ManageUsers_NewUserPopUp_AllLocation' is clicked on

2018-10-31 15:22:54 - [TEST_STEP][PASSED] - Statement - java.lang.Thread.sleep(2000): null

2018-10-31 15:22:56 - [TEST_STEP][PASSED] - click: Object: 'Object Repository/InternalUser/ManageUsers_NewUserPopUp_SaveButton' is clicked on

2018-10-31 15:22:56 - [MESSAGE][PASSED] - Object: 'Object Repository/InternalUser/ManageUsers_NewUserPopUp_SaveButton' is clicked on

2018-10-31 15:22:56 - [TEST_STEP][PASSED] - Statement - java.lang.Thread.sleep(8000): null

2018-10-31 15:23:04 - [TEST_STEP][PASSED] - closeBrowser: Browser is closed

2018-10-31 15:23:04 - [MESSAGE][PASSED] - Browser is closed]]></system-out>
         <system-err><![CDATA[]]></system-err>
      </testcase>
      <testcase name="Test Cases/AdminTools/Roles" classname="Test Cases/AdminTools/Roles" status="PASSED">
         <system-out><![CDATA[2018-10-31 15:23:04 - [TEST_CASE][PASSED] - Test Cases/AdminTools/Roles: Test Cases/AdminTools/Roles

2018-10-31 15:23:05 - [TEST_STEP][PASSED] - openBrowser: Browser is opened with url: ''

2018-10-31 15:23:07 - [MESSAGE][PASSED] - Browser is opened with url: ''

2018-10-31 15:23:07 - [TEST_STEP][PASSED] - navigateToUrl: Navigate to 'http://test1.qa.safetychain.com/' successfully

2018-10-31 15:23:21 - [MESSAGE][PASSED] - Navigate to 'http://test1.qa.safetychain.com/' successfully

2018-10-31 15:23:21 - [TEST_STEP][PASSED] - maximizeWindow: Current window maximized

2018-10-31 15:23:22 - [MESSAGE][PASSED] - Current window maximized

2018-10-31 15:23:22 - [TEST_STEP][PASSED] - setText: Text 'Superadmin' is set on object 'Object Repository/Role-Latest/ManageRoles_input_USER NAME_Username'

2018-10-31 15:23:27 - [MESSAGE][PASSED] - Text 'Superadmin' is set on object 'Object Repository/Role-Latest/ManageRoles_input_USER NAME_Username'

2018-10-31 15:23:27 - [TEST_STEP][PASSED] - setText: Text 'password123#' is set on object 'Object Repository/Role-Latest/ManageRoles_input_PASSWORD_Password'

2018-10-31 15:23:27 - [MESSAGE][PASSED] - Text 'password123#' is set on object 'Object Repository/Role-Latest/ManageRoles_input_PASSWORD_Password'

2018-10-31 15:23:27 - [TEST_STEP][PASSED] - click: Object: 'Object Repository/Role-Latest/ManageRoles_button_LOGIN' is clicked on

2018-10-31 15:23:32 - [MESSAGE][PASSED] - Object: 'Object Repository/Role-Latest/ManageRoles_button_LOGIN' is clicked on

2018-10-31 15:23:32 - [TEST_STEP][PASSED] - click: Object: 'Object Repository/Role-Latest/ManageRoles_svg_STAGE_scsIcon scs-hamburge' is clicked on

2018-10-31 15:23:39 - [MESSAGE][PASSED] - Object: 'Object Repository/Role-Latest/ManageRoles_svg_STAGE_scsIcon scs-hamburge' is clicked on

2018-10-31 15:23:39 - [TEST_STEP][PASSED] - click: Object: 'Object Repository/Role-Latest/ManageRoles_div_Admin Tools' is clicked on

2018-10-31 15:23:39 - [MESSAGE][PASSED] - Object: 'Object Repository/Role-Latest/ManageRoles_div_Admin Tools' is clicked on

2018-10-31 15:23:39 - [TEST_STEP][PASSED] - click: Object: 'Object Repository/Role-Latest/ManageRoles_div_Roles' is clicked on

2018-10-31 15:23:39 - [MESSAGE][PASSED] - Object: 'Object Repository/Role-Latest/ManageRoles_div_Roles' is clicked on

2018-10-31 15:23:39 - [TEST_STEP][PASSED] - click: Object: 'Object Repository/Role-Latest/ManageRoles_i_UserAdmin_fa fa-plus-circle' is clicked on

2018-10-31 15:23:41 - [MESSAGE][PASSED] - Object: 'Object Repository/Role-Latest/ManageRoles_i_UserAdmin_fa fa-plus-circle' is clicked on

2018-10-31 15:23:41 - [TEST_STEP][PASSED] - RandomRoles.clickElement: RandomRoles.clickElement is PASSED

2018-10-31 15:23:41 - [MESSAGE][PASSED] - RandomRoles.clickElement is PASSED

2018-10-31 15:23:41 - [TEST_STEP][PASSED] - click: Object: 'Object Repository/Role-Latest/ManageRoles_div_SAVE' is clicked on

2018-10-31 15:23:44 - [MESSAGE][PASSED] - Object: 'Object Repository/Role-Latest/ManageRoles_div_SAVE' is clicked on

2018-10-31 15:23:44 - [TEST_STEP][PASSED] - Statement - java.lang.Thread.sleep(6000): null

2018-10-31 15:23:50 - [TEST_STEP][PASSED] - click: Object: 'Object Repository/User_role Attachment-Latest/UserRoleLink_span_Users' is clicked on

2018-10-31 15:23:50 - [MESSAGE][PASSED] - Object: 'Object Repository/User_role Attachment-Latest/UserRoleLink_span_Users' is clicked on

2018-10-31 15:23:50 - [TEST_STEP][PASSED] - Statement - java.lang.Thread.sleep(4000): null

2018-10-31 15:23:54 - [TEST_STEP][PASSED] - setText: Text 'Superadmin' is set on object 'Object Repository/User_role Attachment-Latest/UserRoleLink_input_SAVE_scs-manage-roles-se'

2018-10-31 15:23:55 - [MESSAGE][PASSED] - Text 'Superadmin' is set on object 'Object Repository/User_role Attachment-Latest/UserRoleLink_input_SAVE_scs-manage-roles-se'

2018-10-31 15:23:55 - [TEST_STEP][PASSED] - Statement - java.lang.Thread.sleep(4000): null

2018-10-31 15:23:59 - [TEST_STEP][PASSED] - click: Object: 'Object Repository/User_role Attachment-Latest/UserRoleLink_span_SAVE_fa fa-search' is clicked on

2018-10-31 15:23:59 - [MESSAGE][PASSED] - Object: 'Object Repository/User_role Attachment-Latest/UserRoleLink_span_SAVE_fa fa-search' is clicked on

2018-10-31 15:23:59 - [TEST_STEP][PASSED] - Statement - java.lang.Thread.sleep(4000): null

2018-10-31 15:24:03 - [TEST_STEP][PASSED] - click: Object: 'Object Repository/User_role Attachment-Latest/UserRoleLink_input_select_scs-grid-row-chec' is clicked on

2018-10-31 15:24:03 - [MESSAGE][PASSED] - Object: 'Object Repository/User_role Attachment-Latest/UserRoleLink_input_select_scs-grid-row-chec' is clicked on

2018-10-31 15:24:03 - [TEST_STEP][PASSED] - Statement - java.lang.Thread.sleep(4000): null

2018-10-31 15:24:07 - [TEST_STEP][PASSED] - click: Object: 'Object Repository/User_role Attachment-Latest/UserRoleLink_div_SAVE' is clicked on

2018-10-31 15:24:07 - [MESSAGE][PASSED] - Object: 'Object Repository/User_role Attachment-Latest/UserRoleLink_div_SAVE' is clicked on

2018-10-31 15:24:07 - [TEST_STEP][PASSED] - Statement - java.lang.Thread.sleep(4000): null

2018-10-31 15:24:11 - [TEST_STEP][PASSED] - click: Object: 'Object Repository/Role-Latest/ManageRoles_div_adit s_scs-user-icon' is clicked on

2018-10-31 15:24:11 - [MESSAGE][PASSED] - Object: 'Object Repository/Role-Latest/ManageRoles_div_adit s_scs-user-icon' is clicked on

2018-10-31 15:24:11 - [TEST_STEP][PASSED] - Statement - java.lang.Thread.sleep(4000): null

2018-10-31 15:24:15 - [TEST_STEP][PASSED] - verifyElementChecked: Object 'Object Repository/User_role Attachment-Latest/Page_SafetyChain/Page_SafetyChain/ToCheckElementIsTicked' is checked

2018-10-31 15:24:15 - [MESSAGE][PASSED] - Object 'Object Repository/User_role Attachment-Latest/Page_SafetyChain/Page_SafetyChain/ToCheckElementIsTicked' is checked

2018-10-31 15:24:15 - [TEST_STEP][PASSED] - click: Object: 'Object Repository/Role-Latest/ManageRoles_li_Logout' is clicked on

2018-10-31 15:24:19 - [MESSAGE][PASSED] - Object: 'Object Repository/Role-Latest/ManageRoles_li_Logout' is clicked on

2018-10-31 15:24:19 - [TEST_STEP][PASSED] - closeBrowser: Browser is closed

2018-10-31 15:24:19 - [MESSAGE][PASSED] - Browser is closed]]></system-out>
         <system-err><![CDATA[]]></system-err>
      </testcase>
      <testcase name="Test Cases/AdminTools/WorkGroup" classname="Test Cases/AdminTools/WorkGroup" status="PASSED">
         <system-out><![CDATA[2018-10-31 15:24:19 - [TEST_CASE][PASSED] - Test Cases/AdminTools/WorkGroup: Test Cases/AdminTools/WorkGroup

2018-10-31 15:24:20 - [TEST_STEP][PASSED] - sc.sc_customkeywords.UniqueName: sc.sc_customkeywords.UniqueName is PASSED

2018-10-31 15:24:20 - [MESSAGE][PASSED] - sc.sc_customkeywords.UniqueName is PASSED

2018-10-31 15:24:20 - [TEST_STEP][PASSED] - openBrowser: Browser is opened with url: ''

2018-10-31 15:24:22 - [MESSAGE][PASSED] - Browser is opened with url: ''

2018-10-31 15:24:22 - [TEST_STEP][PASSED] - maximizeWindow: Current window maximized

2018-10-31 15:24:23 - [MESSAGE][PASSED] - Current window maximized

2018-10-31 15:24:23 - [TEST_STEP][PASSED] - navigateToUrl: Navigate to 'http://test1.qa.safetychain.com/' successfully

2018-10-31 15:24:39 - [MESSAGE][PASSED] - Navigate to 'http://test1.qa.safetychain.com/' successfully

2018-10-31 15:24:39 - [TEST_STEP][PASSED] - setText: Text 'Superadmin' is set on object 'Object Repository/CommonObjects/Login_UserName'

2018-10-31 15:24:44 - [MESSAGE][PASSED] - Text 'Superadmin' is set on object 'Object Repository/CommonObjects/Login_UserName'

2018-10-31 15:24:44 - [TEST_STEP][PASSED] - setText: Text 'password123#' is set on object 'Object Repository/CommonObjects/Login_Password'

2018-10-31 15:24:44 - [MESSAGE][PASSED] - Text 'password123#' is set on object 'Object Repository/CommonObjects/Login_Password'

2018-10-31 15:24:44 - [TEST_STEP][PASSED] - click: Object: 'Object Repository/CommonObjects/Login_LoginButton' is clicked on

2018-10-31 15:24:48 - [MESSAGE][PASSED] - Object: 'Object Repository/CommonObjects/Login_LoginButton' is clicked on

2018-10-31 15:24:48 - [TEST_STEP][PASSED] - click: Object: 'Object Repository/CommonObjects/FSQA_MainMenu' is clicked on

2018-10-31 15:24:57 - [MESSAGE][PASSED] - Object: 'Object Repository/CommonObjects/FSQA_MainMenu' is clicked on

2018-10-31 15:24:57 - [TEST_STEP][PASSED] - click: Object: 'Object Repository/CommonObjects/MainMenu_AdminTools' is clicked on

2018-10-31 15:24:57 - [MESSAGE][PASSED] - Object: 'Object Repository/CommonObjects/MainMenu_AdminTools' is clicked on

2018-10-31 15:24:57 - [TEST_STEP][PASSED] - click: Object: 'Object Repository/CommonObjects/MainMenu_WorkGroups' is clicked on

2018-10-31 15:24:57 - [MESSAGE][PASSED] - Object: 'Object Repository/CommonObjects/MainMenu_WorkGroups' is clicked on

2018-10-31 15:24:57 - [TEST_STEP][PASSED] - click: Object: 'Object Repository/WorkGroup/WorkGroup_PlusIcon' is clicked on

2018-10-31 15:24:59 - [MESSAGE][PASSED] - Object: 'Object Repository/WorkGroup/WorkGroup_PlusIcon' is clicked on

2018-10-31 15:24:59 - [TEST_STEP][PASSED] - setText: Text 'WorkGroup1540979660118' is set on object 'Object Repository/WorkGroup/WorkGroup_AddingNewTextField'

2018-10-31 15:25:01 - [MESSAGE][PASSED] - Text 'WorkGroup1540979660118' is set on object 'Object Repository/WorkGroup/WorkGroup_AddingNewTextField'

2018-10-31 15:25:01 - [TEST_STEP][PASSED] - click: Object: 'Object Repository/WorkGroup/WorkGroup_SaveButton' is clicked on

2018-10-31 15:25:02 - [MESSAGE][PASSED] - Object: 'Object Repository/WorkGroup/WorkGroup_SaveButton' is clicked on

2018-10-31 15:25:02 - [TEST_STEP][PASSED] - Statement - java.lang.Thread.sleep(3000): null

2018-10-31 15:25:05 - [TEST_STEP][PASSED] - verifyTextPresent: Text 'WorkGroup1540979660118' is present on page 

2018-10-31 15:25:05 - [MESSAGE][PASSED] - Text 'WorkGroup1540979660118' is present on page 

2018-10-31 15:25:05 - [TEST_STEP][PASSED] - closeBrowser: Browser is closed

2018-10-31 15:25:06 - [MESSAGE][PASSED] - Browser is closed]]></system-out>
         <system-err><![CDATA[]]></system-err>
      </testcase>
      <testcase name="Test Cases/Forms/AuditForm/1_CreateForm" classname="Test Cases/Forms/AuditForm/1_CreateForm" status="PASSED">
         <system-out><![CDATA[2018-10-31 15:25:06 - [TEST_CASE][PASSED] - Test Cases/Forms/AuditForm/1_CreateForm: Test Cases/Forms/AuditForm/1_CreateForm

2018-10-31 15:25:06 - [TEST_STEP][PASSED] - openBrowser: Browser is opened with url: 'http://test1.qa.safetychain.com/'

2018-10-31 15:25:24 - [MESSAGE][PASSED] - Browser is opened with url: 'http://test1.qa.safetychain.com/'

2018-10-31 15:25:24 - [TEST_STEP][PASSED] - maximizeWindow: Current window maximized

2018-10-31 15:25:25 - [MESSAGE][PASSED] - Current window maximized

2018-10-31 15:25:25 - [TEST_STEP][PASSED] - setText: Text 'Superadmin' is set on object 'Object Repository/Form_Selection_Creation/login_Username'

2018-10-31 15:25:35 - [MESSAGE][PASSED] - Text 'Superadmin' is set on object 'Object Repository/Form_Selection_Creation/login_Username'

2018-10-31 15:25:35 - [TEST_STEP][PASSED] - setText: Text 'password123#' is set on object 'Object Repository/Form_Selection_Creation/login_Password'

2018-10-31 15:25:35 - [MESSAGE][PASSED] - Text 'password123#' is set on object 'Object Repository/Form_Selection_Creation/login_Password'

2018-10-31 15:25:35 - [TEST_STEP][PASSED] - FormName.setData: FormName.setData is PASSED

2018-10-31 15:25:36 - [MESSAGE][PASSED] - FormName.setData is PASSED

2018-10-31 15:25:36 - [TEST_STEP][PASSED] - click: Object: 'Object Repository/Form_Selection_Creation/login_Button' is clicked on

2018-10-31 15:25:40 - [MESSAGE][PASSED] - Object: 'Object Repository/Form_Selection_Creation/login_Button' is clicked on

2018-10-31 15:25:40 - [TEST_STEP][PASSED] - Statement - java.lang.Thread.sleep(3000): null

2018-10-31 15:25:43 - [TEST_STEP][PASSED] - click: Object: 'Object Repository/Form_Selection_Creation/mainMenu_Button' is clicked on

2018-10-31 15:25:47 - [MESSAGE][PASSED] - Object: 'Object Repository/Form_Selection_Creation/mainMenu_Button' is clicked on

2018-10-31 15:25:47 - [TEST_STEP][PASSED] - click: Object: 'Object Repository/Form_Selection_Creation/mainMenu_AdminTools' is clicked on

2018-10-31 15:25:47 - [MESSAGE][PASSED] - Object: 'Object Repository/Form_Selection_Creation/mainMenu_AdminTools' is clicked on

2018-10-31 15:25:47 - [TEST_STEP][PASSED] - click: Object: 'Object Repository/Form_Selection_Creation/mainMenu_AdminTools_FormDesigner' is clicked on

2018-10-31 15:25:47 - [MESSAGE][PASSED] - Object: 'Object Repository/Form_Selection_Creation/mainMenu_AdminTools_FormDesigner' is clicked on

2018-10-31 15:25:47 - [TEST_STEP][PASSED] - Statement - java.lang.Thread.sleep(2000): null

2018-10-31 15:25:49 - [TEST_STEP][PASSED] - click: Object: 'Object Repository/Form_Selection_Creation/selectAuditForm' is clicked on

2018-10-31 15:25:49 - [MESSAGE][PASSED] - Object: 'Object Repository/Form_Selection_Creation/selectAuditForm' is clicked on

2018-10-31 15:25:49 - [TEST_STEP][PASSED] - Statement - java.lang.Thread.sleep(3000): null

2018-10-31 15:25:52 - [TEST_STEP][PASSED] - dragAndDropToObject: Dragged object with id 'Object Repository/Form_Selection_Creation/formDesign_selectResource' to object with id 'TestObject - 'Object Repository/Form_Selection_Creation/Target_Res_Object'' successfully

2018-10-31 15:25:53 - [MESSAGE][PASSED] - Dragged object with id 'Object Repository/Form_Selection_Creation/formDesign_selectResource' to object with id 'TestObject - 'Object Repository/Form_Selection_Creation/Target_Res_Object'' successfully

2018-10-31 15:25:53 - [TEST_STEP][PASSED] - Statement - java.lang.Thread.sleep(5000): null

2018-10-31 15:25:58 - [TEST_STEP][PASSED] - click: Object: 'Object Repository/Form_Selection_Creation/formCreation_NextToDesignForm' is clicked on

2018-10-31 15:25:58 - [MESSAGE][PASSED] - Object: 'Object Repository/Form_Selection_Creation/formCreation_NextToDesignForm' is clicked on

2018-10-31 15:25:58 - [TEST_STEP][PASSED] - Statement - java.lang.Thread.sleep(3000): null

2018-10-31 15:26:01 - [TEST_STEP][PASSED] - FormName.createForm: FormName.createForm is PASSED

2018-10-31 15:26:02 - [MESSAGE][PASSED] - FormName.createForm is PASSED

2018-10-31 15:26:02 - [TEST_STEP][PASSED] - Statement - java.lang.Thread.sleep(2000): null

2018-10-31 15:26:04 - [TEST_STEP][PASSED] - dragAndDropToObject: Dragged object with id 'Object Repository/Form_Selection_Creation/formDesign_SelectSection' to object with id 'TestObject - 'Object Repository/Form_Selection_Creation/default_area'' successfully

2018-10-31 15:26:04 - [MESSAGE][PASSED] - Dragged object with id 'Object Repository/Form_Selection_Creation/formDesign_SelectSection' to object with id 'TestObject - 'Object Repository/Form_Selection_Creation/default_area'' successfully

2018-10-31 15:26:04 - [TEST_STEP][PASSED] - setText: Text 'This is a Section' is set on object 'Object Repository/Form_Selection_Creation/formDesign_SectionName'

2018-10-31 15:26:05 - [MESSAGE][PASSED] - Text 'This is a Section' is set on object 'Object Repository/Form_Selection_Creation/formDesign_SectionName'

2018-10-31 15:26:05 - [TEST_STEP][PASSED] - Statement - java.lang.Thread.sleep(2000): null

2018-10-31 15:26:07 - [TEST_STEP][PASSED] - dragAndDropToObject: Dragged object with id 'Object Repository/Form_Selection_Creation/formDesign_SelectFieldgroup' to object with id 'TestObject - 'Object Repository/Form_Selection_Creation/section_area'' successfully

2018-10-31 15:26:08 - [MESSAGE][PASSED] - Dragged object with id 'Object Repository/Form_Selection_Creation/formDesign_SelectFieldgroup' to object with id 'TestObject - 'Object Repository/Form_Selection_Creation/section_area'' successfully

2018-10-31 15:26:08 - [TEST_STEP][PASSED] - setText: Text 'This is Field Group' is set on object 'Object Repository/Form_Selection_Creation/formDesign_questionGroupName_Text'

2018-10-31 15:26:08 - [MESSAGE][PASSED] - Text 'This is Field Group' is set on object 'Object Repository/Form_Selection_Creation/formDesign_questionGroupName_Text'

2018-10-31 15:26:08 - [TEST_STEP][PASSED] - Statement - java.lang.Thread.sleep(2000): null

2018-10-31 15:26:10 - [TEST_STEP][PASSED] - dragAndDropToObject: Dragged object with id 'Object Repository/Form_Selection_Creation/formDesign_SelectFree Text' to object with id 'TestObject - 'Object Repository/Form_Selection_Creation/questionGroupArea'' successfully

2018-10-31 15:26:11 - [MESSAGE][PASSED] - Dragged object with id 'Object Repository/Form_Selection_Creation/formDesign_SelectFree Text' to object with id 'TestObject - 'Object Repository/Form_Selection_Creation/questionGroupArea'' successfully

2018-10-31 15:26:11 - [TEST_STEP][PASSED] - setText: Text 'This is Free Text' is set on object 'Object Repository/Form_Selection_Creation/formDesign_SingleLineName'

2018-10-31 15:26:11 - [MESSAGE][PASSED] - Text 'This is Free Text' is set on object 'Object Repository/Form_Selection_Creation/formDesign_SingleLineName'

2018-10-31 15:26:11 - [TEST_STEP][PASSED] - Statement - java.lang.Thread.sleep(2000): null

2018-10-31 15:26:13 - [TEST_STEP][PASSED] - dragAndDropToObject: Dragged object with id 'Object Repository/Form_Selection_Creation/formDesign_SelectParagraphText' to object with id 'TestObject - 'Object Repository/Form_Selection_Creation/questionGroupArea'' successfully

2018-10-31 15:26:14 - [MESSAGE][PASSED] - Dragged object with id 'Object Repository/Form_Selection_Creation/formDesign_SelectParagraphText' to object with id 'TestObject - 'Object Repository/Form_Selection_Creation/questionGroupArea'' successfully

2018-10-31 15:26:14 - [TEST_STEP][PASSED] - setText: Text 'This is Paragraph' is set on object 'Object Repository/Form_Selection_Creation/formDesign_ParagraphName'

2018-10-31 15:26:14 - [MESSAGE][PASSED] - Text 'This is Paragraph' is set on object 'Object Repository/Form_Selection_Creation/formDesign_ParagraphName'

2018-10-31 15:26:14 - [TEST_STEP][PASSED] - Statement - java.lang.Thread.sleep(2000): null

2018-10-31 15:26:16 - [TEST_STEP][PASSED] - dragAndDropToObject: Dragged object with id 'Object Repository/Form_Selection_Creation/formDesign_Select_SelectOne' to object with id 'TestObject - 'Object Repository/Form_Selection_Creation/questionGroupArea'' successfully

2018-10-31 15:26:17 - [MESSAGE][PASSED] - Dragged object with id 'Object Repository/Form_Selection_Creation/formDesign_Select_SelectOne' to object with id 'TestObject - 'Object Repository/Form_Selection_Creation/questionGroupArea'' successfully

2018-10-31 15:26:17 - [TEST_STEP][PASSED] - setText: Text 'This is Select One' is set on object 'Object Repository/Form_Selection_Creation/formDesign_Select_OneName'

2018-10-31 15:26:18 - [MESSAGE][PASSED] - Text 'This is Select One' is set on object 'Object Repository/Form_Selection_Creation/formDesign_Select_OneName'

2018-10-31 15:26:18 - [TEST_STEP][PASSED] - Statement - java.lang.Thread.sleep(2000): null

2018-10-31 15:26:20 - [TEST_STEP][PASSED] - click: Object: 'Object Repository/Form_Selection_Creation/button_AddNew1' is clicked on

2018-10-31 15:26:20 - [MESSAGE][PASSED] - Object: 'Object Repository/Form_Selection_Creation/button_AddNew1' is clicked on

2018-10-31 15:26:20 - [TEST_STEP][PASSED] - setText: Text 'Single Option1' is set on object 'Object Repository/Form_Selection_Creation/add1singleValue1'

2018-10-31 15:26:20 - [MESSAGE][PASSED] - Text 'Single Option1' is set on object 'Object Repository/Form_Selection_Creation/add1singleValue1'

2018-10-31 15:26:20 - [TEST_STEP][PASSED] - Statement - java.lang.Thread.sleep(3000): null

2018-10-31 15:26:23 - [TEST_STEP][PASSED] - click: Object: 'Object Repository/Form_Selection_Creation/button_AddNew1' is clicked on

2018-10-31 15:26:23 - [MESSAGE][PASSED] - Object: 'Object Repository/Form_Selection_Creation/button_AddNew1' is clicked on

2018-10-31 15:26:23 - [TEST_STEP][PASSED] - setText: Text 'Single Option2' is set on object 'Object Repository/Form_Selection_Creation/add1singleValue2'

2018-10-31 15:26:24 - [MESSAGE][PASSED] - Text 'Single Option2' is set on object 'Object Repository/Form_Selection_Creation/add1singleValue2'

2018-10-31 15:26:24 - [TEST_STEP][PASSED] - Statement - java.lang.Thread.sleep(2000): null

2018-10-31 15:26:26 - [TEST_STEP][PASSED] - dragAndDropToObject: Dragged object with id 'Object Repository/Form_Selection_Creation/formDesign_Select_SelectMultiple' to object with id 'TestObject - 'Object Repository/Form_Selection_Creation/questionGroupArea'' successfully

2018-10-31 15:26:26 - [MESSAGE][PASSED] - Dragged object with id 'Object Repository/Form_Selection_Creation/formDesign_Select_SelectMultiple' to object with id 'TestObject - 'Object Repository/Form_Selection_Creation/questionGroupArea'' successfully

2018-10-31 15:26:26 - [TEST_STEP][PASSED] - setText: Text 'This is Select Multiple' is set on object 'Object Repository/Form_Selection_Creation/formDesign_Select_MultipleName'

2018-10-31 15:26:27 - [MESSAGE][PASSED] - Text 'This is Select Multiple' is set on object 'Object Repository/Form_Selection_Creation/formDesign_Select_MultipleName'

2018-10-31 15:26:27 - [TEST_STEP][PASSED] - Statement - java.lang.Thread.sleep(3000): null

2018-10-31 15:26:30 - [TEST_STEP][PASSED] - click: Object: 'Object Repository/Form_Selection_Creation/button_addNewMul1' is clicked on

2018-10-31 15:26:30 - [MESSAGE][PASSED] - Object: 'Object Repository/Form_Selection_Creation/button_addNewMul1' is clicked on

2018-10-31 15:26:30 - [TEST_STEP][PASSED] - setText: Text 'Multiple Option1' is set on object 'Object Repository/Form_Selection_Creation/add1MultipleValue1'

2018-10-31 15:26:30 - [MESSAGE][PASSED] - Text 'Multiple Option1' is set on object 'Object Repository/Form_Selection_Creation/add1MultipleValue1'

2018-10-31 15:26:30 - [TEST_STEP][PASSED] - Statement - java.lang.Thread.sleep(2000): null

2018-10-31 15:26:32 - [TEST_STEP][PASSED] - click: Object: 'Object Repository/Form_Selection_Creation/button_addNewMul1' is clicked on

2018-10-31 15:26:33 - [MESSAGE][PASSED] - Object: 'Object Repository/Form_Selection_Creation/button_addNewMul1' is clicked on

2018-10-31 15:26:33 - [TEST_STEP][PASSED] - setText: Text 'Multiple Option2' is set on object 'Object Repository/Form_Selection_Creation/add1MultipleValue2'

2018-10-31 15:26:33 - [MESSAGE][PASSED] - Text 'Multiple Option2' is set on object 'Object Repository/Form_Selection_Creation/add1MultipleValue2'

2018-10-31 15:26:33 - [TEST_STEP][PASSED] - Statement - java.lang.Thread.sleep(2000): null

2018-10-31 15:26:35 - [TEST_STEP][PASSED] - dragAndDropToObject: Dragged object with id 'Object Repository/Form_Selection_Creation/formDesign_SelectNumeric' to object with id 'TestObject - 'Object Repository/Form_Selection_Creation/questionGroupArea'' successfully

2018-10-31 15:26:36 - [MESSAGE][PASSED] - Dragged object with id 'Object Repository/Form_Selection_Creation/formDesign_SelectNumeric' to object with id 'TestObject - 'Object Repository/Form_Selection_Creation/questionGroupArea'' successfully

2018-10-31 15:26:36 - [TEST_STEP][PASSED] - setText: Text 'This is Numeric Field' is set on object 'Object Repository/Form_Selection_Creation/formDesignt_NumericName'

2018-10-31 15:26:36 - [MESSAGE][PASSED] - Text 'This is Numeric Field' is set on object 'Object Repository/Form_Selection_Creation/formDesignt_NumericName'

2018-10-31 15:26:36 - [TEST_STEP][PASSED] - Statement - java.lang.Thread.sleep(2000): null

2018-10-31 15:26:38 - [TEST_STEP][PASSED] - dragAndDropToObject: Dragged object with id 'Object Repository/Form_Selection_Creation/formDesign_SelectDate' to object with id 'TestObject - 'Object Repository/Form_Selection_Creation/questionGroupArea'' successfully

2018-10-31 15:26:39 - [MESSAGE][PASSED] - Dragged object with id 'Object Repository/Form_Selection_Creation/formDesign_SelectDate' to object with id 'TestObject - 'Object Repository/Form_Selection_Creation/questionGroupArea'' successfully

2018-10-31 15:26:39 - [TEST_STEP][PASSED] - setText: Text 'This is Date' is set on object 'Object Repository/Form_Selection_Creation/formDesign_DateName'

2018-10-31 15:26:39 - [MESSAGE][PASSED] - Text 'This is Date' is set on object 'Object Repository/Form_Selection_Creation/formDesign_DateName'

2018-10-31 15:26:39 - [TEST_STEP][PASSED] - Statement - java.lang.Thread.sleep(2000): null

2018-10-31 15:26:41 - [TEST_STEP][PASSED] - dragAndDropToObject: Dragged object with id 'Object Repository/Form_Selection_Creation/formDesign_SelectTime' to object with id 'TestObject - 'Object Repository/Form_Selection_Creation/questionGroupArea'' successfully

2018-10-31 15:26:42 - [MESSAGE][PASSED] - Dragged object with id 'Object Repository/Form_Selection_Creation/formDesign_SelectTime' to object with id 'TestObject - 'Object Repository/Form_Selection_Creation/questionGroupArea'' successfully

2018-10-31 15:26:42 - [TEST_STEP][PASSED] - setText: Text 'This is Time' is set on object 'Object Repository/Form_Selection_Creation/formDesign_TimeName'

2018-10-31 15:26:43 - [MESSAGE][PASSED] - Text 'This is Time' is set on object 'Object Repository/Form_Selection_Creation/formDesign_TimeName'

2018-10-31 15:26:43 - [TEST_STEP][PASSED] - Statement - java.lang.Thread.sleep(2000): null

2018-10-31 15:26:45 - [TEST_STEP][PASSED] - dragAndDropToObject: Dragged object with id 'Object Repository/Form_Selection_Creation/formDesign_SelectDateTime' to object with id 'TestObject - 'Object Repository/Form_Selection_Creation/questionGroupArea'' successfully

2018-10-31 15:26:46 - [MESSAGE][PASSED] - Dragged object with id 'Object Repository/Form_Selection_Creation/formDesign_SelectDateTime' to object with id 'TestObject - 'Object Repository/Form_Selection_Creation/questionGroupArea'' successfully

2018-10-31 15:26:46 - [TEST_STEP][PASSED] - setText: Text 'This is Date-Time' is set on object 'Object Repository/Form_Selection_Creation/formDesign_DateTimeName'

2018-10-31 15:26:46 - [MESSAGE][PASSED] - Text 'This is Date-Time' is set on object 'Object Repository/Form_Selection_Creation/formDesign_DateTimeName'

2018-10-31 15:26:46 - [TEST_STEP][PASSED] - Statement - java.lang.Thread.sleep(2000): null

2018-10-31 15:26:48 - [TEST_STEP][PASSED] - click: Object: 'Object Repository/Form_Selection_Creation/formCreation_NextToDesignForm' is clicked on

2018-10-31 15:26:48 - [MESSAGE][PASSED] - Object: 'Object Repository/Form_Selection_Creation/formCreation_NextToDesignForm' is clicked on

2018-10-31 15:26:48 - [TEST_STEP][PASSED] - Statement - java.lang.Thread.sleep(7000): null

2018-10-31 15:26:55 - [TEST_STEP][PASSED] - click: Object: 'Object Repository/Form_Selection_Creation/div_Preview             Form1' is clicked on

2018-10-31 15:27:00 - [MESSAGE][PASSED] - Object: 'Object Repository/Form_Selection_Creation/div_Preview             Form1' is clicked on

2018-10-31 15:27:00 - [TEST_STEP][PASSED] - Statement - java.lang.Thread.sleep(4000): null

2018-10-31 15:27:04 - [TEST_STEP][PASSED] - click: Object: 'Object Repository/Form_Selection_Creation/button_Release' is clicked on

2018-10-31 15:27:04 - [MESSAGE][PASSED] - Object: 'Object Repository/Form_Selection_Creation/button_Release' is clicked on

2018-10-31 15:27:04 - [TEST_STEP][PASSED] - Statement - java.lang.Thread.sleep(4000): null]]></system-out>
         <system-err><![CDATA[]]></system-err>
      </testcase>
      <testcase name="Test Cases/Forms/AuditForm/2_FormSubmission" classname="Test Cases/Forms/AuditForm/2_FormSubmission" status="FAILED">
         <failure type="FAILED" message="(Stack trace: com.kms.katalon.core.exception.StepFailedException: Unable to click on object 'Object Repository/FormTab/options' (Root cause: org.openqa.selenium.WebDriverException: unknown error: Element &lt;a class=&quot;k-header-column-menu&quot; href=&quot;#&quot; title=&quot;Column Settings&quot; tabindex=&quot;-1&quot;>...&lt;/a> is not clickable at point (541, 165). Other element would receive the click: &lt;div class=&quot;k-loading-image&quot;>&lt;/div>
  (Session info: chrome=70.0.3538.77)
  (Driver info: chromedriver=2.35.528161 (5b82f2d2aae0ca24b877009200ced9065a772e73),platform=Windows NT 6.1.7601 SP1 x86_64) (WARNING: The server did not provide any stacktrace information)
Command duration or timeout: 0 milliseconds
Build info: version: '3.7.1', revision: '8a0099a', time: '2017-11-06T21:07:36.161Z'
System info: host: 'ABHISHEK-PASHIN', ip: '10.21.7.138', os.name: 'Windows 7', os.arch: 'amd64', os.version: '6.1', java.version: '1.8.0_181'
Driver info: com.kms.katalon.selenium.driver.CChromeDriver
Capabilities {acceptInsecureCerts: false, acceptSslCerts: false, applicationCacheEnabled: false, browserConnectionEnabled: false, browserName: chrome, chrome: {chromedriverVersion: 2.35.528161 (5b82f2d2aae0ca..., userDataDir: C:\Users\PASHIN~1\AppData\L...}, cssSelectorsEnabled: true, databaseEnabled: false, handlesAlerts: true, hasTouchScreen: false, javascriptEnabled: true, locationContextEnabled: true, mobileEmulationEnabled: false, nativeEvents: true, networkConnectionEnabled: false, pageLoadStrategy: normal, platform: XP, platformName: XP, rotatable: false, setWindowRect: true, takesHeapSnapshot: true, takesScreenshot: true, unexpectedAlertBehaviour: , unhandledPromptBehavior: , version: 70.0.3538.77, webStorageEnabled: true}
Session ID: 6ee841c5c5e8493f8d1d78b5f434b686)
	at com.kms.katalon.core.keyword.internal.KeywordMain.stepFailed(KeywordMain.groovy:36)
	at com.kms.katalon.core.webui.keyword.internal.WebUIKeywordMain.stepFailed(WebUIKeywordMain.groovy:65)
	at com.kms.katalon.core.webui.keyword.internal.WebUIKeywordMain.runKeyword(WebUIKeywordMain.groovy:27)
	at com.kms.katalon.core.webui.keyword.builtin.ClickKeyword.click(ClickKeyword.groovy:86)
	at com.kms.katalon.core.webui.keyword.builtin.ClickKeyword.execute(ClickKeyword.groovy:67)
	at com.kms.katalon.core.keyword.internal.KeywordExecutor.executeKeywordForPlatform(KeywordExecutor.groovy:53)
	at com.kms.katalon.core.webui.keyword.WebUiBuiltInKeywords.click(WebUiBuiltInKeywords.groovy:616)
	at com.kms.katalon.core.webui.keyword.WebUiBuiltInKeywords$click$3.call(Unknown Source)
	at org.codehaus.groovy.runtime.callsite.CallSiteArray.defaultCall(CallSiteArray.java:48)
	at org.codehaus.groovy.runtime.callsite.AbstractCallSite.call(AbstractCallSite.java:113)
	at org.codehaus.groovy.runtime.callsite.AbstractCallSite.call(AbstractCallSite.java:125)
	at Script1540883572231.run(Script1540883572231.groovy:38)
	at com.kms.katalon.core.main.ScriptEngine.run(ScriptEngine.java:183)
	at com.kms.katalon.core.main.ScriptEngine.runScriptAsRawText(ScriptEngine.java:108)
	at com.kms.katalon.core.main.TestCaseExecutor.runScript(TestCaseExecutor.java:294)
	at com.kms.katalon.core.main.TestCaseExecutor.doExecute(TestCaseExecutor.java:285)
	at com.kms.katalon.core.main.TestCaseExecutor.processExecutionPhase(TestCaseExecutor.java:264)
	at com.kms.katalon.core.main.TestCaseExecutor.accessMainPhase(TestCaseExecutor.java:256)
	at com.kms.katalon.core.main.TestCaseExecutor.execute(TestCaseExecutor.java:200)
	at com.kms.katalon.core.main.TestSuiteExecutor.accessTestCaseMainPhase(TestSuiteExecutor.java:129)
	at com.kms.katalon.core.main.TestSuiteExecutor.accessTestSuiteMainPhase(TestSuiteExecutor.java:112)
	at com.kms.katalon.core.main.TestSuiteExecutor.execute(TestSuiteExecutor.java:81)
	at com.kms.katalon.core.main.TestCaseMain.startTestSuite(TestCaseMain.java:142)
	at com.kms.katalon.core.main.TestCaseMain$startTestSuite$0.call(Unknown Source)
	at org.codehaus.groovy.runtime.callsite.CallSiteArray.defaultCall(CallSiteArray.java:48)
	at org.codehaus.groovy.runtime.callsite.AbstractCallSite.call(AbstractCallSite.java:113)
	at org.codehaus.groovy.runtime.callsite.AbstractCallSite.call(AbstractCallSite.java:141)
	at TempTestSuite1540977626961.run(TempTestSuite1540977626961.groovy:36)
	at groovy.lang.GroovyShell.runScriptOrMainOrTestOrRunnable(GroovyShell.java:263)
	at groovy.lang.GroovyShell.run(GroovyShell.java:518)
	at groovy.lang.GroovyShell.run(GroovyShell.java:507)
	at groovy.ui.GroovyMain.processOnce(GroovyMain.java:653)
	at groovy.ui.GroovyMain.run(GroovyMain.java:384)
	at groovy.ui.GroovyMain.process(GroovyMain.java:370)
	at groovy.ui.GroovyMain.processArgs(GroovyMain.java:129)
	at groovy.ui.GroovyMain.main(GroovyMain.java:109)
	at sun.reflect.NativeMethodAccessorImpl.invoke0(Native Method)
	at sun.reflect.NativeMethodAccessorImpl.invoke(NativeMethodAccessorImpl.java:62)
	at sun.reflect.DelegatingMethodAccessorImpl.invoke(DelegatingMethodAccessorImpl.java:43)
	at java.lang.reflect.Method.invoke(Method.java:498)
	at org.codehaus.groovy.tools.GroovyStarter.rootLoader(GroovyStarter.java:109)
	at org.codehaus.groovy.tools.GroovyStarter.main(GroovyStarter.java:131)
)"/>
         <system-out><![CDATA[2018-10-31 15:27:08 - [TEST_CASE][FAILED] - Test Cases/Forms/AuditForm/2_FormSubmission: Test Cases/Forms/AuditForm/2_FormSubmission FAILED because (of) (Stack trace: com.kms.katalon.core.exception.StepFailedException: Unable to click on object 'Object Repository/FormTab/options' (Root cause: org.openqa.selenium.WebDriverException: unknown error: Element <a class="k-header-column-menu" href="#" title="Column Settings" tabindex="-1">...</a> is not clickable at point (541, 165). Other element would receive the click: <div class="k-loading-image"></div>
  (Session info: chrome=70.0.3538.77)
  (Driver info: chromedriver=2.35.528161 (5b82f2d2aae0ca24b877009200ced9065a772e73),platform=Windows NT 6.1.7601 SP1 x86_64) (WARNING: The server did not provide any stacktrace information)
Command duration or timeout: 0 milliseconds
Build info: version: '3.7.1', revision: '8a0099a', time: '2017-11-06T21:07:36.161Z'
System info: host: 'ABHISHEK-PASHIN', ip: '10.21.7.138', os.name: 'Windows 7', os.arch: 'amd64', os.version: '6.1', java.version: '1.8.0_181'
Driver info: com.kms.katalon.selenium.driver.CChromeDriver
Capabilities {acceptInsecureCerts: false, acceptSslCerts: false, applicationCacheEnabled: false, browserConnectionEnabled: false, browserName: chrome, chrome: {chromedriverVersion: 2.35.528161 (5b82f2d2aae0ca..., userDataDir: C:\Users\PASHIN~1\AppData\L...}, cssSelectorsEnabled: true, databaseEnabled: false, handlesAlerts: true, hasTouchScreen: false, javascriptEnabled: true, locationContextEnabled: true, mobileEmulationEnabled: false, nativeEvents: true, networkConnectionEnabled: false, pageLoadStrategy: normal, platform: XP, platformName: XP, rotatable: false, setWindowRect: true, takesHeapSnapshot: true, takesScreenshot: true, unexpectedAlertBehaviour: , unhandledPromptBehavior: , version: 70.0.3538.77, webStorageEnabled: true}
Session ID: 6ee841c5c5e8493f8d1d78b5f434b686)
	at com.kms.katalon.core.keyword.internal.KeywordMain.stepFailed(KeywordMain.groovy:36)
	at com.kms.katalon.core.webui.keyword.internal.WebUIKeywordMain.stepFailed(WebUIKeywordMain.groovy:65)
	at com.kms.katalon.core.webui.keyword.internal.WebUIKeywordMain.runKeyword(WebUIKeywordMain.groovy:27)
	at com.kms.katalon.core.webui.keyword.builtin.ClickKeyword.click(ClickKeyword.groovy:86)
	at com.kms.katalon.core.webui.keyword.builtin.ClickKeyword.execute(ClickKeyword.groovy:67)
	at com.kms.katalon.core.keyword.internal.KeywordExecutor.executeKeywordForPlatform(KeywordExecutor.groovy:53)
	at com.kms.katalon.core.webui.keyword.WebUiBuiltInKeywords.click(WebUiBuiltInKeywords.groovy:616)
	at com.kms.katalon.core.webui.keyword.WebUiBuiltInKeywords$click$3.call(Unknown Source)
	at org.codehaus.groovy.runtime.callsite.CallSiteArray.defaultCall(CallSiteArray.java:48)
	at org.codehaus.groovy.runtime.callsite.AbstractCallSite.call(AbstractCallSite.java:113)
	at org.codehaus.groovy.runtime.callsite.AbstractCallSite.call(AbstractCallSite.java:125)
	at Script1540883572231.run(Script1540883572231.groovy:38)
	at com.kms.katalon.core.main.ScriptEngine.run(ScriptEngine.java:183)
	at com.kms.katalon.core.main.ScriptEngine.runScriptAsRawText(ScriptEngine.java:108)
	at com.kms.katalon.core.main.TestCaseExecutor.runScript(TestCaseExecutor.java:294)
	at com.kms.katalon.core.main.TestCaseExecutor.doExecute(TestCaseExecutor.java:285)
	at com.kms.katalon.core.main.TestCaseExecutor.processExecutionPhase(TestCaseExecutor.java:264)
	at com.kms.katalon.core.main.TestCaseExecutor.accessMainPhase(TestCaseExecutor.java:256)
	at com.kms.katalon.core.main.TestCaseExecutor.execute(TestCaseExecutor.java:200)
	at com.kms.katalon.core.main.TestSuiteExecutor.accessTestCaseMainPhase(TestSuiteExecutor.java:129)
	at com.kms.katalon.core.main.TestSuiteExecutor.accessTestSuiteMainPhase(TestSuiteExecutor.java:112)
	at com.kms.katalon.core.main.TestSuiteExecutor.execute(TestSuiteExecutor.java:81)
	at com.kms.katalon.core.main.TestCaseMain.startTestSuite(TestCaseMain.java:142)
	at com.kms.katalon.core.main.TestCaseMain$startTestSuite$0.call(Unknown Source)
	at org.codehaus.groovy.runtime.callsite.CallSiteArray.defaultCall(CallSiteArray.java:48)
	at org.codehaus.groovy.runtime.callsite.AbstractCallSite.call(AbstractCallSite.java:113)
	at org.codehaus.groovy.runtime.callsite.AbstractCallSite.call(AbstractCallSite.java:141)
	at TempTestSuite1540977626961.run(TempTestSuite1540977626961.groovy:36)
	at groovy.lang.GroovyShell.runScriptOrMainOrTestOrRunnable(GroovyShell.java:263)
	at groovy.lang.GroovyShell.run(GroovyShell.java:518)
	at groovy.lang.GroovyShell.run(GroovyShell.java:507)
	at groovy.ui.GroovyMain.processOnce(GroovyMain.java:653)
	at groovy.ui.GroovyMain.run(GroovyMain.java:384)
	at groovy.ui.GroovyMain.process(GroovyMain.java:370)
	at groovy.ui.GroovyMain.processArgs(GroovyMain.java:129)
	at groovy.ui.GroovyMain.main(GroovyMain.java:109)
	at sun.reflect.NativeMethodAccessorImpl.invoke0(Native Method)
	at sun.reflect.NativeMethodAccessorImpl.invoke(NativeMethodAccessorImpl.java:62)
	at sun.reflect.DelegatingMethodAccessorImpl.invoke(DelegatingMethodAccessorImpl.java:43)
	at java.lang.reflect.Method.invoke(Method.java:498)
	at org.codehaus.groovy.tools.GroovyStarter.rootLoader(GroovyStarter.java:109)
	at org.codehaus.groovy.tools.GroovyStarter.main(GroovyStarter.java:131)
)

2018-10-31 15:27:09 - [TEST_STEP][PASSED] - openBrowser: Browser is opened with url: 'http://test1.qa.safetychain.com/'

2018-10-31 15:27:09 - [MESSAGE][WARNING] - A browser is already opened. Closing browser and opening a new one

2018-10-31 15:27:27 - [MESSAGE][PASSED] - Browser is opened with url: 'http://test1.qa.safetychain.com/'

2018-10-31 15:27:27 - [TEST_STEP][PASSED] - maximizeWindow: Current window maximized

2018-10-31 15:27:28 - [MESSAGE][PASSED] - Current window maximized

2018-10-31 15:27:28 - [TEST_STEP][PASSED] - Statement - driver = com.kms.katalon.core.webui.driver.DriverFactory.getWebDriver(): null

2018-10-31 15:27:28 - [TEST_STEP][PASSED] - setText: Text 'Superadmin' is set on object 'Object Repository/FormTab/login_Username'

2018-10-31 15:27:33 - [MESSAGE][PASSED] - Text 'Superadmin' is set on object 'Object Repository/FormTab/login_Username'

2018-10-31 15:27:33 - [TEST_STEP][PASSED] - setText: Text 'password123#' is set on object 'Object Repository/FormTab/login_Password'

2018-10-31 15:27:33 - [MESSAGE][PASSED] - Text 'password123#' is set on object 'Object Repository/FormTab/login_Password'

2018-10-31 15:27:33 - [TEST_STEP][PASSED] - click: Object: 'Object Repository/FormTab/login_Button' is clicked on

2018-10-31 15:27:37 - [MESSAGE][PASSED] - Object: 'Object Repository/FormTab/login_Button' is clicked on

2018-10-31 15:27:37 - [TEST_STEP][PASSED] - Statement - java.lang.Thread.sleep(8000): null

2018-10-31 15:27:45 - [TEST_STEP][PASSED] - click: Object: 'Object Repository/FormTab/form_Tab' is clicked on

2018-10-31 15:27:45 - [MESSAGE][PASSED] - Object: 'Object Repository/FormTab/form_Tab' is clicked on

2018-10-31 15:27:45 - [TEST_STEP][PASSED] - Statement - java.lang.Thread.sleep(5000): null

2018-10-31 15:27:50 - [TEST_STEP][FAILED] - click: Unable to click on object 'Object Repository/FormTab/options' (Root cause: org.openqa.selenium.WebDriverException: unknown error: Element <a class="k-header-column-menu" href="#" title="Column Settings" tabindex="-1">...</a> is not clickable at point (541, 165). Other element would receive the click: <div class="k-loading-image"></div>
  (Session info: chrome=70.0.3538.77)
  (Driver info: chromedriver=2.35.528161 (5b82f2d2aae0ca24b877009200ced9065a772e73),platform=Windows NT 6.1.7601 SP1 x86_64) (WARNING: The server did not provide any stacktrace information)
Command duration or timeout: 0 milliseconds
Build info: version: '3.7.1', revision: '8a0099a', time: '2017-11-06T21:07:36.161Z'
System info: host: 'ABHISHEK-PASHIN', ip: '10.21.7.138', os.name: 'Windows 7', os.arch: 'amd64', os.version: '6.1', java.version: '1.8.0_181'
Driver info: com.kms.katalon.selenium.driver.CChromeDriver
Capabilities {acceptInsecureCerts: false, acceptSslCerts: false, applicationCacheEnabled: false, browserConnectionEnabled: false, browserName: chrome, chrome: {chromedriverVersion: 2.35.528161 (5b82f2d2aae0ca..., userDataDir: C:\Users\PASHIN~1\AppData\L...}, cssSelectorsEnabled: true, databaseEnabled: false, handlesAlerts: true, hasTouchScreen: false, javascriptEnabled: true, locationContextEnabled: true, mobileEmulationEnabled: false, nativeEvents: true, networkConnectionEnabled: false, pageLoadStrategy: normal, platform: XP, platformName: XP, rotatable: false, setWindowRect: true, takesHeapSnapshot: true, takesScreenshot: true, unexpectedAlertBehaviour: , unhandledPromptBehavior: , version: 70.0.3538.77, webStorageEnabled: true}
Session ID: 6ee841c5c5e8493f8d1d78b5f434b686)

2018-10-31 15:27:50 - [MESSAGE][FAILED] - Unable to click on object 'Object Repository/FormTab/options' (Root cause: org.openqa.selenium.WebDriverException: unknown error: Element <a class="k-header-column-menu" href="#" title="Column Settings" tabindex="-1">...</a> is not clickable at point (541, 165). Other element would receive the click: <div class="k-loading-image"></div>
  (Session info: chrome=70.0.3538.77)
  (Driver info: chromedriver=2.35.528161 (5b82f2d2aae0ca24b877009200ced9065a772e73),platform=Windows NT 6.1.7601 SP1 x86_64) (WARNING: The server did not provide any stacktrace information)
Command duration or timeout: 0 milliseconds
Build info: version: '3.7.1', revision: '8a0099a', time: '2017-11-06T21:07:36.161Z'
System info: host: 'ABHISHEK-PASHIN', ip: '10.21.7.138', os.name: 'Windows 7', os.arch: 'amd64', os.version: '6.1', java.version: '1.8.0_181'
Driver info: com.kms.katalon.selenium.driver.CChromeDriver
Capabilities {acceptInsecureCerts: false, acceptSslCerts: false, applicationCacheEnabled: false, browserConnectionEnabled: false, browserName: chrome, chrome: {chromedriverVersion: 2.35.528161 (5b82f2d2aae0ca..., userDataDir: C:\Users\PASHIN~1\AppData\L...}, cssSelectorsEnabled: true, databaseEnabled: false, handlesAlerts: true, hasTouchScreen: false, javascriptEnabled: true, locationContextEnabled: true, mobileEmulationEnabled: false, nativeEvents: true, networkConnectionEnabled: false, pageLoadStrategy: normal, platform: XP, platformName: XP, rotatable: false, setWindowRect: true, takesHeapSnapshot: true, takesScreenshot: true, unexpectedAlertBehaviour: , unhandledPromptBehavior: , version: 70.0.3538.77, webStorageEnabled: true}
Session ID: 6ee841c5c5e8493f8d1d78b5f434b686)
[[ATTACHMENT|D:\\Git Data\\SafetyChain-Test-Automation-Katalon\\Reports\\SmokeSuite\\20181031_145026\\1540979870411.png]]]]></system-out>
         <system-err><![CDATA[2018-10-31 15:27:08 - [TEST_CASE][FAILED] - Test Cases/Forms/AuditForm/2_FormSubmission: Test Cases/Forms/AuditForm/2_FormSubmission FAILED because (of) (Stack trace: com.kms.katalon.core.exception.StepFailedException: Unable to click on object 'Object Repository/FormTab/options' (Root cause: org.openqa.selenium.WebDriverException: unknown error: Element <a class="k-header-column-menu" href="#" title="Column Settings" tabindex="-1">...</a> is not clickable at point (541, 165). Other element would receive the click: <div class="k-loading-image"></div>
  (Session info: chrome=70.0.3538.77)
  (Driver info: chromedriver=2.35.528161 (5b82f2d2aae0ca24b877009200ced9065a772e73),platform=Windows NT 6.1.7601 SP1 x86_64) (WARNING: The server did not provide any stacktrace information)
Command duration or timeout: 0 milliseconds
Build info: version: '3.7.1', revision: '8a0099a', time: '2017-11-06T21:07:36.161Z'
System info: host: 'ABHISHEK-PASHIN', ip: '10.21.7.138', os.name: 'Windows 7', os.arch: 'amd64', os.version: '6.1', java.version: '1.8.0_181'
Driver info: com.kms.katalon.selenium.driver.CChromeDriver
Capabilities {acceptInsecureCerts: false, acceptSslCerts: false, applicationCacheEnabled: false, browserConnectionEnabled: false, browserName: chrome, chrome: {chromedriverVersion: 2.35.528161 (5b82f2d2aae0ca..., userDataDir: C:\Users\PASHIN~1\AppData\L...}, cssSelectorsEnabled: true, databaseEnabled: false, handlesAlerts: true, hasTouchScreen: false, javascriptEnabled: true, locationContextEnabled: true, mobileEmulationEnabled: false, nativeEvents: true, networkConnectionEnabled: false, pageLoadStrategy: normal, platform: XP, platformName: XP, rotatable: false, setWindowRect: true, takesHeapSnapshot: true, takesScreenshot: true, unexpectedAlertBehaviour: , unhandledPromptBehavior: , version: 70.0.3538.77, webStorageEnabled: true}
Session ID: 6ee841c5c5e8493f8d1d78b5f434b686)
	at com.kms.katalon.core.keyword.internal.KeywordMain.stepFailed(KeywordMain.groovy:36)
	at com.kms.katalon.core.webui.keyword.internal.WebUIKeywordMain.stepFailed(WebUIKeywordMain.groovy:65)
	at com.kms.katalon.core.webui.keyword.internal.WebUIKeywordMain.runKeyword(WebUIKeywordMain.groovy:27)
	at com.kms.katalon.core.webui.keyword.builtin.ClickKeyword.click(ClickKeyword.groovy:86)
	at com.kms.katalon.core.webui.keyword.builtin.ClickKeyword.execute(ClickKeyword.groovy:67)
	at com.kms.katalon.core.keyword.internal.KeywordExecutor.executeKeywordForPlatform(KeywordExecutor.groovy:53)
	at com.kms.katalon.core.webui.keyword.WebUiBuiltInKeywords.click(WebUiBuiltInKeywords.groovy:616)
	at com.kms.katalon.core.webui.keyword.WebUiBuiltInKeywords$click$3.call(Unknown Source)
	at org.codehaus.groovy.runtime.callsite.CallSiteArray.defaultCall(CallSiteArray.java:48)
	at org.codehaus.groovy.runtime.callsite.AbstractCallSite.call(AbstractCallSite.java:113)
	at org.codehaus.groovy.runtime.callsite.AbstractCallSite.call(AbstractCallSite.java:125)
	at Script1540883572231.run(Script1540883572231.groovy:38)
	at com.kms.katalon.core.main.ScriptEngine.run(ScriptEngine.java:183)
	at com.kms.katalon.core.main.ScriptEngine.runScriptAsRawText(ScriptEngine.java:108)
	at com.kms.katalon.core.main.TestCaseExecutor.runScript(TestCaseExecutor.java:294)
	at com.kms.katalon.core.main.TestCaseExecutor.doExecute(TestCaseExecutor.java:285)
	at com.kms.katalon.core.main.TestCaseExecutor.processExecutionPhase(TestCaseExecutor.java:264)
	at com.kms.katalon.core.main.TestCaseExecutor.accessMainPhase(TestCaseExecutor.java:256)
	at com.kms.katalon.core.main.TestCaseExecutor.execute(TestCaseExecutor.java:200)
	at com.kms.katalon.core.main.TestSuiteExecutor.accessTestCaseMainPhase(TestSuiteExecutor.java:129)
	at com.kms.katalon.core.main.TestSuiteExecutor.accessTestSuiteMainPhase(TestSuiteExecutor.java:112)
	at com.kms.katalon.core.main.TestSuiteExecutor.execute(TestSuiteExecutor.java:81)
	at com.kms.katalon.core.main.TestCaseMain.startTestSuite(TestCaseMain.java:142)
	at com.kms.katalon.core.main.TestCaseMain$startTestSuite$0.call(Unknown Source)
	at org.codehaus.groovy.runtime.callsite.CallSiteArray.defaultCall(CallSiteArray.java:48)
	at org.codehaus.groovy.runtime.callsite.AbstractCallSite.call(AbstractCallSite.java:113)
	at org.codehaus.groovy.runtime.callsite.AbstractCallSite.call(AbstractCallSite.java:141)
	at TempTestSuite1540977626961.run(TempTestSuite1540977626961.groovy:36)
	at groovy.lang.GroovyShell.runScriptOrMainOrTestOrRunnable(GroovyShell.java:263)
	at groovy.lang.GroovyShell.run(GroovyShell.java:518)
	at groovy.lang.GroovyShell.run(GroovyShell.java:507)
	at groovy.ui.GroovyMain.processOnce(GroovyMain.java:653)
	at groovy.ui.GroovyMain.run(GroovyMain.java:384)
	at groovy.ui.GroovyMain.process(GroovyMain.java:370)
	at groovy.ui.GroovyMain.processArgs(GroovyMain.java:129)
	at groovy.ui.GroovyMain.main(GroovyMain.java:109)
	at sun.reflect.NativeMethodAccessorImpl.invoke0(Native Method)
	at sun.reflect.NativeMethodAccessorImpl.invoke(NativeMethodAccessorImpl.java:62)
	at sun.reflect.DelegatingMethodAccessorImpl.invoke(DelegatingMethodAccessorImpl.java:43)
	at java.lang.reflect.Method.invoke(Method.java:498)
	at org.codehaus.groovy.tools.GroovyStarter.rootLoader(GroovyStarter.java:109)
	at org.codehaus.groovy.tools.GroovyStarter.main(GroovyStarter.java:131)
)]]></system-err>
      </testcase>
      <testcase name="Test Cases/Forms/AuditForm/3_VerifyingRecord" classname="Test Cases/Forms/AuditForm/3_VerifyingRecord" status="FAILED">
         <failure type="FAILED" message="(Stack trace: com.kms.katalon.core.exception.StepFailedException: Fail to click on element
	at com.kms.katalon.core.util.KeywordUtil.markFailed(KeywordUtil.java:15)
	at com.kms.katalon.core.util.KeywordUtil$markFailed.call(Unknown Source)
	at org.codehaus.groovy.runtime.callsite.CallSiteArray.defaultCall(CallSiteArray.java:48)
	at org.codehaus.groovy.runtime.callsite.AbstractCallSite.call(AbstractCallSite.java:113)
	at org.codehaus.groovy.runtime.callsite.AbstractCallSite.call(AbstractCallSite.java:125)
	at FormName.recordFormName(FormName.groovy:111)
	at sun.reflect.NativeMethodAccessorImpl.invoke0(Native Method)
	at sun.reflect.NativeMethodAccessorImpl.invoke(NativeMethodAccessorImpl.java:62)
	at sun.reflect.DelegatingMethodAccessorImpl.invoke(DelegatingMethodAccessorImpl.java:43)
	at java.lang.reflect.Method.invoke(Method.java:498)
	at org.codehaus.groovy.reflection.CachedMethod.invoke(CachedMethod.java:93)
	at groovy.lang.MetaMethod.doMethodInvoke(MetaMethod.java:325)
	at groovy.lang.MetaClassImpl.invokeMethod(MetaClassImpl.java:1215)
	at groovy.lang.MetaClassImpl.invokeMethod(MetaClassImpl.java:1024)
	at groovy.lang.MetaClassImpl.invokeMethod(MetaClassImpl.java:812)
	at groovy.lang.DelegatingMetaClass.invokeMethod(DelegatingMetaClass.java:144)
	at FormName.invokeMethod(FormName.groovy)
	at com.kms.katalon.core.main.CustomKeywordDelegatingMetaClass.invokeStaticMethod(CustomKeywordDelegatingMetaClass.java:46)
	at org.codehaus.groovy.runtime.callsite.StaticMetaClassSite.call(StaticMetaClassSite.java:53)
	at org.codehaus.groovy.runtime.callsite.CallSiteArray.defaultCall(CallSiteArray.java:48)
	at org.codehaus.groovy.runtime.callsite.AbstractCallSite.call(AbstractCallSite.java:113)
	at org.codehaus.groovy.runtime.callsite.AbstractCallSite.call(AbstractCallSite.java:117)
	at Script1540883572244.run(Script1540883572244.groovy:42)
	at com.kms.katalon.core.main.ScriptEngine.run(ScriptEngine.java:183)
	at com.kms.katalon.core.main.ScriptEngine.runScriptAsRawText(ScriptEngine.java:108)
	at com.kms.katalon.core.main.TestCaseExecutor.runScript(TestCaseExecutor.java:294)
	at com.kms.katalon.core.main.TestCaseExecutor.doExecute(TestCaseExecutor.java:285)
	at com.kms.katalon.core.main.TestCaseExecutor.processExecutionPhase(TestCaseExecutor.java:264)
	at com.kms.katalon.core.main.TestCaseExecutor.accessMainPhase(TestCaseExecutor.java:256)
	at com.kms.katalon.core.main.TestCaseExecutor.execute(TestCaseExecutor.java:200)
	at com.kms.katalon.core.main.TestSuiteExecutor.accessTestCaseMainPhase(TestSuiteExecutor.java:129)
	at com.kms.katalon.core.main.TestSuiteExecutor.accessTestSuiteMainPhase(TestSuiteExecutor.java:112)
	at com.kms.katalon.core.main.TestSuiteExecutor.execute(TestSuiteExecutor.java:81)
	at com.kms.katalon.core.main.TestCaseMain.startTestSuite(TestCaseMain.java:142)
	at com.kms.katalon.core.main.TestCaseMain$startTestSuite$0.call(Unknown Source)
	at org.codehaus.groovy.runtime.callsite.CallSiteArray.defaultCall(CallSiteArray.java:48)
	at org.codehaus.groovy.runtime.callsite.AbstractCallSite.call(AbstractCallSite.java:113)
	at org.codehaus.groovy.runtime.callsite.AbstractCallSite.call(AbstractCallSite.java:141)
	at TempTestSuite1540977626961.run(TempTestSuite1540977626961.groovy:36)
	at groovy.lang.GroovyShell.runScriptOrMainOrTestOrRunnable(GroovyShell.java:263)
	at groovy.lang.GroovyShell.run(GroovyShell.java:518)
	at groovy.lang.GroovyShell.run(GroovyShell.java:507)
	at groovy.ui.GroovyMain.processOnce(GroovyMain.java:653)
	at groovy.ui.GroovyMain.run(GroovyMain.java:384)
	at groovy.ui.GroovyMain.process(GroovyMain.java:370)
	at groovy.ui.GroovyMain.processArgs(GroovyMain.java:129)
	at groovy.ui.GroovyMain.main(GroovyMain.java:109)
	at sun.reflect.NativeMethodAccessorImpl.invoke0(Native Method)
	at sun.reflect.NativeMethodAccessorImpl.invoke(NativeMethodAccessorImpl.java:62)
	at sun.reflect.DelegatingMethodAccessorImpl.invoke(DelegatingMethodAccessorImpl.java:43)
	at java.lang.reflect.Method.invoke(Method.java:498)
	at org.codehaus.groovy.tools.GroovyStarter.rootLoader(GroovyStarter.java:109)
	at org.codehaus.groovy.tools.GroovyStarter.main(GroovyStarter.java:131)
)"/>
         <system-out><![CDATA[2018-10-31 15:27:50 - [TEST_CASE][FAILED] - Test Cases/Forms/AuditForm/3_VerifyingRecord: Test Cases/Forms/AuditForm/3_VerifyingRecord FAILED because (of) (Stack trace: com.kms.katalon.core.exception.StepFailedException: Fail to click on element
	at com.kms.katalon.core.util.KeywordUtil.markFailed(KeywordUtil.java:15)
	at com.kms.katalon.core.util.KeywordUtil$markFailed.call(Unknown Source)
	at org.codehaus.groovy.runtime.callsite.CallSiteArray.defaultCall(CallSiteArray.java:48)
	at org.codehaus.groovy.runtime.callsite.AbstractCallSite.call(AbstractCallSite.java:113)
	at org.codehaus.groovy.runtime.callsite.AbstractCallSite.call(AbstractCallSite.java:125)
	at FormName.recordFormName(FormName.groovy:111)
	at sun.reflect.NativeMethodAccessorImpl.invoke0(Native Method)
	at sun.reflect.NativeMethodAccessorImpl.invoke(NativeMethodAccessorImpl.java:62)
	at sun.reflect.DelegatingMethodAccessorImpl.invoke(DelegatingMethodAccessorImpl.java:43)
	at java.lang.reflect.Method.invoke(Method.java:498)
	at org.codehaus.groovy.reflection.CachedMethod.invoke(CachedMethod.java:93)
	at groovy.lang.MetaMethod.doMethodInvoke(MetaMethod.java:325)
	at groovy.lang.MetaClassImpl.invokeMethod(MetaClassImpl.java:1215)
	at groovy.lang.MetaClassImpl.invokeMethod(MetaClassImpl.java:1024)
	at groovy.lang.MetaClassImpl.invokeMethod(MetaClassImpl.java:812)
	at groovy.lang.DelegatingMetaClass.invokeMethod(DelegatingMetaClass.java:144)
	at FormName.invokeMethod(FormName.groovy)
	at com.kms.katalon.core.main.CustomKeywordDelegatingMetaClass.invokeStaticMethod(CustomKeywordDelegatingMetaClass.java:46)
	at org.codehaus.groovy.runtime.callsite.StaticMetaClassSite.call(StaticMetaClassSite.java:53)
	at org.codehaus.groovy.runtime.callsite.CallSiteArray.defaultCall(CallSiteArray.java:48)
	at org.codehaus.groovy.runtime.callsite.AbstractCallSite.call(AbstractCallSite.java:113)
	at org.codehaus.groovy.runtime.callsite.AbstractCallSite.call(AbstractCallSite.java:117)
	at Script1540883572244.run(Script1540883572244.groovy:42)
	at com.kms.katalon.core.main.ScriptEngine.run(ScriptEngine.java:183)
	at com.kms.katalon.core.main.ScriptEngine.runScriptAsRawText(ScriptEngine.java:108)
	at com.kms.katalon.core.main.TestCaseExecutor.runScript(TestCaseExecutor.java:294)
	at com.kms.katalon.core.main.TestCaseExecutor.doExecute(TestCaseExecutor.java:285)
	at com.kms.katalon.core.main.TestCaseExecutor.processExecutionPhase(TestCaseExecutor.java:264)
	at com.kms.katalon.core.main.TestCaseExecutor.accessMainPhase(TestCaseExecutor.java:256)
	at com.kms.katalon.core.main.TestCaseExecutor.execute(TestCaseExecutor.java:200)
	at com.kms.katalon.core.main.TestSuiteExecutor.accessTestCaseMainPhase(TestSuiteExecutor.java:129)
	at com.kms.katalon.core.main.TestSuiteExecutor.accessTestSuiteMainPhase(TestSuiteExecutor.java:112)
	at com.kms.katalon.core.main.TestSuiteExecutor.execute(TestSuiteExecutor.java:81)
	at com.kms.katalon.core.main.TestCaseMain.startTestSuite(TestCaseMain.java:142)
	at com.kms.katalon.core.main.TestCaseMain$startTestSuite$0.call(Unknown Source)
	at org.codehaus.groovy.runtime.callsite.CallSiteArray.defaultCall(CallSiteArray.java:48)
	at org.codehaus.groovy.runtime.callsite.AbstractCallSite.call(AbstractCallSite.java:113)
	at org.codehaus.groovy.runtime.callsite.AbstractCallSite.call(AbstractCallSite.java:141)
	at TempTestSuite1540977626961.run(TempTestSuite1540977626961.groovy:36)
	at groovy.lang.GroovyShell.runScriptOrMainOrTestOrRunnable(GroovyShell.java:263)
	at groovy.lang.GroovyShell.run(GroovyShell.java:518)
	at groovy.lang.GroovyShell.run(GroovyShell.java:507)
	at groovy.ui.GroovyMain.processOnce(GroovyMain.java:653)
	at groovy.ui.GroovyMain.run(GroovyMain.java:384)
	at groovy.ui.GroovyMain.process(GroovyMain.java:370)
	at groovy.ui.GroovyMain.processArgs(GroovyMain.java:129)
	at groovy.ui.GroovyMain.main(GroovyMain.java:109)
	at sun.reflect.NativeMethodAccessorImpl.invoke0(Native Method)
	at sun.reflect.NativeMethodAccessorImpl.invoke(NativeMethodAccessorImpl.java:62)
	at sun.reflect.DelegatingMethodAccessorImpl.invoke(DelegatingMethodAccessorImpl.java:43)
	at java.lang.reflect.Method.invoke(Method.java:498)
	at org.codehaus.groovy.tools.GroovyStarter.rootLoader(GroovyStarter.java:109)
	at org.codehaus.groovy.tools.GroovyStarter.main(GroovyStarter.java:131)
)

2018-10-31 15:27:51 - [TEST_STEP][NOT_RUN] - openBrowser: NOT_RUN: openBrowser

2018-10-31 15:27:51 - [MESSAGE][NOT_RUN] - NOT_RUN: openBrowser

2018-10-31 15:27:51 - [TEST_STEP][NOT_RUN] - maximizeWindow: NOT_RUN: maximizeWindow

2018-10-31 15:27:51 - [MESSAGE][NOT_RUN] - NOT_RUN: maximizeWindow

2018-10-31 15:27:51 - [TEST_STEP][NOT_RUN] - setText: NOT_RUN: setText

2018-10-31 15:27:51 - [MESSAGE][NOT_RUN] - NOT_RUN: setText

2018-10-31 15:27:51 - [TEST_STEP][NOT_RUN] - setText: NOT_RUN: setText

2018-10-31 15:27:51 - [MESSAGE][NOT_RUN] - NOT_RUN: setText

2018-10-31 15:27:51 - [TEST_STEP][NOT_RUN] - click: NOT_RUN: click

2018-10-31 15:27:51 - [MESSAGE][NOT_RUN] - NOT_RUN: click

2018-10-31 15:27:51 - [TEST_STEP][PASSED] - Statement - java.lang.Thread.sleep(8000): null

2018-10-31 15:27:59 - [TEST_STEP][PASSED] - click: Object: 'Object Repository/Record/record_Tab' is clicked on

2018-10-31 15:27:59 - [MESSAGE][PASSED] - Object: 'Object Repository/Record/record_Tab' is clicked on

2018-10-31 15:27:59 - [TEST_STEP][PASSED] - Statement - java.lang.Thread.sleep(5000): null

2018-10-31 15:28:04 - [TEST_STEP][PASSED] - click: Object: 'Object Repository/FormTab/clickToViewMoreOption' is clicked on

2018-10-31 15:28:04 - [MESSAGE][PASSED] - Object: 'Object Repository/FormTab/clickToViewMoreOption' is clicked on

2018-10-31 15:28:04 - [TEST_STEP][PASSED] - Statement - java.lang.Thread.sleep(4000): null

2018-10-31 15:28:08 - [TEST_STEP][PASSED] - waitForElementNotVisible: Object 'Object Repository/FormTab/select500_Form' is visible after 5 second(s)

2018-10-31 15:28:13 - [MESSAGE][WARNING] - Object 'Object Repository/FormTab/select500_Form' is visible after 5 second(s)

2018-10-31 15:28:13 - [TEST_STEP][PASSED] - click: Object: 'Object Repository/FormTab/select500_Form' is clicked on

2018-10-31 15:28:13 - [MESSAGE][PASSED] - Object: 'Object Repository/FormTab/select500_Form' is clicked on

2018-10-31 15:28:13 - [TEST_STEP][PASSED] - Statement - java.lang.Thread.sleep(7000): null

2018-10-31 15:28:20 - [TEST_STEP][FAILED] - FormName.recordFormName: Fail to click on element

2018-10-31 15:28:20 - [MESSAGE][FAILED] - Fail to click on element

2018-10-31 15:28:20 - [TEST_STEP][PASSED] - Statement - java.lang.Thread.sleep(4000): null]]></system-out>
         <system-err><![CDATA[2018-10-31 15:27:50 - [TEST_CASE][FAILED] - Test Cases/Forms/AuditForm/3_VerifyingRecord: Test Cases/Forms/AuditForm/3_VerifyingRecord FAILED because (of) (Stack trace: com.kms.katalon.core.exception.StepFailedException: Fail to click on element
	at com.kms.katalon.core.util.KeywordUtil.markFailed(KeywordUtil.java:15)
	at com.kms.katalon.core.util.KeywordUtil$markFailed.call(Unknown Source)
	at org.codehaus.groovy.runtime.callsite.CallSiteArray.defaultCall(CallSiteArray.java:48)
	at org.codehaus.groovy.runtime.callsite.AbstractCallSite.call(AbstractCallSite.java:113)
	at org.codehaus.groovy.runtime.callsite.AbstractCallSite.call(AbstractCallSite.java:125)
	at FormName.recordFormName(FormName.groovy:111)
	at sun.reflect.NativeMethodAccessorImpl.invoke0(Native Method)
	at sun.reflect.NativeMethodAccessorImpl.invoke(NativeMethodAccessorImpl.java:62)
	at sun.reflect.DelegatingMethodAccessorImpl.invoke(DelegatingMethodAccessorImpl.java:43)
	at java.lang.reflect.Method.invoke(Method.java:498)
	at org.codehaus.groovy.reflection.CachedMethod.invoke(CachedMethod.java:93)
	at groovy.lang.MetaMethod.doMethodInvoke(MetaMethod.java:325)
	at groovy.lang.MetaClassImpl.invokeMethod(MetaClassImpl.java:1215)
	at groovy.lang.MetaClassImpl.invokeMethod(MetaClassImpl.java:1024)
	at groovy.lang.MetaClassImpl.invokeMethod(MetaClassImpl.java:812)
	at groovy.lang.DelegatingMetaClass.invokeMethod(DelegatingMetaClass.java:144)
	at FormName.invokeMethod(FormName.groovy)
	at com.kms.katalon.core.main.CustomKeywordDelegatingMetaClass.invokeStaticMethod(CustomKeywordDelegatingMetaClass.java:46)
	at org.codehaus.groovy.runtime.callsite.StaticMetaClassSite.call(StaticMetaClassSite.java:53)
	at org.codehaus.groovy.runtime.callsite.CallSiteArray.defaultCall(CallSiteArray.java:48)
	at org.codehaus.groovy.runtime.callsite.AbstractCallSite.call(AbstractCallSite.java:113)
	at org.codehaus.groovy.runtime.callsite.AbstractCallSite.call(AbstractCallSite.java:117)
	at Script1540883572244.run(Script1540883572244.groovy:42)
	at com.kms.katalon.core.main.ScriptEngine.run(ScriptEngine.java:183)
	at com.kms.katalon.core.main.ScriptEngine.runScriptAsRawText(ScriptEngine.java:108)
	at com.kms.katalon.core.main.TestCaseExecutor.runScript(TestCaseExecutor.java:294)
	at com.kms.katalon.core.main.TestCaseExecutor.doExecute(TestCaseExecutor.java:285)
	at com.kms.katalon.core.main.TestCaseExecutor.processExecutionPhase(TestCaseExecutor.java:264)
	at com.kms.katalon.core.main.TestCaseExecutor.accessMainPhase(TestCaseExecutor.java:256)
	at com.kms.katalon.core.main.TestCaseExecutor.execute(TestCaseExecutor.java:200)
	at com.kms.katalon.core.main.TestSuiteExecutor.accessTestCaseMainPhase(TestSuiteExecutor.java:129)
	at com.kms.katalon.core.main.TestSuiteExecutor.accessTestSuiteMainPhase(TestSuiteExecutor.java:112)
	at com.kms.katalon.core.main.TestSuiteExecutor.execute(TestSuiteExecutor.java:81)
	at com.kms.katalon.core.main.TestCaseMain.startTestSuite(TestCaseMain.java:142)
	at com.kms.katalon.core.main.TestCaseMain$startTestSuite$0.call(Unknown Source)
	at org.codehaus.groovy.runtime.callsite.CallSiteArray.defaultCall(CallSiteArray.java:48)
	at org.codehaus.groovy.runtime.callsite.AbstractCallSite.call(AbstractCallSite.java:113)
	at org.codehaus.groovy.runtime.callsite.AbstractCallSite.call(AbstractCallSite.java:141)
	at TempTestSuite1540977626961.run(TempTestSuite1540977626961.groovy:36)
	at groovy.lang.GroovyShell.runScriptOrMainOrTestOrRunnable(GroovyShell.java:263)
	at groovy.lang.GroovyShell.run(GroovyShell.java:518)
	at groovy.lang.GroovyShell.run(GroovyShell.java:507)
	at groovy.ui.GroovyMain.processOnce(GroovyMain.java:653)
	at groovy.ui.GroovyMain.run(GroovyMain.java:384)
	at groovy.ui.GroovyMain.process(GroovyMain.java:370)
	at groovy.ui.GroovyMain.processArgs(GroovyMain.java:129)
	at groovy.ui.GroovyMain.main(GroovyMain.java:109)
	at sun.reflect.NativeMethodAccessorImpl.invoke0(Native Method)
	at sun.reflect.NativeMethodAccessorImpl.invoke(NativeMethodAccessorImpl.java:62)
	at sun.reflect.DelegatingMethodAccessorImpl.invoke(DelegatingMethodAccessorImpl.java:43)
	at java.lang.reflect.Method.invoke(Method.java:498)
	at org.codehaus.groovy.tools.GroovyStarter.rootLoader(GroovyStarter.java:109)
	at org.codehaus.groovy.tools.GroovyStarter.main(GroovyStarter.java:131)
)]]></system-err>
      </testcase>
      <testcase name="Test Cases/Forms/CheckForm/1_CreateForm" classname="Test Cases/Forms/CheckForm/1_CreateForm" status="PASSED">
         <system-out><![CDATA[2018-10-31 15:28:24 - [TEST_CASE][PASSED] - Test Cases/Forms/CheckForm/1_CreateForm: Test Cases/Forms/CheckForm/1_CreateForm

2018-10-31 15:28:25 - [TEST_STEP][PASSED] - openBrowser: Browser is opened with url: 'http://test1.qa.safetychain.com/'

2018-10-31 15:28:25 - [MESSAGE][WARNING] - A browser is already opened. Closing browser and opening a new one

2018-10-31 15:28:41 - [MESSAGE][PASSED] - Browser is opened with url: 'http://test1.qa.safetychain.com/'

2018-10-31 15:28:41 - [TEST_STEP][PASSED] - maximizeWindow: Current window maximized

2018-10-31 15:28:43 - [MESSAGE][PASSED] - Current window maximized

2018-10-31 15:28:43 - [TEST_STEP][PASSED] - setText: Text 'Superadmin' is set on object 'Object Repository/Form_Selection_Creation/login_Username'

2018-10-31 15:28:46 - [MESSAGE][PASSED] - Text 'Superadmin' is set on object 'Object Repository/Form_Selection_Creation/login_Username'

2018-10-31 15:28:46 - [TEST_STEP][PASSED] - setText: Text 'password123#' is set on object 'Object Repository/Form_Selection_Creation/login_Password'

2018-10-31 15:28:47 - [MESSAGE][PASSED] - Text 'password123#' is set on object 'Object Repository/Form_Selection_Creation/login_Password'

2018-10-31 15:28:47 - [TEST_STEP][PASSED] - FormName.setData: FormName.setData is PASSED

2018-10-31 15:28:47 - [MESSAGE][PASSED] - FormName.setData is PASSED

2018-10-31 15:28:47 - [TEST_STEP][PASSED] - click: Object: 'Object Repository/Form_Selection_Creation/login_Button' is clicked on

2018-10-31 15:28:51 - [MESSAGE][PASSED] - Object: 'Object Repository/Form_Selection_Creation/login_Button' is clicked on

2018-10-31 15:28:51 - [TEST_STEP][PASSED] - Statement - java.lang.Thread.sleep(3000): null

2018-10-31 15:28:54 - [TEST_STEP][PASSED] - click: Object: 'Object Repository/Form_Selection_Creation/mainMenu_Button' is clicked on

2018-10-31 15:28:57 - [MESSAGE][PASSED] - Object: 'Object Repository/Form_Selection_Creation/mainMenu_Button' is clicked on

2018-10-31 15:28:57 - [TEST_STEP][PASSED] - click: Object: 'Object Repository/Form_Selection_Creation/mainMenu_AdminTools' is clicked on

2018-10-31 15:28:58 - [MESSAGE][PASSED] - Object: 'Object Repository/Form_Selection_Creation/mainMenu_AdminTools' is clicked on

2018-10-31 15:28:58 - [TEST_STEP][PASSED] - click: Object: 'Object Repository/Form_Selection_Creation/mainMenu_AdminTools_FormDesigner' is clicked on

2018-10-31 15:28:58 - [MESSAGE][PASSED] - Object: 'Object Repository/Form_Selection_Creation/mainMenu_AdminTools_FormDesigner' is clicked on

2018-10-31 15:28:58 - [TEST_STEP][PASSED] - click: Object: 'Object Repository/Form_Selection_Creation/selectCheckForm' is clicked on

2018-10-31 15:28:58 - [MESSAGE][PASSED] - Object: 'Object Repository/Form_Selection_Creation/selectCheckForm' is clicked on

2018-10-31 15:28:58 - [TEST_STEP][PASSED] - Statement - java.lang.Thread.sleep(2000): null

2018-10-31 15:29:00 - [TEST_STEP][PASSED] - dragAndDropToObject: Dragged object with id 'Object Repository/Form_Selection_Creation/formDesign_selectResource' to object with id 'TestObject - 'Object Repository/Form_Selection_Creation/Target_Res_Object'' successfully

2018-10-31 15:29:01 - [MESSAGE][PASSED] - Dragged object with id 'Object Repository/Form_Selection_Creation/formDesign_selectResource' to object with id 'TestObject - 'Object Repository/Form_Selection_Creation/Target_Res_Object'' successfully

2018-10-31 15:29:01 - [TEST_STEP][PASSED] - Statement - java.lang.Thread.sleep(4000): null

2018-10-31 15:29:05 - [TEST_STEP][PASSED] - click: Object: 'Object Repository/Form_Selection_Creation/formCreation_NextToDesignForm' is clicked on

2018-10-31 15:29:05 - [MESSAGE][PASSED] - Object: 'Object Repository/Form_Selection_Creation/formCreation_NextToDesignForm' is clicked on

2018-10-31 15:29:05 - [TEST_STEP][PASSED] - Statement - java.lang.Thread.sleep(3000): null

2018-10-31 15:29:08 - [TEST_STEP][PASSED] - FormName.createForm: FormName.createForm is PASSED

2018-10-31 15:29:09 - [MESSAGE][PASSED] - FormName.createForm is PASSED

2018-10-31 15:29:09 - [TEST_STEP][PASSED] - Statement - java.lang.Thread.sleep(2000): null

2018-10-31 15:29:11 - [TEST_STEP][PASSED] - dragAndDropToObject: Dragged object with id 'Object Repository/Form_Selection_Creation/formDesign_SelectSection' to object with id 'TestObject - 'Object Repository/Form_Selection_Creation/default_area'' successfully

2018-10-31 15:29:11 - [MESSAGE][PASSED] - Dragged object with id 'Object Repository/Form_Selection_Creation/formDesign_SelectSection' to object with id 'TestObject - 'Object Repository/Form_Selection_Creation/default_area'' successfully

2018-10-31 15:29:11 - [TEST_STEP][PASSED] - setText: Text 'This is Section' is set on object 'Object Repository/Form_Selection_Creation/formDesign_SectionName'

2018-10-31 15:29:12 - [MESSAGE][PASSED] - Text 'This is Section' is set on object 'Object Repository/Form_Selection_Creation/formDesign_SectionName'

2018-10-31 15:29:12 - [TEST_STEP][PASSED] - Statement - java.lang.Thread.sleep(2000): null

2018-10-31 15:29:14 - [TEST_STEP][PASSED] - dragAndDropToObject: Dragged object with id 'Object Repository/Form_Selection_Creation/formDesign_SelectFieldgroup' to object with id 'TestObject - 'Object Repository/Form_Selection_Creation/section_area'' successfully

2018-10-31 15:29:14 - [MESSAGE][PASSED] - Dragged object with id 'Object Repository/Form_Selection_Creation/formDesign_SelectFieldgroup' to object with id 'TestObject - 'Object Repository/Form_Selection_Creation/section_area'' successfully

2018-10-31 15:29:14 - [TEST_STEP][PASSED] - setText: Text 'This is Field Group' is set on object 'Object Repository/Form_Selection_Creation/formDesign_FieldGroupName'

2018-10-31 15:29:15 - [MESSAGE][PASSED] - Text 'This is Field Group' is set on object 'Object Repository/Form_Selection_Creation/formDesign_FieldGroupName'

2018-10-31 15:29:15 - [TEST_STEP][PASSED] - Statement - java.lang.Thread.sleep(2000): null

2018-10-31 15:29:17 - [TEST_STEP][PASSED] - dragAndDropToObject: Dragged object with id 'Object Repository/Form_Selection_Creation/formDesign_SelectFree Text' to object with id 'TestObject - 'Object Repository/Form_Selection_Creation/group_area'' successfully

2018-10-31 15:29:18 - [MESSAGE][PASSED] - Dragged object with id 'Object Repository/Form_Selection_Creation/formDesign_SelectFree Text' to object with id 'TestObject - 'Object Repository/Form_Selection_Creation/group_area'' successfully

2018-10-31 15:29:18 - [TEST_STEP][PASSED] - setText: Text 'This is Free Text' is set on object 'Object Repository/Form_Selection_Creation/formDesign_FreetextName'

2018-10-31 15:29:18 - [MESSAGE][PASSED] - Text 'This is Free Text' is set on object 'Object Repository/Form_Selection_Creation/formDesign_FreetextName'

2018-10-31 15:29:18 - [TEST_STEP][PASSED] - Statement - java.lang.Thread.sleep(2000): null

2018-10-31 15:29:20 - [TEST_STEP][PASSED] - dragAndDropToObject: Dragged object with id 'Object Repository/Form_Selection_Creation/formDesign_SelectParagraphText' to object with id 'TestObject - 'Object Repository/Form_Selection_Creation/group_area'' successfully

2018-10-31 15:29:21 - [MESSAGE][PASSED] - Dragged object with id 'Object Repository/Form_Selection_Creation/formDesign_SelectParagraphText' to object with id 'TestObject - 'Object Repository/Form_Selection_Creation/group_area'' successfully

2018-10-31 15:29:21 - [TEST_STEP][PASSED] - setText: Text 'This is Paragraph' is set on object 'Object Repository/Form_Selection_Creation/formDesign_ParagraphName'

2018-10-31 15:29:21 - [MESSAGE][PASSED] - Text 'This is Paragraph' is set on object 'Object Repository/Form_Selection_Creation/formDesign_ParagraphName'

2018-10-31 15:29:21 - [TEST_STEP][PASSED] - Statement - java.lang.Thread.sleep(2000): null

2018-10-31 15:29:23 - [TEST_STEP][PASSED] - dragAndDropToObject: Dragged object with id 'Object Repository/Form_Selection_Creation/formDesign_Select_SelectOne' to object with id 'TestObject - 'Object Repository/Form_Selection_Creation/group_area'' successfully

2018-10-31 15:29:24 - [MESSAGE][PASSED] - Dragged object with id 'Object Repository/Form_Selection_Creation/formDesign_Select_SelectOne' to object with id 'TestObject - 'Object Repository/Form_Selection_Creation/group_area'' successfully

2018-10-31 15:29:24 - [TEST_STEP][PASSED] - setText: Text 'This is Select One' is set on object 'Object Repository/Form_Selection_Creation/formDesign_Select_OneName'

2018-10-31 15:29:24 - [MESSAGE][PASSED] - Text 'This is Select One' is set on object 'Object Repository/Form_Selection_Creation/formDesign_Select_OneName'

2018-10-31 15:29:24 - [TEST_STEP][PASSED] - Statement - java.lang.Thread.sleep(3000): null

2018-10-31 15:29:27 - [TEST_STEP][PASSED] - click: Object: 'Object Repository/Form_Selection_Creation/button_Add New' is clicked on

2018-10-31 15:29:27 - [MESSAGE][PASSED] - Object: 'Object Repository/Form_Selection_Creation/button_Add New' is clicked on

2018-10-31 15:29:27 - [TEST_STEP][PASSED] - setText: Text 'Select Option1' is set on object 'Object Repository/Form_Selection_Creation/addSingleValue1'

2018-10-31 15:29:27 - [MESSAGE][PASSED] - Text 'Select Option1' is set on object 'Object Repository/Form_Selection_Creation/addSingleValue1'

2018-10-31 15:29:27 - [TEST_STEP][PASSED] - Statement - java.lang.Thread.sleep(2000): null

2018-10-31 15:29:29 - [TEST_STEP][PASSED] - click: Object: 'Object Repository/Form_Selection_Creation/button_Add New' is clicked on

2018-10-31 15:29:30 - [MESSAGE][PASSED] - Object: 'Object Repository/Form_Selection_Creation/button_Add New' is clicked on

2018-10-31 15:29:30 - [TEST_STEP][PASSED] - setText: Text 'Select Option2' is set on object 'Object Repository/Form_Selection_Creation/addSingleValue2'

2018-10-31 15:29:30 - [MESSAGE][PASSED] - Text 'Select Option2' is set on object 'Object Repository/Form_Selection_Creation/addSingleValue2'

2018-10-31 15:29:30 - [TEST_STEP][PASSED] - Statement - java.lang.Thread.sleep(2000): null

2018-10-31 15:29:32 - [TEST_STEP][PASSED] - dragAndDropToObject: Dragged object with id 'Object Repository/Form_Selection_Creation/formDesign_Select_SelectMultiple' to object with id 'TestObject - 'Object Repository/Form_Selection_Creation/group_area'' successfully

2018-10-31 15:29:33 - [MESSAGE][PASSED] - Dragged object with id 'Object Repository/Form_Selection_Creation/formDesign_Select_SelectMultiple' to object with id 'TestObject - 'Object Repository/Form_Selection_Creation/group_area'' successfully

2018-10-31 15:29:33 - [TEST_STEP][PASSED] - setText: Text 'This is Select Multiple ' is set on object 'Object Repository/Form_Selection_Creation/formDesign_Select_MultipleName'

2018-10-31 15:29:33 - [MESSAGE][PASSED] - Text 'This is Select Multiple ' is set on object 'Object Repository/Form_Selection_Creation/formDesign_Select_MultipleName'

2018-10-31 15:29:33 - [TEST_STEP][PASSED] - Statement - java.lang.Thread.sleep(3000): null

2018-10-31 15:29:36 - [TEST_STEP][PASSED] - click: Object: 'Object Repository/Form_Selection_Creation/button_AddNewMul' is clicked on

2018-10-31 15:29:36 - [MESSAGE][PASSED] - Object: 'Object Repository/Form_Selection_Creation/button_AddNewMul' is clicked on

2018-10-31 15:29:36 - [TEST_STEP][PASSED] - setText: Text 'Multiple Option1' is set on object 'Object Repository/Form_Selection_Creation/addMultipleValue1'

2018-10-31 15:29:36 - [MESSAGE][PASSED] - Text 'Multiple Option1' is set on object 'Object Repository/Form_Selection_Creation/addMultipleValue1'

2018-10-31 15:29:36 - [TEST_STEP][PASSED] - Statement - java.lang.Thread.sleep(2000): null

2018-10-31 15:29:38 - [TEST_STEP][PASSED] - click: Object: 'Object Repository/Form_Selection_Creation/button_AddNewMul' is clicked on

2018-10-31 15:29:39 - [MESSAGE][PASSED] - Object: 'Object Repository/Form_Selection_Creation/button_AddNewMul' is clicked on

2018-10-31 15:29:39 - [TEST_STEP][PASSED] - setText: Text 'Multiple Option2' is set on object 'Object Repository/Form_Selection_Creation/addMultipleValue2'

2018-10-31 15:29:39 - [MESSAGE][PASSED] - Text 'Multiple Option2' is set on object 'Object Repository/Form_Selection_Creation/addMultipleValue2'

2018-10-31 15:29:39 - [TEST_STEP][PASSED] - Statement - java.lang.Thread.sleep(2000): null

2018-10-31 15:29:41 - [TEST_STEP][PASSED] - dragAndDropToObject: Dragged object with id 'Object Repository/Form_Selection_Creation/formDesign_SelectNumeric' to object with id 'TestObject - 'Object Repository/Form_Selection_Creation/group_area'' successfully

2018-10-31 15:29:42 - [MESSAGE][PASSED] - Dragged object with id 'Object Repository/Form_Selection_Creation/formDesign_SelectNumeric' to object with id 'TestObject - 'Object Repository/Form_Selection_Creation/group_area'' successfully

2018-10-31 15:29:42 - [TEST_STEP][PASSED] - setText: Text 'This is Numeric Field.' is set on object 'Object Repository/Form_Selection_Creation/formDesignt_NumericName'

2018-10-31 15:29:42 - [MESSAGE][PASSED] - Text 'This is Numeric Field.' is set on object 'Object Repository/Form_Selection_Creation/formDesignt_NumericName'

2018-10-31 15:29:42 - [TEST_STEP][PASSED] - Statement - java.lang.Thread.sleep(2000): null

2018-10-31 15:29:44 - [TEST_STEP][PASSED] - dragAndDropToObject: Dragged object with id 'Object Repository/Form_Selection_Creation/formDesign_SelectDate' to object with id 'TestObject - 'Object Repository/Form_Selection_Creation/group_area'' successfully

2018-10-31 15:29:45 - [MESSAGE][PASSED] - Dragged object with id 'Object Repository/Form_Selection_Creation/formDesign_SelectDate' to object with id 'TestObject - 'Object Repository/Form_Selection_Creation/group_area'' successfully

2018-10-31 15:29:45 - [TEST_STEP][PASSED] - setText: Text 'This is Date' is set on object 'Object Repository/Form_Selection_Creation/formDesign_DateName'

2018-10-31 15:29:45 - [MESSAGE][PASSED] - Text 'This is Date' is set on object 'Object Repository/Form_Selection_Creation/formDesign_DateName'

2018-10-31 15:29:45 - [TEST_STEP][PASSED] - Statement - java.lang.Thread.sleep(2000): null

2018-10-31 15:29:47 - [TEST_STEP][PASSED] - dragAndDropToObject: Dragged object with id 'Object Repository/Form_Selection_Creation/formDesign_SelectTime' to object with id 'TestObject - 'Object Repository/Form_Selection_Creation/group_area'' successfully

2018-10-31 15:29:48 - [MESSAGE][PASSED] - Dragged object with id 'Object Repository/Form_Selection_Creation/formDesign_SelectTime' to object with id 'TestObject - 'Object Repository/Form_Selection_Creation/group_area'' successfully

2018-10-31 15:29:48 - [TEST_STEP][PASSED] - setText: Text 'This is Time' is set on object 'Object Repository/Form_Selection_Creation/formDesign_TimeName'

2018-10-31 15:29:48 - [MESSAGE][PASSED] - Text 'This is Time' is set on object 'Object Repository/Form_Selection_Creation/formDesign_TimeName'

2018-10-31 15:29:48 - [TEST_STEP][PASSED] - Statement - java.lang.Thread.sleep(2000): null

2018-10-31 15:29:50 - [TEST_STEP][PASSED] - dragAndDropToObject: Dragged object with id 'Object Repository/Form_Selection_Creation/formDesign_SelectDateTime' to object with id 'TestObject - 'Object Repository/Form_Selection_Creation/group_area'' successfully

2018-10-31 15:29:51 - [MESSAGE][PASSED] - Dragged object with id 'Object Repository/Form_Selection_Creation/formDesign_SelectDateTime' to object with id 'TestObject - 'Object Repository/Form_Selection_Creation/group_area'' successfully

2018-10-31 15:29:51 - [TEST_STEP][PASSED] - setText: Text 'This is Date-Time' is set on object 'Object Repository/Form_Selection_Creation/formDesign_DateTimeName'

2018-10-31 15:29:52 - [MESSAGE][PASSED] - Text 'This is Date-Time' is set on object 'Object Repository/Form_Selection_Creation/formDesign_DateTimeName'

2018-10-31 15:29:52 - [TEST_STEP][PASSED] - Statement - java.lang.Thread.sleep(2000): null

2018-10-31 15:29:54 - [TEST_STEP][PASSED] - click: Object: 'Object Repository/Form_Selection_Creation/formCreation_NextToDesignForm' is clicked on

2018-10-31 15:29:54 - [MESSAGE][PASSED] - Object: 'Object Repository/Form_Selection_Creation/formCreation_NextToDesignForm' is clicked on

2018-10-31 15:29:54 - [TEST_STEP][PASSED] - Statement - java.lang.Thread.sleep(4000): null

2018-10-31 15:29:58 - [TEST_STEP][PASSED] - click: Object: 'Object Repository/Form_Selection_Creation/div_Preview             Form1' is clicked on

2018-10-31 15:30:01 - [MESSAGE][PASSED] - Object: 'Object Repository/Form_Selection_Creation/div_Preview             Form1' is clicked on

2018-10-31 15:30:01 - [TEST_STEP][PASSED] - Statement - java.lang.Thread.sleep(3000): null

2018-10-31 15:30:04 - [TEST_STEP][PASSED] - click: Object: 'Object Repository/Form_Selection_Creation/button_Release' is clicked on

2018-10-31 15:30:04 - [MESSAGE][PASSED] - Object: 'Object Repository/Form_Selection_Creation/button_Release' is clicked on

2018-10-31 15:30:04 - [TEST_STEP][PASSED] - Statement - java.lang.Thread.sleep(4000): null]]></system-out>
         <system-err><![CDATA[]]></system-err>
      </testcase>
      <testcase name="Test Cases/Forms/CheckForm/2_FormSubmission" classname="Test Cases/Forms/CheckForm/2_FormSubmission" status="PASSED">
         <system-out><![CDATA[2018-10-31 15:30:08 - [TEST_CASE][PASSED] - Test Cases/Forms/CheckForm/2_FormSubmission: Test Cases/Forms/CheckForm/2_FormSubmission

2018-10-31 15:30:08 - [TEST_STEP][PASSED] - openBrowser: Browser is opened with url: 'http://test1.qa.safetychain.com/'

2018-10-31 15:30:08 - [MESSAGE][WARNING] - A browser is already opened. Closing browser and opening a new one

2018-10-31 15:30:26 - [MESSAGE][PASSED] - Browser is opened with url: 'http://test1.qa.safetychain.com/'

2018-10-31 15:30:26 - [TEST_STEP][PASSED] - maximizeWindow: Current window maximized

2018-10-31 15:30:28 - [MESSAGE][PASSED] - Current window maximized

2018-10-31 15:30:28 - [TEST_STEP][PASSED] - Statement - driver = com.kms.katalon.core.webui.driver.DriverFactory.getWebDriver(): null

2018-10-31 15:30:28 - [TEST_STEP][PASSED] - Statement - java.lang.Thread.sleep(3000): null

2018-10-31 15:30:31 - [TEST_STEP][PASSED] - setText: Text 'Superadmin' is set on object 'Object Repository/FormTab/login_Username'

2018-10-31 15:30:32 - [MESSAGE][PASSED] - Text 'Superadmin' is set on object 'Object Repository/FormTab/login_Username'

2018-10-31 15:30:32 - [TEST_STEP][PASSED] - setText: Text 'password123#' is set on object 'Object Repository/FormTab/login_Password'

2018-10-31 15:30:32 - [MESSAGE][PASSED] - Text 'password123#' is set on object 'Object Repository/FormTab/login_Password'

2018-10-31 15:30:32 - [TEST_STEP][PASSED] - click: Object: 'Object Repository/FormTab/login_Button' is clicked on

2018-10-31 15:30:36 - [MESSAGE][PASSED] - Object: 'Object Repository/FormTab/login_Button' is clicked on

2018-10-31 15:30:36 - [TEST_STEP][PASSED] - Statement - java.lang.Thread.sleep(8000): null

2018-10-31 15:30:44 - [TEST_STEP][PASSED] - click: Object: 'Object Repository/FormTab/form_Tab' is clicked on

2018-10-31 15:30:44 - [MESSAGE][PASSED] - Object: 'Object Repository/FormTab/form_Tab' is clicked on

2018-10-31 15:30:44 - [TEST_STEP][PASSED] - Statement - java.lang.Thread.sleep(5000): null

2018-10-31 15:30:49 - [TEST_STEP][NOT_RUN] - click: NOT_RUN: click

2018-10-31 15:30:49 - [MESSAGE][NOT_RUN] - NOT_RUN: click

2018-10-31 15:30:49 - [TEST_STEP][NOT_RUN] - Statement - java.lang.Thread.sleep(3000): NOT_RUN: Statement - java.lang.Thread.sleep(3000)

2018-10-31 15:30:49 - [MESSAGE][NOT_RUN] - NOT_RUN: Statement - java.lang.Thread.sleep(3000)

2018-10-31 15:30:49 - [TEST_STEP][NOT_RUN] - waitForElementNotVisible: NOT_RUN: waitForElementNotVisible

2018-10-31 15:30:49 - [MESSAGE][NOT_RUN] - NOT_RUN: waitForElementNotVisible

2018-10-31 15:30:49 - [TEST_STEP][NOT_RUN] - click: NOT_RUN: click

2018-10-31 15:30:49 - [MESSAGE][NOT_RUN] - NOT_RUN: click

2018-10-31 15:30:49 - [TEST_STEP][NOT_RUN] - Statement - java.lang.Thread.sleep(7000): NOT_RUN: Statement - java.lang.Thread.sleep(7000)

2018-10-31 15:30:49 - [MESSAGE][NOT_RUN] - NOT_RUN: Statement - java.lang.Thread.sleep(7000)

2018-10-31 15:30:49 - [TEST_STEP][NOT_RUN] - FormName.fillFormName: NOT_RUN: FormName.fillFormName

2018-10-31 15:30:49 - [MESSAGE][NOT_RUN] - NOT_RUN: FormName.fillFormName

2018-10-31 15:30:49 - [TEST_STEP][PASSED] - click: Object: 'Object Repository/FormTab/options' is clicked on

2018-10-31 15:30:49 - [MESSAGE][PASSED] - Object: 'Object Repository/FormTab/options' is clicked on

2018-10-31 15:30:49 - [TEST_STEP][PASSED] - Statement - java.lang.Thread.sleep(2000): null

2018-10-31 15:30:51 - [TEST_STEP][PASSED] - mouseOver: Object: 'Object Repository/FormTab/filterOption' is hovered

2018-10-31 15:30:51 - [MESSAGE][PASSED] - Object: 'Object Repository/FormTab/filterOption' is hovered

2018-10-31 15:30:51 - [TEST_STEP][PASSED] - Statement - java.lang.Thread.sleep(2000): null

2018-10-31 15:30:53 - [TEST_STEP][PASSED] - FormName.filterFormName: FormName.filterFormName is PASSED

2018-10-31 15:30:53 - [MESSAGE][PASSED] - FormName.filterFormName is PASSED

2018-10-31 15:30:53 - [TEST_STEP][PASSED] - Statement - java.lang.Thread.sleep(2000): null

2018-10-31 15:30:55 - [TEST_STEP][PASSED] - click: Object: 'Object Repository/FormTab/filterButton' is clicked on

2018-10-31 15:30:56 - [MESSAGE][PASSED] - Object: 'Object Repository/FormTab/filterButton' is clicked on

2018-10-31 15:30:56 - [TEST_STEP][PASSED] - Statement - java.lang.Thread.sleep(4000): null

2018-10-31 15:31:00 - [TEST_STEP][PASSED] - click: Object: 'Object Repository/FormTab/selectForm' is clicked on

2018-10-31 15:31:00 - [MESSAGE][PASSED] - Object: 'Object Repository/FormTab/selectForm' is clicked on

2018-10-31 15:31:00 - [TEST_STEP][PASSED] - Statement - java.lang.Thread.sleep(3000): null

2018-10-31 15:31:03 - [TEST_STEP][PASSED] - click: Object: 'Object Repository/FormTab/fillForm_OpenLocationOption' is clicked on

2018-10-31 15:31:03 - [MESSAGE][PASSED] - Object: 'Object Repository/FormTab/fillForm_OpenLocationOption' is clicked on

2018-10-31 15:31:03 - [TEST_STEP][PASSED] - Statement - java.lang.Thread.sleep(2000): null

2018-10-31 15:31:05 - [TEST_STEP][PASSED] - click: Object: 'Object Repository/FormTab/fillForm_SelectLocation' is clicked on

2018-10-31 15:31:05 - [MESSAGE][PASSED] - Object: 'Object Repository/FormTab/fillForm_SelectLocation' is clicked on

2018-10-31 15:31:05 - [TEST_STEP][PASSED] - Statement - java.lang.Thread.sleep(2000): null

2018-10-31 15:31:07 - [TEST_STEP][PASSED] - click: Object: 'Object Repository/FormTab/fillForm_OpenResourceOption' is clicked on

2018-10-31 15:31:07 - [MESSAGE][PASSED] - Object: 'Object Repository/FormTab/fillForm_OpenResourceOption' is clicked on

2018-10-31 15:31:07 - [TEST_STEP][PASSED] - Statement - java.lang.Thread.sleep(2000): null

2018-10-31 15:31:09 - [TEST_STEP][PASSED] - click: Object: 'Object Repository/FormTab/fillForm_SelectResource' is clicked on

2018-10-31 15:31:09 - [MESSAGE][PASSED] - Object: 'Object Repository/FormTab/fillForm_SelectResource' is clicked on

2018-10-31 15:31:09 - [TEST_STEP][PASSED] - Statement - java.lang.Thread.sleep(3000): null

2018-10-31 15:31:12 - [TEST_STEP][PASSED] - setText: Text 'MyText' is set on object 'Object Repository/FormTab/fillForm_FreeSingleText'

2018-10-31 15:31:12 - [MESSAGE][PASSED] - Text 'MyText' is set on object 'Object Repository/FormTab/fillForm_FreeSingleText'

2018-10-31 15:31:12 - [TEST_STEP][PASSED] - setText: Text 'MyParagraph' is set on object 'Object Repository/FormTab/fillForm_ParagraphText'

2018-10-31 15:31:13 - [MESSAGE][PASSED] - Text 'MyParagraph' is set on object 'Object Repository/FormTab/fillForm_ParagraphText'

2018-10-31 15:31:13 - [TEST_STEP][PASSED] - Statement - java.lang.Thread.sleep(3000): null

2018-10-31 15:31:16 - [TEST_STEP][PASSED] - setText: Text 'Select Option1' is set on object 'Object Repository/FormTab/fillForm_SelectOneOption'

2018-10-31 15:31:16 - [MESSAGE][PASSED] - Text 'Select Option1' is set on object 'Object Repository/FormTab/fillForm_SelectOneOption'

2018-10-31 15:31:16 - [TEST_STEP][PASSED] - Statement - java.lang.Thread.sleep(3000): null

2018-10-31 15:31:19 - [TEST_STEP][PASSED] - Statement - driver.findElement(org.openqa.selenium.By.xpath("//*[@id='scs-form-level']/div/div/div/div/div/div/div[4]/div/field-template/div/div/div/div/span/span/input")).sendKeys(ENTER): null

2018-10-31 15:31:19 - [TEST_STEP][PASSED] - Statement - java.lang.Thread.sleep(2000): null

2018-10-31 15:31:21 - [TEST_STEP][PASSED] - setText: Text 'Multiple Option1' is set on object 'Object Repository/FormTab/fillForm_SelectMultipleOption'

2018-10-31 15:31:21 - [MESSAGE][PASSED] - Text 'Multiple Option1' is set on object 'Object Repository/FormTab/fillForm_SelectMultipleOption'

2018-10-31 15:31:21 - [TEST_STEP][PASSED] - Statement - java.lang.Thread.sleep(3000): null

2018-10-31 15:31:24 - [TEST_STEP][PASSED] - Statement - driver.findElement(org.openqa.selenium.By.xpath("//*[@id='scs-form-level']/div/div/div/div/div/div/div[5]/div/field-template/div/div/div/div/div/div/input")).sendKeys(ENTER): null

2018-10-31 15:31:24 - [TEST_STEP][PASSED] - Statement - java.lang.Thread.sleep(2000): null

2018-10-31 15:31:26 - [TEST_STEP][PASSED] - click: Object: 'Object Repository/FormTab/fillForm_SelectMultipleOption' is clicked on

2018-10-31 15:31:26 - [MESSAGE][PASSED] - Object: 'Object Repository/FormTab/fillForm_SelectMultipleOption' is clicked on

2018-10-31 15:31:26 - [TEST_STEP][PASSED] - Statement - java.lang.Thread.sleep(4000): null

2018-10-31 15:31:30 - [TEST_STEP][PASSED] - Statement - driver.findElement(org.openqa.selenium.By.xpath("//*[@id='scs-form-level']/div/div/div/div[2]/div/div/div[6]/div/field-template/div/div[2]/div/div/span[1]/span/input[1]")).sendKeys("9"): null

2018-10-31 15:31:31 - [TEST_STEP][PASSED] - setText: Text '10/18/2018' is set on object 'Object Repository/FormTab/fillForm_DateText'

2018-10-31 15:31:31 - [MESSAGE][PASSED] - Text '10/18/2018' is set on object 'Object Repository/FormTab/fillForm_DateText'

2018-10-31 15:31:31 - [TEST_STEP][PASSED] - setText: Text '9:00 AM' is set on object 'Object Repository/FormTab/fillForm_TimeText'

2018-10-31 15:31:31 - [MESSAGE][PASSED] - Text '9:00 AM' is set on object 'Object Repository/FormTab/fillForm_TimeText'

2018-10-31 15:31:31 - [TEST_STEP][PASSED] - setText: Text '10/18/2018 9:00 AM' is set on object 'Object Repository/FormTab/fillForm_DateTimeText'

2018-10-31 15:31:31 - [MESSAGE][PASSED] - Text '10/18/2018 9:00 AM' is set on object 'Object Repository/FormTab/fillForm_DateTimeText'

2018-10-31 15:31:31 - [TEST_STEP][PASSED] - click: Object: 'Object Repository/FormTab/fillForm_SubmitButton' is clicked on

2018-10-31 15:31:31 - [MESSAGE][PASSED] - Object: 'Object Repository/FormTab/fillForm_SubmitButton' is clicked on

2018-10-31 15:31:31 - [TEST_STEP][PASSED] - Statement - java.lang.Thread.sleep(2000): null

2018-10-31 15:31:33 - [TEST_STEP][PASSED] - click: Object: 'Object Repository/FormTab/fillForm_SubmissionOkButton' is clicked on

2018-10-31 15:31:33 - [MESSAGE][PASSED] - Object: 'Object Repository/FormTab/fillForm_SubmissionOkButton' is clicked on

2018-10-31 15:31:33 - [TEST_STEP][PASSED] - Statement - java.lang.Thread.sleep(3000): null]]></system-out>
         <system-err><![CDATA[]]></system-err>
      </testcase>
      <testcase name="Test Cases/Forms/CheckForm/3_VerifyingRecord" classname="Test Cases/Forms/CheckForm/3_VerifyingRecord" status="PASSED">
         <system-out><![CDATA[2018-10-31 15:31:36 - [TEST_CASE][PASSED] - Test Cases/Forms/CheckForm/3_VerifyingRecord: Test Cases/Forms/CheckForm/3_VerifyingRecord

2018-10-31 15:31:37 - [TEST_STEP][NOT_RUN] - openBrowser: NOT_RUN: openBrowser

2018-10-31 15:31:37 - [MESSAGE][NOT_RUN] - NOT_RUN: openBrowser

2018-10-31 15:31:37 - [TEST_STEP][NOT_RUN] - maximizeWindow: NOT_RUN: maximizeWindow

2018-10-31 15:31:37 - [MESSAGE][NOT_RUN] - NOT_RUN: maximizeWindow

2018-10-31 15:31:37 - [TEST_STEP][NOT_RUN] - setText: NOT_RUN: setText

2018-10-31 15:31:37 - [MESSAGE][NOT_RUN] - NOT_RUN: setText

2018-10-31 15:31:37 - [TEST_STEP][NOT_RUN] - setText: NOT_RUN: setText

2018-10-31 15:31:37 - [MESSAGE][NOT_RUN] - NOT_RUN: setText

2018-10-31 15:31:37 - [TEST_STEP][NOT_RUN] - click: NOT_RUN: click

2018-10-31 15:31:37 - [MESSAGE][NOT_RUN] - NOT_RUN: click

2018-10-31 15:31:37 - [TEST_STEP][PASSED] - Statement - java.lang.Thread.sleep(8000): null

2018-10-31 15:31:45 - [TEST_STEP][PASSED] - click: Object: 'Object Repository/Record/record_Tab' is clicked on

2018-10-31 15:31:45 - [MESSAGE][PASSED] - Object: 'Object Repository/Record/record_Tab' is clicked on

2018-10-31 15:31:45 - [TEST_STEP][PASSED] - Statement - java.lang.Thread.sleep(4000): null

2018-10-31 15:31:49 - [TEST_STEP][PASSED] - click: Object: 'Object Repository/FormTab/clickToViewMoreOption' is clicked on

2018-10-31 15:31:49 - [MESSAGE][PASSED] - Object: 'Object Repository/FormTab/clickToViewMoreOption' is clicked on

2018-10-31 15:31:49 - [TEST_STEP][PASSED] - Statement - java.lang.Thread.sleep(2000): null

2018-10-31 15:31:51 - [TEST_STEP][PASSED] - waitForElementNotVisible: Object 'Object Repository/FormTab/select500_Form' is visible after 5 second(s)

2018-10-31 15:31:56 - [MESSAGE][WARNING] - Object 'Object Repository/FormTab/select500_Form' is visible after 5 second(s)

2018-10-31 15:31:56 - [TEST_STEP][PASSED] - click: Object: 'Object Repository/FormTab/select500_Form' is clicked on

2018-10-31 15:31:56 - [MESSAGE][PASSED] - Object: 'Object Repository/FormTab/select500_Form' is clicked on

2018-10-31 15:31:56 - [TEST_STEP][PASSED] - Statement - java.lang.Thread.sleep(8000): null

2018-10-31 15:32:04 - [TEST_STEP][PASSED] - FormName.recordFormName: FormName.recordFormName is PASSED

2018-10-31 15:32:04 - [MESSAGE][PASSED] - FormName.recordFormName is PASSED

2018-10-31 15:32:04 - [TEST_STEP][PASSED] - Statement - java.lang.Thread.sleep(4000): null]]></system-out>
         <system-err><![CDATA[]]></system-err>
      </testcase>
      <testcase name="Test Cases/Forms/QuestionaitreForm/1_CreateForm" classname="Test Cases/Forms/QuestionaitreForm/1_CreateForm" status="PASSED">
         <system-out><![CDATA[2018-10-31 15:32:08 - [TEST_CASE][PASSED] - Test Cases/Forms/QuestionaitreForm/1_CreateForm: Test Cases/Forms/QuestionaitreForm/1_CreateForm

2018-10-31 15:32:09 - [TEST_STEP][PASSED] - openBrowser: Browser is opened with url: 'http://test1.qa.safetychain.com/'

2018-10-31 15:32:09 - [MESSAGE][WARNING] - A browser is already opened. Closing browser and opening a new one

2018-10-31 15:32:26 - [MESSAGE][PASSED] - Browser is opened with url: 'http://test1.qa.safetychain.com/'

2018-10-31 15:32:26 - [TEST_STEP][PASSED] - maximizeWindow: Current window maximized

2018-10-31 15:32:27 - [MESSAGE][PASSED] - Current window maximized

2018-10-31 15:32:27 - [TEST_STEP][PASSED] - setText: Text 'Superadmin' is set on object 'Object Repository/Form_Selection_Creation/login_Username'

2018-10-31 15:32:36 - [MESSAGE][PASSED] - Text 'Superadmin' is set on object 'Object Repository/Form_Selection_Creation/login_Username'

2018-10-31 15:32:36 - [TEST_STEP][PASSED] - setText: Text 'password123#' is set on object 'Object Repository/Form_Selection_Creation/login_Password'

2018-10-31 15:32:37 - [MESSAGE][PASSED] - Text 'password123#' is set on object 'Object Repository/Form_Selection_Creation/login_Password'

2018-10-31 15:32:37 - [TEST_STEP][PASSED] - FormName.setData: FormName.setData is PASSED

2018-10-31 15:32:37 - [MESSAGE][PASSED] - FormName.setData is PASSED

2018-10-31 15:32:37 - [TEST_STEP][PASSED] - click: Object: 'Object Repository/Form_Selection_Creation/login_Button' is clicked on

2018-10-31 15:32:41 - [MESSAGE][PASSED] - Object: 'Object Repository/Form_Selection_Creation/login_Button' is clicked on

2018-10-31 15:32:41 - [TEST_STEP][PASSED] - Statement - java.lang.Thread.sleep(3000): null

2018-10-31 15:32:44 - [TEST_STEP][PASSED] - click: Object: 'Object Repository/Form_Selection_Creation/mainMenu_Button' is clicked on

2018-10-31 15:32:50 - [MESSAGE][PASSED] - Object: 'Object Repository/Form_Selection_Creation/mainMenu_Button' is clicked on

2018-10-31 15:32:50 - [TEST_STEP][PASSED] - click: Object: 'Object Repository/Form_Selection_Creation/mainMenu_AdminTools' is clicked on

2018-10-31 15:32:50 - [MESSAGE][PASSED] - Object: 'Object Repository/Form_Selection_Creation/mainMenu_AdminTools' is clicked on

2018-10-31 15:32:50 - [TEST_STEP][PASSED] - click: Object: 'Object Repository/Form_Selection_Creation/mainMenu_AdminTools_FormDesigner' is clicked on

2018-10-31 15:32:50 - [MESSAGE][PASSED] - Object: 'Object Repository/Form_Selection_Creation/mainMenu_AdminTools_FormDesigner' is clicked on

2018-10-31 15:32:50 - [TEST_STEP][PASSED] - Statement - java.lang.Thread.sleep(2000): null

2018-10-31 15:32:52 - [TEST_STEP][PASSED] - click: Object: 'Object Repository/Form_Selection_Creation/selectQuestionaireForm' is clicked on

2018-10-31 15:32:52 - [MESSAGE][PASSED] - Object: 'Object Repository/Form_Selection_Creation/selectQuestionaireForm' is clicked on

2018-10-31 15:32:52 - [TEST_STEP][PASSED] - Statement - java.lang.Thread.sleep(2000): null

2018-10-31 15:32:54 - [TEST_STEP][PASSED] - dragAndDropToObject: Dragged object with id 'Object Repository/Form_Selection_Creation/formDesign_selectResource' to object with id 'TestObject - 'Object Repository/Form_Selection_Creation/Target_Res_Object'' successfully

2018-10-31 15:32:55 - [MESSAGE][PASSED] - Dragged object with id 'Object Repository/Form_Selection_Creation/formDesign_selectResource' to object with id 'TestObject - 'Object Repository/Form_Selection_Creation/Target_Res_Object'' successfully

2018-10-31 15:32:55 - [TEST_STEP][PASSED] - Statement - java.lang.Thread.sleep(4000): null

2018-10-31 15:32:59 - [TEST_STEP][PASSED] - click: Object: 'Object Repository/Form_Selection_Creation/formCreation_NextToDesignForm' is clicked on

2018-10-31 15:32:59 - [MESSAGE][PASSED] - Object: 'Object Repository/Form_Selection_Creation/formCreation_NextToDesignForm' is clicked on

2018-10-31 15:32:59 - [TEST_STEP][PASSED] - Statement - java.lang.Thread.sleep(3000): null

2018-10-31 15:33:02 - [TEST_STEP][PASSED] - FormName.createForm: FormName.createForm is PASSED

2018-10-31 15:33:02 - [MESSAGE][PASSED] - FormName.createForm is PASSED

2018-10-31 15:33:02 - [TEST_STEP][PASSED] - Statement - java.lang.Thread.sleep(2000): null

2018-10-31 15:33:04 - [TEST_STEP][PASSED] - dragAndDropToObject: Dragged object with id 'Object Repository/Form_Selection_Creation/formDesign_SelectSection' to object with id 'TestObject - 'Object Repository/Form_Selection_Creation/default_area'' successfully

2018-10-31 15:33:05 - [MESSAGE][PASSED] - Dragged object with id 'Object Repository/Form_Selection_Creation/formDesign_SelectSection' to object with id 'TestObject - 'Object Repository/Form_Selection_Creation/default_area'' successfully

2018-10-31 15:33:05 - [TEST_STEP][PASSED] - setText: Text 'This is Section ' is set on object 'Object Repository/Form_Selection_Creation/formDesign_SectionName_text'

2018-10-31 15:33:05 - [MESSAGE][PASSED] - Text 'This is Section ' is set on object 'Object Repository/Form_Selection_Creation/formDesign_SectionName_text'

2018-10-31 15:33:05 - [TEST_STEP][PASSED] - Statement - java.lang.Thread.sleep(2000): null

2018-10-31 15:33:07 - [TEST_STEP][PASSED] - dragAndDropToObject: Dragged object with id 'Object Repository/Form_Selection_Creation/formDesign_SelectFieldgroup' to object with id 'TestObject - 'Object Repository/Form_Selection_Creation/section_area'' successfully

2018-10-31 15:33:08 - [MESSAGE][PASSED] - Dragged object with id 'Object Repository/Form_Selection_Creation/formDesign_SelectFieldgroup' to object with id 'TestObject - 'Object Repository/Form_Selection_Creation/section_area'' successfully

2018-10-31 15:33:08 - [TEST_STEP][PASSED] - setText: Text 'This is Field Group ' is set on object 'Object Repository/Form_Selection_Creation/formDesign_FieldGroupName_text'

2018-10-31 15:33:08 - [MESSAGE][PASSED] - Text 'This is Field Group ' is set on object 'Object Repository/Form_Selection_Creation/formDesign_FieldGroupName_text'

2018-10-31 15:33:08 - [TEST_STEP][PASSED] - Statement - java.lang.Thread.sleep(2000): null

2018-10-31 15:33:10 - [TEST_STEP][PASSED] - dragAndDropToObject: Dragged object with id 'Object Repository/Form_Selection_Creation/formDesign_SelectFree Text' to object with id 'TestObject - 'Object Repository/Form_Selection_Creation/group_area'' successfully

2018-10-31 15:33:11 - [MESSAGE][PASSED] - Dragged object with id 'Object Repository/Form_Selection_Creation/formDesign_SelectFree Text' to object with id 'TestObject - 'Object Repository/Form_Selection_Creation/group_area'' successfully

2018-10-31 15:33:11 - [TEST_STEP][PASSED] - setText: Text 'This is Single Line Text' is set on object 'Object Repository/Form_Selection_Creation/formDesign_SingleLineName_Text'

2018-10-31 15:33:12 - [MESSAGE][PASSED] - Text 'This is Single Line Text' is set on object 'Object Repository/Form_Selection_Creation/formDesign_SingleLineName_Text'

2018-10-31 15:33:12 - [TEST_STEP][PASSED] - Statement - java.lang.Thread.sleep(2000): null

2018-10-31 15:33:14 - [TEST_STEP][PASSED] - dragAndDropToObject: Dragged object with id 'Object Repository/Form_Selection_Creation/formDesign_SelectParagraphText' to object with id 'TestObject - 'Object Repository/Form_Selection_Creation/group_area'' successfully

2018-10-31 15:33:14 - [MESSAGE][PASSED] - Dragged object with id 'Object Repository/Form_Selection_Creation/formDesign_SelectParagraphText' to object with id 'TestObject - 'Object Repository/Form_Selection_Creation/group_area'' successfully

2018-10-31 15:33:14 - [TEST_STEP][PASSED] - setText: Text 'This is Paragraph' is set on object 'Object Repository/Form_Selection_Creation/formDesign_ParagraphName_Text'

2018-10-31 15:33:15 - [MESSAGE][PASSED] - Text 'This is Paragraph' is set on object 'Object Repository/Form_Selection_Creation/formDesign_ParagraphName_Text'

2018-10-31 15:33:15 - [TEST_STEP][PASSED] - Statement - java.lang.Thread.sleep(2000): null

2018-10-31 15:33:17 - [TEST_STEP][PASSED] - dragAndDropToObject: Dragged object with id 'Object Repository/Form_Selection_Creation/formDesign_Select_SelectOne' to object with id 'TestObject - 'Object Repository/Form_Selection_Creation/group_area'' successfully

2018-10-31 15:33:17 - [MESSAGE][PASSED] - Dragged object with id 'Object Repository/Form_Selection_Creation/formDesign_Select_SelectOne' to object with id 'TestObject - 'Object Repository/Form_Selection_Creation/group_area'' successfully

2018-10-31 15:33:17 - [TEST_STEP][PASSED] - setText: Text 'This is Select One' is set on object 'Object Repository/Form_Selection_Creation/formDesign_Select_OneName_text'

2018-10-31 15:33:18 - [MESSAGE][PASSED] - Text 'This is Select One' is set on object 'Object Repository/Form_Selection_Creation/formDesign_Select_OneName_text'

2018-10-31 15:33:18 - [TEST_STEP][PASSED] - Statement - java.lang.Thread.sleep(3000): null

2018-10-31 15:33:21 - [TEST_STEP][PASSED] - click: Object: 'Object Repository/Form_Selection_Creation/button_Add New' is clicked on

2018-10-31 15:33:21 - [MESSAGE][PASSED] - Object: 'Object Repository/Form_Selection_Creation/button_Add New' is clicked on

2018-10-31 15:33:21 - [TEST_STEP][PASSED] - setText: Text 'SingleOption1' is set on object 'Object Repository/Form_Selection_Creation/addSingleValue1'

2018-10-31 15:33:21 - [MESSAGE][PASSED] - Text 'SingleOption1' is set on object 'Object Repository/Form_Selection_Creation/addSingleValue1'

2018-10-31 15:33:21 - [TEST_STEP][PASSED] - Statement - java.lang.Thread.sleep(2000): null

2018-10-31 15:33:23 - [TEST_STEP][PASSED] - click: Object: 'Object Repository/Form_Selection_Creation/button_Add New' is clicked on

2018-10-31 15:33:23 - [MESSAGE][PASSED] - Object: 'Object Repository/Form_Selection_Creation/button_Add New' is clicked on

2018-10-31 15:33:23 - [TEST_STEP][PASSED] - setText: Text 'SingleOption2' is set on object 'Object Repository/Form_Selection_Creation/addSingleValue2'

2018-10-31 15:33:24 - [MESSAGE][PASSED] - Text 'SingleOption2' is set on object 'Object Repository/Form_Selection_Creation/addSingleValue2'

2018-10-31 15:33:24 - [TEST_STEP][PASSED] - Statement - java.lang.Thread.sleep(2000): null

2018-10-31 15:33:26 - [TEST_STEP][PASSED] - dragAndDropToObject: Dragged object with id 'Object Repository/Form_Selection_Creation/formDesign_Select_SelectMultiple' to object with id 'TestObject - 'Object Repository/Form_Selection_Creation/group_area'' successfully

2018-10-31 15:33:26 - [MESSAGE][PASSED] - Dragged object with id 'Object Repository/Form_Selection_Creation/formDesign_Select_SelectMultiple' to object with id 'TestObject - 'Object Repository/Form_Selection_Creation/group_area'' successfully

2018-10-31 15:33:26 - [TEST_STEP][PASSED] - setText: Text 'This is Select Multiple' is set on object 'Object Repository/Form_Selection_Creation/formDesign_Select_MultipleName_text'

2018-10-31 15:33:27 - [MESSAGE][PASSED] - Text 'This is Select Multiple' is set on object 'Object Repository/Form_Selection_Creation/formDesign_Select_MultipleName_text'

2018-10-31 15:33:27 - [TEST_STEP][PASSED] - Statement - java.lang.Thread.sleep(3000): null

2018-10-31 15:33:30 - [TEST_STEP][PASSED] - click: Object: 'Object Repository/Form_Selection_Creation/button_AddNewMul' is clicked on

2018-10-31 15:33:30 - [MESSAGE][PASSED] - Object: 'Object Repository/Form_Selection_Creation/button_AddNewMul' is clicked on

2018-10-31 15:33:30 - [TEST_STEP][PASSED] - setText: Text 'MultipleOption1' is set on object 'Object Repository/Form_Selection_Creation/addMultipleValue1'

2018-10-31 15:33:30 - [MESSAGE][PASSED] - Text 'MultipleOption1' is set on object 'Object Repository/Form_Selection_Creation/addMultipleValue1'

2018-10-31 15:33:30 - [TEST_STEP][PASSED] - Statement - java.lang.Thread.sleep(2000): null

2018-10-31 15:33:32 - [TEST_STEP][PASSED] - click: Object: 'Object Repository/Form_Selection_Creation/button_AddNewMul' is clicked on

2018-10-31 15:33:32 - [MESSAGE][PASSED] - Object: 'Object Repository/Form_Selection_Creation/button_AddNewMul' is clicked on

2018-10-31 15:33:32 - [TEST_STEP][PASSED] - setText: Text 'MultipleOption2' is set on object 'Object Repository/Form_Selection_Creation/addMultipleValue2'

2018-10-31 15:33:33 - [MESSAGE][PASSED] - Text 'MultipleOption2' is set on object 'Object Repository/Form_Selection_Creation/addMultipleValue2'

2018-10-31 15:33:33 - [TEST_STEP][PASSED] - Statement - java.lang.Thread.sleep(2000): null

2018-10-31 15:33:35 - [TEST_STEP][PASSED] - dragAndDropToObject: Dragged object with id 'Object Repository/Form_Selection_Creation/formDesign_SelectNumeric' to object with id 'TestObject - 'Object Repository/Form_Selection_Creation/group_area'' successfully

2018-10-31 15:33:35 - [MESSAGE][PASSED] - Dragged object with id 'Object Repository/Form_Selection_Creation/formDesign_SelectNumeric' to object with id 'TestObject - 'Object Repository/Form_Selection_Creation/group_area'' successfully

2018-10-31 15:33:35 - [TEST_STEP][PASSED] - setText: Text 'This is a Number' is set on object 'Object Repository/Form_Selection_Creation/formDesign_NumericName_Text'

2018-10-31 15:33:36 - [MESSAGE][PASSED] - Text 'This is a Number' is set on object 'Object Repository/Form_Selection_Creation/formDesign_NumericName_Text'

2018-10-31 15:33:36 - [TEST_STEP][PASSED] - Statement - java.lang.Thread.sleep(2000): null

2018-10-31 15:33:38 - [TEST_STEP][PASSED] - dragAndDropToObject: Dragged object with id 'Object Repository/Form_Selection_Creation/formDesign_SelectDate' to object with id 'TestObject - 'Object Repository/Form_Selection_Creation/group_area'' successfully

2018-10-31 15:33:39 - [MESSAGE][PASSED] - Dragged object with id 'Object Repository/Form_Selection_Creation/formDesign_SelectDate' to object with id 'TestObject - 'Object Repository/Form_Selection_Creation/group_area'' successfully

2018-10-31 15:33:39 - [TEST_STEP][PASSED] - setText: Text 'This is a Date' is set on object 'Object Repository/Form_Selection_Creation/formDesign_DateName_Text'

2018-10-31 15:33:39 - [MESSAGE][PASSED] - Text 'This is a Date' is set on object 'Object Repository/Form_Selection_Creation/formDesign_DateName_Text'

2018-10-31 15:33:39 - [TEST_STEP][PASSED] - Statement - java.lang.Thread.sleep(2000): null

2018-10-31 15:33:41 - [TEST_STEP][PASSED] - dragAndDropToObject: Dragged object with id 'Object Repository/Form_Selection_Creation/formDesign_SelectTime' to object with id 'TestObject - 'Object Repository/Form_Selection_Creation/group_area'' successfully

2018-10-31 15:33:42 - [MESSAGE][PASSED] - Dragged object with id 'Object Repository/Form_Selection_Creation/formDesign_SelectTime' to object with id 'TestObject - 'Object Repository/Form_Selection_Creation/group_area'' successfully

2018-10-31 15:33:42 - [TEST_STEP][PASSED] - setText: Text 'This is a Time' is set on object 'Object Repository/Form_Selection_Creation/formDesign_TimeName_text'

2018-10-31 15:33:42 - [MESSAGE][PASSED] - Text 'This is a Time' is set on object 'Object Repository/Form_Selection_Creation/formDesign_TimeName_text'

2018-10-31 15:33:42 - [TEST_STEP][PASSED] - Statement - java.lang.Thread.sleep(2000): null

2018-10-31 15:33:44 - [TEST_STEP][PASSED] - dragAndDropToObject: Dragged object with id 'Object Repository/Form_Selection_Creation/formDesign_SelectDateTime' to object with id 'TestObject - 'Object Repository/Form_Selection_Creation/group_area'' successfully

2018-10-31 15:33:45 - [MESSAGE][PASSED] - Dragged object with id 'Object Repository/Form_Selection_Creation/formDesign_SelectDateTime' to object with id 'TestObject - 'Object Repository/Form_Selection_Creation/group_area'' successfully

2018-10-31 15:33:45 - [TEST_STEP][PASSED] - setText: Text 'This is a Date-Time' is set on object 'Object Repository/Form_Selection_Creation/formDesign_DateTimeName_Text'

2018-10-31 15:33:46 - [MESSAGE][PASSED] - Text 'This is a Date-Time' is set on object 'Object Repository/Form_Selection_Creation/formDesign_DateTimeName_Text'

2018-10-31 15:33:46 - [TEST_STEP][PASSED] - Statement - java.lang.Thread.sleep(2000): null

2018-10-31 15:33:48 - [TEST_STEP][PASSED] - click: Object: 'Object Repository/Form_Selection_Creation/formCreation_NextToDesignForm' is clicked on

2018-10-31 15:33:48 - [MESSAGE][PASSED] - Object: 'Object Repository/Form_Selection_Creation/formCreation_NextToDesignForm' is clicked on

2018-10-31 15:33:48 - [TEST_STEP][PASSED] - Statement - java.lang.Thread.sleep(4000): null

2018-10-31 15:33:52 - [TEST_STEP][PASSED] - click: Object: 'Object Repository/Form_Selection_Creation/div_Preview             Form1' is clicked on

2018-10-31 15:33:56 - [MESSAGE][PASSED] - Object: 'Object Repository/Form_Selection_Creation/div_Preview             Form1' is clicked on

2018-10-31 15:33:56 - [TEST_STEP][PASSED] - click: Object: 'Object Repository/Form_Selection_Creation/button_Release' is clicked on

2018-10-31 15:33:56 - [MESSAGE][PASSED] - Object: 'Object Repository/Form_Selection_Creation/button_Release' is clicked on

2018-10-31 15:33:56 - [TEST_STEP][PASSED] - Statement - java.lang.Thread.sleep(4000): null]]></system-out>
         <system-err><![CDATA[]]></system-err>
      </testcase>
      <testcase name="Test Cases/Forms/QuestionaitreForm/2_FormSubmission" classname="Test Cases/Forms/QuestionaitreForm/2_FormSubmission" status="FAILED">
         <failure type="FAILED" message="(Stack trace: com.kms.katalon.core.exception.StepFailedException: Unable to click on object 'Object Repository/FormTab/options' (Root cause: org.openqa.selenium.WebDriverException: unknown error: Element &lt;a class=&quot;k-header-column-menu&quot; href=&quot;#&quot; title=&quot;Column Settings&quot; tabindex=&quot;-1&quot;>...&lt;/a> is not clickable at point (541, 165). Other element would receive the click: &lt;div class=&quot;k-loading-image&quot;>&lt;/div>
  (Session info: chrome=70.0.3538.77)
  (Driver info: chromedriver=2.35.528161 (5b82f2d2aae0ca24b877009200ced9065a772e73),platform=Windows NT 6.1.7601 SP1 x86_64) (WARNING: The server did not provide any stacktrace information)
Command duration or timeout: 0 milliseconds
Build info: version: '3.7.1', revision: '8a0099a', time: '2017-11-06T21:07:36.161Z'
System info: host: 'ABHISHEK-PASHIN', ip: '10.21.7.138', os.name: 'Windows 7', os.arch: 'amd64', os.version: '6.1', java.version: '1.8.0_181'
Driver info: com.kms.katalon.selenium.driver.CChromeDriver
Capabilities {acceptInsecureCerts: false, acceptSslCerts: false, applicationCacheEnabled: false, browserConnectionEnabled: false, browserName: chrome, chrome: {chromedriverVersion: 2.35.528161 (5b82f2d2aae0ca..., userDataDir: C:\Users\PASHIN~1\AppData\L...}, cssSelectorsEnabled: true, databaseEnabled: false, handlesAlerts: true, hasTouchScreen: false, javascriptEnabled: true, locationContextEnabled: true, mobileEmulationEnabled: false, nativeEvents: true, networkConnectionEnabled: false, pageLoadStrategy: normal, platform: XP, platformName: XP, rotatable: false, setWindowRect: true, takesHeapSnapshot: true, takesScreenshot: true, unexpectedAlertBehaviour: , unhandledPromptBehavior: , version: 70.0.3538.77, webStorageEnabled: true}
Session ID: dbe5a8f8d2c84d6345fdd4f49548484c)
	at com.kms.katalon.core.keyword.internal.KeywordMain.stepFailed(KeywordMain.groovy:36)
	at com.kms.katalon.core.webui.keyword.internal.WebUIKeywordMain.stepFailed(WebUIKeywordMain.groovy:65)
	at com.kms.katalon.core.webui.keyword.internal.WebUIKeywordMain.runKeyword(WebUIKeywordMain.groovy:27)
	at com.kms.katalon.core.webui.keyword.builtin.ClickKeyword.click(ClickKeyword.groovy:86)
	at com.kms.katalon.core.webui.keyword.builtin.ClickKeyword.execute(ClickKeyword.groovy:67)
	at com.kms.katalon.core.keyword.internal.KeywordExecutor.executeKeywordForPlatform(KeywordExecutor.groovy:53)
	at com.kms.katalon.core.webui.keyword.WebUiBuiltInKeywords.click(WebUiBuiltInKeywords.groovy:616)
	at com.kms.katalon.core.webui.keyword.WebUiBuiltInKeywords$click$3.call(Unknown Source)
	at org.codehaus.groovy.runtime.callsite.CallSiteArray.defaultCall(CallSiteArray.java:48)
	at org.codehaus.groovy.runtime.callsite.AbstractCallSite.call(AbstractCallSite.java:113)
	at org.codehaus.groovy.runtime.callsite.AbstractCallSite.call(AbstractCallSite.java:125)
	at Script1540883572320.run(Script1540883572320.groovy:48)
	at com.kms.katalon.core.main.ScriptEngine.run(ScriptEngine.java:183)
	at com.kms.katalon.core.main.ScriptEngine.runScriptAsRawText(ScriptEngine.java:108)
	at com.kms.katalon.core.main.TestCaseExecutor.runScript(TestCaseExecutor.java:294)
	at com.kms.katalon.core.main.TestCaseExecutor.doExecute(TestCaseExecutor.java:285)
	at com.kms.katalon.core.main.TestCaseExecutor.processExecutionPhase(TestCaseExecutor.java:264)
	at com.kms.katalon.core.main.TestCaseExecutor.accessMainPhase(TestCaseExecutor.java:256)
	at com.kms.katalon.core.main.TestCaseExecutor.execute(TestCaseExecutor.java:200)
	at com.kms.katalon.core.main.TestSuiteExecutor.accessTestCaseMainPhase(TestSuiteExecutor.java:129)
	at com.kms.katalon.core.main.TestSuiteExecutor.accessTestSuiteMainPhase(TestSuiteExecutor.java:112)
	at com.kms.katalon.core.main.TestSuiteExecutor.execute(TestSuiteExecutor.java:81)
	at com.kms.katalon.core.main.TestCaseMain.startTestSuite(TestCaseMain.java:142)
	at com.kms.katalon.core.main.TestCaseMain$startTestSuite$0.call(Unknown Source)
	at org.codehaus.groovy.runtime.callsite.CallSiteArray.defaultCall(CallSiteArray.java:48)
	at org.codehaus.groovy.runtime.callsite.AbstractCallSite.call(AbstractCallSite.java:113)
	at org.codehaus.groovy.runtime.callsite.AbstractCallSite.call(AbstractCallSite.java:141)
	at TempTestSuite1540977626961.run(TempTestSuite1540977626961.groovy:36)
	at groovy.lang.GroovyShell.runScriptOrMainOrTestOrRunnable(GroovyShell.java:263)
	at groovy.lang.GroovyShell.run(GroovyShell.java:518)
	at groovy.lang.GroovyShell.run(GroovyShell.java:507)
	at groovy.ui.GroovyMain.processOnce(GroovyMain.java:653)
	at groovy.ui.GroovyMain.run(GroovyMain.java:384)
	at groovy.ui.GroovyMain.process(GroovyMain.java:370)
	at groovy.ui.GroovyMain.processArgs(GroovyMain.java:129)
	at groovy.ui.GroovyMain.main(GroovyMain.java:109)
	at sun.reflect.NativeMethodAccessorImpl.invoke0(Native Method)
	at sun.reflect.NativeMethodAccessorImpl.invoke(NativeMethodAccessorImpl.java:62)
	at sun.reflect.DelegatingMethodAccessorImpl.invoke(DelegatingMethodAccessorImpl.java:43)
	at java.lang.reflect.Method.invoke(Method.java:498)
	at org.codehaus.groovy.tools.GroovyStarter.rootLoader(GroovyStarter.java:109)
	at org.codehaus.groovy.tools.GroovyStarter.main(GroovyStarter.java:131)
)"/>
         <system-out><![CDATA[2018-10-31 15:34:00 - [TEST_CASE][FAILED] - Test Cases/Forms/QuestionaitreForm/2_FormSubmission: Test Cases/Forms/QuestionaitreForm/2_FormSubmission FAILED because (of) (Stack trace: com.kms.katalon.core.exception.StepFailedException: Unable to click on object 'Object Repository/FormTab/options' (Root cause: org.openqa.selenium.WebDriverException: unknown error: Element <a class="k-header-column-menu" href="#" title="Column Settings" tabindex="-1">...</a> is not clickable at point (541, 165). Other element would receive the click: <div class="k-loading-image"></div>
  (Session info: chrome=70.0.3538.77)
  (Driver info: chromedriver=2.35.528161 (5b82f2d2aae0ca24b877009200ced9065a772e73),platform=Windows NT 6.1.7601 SP1 x86_64) (WARNING: The server did not provide any stacktrace information)
Command duration or timeout: 0 milliseconds
Build info: version: '3.7.1', revision: '8a0099a', time: '2017-11-06T21:07:36.161Z'
System info: host: 'ABHISHEK-PASHIN', ip: '10.21.7.138', os.name: 'Windows 7', os.arch: 'amd64', os.version: '6.1', java.version: '1.8.0_181'
Driver info: com.kms.katalon.selenium.driver.CChromeDriver
Capabilities {acceptInsecureCerts: false, acceptSslCerts: false, applicationCacheEnabled: false, browserConnectionEnabled: false, browserName: chrome, chrome: {chromedriverVersion: 2.35.528161 (5b82f2d2aae0ca..., userDataDir: C:\Users\PASHIN~1\AppData\L...}, cssSelectorsEnabled: true, databaseEnabled: false, handlesAlerts: true, hasTouchScreen: false, javascriptEnabled: true, locationContextEnabled: true, mobileEmulationEnabled: false, nativeEvents: true, networkConnectionEnabled: false, pageLoadStrategy: normal, platform: XP, platformName: XP, rotatable: false, setWindowRect: true, takesHeapSnapshot: true, takesScreenshot: true, unexpectedAlertBehaviour: , unhandledPromptBehavior: , version: 70.0.3538.77, webStorageEnabled: true}
Session ID: dbe5a8f8d2c84d6345fdd4f49548484c)
	at com.kms.katalon.core.keyword.internal.KeywordMain.stepFailed(KeywordMain.groovy:36)
	at com.kms.katalon.core.webui.keyword.internal.WebUIKeywordMain.stepFailed(WebUIKeywordMain.groovy:65)
	at com.kms.katalon.core.webui.keyword.internal.WebUIKeywordMain.runKeyword(WebUIKeywordMain.groovy:27)
	at com.kms.katalon.core.webui.keyword.builtin.ClickKeyword.click(ClickKeyword.groovy:86)
	at com.kms.katalon.core.webui.keyword.builtin.ClickKeyword.execute(ClickKeyword.groovy:67)
	at com.kms.katalon.core.keyword.internal.KeywordExecutor.executeKeywordForPlatform(KeywordExecutor.groovy:53)
	at com.kms.katalon.core.webui.keyword.WebUiBuiltInKeywords.click(WebUiBuiltInKeywords.groovy:616)
	at com.kms.katalon.core.webui.keyword.WebUiBuiltInKeywords$click$3.call(Unknown Source)
	at org.codehaus.groovy.runtime.callsite.CallSiteArray.defaultCall(CallSiteArray.java:48)
	at org.codehaus.groovy.runtime.callsite.AbstractCallSite.call(AbstractCallSite.java:113)
	at org.codehaus.groovy.runtime.callsite.AbstractCallSite.call(AbstractCallSite.java:125)
	at Script1540883572320.run(Script1540883572320.groovy:48)
	at com.kms.katalon.core.main.ScriptEngine.run(ScriptEngine.java:183)
	at com.kms.katalon.core.main.ScriptEngine.runScriptAsRawText(ScriptEngine.java:108)
	at com.kms.katalon.core.main.TestCaseExecutor.runScript(TestCaseExecutor.java:294)
	at com.kms.katalon.core.main.TestCaseExecutor.doExecute(TestCaseExecutor.java:285)
	at com.kms.katalon.core.main.TestCaseExecutor.processExecutionPhase(TestCaseExecutor.java:264)
	at com.kms.katalon.core.main.TestCaseExecutor.accessMainPhase(TestCaseExecutor.java:256)
	at com.kms.katalon.core.main.TestCaseExecutor.execute(TestCaseExecutor.java:200)
	at com.kms.katalon.core.main.TestSuiteExecutor.accessTestCaseMainPhase(TestSuiteExecutor.java:129)
	at com.kms.katalon.core.main.TestSuiteExecutor.accessTestSuiteMainPhase(TestSuiteExecutor.java:112)
	at com.kms.katalon.core.main.TestSuiteExecutor.execute(TestSuiteExecutor.java:81)
	at com.kms.katalon.core.main.TestCaseMain.startTestSuite(TestCaseMain.java:142)
	at com.kms.katalon.core.main.TestCaseMain$startTestSuite$0.call(Unknown Source)
	at org.codehaus.groovy.runtime.callsite.CallSiteArray.defaultCall(CallSiteArray.java:48)
	at org.codehaus.groovy.runtime.callsite.AbstractCallSite.call(AbstractCallSite.java:113)
	at org.codehaus.groovy.runtime.callsite.AbstractCallSite.call(AbstractCallSite.java:141)
	at TempTestSuite1540977626961.run(TempTestSuite1540977626961.groovy:36)
	at groovy.lang.GroovyShell.runScriptOrMainOrTestOrRunnable(GroovyShell.java:263)
	at groovy.lang.GroovyShell.run(GroovyShell.java:518)
	at groovy.lang.GroovyShell.run(GroovyShell.java:507)
	at groovy.ui.GroovyMain.processOnce(GroovyMain.java:653)
	at groovy.ui.GroovyMain.run(GroovyMain.java:384)
	at groovy.ui.GroovyMain.process(GroovyMain.java:370)
	at groovy.ui.GroovyMain.processArgs(GroovyMain.java:129)
	at groovy.ui.GroovyMain.main(GroovyMain.java:109)
	at sun.reflect.NativeMethodAccessorImpl.invoke0(Native Method)
	at sun.reflect.NativeMethodAccessorImpl.invoke(NativeMethodAccessorImpl.java:62)
	at sun.reflect.DelegatingMethodAccessorImpl.invoke(DelegatingMethodAccessorImpl.java:43)
	at java.lang.reflect.Method.invoke(Method.java:498)
	at org.codehaus.groovy.tools.GroovyStarter.rootLoader(GroovyStarter.java:109)
	at org.codehaus.groovy.tools.GroovyStarter.main(GroovyStarter.java:131)
)

2018-10-31 15:34:00 - [TEST_STEP][PASSED] - openBrowser: Browser is opened with url: ''

2018-10-31 15:34:00 - [MESSAGE][WARNING] - A browser is already opened. Closing browser and opening a new one

2018-10-31 15:34:04 - [MESSAGE][PASSED] - Browser is opened with url: ''

2018-10-31 15:34:04 - [TEST_STEP][PASSED] - navigateToUrl: Navigate to 'http://test1.qa.safetychain.com/' successfully

2018-10-31 15:34:18 - [MESSAGE][PASSED] - Navigate to 'http://test1.qa.safetychain.com/' successfully

2018-10-31 15:34:18 - [TEST_STEP][PASSED] - maximizeWindow: Current window maximized

2018-10-31 15:34:19 - [MESSAGE][PASSED] - Current window maximized

2018-10-31 15:34:19 - [TEST_STEP][PASSED] - Statement - driver = com.kms.katalon.core.webui.driver.DriverFactory.getWebDriver(): null

2018-10-31 15:34:19 - [TEST_STEP][PASSED] - setText: Text 'Superadmin' is set on object 'Object Repository/FormTab/login_Username'

2018-10-31 15:34:24 - [MESSAGE][PASSED] - Text 'Superadmin' is set on object 'Object Repository/FormTab/login_Username'

2018-10-31 15:34:24 - [TEST_STEP][PASSED] - setText: Text 'password123#' is set on object 'Object Repository/FormTab/login_Password'

2018-10-31 15:34:24 - [MESSAGE][PASSED] - Text 'password123#' is set on object 'Object Repository/FormTab/login_Password'

2018-10-31 15:34:24 - [TEST_STEP][PASSED] - click: Object: 'Object Repository/FormTab/login_Button' is clicked on

2018-10-31 15:34:28 - [MESSAGE][PASSED] - Object: 'Object Repository/FormTab/login_Button' is clicked on

2018-10-31 15:34:28 - [TEST_STEP][PASSED] - Statement - java.lang.Thread.sleep(10000): null

2018-10-31 15:34:38 - [TEST_STEP][PASSED] - click: Object: 'Object Repository/FormTab/form_Tab' is clicked on

2018-10-31 15:34:38 - [MESSAGE][PASSED] - Object: 'Object Repository/FormTab/form_Tab' is clicked on

2018-10-31 15:34:38 - [TEST_STEP][NOT_RUN] - Statement - java.lang.Thread.sleep(4000): NOT_RUN: Statement - java.lang.Thread.sleep(4000)

2018-10-31 15:34:38 - [MESSAGE][NOT_RUN] - NOT_RUN: Statement - java.lang.Thread.sleep(4000)

2018-10-31 15:34:38 - [TEST_STEP][NOT_RUN] - click: NOT_RUN: click

2018-10-31 15:34:38 - [MESSAGE][NOT_RUN] - NOT_RUN: click

2018-10-31 15:34:38 - [TEST_STEP][NOT_RUN] - waitForElementNotVisible: NOT_RUN: waitForElementNotVisible

2018-10-31 15:34:38 - [MESSAGE][NOT_RUN] - NOT_RUN: waitForElementNotVisible

2018-10-31 15:34:38 - [TEST_STEP][NOT_RUN] - click: NOT_RUN: click

2018-10-31 15:34:38 - [MESSAGE][NOT_RUN] - NOT_RUN: click

2018-10-31 15:34:38 - [TEST_STEP][PASSED] - Statement - java.lang.Thread.sleep(3000): null

2018-10-31 15:34:41 - [TEST_STEP][FAILED] - click: Unable to click on object 'Object Repository/FormTab/options' (Root cause: org.openqa.selenium.WebDriverException: unknown error: Element <a class="k-header-column-menu" href="#" title="Column Settings" tabindex="-1">...</a> is not clickable at point (541, 165). Other element would receive the click: <div class="k-loading-image"></div>
  (Session info: chrome=70.0.3538.77)
  (Driver info: chromedriver=2.35.528161 (5b82f2d2aae0ca24b877009200ced9065a772e73),platform=Windows NT 6.1.7601 SP1 x86_64) (WARNING: The server did not provide any stacktrace information)
Command duration or timeout: 0 milliseconds
Build info: version: '3.7.1', revision: '8a0099a', time: '2017-11-06T21:07:36.161Z'
System info: host: 'ABHISHEK-PASHIN', ip: '10.21.7.138', os.name: 'Windows 7', os.arch: 'amd64', os.version: '6.1', java.version: '1.8.0_181'
Driver info: com.kms.katalon.selenium.driver.CChromeDriver
Capabilities {acceptInsecureCerts: false, acceptSslCerts: false, applicationCacheEnabled: false, browserConnectionEnabled: false, browserName: chrome, chrome: {chromedriverVersion: 2.35.528161 (5b82f2d2aae0ca..., userDataDir: C:\Users\PASHIN~1\AppData\L...}, cssSelectorsEnabled: true, databaseEnabled: false, handlesAlerts: true, hasTouchScreen: false, javascriptEnabled: true, locationContextEnabled: true, mobileEmulationEnabled: false, nativeEvents: true, networkConnectionEnabled: false, pageLoadStrategy: normal, platform: XP, platformName: XP, rotatable: false, setWindowRect: true, takesHeapSnapshot: true, takesScreenshot: true, unexpectedAlertBehaviour: , unhandledPromptBehavior: , version: 70.0.3538.77, webStorageEnabled: true}
Session ID: dbe5a8f8d2c84d6345fdd4f49548484c)

2018-10-31 15:34:41 - [MESSAGE][FAILED] - Unable to click on object 'Object Repository/FormTab/options' (Root cause: org.openqa.selenium.WebDriverException: unknown error: Element <a class="k-header-column-menu" href="#" title="Column Settings" tabindex="-1">...</a> is not clickable at point (541, 165). Other element would receive the click: <div class="k-loading-image"></div>
  (Session info: chrome=70.0.3538.77)
  (Driver info: chromedriver=2.35.528161 (5b82f2d2aae0ca24b877009200ced9065a772e73),platform=Windows NT 6.1.7601 SP1 x86_64) (WARNING: The server did not provide any stacktrace information)
Command duration or timeout: 0 milliseconds
Build info: version: '3.7.1', revision: '8a0099a', time: '2017-11-06T21:07:36.161Z'
System info: host: 'ABHISHEK-PASHIN', ip: '10.21.7.138', os.name: 'Windows 7', os.arch: 'amd64', os.version: '6.1', java.version: '1.8.0_181'
Driver info: com.kms.katalon.selenium.driver.CChromeDriver
Capabilities {acceptInsecureCerts: false, acceptSslCerts: false, applicationCacheEnabled: false, browserConnectionEnabled: false, browserName: chrome, chrome: {chromedriverVersion: 2.35.528161 (5b82f2d2aae0ca..., userDataDir: C:\Users\PASHIN~1\AppData\L...}, cssSelectorsEnabled: true, databaseEnabled: false, handlesAlerts: true, hasTouchScreen: false, javascriptEnabled: true, locationContextEnabled: true, mobileEmulationEnabled: false, nativeEvents: true, networkConnectionEnabled: false, pageLoadStrategy: normal, platform: XP, platformName: XP, rotatable: false, setWindowRect: true, takesHeapSnapshot: true, takesScreenshot: true, unexpectedAlertBehaviour: , unhandledPromptBehavior: , version: 70.0.3538.77, webStorageEnabled: true}
Session ID: dbe5a8f8d2c84d6345fdd4f49548484c)
[[ATTACHMENT|D:\\Git Data\\SafetyChain-Test-Automation-Katalon\\Reports\\SmokeSuite\\20181031_145026\\1540980281515.png]]]]></system-out>
         <system-err><![CDATA[2018-10-31 15:34:00 - [TEST_CASE][FAILED] - Test Cases/Forms/QuestionaitreForm/2_FormSubmission: Test Cases/Forms/QuestionaitreForm/2_FormSubmission FAILED because (of) (Stack trace: com.kms.katalon.core.exception.StepFailedException: Unable to click on object 'Object Repository/FormTab/options' (Root cause: org.openqa.selenium.WebDriverException: unknown error: Element <a class="k-header-column-menu" href="#" title="Column Settings" tabindex="-1">...</a> is not clickable at point (541, 165). Other element would receive the click: <div class="k-loading-image"></div>
  (Session info: chrome=70.0.3538.77)
  (Driver info: chromedriver=2.35.528161 (5b82f2d2aae0ca24b877009200ced9065a772e73),platform=Windows NT 6.1.7601 SP1 x86_64) (WARNING: The server did not provide any stacktrace information)
Command duration or timeout: 0 milliseconds
Build info: version: '3.7.1', revision: '8a0099a', time: '2017-11-06T21:07:36.161Z'
System info: host: 'ABHISHEK-PASHIN', ip: '10.21.7.138', os.name: 'Windows 7', os.arch: 'amd64', os.version: '6.1', java.version: '1.8.0_181'
Driver info: com.kms.katalon.selenium.driver.CChromeDriver
Capabilities {acceptInsecureCerts: false, acceptSslCerts: false, applicationCacheEnabled: false, browserConnectionEnabled: false, browserName: chrome, chrome: {chromedriverVersion: 2.35.528161 (5b82f2d2aae0ca..., userDataDir: C:\Users\PASHIN~1\AppData\L...}, cssSelectorsEnabled: true, databaseEnabled: false, handlesAlerts: true, hasTouchScreen: false, javascriptEnabled: true, locationContextEnabled: true, mobileEmulationEnabled: false, nativeEvents: true, networkConnectionEnabled: false, pageLoadStrategy: normal, platform: XP, platformName: XP, rotatable: false, setWindowRect: true, takesHeapSnapshot: true, takesScreenshot: true, unexpectedAlertBehaviour: , unhandledPromptBehavior: , version: 70.0.3538.77, webStorageEnabled: true}
Session ID: dbe5a8f8d2c84d6345fdd4f49548484c)
	at com.kms.katalon.core.keyword.internal.KeywordMain.stepFailed(KeywordMain.groovy:36)
	at com.kms.katalon.core.webui.keyword.internal.WebUIKeywordMain.stepFailed(WebUIKeywordMain.groovy:65)
	at com.kms.katalon.core.webui.keyword.internal.WebUIKeywordMain.runKeyword(WebUIKeywordMain.groovy:27)
	at com.kms.katalon.core.webui.keyword.builtin.ClickKeyword.click(ClickKeyword.groovy:86)
	at com.kms.katalon.core.webui.keyword.builtin.ClickKeyword.execute(ClickKeyword.groovy:67)
	at com.kms.katalon.core.keyword.internal.KeywordExecutor.executeKeywordForPlatform(KeywordExecutor.groovy:53)
	at com.kms.katalon.core.webui.keyword.WebUiBuiltInKeywords.click(WebUiBuiltInKeywords.groovy:616)
	at com.kms.katalon.core.webui.keyword.WebUiBuiltInKeywords$click$3.call(Unknown Source)
	at org.codehaus.groovy.runtime.callsite.CallSiteArray.defaultCall(CallSiteArray.java:48)
	at org.codehaus.groovy.runtime.callsite.AbstractCallSite.call(AbstractCallSite.java:113)
	at org.codehaus.groovy.runtime.callsite.AbstractCallSite.call(AbstractCallSite.java:125)
	at Script1540883572320.run(Script1540883572320.groovy:48)
	at com.kms.katalon.core.main.ScriptEngine.run(ScriptEngine.java:183)
	at com.kms.katalon.core.main.ScriptEngine.runScriptAsRawText(ScriptEngine.java:108)
	at com.kms.katalon.core.main.TestCaseExecutor.runScript(TestCaseExecutor.java:294)
	at com.kms.katalon.core.main.TestCaseExecutor.doExecute(TestCaseExecutor.java:285)
	at com.kms.katalon.core.main.TestCaseExecutor.processExecutionPhase(TestCaseExecutor.java:264)
	at com.kms.katalon.core.main.TestCaseExecutor.accessMainPhase(TestCaseExecutor.java:256)
	at com.kms.katalon.core.main.TestCaseExecutor.execute(TestCaseExecutor.java:200)
	at com.kms.katalon.core.main.TestSuiteExecutor.accessTestCaseMainPhase(TestSuiteExecutor.java:129)
	at com.kms.katalon.core.main.TestSuiteExecutor.accessTestSuiteMainPhase(TestSuiteExecutor.java:112)
	at com.kms.katalon.core.main.TestSuiteExecutor.execute(TestSuiteExecutor.java:81)
	at com.kms.katalon.core.main.TestCaseMain.startTestSuite(TestCaseMain.java:142)
	at com.kms.katalon.core.main.TestCaseMain$startTestSuite$0.call(Unknown Source)
	at org.codehaus.groovy.runtime.callsite.CallSiteArray.defaultCall(CallSiteArray.java:48)
	at org.codehaus.groovy.runtime.callsite.AbstractCallSite.call(AbstractCallSite.java:113)
	at org.codehaus.groovy.runtime.callsite.AbstractCallSite.call(AbstractCallSite.java:141)
	at TempTestSuite1540977626961.run(TempTestSuite1540977626961.groovy:36)
	at groovy.lang.GroovyShell.runScriptOrMainOrTestOrRunnable(GroovyShell.java:263)
	at groovy.lang.GroovyShell.run(GroovyShell.java:518)
	at groovy.lang.GroovyShell.run(GroovyShell.java:507)
	at groovy.ui.GroovyMain.processOnce(GroovyMain.java:653)
	at groovy.ui.GroovyMain.run(GroovyMain.java:384)
	at groovy.ui.GroovyMain.process(GroovyMain.java:370)
	at groovy.ui.GroovyMain.processArgs(GroovyMain.java:129)
	at groovy.ui.GroovyMain.main(GroovyMain.java:109)
	at sun.reflect.NativeMethodAccessorImpl.invoke0(Native Method)
	at sun.reflect.NativeMethodAccessorImpl.invoke(NativeMethodAccessorImpl.java:62)
	at sun.reflect.DelegatingMethodAccessorImpl.invoke(DelegatingMethodAccessorImpl.java:43)
	at java.lang.reflect.Method.invoke(Method.java:498)
	at org.codehaus.groovy.tools.GroovyStarter.rootLoader(GroovyStarter.java:109)
	at org.codehaus.groovy.tools.GroovyStarter.main(GroovyStarter.java:131)
)]]></system-err>
      </testcase>
      <testcase name="Test Cases/Forms/QuestionaitreForm/3_VerifyingDocument" classname="Test Cases/Forms/QuestionaitreForm/3_VerifyingDocument" status="FAILED">
         <failure type="FAILED" message="(Stack trace: com.kms.katalon.core.exception.StepFailedException: Fail to click on element
	at com.kms.katalon.core.util.KeywordUtil.markFailed(KeywordUtil.java:15)
	at com.kms.katalon.core.util.KeywordUtil$markFailed.call(Unknown Source)
	at org.codehaus.groovy.runtime.callsite.CallSiteArray.defaultCall(CallSiteArray.java:48)
	at org.codehaus.groovy.runtime.callsite.AbstractCallSite.call(AbstractCallSite.java:113)
	at org.codehaus.groovy.runtime.callsite.AbstractCallSite.call(AbstractCallSite.java:125)
	at FormName.documentFormName(FormName.groovy:124)
	at sun.reflect.NativeMethodAccessorImpl.invoke0(Native Method)
	at sun.reflect.NativeMethodAccessorImpl.invoke(NativeMethodAccessorImpl.java:62)
	at sun.reflect.DelegatingMethodAccessorImpl.invoke(DelegatingMethodAccessorImpl.java:43)
	at java.lang.reflect.Method.invoke(Method.java:498)
	at org.codehaus.groovy.reflection.CachedMethod.invoke(CachedMethod.java:93)
	at groovy.lang.MetaMethod.doMethodInvoke(MetaMethod.java:325)
	at groovy.lang.MetaClassImpl.invokeMethod(MetaClassImpl.java:1215)
	at groovy.lang.MetaClassImpl.invokeMethod(MetaClassImpl.java:1024)
	at groovy.lang.MetaClassImpl.invokeMethod(MetaClassImpl.java:812)
	at groovy.lang.DelegatingMetaClass.invokeMethod(DelegatingMetaClass.java:144)
	at FormName.invokeMethod(FormName.groovy)
	at com.kms.katalon.core.main.CustomKeywordDelegatingMetaClass.invokeStaticMethod(CustomKeywordDelegatingMetaClass.java:46)
	at org.codehaus.groovy.runtime.callsite.StaticMetaClassSite.call(StaticMetaClassSite.java:53)
	at org.codehaus.groovy.runtime.callsite.CallSiteArray.defaultCall(CallSiteArray.java:48)
	at org.codehaus.groovy.runtime.callsite.AbstractCallSite.call(AbstractCallSite.java:113)
	at org.codehaus.groovy.runtime.callsite.AbstractCallSite.call(AbstractCallSite.java:117)
	at Script1540883572356.run(Script1540883572356.groovy:30)
	at com.kms.katalon.core.main.ScriptEngine.run(ScriptEngine.java:183)
	at com.kms.katalon.core.main.ScriptEngine.runScriptAsRawText(ScriptEngine.java:108)
	at com.kms.katalon.core.main.TestCaseExecutor.runScript(TestCaseExecutor.java:294)
	at com.kms.katalon.core.main.TestCaseExecutor.doExecute(TestCaseExecutor.java:285)
	at com.kms.katalon.core.main.TestCaseExecutor.processExecutionPhase(TestCaseExecutor.java:264)
	at com.kms.katalon.core.main.TestCaseExecutor.accessMainPhase(TestCaseExecutor.java:256)
	at com.kms.katalon.core.main.TestCaseExecutor.execute(TestCaseExecutor.java:200)
	at com.kms.katalon.core.main.TestSuiteExecutor.accessTestCaseMainPhase(TestSuiteExecutor.java:129)
	at com.kms.katalon.core.main.TestSuiteExecutor.accessTestSuiteMainPhase(TestSuiteExecutor.java:112)
	at com.kms.katalon.core.main.TestSuiteExecutor.execute(TestSuiteExecutor.java:81)
	at com.kms.katalon.core.main.TestCaseMain.startTestSuite(TestCaseMain.java:142)
	at com.kms.katalon.core.main.TestCaseMain$startTestSuite$0.call(Unknown Source)
	at org.codehaus.groovy.runtime.callsite.CallSiteArray.defaultCall(CallSiteArray.java:48)
	at org.codehaus.groovy.runtime.callsite.AbstractCallSite.call(AbstractCallSite.java:113)
	at org.codehaus.groovy.runtime.callsite.AbstractCallSite.call(AbstractCallSite.java:141)
	at TempTestSuite1540977626961.run(TempTestSuite1540977626961.groovy:36)
	at groovy.lang.GroovyShell.runScriptOrMainOrTestOrRunnable(GroovyShell.java:263)
	at groovy.lang.GroovyShell.run(GroovyShell.java:518)
	at groovy.lang.GroovyShell.run(GroovyShell.java:507)
	at groovy.ui.GroovyMain.processOnce(GroovyMain.java:653)
	at groovy.ui.GroovyMain.run(GroovyMain.java:384)
	at groovy.ui.GroovyMain.process(GroovyMain.java:370)
	at groovy.ui.GroovyMain.processArgs(GroovyMain.java:129)
	at groovy.ui.GroovyMain.main(GroovyMain.java:109)
	at sun.reflect.NativeMethodAccessorImpl.invoke0(Native Method)
	at sun.reflect.NativeMethodAccessorImpl.invoke(NativeMethodAccessorImpl.java:62)
	at sun.reflect.DelegatingMethodAccessorImpl.invoke(DelegatingMethodAccessorImpl.java:43)
	at java.lang.reflect.Method.invoke(Method.java:498)
	at org.codehaus.groovy.tools.GroovyStarter.rootLoader(GroovyStarter.java:109)
	at org.codehaus.groovy.tools.GroovyStarter.main(GroovyStarter.java:131)
)"/>
         <system-out><![CDATA[2018-10-31 15:34:41 - [TEST_CASE][FAILED] - Test Cases/Forms/QuestionaitreForm/3_VerifyingDocument: Test Cases/Forms/QuestionaitreForm/3_VerifyingDocument FAILED because (of) (Stack trace: com.kms.katalon.core.exception.StepFailedException: Fail to click on element
	at com.kms.katalon.core.util.KeywordUtil.markFailed(KeywordUtil.java:15)
	at com.kms.katalon.core.util.KeywordUtil$markFailed.call(Unknown Source)
	at org.codehaus.groovy.runtime.callsite.CallSiteArray.defaultCall(CallSiteArray.java:48)
	at org.codehaus.groovy.runtime.callsite.AbstractCallSite.call(AbstractCallSite.java:113)
	at org.codehaus.groovy.runtime.callsite.AbstractCallSite.call(AbstractCallSite.java:125)
	at FormName.documentFormName(FormName.groovy:124)
	at sun.reflect.NativeMethodAccessorImpl.invoke0(Native Method)
	at sun.reflect.NativeMethodAccessorImpl.invoke(NativeMethodAccessorImpl.java:62)
	at sun.reflect.DelegatingMethodAccessorImpl.invoke(DelegatingMethodAccessorImpl.java:43)
	at java.lang.reflect.Method.invoke(Method.java:498)
	at org.codehaus.groovy.reflection.CachedMethod.invoke(CachedMethod.java:93)
	at groovy.lang.MetaMethod.doMethodInvoke(MetaMethod.java:325)
	at groovy.lang.MetaClassImpl.invokeMethod(MetaClassImpl.java:1215)
	at groovy.lang.MetaClassImpl.invokeMethod(MetaClassImpl.java:1024)
	at groovy.lang.MetaClassImpl.invokeMethod(MetaClassImpl.java:812)
	at groovy.lang.DelegatingMetaClass.invokeMethod(DelegatingMetaClass.java:144)
	at FormName.invokeMethod(FormName.groovy)
	at com.kms.katalon.core.main.CustomKeywordDelegatingMetaClass.invokeStaticMethod(CustomKeywordDelegatingMetaClass.java:46)
	at org.codehaus.groovy.runtime.callsite.StaticMetaClassSite.call(StaticMetaClassSite.java:53)
	at org.codehaus.groovy.runtime.callsite.CallSiteArray.defaultCall(CallSiteArray.java:48)
	at org.codehaus.groovy.runtime.callsite.AbstractCallSite.call(AbstractCallSite.java:113)
	at org.codehaus.groovy.runtime.callsite.AbstractCallSite.call(AbstractCallSite.java:117)
	at Script1540883572356.run(Script1540883572356.groovy:30)
	at com.kms.katalon.core.main.ScriptEngine.run(ScriptEngine.java:183)
	at com.kms.katalon.core.main.ScriptEngine.runScriptAsRawText(ScriptEngine.java:108)
	at com.kms.katalon.core.main.TestCaseExecutor.runScript(TestCaseExecutor.java:294)
	at com.kms.katalon.core.main.TestCaseExecutor.doExecute(TestCaseExecutor.java:285)
	at com.kms.katalon.core.main.TestCaseExecutor.processExecutionPhase(TestCaseExecutor.java:264)
	at com.kms.katalon.core.main.TestCaseExecutor.accessMainPhase(TestCaseExecutor.java:256)
	at com.kms.katalon.core.main.TestCaseExecutor.execute(TestCaseExecutor.java:200)
	at com.kms.katalon.core.main.TestSuiteExecutor.accessTestCaseMainPhase(TestSuiteExecutor.java:129)
	at com.kms.katalon.core.main.TestSuiteExecutor.accessTestSuiteMainPhase(TestSuiteExecutor.java:112)
	at com.kms.katalon.core.main.TestSuiteExecutor.execute(TestSuiteExecutor.java:81)
	at com.kms.katalon.core.main.TestCaseMain.startTestSuite(TestCaseMain.java:142)
	at com.kms.katalon.core.main.TestCaseMain$startTestSuite$0.call(Unknown Source)
	at org.codehaus.groovy.runtime.callsite.CallSiteArray.defaultCall(CallSiteArray.java:48)
	at org.codehaus.groovy.runtime.callsite.AbstractCallSite.call(AbstractCallSite.java:113)
	at org.codehaus.groovy.runtime.callsite.AbstractCallSite.call(AbstractCallSite.java:141)
	at TempTestSuite1540977626961.run(TempTestSuite1540977626961.groovy:36)
	at groovy.lang.GroovyShell.runScriptOrMainOrTestOrRunnable(GroovyShell.java:263)
	at groovy.lang.GroovyShell.run(GroovyShell.java:518)
	at groovy.lang.GroovyShell.run(GroovyShell.java:507)
	at groovy.ui.GroovyMain.processOnce(GroovyMain.java:653)
	at groovy.ui.GroovyMain.run(GroovyMain.java:384)
	at groovy.ui.GroovyMain.process(GroovyMain.java:370)
	at groovy.ui.GroovyMain.processArgs(GroovyMain.java:129)
	at groovy.ui.GroovyMain.main(GroovyMain.java:109)
	at sun.reflect.NativeMethodAccessorImpl.invoke0(Native Method)
	at sun.reflect.NativeMethodAccessorImpl.invoke(NativeMethodAccessorImpl.java:62)
	at sun.reflect.DelegatingMethodAccessorImpl.invoke(DelegatingMethodAccessorImpl.java:43)
	at java.lang.reflect.Method.invoke(Method.java:498)
	at org.codehaus.groovy.tools.GroovyStarter.rootLoader(GroovyStarter.java:109)
	at org.codehaus.groovy.tools.GroovyStarter.main(GroovyStarter.java:131)
)

2018-10-31 15:34:41 - [TEST_STEP][NOT_RUN] - openBrowser: NOT_RUN: openBrowser

2018-10-31 15:34:41 - [MESSAGE][NOT_RUN] - NOT_RUN: openBrowser

2018-10-31 15:34:41 - [TEST_STEP][NOT_RUN] - setText: NOT_RUN: setText

2018-10-31 15:34:41 - [MESSAGE][NOT_RUN] - NOT_RUN: setText

2018-10-31 15:34:41 - [TEST_STEP][NOT_RUN] - setText: NOT_RUN: setText

2018-10-31 15:34:41 - [MESSAGE][NOT_RUN] - NOT_RUN: setText

2018-10-31 15:34:41 - [TEST_STEP][NOT_RUN] - click: NOT_RUN: click

2018-10-31 15:34:41 - [MESSAGE][NOT_RUN] - NOT_RUN: click

2018-10-31 15:34:41 - [TEST_STEP][PASSED] - Statement - java.lang.Thread.sleep(8000): null

2018-10-31 15:34:49 - [TEST_STEP][PASSED] - click: Object: 'Object Repository/DocumentTab/documentTab' is clicked on

2018-10-31 15:34:50 - [MESSAGE][PASSED] - Object: 'Object Repository/DocumentTab/documentTab' is clicked on

2018-10-31 15:34:50 - [TEST_STEP][PASSED] - Statement - java.lang.Thread.sleep(6000): null

2018-10-31 15:34:56 - [TEST_STEP][FAILED] - FormName.documentFormName: Fail to click on element

2018-10-31 15:34:56 - [MESSAGE][FAILED] - Fail to click on element

2018-10-31 15:34:56 - [TEST_STEP][PASSED] - Statement - java.lang.Thread.sleep(4000): null]]></system-out>
         <system-err><![CDATA[2018-10-31 15:34:41 - [TEST_CASE][FAILED] - Test Cases/Forms/QuestionaitreForm/3_VerifyingDocument: Test Cases/Forms/QuestionaitreForm/3_VerifyingDocument FAILED because (of) (Stack trace: com.kms.katalon.core.exception.StepFailedException: Fail to click on element
	at com.kms.katalon.core.util.KeywordUtil.markFailed(KeywordUtil.java:15)
	at com.kms.katalon.core.util.KeywordUtil$markFailed.call(Unknown Source)
	at org.codehaus.groovy.runtime.callsite.CallSiteArray.defaultCall(CallSiteArray.java:48)
	at org.codehaus.groovy.runtime.callsite.AbstractCallSite.call(AbstractCallSite.java:113)
	at org.codehaus.groovy.runtime.callsite.AbstractCallSite.call(AbstractCallSite.java:125)
	at FormName.documentFormName(FormName.groovy:124)
	at sun.reflect.NativeMethodAccessorImpl.invoke0(Native Method)
	at sun.reflect.NativeMethodAccessorImpl.invoke(NativeMethodAccessorImpl.java:62)
	at sun.reflect.DelegatingMethodAccessorImpl.invoke(DelegatingMethodAccessorImpl.java:43)
	at java.lang.reflect.Method.invoke(Method.java:498)
	at org.codehaus.groovy.reflection.CachedMethod.invoke(CachedMethod.java:93)
	at groovy.lang.MetaMethod.doMethodInvoke(MetaMethod.java:325)
	at groovy.lang.MetaClassImpl.invokeMethod(MetaClassImpl.java:1215)
	at groovy.lang.MetaClassImpl.invokeMethod(MetaClassImpl.java:1024)
	at groovy.lang.MetaClassImpl.invokeMethod(MetaClassImpl.java:812)
	at groovy.lang.DelegatingMetaClass.invokeMethod(DelegatingMetaClass.java:144)
	at FormName.invokeMethod(FormName.groovy)
	at com.kms.katalon.core.main.CustomKeywordDelegatingMetaClass.invokeStaticMethod(CustomKeywordDelegatingMetaClass.java:46)
	at org.codehaus.groovy.runtime.callsite.StaticMetaClassSite.call(StaticMetaClassSite.java:53)
	at org.codehaus.groovy.runtime.callsite.CallSiteArray.defaultCall(CallSiteArray.java:48)
	at org.codehaus.groovy.runtime.callsite.AbstractCallSite.call(AbstractCallSite.java:113)
	at org.codehaus.groovy.runtime.callsite.AbstractCallSite.call(AbstractCallSite.java:117)
	at Script1540883572356.run(Script1540883572356.groovy:30)
	at com.kms.katalon.core.main.ScriptEngine.run(ScriptEngine.java:183)
	at com.kms.katalon.core.main.ScriptEngine.runScriptAsRawText(ScriptEngine.java:108)
	at com.kms.katalon.core.main.TestCaseExecutor.runScript(TestCaseExecutor.java:294)
	at com.kms.katalon.core.main.TestCaseExecutor.doExecute(TestCaseExecutor.java:285)
	at com.kms.katalon.core.main.TestCaseExecutor.processExecutionPhase(TestCaseExecutor.java:264)
	at com.kms.katalon.core.main.TestCaseExecutor.accessMainPhase(TestCaseExecutor.java:256)
	at com.kms.katalon.core.main.TestCaseExecutor.execute(TestCaseExecutor.java:200)
	at com.kms.katalon.core.main.TestSuiteExecutor.accessTestCaseMainPhase(TestSuiteExecutor.java:129)
	at com.kms.katalon.core.main.TestSuiteExecutor.accessTestSuiteMainPhase(TestSuiteExecutor.java:112)
	at com.kms.katalon.core.main.TestSuiteExecutor.execute(TestSuiteExecutor.java:81)
	at com.kms.katalon.core.main.TestCaseMain.startTestSuite(TestCaseMain.java:142)
	at com.kms.katalon.core.main.TestCaseMain$startTestSuite$0.call(Unknown Source)
	at org.codehaus.groovy.runtime.callsite.CallSiteArray.defaultCall(CallSiteArray.java:48)
	at org.codehaus.groovy.runtime.callsite.AbstractCallSite.call(AbstractCallSite.java:113)
	at org.codehaus.groovy.runtime.callsite.AbstractCallSite.call(AbstractCallSite.java:141)
	at TempTestSuite1540977626961.run(TempTestSuite1540977626961.groovy:36)
	at groovy.lang.GroovyShell.runScriptOrMainOrTestOrRunnable(GroovyShell.java:263)
	at groovy.lang.GroovyShell.run(GroovyShell.java:518)
	at groovy.lang.GroovyShell.run(GroovyShell.java:507)
	at groovy.ui.GroovyMain.processOnce(GroovyMain.java:653)
	at groovy.ui.GroovyMain.run(GroovyMain.java:384)
	at groovy.ui.GroovyMain.process(GroovyMain.java:370)
	at groovy.ui.GroovyMain.processArgs(GroovyMain.java:129)
	at groovy.ui.GroovyMain.main(GroovyMain.java:109)
	at sun.reflect.NativeMethodAccessorImpl.invoke0(Native Method)
	at sun.reflect.NativeMethodAccessorImpl.invoke(NativeMethodAccessorImpl.java:62)
	at sun.reflect.DelegatingMethodAccessorImpl.invoke(DelegatingMethodAccessorImpl.java:43)
	at java.lang.reflect.Method.invoke(Method.java:498)
	at org.codehaus.groovy.tools.GroovyStarter.rootLoader(GroovyStarter.java:109)
	at org.codehaus.groovy.tools.GroovyStarter.main(GroovyStarter.java:131)
)]]></system-err>
      </testcase>
      <testcase name="Test Cases/Forms/QuestionaitreForm/4_VerifyingDMS" classname="Test Cases/Forms/QuestionaitreForm/4_VerifyingDMS" status="FAILED">
         <failure type="FAILED" message="(Stack trace: com.kms.katalon.core.exception.StepFailedException: Fail to click on element
	at com.kms.katalon.core.util.KeywordUtil.markFailed(KeywordUtil.java:15)
	at com.kms.katalon.core.util.KeywordUtil$markFailed.call(Unknown Source)
	at org.codehaus.groovy.runtime.callsite.CallSiteArray.defaultCall(CallSiteArray.java:48)
	at org.codehaus.groovy.runtime.callsite.AbstractCallSite.call(AbstractCallSite.java:113)
	at org.codehaus.groovy.runtime.callsite.AbstractCallSite.call(AbstractCallSite.java:125)
	at FormName.findinDMS(FormName.groovy:150)
	at sun.reflect.NativeMethodAccessorImpl.invoke0(Native Method)
	at sun.reflect.NativeMethodAccessorImpl.invoke(NativeMethodAccessorImpl.java:62)
	at sun.reflect.DelegatingMethodAccessorImpl.invoke(DelegatingMethodAccessorImpl.java:43)
	at java.lang.reflect.Method.invoke(Method.java:498)
	at org.codehaus.groovy.reflection.CachedMethod.invoke(CachedMethod.java:93)
	at groovy.lang.MetaMethod.doMethodInvoke(MetaMethod.java:325)
	at groovy.lang.MetaClassImpl.invokeMethod(MetaClassImpl.java:1215)
	at groovy.lang.MetaClassImpl.invokeMethod(MetaClassImpl.java:1024)
	at groovy.lang.MetaClassImpl.invokeMethod(MetaClassImpl.java:812)
	at groovy.lang.DelegatingMetaClass.invokeMethod(DelegatingMetaClass.java:144)
	at FormName.invokeMethod(FormName.groovy)
	at com.kms.katalon.core.main.CustomKeywordDelegatingMetaClass.invokeStaticMethod(CustomKeywordDelegatingMetaClass.java:46)
	at org.codehaus.groovy.runtime.callsite.StaticMetaClassSite.call(StaticMetaClassSite.java:53)
	at org.codehaus.groovy.runtime.callsite.CallSiteArray.defaultCall(CallSiteArray.java:48)
	at org.codehaus.groovy.runtime.callsite.AbstractCallSite.call(AbstractCallSite.java:113)
	at org.codehaus.groovy.runtime.callsite.AbstractCallSite.call(AbstractCallSite.java:117)
	at Script1540883572398.run(Script1540883572398.groovy:32)
	at com.kms.katalon.core.main.ScriptEngine.run(ScriptEngine.java:183)
	at com.kms.katalon.core.main.ScriptEngine.runScriptAsRawText(ScriptEngine.java:108)
	at com.kms.katalon.core.main.TestCaseExecutor.runScript(TestCaseExecutor.java:294)
	at com.kms.katalon.core.main.TestCaseExecutor.doExecute(TestCaseExecutor.java:285)
	at com.kms.katalon.core.main.TestCaseExecutor.processExecutionPhase(TestCaseExecutor.java:264)
	at com.kms.katalon.core.main.TestCaseExecutor.accessMainPhase(TestCaseExecutor.java:256)
	at com.kms.katalon.core.main.TestCaseExecutor.execute(TestCaseExecutor.java:200)
	at com.kms.katalon.core.main.TestSuiteExecutor.accessTestCaseMainPhase(TestSuiteExecutor.java:129)
	at com.kms.katalon.core.main.TestSuiteExecutor.accessTestSuiteMainPhase(TestSuiteExecutor.java:112)
	at com.kms.katalon.core.main.TestSuiteExecutor.execute(TestSuiteExecutor.java:81)
	at com.kms.katalon.core.main.TestCaseMain.startTestSuite(TestCaseMain.java:142)
	at com.kms.katalon.core.main.TestCaseMain$startTestSuite$0.call(Unknown Source)
	at org.codehaus.groovy.runtime.callsite.CallSiteArray.defaultCall(CallSiteArray.java:48)
	at org.codehaus.groovy.runtime.callsite.AbstractCallSite.call(AbstractCallSite.java:113)
	at org.codehaus.groovy.runtime.callsite.AbstractCallSite.call(AbstractCallSite.java:141)
	at TempTestSuite1540977626961.run(TempTestSuite1540977626961.groovy:36)
	at groovy.lang.GroovyShell.runScriptOrMainOrTestOrRunnable(GroovyShell.java:263)
	at groovy.lang.GroovyShell.run(GroovyShell.java:518)
	at groovy.lang.GroovyShell.run(GroovyShell.java:507)
	at groovy.ui.GroovyMain.processOnce(GroovyMain.java:653)
	at groovy.ui.GroovyMain.run(GroovyMain.java:384)
	at groovy.ui.GroovyMain.process(GroovyMain.java:370)
	at groovy.ui.GroovyMain.processArgs(GroovyMain.java:129)
	at groovy.ui.GroovyMain.main(GroovyMain.java:109)
	at sun.reflect.NativeMethodAccessorImpl.invoke0(Native Method)
	at sun.reflect.NativeMethodAccessorImpl.invoke(NativeMethodAccessorImpl.java:62)
	at sun.reflect.DelegatingMethodAccessorImpl.invoke(DelegatingMethodAccessorImpl.java:43)
	at java.lang.reflect.Method.invoke(Method.java:498)
	at org.codehaus.groovy.tools.GroovyStarter.rootLoader(GroovyStarter.java:109)
	at org.codehaus.groovy.tools.GroovyStarter.main(GroovyStarter.java:131)
)"/>
         <system-out><![CDATA[2018-10-31 15:35:00 - [TEST_CASE][FAILED] - Test Cases/Forms/QuestionaitreForm/4_VerifyingDMS: Test Cases/Forms/QuestionaitreForm/4_VerifyingDMS FAILED because (of) (Stack trace: com.kms.katalon.core.exception.StepFailedException: Fail to click on element
	at com.kms.katalon.core.util.KeywordUtil.markFailed(KeywordUtil.java:15)
	at com.kms.katalon.core.util.KeywordUtil$markFailed.call(Unknown Source)
	at org.codehaus.groovy.runtime.callsite.CallSiteArray.defaultCall(CallSiteArray.java:48)
	at org.codehaus.groovy.runtime.callsite.AbstractCallSite.call(AbstractCallSite.java:113)
	at org.codehaus.groovy.runtime.callsite.AbstractCallSite.call(AbstractCallSite.java:125)
	at FormName.findinDMS(FormName.groovy:150)
	at sun.reflect.NativeMethodAccessorImpl.invoke0(Native Method)
	at sun.reflect.NativeMethodAccessorImpl.invoke(NativeMethodAccessorImpl.java:62)
	at sun.reflect.DelegatingMethodAccessorImpl.invoke(DelegatingMethodAccessorImpl.java:43)
	at java.lang.reflect.Method.invoke(Method.java:498)
	at org.codehaus.groovy.reflection.CachedMethod.invoke(CachedMethod.java:93)
	at groovy.lang.MetaMethod.doMethodInvoke(MetaMethod.java:325)
	at groovy.lang.MetaClassImpl.invokeMethod(MetaClassImpl.java:1215)
	at groovy.lang.MetaClassImpl.invokeMethod(MetaClassImpl.java:1024)
	at groovy.lang.MetaClassImpl.invokeMethod(MetaClassImpl.java:812)
	at groovy.lang.DelegatingMetaClass.invokeMethod(DelegatingMetaClass.java:144)
	at FormName.invokeMethod(FormName.groovy)
	at com.kms.katalon.core.main.CustomKeywordDelegatingMetaClass.invokeStaticMethod(CustomKeywordDelegatingMetaClass.java:46)
	at org.codehaus.groovy.runtime.callsite.StaticMetaClassSite.call(StaticMetaClassSite.java:53)
	at org.codehaus.groovy.runtime.callsite.CallSiteArray.defaultCall(CallSiteArray.java:48)
	at org.codehaus.groovy.runtime.callsite.AbstractCallSite.call(AbstractCallSite.java:113)
	at org.codehaus.groovy.runtime.callsite.AbstractCallSite.call(AbstractCallSite.java:117)
	at Script1540883572398.run(Script1540883572398.groovy:32)
	at com.kms.katalon.core.main.ScriptEngine.run(ScriptEngine.java:183)
	at com.kms.katalon.core.main.ScriptEngine.runScriptAsRawText(ScriptEngine.java:108)
	at com.kms.katalon.core.main.TestCaseExecutor.runScript(TestCaseExecutor.java:294)
	at com.kms.katalon.core.main.TestCaseExecutor.doExecute(TestCaseExecutor.java:285)
	at com.kms.katalon.core.main.TestCaseExecutor.processExecutionPhase(TestCaseExecutor.java:264)
	at com.kms.katalon.core.main.TestCaseExecutor.accessMainPhase(TestCaseExecutor.java:256)
	at com.kms.katalon.core.main.TestCaseExecutor.execute(TestCaseExecutor.java:200)
	at com.kms.katalon.core.main.TestSuiteExecutor.accessTestCaseMainPhase(TestSuiteExecutor.java:129)
	at com.kms.katalon.core.main.TestSuiteExecutor.accessTestSuiteMainPhase(TestSuiteExecutor.java:112)
	at com.kms.katalon.core.main.TestSuiteExecutor.execute(TestSuiteExecutor.java:81)
	at com.kms.katalon.core.main.TestCaseMain.startTestSuite(TestCaseMain.java:142)
	at com.kms.katalon.core.main.TestCaseMain$startTestSuite$0.call(Unknown Source)
	at org.codehaus.groovy.runtime.callsite.CallSiteArray.defaultCall(CallSiteArray.java:48)
	at org.codehaus.groovy.runtime.callsite.AbstractCallSite.call(AbstractCallSite.java:113)
	at org.codehaus.groovy.runtime.callsite.AbstractCallSite.call(AbstractCallSite.java:141)
	at TempTestSuite1540977626961.run(TempTestSuite1540977626961.groovy:36)
	at groovy.lang.GroovyShell.runScriptOrMainOrTestOrRunnable(GroovyShell.java:263)
	at groovy.lang.GroovyShell.run(GroovyShell.java:518)
	at groovy.lang.GroovyShell.run(GroovyShell.java:507)
	at groovy.ui.GroovyMain.processOnce(GroovyMain.java:653)
	at groovy.ui.GroovyMain.run(GroovyMain.java:384)
	at groovy.ui.GroovyMain.process(GroovyMain.java:370)
	at groovy.ui.GroovyMain.processArgs(GroovyMain.java:129)
	at groovy.ui.GroovyMain.main(GroovyMain.java:109)
	at sun.reflect.NativeMethodAccessorImpl.invoke0(Native Method)
	at sun.reflect.NativeMethodAccessorImpl.invoke(NativeMethodAccessorImpl.java:62)
	at sun.reflect.DelegatingMethodAccessorImpl.invoke(DelegatingMethodAccessorImpl.java:43)
	at java.lang.reflect.Method.invoke(Method.java:498)
	at org.codehaus.groovy.tools.GroovyStarter.rootLoader(GroovyStarter.java:109)
	at org.codehaus.groovy.tools.GroovyStarter.main(GroovyStarter.java:131)
)

2018-10-31 15:35:00 - [TEST_STEP][NOT_RUN] - openBrowser: NOT_RUN: openBrowser

2018-10-31 15:35:00 - [MESSAGE][NOT_RUN] - NOT_RUN: openBrowser

2018-10-31 15:35:00 - [TEST_STEP][NOT_RUN] - setText: NOT_RUN: setText

2018-10-31 15:35:00 - [MESSAGE][NOT_RUN] - NOT_RUN: setText

2018-10-31 15:35:00 - [TEST_STEP][NOT_RUN] - setText: NOT_RUN: setText

2018-10-31 15:35:00 - [MESSAGE][NOT_RUN] - NOT_RUN: setText

2018-10-31 15:35:00 - [TEST_STEP][NOT_RUN] - click: NOT_RUN: click

2018-10-31 15:35:00 - [MESSAGE][NOT_RUN] - NOT_RUN: click

2018-10-31 15:35:00 - [TEST_STEP][PASSED] - Statement - java.lang.Thread.sleep(4000): null

2018-10-31 15:35:04 - [TEST_STEP][PASSED] - click: Object: 'Object Repository/DMS_Forms/mainmenu_button' is clicked on

2018-10-31 15:35:04 - [MESSAGE][PASSED] - Object: 'Object Repository/DMS_Forms/mainmenu_button' is clicked on

2018-10-31 15:35:04 - [TEST_STEP][PASSED] - click: Object: 'Object Repository/DMS_Forms/mainmenu_Document' is clicked on

2018-10-31 15:35:04 - [MESSAGE][PASSED] - Object: 'Object Repository/DMS_Forms/mainmenu_Document' is clicked on

2018-10-31 15:35:04 - [TEST_STEP][PASSED] - Statement - java.lang.Thread.sleep(3000): null

2018-10-31 15:35:07 - [TEST_STEP][FAILED] - FormName.findinDMS: Fail to click on element

2018-10-31 15:35:07 - [MESSAGE][FAILED] - Fail to click on element

2018-10-31 15:35:07 - [TEST_STEP][PASSED] - Statement - java.lang.Thread.sleep(4000): null

2018-10-31 15:35:11 - [TEST_STEP][PASSED] - doubleClick: Object: 'Object Repository/DMS_Forms/openDocument' is double clicked on

2018-10-31 15:35:11 - [MESSAGE][PASSED] - Object: 'Object Repository/DMS_Forms/openDocument' is double clicked on

2018-10-31 15:35:11 - [TEST_STEP][PASSED] - Statement - java.lang.Thread.sleep(4000): null]]></system-out>
         <system-err><![CDATA[2018-10-31 15:35:00 - [TEST_CASE][FAILED] - Test Cases/Forms/QuestionaitreForm/4_VerifyingDMS: Test Cases/Forms/QuestionaitreForm/4_VerifyingDMS FAILED because (of) (Stack trace: com.kms.katalon.core.exception.StepFailedException: Fail to click on element
	at com.kms.katalon.core.util.KeywordUtil.markFailed(KeywordUtil.java:15)
	at com.kms.katalon.core.util.KeywordUtil$markFailed.call(Unknown Source)
	at org.codehaus.groovy.runtime.callsite.CallSiteArray.defaultCall(CallSiteArray.java:48)
	at org.codehaus.groovy.runtime.callsite.AbstractCallSite.call(AbstractCallSite.java:113)
	at org.codehaus.groovy.runtime.callsite.AbstractCallSite.call(AbstractCallSite.java:125)
	at FormName.findinDMS(FormName.groovy:150)
	at sun.reflect.NativeMethodAccessorImpl.invoke0(Native Method)
	at sun.reflect.NativeMethodAccessorImpl.invoke(NativeMethodAccessorImpl.java:62)
	at sun.reflect.DelegatingMethodAccessorImpl.invoke(DelegatingMethodAccessorImpl.java:43)
	at java.lang.reflect.Method.invoke(Method.java:498)
	at org.codehaus.groovy.reflection.CachedMethod.invoke(CachedMethod.java:93)
	at groovy.lang.MetaMethod.doMethodInvoke(MetaMethod.java:325)
	at groovy.lang.MetaClassImpl.invokeMethod(MetaClassImpl.java:1215)
	at groovy.lang.MetaClassImpl.invokeMethod(MetaClassImpl.java:1024)
	at groovy.lang.MetaClassImpl.invokeMethod(MetaClassImpl.java:812)
	at groovy.lang.DelegatingMetaClass.invokeMethod(DelegatingMetaClass.java:144)
	at FormName.invokeMethod(FormName.groovy)
	at com.kms.katalon.core.main.CustomKeywordDelegatingMetaClass.invokeStaticMethod(CustomKeywordDelegatingMetaClass.java:46)
	at org.codehaus.groovy.runtime.callsite.StaticMetaClassSite.call(StaticMetaClassSite.java:53)
	at org.codehaus.groovy.runtime.callsite.CallSiteArray.defaultCall(CallSiteArray.java:48)
	at org.codehaus.groovy.runtime.callsite.AbstractCallSite.call(AbstractCallSite.java:113)
	at org.codehaus.groovy.runtime.callsite.AbstractCallSite.call(AbstractCallSite.java:117)
	at Script1540883572398.run(Script1540883572398.groovy:32)
	at com.kms.katalon.core.main.ScriptEngine.run(ScriptEngine.java:183)
	at com.kms.katalon.core.main.ScriptEngine.runScriptAsRawText(ScriptEngine.java:108)
	at com.kms.katalon.core.main.TestCaseExecutor.runScript(TestCaseExecutor.java:294)
	at com.kms.katalon.core.main.TestCaseExecutor.doExecute(TestCaseExecutor.java:285)
	at com.kms.katalon.core.main.TestCaseExecutor.processExecutionPhase(TestCaseExecutor.java:264)
	at com.kms.katalon.core.main.TestCaseExecutor.accessMainPhase(TestCaseExecutor.java:256)
	at com.kms.katalon.core.main.TestCaseExecutor.execute(TestCaseExecutor.java:200)
	at com.kms.katalon.core.main.TestSuiteExecutor.accessTestCaseMainPhase(TestSuiteExecutor.java:129)
	at com.kms.katalon.core.main.TestSuiteExecutor.accessTestSuiteMainPhase(TestSuiteExecutor.java:112)
	at com.kms.katalon.core.main.TestSuiteExecutor.execute(TestSuiteExecutor.java:81)
	at com.kms.katalon.core.main.TestCaseMain.startTestSuite(TestCaseMain.java:142)
	at com.kms.katalon.core.main.TestCaseMain$startTestSuite$0.call(Unknown Source)
	at org.codehaus.groovy.runtime.callsite.CallSiteArray.defaultCall(CallSiteArray.java:48)
	at org.codehaus.groovy.runtime.callsite.AbstractCallSite.call(AbstractCallSite.java:113)
	at org.codehaus.groovy.runtime.callsite.AbstractCallSite.call(AbstractCallSite.java:141)
	at TempTestSuite1540977626961.run(TempTestSuite1540977626961.groovy:36)
	at groovy.lang.GroovyShell.runScriptOrMainOrTestOrRunnable(GroovyShell.java:263)
	at groovy.lang.GroovyShell.run(GroovyShell.java:518)
	at groovy.lang.GroovyShell.run(GroovyShell.java:507)
	at groovy.ui.GroovyMain.processOnce(GroovyMain.java:653)
	at groovy.ui.GroovyMain.run(GroovyMain.java:384)
	at groovy.ui.GroovyMain.process(GroovyMain.java:370)
	at groovy.ui.GroovyMain.processArgs(GroovyMain.java:129)
	at groovy.ui.GroovyMain.main(GroovyMain.java:109)
	at sun.reflect.NativeMethodAccessorImpl.invoke0(Native Method)
	at sun.reflect.NativeMethodAccessorImpl.invoke(NativeMethodAccessorImpl.java:62)
	at sun.reflect.DelegatingMethodAccessorImpl.invoke(DelegatingMethodAccessorImpl.java:43)
	at java.lang.reflect.Method.invoke(Method.java:498)
	at org.codehaus.groovy.tools.GroovyStarter.rootLoader(GroovyStarter.java:109)
	at org.codehaus.groovy.tools.GroovyStarter.main(GroovyStarter.java:131)
)]]></system-err>
      </testcase>
      <system-out><![CDATA[2018-10-31 15:21:56 - [TEST_SUITE][FAILED] - SmokeSuite: Test Cases/Forms/AuditForm/2_FormSubmission FAILED because (of) (Stack trace: com.kms.katalon.core.exception.StepFailedException: Unable to click on object 'Object Repository/FormTab/options' (Root cause: org.openqa.selenium.WebDriverException: unknown error: Element <a class="k-header-column-menu" href="#" title="Column Settings" tabindex="-1">...</a> is not clickable at point (541, 165). Other element would receive the click: <div class="k-loading-image"></div>
  (Session info: chrome=70.0.3538.77)
  (Driver info: chromedriver=2.35.528161 (5b82f2d2aae0ca24b877009200ced9065a772e73),platform=Windows NT 6.1.7601 SP1 x86_64) (WARNING: The server did not provide any stacktrace information)
Command duration or timeout: 0 milliseconds
Build info: version: '3.7.1', revision: '8a0099a', time: '2017-11-06T21:07:36.161Z'
System info: host: 'ABHISHEK-PASHIN', ip: '10.21.7.138', os.name: 'Windows 7', os.arch: 'amd64', os.version: '6.1', java.version: '1.8.0_181'
Driver info: com.kms.katalon.selenium.driver.CChromeDriver
Capabilities {acceptInsecureCerts: false, acceptSslCerts: false, applicationCacheEnabled: false, browserConnectionEnabled: false, browserName: chrome, chrome: {chromedriverVersion: 2.35.528161 (5b82f2d2aae0ca..., userDataDir: C:\Users\PASHIN~1\AppData\L...}, cssSelectorsEnabled: true, databaseEnabled: false, handlesAlerts: true, hasTouchScreen: false, javascriptEnabled: true, locationContextEnabled: true, mobileEmulationEnabled: false, nativeEvents: true, networkConnectionEnabled: false, pageLoadStrategy: normal, platform: XP, platformName: XP, rotatable: false, setWindowRect: true, takesHeapSnapshot: true, takesScreenshot: true, unexpectedAlertBehaviour: , unhandledPromptBehavior: , version: 70.0.3538.77, webStorageEnabled: true}
Session ID: 6ee841c5c5e8493f8d1d78b5f434b686)
	at com.kms.katalon.core.keyword.internal.KeywordMain.stepFailed(KeywordMain.groovy:36)
	at com.kms.katalon.core.webui.keyword.internal.WebUIKeywordMain.stepFailed(WebUIKeywordMain.groovy:65)
	at com.kms.katalon.core.webui.keyword.internal.WebUIKeywordMain.runKeyword(WebUIKeywordMain.groovy:27)
	at com.kms.katalon.core.webui.keyword.builtin.ClickKeyword.click(ClickKeyword.groovy:86)
	at com.kms.katalon.core.webui.keyword.builtin.ClickKeyword.execute(ClickKeyword.groovy:67)
	at com.kms.katalon.core.keyword.internal.KeywordExecutor.executeKeywordForPlatform(KeywordExecutor.groovy:53)
	at com.kms.katalon.core.webui.keyword.WebUiBuiltInKeywords.click(WebUiBuiltInKeywords.groovy:616)
	at com.kms.katalon.core.webui.keyword.WebUiBuiltInKeywords$click$3.call(Unknown Source)
	at org.codehaus.groovy.runtime.callsite.CallSiteArray.defaultCall(CallSiteArray.java:48)
	at org.codehaus.groovy.runtime.callsite.AbstractCallSite.call(AbstractCallSite.java:113)
	at org.codehaus.groovy.runtime.callsite.AbstractCallSite.call(AbstractCallSite.java:125)
	at Script1540883572231.run(Script1540883572231.groovy:38)
	at com.kms.katalon.core.main.ScriptEngine.run(ScriptEngine.java:183)
	at com.kms.katalon.core.main.ScriptEngine.runScriptAsRawText(ScriptEngine.java:108)
	at com.kms.katalon.core.main.TestCaseExecutor.runScript(TestCaseExecutor.java:294)
	at com.kms.katalon.core.main.TestCaseExecutor.doExecute(TestCaseExecutor.java:285)
	at com.kms.katalon.core.main.TestCaseExecutor.processExecutionPhase(TestCaseExecutor.java:264)
	at com.kms.katalon.core.main.TestCaseExecutor.accessMainPhase(TestCaseExecutor.java:256)
	at com.kms.katalon.core.main.TestCaseExecutor.execute(TestCaseExecutor.java:200)
	at com.kms.katalon.core.main.TestSuiteExecutor.accessTestCaseMainPhase(TestSuiteExecutor.java:129)
	at com.kms.katalon.core.main.TestSuiteExecutor.accessTestSuiteMainPhase(TestSuiteExecutor.java:112)
	at com.kms.katalon.core.main.TestSuiteExecutor.execute(TestSuiteExecutor.java:81)
	at com.kms.katalon.core.main.TestCaseMain.startTestSuite(TestCaseMain.java:142)
	at com.kms.katalon.core.main.TestCaseMain$startTestSuite$0.call(Unknown Source)
	at org.codehaus.groovy.runtime.callsite.CallSiteArray.defaultCall(CallSiteArray.java:48)
	at org.codehaus.groovy.runtime.callsite.AbstractCallSite.call(AbstractCallSite.java:113)
	at org.codehaus.groovy.runtime.callsite.AbstractCallSite.call(AbstractCallSite.java:141)
	at TempTestSuite1540977626961.run(TempTestSuite1540977626961.groovy:36)
	at groovy.lang.GroovyShell.runScriptOrMainOrTestOrRunnable(GroovyShell.java:263)
	at groovy.lang.GroovyShell.run(GroovyShell.java:518)
	at groovy.lang.GroovyShell.run(GroovyShell.java:507)
	at groovy.ui.GroovyMain.processOnce(GroovyMain.java:653)
	at groovy.ui.GroovyMain.run(GroovyMain.java:384)
	at groovy.ui.GroovyMain.process(GroovyMain.java:370)
	at groovy.ui.GroovyMain.processArgs(GroovyMain.java:129)
	at groovy.ui.GroovyMain.main(GroovyMain.java:109)
	at sun.reflect.NativeMethodAccessorImpl.invoke0(Native Method)
	at sun.reflect.NativeMethodAccessorImpl.invoke(NativeMethodAccessorImpl.java:62)
	at sun.reflect.DelegatingMethodAccessorImpl.invoke(DelegatingMethodAccessorImpl.java:43)
	at java.lang.reflect.Method.invoke(Method.java:498)
	at org.codehaus.groovy.tools.GroovyStarter.rootLoader(GroovyStarter.java:109)
	at org.codehaus.groovy.tools.GroovyStarter.main(GroovyStarter.java:131)
)]]></system-out>
      <system-err><![CDATA[2018-10-31 15:21:56 - [TEST_SUITE][FAILED] - SmokeSuite: Test Cases/Forms/AuditForm/2_FormSubmission FAILED because (of) (Stack trace: com.kms.katalon.core.exception.StepFailedException: Unable to click on object 'Object Repository/FormTab/options' (Root cause: org.openqa.selenium.WebDriverException: unknown error: Element <a class="k-header-column-menu" href="#" title="Column Settings" tabindex="-1">...</a> is not clickable at point (541, 165). Other element would receive the click: <div class="k-loading-image"></div>
  (Session info: chrome=70.0.3538.77)
  (Driver info: chromedriver=2.35.528161 (5b82f2d2aae0ca24b877009200ced9065a772e73),platform=Windows NT 6.1.7601 SP1 x86_64) (WARNING: The server did not provide any stacktrace information)
Command duration or timeout: 0 milliseconds
Build info: version: '3.7.1', revision: '8a0099a', time: '2017-11-06T21:07:36.161Z'
System info: host: 'ABHISHEK-PASHIN', ip: '10.21.7.138', os.name: 'Windows 7', os.arch: 'amd64', os.version: '6.1', java.version: '1.8.0_181'
Driver info: com.kms.katalon.selenium.driver.CChromeDriver
Capabilities {acceptInsecureCerts: false, acceptSslCerts: false, applicationCacheEnabled: false, browserConnectionEnabled: false, browserName: chrome, chrome: {chromedriverVersion: 2.35.528161 (5b82f2d2aae0ca..., userDataDir: C:\Users\PASHIN~1\AppData\L...}, cssSelectorsEnabled: true, databaseEnabled: false, handlesAlerts: true, hasTouchScreen: false, javascriptEnabled: true, locationContextEnabled: true, mobileEmulationEnabled: false, nativeEvents: true, networkConnectionEnabled: false, pageLoadStrategy: normal, platform: XP, platformName: XP, rotatable: false, setWindowRect: true, takesHeapSnapshot: true, takesScreenshot: true, unexpectedAlertBehaviour: , unhandledPromptBehavior: , version: 70.0.3538.77, webStorageEnabled: true}
Session ID: 6ee841c5c5e8493f8d1d78b5f434b686)
	at com.kms.katalon.core.keyword.internal.KeywordMain.stepFailed(KeywordMain.groovy:36)
	at com.kms.katalon.core.webui.keyword.internal.WebUIKeywordMain.stepFailed(WebUIKeywordMain.groovy:65)
	at com.kms.katalon.core.webui.keyword.internal.WebUIKeywordMain.runKeyword(WebUIKeywordMain.groovy:27)
	at com.kms.katalon.core.webui.keyword.builtin.ClickKeyword.click(ClickKeyword.groovy:86)
	at com.kms.katalon.core.webui.keyword.builtin.ClickKeyword.execute(ClickKeyword.groovy:67)
	at com.kms.katalon.core.keyword.internal.KeywordExecutor.executeKeywordForPlatform(KeywordExecutor.groovy:53)
	at com.kms.katalon.core.webui.keyword.WebUiBuiltInKeywords.click(WebUiBuiltInKeywords.groovy:616)
	at com.kms.katalon.core.webui.keyword.WebUiBuiltInKeywords$click$3.call(Unknown Source)
	at org.codehaus.groovy.runtime.callsite.CallSiteArray.defaultCall(CallSiteArray.java:48)
	at org.codehaus.groovy.runtime.callsite.AbstractCallSite.call(AbstractCallSite.java:113)
	at org.codehaus.groovy.runtime.callsite.AbstractCallSite.call(AbstractCallSite.java:125)
	at Script1540883572231.run(Script1540883572231.groovy:38)
	at com.kms.katalon.core.main.ScriptEngine.run(ScriptEngine.java:183)
	at com.kms.katalon.core.main.ScriptEngine.runScriptAsRawText(ScriptEngine.java:108)
	at com.kms.katalon.core.main.TestCaseExecutor.runScript(TestCaseExecutor.java:294)
	at com.kms.katalon.core.main.TestCaseExecutor.doExecute(TestCaseExecutor.java:285)
	at com.kms.katalon.core.main.TestCaseExecutor.processExecutionPhase(TestCaseExecutor.java:264)
	at com.kms.katalon.core.main.TestCaseExecutor.accessMainPhase(TestCaseExecutor.java:256)
	at com.kms.katalon.core.main.TestCaseExecutor.execute(TestCaseExecutor.java:200)
	at com.kms.katalon.core.main.TestSuiteExecutor.accessTestCaseMainPhase(TestSuiteExecutor.java:129)
	at com.kms.katalon.core.main.TestSuiteExecutor.accessTestSuiteMainPhase(TestSuiteExecutor.java:112)
	at com.kms.katalon.core.main.TestSuiteExecutor.execute(TestSuiteExecutor.java:81)
	at com.kms.katalon.core.main.TestCaseMain.startTestSuite(TestCaseMain.java:142)
	at com.kms.katalon.core.main.TestCaseMain$startTestSuite$0.call(Unknown Source)
	at org.codehaus.groovy.runtime.callsite.CallSiteArray.defaultCall(CallSiteArray.java:48)
	at org.codehaus.groovy.runtime.callsite.AbstractCallSite.call(AbstractCallSite.java:113)
	at org.codehaus.groovy.runtime.callsite.AbstractCallSite.call(AbstractCallSite.java:141)
	at TempTestSuite1540977626961.run(TempTestSuite1540977626961.groovy:36)
	at groovy.lang.GroovyShell.runScriptOrMainOrTestOrRunnable(GroovyShell.java:263)
	at groovy.lang.GroovyShell.run(GroovyShell.java:518)
	at groovy.lang.GroovyShell.run(GroovyShell.java:507)
	at groovy.ui.GroovyMain.processOnce(GroovyMain.java:653)
	at groovy.ui.GroovyMain.run(GroovyMain.java:384)
	at groovy.ui.GroovyMain.process(GroovyMain.java:370)
	at groovy.ui.GroovyMain.processArgs(GroovyMain.java:129)
	at groovy.ui.GroovyMain.main(GroovyMain.java:109)
	at sun.reflect.NativeMethodAccessorImpl.invoke0(Native Method)
	at sun.reflect.NativeMethodAccessorImpl.invoke(NativeMethodAccessorImpl.java:62)
	at sun.reflect.DelegatingMethodAccessorImpl.invoke(DelegatingMethodAccessorImpl.java:43)
	at java.lang.reflect.Method.invoke(Method.java:498)
	at org.codehaus.groovy.tools.GroovyStarter.rootLoader(GroovyStarter.java:109)
	at org.codehaus.groovy.tools.GroovyStarter.main(GroovyStarter.java:131)
)]]></system-err>
   </testsuite>
</testsuites>
