<?xml version="1.0" encoding="UTF-8"?>
<testsuites name="TestSupplier" time="1639" tests="11" failures="0" errors="1">
   <testsuite name="TestSupplier" tests="11" failures="0" errors="1" time="1639" timestamp="2019-02-20 16:34:44" hostname="pashine_a - Abhishek-Pashine.India.XoriantCorp.com" id="Test Suites/TestSupplier">
      <properties>
         <property name="deviceName" value=""/>
         <property name="devicePlatform" value=""/>
         <property name="logFolder" value="D:\\Git Data\\SafetyChain-Test-Automation-Katalon\\Reports\\TestSupplier\\20190220_163442"/>
         <property name="logFiles" value="D:\\Git Data\\SafetyChain-Test-Automation-Katalon\\Reports\\TestSupplier\\20190220_163442\\execution0.log"/>
         <property name="attachments" value=""/>
         <property name="hostName" value="pashine_a - Abhishek-Pashine.India.XoriantCorp.com"/>
         <property name="os" value="Windows 7 64bit"/>
         <property name="katalonVersion" value="5.10.1.1"/>
         <property name="browser" value="Chrome 72.0.3626.109"/>
         <property name="hostAddress" value="10.21.7.147"/>
         <property name="sessionId" value="2a912b11e8cc759960547dda92ccd0e0"/>
         <property name="seleniumVersion" value="3.7.1"/>
         <property name="proxyInformation" value="ProxyInformation{proxyOption=NO_PROXY, proxyServerType=HTTP, password=, proxyServerAddress=, proxyServerPort=0}"/>
         <property name="platform" value="Windows 7"/>
      </properties>
      <testcase name="Test Cases/SupplierFlow/1_CreateForm" classname="Test Cases/SupplierFlow/1_CreateForm" status="PASSED">
         <system-out><![CDATA[2019-02-20 16:34:45 - [TEST_CASE][PASSED] - Test Cases/SupplierFlow/1_CreateForm: Test Cases/SupplierFlow/1_CreateForm

2019-02-20 16:34:46 - [TEST_STEP][PASSED] - openBrowser(URL): Browser is opened with url: 'https://test1.safetychain.com'

2019-02-20 16:34:46 - [MESSAGE][INFO] - Starting 'Chrome' driver

2019-02-20 16:34:46 - [MESSAGE][INFO] - Action delay is set to 0 seconds

2019-02-20 16:35:19 - [MESSAGE][PASSED] - Browser is opened with url: 'https://test1.safetychain.com'

2019-02-20 16:35:19 - [TEST_STEP][PASSED] - maximizeWindow(): Current window maximized

2019-02-20 16:35:20 - [MESSAGE][PASSED] - Current window maximized

2019-02-20 16:35:20 - [TEST_STEP][PASSED] - setText(findTestObject("Form_Selection_Creation/login_Username"), UserName): Text 'tester' is set on object 'Object Repository/Form_Selection_Creation/login_Username'

2019-02-20 16:35:25 - [MESSAGE][PASSED] - Text 'tester' is set on object 'Object Repository/Form_Selection_Creation/login_Username'

2019-02-20 16:35:25 - [TEST_STEP][PASSED] - setText(findTestObject("Form_Selection_Creation/login_Password"), Password): Text 'TestLi^e' is set on object 'Object Repository/Form_Selection_Creation/login_Password'

2019-02-20 16:35:25 - [MESSAGE][PASSED] - Text 'TestLi^e' is set on object 'Object Repository/Form_Selection_Creation/login_Password'

2019-02-20 16:35:25 - [TEST_STEP][PASSED] - FormName.setData1(): FormName.setData1 is PASSED

2019-02-20 16:35:26 - [MESSAGE][PASSED] - FormName.setData1 is PASSED

2019-02-20 16:35:26 - [TEST_STEP][PASSED] - click(findTestObject("Form_Selection_Creation/login_Button")): Object: 'Object Repository/Form_Selection_Creation/login_Button' is clicked on

2019-02-20 16:35:28 - [MESSAGE][PASSED] - Object: 'Object Repository/Form_Selection_Creation/login_Button' is clicked on

2019-02-20 16:35:28 - [TEST_STEP][PASSED] - Thread.sleep(3000): null

2019-02-20 16:35:31 - [TEST_STEP][PASSED] - click(findTestObject("Form_Selection_Creation/mainMenu_Button")): Object: 'Object Repository/Form_Selection_Creation/mainMenu_Button' is clicked on

2019-02-20 16:35:33 - [MESSAGE][PASSED] - Object: 'Object Repository/Form_Selection_Creation/mainMenu_Button' is clicked on

2019-02-20 16:35:33 - [TEST_STEP][PASSED] - click(findTestObject("Form_Selection_Creation/mainMenu_AdminTools")): Object: 'Object Repository/Form_Selection_Creation/mainMenu_AdminTools' is clicked on

2019-02-20 16:35:33 - [MESSAGE][PASSED] - Object: 'Object Repository/Form_Selection_Creation/mainMenu_AdminTools' is clicked on

2019-02-20 16:35:33 - [TEST_STEP][PASSED] - AdminTool_Location.moveCursor(): AdminTool_Location.moveCursor is PASSED

2019-02-20 16:35:33 - [MESSAGE][PASSED] - AdminTool_Location.moveCursor is PASSED

2019-02-20 16:35:33 - [TEST_STEP][PASSED] - Thread.sleep(2000): null

2019-02-20 16:35:35 - [TEST_STEP][PASSED] - click(findTestObject("Form_Selection_Creation/mainMenu_AdminTools_FormDesigner")): Object: 'Object Repository/Form_Selection_Creation/mainMenu_AdminTools_FormDesigner' is clicked on

2019-02-20 16:35:35 - [MESSAGE][PASSED] - Object: 'Object Repository/Form_Selection_Creation/mainMenu_AdminTools_FormDesigner' is clicked on

2019-02-20 16:35:35 - [TEST_STEP][PASSED] - Thread.sleep(2000): null

2019-02-20 16:35:37 - [TEST_STEP][PASSED] - click(findTestObject("Form_Selection_Creation/selectQuestionaireForm")): Object: 'Object Repository/Form_Selection_Creation/selectQuestionaireForm' is clicked on

2019-02-20 16:35:37 - [MESSAGE][PASSED] - Object: 'Object Repository/Form_Selection_Creation/selectQuestionaireForm' is clicked on

2019-02-20 16:35:37 - [TEST_STEP][PASSED] - Thread.sleep(3000): null

2019-02-20 16:35:40 - [TEST_STEP][PASSED] - dragAndDropToObject(findTestObject("Form_Selection_Creation/formDesign_selectResource"), findTestObject("Form_Selection_Creation/Target_Res_Object")): Dragged object with id 'Object Repository/Form_Selection_Creation/formDesign_selectResource' to object with id 'TestObject - 'Object Repository/Form_Selection_Creation/Target_Res_Object'' successfully

2019-02-20 16:35:41 - [MESSAGE][PASSED] - Dragged object with id 'Object Repository/Form_Selection_Creation/formDesign_selectResource' to object with id 'TestObject - 'Object Repository/Form_Selection_Creation/Target_Res_Object'' successfully

2019-02-20 16:35:41 - [TEST_STEP][PASSED] - Thread.sleep(6000): null

2019-02-20 16:35:47 - [TEST_STEP][PASSED] - click(findTestObject("Form_Selection_Creation/formCreation_NextToDesignForm")): Object: 'Object Repository/Form_Selection_Creation/formCreation_NextToDesignForm' is clicked on

2019-02-20 16:35:48 - [MESSAGE][PASSED] - Object: 'Object Repository/Form_Selection_Creation/formCreation_NextToDesignForm' is clicked on

2019-02-20 16:35:48 - [TEST_STEP][PASSED] - Thread.sleep(4000): null

2019-02-20 16:35:52 - [TEST_STEP][PASSED] - FormName.createForm(findTestObject("Form_Selection_Creation/formDesign_FormName")): FormName.createForm is PASSED

2019-02-20 16:35:52 - [MESSAGE][PASSED] - FormName.createForm is PASSED

2019-02-20 16:35:52 - [TEST_STEP][PASSED] - Thread.sleep(2000): null

2019-02-20 16:35:54 - [TEST_STEP][PASSED] - dragAndDropToObject(findTestObject("Form_Selection_Creation/formDesign_SelectSection"), findTestObject("Form_Selection_Creation/default_area")): Dragged object with id 'Object Repository/Form_Selection_Creation/formDesign_SelectSection' to object with id 'TestObject - 'Object Repository/Form_Selection_Creation/default_area'' successfully

2019-02-20 16:35:55 - [MESSAGE][PASSED] - Dragged object with id 'Object Repository/Form_Selection_Creation/formDesign_SelectSection' to object with id 'TestObject - 'Object Repository/Form_Selection_Creation/default_area'' successfully

2019-02-20 16:35:55 - [TEST_STEP][PASSED] - setText(findTestObject("Form_Selection_Creation/formDesign_SectionName_text"), "This is Section "): Text 'This is Section ' is set on object 'Object Repository/Form_Selection_Creation/formDesign_SectionName_text'

2019-02-20 16:35:55 - [MESSAGE][PASSED] - Text 'This is Section ' is set on object 'Object Repository/Form_Selection_Creation/formDesign_SectionName_text'

2019-02-20 16:35:55 - [TEST_STEP][PASSED] - Thread.sleep(2000): null

2019-02-20 16:35:57 - [TEST_STEP][PASSED] - dragAndDropToObject(findTestObject("Form_Selection_Creation/formDesign_SelectFieldgroup"), findTestObject("Form_Selection_Creation/section_area")): Dragged object with id 'Object Repository/Form_Selection_Creation/formDesign_SelectFieldgroup' to object with id 'TestObject - 'Object Repository/Form_Selection_Creation/section_area'' successfully

2019-02-20 16:35:58 - [MESSAGE][PASSED] - Dragged object with id 'Object Repository/Form_Selection_Creation/formDesign_SelectFieldgroup' to object with id 'TestObject - 'Object Repository/Form_Selection_Creation/section_area'' successfully

2019-02-20 16:35:58 - [TEST_STEP][PASSED] - setText(findTestObject("Form_Selection_Creation/formDesign_FieldGroupName_text"), "This is Field Group "): Text 'This is Field Group ' is set on object 'Object Repository/Form_Selection_Creation/formDesign_FieldGroupName_text'

2019-02-20 16:35:58 - [MESSAGE][PASSED] - Text 'This is Field Group ' is set on object 'Object Repository/Form_Selection_Creation/formDesign_FieldGroupName_text'

2019-02-20 16:35:58 - [TEST_STEP][PASSED] - Thread.sleep(2000): null

2019-02-20 16:36:00 - [TEST_STEP][PASSED] - dragAndDropToObject(findTestObject("Form_Selection_Creation/formDesign_SelectFree Text"), findTestObject("Form_Selection_Creation/group_area")): Dragged object with id 'Object Repository/Form_Selection_Creation/formDesign_SelectFree Text' to object with id 'TestObject - 'Object Repository/Form_Selection_Creation/group_area'' successfully

2019-02-20 16:36:01 - [MESSAGE][PASSED] - Dragged object with id 'Object Repository/Form_Selection_Creation/formDesign_SelectFree Text' to object with id 'TestObject - 'Object Repository/Form_Selection_Creation/group_area'' successfully

2019-02-20 16:36:01 - [TEST_STEP][PASSED] - setText(findTestObject("Form_Selection_Creation/formDesign_SingleLineName_Text"), "This is Single Line Text"): Text 'This is Single Line Text' is set on object 'Object Repository/Form_Selection_Creation/formDesign_SingleLineName_Text'

2019-02-20 16:36:02 - [MESSAGE][PASSED] - Text 'This is Single Line Text' is set on object 'Object Repository/Form_Selection_Creation/formDesign_SingleLineName_Text'

2019-02-20 16:36:02 - [TEST_STEP][PASSED] - Thread.sleep(2000): null

2019-02-20 16:36:04 - [TEST_STEP][PASSED] - dragAndDropToObject(findTestObject("Form_Selection_Creation/formDesign_SelectParagraphText"), findTestObject("Form_Selection_Creation/group_area")): Dragged object with id 'Object Repository/Form_Selection_Creation/formDesign_SelectParagraphText' to object with id 'TestObject - 'Object Repository/Form_Selection_Creation/group_area'' successfully

2019-02-20 16:36:05 - [MESSAGE][PASSED] - Dragged object with id 'Object Repository/Form_Selection_Creation/formDesign_SelectParagraphText' to object with id 'TestObject - 'Object Repository/Form_Selection_Creation/group_area'' successfully

2019-02-20 16:36:05 - [TEST_STEP][PASSED] - setText(findTestObject("Form_Selection_Creation/formDesign_ParagraphName_Text"), "This is Paragraph"): Text 'This is Paragraph' is set on object 'Object Repository/Form_Selection_Creation/formDesign_ParagraphName_Text'

2019-02-20 16:36:05 - [MESSAGE][PASSED] - Text 'This is Paragraph' is set on object 'Object Repository/Form_Selection_Creation/formDesign_ParagraphName_Text'

2019-02-20 16:36:05 - [TEST_STEP][PASSED] - Thread.sleep(2000): null

2019-02-20 16:36:07 - [TEST_STEP][PASSED] - dragAndDropToObject(findTestObject("Form_Selection_Creation/formDesign_Select_SelectOne"), findTestObject("Form_Selection_Creation/group_area")): Dragged object with id 'Object Repository/Form_Selection_Creation/formDesign_Select_SelectOne' to object with id 'TestObject - 'Object Repository/Form_Selection_Creation/group_area'' successfully

2019-02-20 16:36:08 - [MESSAGE][PASSED] - Dragged object with id 'Object Repository/Form_Selection_Creation/formDesign_Select_SelectOne' to object with id 'TestObject - 'Object Repository/Form_Selection_Creation/group_area'' successfully

2019-02-20 16:36:08 - [TEST_STEP][PASSED] - setText(findTestObject("Form_Selection_Creation/formDesign_Select_OneName_text"), "This is Select One"): Text 'This is Select One' is set on object 'Object Repository/Form_Selection_Creation/formDesign_Select_OneName_text'

2019-02-20 16:36:08 - [MESSAGE][PASSED] - Text 'This is Select One' is set on object 'Object Repository/Form_Selection_Creation/formDesign_Select_OneName_text'

2019-02-20 16:36:08 - [TEST_STEP][PASSED] - Thread.sleep(3000): null

2019-02-20 16:36:11 - [TEST_STEP][PASSED] - click(findTestObject("Form_Selection_Creation/button_AddNew1")): Object: 'Object Repository/Form_Selection_Creation/button_AddNew1' is clicked on

2019-02-20 16:36:12 - [MESSAGE][PASSED] - Object: 'Object Repository/Form_Selection_Creation/button_AddNew1' is clicked on

2019-02-20 16:36:12 - [TEST_STEP][PASSED] - setText(findTestObject("Form_Selection_Creation/add1singleValue1"), "SingleOption1"): Text 'SingleOption1' is set on object 'Object Repository/Form_Selection_Creation/add1singleValue1'

2019-02-20 16:36:12 - [MESSAGE][PASSED] - Text 'SingleOption1' is set on object 'Object Repository/Form_Selection_Creation/add1singleValue1'

2019-02-20 16:36:12 - [TEST_STEP][PASSED] - Thread.sleep(2000): null

2019-02-20 16:36:14 - [TEST_STEP][PASSED] - click(findTestObject("Form_Selection_Creation/button_AddNew1")): Object: 'Object Repository/Form_Selection_Creation/button_AddNew1' is clicked on

2019-02-20 16:36:14 - [MESSAGE][PASSED] - Object: 'Object Repository/Form_Selection_Creation/button_AddNew1' is clicked on

2019-02-20 16:36:14 - [TEST_STEP][PASSED] - setText(findTestObject("Form_Selection_Creation/add1singleValue2"), "SingleOption2"): Text 'SingleOption2' is set on object 'Object Repository/Form_Selection_Creation/add1singleValue2'

2019-02-20 16:36:14 - [MESSAGE][PASSED] - Text 'SingleOption2' is set on object 'Object Repository/Form_Selection_Creation/add1singleValue2'

2019-02-20 16:36:14 - [TEST_STEP][PASSED] - Thread.sleep(2000): null

2019-02-20 16:36:16 - [TEST_STEP][PASSED] - dragAndDropToObject(findTestObject("Form_Selection_Creation/formDesign_Select_SelectMultiple"), findTestObject("Form_Selection_Creation/group_area")): Dragged object with id 'Object Repository/Form_Selection_Creation/formDesign_Select_SelectMultiple' to object with id 'TestObject - 'Object Repository/Form_Selection_Creation/group_area'' successfully

2019-02-20 16:36:17 - [MESSAGE][PASSED] - Dragged object with id 'Object Repository/Form_Selection_Creation/formDesign_Select_SelectMultiple' to object with id 'TestObject - 'Object Repository/Form_Selection_Creation/group_area'' successfully

2019-02-20 16:36:17 - [TEST_STEP][PASSED] - setText(findTestObject("Form_Selection_Creation/formDesign_Select_MultipleName_text"), "This is Select Multiple"): Text 'This is Select Multiple' is set on object 'Object Repository/Form_Selection_Creation/formDesign_Select_MultipleName_text'

2019-02-20 16:36:18 - [MESSAGE][PASSED] - Text 'This is Select Multiple' is set on object 'Object Repository/Form_Selection_Creation/formDesign_Select_MultipleName_text'

2019-02-20 16:36:18 - [TEST_STEP][PASSED] - Thread.sleep(3000): null

2019-02-20 16:36:21 - [TEST_STEP][PASSED] - click(findTestObject("Form_Selection_Creation/button_addNewMul1")): Object: 'Object Repository/Form_Selection_Creation/button_addNewMul1' is clicked on

2019-02-20 16:36:21 - [MESSAGE][PASSED] - Object: 'Object Repository/Form_Selection_Creation/button_addNewMul1' is clicked on

2019-02-20 16:36:21 - [TEST_STEP][PASSED] - setText(findTestObject("Form_Selection_Creation/add1MultipleValue1"), "MultipleOption1"): Text 'MultipleOption1' is set on object 'Object Repository/Form_Selection_Creation/add1MultipleValue1'

2019-02-20 16:36:21 - [MESSAGE][PASSED] - Text 'MultipleOption1' is set on object 'Object Repository/Form_Selection_Creation/add1MultipleValue1'

2019-02-20 16:36:21 - [TEST_STEP][PASSED] - Thread.sleep(2000): null

2019-02-20 16:36:23 - [TEST_STEP][PASSED] - click(findTestObject("Form_Selection_Creation/button_addNewMul1")): Object: 'Object Repository/Form_Selection_Creation/button_addNewMul1' is clicked on

2019-02-20 16:36:23 - [MESSAGE][PASSED] - Object: 'Object Repository/Form_Selection_Creation/button_addNewMul1' is clicked on

2019-02-20 16:36:23 - [TEST_STEP][PASSED] - setText(findTestObject("Form_Selection_Creation/add1MultipleValue2"), "MultipleOption2"): Text 'MultipleOption2' is set on object 'Object Repository/Form_Selection_Creation/add1MultipleValue2'

2019-02-20 16:36:24 - [MESSAGE][PASSED] - Text 'MultipleOption2' is set on object 'Object Repository/Form_Selection_Creation/add1MultipleValue2'

2019-02-20 16:36:24 - [TEST_STEP][PASSED] - Thread.sleep(2000): null

2019-02-20 16:36:26 - [TEST_STEP][PASSED] - dragAndDropToObject(findTestObject("Form_Selection_Creation/formDesign_SelectNumeric"), findTestObject("Form_Selection_Creation/group_area")): Dragged object with id 'Object Repository/Form_Selection_Creation/formDesign_SelectNumeric' to object with id 'TestObject - 'Object Repository/Form_Selection_Creation/group_area'' successfully

2019-02-20 16:36:27 - [MESSAGE][PASSED] - Dragged object with id 'Object Repository/Form_Selection_Creation/formDesign_SelectNumeric' to object with id 'TestObject - 'Object Repository/Form_Selection_Creation/group_area'' successfully

2019-02-20 16:36:27 - [TEST_STEP][PASSED] - setText(findTestObject("Form_Selection_Creation/formDesign_NumericName_Text"), "This is a Number"): Text 'This is a Number' is set on object 'Object Repository/Form_Selection_Creation/formDesign_NumericName_Text'

2019-02-20 16:36:27 - [MESSAGE][PASSED] - Text 'This is a Number' is set on object 'Object Repository/Form_Selection_Creation/formDesign_NumericName_Text'

2019-02-20 16:36:27 - [TEST_STEP][PASSED] - Thread.sleep(2000): null

2019-02-20 16:36:29 - [TEST_STEP][PASSED] - dragAndDropToObject(findTestObject("Form_Selection_Creation/formDesign_SelectDate"), findTestObject("Form_Selection_Creation/group_area")): Dragged object with id 'Object Repository/Form_Selection_Creation/formDesign_SelectDate' to object with id 'TestObject - 'Object Repository/Form_Selection_Creation/group_area'' successfully

2019-02-20 16:36:35 - [MESSAGE][PASSED] - Dragged object with id 'Object Repository/Form_Selection_Creation/formDesign_SelectDate' to object with id 'TestObject - 'Object Repository/Form_Selection_Creation/group_area'' successfully

2019-02-20 16:36:35 - [TEST_STEP][PASSED] - setText(findTestObject("Form_Selection_Creation/formDesign_DateName_Text"), "This is a Date"): Text 'This is a Date' is set on object 'Object Repository/Form_Selection_Creation/formDesign_DateName_Text'

2019-02-20 16:36:35 - [MESSAGE][PASSED] - Text 'This is a Date' is set on object 'Object Repository/Form_Selection_Creation/formDesign_DateName_Text'

2019-02-20 16:36:35 - [TEST_STEP][PASSED] - Thread.sleep(2000): null

2019-02-20 16:36:37 - [TEST_STEP][PASSED] - dragAndDropToObject(findTestObject("Form_Selection_Creation/formDesign_SelectTime"), findTestObject("Form_Selection_Creation/group_area")): Dragged object with id 'Object Repository/Form_Selection_Creation/formDesign_SelectTime' to object with id 'TestObject - 'Object Repository/Form_Selection_Creation/group_area'' successfully

2019-02-20 16:36:38 - [MESSAGE][PASSED] - Dragged object with id 'Object Repository/Form_Selection_Creation/formDesign_SelectTime' to object with id 'TestObject - 'Object Repository/Form_Selection_Creation/group_area'' successfully

2019-02-20 16:36:38 - [TEST_STEP][PASSED] - setText(findTestObject("Form_Selection_Creation/formDesign_TimeName_text"), "This is a Time"): Text 'This is a Time' is set on object 'Object Repository/Form_Selection_Creation/formDesign_TimeName_text'

2019-02-20 16:36:39 - [MESSAGE][PASSED] - Text 'This is a Time' is set on object 'Object Repository/Form_Selection_Creation/formDesign_TimeName_text'

2019-02-20 16:36:39 - [TEST_STEP][PASSED] - Thread.sleep(2000): null

2019-02-20 16:36:41 - [TEST_STEP][PASSED] - dragAndDropToObject(findTestObject("Form_Selection_Creation/formDesign_SelectDateTime"), findTestObject("Form_Selection_Creation/group_area")): Dragged object with id 'Object Repository/Form_Selection_Creation/formDesign_SelectDateTime' to object with id 'TestObject - 'Object Repository/Form_Selection_Creation/group_area'' successfully

2019-02-20 16:36:42 - [MESSAGE][PASSED] - Dragged object with id 'Object Repository/Form_Selection_Creation/formDesign_SelectDateTime' to object with id 'TestObject - 'Object Repository/Form_Selection_Creation/group_area'' successfully

2019-02-20 16:36:42 - [TEST_STEP][PASSED] - setText(findTestObject("Form_Selection_Creation/formDesign_DateTimeName_Text"), "This is a Date-Time"): Text 'This is a Date-Time' is set on object 'Object Repository/Form_Selection_Creation/formDesign_DateTimeName_Text'

2019-02-20 16:36:42 - [MESSAGE][PASSED] - Text 'This is a Date-Time' is set on object 'Object Repository/Form_Selection_Creation/formDesign_DateTimeName_Text'

2019-02-20 16:36:42 - [TEST_STEP][PASSED] - Thread.sleep(2000): null

2019-02-20 16:36:44 - [TEST_STEP][PASSED] - click(findTestObject("Form_Selection_Creation/formCreation_NextToDesignForm")): Object: 'Object Repository/Form_Selection_Creation/formCreation_NextToDesignForm' is clicked on

2019-02-20 16:36:44 - [MESSAGE][PASSED] - Object: 'Object Repository/Form_Selection_Creation/formCreation_NextToDesignForm' is clicked on

2019-02-20 16:36:44 - [TEST_STEP][PASSED] - Thread.sleep(7000): null

2019-02-20 16:36:51 - [TEST_STEP][PASSED] - click(findTestObject("Form_Selection_Creation/div_Preview             Form1")): Object: 'Object Repository/Form_Selection_Creation/div_Preview             Form1' is clicked on

2019-02-20 16:36:52 - [MESSAGE][PASSED] - Object: 'Object Repository/Form_Selection_Creation/div_Preview             Form1' is clicked on

2019-02-20 16:36:52 - [TEST_STEP][PASSED] - Thread.sleep(5000): null

2019-02-20 16:36:57 - [TEST_STEP][PASSED] - click(findTestObject("Form_Selection_Creation/button_Release")): Object: 'Object Repository/Form_Selection_Creation/button_Release' is clicked on

2019-02-20 16:36:57 - [MESSAGE][PASSED] - Object: 'Object Repository/Form_Selection_Creation/button_Release' is clicked on

2019-02-20 16:36:57 - [TEST_STEP][PASSED] - Thread.sleep(6000): null]]></system-out>
         <system-err><![CDATA[]]></system-err>
      </testcase>
      <testcase name="Test Cases/SupplierFlow/2_CreateLocation" classname="Test Cases/SupplierFlow/2_CreateLocation" status="PASSED">
         <system-out><![CDATA[2019-02-20 16:37:03 - [TEST_CASE][PASSED] - Test Cases/SupplierFlow/2_CreateLocation: Test Cases/SupplierFlow/2_CreateLocation

2019-02-20 16:37:03 - [TEST_STEP][NOT_RUN] - openBrowser(URL): NOT_RUN: openBrowser(URL)

2019-02-20 16:37:03 - [MESSAGE][NOT_RUN] - NOT_RUN: openBrowser(URL)

2019-02-20 16:37:03 - [TEST_STEP][NOT_RUN] - maximizeWindow(): NOT_RUN: maximizeWindow()

2019-02-20 16:37:03 - [MESSAGE][NOT_RUN] - NOT_RUN: maximizeWindow()

2019-02-20 16:37:03 - [TEST_STEP][NOT_RUN] - setText(findTestObject("TestUserLocation/login_Username"), UserName1): NOT_RUN: setText(findTestObject("TestUserLocation/login_Username"), UserName1)

2019-02-20 16:37:03 - [MESSAGE][NOT_RUN] - NOT_RUN: setText(findTestObject("TestUserLocation/login_Username"), UserName1)

2019-02-20 16:37:03 - [TEST_STEP][NOT_RUN] - setText(findTestObject("TestUserLocation/login_Password"), Password111): NOT_RUN: setText(findTestObject("TestUserLocation/login_Password"), Password111)

2019-02-20 16:37:03 - [MESSAGE][NOT_RUN] - NOT_RUN: setText(findTestObject("TestUserLocation/login_Password"), Password111)

2019-02-20 16:37:03 - [TEST_STEP][PASSED] - Thread.sleep(2000): null

2019-02-20 16:37:05 - [TEST_STEP][PASSED] - AdminTool_Location.setLocationName(): AdminTool_Location.setLocationName is PASSED

2019-02-20 16:37:09 - [MESSAGE][PASSED] - AdminTool_Location.setLocationName is PASSED

2019-02-20 16:37:09 - [TEST_STEP][NOT_RUN] - click(findTestObject("TestUserLocation/login_Button")): NOT_RUN: click(findTestObject("TestUserLocation/login_Button"))

2019-02-20 16:37:09 - [MESSAGE][NOT_RUN] - NOT_RUN: click(findTestObject("TestUserLocation/login_Button"))

2019-02-20 16:37:09 - [TEST_STEP][PASSED] - Thread.sleep(4000): null

2019-02-20 16:37:13 - [TEST_STEP][PASSED] - AdminTool_Location.setLocationNameInLocation(): AdminTool_Location.setLocationNameInLocation is PASSED

2019-02-20 16:37:17 - [MESSAGE][PASSED] - AdminTool_Location.setLocationNameInLocation is PASSED

2019-02-20 16:37:17 - [TEST_STEP][PASSED] - click(findTestObject("TestUserLocation/mainmenu_button")): Object: 'Object Repository/TestUserLocation/mainmenu_button' is clicked on

2019-02-20 16:37:17 - [MESSAGE][PASSED] - Object: 'Object Repository/TestUserLocation/mainmenu_button' is clicked on

2019-02-20 16:37:17 - [TEST_STEP][NOT_RUN] - click(findTestObject("TestUserLocation/adminTool")): NOT_RUN: click(findTestObject("TestUserLocation/adminTool"))

2019-02-20 16:37:17 - [MESSAGE][NOT_RUN] - NOT_RUN: click(findTestObject("TestUserLocation/adminTool"))

2019-02-20 16:37:17 - [TEST_STEP][PASSED] - click(findTestObject("TestUserLocation/mainMenuResourceDesigner")): Object: 'Object Repository/TestUserLocation/mainMenuResourceDesigner' is clicked on

2019-02-20 16:37:18 - [MESSAGE][PASSED] - Object: 'Object Repository/TestUserLocation/mainMenuResourceDesigner' is clicked on

2019-02-20 16:37:18 - [TEST_STEP][PASSED] - Thread.sleep(4000): null

2019-02-20 16:37:22 - [TEST_STEP][PASSED] - click(findTestObject("TestUserLocation/locations")): Object: 'Object Repository/TestUserLocation/locations' is clicked on

2019-02-20 16:37:22 - [MESSAGE][PASSED] - Object: 'Object Repository/TestUserLocation/locations' is clicked on

2019-02-20 16:37:22 - [TEST_STEP][PASSED] - Thread.sleep(4000): null

2019-02-20 16:37:26 - [TEST_STEP][PASSED] - AdminTool_Location.moveCursor(): AdminTool_Location.moveCursor is PASSED

2019-02-20 16:37:26 - [MESSAGE][PASSED] - AdminTool_Location.moveCursor is PASSED

2019-02-20 16:37:26 - [TEST_STEP][PASSED] - Thread.sleep(2000): null

2019-02-20 16:37:28 - [TEST_STEP][NOT_RUN] - refresh(): NOT_RUN: refresh()

2019-02-20 16:37:28 - [MESSAGE][NOT_RUN] - NOT_RUN: refresh()

2019-02-20 16:37:28 - [TEST_STEP][NOT_RUN] - Thread.sleep(4000): NOT_RUN: Thread.sleep(4000)

2019-02-20 16:37:28 - [MESSAGE][NOT_RUN] - NOT_RUN: Thread.sleep(4000)

2019-02-20 16:37:28 - [TEST_STEP][PASSED] - click(findTestObject("TestUserLocation/categories")): Object: 'Object Repository/TestUserLocation/categories' is clicked on

2019-02-20 16:37:28 - [MESSAGE][PASSED] - Object: 'Object Repository/TestUserLocation/categories' is clicked on

2019-02-20 16:37:28 - [TEST_STEP][PASSED] - Thread.sleep(2000): null

2019-02-20 16:37:30 - [TEST_STEP][PASSED] - click(findTestObject("TestUserLocation/defaultArea")): Object: 'Object Repository/TestUserLocation/defaultArea' is clicked on

2019-02-20 16:37:30 - [MESSAGE][PASSED] - Object: 'Object Repository/TestUserLocation/defaultArea' is clicked on

2019-02-20 16:37:30 - [TEST_STEP][PASSED] - click(findTestObject("TestUserLocation/hoverHeading")): Object: 'Object Repository/TestUserLocation/hoverHeading' is clicked on

2019-02-20 16:37:30 - [MESSAGE][PASSED] - Object: 'Object Repository/TestUserLocation/hoverHeading' is clicked on

2019-02-20 16:37:30 - [TEST_STEP][PASSED] - click(findTestObject("TestUserLocation/addPlusIcon")): Object: 'Object Repository/TestUserLocation/addPlusIcon' is clicked on

2019-02-20 16:37:30 - [MESSAGE][PASSED] - Object: 'Object Repository/TestUserLocation/addPlusIcon' is clicked on

2019-02-20 16:37:30 - [TEST_STEP][PASSED] - setText(findTestObject("TestUserLocation/setNewName"), findTestData("LocationData").getValue("LocationName", 1)): Text 'Location_20/02/19-16:37' is set on object 'Object Repository/TestUserLocation/setNewName'

2019-02-20 16:37:31 - [MESSAGE][PASSED] - Text 'Location_20/02/19-16:37' is set on object 'Object Repository/TestUserLocation/setNewName'

2019-02-20 16:37:31 - [TEST_STEP][PASSED] - Thread.sleep(2000): null

2019-02-20 16:37:33 - [TEST_STEP][PASSED] - click(findTestObject("TestUserLocation/saveButton")): Object: 'Object Repository/TestUserLocation/saveButton' is clicked on

2019-02-20 16:37:33 - [MESSAGE][PASSED] - Object: 'Object Repository/TestUserLocation/saveButton' is clicked on

2019-02-20 16:37:33 - [TEST_STEP][PASSED] - Thread.sleep(4000): null

2019-02-20 16:37:37 - [TEST_STEP][PASSED] - click(findTestObject("TestUserLocation/mainmenu_button")): Object: 'Object Repository/TestUserLocation/mainmenu_button' is clicked on

2019-02-20 16:37:37 - [MESSAGE][PASSED] - Object: 'Object Repository/TestUserLocation/mainmenu_button' is clicked on

2019-02-20 16:37:37 - [TEST_STEP][PASSED] - click(findTestObject("TestUserLocation/mainMenuLocation")): Object: 'Object Repository/TestUserLocation/mainMenuLocation' is clicked on

2019-02-20 16:37:37 - [MESSAGE][PASSED] - Object: 'Object Repository/TestUserLocation/mainMenuLocation' is clicked on

2019-02-20 16:37:37 - [TEST_STEP][PASSED] - Thread.sleep(4000): null

2019-02-20 16:37:41 - [TEST_STEP][PASSED] - AdminTool_Location.selectLocation(): Element has been clicked

2019-02-20 16:37:46 - [MESSAGE][PASSED] - Element has been clicked

2019-02-20 16:37:46 - [TEST_STEP][PASSED] - click(findTestObject("TestUserLocation/addPlusIcon")): Object: 'Object Repository/TestUserLocation/addPlusIcon' is clicked on

2019-02-20 16:37:46 - [MESSAGE][PASSED] - Object: 'Object Repository/TestUserLocation/addPlusIcon' is clicked on

2019-02-20 16:37:46 - [TEST_STEP][PASSED] - Thread.sleep(2000): null

2019-02-20 16:37:48 - [TEST_STEP][PASSED] - setText(findTestObject("TestUserLocation/setNewName"), findTestData("LocationData").getValue("SubLocationName", 1)): Text 'SubLocation1_20/02/19-16:37' is set on object 'Object Repository/TestUserLocation/setNewName'

2019-02-20 16:37:48 - [MESSAGE][PASSED] - Text 'SubLocation1_20/02/19-16:37' is set on object 'Object Repository/TestUserLocation/setNewName'

2019-02-20 16:37:48 - [TEST_STEP][PASSED] - Thread.sleep(2000): null

2019-02-20 16:37:50 - [TEST_STEP][PASSED] - click(findTestObject("TestUserLocation/saveLocationDetailButton")): Object: 'Object Repository/TestUserLocation/saveLocationDetailButton' is clicked on

2019-02-20 16:37:50 - [MESSAGE][PASSED] - Object: 'Object Repository/TestUserLocation/saveLocationDetailButton' is clicked on

2019-02-20 16:37:50 - [TEST_STEP][PASSED] - Thread.sleep(4000): null

2019-02-20 16:37:54 - [TEST_STEP][PASSED] - click(findTestObject("TestUserLocation/customerSelect")): Object: 'Object Repository/TestUserLocation/customerSelect' is clicked on

2019-02-20 16:37:55 - [MESSAGE][PASSED] - Object: 'Object Repository/TestUserLocation/customerSelect' is clicked on

2019-02-20 16:37:55 - [TEST_STEP][PASSED] - Thread.sleep(4000): null

2019-02-20 16:37:59 - [TEST_STEP][PASSED] - check(findTestObject("TestUserLocation/select4ResouceInCustomer")): Object 'Object Repository/TestUserLocation/select4ResouceInCustomer' is checked

2019-02-20 16:37:59 - [MESSAGE][PASSED] - Object 'Object Repository/TestUserLocation/select4ResouceInCustomer' is checked

2019-02-20 16:37:59 - [TEST_STEP][PASSED] - Thread.sleep(2000): null

2019-02-20 16:38:01 - [TEST_STEP][PASSED] - click(findTestObject("TestUserLocation/saveLocationDetailButton")): Object: 'Object Repository/TestUserLocation/saveLocationDetailButton' is clicked on

2019-02-20 16:38:01 - [MESSAGE][PASSED] - Object: 'Object Repository/TestUserLocation/saveLocationDetailButton' is clicked on

2019-02-20 16:38:01 - [TEST_STEP][PASSED] - Thread.sleep(6000): null]]></system-out>
         <system-err><![CDATA[]]></system-err>
      </testcase>
      <testcase name="Test Cases/SupplierFlow/3_1_CreateResource_Supplier" classname="Test Cases/SupplierFlow/3_1_CreateResource_Supplier" status="PASSED">
         <system-out><![CDATA[2019-02-20 16:38:07 - [TEST_CASE][PASSED] - Test Cases/SupplierFlow/3_1_CreateResource_Supplier: Test Cases/SupplierFlow/3_1_CreateResource_Supplier

2019-02-20 16:38:07 - [TEST_STEP][NOT_RUN] - openBrowser(URL): NOT_RUN: openBrowser(URL)

2019-02-20 16:38:07 - [MESSAGE][NOT_RUN] - NOT_RUN: openBrowser(URL)

2019-02-20 16:38:07 - [TEST_STEP][NOT_RUN] - maximizeWindow(): NOT_RUN: maximizeWindow()

2019-02-20 16:38:07 - [MESSAGE][NOT_RUN] - NOT_RUN: maximizeWindow()

2019-02-20 16:38:07 - [TEST_STEP][NOT_RUN] - setText(findTestObject("TestUserLocation/login_Username"), UserName1): NOT_RUN: setText(findTestObject("TestUserLocation/login_Username"), UserName1)

2019-02-20 16:38:07 - [MESSAGE][NOT_RUN] - NOT_RUN: setText(findTestObject("TestUserLocation/login_Username"), UserName1)

2019-02-20 16:38:07 - [TEST_STEP][NOT_RUN] - setText(findTestObject("TestUserLocation/login_Password"), Password111): NOT_RUN: setText(findTestObject("TestUserLocation/login_Password"), Password111)

2019-02-20 16:38:07 - [MESSAGE][NOT_RUN] - NOT_RUN: setText(findTestObject("TestUserLocation/login_Password"), Password111)

2019-02-20 16:38:07 - [TEST_STEP][PASSED] - Thread.sleep(2000): null

2019-02-20 16:38:09 - [TEST_STEP][PASSED] - AdminTool_Location.setSupplierName(): AdminTool_Location.setSupplierName is PASSED

2019-02-20 16:38:09 - [MESSAGE][PASSED] - AdminTool_Location.setSupplierName is PASSED

2019-02-20 16:38:09 - [TEST_STEP][NOT_RUN] - click(findTestObject("TestUserLocation/login_Button")): NOT_RUN: click(findTestObject("TestUserLocation/login_Button"))

2019-02-20 16:38:09 - [MESSAGE][NOT_RUN] - NOT_RUN: click(findTestObject("TestUserLocation/login_Button"))

2019-02-20 16:38:09 - [TEST_STEP][PASSED] - Thread.sleep(4000): null

2019-02-20 16:38:13 - [TEST_STEP][PASSED] - click(findTestObject("TestUserLocation/mainmenu_button")): Object: 'Object Repository/TestUserLocation/mainmenu_button' is clicked on

2019-02-20 16:38:13 - [MESSAGE][PASSED] - Object: 'Object Repository/TestUserLocation/mainmenu_button' is clicked on

2019-02-20 16:38:13 - [TEST_STEP][NOT_RUN] - click(findTestObject("TestUserLocation/adminTool")): NOT_RUN: click(findTestObject("TestUserLocation/adminTool"))

2019-02-20 16:38:13 - [MESSAGE][NOT_RUN] - NOT_RUN: click(findTestObject("TestUserLocation/adminTool"))

2019-02-20 16:38:13 - [TEST_STEP][PASSED] - click(findTestObject("TestUserLocation/mainMenuResourceDesigner")): Object: 'Object Repository/TestUserLocation/mainMenuResourceDesigner' is clicked on

2019-02-20 16:38:14 - [MESSAGE][PASSED] - Object: 'Object Repository/TestUserLocation/mainMenuResourceDesigner' is clicked on

2019-02-20 16:38:14 - [TEST_STEP][PASSED] - Thread.sleep(4000): null

2019-02-20 16:38:18 - [TEST_STEP][PASSED] - click(findTestObject("TestResource/SuppliersDesign")): Object: 'Object Repository/TestResource/SuppliersDesign' is clicked on

2019-02-20 16:38:18 - [MESSAGE][PASSED] - Object: 'Object Repository/TestResource/SuppliersDesign' is clicked on

2019-02-20 16:38:18 - [TEST_STEP][PASSED] - Thread.sleep(4000): null

2019-02-20 16:38:22 - [TEST_STEP][PASSED] - click(findTestObject("TestUserLocation/categories")): Object: 'Object Repository/TestUserLocation/categories' is clicked on

2019-02-20 16:38:27 - [MESSAGE][PASSED] - Object: 'Object Repository/TestUserLocation/categories' is clicked on

2019-02-20 16:38:27 - [TEST_STEP][PASSED] - Thread.sleep(2000): null

2019-02-20 16:38:29 - [TEST_STEP][PASSED] - click(findTestObject("TestUserLocation/defaultArea")): Object: 'Object Repository/TestUserLocation/defaultArea' is clicked on

2019-02-20 16:38:29 - [MESSAGE][PASSED] - Object: 'Object Repository/TestUserLocation/defaultArea' is clicked on

2019-02-20 16:38:29 - [TEST_STEP][PASSED] - Thread.sleep(2000): null

2019-02-20 16:38:31 - [TEST_STEP][PASSED] - click(findTestObject("TestUserLocation/hoverHeading")): Object: 'Object Repository/TestUserLocation/hoverHeading' is clicked on

2019-02-20 16:38:31 - [MESSAGE][PASSED] - Object: 'Object Repository/TestUserLocation/hoverHeading' is clicked on

2019-02-20 16:38:31 - [TEST_STEP][PASSED] - click(findTestObject("TestUserLocation/addPlusIcon")): Object: 'Object Repository/TestUserLocation/addPlusIcon' is clicked on

2019-02-20 16:38:31 - [MESSAGE][PASSED] - Object: 'Object Repository/TestUserLocation/addPlusIcon' is clicked on

2019-02-20 16:38:31 - [TEST_STEP][PASSED] - setText(findTestObject("TestUserLocation/setNewName"), findTestData("LocationData").getValue("SuppliersName", 1)): Text 'Supplier_20/02/19-16:38' is set on object 'Object Repository/TestUserLocation/setNewName'

2019-02-20 16:38:32 - [MESSAGE][PASSED] - Text 'Supplier_20/02/19-16:38' is set on object 'Object Repository/TestUserLocation/setNewName'

2019-02-20 16:38:32 - [TEST_STEP][PASSED] - Thread.sleep(2000): null

2019-02-20 16:38:34 - [TEST_STEP][PASSED] - click(findTestObject("TestUserLocation/saveButton")): Object: 'Object Repository/TestUserLocation/saveButton' is clicked on

2019-02-20 16:38:34 - [MESSAGE][PASSED] - Object: 'Object Repository/TestUserLocation/saveButton' is clicked on

2019-02-20 16:38:34 - [TEST_STEP][PASSED] - Thread.sleep(4000): null

2019-02-20 16:38:38 - [TEST_STEP][PASSED] - Thread.sleep(4000): null

2019-02-20 16:38:42 - [TEST_STEP][PASSED] - click(findTestObject("TestUserLocation/mainmenu_button")): Object: 'Object Repository/TestUserLocation/mainmenu_button' is clicked on

2019-02-20 16:38:42 - [MESSAGE][PASSED] - Object: 'Object Repository/TestUserLocation/mainmenu_button' is clicked on

2019-02-20 16:38:42 - [TEST_STEP][PASSED] - click(findTestObject("TestResource/mainMenu_resources")): Object: 'Object Repository/TestResource/mainMenu_resources' is clicked on

2019-02-20 16:38:42 - [MESSAGE][PASSED] - Object: 'Object Repository/TestResource/mainMenu_resources' is clicked on

2019-02-20 16:38:42 - [TEST_STEP][PASSED] - Thread.sleep(4000): null

2019-02-20 16:38:46 - [TEST_STEP][PASSED] - click(findTestObject("TestResource/suppliers")): Object: 'Object Repository/TestResource/suppliers' is clicked on

2019-02-20 16:38:46 - [MESSAGE][PASSED] - Object: 'Object Repository/TestResource/suppliers' is clicked on

2019-02-20 16:38:46 - [TEST_STEP][PASSED] - Thread.sleep(4000): null

2019-02-20 16:38:50 - [TEST_STEP][PASSED] - AdminTool_Location.selectSupplier(): Element has been clicked

2019-02-20 16:39:18 - [MESSAGE][PASSED] - Element has been clicked

2019-02-20 16:39:18 - [TEST_STEP][PASSED] - Thread.sleep(4000): null

2019-02-20 16:39:22 - [TEST_STEP][NOT_RUN] - click(findTestObject("TestUserLocation/addPlusIcon")): NOT_RUN: click(findTestObject("TestUserLocation/addPlusIcon"))

2019-02-20 16:39:22 - [MESSAGE][NOT_RUN] - NOT_RUN: click(findTestObject("TestUserLocation/addPlusIcon"))

2019-02-20 16:39:22 - [TEST_STEP][NOT_RUN] - Thread.sleep(2000): NOT_RUN: Thread.sleep(2000)

2019-02-20 16:39:22 - [MESSAGE][NOT_RUN] - NOT_RUN: Thread.sleep(2000)

2019-02-20 16:39:22 - [TEST_STEP][NOT_RUN] - setText(findTestObject("TestUserLocation/setNewName"), findTestData("LocationData").getValue("SubSuppliersName1", 1)): NOT_RUN: setText(findTestObject("TestUserLocation/setNewName"), findTestData("LocationData").getValue("SubSuppliersName1", 1))

2019-02-20 16:39:22 - [MESSAGE][NOT_RUN] - NOT_RUN: setText(findTestObject("TestUserLocation/setNewName"), findTestData("LocationData").getValue("SubSuppliersName1", 1))

2019-02-20 16:39:22 - [TEST_STEP][NOT_RUN] - setText(findTestObject("TestResource/setPhoneNumber"), "912378456"): NOT_RUN: setText(findTestObject("TestResource/setPhoneNumber"), "912378456")

2019-02-20 16:39:22 - [MESSAGE][NOT_RUN] - NOT_RUN: setText(findTestObject("TestResource/setPhoneNumber"), "912378456")

2019-02-20 16:39:22 - [TEST_STEP][NOT_RUN] - Thread.sleep(2000): NOT_RUN: Thread.sleep(2000)

2019-02-20 16:39:22 - [MESSAGE][NOT_RUN] - NOT_RUN: Thread.sleep(2000)

2019-02-20 16:39:22 - [TEST_STEP][NOT_RUN] - click(findTestObject("TestResource/saveDetailButton")): NOT_RUN: click(findTestObject("TestResource/saveDetailButton"))

2019-02-20 16:39:22 - [MESSAGE][NOT_RUN] - NOT_RUN: click(findTestObject("TestResource/saveDetailButton"))

2019-02-20 16:39:22 - [TEST_STEP][NOT_RUN] - Thread.sleep(7000): NOT_RUN: Thread.sleep(7000)

2019-02-20 16:39:22 - [MESSAGE][NOT_RUN] - NOT_RUN: Thread.sleep(7000)

2019-02-20 16:39:22 - [TEST_STEP][NOT_RUN] - click(findTestObject("TestResource/disableResource")): NOT_RUN: click(findTestObject("TestResource/disableResource"))

2019-02-20 16:39:22 - [MESSAGE][NOT_RUN] - NOT_RUN: click(findTestObject("TestResource/disableResource"))

2019-02-20 16:39:22 - [TEST_STEP][NOT_RUN] - Thread.sleep(2000): NOT_RUN: Thread.sleep(2000)

2019-02-20 16:39:22 - [MESSAGE][NOT_RUN] - NOT_RUN: Thread.sleep(2000)

2019-02-20 16:39:22 - [TEST_STEP][NOT_RUN] - click(findTestObject("TestResource/button2Yes")): NOT_RUN: click(findTestObject("TestResource/button2Yes"))

2019-02-20 16:39:22 - [MESSAGE][NOT_RUN] - NOT_RUN: click(findTestObject("TestResource/button2Yes"))

2019-02-20 16:39:22 - [TEST_STEP][NOT_RUN] - Thread.sleep(2000): NOT_RUN: Thread.sleep(2000)

2019-02-20 16:39:22 - [MESSAGE][NOT_RUN] - NOT_RUN: Thread.sleep(2000)

2019-02-20 16:39:22 - [TEST_STEP][NOT_RUN] - click(findTestObject("TestResource/saveDetailButton")): NOT_RUN: click(findTestObject("TestResource/saveDetailButton"))

2019-02-20 16:39:22 - [MESSAGE][NOT_RUN] - NOT_RUN: click(findTestObject("TestResource/saveDetailButton"))

2019-02-20 16:39:22 - [TEST_STEP][NOT_RUN] - Thread.sleep(7000): NOT_RUN: Thread.sleep(7000)

2019-02-20 16:39:22 - [MESSAGE][NOT_RUN] - NOT_RUN: Thread.sleep(7000)

2019-02-20 16:39:22 - [TEST_STEP][NOT_RUN] - click(findTestObject("TestResource/linksTab")): NOT_RUN: click(findTestObject("TestResource/linksTab"))

2019-02-20 16:39:22 - [MESSAGE][NOT_RUN] - NOT_RUN: click(findTestObject("TestResource/linksTab"))

2019-02-20 16:39:22 - [TEST_STEP][NOT_RUN] - Thread.sleep(2000): NOT_RUN: Thread.sleep(2000)

2019-02-20 16:39:22 - [MESSAGE][NOT_RUN] - NOT_RUN: Thread.sleep(2000)

2019-02-20 16:39:22 - [TEST_STEP][NOT_RUN] - click(findTestObject("TestResource/addLink")): NOT_RUN: click(findTestObject("TestResource/addLink"))

2019-02-20 16:39:22 - [MESSAGE][NOT_RUN] - NOT_RUN: click(findTestObject("TestResource/addLink"))

2019-02-20 16:39:22 - [TEST_STEP][NOT_RUN] - Thread.sleep(5000): NOT_RUN: Thread.sleep(5000)

2019-02-20 16:39:22 - [MESSAGE][NOT_RUN] - NOT_RUN: Thread.sleep(5000)

2019-02-20 16:39:22 - [TEST_STEP][NOT_RUN] - check(findTestObject("TestResource/selectSecondResourceToLink")): NOT_RUN: check(findTestObject("TestResource/selectSecondResourceToLink"))

2019-02-20 16:39:22 - [MESSAGE][NOT_RUN] - NOT_RUN: check(findTestObject("TestResource/selectSecondResourceToLink"))

2019-02-20 16:39:22 - [TEST_STEP][NOT_RUN] - AdminTool_Location.resourceLinkName(): NOT_RUN: AdminTool_Location.resourceLinkName()

2019-02-20 16:39:22 - [MESSAGE][NOT_RUN] - NOT_RUN: AdminTool_Location.resourceLinkName()

2019-02-20 16:39:22 - [TEST_STEP][NOT_RUN] - Thread.sleep(2000): NOT_RUN: Thread.sleep(2000)

2019-02-20 16:39:22 - [MESSAGE][NOT_RUN] - NOT_RUN: Thread.sleep(2000)

2019-02-20 16:39:22 - [TEST_STEP][NOT_RUN] - click(findTestObject("TestResource/button2Save")): NOT_RUN: click(findTestObject("TestResource/button2Save"))

2019-02-20 16:39:22 - [MESSAGE][NOT_RUN] - NOT_RUN: click(findTestObject("TestResource/button2Save"))

2019-02-20 16:39:22 - [TEST_STEP][NOT_RUN] - Thread.sleep(4000): NOT_RUN: Thread.sleep(4000)

2019-02-20 16:39:22 - [MESSAGE][NOT_RUN] - NOT_RUN: Thread.sleep(4000)

2019-02-20 16:39:22 - [TEST_STEP][NOT_RUN] - click(findTestObject("TestResource/locationTab")): NOT_RUN: click(findTestObject("TestResource/locationTab"))

2019-02-20 16:39:22 - [MESSAGE][NOT_RUN] - NOT_RUN: click(findTestObject("TestResource/locationTab"))

2019-02-20 16:39:22 - [TEST_STEP][NOT_RUN] - Thread.sleep(5000): NOT_RUN: Thread.sleep(5000)

2019-02-20 16:39:22 - [MESSAGE][NOT_RUN] - NOT_RUN: Thread.sleep(5000)

2019-02-20 16:39:22 - [TEST_STEP][NOT_RUN] - AdminTool_Location.checkLocation(): NOT_RUN: AdminTool_Location.checkLocation()

2019-02-20 16:39:22 - [MESSAGE][NOT_RUN] - NOT_RUN: AdminTool_Location.checkLocation()

2019-02-20 16:39:22 - [TEST_STEP][NOT_RUN] - Thread.sleep(4000): NOT_RUN: Thread.sleep(4000)

2019-02-20 16:39:22 - [MESSAGE][NOT_RUN] - NOT_RUN: Thread.sleep(4000)

2019-02-20 16:39:22 - [TEST_STEP][NOT_RUN] - click(findTestObject("TestResource/saveLocation")): NOT_RUN: click(findTestObject("TestResource/saveLocation"))

2019-02-20 16:39:22 - [MESSAGE][NOT_RUN] - NOT_RUN: click(findTestObject("TestResource/saveLocation"))

2019-02-20 16:39:22 - [TEST_STEP][NOT_RUN] - click(findTestObject("TestUserLocation/mainmenu_button")): NOT_RUN: click(findTestObject("TestUserLocation/mainmenu_button"))

2019-02-20 16:39:22 - [MESSAGE][NOT_RUN] - NOT_RUN: click(findTestObject("TestUserLocation/mainmenu_button"))

2019-02-20 16:39:22 - [TEST_STEP][NOT_RUN] - click(findTestObject("TestResource/mainMenu_resources")): NOT_RUN: click(findTestObject("TestResource/mainMenu_resources"))

2019-02-20 16:39:22 - [MESSAGE][NOT_RUN] - NOT_RUN: click(findTestObject("TestResource/mainMenu_resources"))

2019-02-20 16:39:22 - [TEST_STEP][NOT_RUN] - Thread.sleep(4000): NOT_RUN: Thread.sleep(4000)

2019-02-20 16:39:22 - [MESSAGE][NOT_RUN] - NOT_RUN: Thread.sleep(4000)

2019-02-20 16:39:22 - [TEST_STEP][NOT_RUN] - click(findTestObject("TestResource/suppliers")): NOT_RUN: click(findTestObject("TestResource/suppliers"))

2019-02-20 16:39:22 - [MESSAGE][NOT_RUN] - NOT_RUN: click(findTestObject("TestResource/suppliers"))

2019-02-20 16:39:22 - [TEST_STEP][NOT_RUN] - Thread.sleep(4000): NOT_RUN: Thread.sleep(4000)

2019-02-20 16:39:22 - [MESSAGE][NOT_RUN] - NOT_RUN: Thread.sleep(4000)

2019-02-20 16:39:22 - [TEST_STEP][NOT_RUN] - AdminTool_Location.selectSupplier(): NOT_RUN: AdminTool_Location.selectSupplier()

2019-02-20 16:39:22 - [MESSAGE][NOT_RUN] - NOT_RUN: AdminTool_Location.selectSupplier()

2019-02-20 16:39:22 - [TEST_STEP][NOT_RUN] - Thread.sleep(4000): NOT_RUN: Thread.sleep(4000)

2019-02-20 16:39:22 - [MESSAGE][NOT_RUN] - NOT_RUN: Thread.sleep(4000)

2019-02-20 16:39:22 - [TEST_STEP][PASSED] - click(findTestObject("TestUserLocation/addPlusIcon")): Object: 'Object Repository/TestUserLocation/addPlusIcon' is clicked on

2019-02-20 16:39:22 - [MESSAGE][PASSED] - Object: 'Object Repository/TestUserLocation/addPlusIcon' is clicked on

2019-02-20 16:39:22 - [TEST_STEP][PASSED] - Thread.sleep(2000): null

2019-02-20 16:39:24 - [TEST_STEP][PASSED] - setText(findTestObject("TestUserLocation/setNewName"), findTestData("LocationData").getValue("SubSuppliersName2", 1)): Text 'SubSupplier2_20/02/19-16:38' is set on object 'Object Repository/TestUserLocation/setNewName'

2019-02-20 16:39:25 - [MESSAGE][PASSED] - Text 'SubSupplier2_20/02/19-16:38' is set on object 'Object Repository/TestUserLocation/setNewName'

2019-02-20 16:39:25 - [TEST_STEP][NOT_RUN] - setText(findTestObject("TestResource/setPhoneNumber"), "912378456"): NOT_RUN: setText(findTestObject("TestResource/setPhoneNumber"), "912378456")

2019-02-20 16:39:25 - [MESSAGE][NOT_RUN] - NOT_RUN: setText(findTestObject("TestResource/setPhoneNumber"), "912378456")

2019-02-20 16:39:25 - [TEST_STEP][PASSED] - Thread.sleep(2000): null

2019-02-20 16:39:27 - [TEST_STEP][PASSED] - Submission.createResource(): Submission.createResource is PASSED

2019-02-20 16:39:33 - [MESSAGE][PASSED] - Submission.createResource is PASSED

2019-02-20 16:39:33 - [TEST_STEP][PASSED] - Thread.sleep(2000): null

2019-02-20 16:39:35 - [TEST_STEP][PASSED] - click(findTestObject("TestResource/saveDetailButton")): Object: 'Object Repository/TestResource/saveDetailButton' is clicked on

2019-02-20 16:39:35 - [MESSAGE][PASSED] - Object: 'Object Repository/TestResource/saveDetailButton' is clicked on

2019-02-20 16:39:35 - [TEST_STEP][PASSED] - Thread.sleep(7000): null

2019-02-20 16:39:42 - [TEST_STEP][PASSED] - click(findTestObject("TestResource/linksTab")): Object: 'Object Repository/TestResource/linksTab' is clicked on

2019-02-20 16:39:42 - [MESSAGE][PASSED] - Object: 'Object Repository/TestResource/linksTab' is clicked on

2019-02-20 16:39:42 - [TEST_STEP][PASSED] - Thread.sleep(2000): null

2019-02-20 16:39:44 - [TEST_STEP][PASSED] - click(findTestObject("TestResource/addLink")): Object: 'Object Repository/TestResource/addLink' is clicked on

2019-02-20 16:39:44 - [MESSAGE][PASSED] - Object: 'Object Repository/TestResource/addLink' is clicked on

2019-02-20 16:39:44 - [TEST_STEP][PASSED] - Thread.sleep(5000): null

2019-02-20 16:39:49 - [TEST_STEP][PASSED] - check(findTestObject("TestResource/selectSecondResourceToLink")): Object 'Object Repository/TestResource/selectSecondResourceToLink' is checked

2019-02-20 16:39:50 - [MESSAGE][PASSED] - Object 'Object Repository/TestResource/selectSecondResourceToLink' is checked

2019-02-20 16:39:50 - [TEST_STEP][PASSED] - AdminTool_Location.resourceLinkName(): AdminTool_Location.resourceLinkName is PASSED

2019-02-20 16:39:50 - [MESSAGE][PASSED] - AdminTool_Location.resourceLinkName is PASSED

2019-02-20 16:39:50 - [TEST_STEP][PASSED] - Thread.sleep(2000): null

2019-02-20 16:39:52 - [TEST_STEP][PASSED] - click(findTestObject("TestResource/button2Save")): Object: 'Object Repository/TestResource/button2Save' is clicked on

2019-02-20 16:39:52 - [MESSAGE][PASSED] - Object: 'Object Repository/TestResource/button2Save' is clicked on

2019-02-20 16:39:52 - [TEST_STEP][PASSED] - Thread.sleep(4000): null

2019-02-20 16:39:56 - [TEST_STEP][PASSED] - click(findTestObject("TestResource/locationTab")): Object: 'Object Repository/TestResource/locationTab' is clicked on

2019-02-20 16:39:56 - [MESSAGE][PASSED] - Object: 'Object Repository/TestResource/locationTab' is clicked on

2019-02-20 16:39:56 - [TEST_STEP][PASSED] - Thread.sleep(5000): null

2019-02-20 16:40:01 - [TEST_STEP][PASSED] - AdminTool_Location.checkLocation(): AdminTool_Location.checkLocation is PASSED

2019-02-20 16:40:03 - [MESSAGE][PASSED] - AdminTool_Location.checkLocation is PASSED

2019-02-20 16:40:03 - [TEST_STEP][PASSED] - Thread.sleep(4000): null

2019-02-20 16:40:07 - [TEST_STEP][PASSED] - click(findTestObject("TestResource/saveLocation")): Object: 'Object Repository/TestResource/saveLocation' is clicked on

2019-02-20 16:40:07 - [MESSAGE][PASSED] - Object: 'Object Repository/TestResource/saveLocation' is clicked on

2019-02-20 16:40:07 - [TEST_STEP][PASSED] - Thread.sleep(6000): null]]></system-out>
         <system-err><![CDATA[]]></system-err>
      </testcase>
      <testcase name="Test Cases/SupplierFlow/3_2_CreateResource_Items" classname="Test Cases/SupplierFlow/3_2_CreateResource_Items" status="PASSED">
         <system-out><![CDATA[2019-02-20 16:40:13 - [TEST_CASE][PASSED] - Test Cases/SupplierFlow/3_2_CreateResource_Items: Test Cases/SupplierFlow/3_2_CreateResource_Items

2019-02-20 16:40:14 - [TEST_STEP][NOT_RUN] - openBrowser(URL): NOT_RUN: openBrowser(URL)

2019-02-20 16:40:14 - [MESSAGE][NOT_RUN] - NOT_RUN: openBrowser(URL)

2019-02-20 16:40:14 - [TEST_STEP][NOT_RUN] - maximizeWindow(): NOT_RUN: maximizeWindow()

2019-02-20 16:40:14 - [MESSAGE][NOT_RUN] - NOT_RUN: maximizeWindow()

2019-02-20 16:40:14 - [TEST_STEP][NOT_RUN] - setText(findTestObject("TestUserLocation/login_Username"), UserName1): NOT_RUN: setText(findTestObject("TestUserLocation/login_Username"), UserName1)

2019-02-20 16:40:14 - [MESSAGE][NOT_RUN] - NOT_RUN: setText(findTestObject("TestUserLocation/login_Username"), UserName1)

2019-02-20 16:40:14 - [TEST_STEP][NOT_RUN] - setText(findTestObject("TestUserLocation/login_Password"), Password1): NOT_RUN: setText(findTestObject("TestUserLocation/login_Password"), Password1)

2019-02-20 16:40:14 - [MESSAGE][NOT_RUN] - NOT_RUN: setText(findTestObject("TestUserLocation/login_Password"), Password1)

2019-02-20 16:40:14 - [TEST_STEP][PASSED] - AdminTool_Location.setItemName(): AdminTool_Location.setItemName is PASSED

2019-02-20 16:40:14 - [MESSAGE][PASSED] - AdminTool_Location.setItemName is PASSED

2019-02-20 16:40:14 - [TEST_STEP][NOT_RUN] - click(findTestObject("TestUserLocation/login_Button")): NOT_RUN: click(findTestObject("TestUserLocation/login_Button"))

2019-02-20 16:40:14 - [MESSAGE][NOT_RUN] - NOT_RUN: click(findTestObject("TestUserLocation/login_Button"))

2019-02-20 16:40:14 - [TEST_STEP][PASSED] - Thread.sleep(4000): null

2019-02-20 16:40:18 - [TEST_STEP][PASSED] - click(findTestObject("TestUserLocation/mainmenu_button")): Object: 'Object Repository/TestUserLocation/mainmenu_button' is clicked on

2019-02-20 16:40:18 - [MESSAGE][PASSED] - Object: 'Object Repository/TestUserLocation/mainmenu_button' is clicked on

2019-02-20 16:40:18 - [TEST_STEP][NOT_RUN] - click(findTestObject("TestUserLocation/adminTool")): NOT_RUN: click(findTestObject("TestUserLocation/adminTool"))

2019-02-20 16:40:18 - [MESSAGE][NOT_RUN] - NOT_RUN: click(findTestObject("TestUserLocation/adminTool"))

2019-02-20 16:40:18 - [TEST_STEP][PASSED] - click(findTestObject("TestUserLocation/mainMenuResourceDesigner")): Object: 'Object Repository/TestUserLocation/mainMenuResourceDesigner' is clicked on

2019-02-20 16:40:18 - [MESSAGE][PASSED] - Object: 'Object Repository/TestUserLocation/mainMenuResourceDesigner' is clicked on

2019-02-20 16:40:18 - [TEST_STEP][PASSED] - Thread.sleep(4000): null

2019-02-20 16:40:22 - [TEST_STEP][PASSED] - click(findTestObject("TestResource/items")): Object: 'Object Repository/TestResource/items' is clicked on

2019-02-20 16:40:22 - [MESSAGE][PASSED] - Object: 'Object Repository/TestResource/items' is clicked on

2019-02-20 16:40:22 - [TEST_STEP][PASSED] - Thread.sleep(4000): null

2019-02-20 16:40:26 - [TEST_STEP][PASSED] - waitForElementClickable(findTestObject("TestUserLocation/categories"), 45): Object 'Object Repository/TestUserLocation/categories' is clickable

2019-02-20 16:40:26 - [MESSAGE][PASSED] - Object 'Object Repository/TestUserLocation/categories' is clickable

2019-02-20 16:40:26 - [TEST_STEP][PASSED] - click(findTestObject("TestUserLocation/categories")): Object: 'Object Repository/TestUserLocation/categories' is clicked on

2019-02-20 16:40:26 - [MESSAGE][PASSED] - Object: 'Object Repository/TestUserLocation/categories' is clicked on

2019-02-20 16:40:26 - [TEST_STEP][PASSED] - Thread.sleep(2000): null

2019-02-20 16:40:28 - [TEST_STEP][PASSED] - click(findTestObject("TestUserLocation/defaultArea")): Object: 'Object Repository/TestUserLocation/defaultArea' is clicked on

2019-02-20 16:40:29 - [MESSAGE][PASSED] - Object: 'Object Repository/TestUserLocation/defaultArea' is clicked on

2019-02-20 16:40:29 - [TEST_STEP][PASSED] - Thread.sleep(2000): null

2019-02-20 16:40:31 - [TEST_STEP][PASSED] - click(findTestObject("TestUserLocation/hoverHeading")): Object: 'Object Repository/TestUserLocation/hoverHeading' is clicked on

2019-02-20 16:40:31 - [MESSAGE][PASSED] - Object: 'Object Repository/TestUserLocation/hoverHeading' is clicked on

2019-02-20 16:40:31 - [TEST_STEP][PASSED] - click(findTestObject("TestUserLocation/addPlusIcon")): Object: 'Object Repository/TestUserLocation/addPlusIcon' is clicked on

2019-02-20 16:40:31 - [MESSAGE][PASSED] - Object: 'Object Repository/TestUserLocation/addPlusIcon' is clicked on

2019-02-20 16:40:31 - [TEST_STEP][PASSED] - setText(findTestObject("TestUserLocation/setNewName"), findTestData("LocationData").getValue("ItemsName", 1)): Text 'Item_20/02/19-16:40' is set on object 'Object Repository/TestUserLocation/setNewName'

2019-02-20 16:40:31 - [MESSAGE][PASSED] - Text 'Item_20/02/19-16:40' is set on object 'Object Repository/TestUserLocation/setNewName'

2019-02-20 16:40:31 - [TEST_STEP][PASSED] - Thread.sleep(2000): null

2019-02-20 16:40:33 - [TEST_STEP][PASSED] - click(findTestObject("TestUserLocation/saveButton")): Object: 'Object Repository/TestUserLocation/saveButton' is clicked on

2019-02-20 16:40:33 - [MESSAGE][PASSED] - Object: 'Object Repository/TestUserLocation/saveButton' is clicked on

2019-02-20 16:40:33 - [TEST_STEP][PASSED] - Thread.sleep(4000): null

2019-02-20 16:40:37 - [TEST_STEP][PASSED] - Thread.sleep(4000): null

2019-02-20 16:40:41 - [TEST_STEP][PASSED] - click(findTestObject("TestUserLocation/mainmenu_button")): Object: 'Object Repository/TestUserLocation/mainmenu_button' is clicked on

2019-02-20 16:40:41 - [MESSAGE][PASSED] - Object: 'Object Repository/TestUserLocation/mainmenu_button' is clicked on

2019-02-20 16:40:41 - [TEST_STEP][PASSED] - click(findTestObject("TestResource/mainMenu_resources")): Object: 'Object Repository/TestResource/mainMenu_resources' is clicked on

2019-02-20 16:40:41 - [MESSAGE][PASSED] - Object: 'Object Repository/TestResource/mainMenu_resources' is clicked on

2019-02-20 16:40:41 - [TEST_STEP][PASSED] - Thread.sleep(4000): null

2019-02-20 16:40:45 - [TEST_STEP][PASSED] - click(findTestObject("TestResource/items")): Object: 'Object Repository/TestResource/items' is clicked on

2019-02-20 16:40:46 - [MESSAGE][PASSED] - Object: 'Object Repository/TestResource/items' is clicked on

2019-02-20 16:40:46 - [TEST_STEP][PASSED] - Thread.sleep(4000): null

2019-02-20 16:40:50 - [TEST_STEP][PASSED] - AdminTool_Location.selectItem(): Element has been clicked

2019-02-20 16:40:54 - [MESSAGE][PASSED] - Element has been clicked

2019-02-20 16:40:54 - [TEST_STEP][PASSED] - Thread.sleep(4000): null

2019-02-20 16:40:58 - [TEST_STEP][PASSED] - waitForElementClickable(findTestObject("TestUserLocation/addPlusIcon"), 45): Object 'Object Repository/TestUserLocation/addPlusIcon' is clickable

2019-02-20 16:40:58 - [MESSAGE][PASSED] - Object 'Object Repository/TestUserLocation/addPlusIcon' is clickable

2019-02-20 16:40:58 - [TEST_STEP][PASSED] - click(findTestObject("TestUserLocation/addPlusIcon")): Object: 'Object Repository/TestUserLocation/addPlusIcon' is clicked on

2019-02-20 16:41:03 - [MESSAGE][PASSED] - Object: 'Object Repository/TestUserLocation/addPlusIcon' is clicked on

2019-02-20 16:41:03 - [TEST_STEP][PASSED] - Thread.sleep(2000): null

2019-02-20 16:41:05 - [TEST_STEP][PASSED] - setText(findTestObject("TestUserLocation/setNewName"), findTestData("LocationData").getValue("SubItemsName1", 1)): Text 'SubItem1_20/02/19-16:40' is set on object 'Object Repository/TestUserLocation/setNewName'

2019-02-20 16:41:05 - [MESSAGE][PASSED] - Text 'SubItem1_20/02/19-16:40' is set on object 'Object Repository/TestUserLocation/setNewName'

2019-02-20 16:41:05 - [TEST_STEP][NOT_RUN] - setText(findTestObject("TestResource/setPhoneNumber"), "912378456"): NOT_RUN: setText(findTestObject("TestResource/setPhoneNumber"), "912378456")

2019-02-20 16:41:05 - [MESSAGE][NOT_RUN] - NOT_RUN: setText(findTestObject("TestResource/setPhoneNumber"), "912378456")

2019-02-20 16:41:05 - [TEST_STEP][PASSED] - Thread.sleep(2000): null

2019-02-20 16:41:07 - [TEST_STEP][PASSED] - Submission.createResource(): Submission.createResource is PASSED

2019-02-20 16:41:14 - [MESSAGE][PASSED] - Submission.createResource is PASSED

2019-02-20 16:41:14 - [TEST_STEP][PASSED] - Thread.sleep(2000): null

2019-02-20 16:41:16 - [TEST_STEP][PASSED] - click(findTestObject("TestResource/saveDetailButton")): Object: 'Object Repository/TestResource/saveDetailButton' is clicked on

2019-02-20 16:41:16 - [MESSAGE][PASSED] - Object: 'Object Repository/TestResource/saveDetailButton' is clicked on

2019-02-20 16:41:16 - [TEST_STEP][NOT_RUN] - Thread.sleep(7000): NOT_RUN: Thread.sleep(7000)

2019-02-20 16:41:16 - [MESSAGE][NOT_RUN] - NOT_RUN: Thread.sleep(7000)

2019-02-20 16:41:16 - [TEST_STEP][NOT_RUN] - click(findTestObject("TestResource/disableResource")): NOT_RUN: click(findTestObject("TestResource/disableResource"))

2019-02-20 16:41:16 - [MESSAGE][NOT_RUN] - NOT_RUN: click(findTestObject("TestResource/disableResource"))

2019-02-20 16:41:16 - [TEST_STEP][NOT_RUN] - Thread.sleep(2000): NOT_RUN: Thread.sleep(2000)

2019-02-20 16:41:16 - [MESSAGE][NOT_RUN] - NOT_RUN: Thread.sleep(2000)

2019-02-20 16:41:16 - [TEST_STEP][NOT_RUN] - click(findTestObject("TestResource/button2Yes")): NOT_RUN: click(findTestObject("TestResource/button2Yes"))

2019-02-20 16:41:16 - [MESSAGE][NOT_RUN] - NOT_RUN: click(findTestObject("TestResource/button2Yes"))

2019-02-20 16:41:16 - [TEST_STEP][NOT_RUN] - Thread.sleep(2000): NOT_RUN: Thread.sleep(2000)

2019-02-20 16:41:16 - [MESSAGE][NOT_RUN] - NOT_RUN: Thread.sleep(2000)

2019-02-20 16:41:16 - [TEST_STEP][NOT_RUN] - click(findTestObject("TestResource/saveDetailButton")): NOT_RUN: click(findTestObject("TestResource/saveDetailButton"))

2019-02-20 16:41:16 - [MESSAGE][NOT_RUN] - NOT_RUN: click(findTestObject("TestResource/saveDetailButton"))

2019-02-20 16:41:16 - [TEST_STEP][PASSED] - Thread.sleep(7000): null

2019-02-20 16:41:23 - [TEST_STEP][PASSED] - click(findTestObject("TestResource/linksTab")): Object: 'Object Repository/TestResource/linksTab' is clicked on

2019-02-20 16:41:23 - [MESSAGE][PASSED] - Object: 'Object Repository/TestResource/linksTab' is clicked on

2019-02-20 16:41:23 - [TEST_STEP][PASSED] - Thread.sleep(2000): null

2019-02-20 16:41:25 - [TEST_STEP][PASSED] - click(findTestObject("TestResource/addLink")): Object: 'Object Repository/TestResource/addLink' is clicked on

2019-02-20 16:41:25 - [MESSAGE][PASSED] - Object: 'Object Repository/TestResource/addLink' is clicked on

2019-02-20 16:41:25 - [TEST_STEP][PASSED] - Thread.sleep(5000): null

2019-02-20 16:41:30 - [TEST_STEP][PASSED] - check(findTestObject("TestResource/selectSecondResourceToLink")): Object 'Object Repository/TestResource/selectSecondResourceToLink' is checked

2019-02-20 16:41:30 - [MESSAGE][PASSED] - Object 'Object Repository/TestResource/selectSecondResourceToLink' is checked

2019-02-20 16:41:30 - [TEST_STEP][PASSED] - AdminTool_Location.resourceLinkName(): AdminTool_Location.resourceLinkName is PASSED

2019-02-20 16:41:30 - [MESSAGE][PASSED] - AdminTool_Location.resourceLinkName is PASSED

2019-02-20 16:41:30 - [TEST_STEP][PASSED] - Thread.sleep(2000): null

2019-02-20 16:41:32 - [TEST_STEP][PASSED] - click(findTestObject("TestResource/button2Save")): Object: 'Object Repository/TestResource/button2Save' is clicked on

2019-02-20 16:41:32 - [MESSAGE][PASSED] - Object: 'Object Repository/TestResource/button2Save' is clicked on

2019-02-20 16:41:32 - [TEST_STEP][PASSED] - Thread.sleep(4000): null

2019-02-20 16:41:36 - [TEST_STEP][PASSED] - click(findTestObject("TestResource/supplierTab")): Object: 'Object Repository/TestResource/supplierTab' is clicked on

2019-02-20 16:41:36 - [MESSAGE][PASSED] - Object: 'Object Repository/TestResource/supplierTab' is clicked on

2019-02-20 16:41:36 - [TEST_STEP][PASSED] - Thread.sleep(4000): null

2019-02-20 16:41:40 - [TEST_STEP][PASSED] - click(findTestObject("TestResource/selectNewSupplier")): Object: 'Object Repository/TestResource/selectNewSupplier' is clicked on

2019-02-20 16:41:41 - [MESSAGE][PASSED] - Object: 'Object Repository/TestResource/selectNewSupplier' is clicked on

2019-02-20 16:41:41 - [TEST_STEP][PASSED] - Thread.sleep(2000): null

2019-02-20 16:41:43 - [TEST_STEP][PASSED] - Supplier.selectSupplierInItem(): Supplier.selectSupplierInItem is PASSED

2019-02-20 16:41:43 - [MESSAGE][PASSED] - Supplier.selectSupplierInItem is PASSED

2019-02-20 16:41:43 - [TEST_STEP][PASSED] - Thread.sleep(2000): null

2019-02-20 16:41:45 - [TEST_STEP][PASSED] - click(findTestObject("TestResource/saveButton")): Object: 'Object Repository/TestResource/saveButton' is clicked on

2019-02-20 16:41:45 - [MESSAGE][PASSED] - Object: 'Object Repository/TestResource/saveButton' is clicked on

2019-02-20 16:41:45 - [TEST_STEP][PASSED] - Thread.sleep(4000): null

2019-02-20 16:41:49 - [TEST_STEP][PASSED] - click(findTestObject("TestResource/locationTab")): Object: 'Object Repository/TestResource/locationTab' is clicked on

2019-02-20 16:41:49 - [MESSAGE][PASSED] - Object: 'Object Repository/TestResource/locationTab' is clicked on

2019-02-20 16:41:49 - [TEST_STEP][PASSED] - AdminTool_Location.moveCursor(): AdminTool_Location.moveCursor is PASSED

2019-02-20 16:41:49 - [MESSAGE][PASSED] - AdminTool_Location.moveCursor is PASSED

2019-02-20 16:41:49 - [TEST_STEP][PASSED] - Thread.sleep(2000): null

2019-02-20 16:41:51 - [TEST_STEP][PASSED] - Thread.sleep(5000): null

2019-02-20 16:41:56 - [TEST_STEP][PASSED] - AdminTool_Location.checkLocation(): AdminTool_Location.checkLocation is PASSED

2019-02-20 16:41:58 - [MESSAGE][PASSED] - AdminTool_Location.checkLocation is PASSED

2019-02-20 16:41:58 - [TEST_STEP][PASSED] - Thread.sleep(4000): null

2019-02-20 16:42:02 - [TEST_STEP][PASSED] - click(findTestObject("TestResource/saveLocation")): Object: 'Object Repository/TestResource/saveLocation' is clicked on

2019-02-20 16:42:02 - [MESSAGE][PASSED] - Object: 'Object Repository/TestResource/saveLocation' is clicked on

2019-02-20 16:42:02 - [TEST_STEP][NOT_RUN] - click(findTestObject("TestUserLocation/mainmenu_button")): NOT_RUN: click(findTestObject("TestUserLocation/mainmenu_button"))

2019-02-20 16:42:02 - [MESSAGE][NOT_RUN] - NOT_RUN: click(findTestObject("TestUserLocation/mainmenu_button"))

2019-02-20 16:42:02 - [TEST_STEP][NOT_RUN] - click(findTestObject("TestResource/mainMenu_resources")): NOT_RUN: click(findTestObject("TestResource/mainMenu_resources"))

2019-02-20 16:42:02 - [MESSAGE][NOT_RUN] - NOT_RUN: click(findTestObject("TestResource/mainMenu_resources"))

2019-02-20 16:42:02 - [TEST_STEP][NOT_RUN] - Thread.sleep(4000): NOT_RUN: Thread.sleep(4000)

2019-02-20 16:42:02 - [MESSAGE][NOT_RUN] - NOT_RUN: Thread.sleep(4000)

2019-02-20 16:42:02 - [TEST_STEP][NOT_RUN] - click(findTestObject("TestResource/items")): NOT_RUN: click(findTestObject("TestResource/items"))

2019-02-20 16:42:02 - [MESSAGE][NOT_RUN] - NOT_RUN: click(findTestObject("TestResource/items"))

2019-02-20 16:42:02 - [TEST_STEP][NOT_RUN] - Thread.sleep(4000): NOT_RUN: Thread.sleep(4000)

2019-02-20 16:42:02 - [MESSAGE][NOT_RUN] - NOT_RUN: Thread.sleep(4000)

2019-02-20 16:42:02 - [TEST_STEP][NOT_RUN] - AdminTool_Location.selectItem(): NOT_RUN: AdminTool_Location.selectItem()

2019-02-20 16:42:02 - [MESSAGE][NOT_RUN] - NOT_RUN: AdminTool_Location.selectItem()

2019-02-20 16:42:02 - [TEST_STEP][NOT_RUN] - Thread.sleep(4000): NOT_RUN: Thread.sleep(4000)

2019-02-20 16:42:02 - [MESSAGE][NOT_RUN] - NOT_RUN: Thread.sleep(4000)

2019-02-20 16:42:02 - [TEST_STEP][NOT_RUN] - waitForElementClickable(findTestObject("TestUserLocation/addPlusIcon"), 45): NOT_RUN: waitForElementClickable(findTestObject("TestUserLocation/addPlusIcon"), 45)

2019-02-20 16:42:02 - [MESSAGE][NOT_RUN] - NOT_RUN: waitForElementClickable(findTestObject("TestUserLocation/addPlusIcon"), 45)

2019-02-20 16:42:02 - [TEST_STEP][NOT_RUN] - click(findTestObject("TestUserLocation/addPlusIcon")): NOT_RUN: click(findTestObject("TestUserLocation/addPlusIcon"))

2019-02-20 16:42:02 - [MESSAGE][NOT_RUN] - NOT_RUN: click(findTestObject("TestUserLocation/addPlusIcon"))

2019-02-20 16:42:02 - [TEST_STEP][NOT_RUN] - Thread.sleep(2000): NOT_RUN: Thread.sleep(2000)

2019-02-20 16:42:02 - [MESSAGE][NOT_RUN] - NOT_RUN: Thread.sleep(2000)

2019-02-20 16:42:02 - [TEST_STEP][NOT_RUN] - setText(findTestObject("TestUserLocation/setNewName"), findTestData("LocationData").getValue("SubItemsName2", 1)): NOT_RUN: setText(findTestObject("TestUserLocation/setNewName"), findTestData("LocationData").getValue("SubItemsName2", 1))

2019-02-20 16:42:02 - [MESSAGE][NOT_RUN] - NOT_RUN: setText(findTestObject("TestUserLocation/setNewName"), findTestData("LocationData").getValue("SubItemsName2", 1))

2019-02-20 16:42:02 - [TEST_STEP][NOT_RUN] - setText(findTestObject("TestResource/setPhoneNumber"), "912378456"): NOT_RUN: setText(findTestObject("TestResource/setPhoneNumber"), "912378456")

2019-02-20 16:42:02 - [MESSAGE][NOT_RUN] - NOT_RUN: setText(findTestObject("TestResource/setPhoneNumber"), "912378456")

2019-02-20 16:42:02 - [TEST_STEP][NOT_RUN] - Thread.sleep(2000): NOT_RUN: Thread.sleep(2000)

2019-02-20 16:42:02 - [MESSAGE][NOT_RUN] - NOT_RUN: Thread.sleep(2000)

2019-02-20 16:42:02 - [TEST_STEP][NOT_RUN] - click(findTestObject("TestResource/saveDetailButton")): NOT_RUN: click(findTestObject("TestResource/saveDetailButton"))

2019-02-20 16:42:02 - [MESSAGE][NOT_RUN] - NOT_RUN: click(findTestObject("TestResource/saveDetailButton"))

2019-02-20 16:42:02 - [TEST_STEP][NOT_RUN] - Thread.sleep(7000): NOT_RUN: Thread.sleep(7000)

2019-02-20 16:42:02 - [MESSAGE][NOT_RUN] - NOT_RUN: Thread.sleep(7000)

2019-02-20 16:42:02 - [TEST_STEP][NOT_RUN] - click(findTestObject("TestResource/linksTab")): NOT_RUN: click(findTestObject("TestResource/linksTab"))

2019-02-20 16:42:02 - [MESSAGE][NOT_RUN] - NOT_RUN: click(findTestObject("TestResource/linksTab"))

2019-02-20 16:42:02 - [TEST_STEP][NOT_RUN] - Thread.sleep(2000): NOT_RUN: Thread.sleep(2000)

2019-02-20 16:42:02 - [MESSAGE][NOT_RUN] - NOT_RUN: Thread.sleep(2000)

2019-02-20 16:42:02 - [TEST_STEP][NOT_RUN] - click(findTestObject("TestResource/addLink")): NOT_RUN: click(findTestObject("TestResource/addLink"))

2019-02-20 16:42:02 - [MESSAGE][NOT_RUN] - NOT_RUN: click(findTestObject("TestResource/addLink"))

2019-02-20 16:42:02 - [TEST_STEP][NOT_RUN] - Thread.sleep(5000): NOT_RUN: Thread.sleep(5000)

2019-02-20 16:42:02 - [MESSAGE][NOT_RUN] - NOT_RUN: Thread.sleep(5000)

2019-02-20 16:42:02 - [TEST_STEP][NOT_RUN] - check(findTestObject("TestResource/selectSecondResourceToLink")): NOT_RUN: check(findTestObject("TestResource/selectSecondResourceToLink"))

2019-02-20 16:42:02 - [MESSAGE][NOT_RUN] - NOT_RUN: check(findTestObject("TestResource/selectSecondResourceToLink"))

2019-02-20 16:42:02 - [TEST_STEP][NOT_RUN] - AdminTool_Location.resourceLinkName(): NOT_RUN: AdminTool_Location.resourceLinkName()

2019-02-20 16:42:02 - [MESSAGE][NOT_RUN] - NOT_RUN: AdminTool_Location.resourceLinkName()

2019-02-20 16:42:02 - [TEST_STEP][NOT_RUN] - Thread.sleep(2000): NOT_RUN: Thread.sleep(2000)

2019-02-20 16:42:02 - [MESSAGE][NOT_RUN] - NOT_RUN: Thread.sleep(2000)

2019-02-20 16:42:02 - [TEST_STEP][NOT_RUN] - click(findTestObject("TestResource/button2Save")): NOT_RUN: click(findTestObject("TestResource/button2Save"))

2019-02-20 16:42:02 - [MESSAGE][NOT_RUN] - NOT_RUN: click(findTestObject("TestResource/button2Save"))

2019-02-20 16:42:02 - [TEST_STEP][NOT_RUN] - Thread.sleep(4000): NOT_RUN: Thread.sleep(4000)

2019-02-20 16:42:02 - [MESSAGE][NOT_RUN] - NOT_RUN: Thread.sleep(4000)

2019-02-20 16:42:03 - [TEST_STEP][NOT_RUN] - click(findTestObject("TestResource/locationTab")): NOT_RUN: click(findTestObject("TestResource/locationTab"))

2019-02-20 16:42:03 - [MESSAGE][NOT_RUN] - NOT_RUN: click(findTestObject("TestResource/locationTab"))

2019-02-20 16:42:03 - [TEST_STEP][NOT_RUN] - Thread.sleep(5000): NOT_RUN: Thread.sleep(5000)

2019-02-20 16:42:03 - [MESSAGE][NOT_RUN] - NOT_RUN: Thread.sleep(5000)

2019-02-20 16:42:03 - [TEST_STEP][NOT_RUN] - AdminTool_Location.checkLocation(): NOT_RUN: AdminTool_Location.checkLocation()

2019-02-20 16:42:03 - [MESSAGE][NOT_RUN] - NOT_RUN: AdminTool_Location.checkLocation()

2019-02-20 16:42:03 - [TEST_STEP][NOT_RUN] - Thread.sleep(4000): NOT_RUN: Thread.sleep(4000)

2019-02-20 16:42:03 - [MESSAGE][NOT_RUN] - NOT_RUN: Thread.sleep(4000)

2019-02-20 16:42:03 - [TEST_STEP][NOT_RUN] - click(findTestObject("TestResource/saveLocation")): NOT_RUN: click(findTestObject("TestResource/saveLocation"))

2019-02-20 16:42:03 - [MESSAGE][NOT_RUN] - NOT_RUN: click(findTestObject("TestResource/saveLocation"))]]></system-out>
         <system-err><![CDATA[]]></system-err>
      </testcase>
      <testcase name="Test Cases/SupplierFlow/4_CreateUser_Supplier" classname="Test Cases/SupplierFlow/4_CreateUser_Supplier" status="PASSED">
         <system-out><![CDATA[2019-02-20 16:42:03 - [TEST_CASE][PASSED] - Test Cases/SupplierFlow/4_CreateUser_Supplier: Test Cases/SupplierFlow/4_CreateUser_Supplier

2019-02-20 16:42:03 - [TEST_STEP][NOT_RUN] - openBrowser(URL): NOT_RUN: openBrowser(URL)

2019-02-20 16:42:03 - [MESSAGE][NOT_RUN] - NOT_RUN: openBrowser(URL)

2019-02-20 16:42:03 - [TEST_STEP][NOT_RUN] - maximizeWindow(): NOT_RUN: maximizeWindow()

2019-02-20 16:42:03 - [MESSAGE][NOT_RUN] - NOT_RUN: maximizeWindow()

2019-02-20 16:42:03 - [TEST_STEP][NOT_RUN] - setText(findTestObject("TestUserLocation/login_Username"), UserName1): NOT_RUN: setText(findTestObject("TestUserLocation/login_Username"), UserName1)

2019-02-20 16:42:03 - [MESSAGE][NOT_RUN] - NOT_RUN: setText(findTestObject("TestUserLocation/login_Username"), UserName1)

2019-02-20 16:42:03 - [TEST_STEP][NOT_RUN] - setText(findTestObject("TestUserLocation/login_Password"), Password111): NOT_RUN: setText(findTestObject("TestUserLocation/login_Password"), Password111)

2019-02-20 16:42:03 - [MESSAGE][NOT_RUN] - NOT_RUN: setText(findTestObject("TestUserLocation/login_Password"), Password111)

2019-02-20 16:42:03 - [TEST_STEP][PASSED] - Thread.sleep(2000): null

2019-02-20 16:42:05 - [TEST_STEP][PASSED] - Supplier.setSupplier(): Supplier.setSupplier is PASSED

2019-02-20 16:42:06 - [MESSAGE][PASSED] - Supplier.setSupplier is PASSED

2019-02-20 16:42:06 - [TEST_STEP][NOT_RUN] - click(findTestObject("TestUserLocation/login_Button")): NOT_RUN: click(findTestObject("TestUserLocation/login_Button"))

2019-02-20 16:42:06 - [MESSAGE][NOT_RUN] - NOT_RUN: click(findTestObject("TestUserLocation/login_Button"))

2019-02-20 16:42:06 - [TEST_STEP][NOT_RUN] - Thread.sleep(6000): NOT_RUN: Thread.sleep(6000)

2019-02-20 16:42:06 - [MESSAGE][NOT_RUN] - NOT_RUN: Thread.sleep(6000)

2019-02-20 16:42:06 - [TEST_STEP][PASSED] - Thread.sleep(4000): null

2019-02-20 16:42:10 - [TEST_STEP][PASSED] - click(findTestObject("TestUserLocation/mainmenu_button")): Object: 'Object Repository/TestUserLocation/mainmenu_button' is clicked on

2019-02-20 16:42:10 - [MESSAGE][PASSED] - Object: 'Object Repository/TestUserLocation/mainmenu_button' is clicked on

2019-02-20 16:42:10 - [TEST_STEP][NOT_RUN] - click(findTestObject("Form_Selection_Creation/mainMenu_AdminTools")): NOT_RUN: click(findTestObject("Form_Selection_Creation/mainMenu_AdminTools"))

2019-02-20 16:42:10 - [MESSAGE][NOT_RUN] - NOT_RUN: click(findTestObject("Form_Selection_Creation/mainMenu_AdminTools"))

2019-02-20 16:42:10 - [TEST_STEP][PASSED] - Thread.sleep(2000): null

2019-02-20 16:42:12 - [TEST_STEP][PASSED] - click(findTestObject("TestUser/users")): Object: 'Object Repository/TestUser/users' is clicked on

2019-02-20 16:42:12 - [MESSAGE][PASSED] - Object: 'Object Repository/TestUser/users' is clicked on

2019-02-20 16:42:12 - [TEST_STEP][PASSED] - Thread.sleep(6000): null

2019-02-20 16:42:18 - [TEST_STEP][PASSED] - click(findTestObject("SupplierFlow/selectSupplierTab")): Object: 'Object Repository/SupplierFlow/selectSupplierTab' is clicked on

2019-02-20 16:42:18 - [MESSAGE][PASSED] - Object: 'Object Repository/SupplierFlow/selectSupplierTab' is clicked on

2019-02-20 16:42:18 - [TEST_STEP][PASSED] - AdminTool_Location.moveCursor(): AdminTool_Location.moveCursor is PASSED

2019-02-20 16:42:18 - [MESSAGE][PASSED] - AdminTool_Location.moveCursor is PASSED

2019-02-20 16:42:18 - [TEST_STEP][PASSED] - Thread.sleep(2000): null

2019-02-20 16:42:20 - [TEST_STEP][PASSED] - Thread.sleep(6000): null

2019-02-20 16:42:26 - [TEST_STEP][PASSED] - click(findTestObject("SupplierFlow/addNewSupplierButton")): Object: 'Object Repository/SupplierFlow/addNewSupplierButton' is clicked on

2019-02-20 16:42:26 - [MESSAGE][PASSED] - Object: 'Object Repository/SupplierFlow/addNewSupplierButton' is clicked on

2019-02-20 16:42:26 - [TEST_STEP][PASSED] - Thread.sleep(3000): null

2019-02-20 16:42:29 - [TEST_STEP][PASSED] - click(findTestObject("SupplierFlow/openSupplierOption"), STOP_ON_FAILURE): Object: 'Object Repository/SupplierFlow/openSupplierOption' is clicked on

2019-02-20 16:42:30 - [MESSAGE][PASSED] - Object: 'Object Repository/SupplierFlow/openSupplierOption' is clicked on

2019-02-20 16:42:30 - [TEST_STEP][PASSED] - Thread.sleep(2000): null

2019-02-20 16:42:32 - [TEST_STEP][PASSED] - Supplier.getSupplierName(): Supplier.getSupplierName is PASSED

2019-02-20 16:42:32 - [MESSAGE][PASSED] - Supplier.getSupplierName is PASSED

2019-02-20 16:42:32 - [TEST_STEP][PASSED] - Supplier.setSupplier(): Supplier.setSupplier is PASSED

2019-02-20 16:42:32 - [MESSAGE][PASSED] - Supplier.setSupplier is PASSED

2019-02-20 16:42:32 - [TEST_STEP][PASSED] - setText(findTestObject("SupplierFlow/userName"), findTestData("SupplierData").getValue("UserName", 1)): Text 'Supplier_20/02/19-16:42' is set on object 'Object Repository/SupplierFlow/userName'

2019-02-20 16:42:32 - [MESSAGE][PASSED] - Text 'Supplier_20/02/19-16:42' is set on object 'Object Repository/SupplierFlow/userName'

2019-02-20 16:42:32 - [TEST_STEP][PASSED] - setText(findTestObject("SupplierFlow/firstName"), "Supplier"): Text 'Supplier' is set on object 'Object Repository/SupplierFlow/firstName'

2019-02-20 16:42:33 - [MESSAGE][PASSED] - Text 'Supplier' is set on object 'Object Repository/SupplierFlow/firstName'

2019-02-20 16:42:33 - [TEST_STEP][PASSED] - setText(findTestObject("SupplierFlow/lastName"), "Test"): Text 'Test' is set on object 'Object Repository/SupplierFlow/lastName'

2019-02-20 16:42:33 - [MESSAGE][PASSED] - Text 'Test' is set on object 'Object Repository/SupplierFlow/lastName'

2019-02-20 16:42:33 - [TEST_STEP][PASSED] - setText(findTestObject("SupplierFlow/email"), "Sup@gmail.com"): Text 'Sup@gmail.com' is set on object 'Object Repository/SupplierFlow/email'

2019-02-20 16:42:33 - [MESSAGE][PASSED] - Text 'Sup@gmail.com' is set on object 'Object Repository/SupplierFlow/email'

2019-02-20 16:42:33 - [TEST_STEP][PASSED] - setText(findTestObject("SupplierFlow/password"), findTestData("SupplierData").getValue("Password", 1)): Text 'password' is set on object 'Object Repository/SupplierFlow/password'

2019-02-20 16:42:33 - [MESSAGE][PASSED] - Text 'password' is set on object 'Object Repository/SupplierFlow/password'

2019-02-20 16:42:33 - [TEST_STEP][PASSED] - setText(findTestObject("SupplierFlow/title"), "Test"): Text 'Test' is set on object 'Object Repository/SupplierFlow/title'

2019-02-20 16:42:33 - [MESSAGE][PASSED] - Text 'Test' is set on object 'Object Repository/SupplierFlow/title'

2019-02-20 16:42:33 - [TEST_STEP][PASSED] - click(findTestObject("SupplierFlow/openTimeZone")): Object: 'Object Repository/SupplierFlow/openTimeZone' is clicked on

2019-02-20 16:42:34 - [MESSAGE][PASSED] - Object: 'Object Repository/SupplierFlow/openTimeZone' is clicked on

2019-02-20 16:42:34 - [TEST_STEP][PASSED] - Thread.sleep(2000): null

2019-02-20 16:42:36 - [TEST_STEP][PASSED] - click(findTestObject("SupplierFlow/selectTimeZone_India")): Object: 'Object Repository/SupplierFlow/selectTimeZone_India' is clicked on

2019-02-20 16:42:41 - [MESSAGE][PASSED] - Object: 'Object Repository/SupplierFlow/selectTimeZone_India' is clicked on

2019-02-20 16:42:41 - [TEST_STEP][PASSED] - Thread.sleep(4000): null

2019-02-20 16:42:45 - [TEST_STEP][PASSED] - click(findTestObject("SupplierFlow/saveButton")): Object: 'Object Repository/SupplierFlow/saveButton' is clicked on

2019-02-20 16:42:45 - [MESSAGE][PASSED] - Object: 'Object Repository/SupplierFlow/saveButton' is clicked on

2019-02-20 16:42:45 - [TEST_STEP][PASSED] - Thread.sleep(6000): null]]></system-out>
         <system-err><![CDATA[]]></system-err>
      </testcase>
      <testcase name="Test Cases/SupplierFlow/5_CreateWG" classname="Test Cases/SupplierFlow/5_CreateWG" status="PASSED">
         <system-out><![CDATA[2019-02-20 16:42:51 - [TEST_CASE][PASSED] - Test Cases/SupplierFlow/5_CreateWG: Test Cases/SupplierFlow/5_CreateWG

2019-02-20 16:42:51 - [TEST_STEP][NOT_RUN] - openBrowser(URL): NOT_RUN: openBrowser(URL)

2019-02-20 16:42:51 - [MESSAGE][NOT_RUN] - NOT_RUN: openBrowser(URL)

2019-02-20 16:42:51 - [TEST_STEP][NOT_RUN] - maximizeWindow(): NOT_RUN: maximizeWindow()

2019-02-20 16:42:51 - [MESSAGE][NOT_RUN] - NOT_RUN: maximizeWindow()

2019-02-20 16:42:51 - [TEST_STEP][NOT_RUN] - setText(findTestObject("Form_Selection_Creation/login_Username"), UserName1): NOT_RUN: setText(findTestObject("Form_Selection_Creation/login_Username"), UserName1)

2019-02-20 16:42:51 - [MESSAGE][NOT_RUN] - NOT_RUN: setText(findTestObject("Form_Selection_Creation/login_Username"), UserName1)

2019-02-20 16:42:51 - [TEST_STEP][NOT_RUN] - setText(findTestObject("Form_Selection_Creation/login_Password"), Password111): NOT_RUN: setText(findTestObject("Form_Selection_Creation/login_Password"), Password111)

2019-02-20 16:42:51 - [MESSAGE][NOT_RUN] - NOT_RUN: setText(findTestObject("Form_Selection_Creation/login_Password"), Password111)

2019-02-20 16:42:51 - [TEST_STEP][NOT_RUN] - click(findTestObject("Form_Selection_Creation/login_Button")): NOT_RUN: click(findTestObject("Form_Selection_Creation/login_Button"))

2019-02-20 16:42:51 - [MESSAGE][NOT_RUN] - NOT_RUN: click(findTestObject("Form_Selection_Creation/login_Button"))

2019-02-20 16:42:51 - [TEST_STEP][PASSED] - Thread.sleep(4000): null

2019-02-20 16:42:55 - [TEST_STEP][PASSED] - click(findTestObject("Form_Selection_Creation/mainMenu_Button")): Object: 'Object Repository/Form_Selection_Creation/mainMenu_Button' is clicked on

2019-02-20 16:42:55 - [MESSAGE][PASSED] - Object: 'Object Repository/Form_Selection_Creation/mainMenu_Button' is clicked on

2019-02-20 16:42:55 - [TEST_STEP][NOT_RUN] - click(findTestObject("Form_Selection_Creation/mainMenu_AdminTools")): NOT_RUN: click(findTestObject("Form_Selection_Creation/mainMenu_AdminTools"))

2019-02-20 16:42:55 - [MESSAGE][NOT_RUN] - NOT_RUN: click(findTestObject("Form_Selection_Creation/mainMenu_AdminTools"))

2019-02-20 16:42:55 - [TEST_STEP][PASSED] - click(findTestObject("SupplierFlow/workgroup")): Object: 'Object Repository/SupplierFlow/workgroup' is clicked on

2019-02-20 16:43:01 - [MESSAGE][PASSED] - Object: 'Object Repository/SupplierFlow/workgroup' is clicked on

2019-02-20 16:43:01 - [TEST_STEP][PASSED] - Thread.sleep(5000): null

2019-02-20 16:43:06 - [TEST_STEP][PASSED] - click(findTestObject("SupplierFlow/addButtonWG")): Object: 'Object Repository/SupplierFlow/addButtonWG' is clicked on

2019-02-20 16:43:06 - [MESSAGE][PASSED] - Object: 'Object Repository/SupplierFlow/addButtonWG' is clicked on

2019-02-20 16:43:06 - [TEST_STEP][PASSED] - setText(findTestObject("SupplierFlow/setWGText"), findTestData("SupplierData").getValue("WorkGroupName", 1)): Text 'WorkGroup_20/02/19-16:42' is set on object 'Object Repository/SupplierFlow/setWGText'

2019-02-20 16:43:06 - [MESSAGE][PASSED] - Text 'WorkGroup_20/02/19-16:42' is set on object 'Object Repository/SupplierFlow/setWGText'

2019-02-20 16:43:06 - [TEST_STEP][PASSED] - sendKeys(findTestObject("SupplierFlow/setWGText"), Keys.chord(ENTER)): Keys 'ENTER + ' sent to object: 'Object Repository/SupplierFlow/setWGText'

2019-02-20 16:43:06 - [MESSAGE][PASSED] - Keys 'ENTER + ' sent to object: 'Object Repository/SupplierFlow/setWGText'

2019-02-20 16:43:06 - [TEST_STEP][PASSED] - Thread.sleep(6000): null

2019-02-20 16:43:12 - [TEST_STEP][PASSED] - AdminTool_Location.moveCursor(): AdminTool_Location.moveCursor is PASSED

2019-02-20 16:43:12 - [MESSAGE][PASSED] - AdminTool_Location.moveCursor is PASSED

2019-02-20 16:43:12 - [TEST_STEP][PASSED] - Thread.sleep(2000): null

2019-02-20 16:43:14 - [TEST_STEP][PASSED] - setText(findTestObject("SupplierFlow/searchUserInWG"), "tester"): Text 'tester' is set on object 'Object Repository/SupplierFlow/searchUserInWG'

2019-02-20 16:43:15 - [MESSAGE][PASSED] - Text 'tester' is set on object 'Object Repository/SupplierFlow/searchUserInWG'

2019-02-20 16:43:15 - [TEST_STEP][PASSED] - sendKeys(findTestObject("SupplierFlow/searchUserInWG"), Keys.chord(ENTER)): Keys 'ENTER + ' sent to object: 'Object Repository/SupplierFlow/searchUserInWG'

2019-02-20 16:43:15 - [MESSAGE][PASSED] - Keys 'ENTER + ' sent to object: 'Object Repository/SupplierFlow/searchUserInWG'

2019-02-20 16:43:15 - [TEST_STEP][PASSED] - Thread.sleep(4000): null

2019-02-20 16:43:19 - [TEST_STEP][PASSED] - check(findTestObject("SupplierFlow/checkUserinWG")): Object 'Object Repository/SupplierFlow/checkUserinWG' is checked

2019-02-20 16:43:19 - [MESSAGE][PASSED] - Object 'Object Repository/SupplierFlow/checkUserinWG' is checked

2019-02-20 16:43:19 - [TEST_STEP][PASSED] - Thread.sleep(3000): null

2019-02-20 16:43:22 - [TEST_STEP][PASSED] - click(findTestObject("SupplierFlow/saveInWG")): Object: 'Object Repository/SupplierFlow/saveInWG' is clicked on

2019-02-20 16:43:22 - [MESSAGE][PASSED] - Object: 'Object Repository/SupplierFlow/saveInWG' is clicked on]]></system-out>
         <system-err><![CDATA[]]></system-err>
      </testcase>
      <testcase name="Test Cases/SupplierFlow/6_1_CreateRequirement_Supplier" classname="Test Cases/SupplierFlow/6_1_CreateRequirement_Supplier" status="PASSED">
         <system-out><![CDATA[2019-02-20 16:43:22 - [TEST_CASE][PASSED] - Test Cases/SupplierFlow/6_1_CreateRequirement_Supplier: Test Cases/SupplierFlow/6_1_CreateRequirement_Supplier

2019-02-20 16:43:23 - [TEST_STEP][NOT_RUN] - openBrowser(URL): NOT_RUN: openBrowser(URL)

2019-02-20 16:43:23 - [MESSAGE][NOT_RUN] - NOT_RUN: openBrowser(URL)

2019-02-20 16:43:23 - [TEST_STEP][NOT_RUN] - maximizeWindow(): NOT_RUN: maximizeWindow()

2019-02-20 16:43:23 - [MESSAGE][NOT_RUN] - NOT_RUN: maximizeWindow()

2019-02-20 16:43:23 - [TEST_STEP][NOT_RUN] - setText(findTestObject("TestUserLocation/login_Username"), UserName1): NOT_RUN: setText(findTestObject("TestUserLocation/login_Username"), UserName1)

2019-02-20 16:43:23 - [MESSAGE][NOT_RUN] - NOT_RUN: setText(findTestObject("TestUserLocation/login_Username"), UserName1)

2019-02-20 16:43:23 - [TEST_STEP][NOT_RUN] - setText(findTestObject("TestUserLocation/login_Password"), Password1): NOT_RUN: setText(findTestObject("TestUserLocation/login_Password"), Password1)

2019-02-20 16:43:23 - [MESSAGE][NOT_RUN] - NOT_RUN: setText(findTestObject("TestUserLocation/login_Password"), Password1)

2019-02-20 16:43:23 - [TEST_STEP][PASSED] - Thread.sleep(2000): null

2019-02-20 16:43:25 - [TEST_STEP][PASSED] - Supplier.setSupplierName(): Supplier.setSupplierName is PASSED

2019-02-20 16:43:25 - [MESSAGE][PASSED] - Supplier.setSupplierName is PASSED

2019-02-20 16:43:25 - [TEST_STEP][NOT_RUN] - click(findTestObject("TestUserLocation/login_Button")): NOT_RUN: click(findTestObject("TestUserLocation/login_Button"))

2019-02-20 16:43:25 - [MESSAGE][NOT_RUN] - NOT_RUN: click(findTestObject("TestUserLocation/login_Button"))

2019-02-20 16:43:25 - [TEST_STEP][NOT_RUN] - Thread.sleep(6000): NOT_RUN: Thread.sleep(6000)

2019-02-20 16:43:25 - [MESSAGE][NOT_RUN] - NOT_RUN: Thread.sleep(6000)

2019-02-20 16:43:25 - [TEST_STEP][PASSED] - Thread.sleep(4000): null

2019-02-20 16:43:29 - [TEST_STEP][PASSED] - click(findTestObject("TestUserLocation/mainmenu_button")): Object: 'Object Repository/TestUserLocation/mainmenu_button' is clicked on

2019-02-20 16:43:29 - [MESSAGE][PASSED] - Object: 'Object Repository/TestUserLocation/mainmenu_button' is clicked on

2019-02-20 16:43:29 - [TEST_STEP][NOT_RUN] - click(findTestObject("Form_Selection_Creation/mainMenu_AdminTools")): NOT_RUN: click(findTestObject("Form_Selection_Creation/mainMenu_AdminTools"))

2019-02-20 16:43:29 - [MESSAGE][NOT_RUN] - NOT_RUN: click(findTestObject("Form_Selection_Creation/mainMenu_AdminTools"))

2019-02-20 16:43:29 - [TEST_STEP][PASSED] - Thread.sleep(2000): null

2019-02-20 16:43:31 - [TEST_STEP][PASSED] - click(findTestObject("SupplierFlow/requirements")): Object: 'Object Repository/SupplierFlow/requirements' is clicked on

2019-02-20 16:43:31 - [MESSAGE][PASSED] - Object: 'Object Repository/SupplierFlow/requirements' is clicked on

2019-02-20 16:43:31 - [TEST_STEP][PASSED] - Thread.sleep(4000): null

2019-02-20 16:43:35 - [TEST_STEP][PASSED] - click(findTestObject("SupplierFlow/addSupplierPlus")): Object: 'Object Repository/SupplierFlow/addSupplierPlus' is clicked on

2019-02-20 16:43:35 - [MESSAGE][PASSED] - Object: 'Object Repository/SupplierFlow/addSupplierPlus' is clicked on

2019-02-20 16:43:35 - [TEST_STEP][PASSED] - Thread.sleep(2000): null

2019-02-20 16:43:37 - [TEST_STEP][PASSED] - setText(findTestObject("SupplierFlow/setSupplierInRequirement"), findTestData("SupplierData").getValue("SupplierName", 1)): Text 'SuppReq_20/02/19-16:43' is set on object 'Object Repository/SupplierFlow/setSupplierInRequirement'

2019-02-20 16:43:38 - [MESSAGE][PASSED] - Text 'SuppReq_20/02/19-16:43' is set on object 'Object Repository/SupplierFlow/setSupplierInRequirement'

2019-02-20 16:43:38 - [TEST_STEP][PASSED] - sendKeys(findTestObject("SupplierFlow/setSupplierInRequirement"), Keys.chord(ENTER)): Keys 'ENTER + ' sent to object: 'Object Repository/SupplierFlow/setSupplierInRequirement'

2019-02-20 16:43:38 - [MESSAGE][PASSED] - Keys 'ENTER + ' sent to object: 'Object Repository/SupplierFlow/setSupplierInRequirement'

2019-02-20 16:43:38 - [TEST_STEP][PASSED] - Thread.sleep(4000): null

2019-02-20 16:43:42 - [TEST_STEP][PASSED] - click(findTestObject("SupplierFlow/optionToSelectNewRequirement")): Object: 'Object Repository/SupplierFlow/optionToSelectNewRequirement' is clicked on

2019-02-20 16:43:42 - [MESSAGE][PASSED] - Object: 'Object Repository/SupplierFlow/optionToSelectNewRequirement' is clicked on

2019-02-20 16:43:42 - [TEST_STEP][PASSED] - Thread.sleep(2000): null

2019-02-20 16:43:44 - [TEST_STEP][PASSED] - click(findTestObject("SupplierFlow/selectAckOption")): Object: 'Object Repository/SupplierFlow/selectAckOption' is clicked on

2019-02-20 16:43:44 - [MESSAGE][PASSED] - Object: 'Object Repository/SupplierFlow/selectAckOption' is clicked on

2019-02-20 16:43:44 - [TEST_STEP][PASSED] - waitForElementNotPresent(findTestObject("SupplierFlow/testACK"), 45): Web element with id: 'Object Repository/SupplierFlow/testACK' located by 'By.xpath: //*[@id="scs-pp-acknowledgement-step-1-grid-container"]//tr[1]/td[3]' is not present after '45' second(s)

2019-02-20 16:43:44 - [MESSAGE][PASSED] - Web element with id: 'Object Repository/SupplierFlow/testACK' located by 'By.xpath: //*[@id="scs-pp-acknowledgement-step-1-grid-container"]//tr[1]/td[3]' is not present after '45' second(s)

2019-02-20 16:43:44 - [TEST_STEP][PASSED] - waitForElementClickable(findTestObject("SupplierFlow/testACK"), 45): Object 'Object Repository/SupplierFlow/testACK' is clickable

2019-02-20 16:43:49 - [MESSAGE][PASSED] - Object 'Object Repository/SupplierFlow/testACK' is clickable

2019-02-20 16:43:49 - [TEST_STEP][PASSED] - Supplier.selectACK(): Supplier.selectACK is PASSED

2019-02-20 16:43:53 - [MESSAGE][PASSED] - Supplier.selectACK is PASSED

2019-02-20 16:43:53 - [TEST_STEP][PASSED] - Thread.sleep(2000): null

2019-02-20 16:43:55 - [TEST_STEP][PASSED] - click(findTestObject("SupplierFlow/nextButtonReqForm")): Object: 'Object Repository/SupplierFlow/nextButtonReqForm' is clicked on

2019-02-20 16:43:55 - [MESSAGE][PASSED] - Object: 'Object Repository/SupplierFlow/nextButtonReqForm' is clicked on

2019-02-20 16:43:55 - [TEST_STEP][NOT_RUN] - Thread.sleep(3000): NOT_RUN: Thread.sleep(3000)

2019-02-20 16:43:55 - [MESSAGE][NOT_RUN] - NOT_RUN: Thread.sleep(3000)

2019-02-20 16:43:55 - [TEST_STEP][NOT_RUN] - click(findTestObject("SupplierFlow/bold")): NOT_RUN: click(findTestObject("SupplierFlow/bold"))

2019-02-20 16:43:55 - [MESSAGE][NOT_RUN] - NOT_RUN: click(findTestObject("SupplierFlow/bold"))

2019-02-20 16:43:55 - [TEST_STEP][NOT_RUN] - Thread.sleep(2000): NOT_RUN: Thread.sleep(2000)

2019-02-20 16:43:55 - [MESSAGE][NOT_RUN] - NOT_RUN: Thread.sleep(2000)

2019-02-20 16:43:55 - [TEST_STEP][NOT_RUN] - sendKeys(findTestObject("SupplierFlow/ackMessage"), "This is automatic acknowledment message."): NOT_RUN: sendKeys(findTestObject("SupplierFlow/ackMessage"), "This is automatic acknowledment message.")

2019-02-20 16:43:55 - [MESSAGE][NOT_RUN] - NOT_RUN: sendKeys(findTestObject("SupplierFlow/ackMessage"), "This is automatic acknowledment message.")

2019-02-20 16:43:55 - [TEST_STEP][PASSED] - Thread.sleep(2000): null

2019-02-20 16:43:57 - [TEST_STEP][PASSED] - click(findTestObject("SupplierFlow/nextButtonReqForm")): Object: 'Object Repository/SupplierFlow/nextButtonReqForm' is clicked on

2019-02-20 16:43:57 - [MESSAGE][PASSED] - Object: 'Object Repository/SupplierFlow/nextButtonReqForm' is clicked on

2019-02-20 16:43:57 - [TEST_STEP][PASSED] - Supplier.setACKTaskName(): Supplier.setACKTaskName is PASSED

2019-02-20 16:43:59 - [MESSAGE][PASSED] - Supplier.setACKTaskName is PASSED

2019-02-20 16:43:59 - [TEST_STEP][PASSED] - Thread.sleep(4000): null

2019-02-20 16:44:03 - [TEST_STEP][PASSED] - setText(findTestObject("SupplierFlow/setTaskName"), findTestData("SupplierData").getValue("ACKTask", 1)): Text 'TestACKTask_20/02/19-16:43' is set on object 'Object Repository/SupplierFlow/setTaskName'

2019-02-20 16:44:04 - [MESSAGE][PASSED] - Text 'TestACKTask_20/02/19-16:43' is set on object 'Object Repository/SupplierFlow/setTaskName'

2019-02-20 16:44:04 - [TEST_STEP][PASSED] - click(findTestObject("SupplierFlow/approvedBy")): Object: 'Object Repository/SupplierFlow/approvedBy' is clicked on

2019-02-20 16:44:04 - [MESSAGE][PASSED] - Object: 'Object Repository/SupplierFlow/approvedBy' is clicked on

2019-02-20 16:44:04 - [TEST_STEP][PASSED] - Thread.sleep(2000): null

2019-02-20 16:44:06 - [TEST_STEP][PASSED] - Supplier.selectWG(): Supplier.selectWG is PASSED

2019-02-20 16:44:08 - [MESSAGE][PASSED] - Supplier.selectWG is PASSED

2019-02-20 16:44:08 - [TEST_STEP][PASSED] - Thread.sleep(2000): null

2019-02-20 16:44:10 - [TEST_STEP][PASSED] - click(findTestObject("SupplierFlow/saveButtonTask")): Object: 'Object Repository/SupplierFlow/saveButtonTask' is clicked on

2019-02-20 16:44:10 - [MESSAGE][PASSED] - Object: 'Object Repository/SupplierFlow/saveButtonTask' is clicked on

2019-02-20 16:44:10 - [TEST_STEP][PASSED] - Thread.sleep(6000): null

2019-02-20 16:44:16 - [TEST_STEP][PASSED] - click(findTestObject("SupplierFlow/optionToSelectNewRequirement")): Object: 'Object Repository/SupplierFlow/optionToSelectNewRequirement' is clicked on

2019-02-20 16:44:17 - [MESSAGE][PASSED] - Object: 'Object Repository/SupplierFlow/optionToSelectNewRequirement' is clicked on

2019-02-20 16:44:17 - [TEST_STEP][PASSED] - Thread.sleep(2000): null

2019-02-20 16:44:19 - [TEST_STEP][PASSED] - click(findTestObject("SupplierFlow/selectCompleteForm")): Object: 'Object Repository/SupplierFlow/selectCompleteForm' is clicked on

2019-02-20 16:44:19 - [MESSAGE][PASSED] - Object: 'Object Repository/SupplierFlow/selectCompleteForm' is clicked on

2019-02-20 16:44:19 - [TEST_STEP][PASSED] - waitForElementNotPresent(findTestObject("SupplierFlow/testForm"), 45): Web element with id: 'Object Repository/SupplierFlow/testForm' located by 'By.xpath: //*[@id="scs-pp-acknowledgement-step-1-grid-container"]//tr[1]/td[2]' is not present after '45' second(s)

2019-02-20 16:44:19 - [MESSAGE][PASSED] - Web element with id: 'Object Repository/SupplierFlow/testForm' located by 'By.xpath: //*[@id="scs-pp-acknowledgement-step-1-grid-container"]//tr[1]/td[2]' is not present after '45' second(s)

2019-02-20 16:44:19 - [TEST_STEP][PASSED] - waitForElementClickable(findTestObject("SupplierFlow/testForm"), 45): Object 'Object Repository/SupplierFlow/testForm' is clickable

2019-02-20 16:44:23 - [MESSAGE][PASSED] - Object 'Object Repository/SupplierFlow/testForm' is clickable

2019-02-20 16:44:23 - [TEST_STEP][NOT_RUN] - check(findTestObject("SupplierFlow/selectForm")): NOT_RUN: check(findTestObject("SupplierFlow/selectForm"))

2019-02-20 16:44:23 - [MESSAGE][NOT_RUN] - NOT_RUN: check(findTestObject("SupplierFlow/selectForm"))

2019-02-20 16:44:23 - [TEST_STEP][PASSED] - Supplier.selectForm(): Supplier.selectForm is PASSED

2019-02-20 16:44:28 - [MESSAGE][PASSED] - Supplier.selectForm is PASSED

2019-02-20 16:44:28 - [TEST_STEP][PASSED] - Thread.sleep(2000): null

2019-02-20 16:44:30 - [TEST_STEP][PASSED] - click(findTestObject("SupplierFlow/nextButtonReqForm")): Object: 'Object Repository/SupplierFlow/nextButtonReqForm' is clicked on

2019-02-20 16:44:30 - [MESSAGE][PASSED] - Object: 'Object Repository/SupplierFlow/nextButtonReqForm' is clicked on

2019-02-20 16:44:30 - [TEST_STEP][PASSED] - Supplier.setFormTaskName(): Supplier.setFormTaskName is PASSED

2019-02-20 16:44:32 - [MESSAGE][PASSED] - Supplier.setFormTaskName is PASSED

2019-02-20 16:44:32 - [TEST_STEP][PASSED] - Thread.sleep(4000): null

2019-02-20 16:44:36 - [TEST_STEP][PASSED] - setText(findTestObject("SupplierFlow/setTaskName"), findTestData("SupplierData").getValue("FormTask", 1)): Text 'TestFormTask_20/02/19-16:44' is set on object 'Object Repository/SupplierFlow/setTaskName'

2019-02-20 16:44:36 - [MESSAGE][PASSED] - Text 'TestFormTask_20/02/19-16:44' is set on object 'Object Repository/SupplierFlow/setTaskName'

2019-02-20 16:44:36 - [TEST_STEP][PASSED] - click(findTestObject("SupplierFlow/approvedBy")): Object: 'Object Repository/SupplierFlow/approvedBy' is clicked on

2019-02-20 16:44:37 - [MESSAGE][PASSED] - Object: 'Object Repository/SupplierFlow/approvedBy' is clicked on

2019-02-20 16:44:37 - [TEST_STEP][PASSED] - Thread.sleep(2000): null

2019-02-20 16:44:39 - [TEST_STEP][PASSED] - Supplier.selectWG(): Supplier.selectWG is PASSED

2019-02-20 16:44:44 - [MESSAGE][PASSED] - Supplier.selectWG is PASSED

2019-02-20 16:44:44 - [TEST_STEP][PASSED] - Thread.sleep(2000): null

2019-02-20 16:44:46 - [TEST_STEP][PASSED] - click(findTestObject("SupplierFlow/saveButtonTask")): Object: 'Object Repository/SupplierFlow/saveButtonTask' is clicked on

2019-02-20 16:44:46 - [MESSAGE][PASSED] - Object: 'Object Repository/SupplierFlow/saveButtonTask' is clicked on

2019-02-20 16:44:46 - [TEST_STEP][PASSED] - AdminTool_Location.moveCursor(): AdminTool_Location.moveCursor is PASSED

2019-02-20 16:44:46 - [MESSAGE][PASSED] - AdminTool_Location.moveCursor is PASSED

2019-02-20 16:44:46 - [TEST_STEP][PASSED] - Thread.sleep(2000): null

2019-02-20 16:44:48 - [TEST_STEP][PASSED] - Thread.sleep(6000): null

2019-02-20 16:44:54 - [TEST_STEP][PASSED] - click(findTestObject("SupplierFlow/optionToSelectNewRequirement")): Object: 'Object Repository/SupplierFlow/optionToSelectNewRequirement' is clicked on

2019-02-20 16:44:54 - [MESSAGE][PASSED] - Object: 'Object Repository/SupplierFlow/optionToSelectNewRequirement' is clicked on

2019-02-20 16:44:54 - [TEST_STEP][PASSED] - Thread.sleep(2000): null

2019-02-20 16:44:56 - [TEST_STEP][PASSED] - click(findTestObject("SupplierFlow/selectDocumentUploadOption")): Object: 'Object Repository/SupplierFlow/selectDocumentUploadOption' is clicked on

2019-02-20 16:44:56 - [MESSAGE][PASSED] - Object: 'Object Repository/SupplierFlow/selectDocumentUploadOption' is clicked on

2019-02-20 16:44:56 - [TEST_STEP][PASSED] - waitForElementNotPresent(findTestObject("SupplierFlow/testDoc"), 45): Web element with id: 'Object Repository/SupplierFlow/testDoc' located by 'By.xpath: //*[@id="scs-pp-acknowledgement-step-1-grid-container"]//tr[1]/td[2]' is not present after '45' second(s)

2019-02-20 16:44:57 - [MESSAGE][PASSED] - Web element with id: 'Object Repository/SupplierFlow/testDoc' located by 'By.xpath: //*[@id="scs-pp-acknowledgement-step-1-grid-container"]//tr[1]/td[2]' is not present after '45' second(s)

2019-02-20 16:44:57 - [TEST_STEP][PASSED] - waitForElementClickable(findTestObject("SupplierFlow/testDoc"), 45): Object 'Object Repository/SupplierFlow/testDoc' is clickable

2019-02-20 16:45:00 - [MESSAGE][PASSED] - Object 'Object Repository/SupplierFlow/testDoc' is clickable

2019-02-20 16:45:00 - [TEST_STEP][PASSED] - Supplier.selectDocument(): Supplier.selectDocument is PASSED

2019-02-20 16:45:04 - [MESSAGE][PASSED] - Supplier.selectDocument is PASSED

2019-02-20 16:45:04 - [TEST_STEP][PASSED] - Thread.sleep(2000): null

2019-02-20 16:45:06 - [TEST_STEP][PASSED] - click(findTestObject("SupplierFlow/nextButtonReqForm")): Object: 'Object Repository/SupplierFlow/nextButtonReqForm' is clicked on

2019-02-20 16:45:06 - [MESSAGE][PASSED] - Object: 'Object Repository/SupplierFlow/nextButtonReqForm' is clicked on

2019-02-20 16:45:06 - [TEST_STEP][PASSED] - Supplier.setDocTaskName(): Supplier.setDocTaskName is PASSED

2019-02-20 16:45:08 - [MESSAGE][PASSED] - Supplier.setDocTaskName is PASSED

2019-02-20 16:45:08 - [TEST_STEP][PASSED] - Thread.sleep(4000): null

2019-02-20 16:45:12 - [TEST_STEP][PASSED] - setText(findTestObject("SupplierFlow/setTaskName"), findTestData("SupplierData").getValue("DocTask", 1)): Text 'TestDocTask_20/02/19-16:45' is set on object 'Object Repository/SupplierFlow/setTaskName'

2019-02-20 16:45:13 - [MESSAGE][PASSED] - Text 'TestDocTask_20/02/19-16:45' is set on object 'Object Repository/SupplierFlow/setTaskName'

2019-02-20 16:45:13 - [TEST_STEP][PASSED] - click(findTestObject("SupplierFlow/approvedBy")): Object: 'Object Repository/SupplierFlow/approvedBy' is clicked on

2019-02-20 16:45:18 - [MESSAGE][PASSED] - Object: 'Object Repository/SupplierFlow/approvedBy' is clicked on

2019-02-20 16:45:18 - [TEST_STEP][PASSED] - Thread.sleep(2000): null

2019-02-20 16:45:20 - [TEST_STEP][PASSED] - Supplier.selectWG(): Supplier.selectWG is PASSED

2019-02-20 16:45:29 - [MESSAGE][PASSED] - Supplier.selectWG is PASSED

2019-02-20 16:45:29 - [TEST_STEP][PASSED] - Thread.sleep(2000): null

2019-02-20 16:45:31 - [TEST_STEP][PASSED] - click(findTestObject("SupplierFlow/saveButtonTask")): Object: 'Object Repository/SupplierFlow/saveButtonTask' is clicked on

2019-02-20 16:45:36 - [MESSAGE][PASSED] - Object: 'Object Repository/SupplierFlow/saveButtonTask' is clicked on

2019-02-20 16:45:36 - [TEST_STEP][PASSED] - Thread.sleep(6000): null

2019-02-20 16:45:42 - [TEST_STEP][PASSED] - click(findTestObject("SupplierFlow/supplierTabInRequirement")): Object: 'Object Repository/SupplierFlow/supplierTabInRequirement' is clicked on

2019-02-20 16:45:42 - [MESSAGE][PASSED] - Object: 'Object Repository/SupplierFlow/supplierTabInRequirement' is clicked on

2019-02-20 16:45:42 - [TEST_STEP][PASSED] - Thread.sleep(4000): null

2019-02-20 16:45:46 - [TEST_STEP][PASSED] - click(findTestObject("SupplierFlow/selectNewSupplier")): Object: 'Object Repository/SupplierFlow/selectNewSupplier' is clicked on

2019-02-20 16:45:46 - [MESSAGE][PASSED] - Object: 'Object Repository/SupplierFlow/selectNewSupplier' is clicked on

2019-02-20 16:45:46 - [TEST_STEP][PASSED] - Thread.sleep(4000): null

2019-02-20 16:45:50 - [TEST_STEP][PASSED] - Supplier.selectNewSupplier(): Supplier.selectNewSupplier is PASSED

2019-02-20 16:46:01 - [MESSAGE][PASSED] - Supplier.selectNewSupplier is PASSED

2019-02-20 16:46:01 - [TEST_STEP][PASSED] - Thread.sleep(2000): null

2019-02-20 16:46:03 - [TEST_STEP][PASSED] - click(findTestObject("SupplierFlow/saveSupplierSelection")): Object: 'Object Repository/SupplierFlow/saveSupplierSelection' is clicked on

2019-02-20 16:46:03 - [MESSAGE][PASSED] - Object: 'Object Repository/SupplierFlow/saveSupplierSelection' is clicked on

2019-02-20 16:46:03 - [TEST_STEP][PASSED] - Thread.sleep(6000): null

2019-02-20 16:46:09 - [TEST_STEP][NOT_RUN] - click(findTestObject("TestUser/clickToCheck")): NOT_RUN: click(findTestObject("TestUser/clickToCheck"))

2019-02-20 16:46:09 - [MESSAGE][NOT_RUN] - NOT_RUN: click(findTestObject("TestUser/clickToCheck"))

2019-02-20 16:46:09 - [TEST_STEP][NOT_RUN] - Thread.sleep(2000): NOT_RUN: Thread.sleep(2000)

2019-02-20 16:46:09 - [MESSAGE][NOT_RUN] - NOT_RUN: Thread.sleep(2000)

2019-02-20 16:46:09 - [TEST_STEP][NOT_RUN] - click(findTestObject("TestUser/logoutUser")): NOT_RUN: click(findTestObject("TestUser/logoutUser"))

2019-02-20 16:46:09 - [MESSAGE][NOT_RUN] - NOT_RUN: click(findTestObject("TestUser/logoutUser"))

2019-02-20 16:46:09 - [TEST_STEP][NOT_RUN] - Thread.sleep(2000): NOT_RUN: Thread.sleep(2000)

2019-02-20 16:46:09 - [MESSAGE][NOT_RUN] - NOT_RUN: Thread.sleep(2000)]]></system-out>
         <system-err><![CDATA[]]></system-err>
      </testcase>
      <testcase name="Test Cases/SupplierFlow/6_2_CreateRequirement_Items" classname="Test Cases/SupplierFlow/6_2_CreateRequirement_Items" status="ERROR">
         <error type="ERROR" message="Test Cases/SupplierFlow/6_2_CreateRequirement_Items FAILED.
Reason:
org.openqa.selenium.NoSuchElementException: no such element: Unable to locate element: {&quot;method&quot;:&quot;xpath&quot;,&quot;selector&quot;:&quot;//div[@id='scs-add-supplier-grid-container']/div[2]/table/tbody/tr[1]/td[2]&quot;}
  (Session info: chrome=72.0.3626.109)
  (Driver info: chromedriver=2.43.600210 (68dcf5eebde37173d4027fa8635e332711d2874a),platform=Windows NT 6.1.7601 SP1 x86_64) (WARNING: The server did not provide any stacktrace information)
Command duration or timeout: 0 milliseconds
For documentation on this error, please visit: http://seleniumhq.org/exceptions/no_such_element.html
Build info: version: '3.7.1', revision: '8a0099a', time: '2017-11-06T21:07:36.161Z'
System info: host: 'ABHISHEK-PASHIN', ip: '10.21.7.147', os.name: 'Windows 7', os.arch: 'amd64', os.version: '6.1', java.version: '1.8.0_181'
Driver info: com.kms.katalon.selenium.driver.CChromeDriver
Capabilities {acceptInsecureCerts: false, acceptSslCerts: false, applicationCacheEnabled: false, browserConnectionEnabled: false, browserName: chrome, chrome: {chromedriverVersion: 2.43.600210 (68dcf5eebde371..., userDataDir: C:\Users\PASHIN~1\AppData\L...}, cssSelectorsEnabled: true, databaseEnabled: false, goog:chromeOptions: {debuggerAddress: localhost:57672}, handlesAlerts: true, hasTouchScreen: false, javascriptEnabled: true, locationContextEnabled: true, mobileEmulationEnabled: false, nativeEvents: true, networkConnectionEnabled: false, pageLoadStrategy: normal, platform: XP, platformName: XP, rotatable: false, setWindowRect: true, takesHeapSnapshot: true, takesScreenshot: true, unexpectedAlertBehaviour: , unhandledPromptBehavior: , version: 72.0.3626.109, webStorageEnabled: true}
Session ID: 2a912b11e8cc759960547dda92ccd0e0
*** Element info: {Using=xpath, value=//div[@id='scs-add-supplier-grid-container']/div[2]/table/tbody/tr[1]/td[2]}
	at org.openqa.selenium.remote.ErrorHandler.createThrowable(ErrorHandler.java:214)
	at org.openqa.selenium.remote.ErrorHandler.throwIfResponseFailed(ErrorHandler.java:166)
	at org.openqa.selenium.remote.http.JsonHttpResponseCodec.reconstructValue(JsonHttpResponseCodec.java:40)
	at org.openqa.selenium.remote.http.AbstractHttpResponseCodec.decode(AbstractHttpResponseCodec.java:80)
	at org.openqa.selenium.remote.http.AbstractHttpResponseCodec.decode(AbstractHttpResponseCodec.java:44)
	at org.openqa.selenium.remote.HttpCommandExecutor.execute(HttpCommandExecutor.java:164)
	at org.openqa.selenium.remote.service.DriverCommandExecutor.execute(DriverCommandExecutor.java:83)
	at org.openqa.selenium.remote.RemoteWebDriver.execute(RemoteWebDriver.java:600)
	at com.kms.katalon.selenium.driver.CChromeDriver.execute(CChromeDriver.java:20)
	at org.openqa.selenium.remote.RemoteWebDriver.findElement(RemoteWebDriver.java:370)
	at org.openqa.selenium.remote.RemoteWebDriver.findElementByXPath(RemoteWebDriver.java:472)
	at org.openqa.selenium.By$ByXPath.findElement(By.java:361)
	at org.openqa.selenium.remote.RemoteWebDriver.findElement(RemoteWebDriver.java:362)
	at org.openqa.selenium.WebDriver$findElement.call(Unknown Source)
	at Supplier.selectNewItem(Supplier.groovy:267)
	at Supplier.invokeMethod(Supplier.groovy)
	at com.kms.katalon.core.main.CustomKeywordDelegatingMetaClass.invokeStaticMethod(CustomKeywordDelegatingMetaClass.java:49)
	at 6_2_CreateRequirement_Items.run(6_2_CreateRequirement_Items:192)
	at com.kms.katalon.core.main.ScriptEngine.run(ScriptEngine.java:194)
	at com.kms.katalon.core.main.ScriptEngine.runScriptAsRawText(ScriptEngine.java:119)
	at com.kms.katalon.core.main.TestCaseExecutor.runScript(TestCaseExecutor.java:328)
	at com.kms.katalon.core.main.TestCaseExecutor.doExecute(TestCaseExecutor.java:319)
	at com.kms.katalon.core.main.TestCaseExecutor.processExecutionPhase(TestCaseExecutor.java:298)
	at com.kms.katalon.core.main.TestCaseExecutor.accessMainPhase(TestCaseExecutor.java:290)
	at com.kms.katalon.core.main.TestCaseExecutor.execute(TestCaseExecutor.java:224)
	at com.kms.katalon.core.main.TestSuiteExecutor.accessTestCaseMainPhase(TestSuiteExecutor.java:129)
	at com.kms.katalon.core.main.TestSuiteExecutor.accessTestSuiteMainPhase(TestSuiteExecutor.java:112)
	at com.kms.katalon.core.main.TestSuiteExecutor.execute(TestSuiteExecutor.java:81)
	at com.kms.katalon.core.main.TestCaseMain.startTestSuite(TestCaseMain.java:149)
	at com.kms.katalon.core.main.TestCaseMain$startTestSuite$0.call(Unknown Source)
	at TempTestSuite1550660682183.run(TempTestSuite1550660682183.groovy:36)
"/>
         <system-out><![CDATA[2019-02-20 16:46:09 - [TEST_CASE][ERROR] - Test Cases/SupplierFlow/6_2_CreateRequirement_Items: Test Cases/SupplierFlow/6_2_CreateRequirement_Items FAILED.
Reason:
org.openqa.selenium.NoSuchElementException: no such element: Unable to locate element: {"method":"xpath","selector":"//div[@id='scs-add-supplier-grid-container']/div[2]/table/tbody/tr[1]/td[2]"}
  (Session info: chrome=72.0.3626.109)
  (Driver info: chromedriver=2.43.600210 (68dcf5eebde37173d4027fa8635e332711d2874a),platform=Windows NT 6.1.7601 SP1 x86_64) (WARNING: The server did not provide any stacktrace information)
Command duration or timeout: 0 milliseconds
For documentation on this error, please visit: http://seleniumhq.org/exceptions/no_such_element.html
Build info: version: '3.7.1', revision: '8a0099a', time: '2017-11-06T21:07:36.161Z'
System info: host: 'ABHISHEK-PASHIN', ip: '10.21.7.147', os.name: 'Windows 7', os.arch: 'amd64', os.version: '6.1', java.version: '1.8.0_181'
Driver info: com.kms.katalon.selenium.driver.CChromeDriver
Capabilities {acceptInsecureCerts: false, acceptSslCerts: false, applicationCacheEnabled: false, browserConnectionEnabled: false, browserName: chrome, chrome: {chromedriverVersion: 2.43.600210 (68dcf5eebde371..., userDataDir: C:\Users\PASHIN~1\AppData\L...}, cssSelectorsEnabled: true, databaseEnabled: false, goog:chromeOptions: {debuggerAddress: localhost:57672}, handlesAlerts: true, hasTouchScreen: false, javascriptEnabled: true, locationContextEnabled: true, mobileEmulationEnabled: false, nativeEvents: true, networkConnectionEnabled: false, pageLoadStrategy: normal, platform: XP, platformName: XP, rotatable: false, setWindowRect: true, takesHeapSnapshot: true, takesScreenshot: true, unexpectedAlertBehaviour: , unhandledPromptBehavior: , version: 72.0.3626.109, webStorageEnabled: true}
Session ID: 2a912b11e8cc759960547dda92ccd0e0
*** Element info: {Using=xpath, value=//div[@id='scs-add-supplier-grid-container']/div[2]/table/tbody/tr[1]/td[2]}
	at org.openqa.selenium.remote.ErrorHandler.createThrowable(ErrorHandler.java:214)
	at org.openqa.selenium.remote.ErrorHandler.throwIfResponseFailed(ErrorHandler.java:166)
	at org.openqa.selenium.remote.http.JsonHttpResponseCodec.reconstructValue(JsonHttpResponseCodec.java:40)
	at org.openqa.selenium.remote.http.AbstractHttpResponseCodec.decode(AbstractHttpResponseCodec.java:80)
	at org.openqa.selenium.remote.http.AbstractHttpResponseCodec.decode(AbstractHttpResponseCodec.java:44)
	at org.openqa.selenium.remote.HttpCommandExecutor.execute(HttpCommandExecutor.java:164)
	at org.openqa.selenium.remote.service.DriverCommandExecutor.execute(DriverCommandExecutor.java:83)
	at org.openqa.selenium.remote.RemoteWebDriver.execute(RemoteWebDriver.java:600)
	at com.kms.katalon.selenium.driver.CChromeDriver.execute(CChromeDriver.java:20)
	at org.openqa.selenium.remote.RemoteWebDriver.findElement(RemoteWebDriver.java:370)
	at org.openqa.selenium.remote.RemoteWebDriver.findElementByXPath(RemoteWebDriver.java:472)
	at org.openqa.selenium.By$ByXPath.findElement(By.java:361)
	at org.openqa.selenium.remote.RemoteWebDriver.findElement(RemoteWebDriver.java:362)
	at org.openqa.selenium.WebDriver$findElement.call(Unknown Source)
	at Supplier.selectNewItem(Supplier.groovy:267)
	at Supplier.invokeMethod(Supplier.groovy)
	at com.kms.katalon.core.main.CustomKeywordDelegatingMetaClass.invokeStaticMethod(CustomKeywordDelegatingMetaClass.java:49)
	at 6_2_CreateRequirement_Items.run(6_2_CreateRequirement_Items:192)
	at com.kms.katalon.core.main.ScriptEngine.run(ScriptEngine.java:194)
	at com.kms.katalon.core.main.ScriptEngine.runScriptAsRawText(ScriptEngine.java:119)
	at com.kms.katalon.core.main.TestCaseExecutor.runScript(TestCaseExecutor.java:328)
	at com.kms.katalon.core.main.TestCaseExecutor.doExecute(TestCaseExecutor.java:319)
	at com.kms.katalon.core.main.TestCaseExecutor.processExecutionPhase(TestCaseExecutor.java:298)
	at com.kms.katalon.core.main.TestCaseExecutor.accessMainPhase(TestCaseExecutor.java:290)
	at com.kms.katalon.core.main.TestCaseExecutor.execute(TestCaseExecutor.java:224)
	at com.kms.katalon.core.main.TestSuiteExecutor.accessTestCaseMainPhase(TestSuiteExecutor.java:129)
	at com.kms.katalon.core.main.TestSuiteExecutor.accessTestSuiteMainPhase(TestSuiteExecutor.java:112)
	at com.kms.katalon.core.main.TestSuiteExecutor.execute(TestSuiteExecutor.java:81)
	at com.kms.katalon.core.main.TestCaseMain.startTestSuite(TestCaseMain.java:149)
	at com.kms.katalon.core.main.TestCaseMain$startTestSuite$0.call(Unknown Source)
	at TempTestSuite1550660682183.run(TempTestSuite1550660682183.groovy:36)


2019-02-20 16:46:09 - [TEST_STEP][NOT_RUN] - openBrowser(URL): NOT_RUN: openBrowser(URL)

2019-02-20 16:46:09 - [MESSAGE][NOT_RUN] - NOT_RUN: openBrowser(URL)

2019-02-20 16:46:09 - [TEST_STEP][NOT_RUN] - maximizeWindow(): NOT_RUN: maximizeWindow()

2019-02-20 16:46:09 - [MESSAGE][NOT_RUN] - NOT_RUN: maximizeWindow()

2019-02-20 16:46:09 - [TEST_STEP][NOT_RUN] - setText(findTestObject("TestUserLocation/login_Username"), UserName1): NOT_RUN: setText(findTestObject("TestUserLocation/login_Username"), UserName1)

2019-02-20 16:46:09 - [MESSAGE][NOT_RUN] - NOT_RUN: setText(findTestObject("TestUserLocation/login_Username"), UserName1)

2019-02-20 16:46:09 - [TEST_STEP][NOT_RUN] - setText(findTestObject("TestUserLocation/login_Password"), Password1): NOT_RUN: setText(findTestObject("TestUserLocation/login_Password"), Password1)

2019-02-20 16:46:09 - [MESSAGE][NOT_RUN] - NOT_RUN: setText(findTestObject("TestUserLocation/login_Password"), Password1)

2019-02-20 16:46:09 - [TEST_STEP][PASSED] - Thread.sleep(2000): null

2019-02-20 16:46:11 - [TEST_STEP][PASSED] - Supplier.setItemName(): Supplier.setItemName is PASSED

2019-02-20 16:46:11 - [MESSAGE][PASSED] - Supplier.setItemName is PASSED

2019-02-20 16:46:11 - [TEST_STEP][NOT_RUN] - click(findTestObject("TestUserLocation/login_Button")): NOT_RUN: click(findTestObject("TestUserLocation/login_Button"))

2019-02-20 16:46:11 - [MESSAGE][NOT_RUN] - NOT_RUN: click(findTestObject("TestUserLocation/login_Button"))

2019-02-20 16:46:11 - [TEST_STEP][PASSED] - Thread.sleep(6000): null

2019-02-20 16:46:17 - [TEST_STEP][NOT_RUN] - Thread.sleep(4000): NOT_RUN: Thread.sleep(4000)

2019-02-20 16:46:17 - [MESSAGE][NOT_RUN] - NOT_RUN: Thread.sleep(4000)

2019-02-20 16:46:17 - [TEST_STEP][PASSED] - click(findTestObject("TestUserLocation/mainmenu_button")): Object: 'Object Repository/TestUserLocation/mainmenu_button' is clicked on

2019-02-20 16:46:17 - [MESSAGE][PASSED] - Object: 'Object Repository/TestUserLocation/mainmenu_button' is clicked on

2019-02-20 16:46:17 - [TEST_STEP][NOT_RUN] - click(findTestObject("Form_Selection_Creation/mainMenu_AdminTools")): NOT_RUN: click(findTestObject("Form_Selection_Creation/mainMenu_AdminTools"))

2019-02-20 16:46:17 - [MESSAGE][NOT_RUN] - NOT_RUN: click(findTestObject("Form_Selection_Creation/mainMenu_AdminTools"))

2019-02-20 16:46:17 - [TEST_STEP][PASSED] - Thread.sleep(2000): null

2019-02-20 16:46:19 - [TEST_STEP][PASSED] - click(findTestObject("SupplierFlow/requirements")): Object: 'Object Repository/SupplierFlow/requirements' is clicked on

2019-02-20 16:46:19 - [MESSAGE][PASSED] - Object: 'Object Repository/SupplierFlow/requirements' is clicked on

2019-02-20 16:46:19 - [TEST_STEP][PASSED] - Thread.sleep(4000): null

2019-02-20 16:46:23 - [TEST_STEP][PASSED] - click(findTestObject("SupplierFlow/openReqOptions")): Object: 'Object Repository/SupplierFlow/openReqOptions' is clicked on

2019-02-20 16:46:24 - [MESSAGE][PASSED] - Object: 'Object Repository/SupplierFlow/openReqOptions' is clicked on

2019-02-20 16:46:24 - [TEST_STEP][PASSED] - Thread.sleep(2000): null

2019-02-20 16:46:26 - [TEST_STEP][PASSED] - click(findTestObject("SupplierFlow/selectItemOption")): Object: 'Object Repository/SupplierFlow/selectItemOption' is clicked on

2019-02-20 16:46:26 - [MESSAGE][PASSED] - Object: 'Object Repository/SupplierFlow/selectItemOption' is clicked on

2019-02-20 16:46:26 - [TEST_STEP][PASSED] - Thread.sleep(2000): null

2019-02-20 16:46:28 - [TEST_STEP][PASSED] - click(findTestObject("SupplierFlow/addSupplierPlus")): Object: 'Object Repository/SupplierFlow/addSupplierPlus' is clicked on

2019-02-20 16:46:28 - [MESSAGE][PASSED] - Object: 'Object Repository/SupplierFlow/addSupplierPlus' is clicked on

2019-02-20 16:46:28 - [TEST_STEP][PASSED] - Thread.sleep(2000): null

2019-02-20 16:46:30 - [TEST_STEP][PASSED] - setText(findTestObject("SupplierFlow/setSupplierInRequirement"), findTestData("SupplierData").getValue("ItemName", 1)): Text 'ItemReq_20/02/19-16:46' is set on object 'Object Repository/SupplierFlow/setSupplierInRequirement'

2019-02-20 16:46:30 - [MESSAGE][PASSED] - Text 'ItemReq_20/02/19-16:46' is set on object 'Object Repository/SupplierFlow/setSupplierInRequirement'

2019-02-20 16:46:30 - [TEST_STEP][PASSED] - sendKeys(findTestObject("SupplierFlow/setSupplierInRequirement"), Keys.chord(ENTER)): Keys 'ENTER + ' sent to object: 'Object Repository/SupplierFlow/setSupplierInRequirement'

2019-02-20 16:46:30 - [MESSAGE][PASSED] - Keys 'ENTER + ' sent to object: 'Object Repository/SupplierFlow/setSupplierInRequirement'

2019-02-20 16:46:30 - [TEST_STEP][PASSED] - Thread.sleep(4000): null

2019-02-20 16:46:34 - [TEST_STEP][PASSED] - click(findTestObject("SupplierFlow/optionToSelectNewRequirement")): Object: 'Object Repository/SupplierFlow/optionToSelectNewRequirement' is clicked on

2019-02-20 16:46:34 - [MESSAGE][PASSED] - Object: 'Object Repository/SupplierFlow/optionToSelectNewRequirement' is clicked on

2019-02-20 16:46:34 - [TEST_STEP][PASSED] - Thread.sleep(2000): null

2019-02-20 16:46:36 - [TEST_STEP][PASSED] - click(findTestObject("SupplierFlow/selectAckOption")): Object: 'Object Repository/SupplierFlow/selectAckOption' is clicked on

2019-02-20 16:46:36 - [MESSAGE][PASSED] - Object: 'Object Repository/SupplierFlow/selectAckOption' is clicked on

2019-02-20 16:46:36 - [TEST_STEP][PASSED] - waitForElementNotPresent(findTestObject("SupplierFlow/testACK"), 45): Web element with id: 'Object Repository/SupplierFlow/testACK' located by 'By.xpath: //*[@id="scs-pp-acknowledgement-step-1-grid-container"]//tr[1]/td[3]' is not present after '45' second(s)

2019-02-20 16:46:37 - [MESSAGE][PASSED] - Web element with id: 'Object Repository/SupplierFlow/testACK' located by 'By.xpath: //*[@id="scs-pp-acknowledgement-step-1-grid-container"]//tr[1]/td[3]' is not present after '45' second(s)

2019-02-20 16:46:37 - [TEST_STEP][PASSED] - waitForElementClickable(findTestObject("SupplierFlow/testACK"), 45): Object 'Object Repository/SupplierFlow/testACK' is clickable

2019-02-20 16:46:40 - [MESSAGE][PASSED] - Object 'Object Repository/SupplierFlow/testACK' is clickable

2019-02-20 16:46:40 - [TEST_STEP][PASSED] - Supplier.selectACK(): Supplier.selectACK is PASSED

2019-02-20 16:46:44 - [MESSAGE][PASSED] - Supplier.selectACK is PASSED

2019-02-20 16:46:44 - [TEST_STEP][PASSED] - Thread.sleep(2000): null

2019-02-20 16:46:46 - [TEST_STEP][PASSED] - click(findTestObject("SupplierFlow/nextButtonReqForm")): Object: 'Object Repository/SupplierFlow/nextButtonReqForm' is clicked on

2019-02-20 16:46:46 - [MESSAGE][PASSED] - Object: 'Object Repository/SupplierFlow/nextButtonReqForm' is clicked on

2019-02-20 16:46:46 - [TEST_STEP][NOT_RUN] - Thread.sleep(3000): NOT_RUN: Thread.sleep(3000)

2019-02-20 16:46:46 - [MESSAGE][NOT_RUN] - NOT_RUN: Thread.sleep(3000)

2019-02-20 16:46:46 - [TEST_STEP][NOT_RUN] - click(findTestObject("SupplierFlow/bold")): NOT_RUN: click(findTestObject("SupplierFlow/bold"))

2019-02-20 16:46:46 - [MESSAGE][NOT_RUN] - NOT_RUN: click(findTestObject("SupplierFlow/bold"))

2019-02-20 16:46:46 - [TEST_STEP][NOT_RUN] - Thread.sleep(2000): NOT_RUN: Thread.sleep(2000)

2019-02-20 16:46:46 - [MESSAGE][NOT_RUN] - NOT_RUN: Thread.sleep(2000)

2019-02-20 16:46:46 - [TEST_STEP][NOT_RUN] - sendKeys(findTestObject("SupplierFlow/ackMessage"), "This is automatic acknowledment message."): NOT_RUN: sendKeys(findTestObject("SupplierFlow/ackMessage"), "This is automatic acknowledment message.")

2019-02-20 16:46:46 - [MESSAGE][NOT_RUN] - NOT_RUN: sendKeys(findTestObject("SupplierFlow/ackMessage"), "This is automatic acknowledment message.")

2019-02-20 16:46:46 - [TEST_STEP][PASSED] - Thread.sleep(2000): null

2019-02-20 16:46:48 - [TEST_STEP][PASSED] - click(findTestObject("SupplierFlow/nextButtonReqForm")): Object: 'Object Repository/SupplierFlow/nextButtonReqForm' is clicked on

2019-02-20 16:46:49 - [MESSAGE][PASSED] - Object: 'Object Repository/SupplierFlow/nextButtonReqForm' is clicked on

2019-02-20 16:46:49 - [TEST_STEP][PASSED] - Supplier.setACKTaskName1(): Supplier.setACKTaskName1 is PASSED

2019-02-20 16:46:51 - [MESSAGE][PASSED] - Supplier.setACKTaskName1 is PASSED

2019-02-20 16:46:51 - [TEST_STEP][PASSED] - Thread.sleep(4000): null

2019-02-20 16:46:55 - [TEST_STEP][PASSED] - setText(findTestObject("SupplierFlow/setTaskName"), findTestData("SupplierData").getValue("ACKTask1", 1)): Text 'TestACKTask_20/02/19-16:46' is set on object 'Object Repository/SupplierFlow/setTaskName'

2019-02-20 16:46:55 - [MESSAGE][PASSED] - Text 'TestACKTask_20/02/19-16:46' is set on object 'Object Repository/SupplierFlow/setTaskName'

2019-02-20 16:46:55 - [TEST_STEP][PASSED] - click(findTestObject("SupplierFlow/approvedBy")): Object: 'Object Repository/SupplierFlow/approvedBy' is clicked on

2019-02-20 16:46:56 - [MESSAGE][PASSED] - Object: 'Object Repository/SupplierFlow/approvedBy' is clicked on

2019-02-20 16:46:56 - [TEST_STEP][PASSED] - Thread.sleep(2000): null

2019-02-20 16:46:58 - [TEST_STEP][PASSED] - Supplier.selectWG(): Supplier.selectWG is PASSED

2019-02-20 16:47:09 - [MESSAGE][PASSED] - Supplier.selectWG is PASSED

2019-02-20 16:47:09 - [TEST_STEP][PASSED] - Thread.sleep(2000): null

2019-02-20 16:47:11 - [TEST_STEP][PASSED] - click(findTestObject("SupplierFlow/saveButtonTask")): Object: 'Object Repository/SupplierFlow/saveButtonTask' is clicked on

2019-02-20 16:47:11 - [MESSAGE][PASSED] - Object: 'Object Repository/SupplierFlow/saveButtonTask' is clicked on

2019-02-20 16:47:11 - [TEST_STEP][PASSED] - Thread.sleep(6000): null

2019-02-20 16:47:17 - [TEST_STEP][PASSED] - click(findTestObject("SupplierFlow/optionToSelectNewRequirement")): Object: 'Object Repository/SupplierFlow/optionToSelectNewRequirement' is clicked on

2019-02-20 16:47:17 - [MESSAGE][PASSED] - Object: 'Object Repository/SupplierFlow/optionToSelectNewRequirement' is clicked on

2019-02-20 16:47:17 - [TEST_STEP][PASSED] - Thread.sleep(2000): null

2019-02-20 16:47:19 - [TEST_STEP][PASSED] - click(findTestObject("SupplierFlow/selectCompleteForm")): Object: 'Object Repository/SupplierFlow/selectCompleteForm' is clicked on

2019-02-20 16:47:19 - [MESSAGE][PASSED] - Object: 'Object Repository/SupplierFlow/selectCompleteForm' is clicked on

2019-02-20 16:47:19 - [TEST_STEP][PASSED] - waitForElementNotPresent(findTestObject("SupplierFlow/testForm"), 45): Web element with id: 'Object Repository/SupplierFlow/testForm' located by 'By.xpath: //*[@id="scs-pp-acknowledgement-step-1-grid-container"]//tr[1]/td[2]' is not present after '45' second(s)

2019-02-20 16:47:20 - [MESSAGE][PASSED] - Web element with id: 'Object Repository/SupplierFlow/testForm' located by 'By.xpath: //*[@id="scs-pp-acknowledgement-step-1-grid-container"]//tr[1]/td[2]' is not present after '45' second(s)

2019-02-20 16:47:20 - [TEST_STEP][PASSED] - waitForElementClickable(findTestObject("SupplierFlow/testForm"), 45): Object 'Object Repository/SupplierFlow/testForm' is clickable

2019-02-20 16:47:25 - [MESSAGE][PASSED] - Object 'Object Repository/SupplierFlow/testForm' is clickable

2019-02-20 16:47:25 - [TEST_STEP][NOT_RUN] - check(findTestObject("SupplierFlow/selectForm")): NOT_RUN: check(findTestObject("SupplierFlow/selectForm"))

2019-02-20 16:47:25 - [MESSAGE][NOT_RUN] - NOT_RUN: check(findTestObject("SupplierFlow/selectForm"))

2019-02-20 16:47:25 - [TEST_STEP][PASSED] - Supplier.selectForm(): Supplier.selectForm is PASSED

2019-02-20 16:47:29 - [MESSAGE][PASSED] - Supplier.selectForm is PASSED

2019-02-20 16:47:29 - [TEST_STEP][PASSED] - Thread.sleep(2000): null

2019-02-20 16:47:31 - [TEST_STEP][PASSED] - click(findTestObject("SupplierFlow/nextButtonReqForm")): Object: 'Object Repository/SupplierFlow/nextButtonReqForm' is clicked on

2019-02-20 16:47:31 - [MESSAGE][PASSED] - Object: 'Object Repository/SupplierFlow/nextButtonReqForm' is clicked on

2019-02-20 16:47:31 - [TEST_STEP][PASSED] - Supplier.setFormTaskName1(): Supplier.setFormTaskName1 is PASSED

2019-02-20 16:47:33 - [MESSAGE][PASSED] - Supplier.setFormTaskName1 is PASSED

2019-02-20 16:47:33 - [TEST_STEP][PASSED] - Thread.sleep(4000): null

2019-02-20 16:47:37 - [TEST_STEP][PASSED] - setText(findTestObject("SupplierFlow/setTaskName"), findTestData("SupplierData").getValue("FormTask1", 1)): Text 'TestFormTask_20/02/19-16:47' is set on object 'Object Repository/SupplierFlow/setTaskName'

2019-02-20 16:47:38 - [MESSAGE][PASSED] - Text 'TestFormTask_20/02/19-16:47' is set on object 'Object Repository/SupplierFlow/setTaskName'

2019-02-20 16:47:38 - [TEST_STEP][PASSED] - click(findTestObject("SupplierFlow/approvedBy")): Object: 'Object Repository/SupplierFlow/approvedBy' is clicked on

2019-02-20 16:47:38 - [MESSAGE][PASSED] - Object: 'Object Repository/SupplierFlow/approvedBy' is clicked on

2019-02-20 16:47:38 - [TEST_STEP][PASSED] - Thread.sleep(2000): null

2019-02-20 16:47:40 - [TEST_STEP][PASSED] - Supplier.selectWG(): Supplier.selectWG is PASSED

2019-02-20 16:47:55 - [MESSAGE][PASSED] - Supplier.selectWG is PASSED

2019-02-20 16:47:55 - [TEST_STEP][PASSED] - Thread.sleep(2000): null

2019-02-20 16:47:57 - [TEST_STEP][PASSED] - click(findTestObject("SupplierFlow/saveButtonTask")): Object: 'Object Repository/SupplierFlow/saveButtonTask' is clicked on

2019-02-20 16:47:57 - [MESSAGE][PASSED] - Object: 'Object Repository/SupplierFlow/saveButtonTask' is clicked on

2019-02-20 16:47:57 - [TEST_STEP][PASSED] - AdminTool_Location.moveCursor(): AdminTool_Location.moveCursor is PASSED

2019-02-20 16:47:57 - [MESSAGE][PASSED] - AdminTool_Location.moveCursor is PASSED

2019-02-20 16:47:57 - [TEST_STEP][PASSED] - Thread.sleep(2000): null

2019-02-20 16:47:59 - [TEST_STEP][PASSED] - Thread.sleep(6000): null

2019-02-20 16:48:05 - [TEST_STEP][PASSED] - click(findTestObject("SupplierFlow/optionToSelectNewRequirement")): Object: 'Object Repository/SupplierFlow/optionToSelectNewRequirement' is clicked on

2019-02-20 16:48:05 - [MESSAGE][PASSED] - Object: 'Object Repository/SupplierFlow/optionToSelectNewRequirement' is clicked on

2019-02-20 16:48:05 - [TEST_STEP][PASSED] - Thread.sleep(2000): null

2019-02-20 16:48:07 - [TEST_STEP][PASSED] - click(findTestObject("SupplierFlow/selectDocumentUploadOption")): Object: 'Object Repository/SupplierFlow/selectDocumentUploadOption' is clicked on

2019-02-20 16:48:07 - [MESSAGE][PASSED] - Object: 'Object Repository/SupplierFlow/selectDocumentUploadOption' is clicked on

2019-02-20 16:48:07 - [TEST_STEP][PASSED] - waitForElementNotPresent(findTestObject("SupplierFlow/testDoc"), 45): Web element with id: 'Object Repository/SupplierFlow/testDoc' located by 'By.xpath: //*[@id="scs-pp-acknowledgement-step-1-grid-container"]//tr[1]/td[2]' is not present after '45' second(s)

2019-02-20 16:48:12 - [MESSAGE][PASSED] - Web element with id: 'Object Repository/SupplierFlow/testDoc' located by 'By.xpath: //*[@id="scs-pp-acknowledgement-step-1-grid-container"]//tr[1]/td[2]' is not present after '45' second(s)

2019-02-20 16:48:12 - [TEST_STEP][PASSED] - waitForElementClickable(findTestObject("SupplierFlow/testDoc"), 45): Object 'Object Repository/SupplierFlow/testDoc' is clickable

2019-02-20 16:48:12 - [MESSAGE][PASSED] - Object 'Object Repository/SupplierFlow/testDoc' is clickable

2019-02-20 16:48:12 - [TEST_STEP][PASSED] - Supplier.selectDocument(): Supplier.selectDocument is PASSED

2019-02-20 16:48:16 - [MESSAGE][PASSED] - Supplier.selectDocument is PASSED

2019-02-20 16:48:16 - [TEST_STEP][PASSED] - Thread.sleep(2000): null

2019-02-20 16:48:18 - [TEST_STEP][PASSED] - click(findTestObject("SupplierFlow/nextButtonReqForm")): Object: 'Object Repository/SupplierFlow/nextButtonReqForm' is clicked on

2019-02-20 16:48:19 - [MESSAGE][PASSED] - Object: 'Object Repository/SupplierFlow/nextButtonReqForm' is clicked on

2019-02-20 16:48:19 - [TEST_STEP][PASSED] - Supplier.setDocTaskName1(): Supplier.setDocTaskName1 is PASSED

2019-02-20 16:48:21 - [MESSAGE][PASSED] - Supplier.setDocTaskName1 is PASSED

2019-02-20 16:48:21 - [TEST_STEP][PASSED] - Thread.sleep(4000): null

2019-02-20 16:48:25 - [TEST_STEP][PASSED] - setText(findTestObject("SupplierFlow/setTaskName"), findTestData("SupplierData").getValue("DocTask1", 1)): Text 'TestDocTask_20/02/19-16:48' is set on object 'Object Repository/SupplierFlow/setTaskName'

2019-02-20 16:48:30 - [MESSAGE][PASSED] - Text 'TestDocTask_20/02/19-16:48' is set on object 'Object Repository/SupplierFlow/setTaskName'

2019-02-20 16:48:30 - [TEST_STEP][PASSED] - click(findTestObject("SupplierFlow/approvedBy")): Object: 'Object Repository/SupplierFlow/approvedBy' is clicked on

2019-02-20 16:48:31 - [MESSAGE][PASSED] - Object: 'Object Repository/SupplierFlow/approvedBy' is clicked on

2019-02-20 16:48:31 - [TEST_STEP][PASSED] - Thread.sleep(2000): null

2019-02-20 16:48:33 - [TEST_STEP][PASSED] - Supplier.selectWG(): Supplier.selectWG is PASSED

2019-02-20 16:48:50 - [MESSAGE][PASSED] - Supplier.selectWG is PASSED

2019-02-20 16:48:50 - [TEST_STEP][PASSED] - Thread.sleep(2000): null

2019-02-20 16:48:52 - [TEST_STEP][PASSED] - click(findTestObject("SupplierFlow/saveButtonTask")): Object: 'Object Repository/SupplierFlow/saveButtonTask' is clicked on

2019-02-20 16:48:53 - [MESSAGE][PASSED] - Object: 'Object Repository/SupplierFlow/saveButtonTask' is clicked on

2019-02-20 16:48:53 - [TEST_STEP][PASSED] - Thread.sleep(6000): null

2019-02-20 16:48:59 - [TEST_STEP][PASSED] - click(findTestObject("SupplierFlow/itemsTabInReq")): Object: 'Object Repository/SupplierFlow/itemsTabInReq' is clicked on

2019-02-20 16:48:59 - [MESSAGE][PASSED] - Object: 'Object Repository/SupplierFlow/itemsTabInReq' is clicked on

2019-02-20 16:48:59 - [TEST_STEP][PASSED] - Thread.sleep(4000): null

2019-02-20 16:49:03 - [TEST_STEP][PASSED] - click(findTestObject("SupplierFlow/selectNewSupplier")): Object: 'Object Repository/SupplierFlow/selectNewSupplier' is clicked on

2019-02-20 16:49:03 - [MESSAGE][PASSED] - Object: 'Object Repository/SupplierFlow/selectNewSupplier' is clicked on

2019-02-20 16:49:03 - [TEST_STEP][PASSED] - Thread.sleep(4000): null

2019-02-20 16:49:07 - [TEST_STEP][ERROR] - Supplier.selectNewItem(): Supplier.selectNewItem() FAILED.
Reason:
org.openqa.selenium.NoSuchElementException: no such element: Unable to locate element: {"method":"xpath","selector":"//div[@id='scs-add-supplier-grid-container']/div[2]/table/tbody/tr[1]/td[2]"}
  (Session info: chrome=72.0.3626.109)
  (Driver info: chromedriver=2.43.600210 (68dcf5eebde37173d4027fa8635e332711d2874a),platform=Windows NT 6.1.7601 SP1 x86_64) (WARNING: The server did not provide any stacktrace information)
Command duration or timeout: 0 milliseconds
For documentation on this error, please visit: http://seleniumhq.org/exceptions/no_such_element.html
Build info: version: '3.7.1', revision: '8a0099a', time: '2017-11-06T21:07:36.161Z'
System info: host: 'ABHISHEK-PASHIN', ip: '10.21.7.147', os.name: 'Windows 7', os.arch: 'amd64', os.version: '6.1', java.version: '1.8.0_181'
Driver info: com.kms.katalon.selenium.driver.CChromeDriver
Capabilities {acceptInsecureCerts: false, acceptSslCerts: false, applicationCacheEnabled: false, browserConnectionEnabled: false, browserName: chrome, chrome: {chromedriverVersion: 2.43.600210 (68dcf5eebde371..., userDataDir: C:\Users\PASHIN~1\AppData\L...}, cssSelectorsEnabled: true, databaseEnabled: false, goog:chromeOptions: {debuggerAddress: localhost:57672}, handlesAlerts: true, hasTouchScreen: false, javascriptEnabled: true, locationContextEnabled: true, mobileEmulationEnabled: false, nativeEvents: true, networkConnectionEnabled: false, pageLoadStrategy: normal, platform: XP, platformName: XP, rotatable: false, setWindowRect: true, takesHeapSnapshot: true, takesScreenshot: true, unexpectedAlertBehaviour: , unhandledPromptBehavior: , version: 72.0.3626.109, webStorageEnabled: true}
Session ID: 2a912b11e8cc759960547dda92ccd0e0
*** Element info: {Using=xpath, value=//div[@id='scs-add-supplier-grid-container']/div[2]/table/tbody/tr[1]/td[2]}
	at org.openqa.selenium.remote.ErrorHandler.createThrowable(ErrorHandler.java:214)
	at org.openqa.selenium.remote.ErrorHandler.throwIfResponseFailed(ErrorHandler.java:166)
	at org.openqa.selenium.remote.http.JsonHttpResponseCodec.reconstructValue(JsonHttpResponseCodec.java:40)
	at org.openqa.selenium.remote.http.AbstractHttpResponseCodec.decode(AbstractHttpResponseCodec.java:80)
	at org.openqa.selenium.remote.http.AbstractHttpResponseCodec.decode(AbstractHttpResponseCodec.java:44)
	at org.openqa.selenium.remote.HttpCommandExecutor.execute(HttpCommandExecutor.java:164)
	at org.openqa.selenium.remote.service.DriverCommandExecutor.execute(DriverCommandExecutor.java:83)
	at org.openqa.selenium.remote.RemoteWebDriver.execute(RemoteWebDriver.java:600)
	at com.kms.katalon.selenium.driver.CChromeDriver.execute(CChromeDriver.java:20)
	at org.openqa.selenium.remote.RemoteWebDriver.findElement(RemoteWebDriver.java:370)
	at org.openqa.selenium.remote.RemoteWebDriver.findElementByXPath(RemoteWebDriver.java:472)
	at org.openqa.selenium.By$ByXPath.findElement(By.java:361)
	at org.openqa.selenium.remote.RemoteWebDriver.findElement(RemoteWebDriver.java:362)
	at org.openqa.selenium.WebDriver$findElement.call(Unknown Source)
	at Supplier.selectNewItem(Supplier.groovy:267)
	at Supplier.invokeMethod(Supplier.groovy)
	at com.kms.katalon.core.main.CustomKeywordDelegatingMetaClass.invokeStaticMethod(CustomKeywordDelegatingMetaClass.java:49)
	at 6_2_CreateRequirement_Items.run(6_2_CreateRequirement_Items:192)
	at com.kms.katalon.core.main.ScriptEngine.run(ScriptEngine.java:194)
	at com.kms.katalon.core.main.ScriptEngine.runScriptAsRawText(ScriptEngine.java:119)
	at com.kms.katalon.core.main.TestCaseExecutor.runScript(TestCaseExecutor.java:328)
	at com.kms.katalon.core.main.TestCaseExecutor.doExecute(TestCaseExecutor.java:319)
	at com.kms.katalon.core.main.TestCaseExecutor.processExecutionPhase(TestCaseExecutor.java:298)
	at com.kms.katalon.core.main.TestCaseExecutor.accessMainPhase(TestCaseExecutor.java:290)
	at com.kms.katalon.core.main.TestCaseExecutor.execute(TestCaseExecutor.java:224)
	at com.kms.katalon.core.main.TestSuiteExecutor.accessTestCaseMainPhase(TestSuiteExecutor.java:129)
	at com.kms.katalon.core.main.TestSuiteExecutor.accessTestSuiteMainPhase(TestSuiteExecutor.java:112)
	at com.kms.katalon.core.main.TestSuiteExecutor.execute(TestSuiteExecutor.java:81)
	at com.kms.katalon.core.main.TestCaseMain.startTestSuite(TestCaseMain.java:149)
	at com.kms.katalon.core.main.TestCaseMain$startTestSuite$0.call(Unknown Source)
	at TempTestSuite1550660682183.run(TempTestSuite1550660682183.groovy:36)


2019-02-20 16:49:07 - [MESSAGE][ERROR] - no such element: Unable to locate element: {"method":"xpath","selector":"//div[@id='scs-add-supplier-grid-container']/div[2]/table/tbody/tr[1]/td[2]"}
  (Session info: chrome=72.0.3626.109)
  (Driver info: chromedriver=2.43.600210 (68dcf5eebde37173d4027fa8635e332711d2874a),platform=Windows NT 6.1.7601 SP1 x86_64) (WARNING: The server did not provide any stacktrace information)
Command duration or timeout: 0 milliseconds
For documentation on this error, please visit: http://seleniumhq.org/exceptions/no_such_element.html
Build info: version: '3.7.1', revision: '8a0099a', time: '2017-11-06T21:07:36.161Z'
System info: host: 'ABHISHEK-PASHIN', ip: '10.21.7.147', os.name: 'Windows 7', os.arch: 'amd64', os.version: '6.1', java.version: '1.8.0_181'
Driver info: com.kms.katalon.selenium.driver.CChromeDriver
Capabilities {acceptInsecureCerts: false, acceptSslCerts: false, applicationCacheEnabled: false, browserConnectionEnabled: false, browserName: chrome, chrome: {chromedriverVersion: 2.43.600210 (68dcf5eebde371..., userDataDir: C:\Users\PASHIN~1\AppData\L...}, cssSelectorsEnabled: true, databaseEnabled: false, goog:chromeOptions: {debuggerAddress: localhost:57672}, handlesAlerts: true, hasTouchScreen: false, javascriptEnabled: true, locationContextEnabled: true, mobileEmulationEnabled: false, nativeEvents: true, networkConnectionEnabled: false, pageLoadStrategy: normal, platform: XP, platformName: XP, rotatable: false, setWindowRect: true, takesHeapSnapshot: true, takesScreenshot: true, unexpectedAlertBehaviour: , unhandledPromptBehavior: , version: 72.0.3626.109, webStorageEnabled: true}
Session ID: 2a912b11e8cc759960547dda92ccd0e0
*** Element info: {Using=xpath, value=//div[@id='scs-add-supplier-grid-container']/div[2]/table/tbody/tr[1]/td[2]}

2019-02-20 16:49:07 - [MESSAGE][ERROR] - Supplier.selectNewItem() FAILED.
Reason:
org.openqa.selenium.NoSuchElementException: no such element: Unable to locate element: {"method":"xpath","selector":"//div[@id='scs-add-supplier-grid-container']/div[2]/table/tbody/tr[1]/td[2]"}
  (Session info: chrome=72.0.3626.109)
  (Driver info: chromedriver=2.43.600210 (68dcf5eebde37173d4027fa8635e332711d2874a),platform=Windows NT 6.1.7601 SP1 x86_64) (WARNING: The server did not provide any stacktrace information)
Command duration or timeout: 0 milliseconds
For documentation on this error, please visit: http://seleniumhq.org/exceptions/no_such_element.html
Build info: version: '3.7.1', revision: '8a0099a', time: '2017-11-06T21:07:36.161Z'
System info: host: 'ABHISHEK-PASHIN', ip: '10.21.7.147', os.name: 'Windows 7', os.arch: 'amd64', os.version: '6.1', java.version: '1.8.0_181'
Driver info: com.kms.katalon.selenium.driver.CChromeDriver
Capabilities {acceptInsecureCerts: false, acceptSslCerts: false, applicationCacheEnabled: false, browserConnectionEnabled: false, browserName: chrome, chrome: {chromedriverVersion: 2.43.600210 (68dcf5eebde371..., userDataDir: C:\Users\PASHIN~1\AppData\L...}, cssSelectorsEnabled: true, databaseEnabled: false, goog:chromeOptions: {debuggerAddress: localhost:57672}, handlesAlerts: true, hasTouchScreen: false, javascriptEnabled: true, locationContextEnabled: true, mobileEmulationEnabled: false, nativeEvents: true, networkConnectionEnabled: false, pageLoadStrategy: normal, platform: XP, platformName: XP, rotatable: false, setWindowRect: true, takesHeapSnapshot: true, takesScreenshot: true, unexpectedAlertBehaviour: , unhandledPromptBehavior: , version: 72.0.3626.109, webStorageEnabled: true}
Session ID: 2a912b11e8cc759960547dda92ccd0e0
*** Element info: {Using=xpath, value=//div[@id='scs-add-supplier-grid-container']/div[2]/table/tbody/tr[1]/td[2]}
	at org.openqa.selenium.remote.ErrorHandler.createThrowable(ErrorHandler.java:214)
	at org.openqa.selenium.remote.ErrorHandler.throwIfResponseFailed(ErrorHandler.java:166)
	at org.openqa.selenium.remote.http.JsonHttpResponseCodec.reconstructValue(JsonHttpResponseCodec.java:40)
	at org.openqa.selenium.remote.http.AbstractHttpResponseCodec.decode(AbstractHttpResponseCodec.java:80)
	at org.openqa.selenium.remote.http.AbstractHttpResponseCodec.decode(AbstractHttpResponseCodec.java:44)
	at org.openqa.selenium.remote.HttpCommandExecutor.execute(HttpCommandExecutor.java:164)
	at org.openqa.selenium.remote.service.DriverCommandExecutor.execute(DriverCommandExecutor.java:83)
	at org.openqa.selenium.remote.RemoteWebDriver.execute(RemoteWebDriver.java:600)
	at com.kms.katalon.selenium.driver.CChromeDriver.execute(CChromeDriver.java:20)
	at org.openqa.selenium.remote.RemoteWebDriver.findElement(RemoteWebDriver.java:370)
	at org.openqa.selenium.remote.RemoteWebDriver.findElementByXPath(RemoteWebDriver.java:472)
	at org.openqa.selenium.By$ByXPath.findElement(By.java:361)
	at org.openqa.selenium.remote.RemoteWebDriver.findElement(RemoteWebDriver.java:362)
	at org.openqa.selenium.WebDriver$findElement.call(Unknown Source)
	at Supplier.selectNewItem(Supplier.groovy:267)
	at Supplier.invokeMethod(Supplier.groovy)
	at com.kms.katalon.core.main.CustomKeywordDelegatingMetaClass.invokeStaticMethod(CustomKeywordDelegatingMetaClass.java:49)
	at 6_2_CreateRequirement_Items.run(6_2_CreateRequirement_Items:192)
	at com.kms.katalon.core.main.ScriptEngine.run(ScriptEngine.java:194)
	at com.kms.katalon.core.main.ScriptEngine.runScriptAsRawText(ScriptEngine.java:119)
	at com.kms.katalon.core.main.TestCaseExecutor.runScript(TestCaseExecutor.java:328)
	at com.kms.katalon.core.main.TestCaseExecutor.doExecute(TestCaseExecutor.java:319)
	at com.kms.katalon.core.main.TestCaseExecutor.processExecutionPhase(TestCaseExecutor.java:298)
	at com.kms.katalon.core.main.TestCaseExecutor.accessMainPhase(TestCaseExecutor.java:290)
	at com.kms.katalon.core.main.TestCaseExecutor.execute(TestCaseExecutor.java:224)
	at com.kms.katalon.core.main.TestSuiteExecutor.accessTestCaseMainPhase(TestSuiteExecutor.java:129)
	at com.kms.katalon.core.main.TestSuiteExecutor.accessTestSuiteMainPhase(TestSuiteExecutor.java:112)
	at com.kms.katalon.core.main.TestSuiteExecutor.execute(TestSuiteExecutor.java:81)
	at com.kms.katalon.core.main.TestCaseMain.startTestSuite(TestCaseMain.java:149)
	at com.kms.katalon.core.main.TestCaseMain$startTestSuite$0.call(Unknown Source)
	at TempTestSuite1550660682183.run(TempTestSuite1550660682183.groovy:36)]]></system-out>
         <system-err><![CDATA[2019-02-20 16:46:09 - [TEST_CASE][ERROR] - Test Cases/SupplierFlow/6_2_CreateRequirement_Items: Test Cases/SupplierFlow/6_2_CreateRequirement_Items FAILED.
Reason:
org.openqa.selenium.NoSuchElementException: no such element: Unable to locate element: {"method":"xpath","selector":"//div[@id='scs-add-supplier-grid-container']/div[2]/table/tbody/tr[1]/td[2]"}
  (Session info: chrome=72.0.3626.109)
  (Driver info: chromedriver=2.43.600210 (68dcf5eebde37173d4027fa8635e332711d2874a),platform=Windows NT 6.1.7601 SP1 x86_64) (WARNING: The server did not provide any stacktrace information)
Command duration or timeout: 0 milliseconds
For documentation on this error, please visit: http://seleniumhq.org/exceptions/no_such_element.html
Build info: version: '3.7.1', revision: '8a0099a', time: '2017-11-06T21:07:36.161Z'
System info: host: 'ABHISHEK-PASHIN', ip: '10.21.7.147', os.name: 'Windows 7', os.arch: 'amd64', os.version: '6.1', java.version: '1.8.0_181'
Driver info: com.kms.katalon.selenium.driver.CChromeDriver
Capabilities {acceptInsecureCerts: false, acceptSslCerts: false, applicationCacheEnabled: false, browserConnectionEnabled: false, browserName: chrome, chrome: {chromedriverVersion: 2.43.600210 (68dcf5eebde371..., userDataDir: C:\Users\PASHIN~1\AppData\L...}, cssSelectorsEnabled: true, databaseEnabled: false, goog:chromeOptions: {debuggerAddress: localhost:57672}, handlesAlerts: true, hasTouchScreen: false, javascriptEnabled: true, locationContextEnabled: true, mobileEmulationEnabled: false, nativeEvents: true, networkConnectionEnabled: false, pageLoadStrategy: normal, platform: XP, platformName: XP, rotatable: false, setWindowRect: true, takesHeapSnapshot: true, takesScreenshot: true, unexpectedAlertBehaviour: , unhandledPromptBehavior: , version: 72.0.3626.109, webStorageEnabled: true}
Session ID: 2a912b11e8cc759960547dda92ccd0e0
*** Element info: {Using=xpath, value=//div[@id='scs-add-supplier-grid-container']/div[2]/table/tbody/tr[1]/td[2]}
	at org.openqa.selenium.remote.ErrorHandler.createThrowable(ErrorHandler.java:214)
	at org.openqa.selenium.remote.ErrorHandler.throwIfResponseFailed(ErrorHandler.java:166)
	at org.openqa.selenium.remote.http.JsonHttpResponseCodec.reconstructValue(JsonHttpResponseCodec.java:40)
	at org.openqa.selenium.remote.http.AbstractHttpResponseCodec.decode(AbstractHttpResponseCodec.java:80)
	at org.openqa.selenium.remote.http.AbstractHttpResponseCodec.decode(AbstractHttpResponseCodec.java:44)
	at org.openqa.selenium.remote.HttpCommandExecutor.execute(HttpCommandExecutor.java:164)
	at org.openqa.selenium.remote.service.DriverCommandExecutor.execute(DriverCommandExecutor.java:83)
	at org.openqa.selenium.remote.RemoteWebDriver.execute(RemoteWebDriver.java:600)
	at com.kms.katalon.selenium.driver.CChromeDriver.execute(CChromeDriver.java:20)
	at org.openqa.selenium.remote.RemoteWebDriver.findElement(RemoteWebDriver.java:370)
	at org.openqa.selenium.remote.RemoteWebDriver.findElementByXPath(RemoteWebDriver.java:472)
	at org.openqa.selenium.By$ByXPath.findElement(By.java:361)
	at org.openqa.selenium.remote.RemoteWebDriver.findElement(RemoteWebDriver.java:362)
	at org.openqa.selenium.WebDriver$findElement.call(Unknown Source)
	at Supplier.selectNewItem(Supplier.groovy:267)
	at Supplier.invokeMethod(Supplier.groovy)
	at com.kms.katalon.core.main.CustomKeywordDelegatingMetaClass.invokeStaticMethod(CustomKeywordDelegatingMetaClass.java:49)
	at 6_2_CreateRequirement_Items.run(6_2_CreateRequirement_Items:192)
	at com.kms.katalon.core.main.ScriptEngine.run(ScriptEngine.java:194)
	at com.kms.katalon.core.main.ScriptEngine.runScriptAsRawText(ScriptEngine.java:119)
	at com.kms.katalon.core.main.TestCaseExecutor.runScript(TestCaseExecutor.java:328)
	at com.kms.katalon.core.main.TestCaseExecutor.doExecute(TestCaseExecutor.java:319)
	at com.kms.katalon.core.main.TestCaseExecutor.processExecutionPhase(TestCaseExecutor.java:298)
	at com.kms.katalon.core.main.TestCaseExecutor.accessMainPhase(TestCaseExecutor.java:290)
	at com.kms.katalon.core.main.TestCaseExecutor.execute(TestCaseExecutor.java:224)
	at com.kms.katalon.core.main.TestSuiteExecutor.accessTestCaseMainPhase(TestSuiteExecutor.java:129)
	at com.kms.katalon.core.main.TestSuiteExecutor.accessTestSuiteMainPhase(TestSuiteExecutor.java:112)
	at com.kms.katalon.core.main.TestSuiteExecutor.execute(TestSuiteExecutor.java:81)
	at com.kms.katalon.core.main.TestCaseMain.startTestSuite(TestCaseMain.java:149)
	at com.kms.katalon.core.main.TestCaseMain$startTestSuite$0.call(Unknown Source)
	at TempTestSuite1550660682183.run(TempTestSuite1550660682183.groovy:36)]]></system-err>
      </testcase>
      <testcase name="Test Cases/SupplierFlow/7_SupplierFirstLogin" classname="Test Cases/SupplierFlow/7_SupplierFirstLogin" status="PASSED">
         <system-out><![CDATA[2019-02-20 16:49:07 - [TEST_CASE][PASSED] - Test Cases/SupplierFlow/7_SupplierFirstLogin: Test Cases/SupplierFlow/7_SupplierFirstLogin

2019-02-20 16:49:07 - [TEST_STEP][NOT_RUN] - openBrowser(URL): NOT_RUN: openBrowser(URL)

2019-02-20 16:49:07 - [MESSAGE][NOT_RUN] - NOT_RUN: openBrowser(URL)

2019-02-20 16:49:07 - [TEST_STEP][NOT_RUN] - Thread.sleep(2000): NOT_RUN: Thread.sleep(2000)

2019-02-20 16:49:07 - [MESSAGE][NOT_RUN] - NOT_RUN: Thread.sleep(2000)

2019-02-20 16:49:07 - [TEST_STEP][NOT_RUN] - maximizeWindow(): NOT_RUN: maximizeWindow()

2019-02-20 16:49:07 - [MESSAGE][NOT_RUN] - NOT_RUN: maximizeWindow()

2019-02-20 16:49:07 - [TEST_STEP][PASSED] - Thread.sleep(2000): null

2019-02-20 16:49:09 - [TEST_STEP][PASSED] - driver = getWebDriver(): null

2019-02-20 16:49:09 - [TEST_STEP][PASSED] - setText(findTestObject("TestUserLocation/login_Username"), findTestData("SupplierData").getValue("UserName", 1)): Text 'Supplier_20/02/19-16:42' is set on object 'Object Repository/TestUserLocation/login_Username'

2019-02-20 16:50:06 - [MESSAGE][PASSED] - Text 'Supplier_20/02/19-16:42' is set on object 'Object Repository/TestUserLocation/login_Username'

2019-02-20 16:50:06 - [TEST_STEP][PASSED] - setText(findTestObject("TestUserLocation/login_Password"), findTestData("SupplierData").getValue("Password", 1)): Text 'password' is set on object 'Object Repository/TestUserLocation/login_Password'

2019-02-20 16:50:06 - [MESSAGE][PASSED] - Text 'password' is set on object 'Object Repository/TestUserLocation/login_Password'

2019-02-20 16:50:06 - [TEST_STEP][PASSED] - Thread.sleep(2000): null

2019-02-20 16:50:08 - [TEST_STEP][PASSED] - click(findTestObject("TestUserLocation/login_Button")): Object: 'Object Repository/TestUserLocation/login_Button' is clicked on

2019-02-20 16:50:09 - [MESSAGE][PASSED] - Object: 'Object Repository/TestUserLocation/login_Button' is clicked on

2019-02-20 16:50:09 - [TEST_STEP][PASSED] - Thread.sleep(6000): null

2019-02-20 16:50:15 - [TEST_STEP][PASSED] - setText(findTestObject("TestUser/newPassword"), findTestData("SupplierData").getValue("NewPassword", 1)): Text 'password@123#' is set on object 'Object Repository/TestUser/newPassword'

2019-02-20 16:50:15 - [MESSAGE][PASSED] - Text 'password@123#' is set on object 'Object Repository/TestUser/newPassword'

2019-02-20 16:50:15 - [TEST_STEP][PASSED] - setText(findTestObject("TestUser/confirmPassword"), findTestData("SupplierData").getValue("NewPassword", 1)): Text 'password@123#' is set on object 'Object Repository/TestUser/confirmPassword'

2019-02-20 16:50:15 - [MESSAGE][PASSED] - Text 'password@123#' is set on object 'Object Repository/TestUser/confirmPassword'

2019-02-20 16:50:15 - [TEST_STEP][PASSED] - Thread.sleep(2000): null

2019-02-20 16:50:17 - [TEST_STEP][PASSED] - click(findTestObject("TestUser/createPasswordButton")): Object: 'Object Repository/TestUser/createPasswordButton' is clicked on

2019-02-20 16:50:18 - [MESSAGE][PASSED] - Object: 'Object Repository/TestUser/createPasswordButton' is clicked on

2019-02-20 16:50:18 - [TEST_STEP][PASSED] - Thread.sleep(4000): null

2019-02-20 16:50:22 - [TEST_STEP][PASSED] - setText(findTestObject("TestUserLocation/login_Username"), findTestData("SupplierData").getValue("UserName", 1)): Text 'Supplier_20/02/19-16:42' is set on object 'Object Repository/TestUserLocation/login_Username'

2019-02-20 16:50:22 - [MESSAGE][PASSED] - Text 'Supplier_20/02/19-16:42' is set on object 'Object Repository/TestUserLocation/login_Username'

2019-02-20 16:50:22 - [TEST_STEP][PASSED] - setText(findTestObject("TestUserLocation/login_Password"), findTestData("SupplierData").getValue("NewPassword", 1)): Text 'password@123#' is set on object 'Object Repository/TestUserLocation/login_Password'

2019-02-20 16:50:22 - [MESSAGE][PASSED] - Text 'password@123#' is set on object 'Object Repository/TestUserLocation/login_Password'

2019-02-20 16:50:22 - [TEST_STEP][PASSED] - Thread.sleep(2000): null

2019-02-20 16:50:24 - [TEST_STEP][PASSED] - click(findTestObject("TestUserLocation/login_Button")): Object: 'Object Repository/TestUserLocation/login_Button' is clicked on

2019-02-20 16:50:26 - [MESSAGE][PASSED] - Object: 'Object Repository/TestUserLocation/login_Button' is clicked on

2019-02-20 16:50:26 - [TEST_STEP][PASSED] - Thread.sleep(6000): null

2019-02-20 16:50:32 - [TEST_STEP][PASSED] - AdminTool_Location.moveCursor(): AdminTool_Location.moveCursor is PASSED

2019-02-20 16:50:32 - [MESSAGE][PASSED] - AdminTool_Location.moveCursor is PASSED

2019-02-20 16:50:32 - [TEST_STEP][PASSED] - Thread.sleep(2000): null

2019-02-20 16:50:34 - [TEST_STEP][PASSED] - Submission.supplierPortalSubmission(): Submission.supplierPortalSubmission is PASSED

2019-02-20 16:54:34 - [MESSAGE][PASSED] - Submission.supplierPortalSubmission is PASSED

2019-02-20 16:54:34 - [TEST_STEP][NOT_RUN] - Supplier.selectSupplierTask(): NOT_RUN: Supplier.selectSupplierTask()

2019-02-20 16:54:34 - [MESSAGE][NOT_RUN] - NOT_RUN: Supplier.selectSupplierTask()

2019-02-20 16:54:34 - [TEST_STEP][PASSED] - waitForElementClickable(findTestObject("TestUser/clickToCheck"), 45): Object 'Object Repository/TestUser/clickToCheck' is clickable

2019-02-20 16:54:34 - [MESSAGE][PASSED] - Object 'Object Repository/TestUser/clickToCheck' is clickable

2019-02-20 16:54:34 - [TEST_STEP][PASSED] - click(findTestObject("TestUser/clickToCheck")): Object: 'Object Repository/TestUser/clickToCheck' is clicked on

2019-02-20 16:54:35 - [MESSAGE][PASSED] - Object: 'Object Repository/TestUser/clickToCheck' is clicked on

2019-02-20 16:54:35 - [TEST_STEP][PASSED] - Thread.sleep(2000): null

2019-02-20 16:54:37 - [TEST_STEP][PASSED] - click(findTestObject("TestUser/logoutUser")): Object: 'Object Repository/TestUser/logoutUser' is clicked on

2019-02-20 16:54:41 - [MESSAGE][PASSED] - Object: 'Object Repository/TestUser/logoutUser' is clicked on

2019-02-20 16:54:41 - [TEST_STEP][PASSED] - Thread.sleep(2000): null]]></system-out>
         <system-err><![CDATA[]]></system-err>
      </testcase>
      <testcase name="Test Cases/SupplierFlow/8_RejectFromInbox" classname="Test Cases/SupplierFlow/8_RejectFromInbox" status="PASSED">
         <system-out><![CDATA[2019-02-20 16:54:43 - [TEST_CASE][PASSED] - Test Cases/SupplierFlow/8_RejectFromInbox: Test Cases/SupplierFlow/8_RejectFromInbox

2019-02-20 16:54:44 - [TEST_STEP][NOT_RUN] - openBrowser(URL): NOT_RUN: openBrowser(URL)

2019-02-20 16:54:44 - [MESSAGE][NOT_RUN] - NOT_RUN: openBrowser(URL)

2019-02-20 16:54:44 - [TEST_STEP][NOT_RUN] - maximizeWindow(): NOT_RUN: maximizeWindow()

2019-02-20 16:54:44 - [MESSAGE][NOT_RUN] - NOT_RUN: maximizeWindow()

2019-02-20 16:54:44 - [TEST_STEP][PASSED] - setText(findTestObject("Form_Selection_Creation/login_Username"), UserName): Text 'tester' is set on object 'Object Repository/Form_Selection_Creation/login_Username'

2019-02-20 16:54:44 - [MESSAGE][PASSED] - Text 'tester' is set on object 'Object Repository/Form_Selection_Creation/login_Username'

2019-02-20 16:54:44 - [TEST_STEP][PASSED] - setText(findTestObject("Form_Selection_Creation/login_Password"), Password): Text 'TestLi^e' is set on object 'Object Repository/Form_Selection_Creation/login_Password'

2019-02-20 16:54:44 - [MESSAGE][PASSED] - Text 'TestLi^e' is set on object 'Object Repository/Form_Selection_Creation/login_Password'

2019-02-20 16:54:44 - [TEST_STEP][PASSED] - click(findTestObject("Form_Selection_Creation/login_Button")): Object: 'Object Repository/Form_Selection_Creation/login_Button' is clicked on

2019-02-20 16:54:45 - [MESSAGE][PASSED] - Object: 'Object Repository/Form_Selection_Creation/login_Button' is clicked on

2019-02-20 16:54:45 - [TEST_STEP][PASSED] - Thread.sleep(4000): null

2019-02-20 16:54:49 - [TEST_STEP][PASSED] - click(findTestObject("Form_Selection_Creation/mainMenu_Button")): Object: 'Object Repository/Form_Selection_Creation/mainMenu_Button' is clicked on

2019-02-20 16:54:50 - [MESSAGE][PASSED] - Object: 'Object Repository/Form_Selection_Creation/mainMenu_Button' is clicked on

2019-02-20 16:54:50 - [TEST_STEP][PASSED] - click(findTestObject("SupplierFlow/inbox")): Object: 'Object Repository/SupplierFlow/inbox' is clicked on

2019-02-20 16:54:51 - [MESSAGE][PASSED] - Object: 'Object Repository/SupplierFlow/inbox' is clicked on

2019-02-20 16:54:51 - [TEST_STEP][PASSED] - Thread.sleep(6000): null

2019-02-20 16:54:57 - [TEST_STEP][PASSED] - setText(findTestObject("SupplierFlow/searchTaskInInbox"), findTestData("SupplierData").getValue("FormTask", 1)): Text 'TestFormTask_20/02/19-16:44' is set on object 'Object Repository/SupplierFlow/searchTaskInInbox'

2019-02-20 16:54:57 - [MESSAGE][PASSED] - Text 'TestFormTask_20/02/19-16:44' is set on object 'Object Repository/SupplierFlow/searchTaskInInbox'

2019-02-20 16:54:57 - [TEST_STEP][PASSED] - sendKeys(findTestObject("SupplierFlow/searchTaskInInbox"), Keys.chord(ENTER)): Keys 'ENTER + ' sent to object: 'Object Repository/SupplierFlow/searchTaskInInbox'

2019-02-20 16:54:57 - [MESSAGE][PASSED] - Keys 'ENTER + ' sent to object: 'Object Repository/SupplierFlow/searchTaskInInbox'

2019-02-20 16:54:57 - [TEST_STEP][PASSED] - Thread.sleep(3000): null

2019-02-20 16:55:00 - [TEST_STEP][PASSED] - waitForElementClickable(findTestObject("SupplierFlow/firstEntry"), 45): Object 'Object Repository/SupplierFlow/firstEntry' is clickable

2019-02-20 16:55:00 - [MESSAGE][PASSED] - Object 'Object Repository/SupplierFlow/firstEntry' is clickable

2019-02-20 16:55:00 - [TEST_STEP][PASSED] - Thread.sleep(3000): null

2019-02-20 16:55:03 - [TEST_STEP][PASSED] - Supplier.selectTaskInInbox(): Supplier.selectTaskInInbox is PASSED

2019-02-20 16:55:06 - [MESSAGE][PASSED] - Supplier.selectTaskInInbox is PASSED

2019-02-20 16:55:06 - [TEST_STEP][PASSED] - waitForElementClickable(findTestObject("SupplierFlow/rejectButton"), 45): Object 'Object Repository/SupplierFlow/rejectButton' is clickable

2019-02-20 16:55:07 - [MESSAGE][PASSED] - Object 'Object Repository/SupplierFlow/rejectButton' is clickable

2019-02-20 16:55:07 - [TEST_STEP][PASSED] - Thread.sleep(6000): null

2019-02-20 16:55:13 - [TEST_STEP][PASSED] - click(findTestObject("SupplierFlow/rejectButton")): Object: 'Object Repository/SupplierFlow/rejectButton' is clicked on

2019-02-20 16:55:13 - [MESSAGE][PASSED] - Object: 'Object Repository/SupplierFlow/rejectButton' is clicked on

2019-02-20 16:55:13 - [TEST_STEP][PASSED] - Thread.sleep(3000): null

2019-02-20 16:55:16 - [TEST_STEP][PASSED] - setText(findTestObject("SupplierFlow/rejectionNote"), "This Task is rejected"): Text 'This Task is rejected' is set on object 'Object Repository/SupplierFlow/rejectionNote'

2019-02-20 16:55:17 - [MESSAGE][PASSED] - Text 'This Task is rejected' is set on object 'Object Repository/SupplierFlow/rejectionNote'

2019-02-20 16:55:17 - [TEST_STEP][PASSED] - Thread.sleep(2000): null

2019-02-20 16:55:19 - [TEST_STEP][PASSED] - click(findTestObject("SupplierFlow/sendTask")): Object: 'Object Repository/SupplierFlow/sendTask' is clicked on

2019-02-20 16:55:19 - [MESSAGE][PASSED] - Object: 'Object Repository/SupplierFlow/sendTask' is clicked on

2019-02-20 16:55:19 - [TEST_STEP][PASSED] - Thread.sleep(2000): null

2019-02-20 16:55:21 - [TEST_STEP][PASSED] - waitForElementVisible(findTestObject("SupplierFlow/firstEntry"), 45): Object 'Object Repository/SupplierFlow/firstEntry' is visible

2019-02-20 16:55:23 - [MESSAGE][PASSED] - Object 'Object Repository/SupplierFlow/firstEntry' is visible

2019-02-20 16:55:23 - [TEST_STEP][PASSED] - Thread.sleep(2000): null

2019-02-20 16:55:25 - [TEST_STEP][NOT_RUN] - setText(findTestObject("SupplierFlow/searchTaskInInbox"), findTestData("SupplierData").getValue("FormTask", 1)): NOT_RUN: setText(findTestObject("SupplierFlow/searchTaskInInbox"), findTestData("SupplierData").getValue("FormTask", 1))

2019-02-20 16:55:25 - [MESSAGE][NOT_RUN] - NOT_RUN: setText(findTestObject("SupplierFlow/searchTaskInInbox"), findTestData("SupplierData").getValue("FormTask", 1))

2019-02-20 16:55:25 - [TEST_STEP][NOT_RUN] - sendKeys(findTestObject("SupplierFlow/searchTaskInInbox"), Keys.chord(ENTER)): NOT_RUN: sendKeys(findTestObject("SupplierFlow/searchTaskInInbox"), Keys.chord(ENTER))

2019-02-20 16:55:25 - [MESSAGE][NOT_RUN] - NOT_RUN: sendKeys(findTestObject("SupplierFlow/searchTaskInInbox"), Keys.chord(ENTER))

2019-02-20 16:55:25 - [TEST_STEP][NOT_RUN] - Thread.sleep(3000): NOT_RUN: Thread.sleep(3000)

2019-02-20 16:55:25 - [MESSAGE][NOT_RUN] - NOT_RUN: Thread.sleep(3000)

2019-02-20 16:55:25 - [TEST_STEP][PASSED] - setText(findTestObject("SupplierFlow/searchTaskInInbox"), findTestData("SupplierData").getValue("FormTask1", 1)): Text 'TestFormTask_20/02/19-16:47' is set on object 'Object Repository/SupplierFlow/searchTaskInInbox'

2019-02-20 16:55:26 - [MESSAGE][PASSED] - Text 'TestFormTask_20/02/19-16:47' is set on object 'Object Repository/SupplierFlow/searchTaskInInbox'

2019-02-20 16:55:26 - [TEST_STEP][PASSED] - sendKeys(findTestObject("SupplierFlow/searchTaskInInbox"), Keys.chord(ENTER)): Keys 'ENTER + ' sent to object: 'Object Repository/SupplierFlow/searchTaskInInbox'

2019-02-20 16:55:26 - [MESSAGE][PASSED] - Keys 'ENTER + ' sent to object: 'Object Repository/SupplierFlow/searchTaskInInbox'

2019-02-20 16:55:26 - [TEST_STEP][PASSED] - Thread.sleep(3000): null

2019-02-20 16:55:29 - [TEST_STEP][PASSED] - waitForElementClickable(findTestObject("SupplierFlow/firstEntry"), 45): Object 'Object Repository/SupplierFlow/firstEntry' is clickable

2019-02-20 16:55:29 - [MESSAGE][PASSED] - Object 'Object Repository/SupplierFlow/firstEntry' is clickable

2019-02-20 16:55:29 - [TEST_STEP][PASSED] - Thread.sleep(3000): null

2019-02-20 16:55:32 - [TEST_STEP][PASSED] - Supplier.selectTaskInInbox(): Supplier.selectTaskInInbox is PASSED

2019-02-20 16:55:34 - [MESSAGE][PASSED] - Supplier.selectTaskInInbox is PASSED

2019-02-20 16:55:34 - [TEST_STEP][PASSED] - waitForElementClickable(findTestObject("SupplierFlow/rejectButton"), 45): Object 'Object Repository/SupplierFlow/rejectButton' is clickable

2019-02-20 16:55:35 - [MESSAGE][PASSED] - Object 'Object Repository/SupplierFlow/rejectButton' is clickable

2019-02-20 16:55:35 - [TEST_STEP][PASSED] - Thread.sleep(6000): null

2019-02-20 16:55:41 - [TEST_STEP][PASSED] - click(findTestObject("SupplierFlow/rejectButton")): Object: 'Object Repository/SupplierFlow/rejectButton' is clicked on

2019-02-20 16:55:41 - [MESSAGE][PASSED] - Object: 'Object Repository/SupplierFlow/rejectButton' is clicked on

2019-02-20 16:55:41 - [TEST_STEP][PASSED] - Thread.sleep(3000): null

2019-02-20 16:55:44 - [TEST_STEP][PASSED] - setText(findTestObject("SupplierFlow/rejectionNote"), "This Task is rejected"): Text 'This Task is rejected' is set on object 'Object Repository/SupplierFlow/rejectionNote'

2019-02-20 16:55:45 - [MESSAGE][PASSED] - Text 'This Task is rejected' is set on object 'Object Repository/SupplierFlow/rejectionNote'

2019-02-20 16:55:45 - [TEST_STEP][PASSED] - Thread.sleep(2000): null

2019-02-20 16:55:47 - [TEST_STEP][PASSED] - click(findTestObject("SupplierFlow/sendTask")): Object: 'Object Repository/SupplierFlow/sendTask' is clicked on

2019-02-20 16:55:47 - [MESSAGE][PASSED] - Object: 'Object Repository/SupplierFlow/sendTask' is clicked on

2019-02-20 16:55:47 - [TEST_STEP][PASSED] - Thread.sleep(2000): null

2019-02-20 16:55:49 - [TEST_STEP][PASSED] - AdminTool_Location.moveCursor(): AdminTool_Location.moveCursor is PASSED

2019-02-20 16:55:49 - [MESSAGE][PASSED] - AdminTool_Location.moveCursor is PASSED

2019-02-20 16:55:49 - [TEST_STEP][PASSED] - Thread.sleep(2000): null

2019-02-20 16:55:51 - [TEST_STEP][PASSED] - waitForElementVisible(findTestObject("SupplierFlow/firstEntry"), 45): Object 'Object Repository/SupplierFlow/firstEntry' is visible

2019-02-20 16:55:51 - [MESSAGE][PASSED] - Object 'Object Repository/SupplierFlow/firstEntry' is visible

2019-02-20 16:55:51 - [TEST_STEP][PASSED] - setText(findTestObject("SupplierFlow/searchTaskInInbox"), findTestData("SupplierData").getValue("DocTask", 1)): Text 'TestDocTask_20/02/19-16:45' is set on object 'Object Repository/SupplierFlow/searchTaskInInbox'

2019-02-20 16:55:51 - [MESSAGE][PASSED] - Text 'TestDocTask_20/02/19-16:45' is set on object 'Object Repository/SupplierFlow/searchTaskInInbox'

2019-02-20 16:55:51 - [TEST_STEP][PASSED] - sendKeys(findTestObject("SupplierFlow/searchTaskInInbox"), Keys.chord(ENTER)): Keys 'ENTER + ' sent to object: 'Object Repository/SupplierFlow/searchTaskInInbox'

2019-02-20 16:55:51 - [MESSAGE][PASSED] - Keys 'ENTER + ' sent to object: 'Object Repository/SupplierFlow/searchTaskInInbox'

2019-02-20 16:55:51 - [TEST_STEP][PASSED] - Thread.sleep(3000): null

2019-02-20 16:55:54 - [TEST_STEP][PASSED] - waitForElementClickable(findTestObject("SupplierFlow/firstEntry"), 45): Object 'Object Repository/SupplierFlow/firstEntry' is clickable

2019-02-20 16:55:54 - [MESSAGE][PASSED] - Object 'Object Repository/SupplierFlow/firstEntry' is clickable

2019-02-20 16:55:54 - [TEST_STEP][PASSED] - Thread.sleep(3000): null

2019-02-20 16:55:57 - [TEST_STEP][PASSED] - Supplier.selectTaskInInbox(): Supplier.selectTaskInInbox is PASSED

2019-02-20 16:56:00 - [MESSAGE][PASSED] - Supplier.selectTaskInInbox is PASSED

2019-02-20 16:56:00 - [TEST_STEP][PASSED] - waitForElementClickable(findTestObject("SupplierFlow/rejectButton"), 45): Object 'Object Repository/SupplierFlow/rejectButton' is clickable

2019-02-20 16:56:01 - [MESSAGE][PASSED] - Object 'Object Repository/SupplierFlow/rejectButton' is clickable

2019-02-20 16:56:01 - [TEST_STEP][PASSED] - Thread.sleep(6000): null

2019-02-20 16:56:07 - [TEST_STEP][PASSED] - click(findTestObject("SupplierFlow/rejectButton")): Object: 'Object Repository/SupplierFlow/rejectButton' is clicked on

2019-02-20 16:56:07 - [MESSAGE][PASSED] - Object: 'Object Repository/SupplierFlow/rejectButton' is clicked on

2019-02-20 16:56:07 - [TEST_STEP][PASSED] - Thread.sleep(3000): null

2019-02-20 16:56:10 - [TEST_STEP][PASSED] - setText(findTestObject("SupplierFlow/rejectionNote"), "This Task is rejected"): Text 'This Task is rejected' is set on object 'Object Repository/SupplierFlow/rejectionNote'

2019-02-20 16:56:10 - [MESSAGE][PASSED] - Text 'This Task is rejected' is set on object 'Object Repository/SupplierFlow/rejectionNote'

2019-02-20 16:56:10 - [TEST_STEP][PASSED] - Thread.sleep(2000): null

2019-02-20 16:56:12 - [TEST_STEP][PASSED] - click(findTestObject("SupplierFlow/sendTask")): Object: 'Object Repository/SupplierFlow/sendTask' is clicked on

2019-02-20 16:56:12 - [MESSAGE][PASSED] - Object: 'Object Repository/SupplierFlow/sendTask' is clicked on

2019-02-20 16:56:12 - [TEST_STEP][PASSED] - Thread.sleep(2000): null

2019-02-20 16:56:14 - [TEST_STEP][PASSED] - waitForElementVisible(findTestObject("SupplierFlow/firstEntry"), 45): Object 'Object Repository/SupplierFlow/firstEntry' is visible

2019-02-20 16:56:19 - [MESSAGE][PASSED] - Object 'Object Repository/SupplierFlow/firstEntry' is visible

2019-02-20 16:56:19 - [TEST_STEP][PASSED] - Thread.sleep(2000): null

2019-02-20 16:56:21 - [TEST_STEP][PASSED] - setText(findTestObject("SupplierFlow/searchTaskInInbox"), findTestData("SupplierData").getValue("DocTask1", 1)): Text 'TestDocTask_20/02/19-16:48' is set on object 'Object Repository/SupplierFlow/searchTaskInInbox'

2019-02-20 16:56:21 - [MESSAGE][PASSED] - Text 'TestDocTask_20/02/19-16:48' is set on object 'Object Repository/SupplierFlow/searchTaskInInbox'

2019-02-20 16:56:21 - [TEST_STEP][PASSED] - sendKeys(findTestObject("SupplierFlow/searchTaskInInbox"), Keys.chord(ENTER)): Keys 'ENTER + ' sent to object: 'Object Repository/SupplierFlow/searchTaskInInbox'

2019-02-20 16:56:21 - [MESSAGE][PASSED] - Keys 'ENTER + ' sent to object: 'Object Repository/SupplierFlow/searchTaskInInbox'

2019-02-20 16:56:21 - [TEST_STEP][PASSED] - Thread.sleep(3000): null

2019-02-20 16:56:24 - [TEST_STEP][PASSED] - waitForElementClickable(findTestObject("SupplierFlow/firstEntry"), 45): Object 'Object Repository/SupplierFlow/firstEntry' is clickable

2019-02-20 16:56:25 - [MESSAGE][PASSED] - Object 'Object Repository/SupplierFlow/firstEntry' is clickable

2019-02-20 16:56:25 - [TEST_STEP][PASSED] - Thread.sleep(3000): null

2019-02-20 16:56:28 - [TEST_STEP][PASSED] - Supplier.selectTaskInInbox(): Supplier.selectTaskInInbox is PASSED

2019-02-20 16:56:30 - [MESSAGE][PASSED] - Supplier.selectTaskInInbox is PASSED

2019-02-20 16:56:30 - [TEST_STEP][PASSED] - waitForElementClickable(findTestObject("SupplierFlow/rejectButton"), 45): Object 'Object Repository/SupplierFlow/rejectButton' is clickable

2019-02-20 16:56:31 - [MESSAGE][PASSED] - Object 'Object Repository/SupplierFlow/rejectButton' is clickable

2019-02-20 16:56:31 - [TEST_STEP][PASSED] - Thread.sleep(6000): null

2019-02-20 16:56:37 - [TEST_STEP][PASSED] - click(findTestObject("SupplierFlow/rejectButton")): Object: 'Object Repository/SupplierFlow/rejectButton' is clicked on

2019-02-20 16:56:37 - [MESSAGE][PASSED] - Object: 'Object Repository/SupplierFlow/rejectButton' is clicked on

2019-02-20 16:56:37 - [TEST_STEP][PASSED] - Thread.sleep(3000): null

2019-02-20 16:56:40 - [TEST_STEP][PASSED] - setText(findTestObject("SupplierFlow/rejectionNote"), "This Task is rejected"): Text 'This Task is rejected' is set on object 'Object Repository/SupplierFlow/rejectionNote'

2019-02-20 16:56:40 - [MESSAGE][PASSED] - Text 'This Task is rejected' is set on object 'Object Repository/SupplierFlow/rejectionNote'

2019-02-20 16:56:40 - [TEST_STEP][PASSED] - Thread.sleep(2000): null

2019-02-20 16:56:42 - [TEST_STEP][PASSED] - click(findTestObject("SupplierFlow/sendTask")): Object: 'Object Repository/SupplierFlow/sendTask' is clicked on

2019-02-20 16:56:42 - [MESSAGE][PASSED] - Object: 'Object Repository/SupplierFlow/sendTask' is clicked on

2019-02-20 16:56:42 - [TEST_STEP][PASSED] - Thread.sleep(4000): null

2019-02-20 16:56:46 - [TEST_STEP][PASSED] - waitForElementVisible(findTestObject("SupplierFlow/firstEntry"), 45): Object 'Object Repository/SupplierFlow/firstEntry' is visible

2019-02-20 16:56:46 - [MESSAGE][PASSED] - Object 'Object Repository/SupplierFlow/firstEntry' is visible

2019-02-20 16:56:46 - [TEST_STEP][PASSED] - Thread.sleep(3000): null

2019-02-20 16:56:49 - [TEST_STEP][PASSED] - waitForElementClickable(findTestObject("TestUser/clickToCheck"), 45): Object 'Object Repository/TestUser/clickToCheck' is clickable

2019-02-20 16:56:49 - [MESSAGE][PASSED] - Object 'Object Repository/TestUser/clickToCheck' is clickable

2019-02-20 16:56:49 - [TEST_STEP][PASSED] - Thread.sleep(2000): null

2019-02-20 16:56:51 - [TEST_STEP][PASSED] - click(findTestObject("TestUser/clickToCheck")): Object: 'Object Repository/TestUser/clickToCheck' is clicked on

2019-02-20 16:56:52 - [MESSAGE][PASSED] - Object: 'Object Repository/TestUser/clickToCheck' is clicked on

2019-02-20 16:56:52 - [TEST_STEP][PASSED] - Thread.sleep(2000): null

2019-02-20 16:56:54 - [TEST_STEP][PASSED] - click(findTestObject("TestUser/logoutUser")): Object: 'Object Repository/TestUser/logoutUser' is clicked on

2019-02-20 16:56:57 - [MESSAGE][PASSED] - Object: 'Object Repository/TestUser/logoutUser' is clicked on

2019-02-20 16:56:57 - [TEST_STEP][PASSED] - Thread.sleep(2000): null]]></system-out>
         <system-err><![CDATA[]]></system-err>
      </testcase>
      <testcase name="Test Cases/SupplierFlow/9_Resubmission_Supplier" classname="Test Cases/SupplierFlow/9_Resubmission_Supplier" status="PASSED">
         <system-out><![CDATA[2019-02-20 16:56:59 - [TEST_CASE][PASSED] - Test Cases/SupplierFlow/9_Resubmission_Supplier: Test Cases/SupplierFlow/9_Resubmission_Supplier

2019-02-20 16:56:59 - [TEST_STEP][NOT_RUN] - openBrowser(URL): NOT_RUN: openBrowser(URL)

2019-02-20 16:56:59 - [MESSAGE][NOT_RUN] - NOT_RUN: openBrowser(URL)

2019-02-20 16:56:59 - [TEST_STEP][NOT_RUN] - maximizeWindow(): NOT_RUN: maximizeWindow()

2019-02-20 16:56:59 - [MESSAGE][NOT_RUN] - NOT_RUN: maximizeWindow()

2019-02-20 16:56:59 - [TEST_STEP][PASSED] - driver = getWebDriver(): null

2019-02-20 16:56:59 - [TEST_STEP][PASSED] - Thread.sleep(2000): null

2019-02-20 16:57:01 - [TEST_STEP][PASSED] - setText(findTestObject("TestUserLocation/login_Username"), findTestData("SupplierData").getValue("UserName", 1)): Text 'Supplier_20/02/19-16:42' is set on object 'Object Repository/TestUserLocation/login_Username'

2019-02-20 16:57:01 - [MESSAGE][PASSED] - Text 'Supplier_20/02/19-16:42' is set on object 'Object Repository/TestUserLocation/login_Username'

2019-02-20 16:57:01 - [TEST_STEP][PASSED] - setText(findTestObject("TestUserLocation/login_Password"), findTestData("SupplierData").getValue("NewPassword", 1)): Text 'password@123#' is set on object 'Object Repository/TestUserLocation/login_Password'

2019-02-20 16:57:01 - [MESSAGE][PASSED] - Text 'password@123#' is set on object 'Object Repository/TestUserLocation/login_Password'

2019-02-20 16:57:01 - [TEST_STEP][PASSED] - Thread.sleep(2000): null

2019-02-20 16:57:04 - [TEST_STEP][PASSED] - click(findTestObject("TestUserLocation/login_Button")): Object: 'Object Repository/TestUserLocation/login_Button' is clicked on

2019-02-20 16:57:06 - [MESSAGE][PASSED] - Object: 'Object Repository/TestUserLocation/login_Button' is clicked on

2019-02-20 16:57:06 - [TEST_STEP][PASSED] - Thread.sleep(6000): null

2019-02-20 16:57:12 - [TEST_STEP][PASSED] - click(findTestObject("SupplierFlow/clickOnSuppReject")): Object: 'Object Repository/SupplierFlow/clickOnSuppReject' is clicked on

2019-02-20 16:57:12 - [MESSAGE][PASSED] - Object: 'Object Repository/SupplierFlow/clickOnSuppReject' is clicked on

2019-02-20 16:57:12 - [TEST_STEP][PASSED] - Thread.sleep(2000): null

2019-02-20 16:57:14 - [TEST_STEP][PASSED] - Submission.supplierPortalSubmission(): Submission.supplierPortalSubmission is PASSED

2019-02-20 16:59:30 - [MESSAGE][PASSED] - Submission.supplierPortalSubmission is PASSED

2019-02-20 16:59:30 - [TEST_STEP][NOT_RUN] - Supplier.selectSupplierTask(): NOT_RUN: Supplier.selectSupplierTask()

2019-02-20 16:59:30 - [MESSAGE][NOT_RUN] - NOT_RUN: Supplier.selectSupplierTask()

2019-02-20 16:59:30 - [TEST_STEP][NOT_RUN] - Thread.sleep(4000): NOT_RUN: Thread.sleep(4000)

2019-02-20 16:59:30 - [MESSAGE][NOT_RUN] - NOT_RUN: Thread.sleep(4000)

2019-02-20 16:59:30 - [TEST_STEP][NOT_RUN] - click(findTestObject("FormTab/fillForm_SubmitButton")): NOT_RUN: click(findTestObject("FormTab/fillForm_SubmitButton"))

2019-02-20 16:59:30 - [MESSAGE][NOT_RUN] - NOT_RUN: click(findTestObject("FormTab/fillForm_SubmitButton"))

2019-02-20 16:59:30 - [TEST_STEP][NOT_RUN] - Thread.sleep(2000): NOT_RUN: Thread.sleep(2000)

2019-02-20 16:59:30 - [MESSAGE][NOT_RUN] - NOT_RUN: Thread.sleep(2000)

2019-02-20 16:59:30 - [TEST_STEP][NOT_RUN] - setText(findTestObject("SupplierFlow/formSubmissionNote"), "Form is Finally submitted Correctly."): NOT_RUN: setText(findTestObject("SupplierFlow/formSubmissionNote"), "Form is Finally submitted Correctly.")

2019-02-20 16:59:30 - [MESSAGE][NOT_RUN] - NOT_RUN: setText(findTestObject("SupplierFlow/formSubmissionNote"), "Form is Finally submitted Correctly.")

2019-02-20 16:59:30 - [TEST_STEP][NOT_RUN] - Thread.sleep(2000): NOT_RUN: Thread.sleep(2000)

2019-02-20 16:59:30 - [MESSAGE][NOT_RUN] - NOT_RUN: Thread.sleep(2000)

2019-02-20 16:59:30 - [TEST_STEP][NOT_RUN] - click(findTestObject("FormTab/fillForm_SubmissionOkButton")): NOT_RUN: click(findTestObject("FormTab/fillForm_SubmissionOkButton"))

2019-02-20 16:59:30 - [MESSAGE][NOT_RUN] - NOT_RUN: click(findTestObject("FormTab/fillForm_SubmissionOkButton"))

2019-02-20 16:59:30 - [TEST_STEP][PASSED] - Thread.sleep(6000): null

2019-02-20 16:59:36 - [TEST_STEP][PASSED] - click(findTestObject("TestUser/clickToCheck")): Object: 'Object Repository/TestUser/clickToCheck' is clicked on

2019-02-20 16:59:36 - [MESSAGE][PASSED] - Object: 'Object Repository/TestUser/clickToCheck' is clicked on

2019-02-20 16:59:36 - [TEST_STEP][PASSED] - Thread.sleep(2000): null

2019-02-20 16:59:38 - [TEST_STEP][PASSED] - click(findTestObject("TestUser/logoutUser")): Object: 'Object Repository/TestUser/logoutUser' is clicked on

2019-02-20 16:59:41 - [MESSAGE][PASSED] - Object: 'Object Repository/TestUser/logoutUser' is clicked on

2019-02-20 16:59:41 - [TEST_STEP][PASSED] - Thread.sleep(2000): null]]></system-out>
         <system-err><![CDATA[]]></system-err>
      </testcase>
      <testcase name="Test Cases/SupplierFlow/10_ApprovedFromInbox" classname="Test Cases/SupplierFlow/10_ApprovedFromInbox" status="PASSED">
         <system-out><![CDATA[2019-02-20 16:59:43 - [TEST_CASE][PASSED] - Test Cases/SupplierFlow/10_ApprovedFromInbox: Test Cases/SupplierFlow/10_ApprovedFromInbox

2019-02-20 16:59:43 - [TEST_STEP][NOT_RUN] - openBrowser(URL): NOT_RUN: openBrowser(URL)

2019-02-20 16:59:43 - [MESSAGE][NOT_RUN] - NOT_RUN: openBrowser(URL)

2019-02-20 16:59:43 - [TEST_STEP][NOT_RUN] - maximizeWindow(): NOT_RUN: maximizeWindow()

2019-02-20 16:59:43 - [MESSAGE][NOT_RUN] - NOT_RUN: maximizeWindow()

2019-02-20 16:59:43 - [TEST_STEP][PASSED] - setText(findTestObject("Form_Selection_Creation/login_Username"), UserName): Text 'tester' is set on object 'Object Repository/Form_Selection_Creation/login_Username'

2019-02-20 16:59:43 - [MESSAGE][PASSED] - Text 'tester' is set on object 'Object Repository/Form_Selection_Creation/login_Username'

2019-02-20 16:59:43 - [TEST_STEP][PASSED] - setText(findTestObject("Form_Selection_Creation/login_Password"), Password): Text 'TestLi^e' is set on object 'Object Repository/Form_Selection_Creation/login_Password'

2019-02-20 16:59:44 - [MESSAGE][PASSED] - Text 'TestLi^e' is set on object 'Object Repository/Form_Selection_Creation/login_Password'

2019-02-20 16:59:44 - [TEST_STEP][PASSED] - click(findTestObject("Form_Selection_Creation/login_Button")): Object: 'Object Repository/Form_Selection_Creation/login_Button' is clicked on

2019-02-20 16:59:45 - [MESSAGE][PASSED] - Object: 'Object Repository/Form_Selection_Creation/login_Button' is clicked on

2019-02-20 16:59:45 - [TEST_STEP][PASSED] - Thread.sleep(3000): null

2019-02-20 16:59:48 - [TEST_STEP][PASSED] - click(findTestObject("Form_Selection_Creation/mainMenu_Button")): Object: 'Object Repository/Form_Selection_Creation/mainMenu_Button' is clicked on

2019-02-20 16:59:50 - [MESSAGE][PASSED] - Object: 'Object Repository/Form_Selection_Creation/mainMenu_Button' is clicked on

2019-02-20 16:59:50 - [TEST_STEP][PASSED] - click(findTestObject("SupplierFlow/inbox")): Object: 'Object Repository/SupplierFlow/inbox' is clicked on

2019-02-20 16:59:51 - [MESSAGE][PASSED] - Object: 'Object Repository/SupplierFlow/inbox' is clicked on

2019-02-20 16:59:51 - [TEST_STEP][PASSED] - Thread.sleep(6000): null

2019-02-20 16:59:57 - [TEST_STEP][PASSED] - setText(findTestObject("SupplierFlow/searchTaskInInbox"), findTestData("SupplierData").getValue("FormTask", 1)): Text 'TestFormTask_20/02/19-16:44' is set on object 'Object Repository/SupplierFlow/searchTaskInInbox'

2019-02-20 16:59:57 - [MESSAGE][PASSED] - Text 'TestFormTask_20/02/19-16:44' is set on object 'Object Repository/SupplierFlow/searchTaskInInbox'

2019-02-20 16:59:57 - [TEST_STEP][PASSED] - sendKeys(findTestObject("SupplierFlow/searchTaskInInbox"), Keys.chord(ENTER)): Keys 'ENTER + ' sent to object: 'Object Repository/SupplierFlow/searchTaskInInbox'

2019-02-20 16:59:57 - [MESSAGE][PASSED] - Keys 'ENTER + ' sent to object: 'Object Repository/SupplierFlow/searchTaskInInbox'

2019-02-20 16:59:57 - [TEST_STEP][PASSED] - Thread.sleep(3000): null

2019-02-20 17:00:00 - [TEST_STEP][PASSED] - waitForElementClickable(findTestObject("SupplierFlow/firstEntry"), 45): Object 'Object Repository/SupplierFlow/firstEntry' is clickable

2019-02-20 17:00:00 - [MESSAGE][PASSED] - Object 'Object Repository/SupplierFlow/firstEntry' is clickable

2019-02-20 17:00:00 - [TEST_STEP][PASSED] - Thread.sleep(3000): null

2019-02-20 17:00:03 - [TEST_STEP][PASSED] - Supplier.selectTaskInInbox(): Supplier.selectTaskInInbox is PASSED

2019-02-20 17:00:05 - [MESSAGE][PASSED] - Supplier.selectTaskInInbox is PASSED

2019-02-20 17:00:05 - [TEST_STEP][PASSED] - waitForElementClickable(findTestObject("SupplierFlow/approveButton"), 45): Object 'Object Repository/SupplierFlow/approveButton' is clickable

2019-02-20 17:00:07 - [MESSAGE][PASSED] - Object 'Object Repository/SupplierFlow/approveButton' is clickable

2019-02-20 17:00:07 - [TEST_STEP][PASSED] - Thread.sleep(6000): null

2019-02-20 17:00:13 - [TEST_STEP][PASSED] - click(findTestObject("SupplierFlow/approveButton")): Object: 'Object Repository/SupplierFlow/approveButton' is clicked on

2019-02-20 17:00:13 - [MESSAGE][PASSED] - Object: 'Object Repository/SupplierFlow/approveButton' is clicked on

2019-02-20 17:00:13 - [TEST_STEP][PASSED] - Thread.sleep(3000): null

2019-02-20 17:00:16 - [TEST_STEP][PASSED] - setText(findTestObject("SupplierFlow/expirtionDate_ApproveTask"), "12/17/2018"): Text '12/17/2018' is set on object 'Object Repository/SupplierFlow/expirtionDate_ApproveTask'

2019-02-20 17:00:16 - [MESSAGE][PASSED] - Text '12/17/2018' is set on object 'Object Repository/SupplierFlow/expirtionDate_ApproveTask'

2019-02-20 17:00:16 - [TEST_STEP][PASSED] - Thread.sleep(2000): null

2019-02-20 17:00:18 - [TEST_STEP][PASSED] - click(findTestObject("SupplierFlow/approveYesButton")): Object: 'Object Repository/SupplierFlow/approveYesButton' is clicked on

2019-02-20 17:00:18 - [MESSAGE][PASSED] - Object: 'Object Repository/SupplierFlow/approveYesButton' is clicked on

2019-02-20 17:00:18 - [TEST_STEP][PASSED] - Thread.sleep(2000): null

2019-02-20 17:00:20 - [TEST_STEP][PASSED] - waitForElementVisible(findTestObject("SupplierFlow/firstEntry"), 45): Object 'Object Repository/SupplierFlow/firstEntry' is visible

2019-02-20 17:00:22 - [MESSAGE][PASSED] - Object 'Object Repository/SupplierFlow/firstEntry' is visible

2019-02-20 17:00:22 - [TEST_STEP][PASSED] - Thread.sleep(2000): null

2019-02-20 17:00:24 - [TEST_STEP][PASSED] - setText(findTestObject("SupplierFlow/searchTaskInInbox"), findTestData("SupplierData").getValue("FormTask", 1)): Text 'TestFormTask_20/02/19-16:44' is set on object 'Object Repository/SupplierFlow/searchTaskInInbox'

2019-02-20 17:00:25 - [MESSAGE][PASSED] - Text 'TestFormTask_20/02/19-16:44' is set on object 'Object Repository/SupplierFlow/searchTaskInInbox'

2019-02-20 17:00:25 - [TEST_STEP][PASSED] - sendKeys(findTestObject("SupplierFlow/searchTaskInInbox"), Keys.chord(ENTER)): Keys 'ENTER + ' sent to object: 'Object Repository/SupplierFlow/searchTaskInInbox'

2019-02-20 17:00:25 - [MESSAGE][PASSED] - Keys 'ENTER + ' sent to object: 'Object Repository/SupplierFlow/searchTaskInInbox'

2019-02-20 17:00:25 - [TEST_STEP][PASSED] - Thread.sleep(3000): null

2019-02-20 17:00:28 - [TEST_STEP][PASSED] - setText(findTestObject("SupplierFlow/searchTaskInInbox"), findTestData("SupplierData").getValue("FormTask1", 1)): Text 'TestFormTask_20/02/19-16:47' is set on object 'Object Repository/SupplierFlow/searchTaskInInbox'

2019-02-20 17:00:28 - [MESSAGE][PASSED] - Text 'TestFormTask_20/02/19-16:47' is set on object 'Object Repository/SupplierFlow/searchTaskInInbox'

2019-02-20 17:00:28 - [TEST_STEP][PASSED] - sendKeys(findTestObject("SupplierFlow/searchTaskInInbox"), Keys.chord(ENTER)): Keys 'ENTER + ' sent to object: 'Object Repository/SupplierFlow/searchTaskInInbox'

2019-02-20 17:00:28 - [MESSAGE][PASSED] - Keys 'ENTER + ' sent to object: 'Object Repository/SupplierFlow/searchTaskInInbox'

2019-02-20 17:00:28 - [TEST_STEP][PASSED] - Thread.sleep(3000): null

2019-02-20 17:00:31 - [TEST_STEP][PASSED] - waitForElementClickable(findTestObject("SupplierFlow/firstEntry"), 45): Object 'Object Repository/SupplierFlow/firstEntry' is clickable

2019-02-20 17:00:31 - [MESSAGE][PASSED] - Object 'Object Repository/SupplierFlow/firstEntry' is clickable

2019-02-20 17:00:31 - [TEST_STEP][PASSED] - Thread.sleep(3000): null

2019-02-20 17:00:34 - [TEST_STEP][PASSED] - Supplier.selectTaskInInbox(): Supplier.selectTaskInInbox is PASSED

2019-02-20 17:00:37 - [MESSAGE][PASSED] - Supplier.selectTaskInInbox is PASSED

2019-02-20 17:00:37 - [TEST_STEP][PASSED] - waitForElementClickable(findTestObject("SupplierFlow/approveButton"), 45): Object 'Object Repository/SupplierFlow/approveButton' is clickable

2019-02-20 17:00:38 - [MESSAGE][PASSED] - Object 'Object Repository/SupplierFlow/approveButton' is clickable

2019-02-20 17:00:38 - [TEST_STEP][PASSED] - Thread.sleep(6000): null

2019-02-20 17:00:44 - [TEST_STEP][PASSED] - click(findTestObject("SupplierFlow/approveButton")): Object: 'Object Repository/SupplierFlow/approveButton' is clicked on

2019-02-20 17:00:44 - [MESSAGE][PASSED] - Object: 'Object Repository/SupplierFlow/approveButton' is clicked on

2019-02-20 17:00:44 - [TEST_STEP][PASSED] - Thread.sleep(3000): null

2019-02-20 17:00:47 - [TEST_STEP][PASSED] - setText(findTestObject("SupplierFlow/expirtionDate_ApproveTask"), "12/17/2018"): Text '12/17/2018' is set on object 'Object Repository/SupplierFlow/expirtionDate_ApproveTask'

2019-02-20 17:00:47 - [MESSAGE][PASSED] - Text '12/17/2018' is set on object 'Object Repository/SupplierFlow/expirtionDate_ApproveTask'

2019-02-20 17:00:47 - [TEST_STEP][PASSED] - Thread.sleep(2000): null

2019-02-20 17:00:49 - [TEST_STEP][PASSED] - click(findTestObject("SupplierFlow/approveYesButton")): Object: 'Object Repository/SupplierFlow/approveYesButton' is clicked on

2019-02-20 17:00:49 - [MESSAGE][PASSED] - Object: 'Object Repository/SupplierFlow/approveYesButton' is clicked on

2019-02-20 17:00:49 - [TEST_STEP][PASSED] - Thread.sleep(6000): null

2019-02-20 17:00:55 - [TEST_STEP][PASSED] - setText(findTestObject("SupplierFlow/searchTaskInInbox"), findTestData("SupplierData").getValue("FormTask1", 1)): Text 'TestFormTask_20/02/19-16:47' is set on object 'Object Repository/SupplierFlow/searchTaskInInbox'

2019-02-20 17:00:56 - [MESSAGE][PASSED] - Text 'TestFormTask_20/02/19-16:47' is set on object 'Object Repository/SupplierFlow/searchTaskInInbox'

2019-02-20 17:00:56 - [TEST_STEP][PASSED] - sendKeys(findTestObject("SupplierFlow/searchTaskInInbox"), Keys.chord(ENTER)): Keys 'ENTER + ' sent to object: 'Object Repository/SupplierFlow/searchTaskInInbox'

2019-02-20 17:00:56 - [MESSAGE][PASSED] - Keys 'ENTER + ' sent to object: 'Object Repository/SupplierFlow/searchTaskInInbox'

2019-02-20 17:00:56 - [TEST_STEP][PASSED] - Thread.sleep(3000): null

2019-02-20 17:00:59 - [TEST_STEP][PASSED] - setText(findTestObject("SupplierFlow/searchTaskInInbox"), findTestData("SupplierData").getValue("DocTask", 1)): Text 'TestDocTask_20/02/19-16:45' is set on object 'Object Repository/SupplierFlow/searchTaskInInbox'

2019-02-20 17:00:59 - [MESSAGE][PASSED] - Text 'TestDocTask_20/02/19-16:45' is set on object 'Object Repository/SupplierFlow/searchTaskInInbox'

2019-02-20 17:00:59 - [TEST_STEP][PASSED] - sendKeys(findTestObject("SupplierFlow/searchTaskInInbox"), Keys.chord(ENTER)): Keys 'ENTER + ' sent to object: 'Object Repository/SupplierFlow/searchTaskInInbox'

2019-02-20 17:00:59 - [MESSAGE][PASSED] - Keys 'ENTER + ' sent to object: 'Object Repository/SupplierFlow/searchTaskInInbox'

2019-02-20 17:00:59 - [TEST_STEP][PASSED] - Thread.sleep(3000): null

2019-02-20 17:01:02 - [TEST_STEP][PASSED] - waitForElementClickable(findTestObject("SupplierFlow/firstEntry"), 45): Object 'Object Repository/SupplierFlow/firstEntry' is clickable

2019-02-20 17:01:02 - [MESSAGE][PASSED] - Object 'Object Repository/SupplierFlow/firstEntry' is clickable

2019-02-20 17:01:02 - [TEST_STEP][PASSED] - Thread.sleep(3000): null

2019-02-20 17:01:05 - [TEST_STEP][PASSED] - Supplier.selectTaskInInbox(): Supplier.selectTaskInInbox is PASSED

2019-02-20 17:01:07 - [MESSAGE][PASSED] - Supplier.selectTaskInInbox is PASSED

2019-02-20 17:01:07 - [TEST_STEP][PASSED] - waitForElementClickable(findTestObject("SupplierFlow/approveButton"), 45): Object 'Object Repository/SupplierFlow/approveButton' is clickable

2019-02-20 17:01:09 - [MESSAGE][PASSED] - Object 'Object Repository/SupplierFlow/approveButton' is clickable

2019-02-20 17:01:09 - [TEST_STEP][PASSED] - Thread.sleep(6000): null

2019-02-20 17:01:15 - [TEST_STEP][PASSED] - click(findTestObject("SupplierFlow/approveButton")): Object: 'Object Repository/SupplierFlow/approveButton' is clicked on

2019-02-20 17:01:15 - [MESSAGE][PASSED] - Object: 'Object Repository/SupplierFlow/approveButton' is clicked on

2019-02-20 17:01:15 - [TEST_STEP][PASSED] - Thread.sleep(3000): null

2019-02-20 17:01:18 - [TEST_STEP][PASSED] - setText(findTestObject("SupplierFlow/expirtionDate_ApproveTask"), "12/17/2018"): Text '12/17/2018' is set on object 'Object Repository/SupplierFlow/expirtionDate_ApproveTask'

2019-02-20 17:01:18 - [MESSAGE][PASSED] - Text '12/17/2018' is set on object 'Object Repository/SupplierFlow/expirtionDate_ApproveTask'

2019-02-20 17:01:18 - [TEST_STEP][PASSED] - Thread.sleep(2000): null

2019-02-20 17:01:20 - [TEST_STEP][PASSED] - click(findTestObject("SupplierFlow/approveYesButton")): Object: 'Object Repository/SupplierFlow/approveYesButton' is clicked on

2019-02-20 17:01:20 - [MESSAGE][PASSED] - Object: 'Object Repository/SupplierFlow/approveYesButton' is clicked on

2019-02-20 17:01:20 - [TEST_STEP][PASSED] - Thread.sleep(2000): null

2019-02-20 17:01:22 - [TEST_STEP][PASSED] - waitForElementVisible(findTestObject("SupplierFlow/firstEntry"), 45): Object 'Object Repository/SupplierFlow/firstEntry' is visible

2019-02-20 17:01:25 - [MESSAGE][PASSED] - Object 'Object Repository/SupplierFlow/firstEntry' is visible

2019-02-20 17:01:25 - [TEST_STEP][PASSED] - Thread.sleep(2000): null

2019-02-20 17:01:27 - [TEST_STEP][PASSED] - setText(findTestObject("SupplierFlow/searchTaskInInbox"), findTestData("SupplierData").getValue("DocTask", 1)): Text 'TestDocTask_20/02/19-16:45' is set on object 'Object Repository/SupplierFlow/searchTaskInInbox'

2019-02-20 17:01:27 - [MESSAGE][PASSED] - Text 'TestDocTask_20/02/19-16:45' is set on object 'Object Repository/SupplierFlow/searchTaskInInbox'

2019-02-20 17:01:27 - [TEST_STEP][PASSED] - sendKeys(findTestObject("SupplierFlow/searchTaskInInbox"), Keys.chord(ENTER)): Keys 'ENTER + ' sent to object: 'Object Repository/SupplierFlow/searchTaskInInbox'

2019-02-20 17:01:27 - [MESSAGE][PASSED] - Keys 'ENTER + ' sent to object: 'Object Repository/SupplierFlow/searchTaskInInbox'

2019-02-20 17:01:27 - [TEST_STEP][PASSED] - Thread.sleep(3000): null

2019-02-20 17:01:30 - [TEST_STEP][PASSED] - setText(findTestObject("SupplierFlow/searchTaskInInbox"), findTestData("SupplierData").getValue("DocTask1", 1)): Text 'TestDocTask_20/02/19-16:48' is set on object 'Object Repository/SupplierFlow/searchTaskInInbox'

2019-02-20 17:01:31 - [MESSAGE][PASSED] - Text 'TestDocTask_20/02/19-16:48' is set on object 'Object Repository/SupplierFlow/searchTaskInInbox'

2019-02-20 17:01:31 - [TEST_STEP][PASSED] - sendKeys(findTestObject("SupplierFlow/searchTaskInInbox"), Keys.chord(ENTER)): Keys 'ENTER + ' sent to object: 'Object Repository/SupplierFlow/searchTaskInInbox'

2019-02-20 17:01:31 - [MESSAGE][PASSED] - Keys 'ENTER + ' sent to object: 'Object Repository/SupplierFlow/searchTaskInInbox'

2019-02-20 17:01:31 - [TEST_STEP][PASSED] - Thread.sleep(3000): null

2019-02-20 17:01:34 - [TEST_STEP][PASSED] - waitForElementClickable(findTestObject("SupplierFlow/firstEntry"), 45): Object 'Object Repository/SupplierFlow/firstEntry' is clickable

2019-02-20 17:01:34 - [MESSAGE][PASSED] - Object 'Object Repository/SupplierFlow/firstEntry' is clickable

2019-02-20 17:01:34 - [TEST_STEP][PASSED] - Thread.sleep(3000): null

2019-02-20 17:01:37 - [TEST_STEP][PASSED] - Supplier.selectTaskInInbox(): Supplier.selectTaskInInbox is PASSED

2019-02-20 17:01:39 - [MESSAGE][PASSED] - Supplier.selectTaskInInbox is PASSED

2019-02-20 17:01:39 - [TEST_STEP][PASSED] - waitForElementClickable(findTestObject("SupplierFlow/approveButton"), 45): Object 'Object Repository/SupplierFlow/approveButton' is clickable

2019-02-20 17:01:40 - [MESSAGE][PASSED] - Object 'Object Repository/SupplierFlow/approveButton' is clickable

2019-02-20 17:01:40 - [TEST_STEP][PASSED] - Thread.sleep(6000): null

2019-02-20 17:01:46 - [TEST_STEP][PASSED] - click(findTestObject("SupplierFlow/approveButton")): Object: 'Object Repository/SupplierFlow/approveButton' is clicked on

2019-02-20 17:01:46 - [MESSAGE][PASSED] - Object: 'Object Repository/SupplierFlow/approveButton' is clicked on

2019-02-20 17:01:46 - [TEST_STEP][PASSED] - Thread.sleep(3000): null

2019-02-20 17:01:49 - [TEST_STEP][PASSED] - setText(findTestObject("SupplierFlow/expirtionDate_ApproveTask"), "12/17/2018"): Text '12/17/2018' is set on object 'Object Repository/SupplierFlow/expirtionDate_ApproveTask'

2019-02-20 17:01:49 - [MESSAGE][PASSED] - Text '12/17/2018' is set on object 'Object Repository/SupplierFlow/expirtionDate_ApproveTask'

2019-02-20 17:01:49 - [TEST_STEP][PASSED] - Thread.sleep(2000): null

2019-02-20 17:01:51 - [TEST_STEP][PASSED] - click(findTestObject("SupplierFlow/approveYesButton")): Object: 'Object Repository/SupplierFlow/approveYesButton' is clicked on

2019-02-20 17:01:51 - [MESSAGE][PASSED] - Object: 'Object Repository/SupplierFlow/approveYesButton' is clicked on

2019-02-20 17:01:51 - [TEST_STEP][PASSED] - Thread.sleep(6000): null

2019-02-20 17:01:57 - [TEST_STEP][PASSED] - setText(findTestObject("SupplierFlow/searchTaskInInbox"), findTestData("SupplierData").getValue("DocTask1", 1)): Text 'TestDocTask_20/02/19-16:48' is set on object 'Object Repository/SupplierFlow/searchTaskInInbox'

2019-02-20 17:02:03 - [MESSAGE][PASSED] - Text 'TestDocTask_20/02/19-16:48' is set on object 'Object Repository/SupplierFlow/searchTaskInInbox'

2019-02-20 17:02:03 - [TEST_STEP][PASSED] - sendKeys(findTestObject("SupplierFlow/searchTaskInInbox"), Keys.chord(ENTER)): Keys 'ENTER + ' sent to object: 'Object Repository/SupplierFlow/searchTaskInInbox'

2019-02-20 17:02:03 - [MESSAGE][PASSED] - Keys 'ENTER + ' sent to object: 'Object Repository/SupplierFlow/searchTaskInInbox']]></system-out>
         <system-err><![CDATA[]]></system-err>
      </testcase>
      <system-out><![CDATA[2019-02-20 16:34:44 - [TEST_SUITE][ERROR] - TestSupplier: Test Cases/SupplierFlow/6_2_CreateRequirement_Items FAILED.
Reason:
org.openqa.selenium.NoSuchElementException: no such element: Unable to locate element: {"method":"xpath","selector":"//div[@id='scs-add-supplier-grid-container']/div[2]/table/tbody/tr[1]/td[2]"}
  (Session info: chrome=72.0.3626.109)
  (Driver info: chromedriver=2.43.600210 (68dcf5eebde37173d4027fa8635e332711d2874a),platform=Windows NT 6.1.7601 SP1 x86_64) (WARNING: The server did not provide any stacktrace information)
Command duration or timeout: 0 milliseconds
For documentation on this error, please visit: http://seleniumhq.org/exceptions/no_such_element.html
Build info: version: '3.7.1', revision: '8a0099a', time: '2017-11-06T21:07:36.161Z'
System info: host: 'ABHISHEK-PASHIN', ip: '10.21.7.147', os.name: 'Windows 7', os.arch: 'amd64', os.version: '6.1', java.version: '1.8.0_181'
Driver info: com.kms.katalon.selenium.driver.CChromeDriver
Capabilities {acceptInsecureCerts: false, acceptSslCerts: false, applicationCacheEnabled: false, browserConnectionEnabled: false, browserName: chrome, chrome: {chromedriverVersion: 2.43.600210 (68dcf5eebde371..., userDataDir: C:\Users\PASHIN~1\AppData\L...}, cssSelectorsEnabled: true, databaseEnabled: false, goog:chromeOptions: {debuggerAddress: localhost:57672}, handlesAlerts: true, hasTouchScreen: false, javascriptEnabled: true, locationContextEnabled: true, mobileEmulationEnabled: false, nativeEvents: true, networkConnectionEnabled: false, pageLoadStrategy: normal, platform: XP, platformName: XP, rotatable: false, setWindowRect: true, takesHeapSnapshot: true, takesScreenshot: true, unexpectedAlertBehaviour: , unhandledPromptBehavior: , version: 72.0.3626.109, webStorageEnabled: true}
Session ID: 2a912b11e8cc759960547dda92ccd0e0
*** Element info: {Using=xpath, value=//div[@id='scs-add-supplier-grid-container']/div[2]/table/tbody/tr[1]/td[2]}
	at org.openqa.selenium.remote.ErrorHandler.createThrowable(ErrorHandler.java:214)
	at org.openqa.selenium.remote.ErrorHandler.throwIfResponseFailed(ErrorHandler.java:166)
	at org.openqa.selenium.remote.http.JsonHttpResponseCodec.reconstructValue(JsonHttpResponseCodec.java:40)
	at org.openqa.selenium.remote.http.AbstractHttpResponseCodec.decode(AbstractHttpResponseCodec.java:80)
	at org.openqa.selenium.remote.http.AbstractHttpResponseCodec.decode(AbstractHttpResponseCodec.java:44)
	at org.openqa.selenium.remote.HttpCommandExecutor.execute(HttpCommandExecutor.java:164)
	at org.openqa.selenium.remote.service.DriverCommandExecutor.execute(DriverCommandExecutor.java:83)
	at org.openqa.selenium.remote.RemoteWebDriver.execute(RemoteWebDriver.java:600)
	at com.kms.katalon.selenium.driver.CChromeDriver.execute(CChromeDriver.java:20)
	at org.openqa.selenium.remote.RemoteWebDriver.findElement(RemoteWebDriver.java:370)
	at org.openqa.selenium.remote.RemoteWebDriver.findElementByXPath(RemoteWebDriver.java:472)
	at org.openqa.selenium.By$ByXPath.findElement(By.java:361)
	at org.openqa.selenium.remote.RemoteWebDriver.findElement(RemoteWebDriver.java:362)
	at org.openqa.selenium.WebDriver$findElement.call(Unknown Source)
	at Supplier.selectNewItem(Supplier.groovy:267)
	at Supplier.invokeMethod(Supplier.groovy)
	at com.kms.katalon.core.main.CustomKeywordDelegatingMetaClass.invokeStaticMethod(CustomKeywordDelegatingMetaClass.java:49)
	at 6_2_CreateRequirement_Items.run(6_2_CreateRequirement_Items:192)
	at com.kms.katalon.core.main.ScriptEngine.run(ScriptEngine.java:194)
	at com.kms.katalon.core.main.ScriptEngine.runScriptAsRawText(ScriptEngine.java:119)
	at com.kms.katalon.core.main.TestCaseExecutor.runScript(TestCaseExecutor.java:328)
	at com.kms.katalon.core.main.TestCaseExecutor.doExecute(TestCaseExecutor.java:319)
	at com.kms.katalon.core.main.TestCaseExecutor.processExecutionPhase(TestCaseExecutor.java:298)
	at com.kms.katalon.core.main.TestCaseExecutor.accessMainPhase(TestCaseExecutor.java:290)
	at com.kms.katalon.core.main.TestCaseExecutor.execute(TestCaseExecutor.java:224)
	at com.kms.katalon.core.main.TestSuiteExecutor.accessTestCaseMainPhase(TestSuiteExecutor.java:129)
	at com.kms.katalon.core.main.TestSuiteExecutor.accessTestSuiteMainPhase(TestSuiteExecutor.java:112)
	at com.kms.katalon.core.main.TestSuiteExecutor.execute(TestSuiteExecutor.java:81)
	at com.kms.katalon.core.main.TestCaseMain.startTestSuite(TestCaseMain.java:149)
	at com.kms.katalon.core.main.TestCaseMain$startTestSuite$0.call(Unknown Source)
	at TempTestSuite1550660682183.run(TempTestSuite1550660682183.groovy:36)]]></system-out>
      <system-err><![CDATA[2019-02-20 16:34:44 - [TEST_SUITE][ERROR] - TestSupplier: Test Cases/SupplierFlow/6_2_CreateRequirement_Items FAILED.
Reason:
org.openqa.selenium.NoSuchElementException: no such element: Unable to locate element: {"method":"xpath","selector":"//div[@id='scs-add-supplier-grid-container']/div[2]/table/tbody/tr[1]/td[2]"}
  (Session info: chrome=72.0.3626.109)
  (Driver info: chromedriver=2.43.600210 (68dcf5eebde37173d4027fa8635e332711d2874a),platform=Windows NT 6.1.7601 SP1 x86_64) (WARNING: The server did not provide any stacktrace information)
Command duration or timeout: 0 milliseconds
For documentation on this error, please visit: http://seleniumhq.org/exceptions/no_such_element.html
Build info: version: '3.7.1', revision: '8a0099a', time: '2017-11-06T21:07:36.161Z'
System info: host: 'ABHISHEK-PASHIN', ip: '10.21.7.147', os.name: 'Windows 7', os.arch: 'amd64', os.version: '6.1', java.version: '1.8.0_181'
Driver info: com.kms.katalon.selenium.driver.CChromeDriver
Capabilities {acceptInsecureCerts: false, acceptSslCerts: false, applicationCacheEnabled: false, browserConnectionEnabled: false, browserName: chrome, chrome: {chromedriverVersion: 2.43.600210 (68dcf5eebde371..., userDataDir: C:\Users\PASHIN~1\AppData\L...}, cssSelectorsEnabled: true, databaseEnabled: false, goog:chromeOptions: {debuggerAddress: localhost:57672}, handlesAlerts: true, hasTouchScreen: false, javascriptEnabled: true, locationContextEnabled: true, mobileEmulationEnabled: false, nativeEvents: true, networkConnectionEnabled: false, pageLoadStrategy: normal, platform: XP, platformName: XP, rotatable: false, setWindowRect: true, takesHeapSnapshot: true, takesScreenshot: true, unexpectedAlertBehaviour: , unhandledPromptBehavior: , version: 72.0.3626.109, webStorageEnabled: true}
Session ID: 2a912b11e8cc759960547dda92ccd0e0
*** Element info: {Using=xpath, value=//div[@id='scs-add-supplier-grid-container']/div[2]/table/tbody/tr[1]/td[2]}
	at org.openqa.selenium.remote.ErrorHandler.createThrowable(ErrorHandler.java:214)
	at org.openqa.selenium.remote.ErrorHandler.throwIfResponseFailed(ErrorHandler.java:166)
	at org.openqa.selenium.remote.http.JsonHttpResponseCodec.reconstructValue(JsonHttpResponseCodec.java:40)
	at org.openqa.selenium.remote.http.AbstractHttpResponseCodec.decode(AbstractHttpResponseCodec.java:80)
	at org.openqa.selenium.remote.http.AbstractHttpResponseCodec.decode(AbstractHttpResponseCodec.java:44)
	at org.openqa.selenium.remote.HttpCommandExecutor.execute(HttpCommandExecutor.java:164)
	at org.openqa.selenium.remote.service.DriverCommandExecutor.execute(DriverCommandExecutor.java:83)
	at org.openqa.selenium.remote.RemoteWebDriver.execute(RemoteWebDriver.java:600)
	at com.kms.katalon.selenium.driver.CChromeDriver.execute(CChromeDriver.java:20)
	at org.openqa.selenium.remote.RemoteWebDriver.findElement(RemoteWebDriver.java:370)
	at org.openqa.selenium.remote.RemoteWebDriver.findElementByXPath(RemoteWebDriver.java:472)
	at org.openqa.selenium.By$ByXPath.findElement(By.java:361)
	at org.openqa.selenium.remote.RemoteWebDriver.findElement(RemoteWebDriver.java:362)
	at org.openqa.selenium.WebDriver$findElement.call(Unknown Source)
	at Supplier.selectNewItem(Supplier.groovy:267)
	at Supplier.invokeMethod(Supplier.groovy)
	at com.kms.katalon.core.main.CustomKeywordDelegatingMetaClass.invokeStaticMethod(CustomKeywordDelegatingMetaClass.java:49)
	at 6_2_CreateRequirement_Items.run(6_2_CreateRequirement_Items:192)
	at com.kms.katalon.core.main.ScriptEngine.run(ScriptEngine.java:194)
	at com.kms.katalon.core.main.ScriptEngine.runScriptAsRawText(ScriptEngine.java:119)
	at com.kms.katalon.core.main.TestCaseExecutor.runScript(TestCaseExecutor.java:328)
	at com.kms.katalon.core.main.TestCaseExecutor.doExecute(TestCaseExecutor.java:319)
	at com.kms.katalon.core.main.TestCaseExecutor.processExecutionPhase(TestCaseExecutor.java:298)
	at com.kms.katalon.core.main.TestCaseExecutor.accessMainPhase(TestCaseExecutor.java:290)
	at com.kms.katalon.core.main.TestCaseExecutor.execute(TestCaseExecutor.java:224)
	at com.kms.katalon.core.main.TestSuiteExecutor.accessTestCaseMainPhase(TestSuiteExecutor.java:129)
	at com.kms.katalon.core.main.TestSuiteExecutor.accessTestSuiteMainPhase(TestSuiteExecutor.java:112)
	at com.kms.katalon.core.main.TestSuiteExecutor.execute(TestSuiteExecutor.java:81)
	at com.kms.katalon.core.main.TestCaseMain.startTestSuite(TestCaseMain.java:149)
	at com.kms.katalon.core.main.TestCaseMain$startTestSuite$0.call(Unknown Source)
	at TempTestSuite1550660682183.run(TempTestSuite1550660682183.groovy:36)]]></system-err>
   </testsuite>
</testsuites>
